Uniform distribution
2021/04/16 21:40:47 The leader is replica 0
Round took 6.641538ms
Round took 6.59675ms
Round took 6.968831ms
Round took 6.397098ms
Round took 4.05324ms
Round took 5.644285ms
Round took 5.426182ms
Round took 5.997058ms
Round took 4.833721ms
Round took 5.568324ms
Round took 3.888657ms
Round took 4.807365ms
Round took 4.944714ms
Round took 5.201983ms
Round took 5.58396ms
Round took 5.027718ms
Round took 4.896004ms
Round took 5.364161ms
Round took 4.973201ms
Round took 4.457961ms
Round took 5.244654ms
Round took 5.81138ms
Round took 4.688343ms
Round took 4.509285ms
Round took 4.961034ms
Round took 5.414774ms
Round took 4.876529ms
Round took 5.121988ms
Round took 5.643403ms
Round took 4.312613ms
Round took 5.198147ms
Round took 4.779334ms
Round took 5.363801ms
Round took 5.167646ms
Round took 4.860051ms
Round took 6.094175ms
Round took 6.282652ms
Round took 7.865554ms
Round took 7.225767ms
Round took 4.687758ms
Round took 3.995637ms
Round took 6.70342ms
Round took 5.268978ms
Round took 6.555031ms
Round took 4.195868ms
Round took 5.710682ms
Round took 5.260531ms
Round took 4.699659ms
Round took 4.512585ms
Round took 5.864136ms
Round took 6.174098ms
Round took 4.81857ms
Round took 5.839742ms
Round took 4.047709ms
Round took 3.545295ms
Round took 5.755121ms
Round took 5.149161ms
Round took 5.536634ms
Round took 4.987952ms
Round took 4.719133ms
Round took 5.089847ms
Round took 5.426542ms
Round took 4.582699ms
Round took 5.216336ms
Round took 4.871618ms
Round took 7.246184ms
Round took 5.285529ms
Round took 4.111717ms
Round took 4.929386ms
Round took 5.238359ms
Round took 4.793662ms
Round took 5.474781ms
Round took 4.994317ms
Round took 4.777144ms
Round took 4.751723ms
Round took 5.197568ms
Round took 4.955542ms
Round took 4.476681ms
Round took 4.535868ms
Round took 5.463019ms
Round took 4.801926ms
Round took 4.961343ms
Round took 6.119135ms
Round took 4.893242ms
Round took 5.247466ms
Round took 4.63314ms
Round took 5.47763ms
Round took 5.036707ms
Round took 4.912706ms
Round took 5.744402ms
Round took 4.517418ms
Round took 4.826506ms
Round took 4.99989ms
Round took 5.641307ms
Round took 5.12325ms
Round took 5.059976ms
Round took 5.376972ms
Round took 5.373306ms
Round took 4.600066ms
Round took 4.970663ms
Round took 4.774974ms
Round took 5.419351ms
Round took 4.829717ms
Round took 4.911258ms
Round took 5.874528ms
Round took 5.008169ms
Round took 4.482368ms
Round took 4.395142ms
Round took 5.207021ms
Round took 5.885493ms
Round took 4.978609ms
Round took 6.015223ms
Round took 3.742122ms
Round took 5.134557ms
Round took 4.969691ms
Round took 5.618989ms
Round took 4.883007ms
Round took 4.989843ms
Round took 4.910918ms
Round took 5.5103ms
Round took 5.027319ms
Round took 4.529917ms
Round took 5.01032ms
Round took 5.414285ms
Round took 4.857666ms
Round took 5.286175ms
Round took 4.493163ms
Round took 5.446977ms
Round took 5.349304ms
Round took 5.146443ms
Round took 5.240301ms
Round took 5.587446ms
Round took 4.304353ms
Round took 4.602301ms
Round took 5.3447ms
Round took 5.121048ms
Round took 4.760882ms
Round took 4.904293ms
Round took 6.08161ms
Round took 4.192333ms
Round took 4.903663ms
Round took 4.705946ms
Round took 5.839983ms
Round took 5.503898ms
Round took 6.743594ms
Round took 5.109781ms
Round took 5.762234ms
Round took 3.833078ms
Round took 4.334612ms
Round took 4.940591ms
Round took 4.8769ms
Round took 6.606809ms
Round took 4.826087ms
Round took 4.706616ms
Round took 3.903375ms
Round took 5.986911ms
Round took 4.926061ms
Round took 4.861067ms
Round took 4.869938ms
Round took 5.728585ms
Round took 4.520099ms
Round took 4.540043ms
Round took 5.983773ms
Round took 4.542949ms
Round took 5.018833ms
Round took 5.080234ms
Round took 5.936783ms
Round took 4.76703ms
Round took 5.078784ms
Round took 5.704318ms
Round took 4.673284ms
Round took 4.390087ms
Round took 5.502552ms
Round took 5.141195ms
Round took 5.104609ms
Round took 5.029141ms
Round took 4.460107ms
Round took 5.609005ms
Round took 5.032114ms
Round took 5.041673ms
Round took 4.897942ms
Round took 4.594553ms
Round took 5.457282ms
Round took 5.539294ms
Round took 4.351801ms
Round took 5.03046ms
Round took 4.967269ms
Round took 5.302773ms
Round took 5.447207ms
Round took 5.247496ms
Round took 5.028016ms
Round took 6.606008ms
Round took 5.337576ms
Round took 6.110679ms
Round took 4.783395ms
Round took 4.970624ms
Round took 5.402092ms
Round took 4.990669ms
Round took 4.394368ms
Round took 5.423189ms
Round took 5.275501ms
Round took 4.874556ms
Round took 4.723953ms
Round took 5.538008ms
Round took 5.171688ms
Round took 4.634403ms
Round took 5.497407ms
Round took 4.515062ms
Round took 5.433973ms
Round took 4.719953ms
Round took 4.978719ms
Round took 5.737796ms
Round took 5.459568ms
Round took 4.744331ms
Round took 5.715104ms
Round took 4.996846ms
Round took 4.388243ms
Round took 4.645676ms
Round took 5.756334ms
Round took 5.078018ms
Round took 4.964433ms
Round took 4.597469ms
Round took 5.665672ms
Round took 4.881835ms
Round took 4.88721ms
Round took 4.947748ms
Round took 5.626621ms
Round took 4.2542ms
Round took 5.444101ms
Round took 5.002307ms
Round took 5.133208ms
Round took 5.002858ms
Round took 4.795671ms
Round took 6.294576ms
Round took 4.082148ms
Round took 5.20765ms
Round took 4.925212ms
Round took 5.438336ms
Round took 4.843892ms
Round took 4.899165ms
Round took 5.935349ms
Round took 4.617594ms
Round took 5.046544ms
Round took 4.786135ms
Round took 5.385321ms
Round took 4.960505ms
Round took 5.127706ms
Round took 5.712152ms
Round took 4.516204ms
Round took 5.256566ms
Round took 4.991181ms
Round took 5.244924ms
Round took 4.614283ms
Round took 5.420067ms
Round took 4.890873ms
Round took 5.020193ms
Round took 6.301584ms
Round took 6.320959ms
Round took 4.857311ms
Round took 3.839306ms
Round took 4.124349ms
Round took 4.964615ms
Round took 5.653361ms
Round took 4.773816ms
Round took 4.736357ms
Round took 5.098772ms
Round took 5.569435ms
Round took 4.602831ms
Round took 4.976574ms
Round took 5.276911ms
Round took 5.051643ms
Round took 4.887188ms
Round took 5.332821ms
Round took 5.273301ms
Round took 4.80977ms
Round took 5.791752ms
Round took 5.687318ms
Round took 4.178556ms
Round took 4.58932ms
Round took 4.99999ms
Round took 5.780695ms
Round took 4.751205ms
Round took 4.983734ms
Round took 5.138107ms
Round took 5.184987ms
Round took 4.631656ms
Round took 5.227857ms
Round took 5.591622ms
Round took 4.735497ms
Round took 5.348912ms
Round took 4.568459ms
Round took 5.324269ms
Round took 4.901034ms
Round took 5.164445ms
Round took 6.046842ms
Round took 4.483328ms
Round took 4.400902ms
Round took 4.667124ms
Round took 4.744214ms
Round took 5.671558ms
Round took 4.842325ms
Round took 4.750062ms
Round took 5.121504ms
Round took 5.395903ms
Round took 4.993665ms
Round took 5.406822ms
Round took 5.142896ms
Round took 5.116675ms
Round took 5.271585ms
Round took 4.710946ms
Round took 5.143028ms
Round took 5.716066ms
Round took 5.184691ms
Round took 5.255566ms
Round took 5.062665ms
Round took 5.161421ms
Round took 4.625191ms
Round took 5.217024ms
Round took 4.560994ms
Round took 5.486897ms
Round took 5.304433ms
Round took 5.640109ms
Round took 4.344508ms
Round took 4.972047ms
Round took 5.274257ms
Round took 4.721325ms
Round took 5.468693ms
Round took 4.710355ms
Round took 4.966869ms
Round took 4.982709ms
Round took 5.450404ms
Round took 4.804466ms
Round took 5.375891ms
Round took 4.16162ms
Round took 4.885926ms
Round took 4.880727ms
Round took 5.640884ms
Round took 4.643765ms
Round took 5.469865ms
Round took 4.921954ms
Round took 4.657904ms
Round took 5.260596ms
Round took 5.025122ms
Round took 5.475479ms
Round took 5.024033ms
Round took 4.555486ms
Round took 5.160306ms
Round took 5.240187ms
Round took 5.12386ms
Round took 4.962067ms
Round took 5.77612ms
Round took 4.408882ms
Round took 4.799663ms
Round took 5.15997ms
Round took 5.126211ms
Round took 5.203654ms
Round took 4.468792ms
Round took 5.665565ms
Round took 5.274957ms
Round took 4.923616ms
Round took 4.660728ms
Round took 5.712534ms
Round took 4.715718ms
Round took 4.579278ms
Round took 5.581121ms
Round took 5.21972ms
Round took 4.972317ms
Round took 5.295204ms
Round took 4.616925ms
Round took 5.42751ms
Round took 5.223257ms
Round took 4.984036ms
Round took 6.081888ms
Round took 3.861088ms
Round took 5.771342ms
Round took 4.408034ms
Round took 5.130068ms
Round took 5.507201ms
Round took 4.536433ms
Round took 5.58205ms
Round took 4.801488ms
Round took 5.453111ms
Round took 4.307238ms
Round took 5.546153ms
Round took 5.029378ms
Round took 5.045852ms
Round took 5.83964ms
Round took 4.525376ms
Round took 4.847504ms
Round took 5.014196ms
Round took 5.458403ms
Round took 5.396443ms
Round took 4.822681ms
Round took 5.884866ms
Round took 4.001503ms
Round took 5.226183ms
Round took 5.450554ms
Round took 6.144598ms
Round took 4.467821ms
Round took 4.466952ms
Round took 5.133899ms
Round took 5.15654ms
Round took 5.30284ms
Round took 5.023874ms
Round took 5.010875ms
Round took 7.169037ms
Round took 5.419984ms
Round took 4.769279ms
Round took 3.583952ms
Round took 20.27053ms
Round took 3.527083ms
Round took 4.704886ms
Round took 4.828861ms
Round took 5.969192ms
Round took 6.158828ms
Round took 4.542192ms
Round took 5.62329ms
Round took 3.671497ms
Round took 4.753685ms
Round took 6.041835ms
Round took 5.626745ms
Round took 5.514004ms
Round took 4.224049ms
Round took 3.504253ms
Round took 6.199574ms
Round took 4.970136ms
Round took 5.201472ms
Round took 5.524803ms
Round took 4.809525ms
Round took 5.041397ms
Round took 4.999223ms
Round took 6.223016ms
Round took 4.327894ms
Round took 5.24119ms
Round took 5.627629ms
Round took 4.541213ms
Round took 4.526304ms
Round took 5.067856ms
Round took 5.603809ms
Round took 4.354614ms
Round took 5.510353ms
Round took 4.775992ms
Round took 5.765957ms
Round took 4.480144ms
Round took 5.082148ms
Round took 6.056407ms
Round took 4.19013ms
Round took 5.356186ms
Round took 4.684095ms
Round took 5.458528ms
Round took 5.790302ms
Round took 4.602134ms
Round took 5.35099ms
Round took 4.122853ms
Round took 7.600797ms
Round took 4.210255ms
Round took 4.497319ms
Round took 4.189868ms
Round took 5.165688ms
Round took 4.932024ms
Round took 5.157968ms
Round took 5.916511ms
Round took 4.394894ms
Round took 5.573387ms
Round took 3.996834ms
Round took 4.750683ms
Round took 4.620496ms
Round took 5.271869ms
Round took 5.82302ms
Round took 4.939787ms
Round took 4.806769ms
Round took 4.542332ms
Round took 5.363492ms
Round took 5.352576ms
Round took 4.924239ms
Round took 6.02675ms
Round took 3.885199ms
Round took 5.069619ms
Round took 5.557096ms
Round took 4.975514ms
Round took 5.202876ms
Round took 5.000193ms
Round took 5.832481ms
Round took 4.122654ms
Round took 5.112843ms
Round took 6.121655ms
Round took 4.586457ms
Round took 5.194717ms
Round took 4.898542ms
Round took 5.564947ms
Round took 4.520756ms
Round took 5.724209ms
Round took 3.914329ms
Round took 5.819394ms
Round took 4.551846ms
Round took 5.672063ms
Round took 4.248691ms
Round took 5.409772ms
Round took 4.847226ms
Round took 4.889726ms
Round took 4.798687ms
Round took 5.718163ms
Round took 4.783283ms
Round took 4.654408ms
Round took 5.152727ms
Round took 5.299439ms
Round took 5.235872ms
Round took 4.956662ms
Round took 4.426185ms
Round took 5.382702ms
Round took 5.350766ms
Round took 5.154431ms
Round took 5.242027ms
Round took 4.865814ms
Round took 4.826277ms
Round took 5.82561ms
Round took 4.081554ms
Round took 5.496868ms
Round took 4.897054ms
Round took 4.622474ms
Round took 5.972ms
Round took 4.069542ms
Round took 4.979779ms
Round took 4.579101ms
Round took 5.43971ms
Round took 5.066377ms
Round took 4.778448ms
Round took 5.804422ms
Round took 4.378988ms
Round took 5.964871ms
Round took 4.872441ms
Round took 6.044157ms
Round took 5.137468ms
Round took 4.449358ms
Round took 5.01745ms
Round took 4.622452ms
Round took 4.819592ms
Round took 4.808579ms
Round took 5.596366ms
Round took 5.415207ms
Round took 4.933748ms
Round took 5.86787ms
Round took 4.390772ms
Round took 5.486385ms
Round took 4.694755ms
Round took 5.47651ms
Round took 5.388477ms
Round took 4.175479ms
Round took 5.178392ms
Round took 5.4714ms
Round took 5.273125ms
Round took 4.637416ms
Round took 6.146175ms
Round took 3.997866ms
Round took 5.018426ms
Round took 4.803331ms
Round took 6.488637ms
Round took 3.672624ms
Round took 6.04148ms
Round took 5.872225ms
Round took 6.200721ms
Round took 5.146276ms
Round took 4.785082ms
Round took 5.354807ms
Round took 4.865243ms
Round took 5.102581ms
Round took 5.320141ms
Round took 4.770777ms
Round took 5.774052ms
Round took 5.135554ms
Round took 5.104055ms
Round took 5.554015ms
Round took 4.512897ms
Round took 5.151878ms
Round took 4.498866ms
Round took 5.083998ms
Round took 5.292893ms
Round took 4.674568ms
Round took 5.051153ms
Round took 5.586052ms
Round took 4.599201ms
Round took 4.902369ms
Round took 5.092896ms
Round took 5.610998ms
Round took 4.906298ms
Round took 5.018837ms
Round took 5.312206ms
Round took 4.92321ms
Round took 5.276042ms
Round took 4.487297ms
Round took 5.433486ms
Round took 5.221668ms
Round took 4.563586ms
Round took 5.242738ms
Round took 5.604861ms
Round took 4.670022ms
Round took 5.231726ms
Round took 5.725938ms
Round took 4.22342ms
Round took 5.288709ms
Round took 4.691607ms
Round took 6.333597ms
Round took 3.841549ms
Round took 5.238147ms
Round took 5.824103ms
Round took 4.711518ms
Round took 5.145873ms
Round took 4.793863ms
Round took 5.31173ms
Round took 4.815131ms
Round took 4.857883ms
Round took 5.345858ms
Round took 5.37696ms
Round took 5.538489ms
Round took 4.323449ms
Round took 5.19284ms
Round took 5.544813ms
Round took 4.629204ms
Round took 5.737828ms
Round took 4.406001ms
Round took 5.428328ms
Round took 5.015703ms
Round took 4.939809ms
Round took 5.926155ms
Round took 4.116931ms
Round took 5.238026ms
Round took 5.066949ms
Round took 5.414713ms
Round took 4.628794ms
Round took 5.93894ms
Round took 4.562067ms
Round took 4.6936ms
Round took 5.003108ms
Round took 5.556876ms
Round took 4.768968ms
Round took 4.985208ms
Round took 5.267619ms
Round took 5.340163ms
Round took 5.109461ms
Round took 4.579397ms
Round took 4.894337ms
Round took 5.178167ms
Round took 4.871491ms
Round took 5.099561ms
Round took 4.877108ms
Round took 5.701072ms
Round took 4.648519ms
Round took 5.013729ms
Round took 5.368893ms
Round took 5.579493ms
Round took 4.621352ms
Round took 4.822015ms
Round took 5.872182ms
Round took 4.735195ms
Round took 4.671884ms
Round took 5.559735ms
Round took 5.881366ms
Round took 4.172896ms
Round took 5.006935ms
Round took 4.844635ms
Round took 4.808194ms
Round took 4.736515ms
Round took 5.013773ms
Round took 6.076916ms
Round took 4.597631ms
Round took 4.718531ms
Round took 5.113005ms
Round took 5.361665ms
Round took 4.736798ms
Round took 5.031421ms
Round took 4.962382ms
Round took 5.910743ms
Round took 3.774925ms
Round took 5.162284ms
Round took 4.723703ms
Round took 6.608476ms
Round took 5.177535ms
Round took 4.274538ms
Round took 5.854087ms
Round took 4.949628ms
Round took 4.599446ms
Round took 5.302132ms
Round took 5.482023ms
Round took 4.110089ms
Round took 5.339433ms
Round took 5.081886ms
Round took 5.03144ms
Round took 4.903805ms
Round took 5.18628ms
Round took 6.105975ms
Round took 3.993058ms
Round took 5.150076ms
Round took 4.870259ms
Round took 4.866443ms
Round took 5.721368ms
Round took 4.931374ms
Round took 5.689958ms
Round took 5.425236ms
Round took 4.274241ms
Round took 4.743184ms
Round took 5.625352ms
Round took 5.54401ms
Round took 5.491446ms
Round took 5.696063ms
Round took 6.311355ms
Round took 6.437811ms
Round took 4.535633ms
Round took 4.644465ms
Round took 5.195586ms
Round took 4.279928ms
Round took 5.288214ms
Round took 5.108043ms
Round took 5.09402ms
Round took 5.22923ms
Round took 4.917682ms
Round took 5.326704ms
Round took 4.688886ms
Round took 5.467219ms
Round took 4.603181ms
Round took 5.164596ms
Round took 5.117017ms
Round took 5.052117ms
Round took 5.811232ms
Round took 4.42571ms
Round took 5.042027ms
Round took 5.48193ms
Round took 5.103009ms
Round took 4.768487ms
Round took 5.054804ms
Round took 5.231034ms
Round took 4.837752ms
Round took 5.542049ms
Round took 4.693351ms
Round took 5.554413ms
Round took 4.705529ms
Round took 4.915152ms
Round took 5.191938ms
Round took 5.107243ms
Round took 5.05264ms
Round took 5.321494ms
Round took 5.768723ms
Round took 4.68539ms
Round took 4.479886ms
Round took 5.080635ms
Round took 5.995896ms
Round took 4.29543ms
Round took 4.97338ms
Round took 5.208719ms
Round took 5.041296ms
Round took 5.213744ms
Round took 4.828266ms
Round took 5.686041ms
Round took 5.868384ms
Round took 4.631726ms
Round took 4.739142ms
Round took 4.348843ms
Round took 4.90811ms
Round took 4.747599ms
Round took 5.197491ms
Round took 5.86714ms
Round took 4.767752ms
Round took 4.832546ms
Round took 4.661304ms
Round took 5.453843ms
Round took 4.802258ms
Round took 4.916461ms
Round took 5.609428ms
Round took 4.67048ms
Round took 5.400685ms
Round took 4.506074ms
Round took 5.767801ms
Round took 4.95403ms
Round took 5.291643ms
Round took 4.830074ms
Round took 4.875388ms
Round took 5.340221ms
Round took 4.869946ms
Round took 6.074238ms
Round took 4.432866ms
Round took 5.186048ms
Round took 5.659743ms
Round took 4.607656ms
Round took 5.295621ms
Round took 4.318707ms
Round took 6.083823ms
Round took 4.510828ms
Round took 4.639675ms
Round took 4.913908ms
Round took 5.778066ms
Round took 5.147151ms
Round took 4.465868ms
Round took 5.164105ms
Round took 5.122607ms
Round took 5.14961ms
Round took 5.072951ms
Round took 5.923091ms
Round took 4.475793ms
Round took 5.045463ms
Round took 4.732129ms
Round took 5.982714ms
Round took 5.234405ms
Round took 4.824958ms
Round took 4.697398ms
Round took 5.693031ms
Round took 4.604846ms
Round took 6.337139ms
Round took 4.589715ms
Round took 4.299177ms
Round took 5.107833ms
Round took 4.953173ms
Round took 5.10777ms
Round took 5.061231ms
Round took 4.3309ms
Round took 4.985505ms
Round took 5.304211ms
Round took 5.127555ms
Round took 4.928309ms
Round took 5.369881ms
Round took 4.558214ms
Round took 5.614885ms
Round took 4.369534ms
Round took 6.052123ms
Round took 4.9595ms
Round took 4.994482ms
Round took 4.690553ms
Round took 5.811587ms
Round took 4.107801ms
Round took 5.300358ms
Round took 4.830967ms
Round took 5.108241ms
Round took 5.940117ms
Round took 4.637674ms
Round took 5.927261ms
Round took 4.022257ms
Round took 4.872783ms
Round took 4.906732ms
Round took 5.59144ms
Round took 5.213429ms
Round took 4.464022ms
Round took 5.161955ms
Round took 5.10882ms
Round took 5.006664ms
Round took 4.744676ms
Round took 5.241212ms
Round took 5.077391ms
Round took 4.960107ms
Round took 5.269714ms
Round took 5.045736ms
Round took 4.981399ms
Round took 4.676426ms
Round took 4.947956ms
Round took 5.458926ms
Round took 4.870703ms
Round took 4.837118ms
Round took 4.862846ms
Round took 6.232022ms
Round took 4.411845ms
Round took 4.976003ms
Round took 5.703012ms
Round took 5.39602ms
Round took 4.532359ms
Round took 5.001091ms
Round took 5.29534ms
Round took 5.141431ms
Round took 4.952879ms
Round took 6.188467ms
Round took 6.173212ms
Round took 4.378387ms
Round took 5.820233ms
Round took 4.132183ms
Round took 5.244402ms
Round took 5.783612ms
Round took 6.102236ms
Round took 5.661995ms
Round took 4.8812ms
Round took 3.529489ms
Round took 5.862375ms
Round took 5.300501ms
Round took 4.576134ms
Round took 5.423742ms
Round took 4.667005ms
Round took 5.353709ms
Round took 4.621893ms
Round took 5.292106ms
Round took 4.722073ms
Round took 5.386649ms
Round took 5.850698ms
Round took 4.621649ms
Round took 4.590961ms
Round took 5.023978ms
Round took 5.38055ms
Round took 5.078904ms
Round took 5.444386ms
Round took 5.03316ms
Round took 6.006112ms
Round took 4.80359ms
Round took 5.182516ms
Round took 5.088942ms
Round took 5.90851ms
Round took 3.808195ms
Round took 4.004043ms
Round took 5.769816ms
Round took 4.153551ms
Round took 6.11204ms
Round took 4.655067ms
Round took 8.386168ms
Round took 4.297458ms
Round took 4.964353ms
Round took 4.566301ms
Round took 5.327511ms
Round took 3.475673ms
Round took 3.599976ms
Round took 5.854405ms
Round took 5.24965ms
Round took 5.049399ms
Round took 4.871855ms
Round took 5.293739ms
Round took 3.620329ms
Round took 6.514735ms
Round took 5.585774ms
Round took 4.077098ms
Round took 5.364636ms
Round took 4.734037ms
Round took 4.958593ms
Round took 5.759953ms
Round took 5.761922ms
Round took 4.387396ms
Round took 4.466191ms
Round took 4.475062ms
Round took 5.234198ms
Round took 5.499392ms
Round took 5.812939ms
Round took 4.215448ms
Round took 5.522765ms
Round took 4.291448ms
Round took 4.987785ms
Round took 5.206541ms
Round took 5.127566ms
Round took 6.19124ms
Round took 4.421837ms
Round took 5.360999ms
Round took 4.253871ms
Round took 5.393351ms
Round took 4.280171ms
Round took 5.873122ms
Round took 5.524015ms
Round took 4.696444ms
Round took 5.611221ms
Round took 4.202044ms
Round took 5.083146ms
Round took 4.581095ms
Round took 5.28958ms
Round took 5.206222ms
Round took 4.633647ms
Round took 4.721712ms
Round took 4.738501ms
Round took 5.469845ms
Round took 5.321191ms
Round took 4.956149ms
Round took 4.719387ms
Round took 5.141391ms
Round took 5.603178ms
Round took 4.67803ms
Round took 6.064404ms
Round took 5.550856ms
Round took 4.124506ms
Round took 4.488877ms
Round took 5.517096ms
Round took 5.114601ms
Round took 4.699636ms
Round took 5.166102ms
Round took 6.454525ms
Round took 4.467591ms
Round took 6.387761ms
Round took 3.671741ms
Round took 4.95183ms
Round took 5.237726ms
Round took 4.8058ms
Round took 5.641073ms
Round took 4.681547ms
Round took 5.562805ms
Round took 4.998339ms
Round took 4.450642ms
Round took 5.149851ms
Round took 5.153721ms
Round took 5.858201ms
Round took 4.596779ms
Round took 4.999706ms
Round took 5.299085ms
Round took 4.649614ms
Round took 5.250223ms
Round took 5.169624ms
Round took 6.297083ms
Round took 3.768732ms
Round took 5.243195ms
Round took 5.560043ms
Round took 5.139634ms
Round took 5.902104ms
Round took 4.131679ms
Round took 7.090188ms
Test took 5.136108532s
Successful: 10000
