Uniform distribution
2021/04/16 21:40:47 The leader is replica 0
Round took 5.469898ms
Round took 6.459365ms
Round took 4.327004ms
Round took 8.740446ms
Round took 6.783218ms
Round took 6.86503ms
Round took 3.414691ms
Round took 5.151386ms
Round took 4.403358ms
Round took 5.129135ms
Round took 5.003386ms
Round took 5.064051ms
Round took 5.084464ms
Round took 5.075607ms
Round took 5.125649ms
Round took 5.249429ms
Round took 5.068695ms
Round took 5.181072ms
Round took 4.376477ms
Round took 5.190568ms
Round took 5.153598ms
Round took 5.408841ms
Round took 4.66046ms
Round took 5.047472ms
Round took 4.970925ms
Round took 5.089479ms
Round took 4.998449ms
Round took 5.281387ms
Round took 5.871198ms
Round took 4.393058ms
Round took 5.177061ms
Round took 5.393712ms
Round took 4.850728ms
Round took 5.078939ms
Round took 4.992769ms
Round took 5.142072ms
Round took 5.112595ms
Round took 5.068678ms
Round took 6.847185ms
Round took 4.07843ms
Round took 5.115621ms
Round took 5.532164ms
Round took 4.965818ms
Round took 4.568123ms
Round took 5.103863ms
Round took 5.443385ms
Round took 4.552674ms
Round took 5.212625ms
Round took 4.854576ms
Round took 5.375877ms
Round took 6.49978ms
Round took 6.518518ms
Round took 5.929568ms
Round took 6.454132ms
Round took 7.21327ms
Round took 8.635943ms
Round took 3.97938ms
Round took 4.017087ms
Round took 5.874696ms
Round took 5.201061ms
Round took 4.145753ms
Round took 4.968902ms
Round took 4.888937ms
Round took 4.765964ms
Round took 5.437932ms
Round took 4.890482ms
Round took 5.170836ms
Round took 5.594624ms
Round took 5.033169ms
Round took 4.933744ms
Round took 5.32628ms
Round took 5.526721ms
Round took 4.887222ms
Round took 5.181158ms
Round took 5.651566ms
Round took 4.693093ms
Round took 4.525885ms
Round took 4.950583ms
Round took 5.393209ms
Round took 4.897249ms
Round took 5.108562ms
Round took 5.717202ms
Round took 4.427002ms
Round took 5.132977ms
Round took 4.655276ms
Round took 6.272907ms
Round took 4.530902ms
Round took 5.435486ms
Round took 6.30611ms
Round took 7.150972ms
Round took 7.744018ms
Round took 6.973751ms
Round took 3.825834ms
Round took 3.561531ms
Round took 7.054961ms
Round took 6.008359ms
Round took 6.111386ms
Round took 4.468775ms
Round took 5.714118ms
Round took 4.577895ms
Round took 5.138376ms
Round took 5.762244ms
Round took 7.294146ms
Round took 4.429055ms
Round took 5.864461ms
Round took 4.275619ms
Round took 3.664047ms
Round took 5.963083ms
Round took 5.231137ms
Round took 5.511678ms
Round took 4.990166ms
Round took 4.760861ms
Round took 5.215701ms
Round took 5.375357ms
Round took 4.714397ms
Round took 5.176336ms
Round took 4.901699ms
Round took 7.336057ms
Round took 4.774972ms
Round took 4.684134ms
Round took 5.010868ms
Round took 5.211025ms
Round took 4.809382ms
Round took 5.666049ms
Round took 4.973177ms
Round took 4.705242ms
Round took 4.75198ms
Round took 5.170611ms
Round took 5.451617ms
Round took 5.264623ms
Round took 4.903931ms
Round took 5.203103ms
Round took 4.772883ms
Round took 4.890419ms
Round took 6.935889ms
Round took 4.426272ms
Round took 5.361131ms
Round took 5.680918ms
Round took 6.111384ms
Round took 5.150137ms
Round took 5.198544ms
Round took 4.744101ms
Round took 5.116403ms
Round took 4.989317ms
Round took 5.024877ms
Round took 5.673635ms
Round took 5.286954ms
Round took 4.986753ms
Round took 4.805164ms
Round took 5.31619ms
Round took 5.046803ms
Round took 4.844983ms
Round took 5.42794ms
Round took 5.577621ms
Round took 4.391638ms
Round took 5.18905ms
Round took 6.495327ms
Round took 4.326649ms
Round took 4.219429ms
Round took 5.178042ms
Round took 5.808436ms
Round took 5.038915ms
Round took 5.160289ms
Round took 4.919526ms
Round took 5.19179ms
Round took 4.82871ms
Round took 5.050067ms
Round took 5.392537ms
Round took 4.974003ms
Round took 4.933227ms
Round took 5.429404ms
Round took 5.252043ms
Round took 4.565436ms
Round took 4.973045ms
Round took 5.926982ms
Round took 4.976132ms
Round took 5.270942ms
Round took 4.536818ms
Round took 5.436311ms
Round took 5.245636ms
Round took 5.386849ms
Round took 5.001471ms
Round took 5.578093ms
Round took 4.272002ms
Round took 4.519923ms
Round took 5.376243ms
Round took 5.098386ms
Round took 4.752063ms
Round took 5.179673ms
Round took 5.825693ms
Round took 4.741155ms
Round took 6.472989ms
Round took 3.994657ms
Round took 5.752911ms
Round took 6.691114ms
Round took 5.770052ms
Round took 5.12546ms
Round took 6.040977ms
Round took 3.770245ms
Round took 4.050437ms
Round took 5.863008ms
Round took 5.449451ms
Round took 5.064685ms
Round took 5.23249ms
Round took 4.340652ms
Round took 5.517934ms
Round took 4.559649ms
Round took 5.353375ms
Round took 5.078568ms
Round took 4.660435ms
Round took 5.214016ms
Round took 5.134302ms
Round took 5.473236ms
Round took 5.259701ms
Round took 4.910677ms
Round took 5.261592ms
Round took 5.055914ms
Round took 5.382975ms
Round took 5.269568ms
Round took 5.250265ms
Round took 4.403032ms
Round took 5.181297ms
Round took 5.546025ms
Round took 4.354526ms
Round took 5.519609ms
Round took 5.100018ms
Round took 4.654406ms
Round took 5.101683ms
Round took 5.292906ms
Round took 5.604791ms
Round took 4.966601ms
Round took 4.629103ms
Round took 5.522567ms
Round took 5.551561ms
Round took 4.343684ms
Round took 4.744204ms
Round took 5.228714ms
Round took 6.735138ms
Round took 5.388104ms
Round took 5.238451ms
Round took 4.973634ms
Round took 6.294938ms
Round took 5.190194ms
Round took 6.497302ms
Round took 4.800691ms
Round took 4.976477ms
Round took 5.364262ms
Round took 5.483603ms
Round took 4.306931ms
Round took 5.344648ms
Round took 5.126648ms
Round took 4.878288ms
Round took 4.864156ms
Round took 5.492399ms
Round took 5.134044ms
Round took 4.845553ms
Round took 5.542749ms
Round took 4.762657ms
Round took 5.218479ms
Round took 4.651331ms
Round took 4.869678ms
Round took 5.858833ms
Round took 5.446041ms
Round took 4.716095ms
Round took 5.719661ms
Round took 5.564882ms
Round took 4.395235ms
Round took 4.53725ms
Round took 5.587487ms
Round took 5.375836ms
Round took 4.974357ms
Round took 4.886686ms
Round took 5.524961ms
Round took 4.973743ms
Round took 4.983777ms
Round took 5.581989ms
Round took 5.116196ms
Round took 4.452994ms
Round took 6.447919ms
Round took 4.016918ms
Round took 5.188863ms
Round took 5.524009ms
Round took 4.967694ms
Round took 5.839812ms
Round took 4.099917ms
Round took 5.796958ms
Round took 4.158388ms
Round took 5.332046ms
Round took 4.751218ms
Round took 5.612738ms
Round took 5.615464ms
Round took 4.592431ms
Round took 5.668757ms
Round took 3.915456ms
Round took 4.841908ms
Round took 4.785863ms
Round took 5.380873ms
Round took 5.562826ms
Round took 4.476147ms
Round took 5.202572ms
Round took 5.03186ms
Round took 5.2875ms
Round took 4.552429ms
Round took 5.868824ms
Round took 6.550107ms
Round took 6.58952ms
Round took 5.793734ms
Round took 5.36234ms
Round took 4.759765ms
Round took 4.196523ms
Round took 4.880568ms
Round took 5.706179ms
Round took 5.472904ms
Round took 4.874317ms
Round took 5.085871ms
Round took 5.619187ms
Round took 4.560433ms
Round took 4.998288ms
Round took 5.277864ms
Round took 5.080679ms
Round took 4.925198ms
Round took 5.32635ms
Round took 5.254543ms
Round took 4.819464ms
Round took 6.448295ms
Round took 5.031354ms
Round took 4.229934ms
Round took 4.622293ms
Round took 5.0396ms
Round took 5.83658ms
Round took 4.681641ms
Round took 4.965877ms
Round took 5.417167ms
Round took 4.8943ms
Round took 4.716141ms
Round took 5.174401ms
Round took 6.127706ms
Round took 4.479239ms
Round took 5.378808ms
Round took 4.425603ms
Round took 5.693119ms
Round took 4.730118ms
Round took 5.101641ms
Round took 6.216971ms
Round took 4.204715ms
Round took 5.196063ms
Round took 5.916217ms
Round took 5.223125ms
Round took 4.757936ms
Round took 5.44334ms
Round took 5.653091ms
Round took 6.325165ms
Round took 4.931439ms
Round took 5.406746ms
Round took 4.940658ms
Round took 5.530376ms
Round took 4.775871ms
Round took 4.852106ms
Round took 5.167442ms
Round took 5.552547ms
Round took 5.087628ms
Round took 5.56385ms
Round took 5.044655ms
Round took 5.156864ms
Round took 4.575808ms
Round took 5.247494ms
Round took 4.83768ms
Round took 4.93966ms
Round took 4.709547ms
Round took 6.319061ms
Round took 4.429904ms
Round took 4.346012ms
Round took 4.957868ms
Round took 5.069748ms
Round took 5.442171ms
Round took 4.798831ms
Round took 5.152649ms
Round took 5.150399ms
Round took 5.107891ms
Round took 4.715888ms
Round took 5.725482ms
Round took 4.817325ms
Round took 4.937565ms
Round took 4.957517ms
Round took 5.875694ms
Round took 4.852702ms
Round took 5.406817ms
Round took 4.928613ms
Round took 4.912673ms
Round took 5.253539ms
Round took 5.227973ms
Round took 5.394506ms
Round took 5.496365ms
Round took 4.552071ms
Round took 5.668751ms
Round took 4.652923ms
Round took 5.1907ms
Round took 4.888132ms
Round took 5.700703ms
Round took 4.507319ms
Round took 5.045229ms
Round took 5.735198ms
Round took 4.642044ms
Round took 5.395617ms
Round took 4.293613ms
Round took 5.786791ms
Round took 5.202342ms
Round took 4.976904ms
Round took 5.668724ms
Round took 4.836104ms
Round took 4.727563ms
Round took 5.420848ms
Round took 6.212898ms
Round took 4.368834ms
Round took 5.282258ms
Round took 5.503011ms
Round took 4.482322ms
Round took 4.899427ms
Round took 6.379576ms
Round took 5.927746ms
Round took 4.802212ms
Round took 5.732739ms
Round took 4.476007ms
Round took 5.113294ms
Round took 5.461685ms
Round took 4.593056ms
Round took 5.183652ms
Round took 5.088326ms
Round took 5.372134ms
Round took 4.479346ms
Round took 5.254856ms
Round took 5.313415ms
Round took 4.848109ms
Round took 5.10558ms
Round took 4.706134ms
Round took 5.34631ms
Round took 5.216346ms
Round took 4.932846ms
Round took 5.413886ms
Round took 4.921581ms
Round took 5.040368ms
Round took 4.6951ms
Round took 5.24327ms
Round took 5.492547ms
Round took 4.762368ms
Round took 6.160448ms
Round took 5.030476ms
Round took 5.084248ms
Round took 4.653588ms
Round took 6.720474ms
Round took 5.00478ms
Round took 4.969191ms
Round took 7.146868ms
Round took 5.632763ms
Round took 4.826701ms
Round took 3.6369ms
Round took 18.170424ms
Round took 4.934968ms
Round took 5.134081ms
Round took 4.818851ms
Round took 5.895345ms
Round took 6.102791ms
Round took 4.636697ms
Round took 5.637276ms
Round took 3.650138ms
Round took 4.727989ms
Round took 5.901243ms
Round took 5.695088ms
Round took 5.376227ms
Round took 4.371224ms
Round took 3.45393ms
Round took 6.194758ms
Round took 5.026483ms
Round took 5.125677ms
Round took 5.004108ms
Round took 5.542406ms
Round took 4.817615ms
Round took 4.970046ms
Round took 5.030808ms
Round took 5.354492ms
Round took 4.740762ms
Round took 5.028854ms
Round took 5.109178ms
Round took 4.555698ms
Round took 5.388696ms
Round took 4.834209ms
Round took 4.839411ms
Round took 5.499641ms
Round took 4.827031ms
Round took 5.037547ms
Round took 5.079446ms
Round took 5.156906ms
Round took 5.2742ms
Round took 4.482281ms
Round took 5.726515ms
Round took 4.689466ms
Round took 4.770568ms
Round took 6.87365ms
Round took 3.996337ms
Round took 5.240628ms
Round took 4.486982ms
Round took 6.790174ms
Round took 4.710644ms
Round took 4.333842ms
Round took 4.764215ms
Round took 5.084865ms
Round took 4.853096ms
Round took 4.908405ms
Round took 5.99764ms
Round took 4.467196ms
Round took 5.179848ms
Round took 4.248559ms
Round took 5.280333ms
Round took 5.022697ms
Round took 5.216235ms
Round took 5.700947ms
Round took 5.013684ms
Round took 4.88174ms
Round took 4.628628ms
Round took 5.234277ms
Round took 5.331693ms
Round took 4.973303ms
Round took 5.149697ms
Round took 4.570272ms
Round took 4.764602ms
Round took 5.440956ms
Round took 4.753925ms
Round took 5.947078ms
Round took 4.825869ms
Round took 4.794806ms
Round took 5.041576ms
Round took 5.220691ms
Round took 5.907692ms
Round took 4.840989ms
Round took 5.273769ms
Round took 4.858536ms
Round took 5.050463ms
Round took 4.981841ms
Round took 5.846938ms
Round took 3.748269ms
Round took 5.273789ms
Round took 5.078309ms
Round took 5.647395ms
Round took 5.240133ms
Round took 6.019825ms
Round took 6.607665ms
Round took 4.869752ms
Round took 5.043396ms
Round took 4.994672ms
Round took 5.145578ms
Round took 5.115924ms
Round took 4.829385ms
Round took 5.734563ms
Round took 4.973107ms
Round took 4.566761ms
Round took 5.219391ms
Round took 5.602308ms
Round took 5.124107ms
Round took 4.664915ms
Round took 5.257557ms
Round took 5.020688ms
Round took 5.445286ms
Round took 4.582011ms
Round took 5.449426ms
Round took 6.67712ms
Round took 4.233063ms
Round took 6.95892ms
Round took 4.110477ms
Round took 4.915518ms
Round took 4.372265ms
Round took 6.705535ms
Round took 4.537647ms
Round took 4.679439ms
Round took 6.580301ms
Round took 6.573158ms
Round took 4.60262ms
Round took 6.508976ms
Round took 4.863005ms
Round took 4.440929ms
Round took 4.604561ms
Round took 5.096586ms
Round took 5.307255ms
Round took 4.814233ms
Round took 5.625175ms
Round took 5.363697ms
Round took 4.937809ms
Round took 5.856359ms
Round took 4.774421ms
Round took 5.325622ms
Round took 4.643817ms
Round took 5.868894ms
Round took 4.933381ms
Round took 4.094416ms
Round took 5.137808ms
Round took 5.448256ms
Round took 5.299761ms
Round took 4.59385ms
Round took 6.881599ms
Round took 5.575971ms
Round took 5.047294ms
Round took 5.331338ms
Round took 4.797185ms
Round took 6.015675ms
Round took 4.939421ms
Round took 4.659258ms
Round took 5.720366ms
Round took 5.848738ms
Round took 4.697053ms
Round took 5.458524ms
Round took 5.698275ms
Round took 4.374667ms
Round took 5.29035ms
Round took 4.556283ms
Round took 5.708494ms
Round took 5.258989ms
Round took 5.269704ms
Round took 5.251112ms
Round took 4.527515ms
Round took 5.148462ms
Round took 4.985341ms
Round took 4.859146ms
Round took 5.103932ms
Round took 4.896925ms
Round took 5.583827ms
Round took 5.378846ms
Round took 4.560588ms
Round took 5.241399ms
Round took 4.698802ms
Round took 5.663701ms
Round took 4.963525ms
Round took 6.325618ms
Round took 4.438761ms
Round took 5.084188ms
Round took 5.751844ms
Round took 3.925678ms
Round took 5.30996ms
Round took 5.827079ms
Round took 4.385509ms
Round took 4.947246ms
Round took 5.229913ms
Round took 4.652755ms
Round took 5.894887ms
Round took 4.91099ms
Round took 4.418489ms
Round took 5.614027ms
Round took 4.111653ms
Round took 6.04366ms
Round took 3.870369ms
Round took 5.459978ms
Round took 5.935001ms
Round took 4.433259ms
Round took 5.275745ms
Round took 4.604456ms
Round took 5.240721ms
Round took 4.824164ms
Round took 4.995693ms
Round took 6.634912ms
Round took 6.968107ms
Round took 4.249718ms
Round took 5.058683ms
Round took 5.689513ms
Round took 4.460257ms
Round took 5.469134ms
Round took 4.707095ms
Round took 5.487913ms
Round took 4.924165ms
Round took 5.003587ms
Round took 4.963641ms
Round took 5.020625ms
Round took 5.281866ms
Round took 5.037613ms
Round took 5.592345ms
Round took 4.658264ms
Round took 5.388446ms
Round took 4.715511ms
Round took 5.731678ms
Round took 4.865964ms
Round took 5.320813ms
Round took 4.935832ms
Round took 5.250696ms
Round took 5.08985ms
Round took 5.446954ms
Round took 5.073923ms
Round took 5.377861ms
Round took 4.615694ms
Round took 5.229545ms
Round took 5.266681ms
Round took 5.116789ms
Round took 5.160692ms
Round took 5.387449ms
Round took 4.63677ms
Round took 5.026263ms
Round took 5.51497ms
Round took 5.699981ms
Round took 4.599002ms
Round took 6.011212ms
Round took 3.624939ms
Round took 4.946005ms
Round took 4.677794ms
Round took 5.027465ms
Round took 6.283134ms
Round took 4.227288ms
Round took 4.99876ms
Round took 4.653608ms
Round took 6.109309ms
Round took 4.576788ms
Round took 4.930422ms
Round took 5.975557ms
Round took 4.561308ms
Round took 4.673778ms
Round took 5.09545ms
Round took 5.688475ms
Round took 4.555412ms
Round took 5.064074ms
Round took 5.895429ms
Round took 5.014596ms
Round took 4.297772ms
Round took 6.858149ms
Round took 7.030442ms
Round took 5.568193ms
Round took 4.216483ms
Round took 5.147651ms
Round took 6.220859ms
Round took 4.510097ms
Round took 4.91624ms
Round took 7.001243ms
Round took 4.783672ms
Round took 6.212797ms
Round took 3.746706ms
Round took 5.309495ms
Round took 4.941772ms
Round took 5.5598ms
Round took 5.679884ms
Round took 4.03294ms
Round took 5.425193ms
Round took 6.539904ms
Round took 6.655835ms
Round took 5.009656ms
Round took 5.480065ms
Round took 5.503081ms
Round took 4.341214ms
Round took 4.849971ms
Round took 5.677033ms
Round took 4.718772ms
Round took 4.595531ms
Round took 5.185954ms
Round took 5.724375ms
Round took 5.169819ms
Round took 5.657905ms
Round took 4.708587ms
Round took 4.602074ms
Round took 4.840523ms
Round took 4.27658ms
Round took 5.216585ms
Round took 5.026298ms
Round took 5.069532ms
Round took 5.326744ms
Round took 5.249267ms
Round took 4.970525ms
Round took 4.667083ms
Round took 5.371723ms
Round took 5.026182ms
Round took 5.746971ms
Round took 4.465172ms
Round took 5.02925ms
Round took 5.845865ms
Round took 4.445721ms
Round took 4.993714ms
Round took 5.558167ms
Round took 5.112653ms
Round took 4.771846ms
Round took 5.001974ms
Round took 5.877308ms
Round took 4.307789ms
Round took 5.541517ms
Round took 4.661836ms
Round took 5.639706ms
Round took 4.709994ms
Round took 4.990487ms
Round took 5.253207ms
Round took 4.906497ms
Round took 5.0564ms
Round took 5.570491ms
Round took 5.012412ms
Round took 4.884821ms
Round took 4.657989ms
Round took 5.122752ms
Round took 6.114154ms
Round took 3.818867ms
Round took 4.981684ms
Round took 6.19614ms
Round took 4.054495ms
Round took 5.059176ms
Round took 4.916693ms
Round took 6.269951ms
Round took 5.380586ms
Round took 4.903959ms
Round took 4.862524ms
Round took 3.746329ms
Round took 5.03394ms
Round took 4.535398ms
Round took 5.787844ms
Round took 5.4567ms
Round took 4.864386ms
Round took 5.227676ms
Round took 3.945206ms
Round took 5.461628ms
Round took 4.828804ms
Round took 5.149114ms
Round took 5.51467ms
Round took 4.619764ms
Round took 5.35625ms
Round took 4.408328ms
Round took 5.731438ms
Round took 4.982512ms
Round took 5.291173ms
Round took 5.377397ms
Round took 4.462869ms
Round took 5.271877ms
Round took 5.841725ms
Round took 5.266864ms
Round took 4.101983ms
Round took 5.280073ms
Round took 5.535408ms
Round took 4.577679ms
Round took 5.333585ms
Round took 4.285955ms
Round took 6.137883ms
Round took 4.461549ms
Round took 4.921029ms
Round took 5.709123ms
Round took 4.699213ms
Round took 5.314221ms
Round took 4.427598ms
Round took 5.37176ms
Round took 4.896629ms
Round took 5.11753ms
Round took 5.774254ms
Round took 4.960961ms
Round took 4.766028ms
Round took 5.080936ms
Round took 4.926518ms
Round took 5.854137ms
Round took 5.242723ms
Round took 5.949849ms
Round took 3.749081ms
Round took 5.319971ms
Round took 4.814008ms
Round took 6.461358ms
Round took 4.591119ms
Round took 4.300977ms
Round took 5.674789ms
Round took 4.960457ms
Round took 4.985445ms
Round took 4.858834ms
Round took 4.964085ms
Round took 6.112501ms
Round took 3.808553ms
Round took 5.165854ms
Round took 5.057001ms
Round took 4.988775ms
Round took 4.880316ms
Round took 6.069502ms
Round took 4.228833ms
Round took 5.488343ms
Round took 5.014748ms
Round took 5.830943ms
Round took 4.111251ms
Round took 5.521413ms
Round took 4.465966ms
Round took 5.852283ms
Round took 6.162922ms
Round took 6.23529ms
Round took 4.850126ms
Round took 5.175236ms
Round took 4.78678ms
Round took 5.424516ms
Round took 4.878049ms
Round took 5.604888ms
Round took 5.15299ms
Round took 4.495049ms
Round took 5.156198ms
Round took 5.184618ms
Round took 4.96642ms
Round took 4.793111ms
Round took 5.209603ms
Round took 5.137574ms
Round took 4.922161ms
Round took 5.308682ms
Round took 5.009574ms
Round took 6.046321ms
Round took 4.451532ms
Round took 4.896566ms
Round took 5.680435ms
Round took 5.014936ms
Round took 4.873274ms
Round took 5.068711ms
Round took 5.326049ms
Round took 4.286317ms
Round took 4.951799ms
Round took 5.693309ms
Round took 5.368942ms
Round took 4.56762ms
Round took 4.980706ms
Round took 5.299361ms
Round took 5.114067ms
Round took 5.162714ms
Round took 6.403697ms
Round took 5.777825ms
Round took 4.586739ms
Round took 3.839428ms
Round took 3.349184ms
Round took 5.93482ms
Round took 4.891933ms
Round took 6.347241ms
Round took 4.706391ms
Round took 5.635874ms
Round took 3.801971ms
Round took 7.269774ms
Round took 5.30117ms
Round took 4.540654ms
Round took 5.50693ms
Round took 4.608716ms
Round took 4.831977ms
Round took 5.375939ms
Round took 5.320778ms
Round took 4.709835ms
Round took 5.344175ms
Round took 5.883853ms
Round took 4.59715ms
Round took 4.646774ms
Round took 4.595799ms
Round took 5.452573ms
Round took 5.004535ms
Round took 5.430469ms
Round took 6.351129ms
Round took 7.040098ms
Round took 4.88812ms
Round took 4.931228ms
Round took 5.160431ms
Round took 4.861146ms
Round took 3.80667ms
Round took 5.28721ms
Round took 5.813721ms
Round took 5.519189ms
Round took 4.530368ms
Round took 7.249856ms
Round took 5.986025ms
Round took 4.508221ms
Round took 4.686644ms
Round took 4.694021ms
Round took 4.524045ms
Round took 3.60833ms
Round took 5.740997ms
Round took 5.728785ms
Round took 4.563135ms
Round took 5.205494ms
Round took 6.890784ms
Round took 6.307475ms
Round took 5.263357ms
Round took 4.808039ms
Round took 5.280592ms
Round took 4.333352ms
Round took 5.096167ms
Round took 5.527962ms
Round took 5.0012ms
Round took 5.049502ms
Round took 4.863809ms
Round took 5.029129ms
Round took 5.05825ms
Round took 5.063979ms
Round took 5.793512ms
Round took 4.20766ms
Round took 5.52311ms
Round took 4.825691ms
Round took 5.228405ms
Round took 5.096562ms
Round took 4.689978ms
Round took 5.092114ms
Round took 5.343135ms
Round took 4.870204ms
Round took 4.607791ms
Round took 5.74463ms
Round took 4.535278ms
Round took 5.31894ms
Round took 4.979081ms
Round took 5.163904ms
Round took 5.471972ms
Round took 4.645124ms
Round took 5.41467ms
Round took 5.153374ms
Round took 5.06936ms
Round took 5.060041ms
Round took 5.033997ms
Round took 5.672818ms
Round took 4.896667ms
Round took 6.67933ms
Round took 4.746014ms
Round took 5.173415ms
Round took 4.90578ms
Test took 5.20997944s
Successful: 10000
