Uniform distribution
2021/04/16 21:40:47 The leader is replica 0
Round took 5.607115ms
Round took 1.823773ms
Round took 6.586921ms
Round took 3.542905ms
Round took 7.436278ms
Round took 7.57013ms
Round took 6.863404ms
Round took 3.349575ms
Round took 4.657125ms
Round took 4.557485ms
Round took 5.125551ms
Round took 5.057385ms
Round took 5.166044ms
Round took 4.949773ms
Round took 5.159979ms
Round took 5.119851ms
Round took 5.260906ms
Round took 5.010504ms
Round took 5.144211ms
Round took 4.658782ms
Round took 5.208165ms
Round took 5.110182ms
Round took 5.065704ms
Round took 4.901793ms
Round took 4.994371ms
Round took 5.019402ms
Round took 5.01577ms
Round took 5.030438ms
Round took 5.269482ms
Round took 5.640102ms
Round took 4.248008ms
Round took 5.129085ms
Round took 5.399945ms
Round took 4.828152ms
Round took 5.114937ms
Round took 5.000865ms
Round took 5.064351ms
Round took 5.065745ms
Round took 5.138861ms
Round took 6.806752ms
Round took 4.146203ms
Round took 5.136648ms
Round took 5.513903ms
Round took 5.019038ms
Round took 4.597372ms
Round took 5.13789ms
Round took 5.46515ms
Round took 4.472375ms
Round took 5.261659ms
Round took 4.892698ms
Round took 5.375997ms
Round took 6.435049ms
Round took 6.51729ms
Round took 6.000521ms
Round took 6.497798ms
Round took 7.417875ms
Round took 8.62539ms
Round took 3.945269ms
Round took 3.978191ms
Round took 5.629101ms
Round took 5.548988ms
Round took 4.093004ms
Round took 4.828974ms
Round took 4.851471ms
Round took 4.859688ms
Round took 5.213377ms
Round took 4.619297ms
Round took 5.102064ms
Round took 5.505833ms
Round took 5.04763ms
Round took 4.929158ms
Round took 5.386829ms
Round took 6.242777ms
Round took 4.962005ms
Round took 5.237049ms
Round took 5.744822ms
Round took 4.763892ms
Round took 4.522891ms
Round took 4.804158ms
Round took 5.44918ms
Round took 4.985042ms
Round took 5.397381ms
Round took 5.537932ms
Round took 4.360018ms
Round took 5.183219ms
Round took 4.554987ms
Round took 6.687468ms
Round took 4.184811ms
Round took 5.373554ms
Round took 6.424994ms
Round took 7.20764ms
Round took 7.642346ms
Round took 7.513664ms
Round took 4.238301ms
Round took 6.058892ms
Round took 6.161553ms
Round took 6.525811ms
Round took 4.291409ms
Round took 5.62376ms
Round took 5.068649ms
Round took 6.549069ms
Round took 4.878814ms
Round took 6.974086ms
Round took 5.064385ms
Round took 5.534125ms
Round took 5.021793ms
Round took 3.626104ms
Round took 3.965465ms
Round took 5.688547ms
Round took 5.769087ms
Round took 4.810374ms
Round took 4.973416ms
Round took 5.213652ms
Round took 4.491246ms
Round took 6.084378ms
Round took 4.208378ms
Round took 7.507947ms
Round took 7.013546ms
Round took 4.842805ms
Round took 4.357908ms
Round took 5.447614ms
Round took 5.153294ms
Round took 4.726428ms
Round took 5.112062ms
Round took 5.279445ms
Round took 4.812507ms
Round took 4.875833ms
Round took 5.214691ms
Round took 6.248988ms
Round took 4.581505ms
Round took 4.580157ms
Round took 5.452587ms
Round took 5.377553ms
Round took 4.892639ms
Round took 7.250158ms
Round took 4.244486ms
Round took 5.170364ms
Round took 6.412501ms
Round took 6.125253ms
Round took 5.310764ms
Round took 5.381654ms
Round took 4.521305ms
Round took 5.371821ms
Round took 4.785766ms
Round took 4.972284ms
Round took 5.681438ms
Round took 5.131381ms
Round took 5.032491ms
Round took 4.850967ms
Round took 5.723524ms
Round took 4.787732ms
Round took 4.856584ms
Round took 5.344207ms
Round took 5.11577ms
Round took 4.51347ms
Round took 5.235901ms
Round took 6.398776ms
Round took 4.375939ms
Round took 4.310901ms
Round took 5.226676ms
Round took 5.884921ms
Round took 5.016318ms
Round took 6.816434ms
Round took 3.7786ms
Round took 4.902141ms
Round took 5.053529ms
Round took 5.74562ms
Round took 4.850404ms
Round took 5.004088ms
Round took 5.339727ms
Round took 5.743174ms
Round took 5.145018ms
Round took 4.412221ms
Round took 6.103392ms
Round took 6.257675ms
Round took 5.232182ms
Round took 4.938753ms
Round took 5.23065ms
Round took 5.457794ms
Round took 5.203425ms
Round took 4.697876ms
Round took 5.992816ms
Round took 4.380767ms
Round took 4.533161ms
Round took 5.371151ms
Round took 5.122548ms
Round took 4.757668ms
Round took 5.490516ms
Round took 5.561282ms
Round took 4.270135ms
Round took 5.050414ms
Round took 4.833713ms
Round took 5.89005ms
Round took 5.367248ms
Round took 6.545857ms
Round took 5.128574ms
Round took 5.095159ms
Round took 4.739031ms
Round took 3.810182ms
Round took 4.081074ms
Round took 5.867095ms
Round took 5.561793ms
Round took 5.532842ms
Round took 4.970824ms
Round took 4.167021ms
Round took 5.456945ms
Round took 4.525572ms
Round took 5.924854ms
Round took 4.933486ms
Round took 4.567471ms
Round took 5.274645ms
Round took 5.560744ms
Round took 5.186452ms
Round took 4.342708ms
Round took 5.572001ms
Round took 5.036779ms
Round took 5.062543ms
Round took 5.534887ms
Round took 5.116163ms
Round took 5.267992ms
Round took 4.358181ms
Round took 5.144587ms
Round took 5.540589ms
Round took 4.628883ms
Round took 5.599986ms
Round took 6.12376ms
Round took 4.465336ms
Round took 5.632475ms
Round took 6.419956ms
Round took 5.147225ms
Round took 4.667641ms
Round took 5.169336ms
Round took 6.085326ms
Round took 4.273578ms
Round took 4.796077ms
Round took 5.286805ms
Round took 7.7637ms
Round took 6.149117ms
Round took 6.628793ms
Round took 5.052295ms
Round took 5.119143ms
Round took 4.682424ms
Round took 6.037585ms
Round took 4.793034ms
Round took 5.008137ms
Round took 5.451619ms
Round took 5.230597ms
Round took 4.610649ms
Round took 5.361757ms
Round took 6.283617ms
Round took 4.874056ms
Round took 4.574113ms
Round took 5.741823ms
Round took 4.95616ms
Round took 4.728307ms
Round took 6.919272ms
Round took 4.18168ms
Round took 5.135058ms
Round took 5.191484ms
Round took 4.655129ms
Round took 5.421054ms
Round took 7.273474ms
Round took 5.283709ms
Round took 5.337716ms
Round took 4.963409ms
Round took 4.619ms
Round took 5.397035ms
Round took 5.836212ms
Round took 4.959537ms
Round took 4.601717ms
Round took 5.710612ms
Round took 4.859699ms
Round took 4.870725ms
Round took 5.254375ms
Round took 5.385621ms
Round took 4.416379ms
Round took 5.322717ms
Round took 5.042905ms
Round took 5.69119ms
Round took 4.914353ms
Round took 4.799527ms
Round took 6.42753ms
Round took 4.183624ms
Round took 5.314211ms
Round took 4.869618ms
Round took 5.290591ms
Round took 4.879116ms
Round took 4.952428ms
Round took 6.146187ms
Round took 4.540069ms
Round took 5.14759ms
Round took 4.553725ms
Round took 5.492856ms
Round took 4.521706ms
Round took 5.116794ms
Round took 5.939307ms
Round took 4.141933ms
Round took 5.213481ms
Round took 4.927943ms
Round took 5.300465ms
Round took 4.596555ms
Round took 5.432352ms
Round took 5.361109ms
Round took 4.49086ms
Round took 6.266258ms
Round took 6.402064ms
Round took 4.944974ms
Round took 3.7976ms
Round took 4.144778ms
Round took 4.88456ms
Round took 5.642969ms
Round took 4.783216ms
Round took 4.864146ms
Round took 5.087033ms
Round took 5.614091ms
Round took 4.499546ms
Round took 4.984674ms
Round took 5.305674ms
Round took 5.043599ms
Round took 4.902084ms
Round took 5.354954ms
Round took 5.334964ms
Round took 4.821226ms
Round took 6.490184ms
Round took 4.943098ms
Round took 4.063884ms
Round took 4.653337ms
Round took 5.003801ms
Round took 5.760818ms
Round took 4.756441ms
Round took 4.95897ms
Round took 5.402444ms
Round took 4.938427ms
Round took 4.682097ms
Round took 5.177451ms
Round took 6.243572ms
Round took 4.47923ms
Round took 5.384632ms
Round took 4.450215ms
Round took 5.668902ms
Round took 4.681352ms
Round took 5.056419ms
Round took 6.145389ms
Round took 4.211974ms
Round took 4.913576ms
Round took 4.99948ms
Round took 4.998772ms
Round took 5.309461ms
Round took 4.916367ms
Round took 4.653993ms
Round took 5.423748ms
Round took 5.240088ms
Round took 4.8883ms
Round took 5.67923ms
Round took 5.470354ms
Round took 5.279035ms
Round took 5.657976ms
Round took 5.618395ms
Round took 6.506796ms
Round took 5.062678ms
Round took 5.198218ms
Round took 5.436752ms
Round took 5.07385ms
Round took 4.618779ms
Round took 5.259208ms
Round took 5.597721ms
Round took 5.453198ms
Round took 5.332864ms
Round took 5.627435ms
Round took 4.379883ms
Round took 5.015568ms
Round took 6.12538ms
Round took 4.646776ms
Round took 6.235265ms
Round took 4.859229ms
Round took 4.258936ms
Round took 4.992437ms
Round took 6.230879ms
Round took 4.250131ms
Round took 5.505536ms
Round took 4.484445ms
Round took 5.288725ms
Round took 4.823096ms
Round took 5.475624ms
Round took 5.096032ms
Round took 5.294537ms
Round took 4.856188ms
Round took 4.850247ms
Round took 6.104471ms
Round took 4.456305ms
Round took 4.834855ms
Round took 5.940378ms
Round took 3.997001ms
Round took 5.537876ms
Round took 4.72089ms
Round took 5.744436ms
Round took 4.371943ms
Round took 5.371625ms
Round took 4.532191ms
Round took 4.965378ms
Round took 5.839851ms
Round took 4.605866ms
Round took 5.885576ms
Round took 3.651467ms
Round took 5.857659ms
Round took 5.163338ms
Round took 5.280884ms
Round took 5.065294ms
Round took 5.00123ms
Round took 5.143488ms
Round took 5.094895ms
Round took 5.825414ms
Round took 6.425561ms
Round took 5.13065ms
Round took 4.664462ms
Round took 5.416437ms
Round took 5.21442ms
Round took 4.984364ms
Round took 7.075246ms
Round took 4.459008ms
Round took 6.173348ms
Round took 5.357499ms
Round took 4.252097ms
Round took 5.786993ms
Round took 4.456785ms
Round took 5.338389ms
Round took 4.635616ms
Round took 5.850808ms
Round took 3.729251ms
Round took 5.517524ms
Round took 5.015742ms
Round took 4.937883ms
Round took 5.827668ms
Round took 4.509443ms
Round took 4.882137ms
Round took 5.292474ms
Round took 4.957113ms
Round took 5.336924ms
Round took 4.808242ms
Round took 5.955803ms
Round took 4.122545ms
Round took 5.234333ms
Round took 7.382572ms
Round took 6.260349ms
Round took 4.41171ms
Round took 5.176206ms
Round took 4.64258ms
Round took 7.72251ms
Round took 6.353346ms
Round took 5.163416ms
Round took 7.595474ms
Round took 5.177544ms
Round took 4.355353ms
Round took 18.700784ms
Round took 4.885719ms
Round took 5.04411ms
Round took 4.987514ms
Round took 5.260484ms
Round took 5.204503ms
Round took 6.058015ms
Round took 4.544871ms
Round took 4.892233ms
Round took 5.017453ms
Round took 5.170676ms
Round took 5.747726ms
Round took 5.418533ms
Round took 5.033005ms
Round took 3.417665ms
Round took 5.748665ms
Round took 5.563727ms
Round took 4.919982ms
Round took 4.947862ms
Round took 4.853173ms
Round took 5.588761ms
Round took 4.84918ms
Round took 4.986696ms
Round took 4.980376ms
Round took 5.020388ms
Round took 5.276959ms
Round took 4.926737ms
Round took 5.021049ms
Round took 5.864001ms
Round took 4.479886ms
Round took 4.792962ms
Round took 5.727462ms
Round took 4.73612ms
Round took 5.110883ms
Round took 4.989434ms
Round took 5.147184ms
Round took 5.310708ms
Round took 4.587696ms
Round took 5.99011ms
Round took 4.631997ms
Round took 4.755628ms
Round took 5.978132ms
Round took 5.105925ms
Round took 5.213458ms
Round took 4.472475ms
Round took 6.643095ms
Round took 4.836837ms
Round took 4.311511ms
Round took 4.757476ms
Round took 5.292238ms
Round took 4.844174ms
Round took 4.904803ms
Round took 6.0382ms
Round took 4.416494ms
Round took 5.164174ms
Round took 4.248154ms
Round took 5.33484ms
Round took 4.926283ms
Round took 5.22213ms
Round took 5.723679ms
Round took 5.026656ms
Round took 4.835315ms
Round took 4.559ms
Round took 5.244954ms
Round took 5.294758ms
Round took 4.945061ms
Round took 5.149058ms
Round took 4.733643ms
Round took 4.762119ms
Round took 5.443536ms
Round took 4.801397ms
Round took 5.857144ms
Round took 4.777596ms
Round took 4.756546ms
Round took 5.063165ms
Round took 5.226139ms
Round took 5.932505ms
Round took 4.816986ms
Round took 5.30766ms
Round took 4.87331ms
Round took 5.093559ms
Round took 5.001786ms
Round took 5.826049ms
Round took 3.848389ms
Round took 5.372286ms
Round took 5.097935ms
Round took 5.639066ms
Round took 4.59158ms
Round took 4.732889ms
Round took 5.942559ms
Round took 5.051902ms
Round took 4.839255ms
Round took 5.642354ms
Round took 4.872411ms
Round took 4.556816ms
Round took 5.914325ms
Round took 5.286621ms
Round took 5.082358ms
Round took 5.231988ms
Round took 5.517908ms
Round took 6.474354ms
Round took 5.061599ms
Round took 4.583485ms
Round took 5.20541ms
Round took 5.055525ms
Round took 5.406791ms
Round took 4.847745ms
Round took 5.107601ms
Round took 4.986801ms
Round took 7.86463ms
Round took 5.895942ms
Round took 4.275899ms
Round took 5.247233ms
Round took 3.885251ms
Round took 5.661703ms
Round took 4.51003ms
Round took 4.75823ms
Round took 7.323127ms
Round took 7.80194ms
Round took 4.645446ms
Round took 5.854356ms
Round took 5.156329ms
Round took 4.466205ms
Round took 4.607495ms
Round took 5.112894ms
Round took 5.811921ms
Round took 4.918093ms
Round took 5.562601ms
Round took 5.383487ms
Round took 4.933564ms
Round took 5.848617ms
Round took 4.585726ms
Round took 5.443088ms
Round took 4.715147ms
Round took 5.820993ms
Round took 4.960889ms
Round took 4.10446ms
Round took 5.134204ms
Round took 5.523953ms
Round took 5.208979ms
Round took 4.625542ms
Round took 6.835697ms
Round took 5.684222ms
Round took 5.080338ms
Round took 5.305398ms
Round took 4.811798ms
Round took 7.171792ms
Round took 4.688542ms
Round took 4.632431ms
Round took 5.562442ms
Round took 5.169141ms
Round took 4.686567ms
Round took 5.536389ms
Round took 5.473258ms
Round took 4.845028ms
Round took 5.695557ms
Round took 4.133597ms
Round took 5.801791ms
Round took 5.330841ms
Round took 5.559859ms
Round took 4.932034ms
Round took 4.530009ms
Round took 5.566883ms
Round took 4.486719ms
Round took 4.587851ms
Round took 5.462672ms
Round took 5.617824ms
Round took 4.880523ms
Round took 5.414269ms
Round took 4.505934ms
Round took 6.150168ms
Round took 5.861508ms
Round took 5.098152ms
Round took 4.991687ms
Round took 5.030463ms
Round took 5.174506ms
Round took 5.260865ms
Round took 4.639787ms
Round took 5.137168ms
Round took 5.454348ms
Round took 4.478554ms
Round took 5.366451ms
Round took 5.521933ms
Round took 4.674564ms
Round took 4.977453ms
Round took 5.062903ms
Round took 5.021729ms
Round took 5.139506ms
Round took 4.917542ms
Round took 6.237374ms
Round took 3.898982ms
Round took 5.17143ms
Round took 5.170136ms
Round took 5.302452ms
Round took 5.149739ms
Round took 4.892438ms
Round took 4.973389ms
Round took 5.136563ms
Round took 4.938585ms
Round took 5.184299ms
Round took 4.967203ms
Round took 6.078779ms
Round took 4.348053ms
Round took 5.050585ms
Round took 5.770382ms
Round took 4.713131ms
Round took 5.511499ms
Round took 4.70817ms
Round took 5.986972ms
Round took 4.801698ms
Round took 4.937061ms
Round took 5.942502ms
Round took 4.081165ms
Round took 5.213187ms
Round took 4.939244ms
Round took 5.630892ms
Round took 4.656884ms
Round took 5.231307ms
Round took 6.214554ms
Round took 4.503264ms
Round took 4.971098ms
Round took 5.422755ms
Round took 4.84921ms
Round took 4.977336ms
Round took 5.242715ms
Round took 5.68474ms
Round took 5.200516ms
Round took 4.529972ms
Round took 5.447153ms
Round took 5.017886ms
Round took 4.528805ms
Round took 5.261587ms
Round took 5.061615ms
Round took 5.424569ms
Round took 4.660321ms
Round took 5.004372ms
Round took 5.752678ms
Round took 5.449812ms
Round took 4.635251ms
Round took 5.999846ms
Round took 3.63545ms
Round took 4.743923ms
Round took 4.665695ms
Round took 5.051365ms
Round took 6.382582ms
Round took 4.200226ms
Round took 4.982787ms
Round took 4.838262ms
Round took 5.537477ms
Round took 4.540988ms
Round took 4.921963ms
Round took 6.054241ms
Round took 4.588185ms
Round took 4.717305ms
Round took 5.102083ms
Round took 5.368486ms
Round took 4.282983ms
Round took 5.037765ms
Round took 6.20542ms
Round took 5.004181ms
Round took 4.298362ms
Round took 5.124325ms
Round took 4.821309ms
Round took 6.36586ms
Round took 5.468477ms
Round took 4.574407ms
Round took 5.235921ms
Round took 4.950046ms
Round took 5.33932ms
Round took 4.272287ms
Round took 5.749744ms
Round took 4.617252ms
Round took 6.254046ms
Round took 6.237534ms
Round took 5.179245ms
Round took 4.982502ms
Round took 5.451187ms
Round took 4.638377ms
Round took 5.027135ms
Round took 5.154465ms
Round took 4.773216ms
Round took 6.48715ms
Round took 4.898839ms
Round took 5.483564ms
Round took 5.5444ms
Round took 4.278155ms
Round took 4.825411ms
Round took 5.630881ms
Round took 4.677786ms
Round took 4.643243ms
Round took 5.16647ms
Round took 5.787356ms
Round took 5.191843ms
Round took 5.706131ms
Round took 4.738154ms
Round took 4.45088ms
Round took 4.870892ms
Round took 4.289179ms
Round took 5.238345ms
Round took 5.026545ms
Round took 5.102576ms
Round took 5.283393ms
Round took 5.234892ms
Round took 5.065071ms
Round took 4.660699ms
Round took 5.376611ms
Round took 5.078223ms
Round took 5.588847ms
Round took 4.711357ms
Round took 5.662628ms
Round took 5.16543ms
Round took 4.458952ms
Round took 4.907028ms
Round took 5.58301ms
Round took 5.722641ms
Round took 4.505964ms
Round took 5.291569ms
Round took 5.593688ms
Round took 4.297325ms
Round took 6.018461ms
Round took 4.040326ms
Round took 5.32185ms
Round took 4.732749ms
Round took 5.005448ms
Round took 5.765742ms
Round took 4.952177ms
Round took 5.04508ms
Round took 6.20265ms
Round took 4.898201ms
Round took 4.773017ms
Round took 5.209134ms
Round took 4.694527ms
Round took 5.900074ms
Round took 4.365158ms
Round took 5.939137ms
Round took 5.268721ms
Round took 4.308438ms
Round took 5.626376ms
Round took 4.223554ms
Round took 8.106605ms
Round took 5.27142ms
Round took 4.786188ms
Round took 4.526829ms
Round took 6.489917ms
Round took 4.24722ms
Round took 5.276653ms
Round took 5.875419ms
Round took 4.782003ms
Round took 4.758244ms
Round took 4.5392ms
Round took 5.789291ms
Round took 4.730867ms
Round took 5.08555ms
Round took 5.678773ms
Round took 4.622913ms
Round took 5.345994ms
Round took 4.39377ms
Round took 5.838367ms
Round took 4.963883ms
Round took 5.256327ms
Round took 5.390244ms
Round took 4.433343ms
Round took 5.341924ms
Round took 5.891297ms
Round took 5.188766ms
Round took 4.306125ms
Round took 5.356774ms
Round took 5.497707ms
Round took 4.61993ms
Round took 5.31384ms
Round took 4.204658ms
Round took 6.15292ms
Round took 4.468537ms
Round took 4.884316ms
Round took 6.419859ms
Round took 4.451985ms
Round took 5.294994ms
Round took 4.292834ms
Round took 5.649951ms
Round took 4.689136ms
Round took 5.134798ms
Round took 5.835233ms
Round took 4.946134ms
Round took 4.79001ms
Round took 5.32901ms
Round took 6.342829ms
Round took 6.667678ms
Round took 4.658407ms
Round took 4.784556ms
Round took 5.454408ms
Round took 4.776225ms
Round took 5.316191ms
Round took 4.999152ms
Round took 4.82929ms
Round took 5.161317ms
Round took 5.025624ms
Round took 5.018806ms
Round took 5.122279ms
Round took 4.968362ms
Round took 5.077878ms
Round took 5.363654ms
Round took 5.077651ms
Round took 4.958265ms
Round took 5.392165ms
Round took 4.811046ms
Round took 5.590514ms
Round took 4.310967ms
Round took 6.109485ms
Round took 5.008716ms
Round took 5.019474ms
Round took 4.603306ms
Round took 6.399845ms
Round took 4.046265ms
Round took 5.223327ms
Round took 5.084378ms
Round took 4.677599ms
Round took 5.962505ms
Round took 4.663242ms
Round took 5.95743ms
Round took 4.126718ms
Round took 5.261279ms
Round took 4.872656ms
Round took 5.561086ms
Round took 5.312968ms
Round took 4.463989ms
Round took 6.718669ms
Round took 3.80423ms
Round took 5.074952ms
Round took 4.728454ms
Round took 5.391331ms
Round took 4.838396ms
Round took 4.93644ms
Round took 5.85063ms
Round took 4.857866ms
Round took 4.618221ms
Round took 5.285761ms
Round took 4.764778ms
Round took 5.256451ms
Round took 4.945971ms
Round took 5.723259ms
Round took 4.690792ms
Round took 4.832675ms
Round took 5.256278ms
Round took 4.840938ms
Round took 5.561752ms
Round took 5.441984ms
Round took 4.830344ms
Round took 5.637041ms
Round took 4.771599ms
Round took 5.326879ms
Round took 5.574784ms
Round took 7.226648ms
Round took 4.863415ms
Round took 4.711028ms
Round took 3.883788ms
Round took 3.994231ms
Round took 5.265074ms
Round took 5.221595ms
Round took 6.023435ms
Round took 4.912918ms
Round took 6.306972ms
Round took 8.495022ms
Round took 4.711153ms
Round took 4.881349ms
Round took 5.453931ms
Round took 4.583415ms
Round took 4.907356ms
Round took 5.174911ms
Round took 5.381442ms
Round took 4.68769ms
Round took 5.198633ms
Round took 6.050768ms
Round took 4.599831ms
Round took 4.638381ms
Round took 4.618466ms
Round took 5.890248ms
Round took 4.952986ms
Round took 4.978985ms
Round took 6.965285ms
Round took 6.991192ms
Round took 4.778623ms
Round took 4.947885ms
Round took 5.164479ms
Round took 5.426179ms
Round took 3.711389ms
Round took 5.248058ms
Round took 5.226171ms
Round took 5.744085ms
Round took 4.290719ms
Round took 6.626652ms
Round took 6.541239ms
Round took 3.948807ms
Round took 5.151891ms
Round took 4.479511ms
Round took 4.88128ms
Round took 3.609887ms
Round took 5.214103ms
Round took 6.558788ms
Round took 4.266881ms
Round took 4.987943ms
Round took 5.091418ms
Round took 4.570306ms
Round took 5.840492ms
Round took 6.095646ms
Round took 4.436545ms
Round took 5.200431ms
Round took 4.619ms
Round took 5.145285ms
Round took 6.20829ms
Round took 4.862776ms
Round took 5.807769ms
Round took 4.576742ms
Round took 4.419747ms
Round took 5.21174ms
Round took 5.505634ms
Round took 5.827629ms
Round took 4.21202ms
Round took 5.921888ms
Round took 6.499276ms
Round took 5.085039ms
Round took 4.756668ms
Round took 5.090202ms
Round took 5.279367ms
Round took 4.848003ms
Round took 4.739985ms
Round took 5.697806ms
Round took 4.603701ms
Round took 5.288663ms
Round took 5.029264ms
Round took 5.073727ms
Round took 5.126184ms
Round took 4.935863ms
Round took 5.257924ms
Round took 5.318693ms
Round took 4.985717ms
Round took 5.020533ms
Round took 5.095995ms
Round took 5.01181ms
Round took 5.293582ms
Round took 5.27214ms
Round took 5.528322ms
Round took 5.117317ms
Round took 5.536959ms
Round took 4.615949ms
Round took 8.512481ms
Round took 7.136948ms
Round took 5.722172ms
Test took 5.235217949s
Successful: 10000
