Uniform distribution
2021/04/16 21:40:47 The leader is replica 0
Round took 1.905046ms
Round took 5.796879ms
Round took 3.831441ms
Round took 7.452347ms
Round took 1.695146ms
Round took 9.373405ms
Round took 5.370813ms
Round took 5.199455ms
Round took 4.479909ms
Round took 5.073086ms
Round took 5.305432ms
Round took 4.812365ms
Round took 5.105084ms
Round took 4.969033ms
Round took 5.146612ms
Round took 5.233585ms
Round took 5.091427ms
Round took 5.195931ms
Round took 4.739961ms
Round took 5.22341ms
Round took 5.136353ms
Round took 5.482821ms
Round took 4.680924ms
Round took 5.071972ms
Round took 4.972191ms
Round took 5.114776ms
Round took 5.029473ms
Round took 5.255525ms
Round took 5.733676ms
Round took 4.193417ms
Round took 5.132314ms
Round took 5.383747ms
Round took 4.835128ms
Round took 5.02503ms
Round took 5.050612ms
Round took 5.089363ms
Round took 5.0626ms
Round took 5.238516ms
Round took 6.807374ms
Round took 4.163625ms
Round took 5.073959ms
Round took 5.545634ms
Round took 5.002261ms
Round took 4.650424ms
Round took 5.215785ms
Round took 5.507109ms
Round took 4.540404ms
Round took 5.252237ms
Round took 4.801086ms
Round took 5.345888ms
Round took 6.478585ms
Round took 6.540918ms
Round took 5.922437ms
Round took 6.516867ms
Round took 7.38569ms
Round took 8.688569ms
Round took 3.915406ms
Round took 4.022309ms
Round took 5.84114ms
Round took 5.261561ms
Round took 4.274503ms
Round took 4.914687ms
Round took 4.886932ms
Round took 4.835559ms
Round took 5.333502ms
Round took 5.136781ms
Round took 5.200202ms
Round took 5.629665ms
Round took 5.026857ms
Round took 5.410953ms
Round took 4.789372ms
Round took 5.013238ms
Round took 4.781003ms
Round took 5.283672ms
Round took 5.653901ms
Round took 4.717287ms
Round took 4.533567ms
Round took 4.942801ms
Round took 5.394575ms
Round took 4.855806ms
Round took 5.084626ms
Round took 5.691308ms
Round took 4.385029ms
Round took 5.136274ms
Round took 4.773169ms
Round took 7.590597ms
Round took 4.332115ms
Round took 6.940632ms
Round took 6.280263ms
Round took 9.110123ms
Round took 6.761911ms
Round took 5.384692ms
Round took 3.937185ms
Round took 8.181156ms
Round took 5.785986ms
Round took 6.117012ms
Round took 4.58308ms
Round took 5.793006ms
Round took 4.564857ms
Round took 5.381042ms
Round took 4.393406ms
Round took 6.959033ms
Round took 5.021205ms
Round took 5.602477ms
Round took 5.043591ms
Round took 3.596537ms
Round took 3.929603ms
Round took 5.734729ms
Round took 6.26323ms
Round took 4.946127ms
Round took 4.955821ms
Round took 5.224012ms
Round took 4.466614ms
Round took 5.938888ms
Round took 4.445179ms
Round took 7.377433ms
Round took 7.111865ms
Round took 4.765379ms
Round took 4.360485ms
Round took 5.464679ms
Round took 5.109042ms
Round took 4.763693ms
Round took 5.049795ms
Round took 5.315009ms
Round took 4.781221ms
Round took 4.869594ms
Round took 5.233803ms
Round took 6.143335ms
Round took 5.562457ms
Round took 4.928115ms
Round took 5.091564ms
Round took 4.767652ms
Round took 4.888214ms
Round took 7.175561ms
Round took 6.605339ms
Round took 4.705459ms
Round took 4.833129ms
Round took 5.74238ms
Round took 5.3224ms
Round took 5.418387ms
Round took 4.886198ms
Round took 4.924825ms
Round took 4.860824ms
Round took 4.967972ms
Round took 5.673588ms
Round took 5.13833ms
Round took 5.115181ms
Round took 5.548836ms
Round took 4.803699ms
Round took 5.034152ms
Round took 4.787277ms
Round took 5.40642ms
Round took 5.317628ms
Round took 4.823622ms
Round took 5.805509ms
Round took 5.407133ms
Round took 4.469662ms
Round took 4.349516ms
Round took 5.21218ms
Round took 5.797866ms
Round took 5.017372ms
Round took 6.487477ms
Round took 3.774942ms
Round took 5.096512ms
Round took 4.99609ms
Round took 5.62751ms
Round took 4.776565ms
Round took 5.134788ms
Round took 5.344279ms
Round took 5.471214ms
Round took 4.829034ms
Round took 4.480136ms
Round took 5.215537ms
Round took 5.323544ms
Round took 4.970034ms
Round took 5.720804ms
Round took 4.05326ms
Round took 5.458166ms
Round took 5.467135ms
Round took 5.466241ms
Round took 4.881447ms
Round took 5.546912ms
Round took 4.781744ms
Round took 3.942175ms
Round took 5.318ms
Round took 5.186039ms
Round took 4.68419ms
Round took 5.709671ms
Round took 5.502214ms
Round took 4.234017ms
Round took 6.254421ms
Round took 6.011751ms
Round took 5.267859ms
Round took 6.63914ms
Round took 5.523318ms
Round took 5.117929ms
Round took 4.925545ms
Round took 3.789053ms
Round took 4.002394ms
Round took 5.916663ms
Round took 5.470827ms
Round took 5.09129ms
Round took 5.271768ms
Round took 4.655809ms
Round took 5.535003ms
Round took 4.490929ms
Round took 5.890547ms
Round took 4.682569ms
Round took 4.56053ms
Round took 5.30396ms
Round took 5.877855ms
Round took 5.439006ms
Round took 4.340828ms
Round took 5.564988ms
Round took 5.036931ms
Round took 5.034254ms
Round took 5.891859ms
Round took 4.751199ms
Round took 5.236062ms
Round took 4.349567ms
Round took 5.081234ms
Round took 5.577651ms
Round took 4.570795ms
Round took 5.57752ms
Round took 5.746198ms
Round took 4.425336ms
Round took 5.658719ms
Round took 5.134656ms
Round took 4.751425ms
Round took 4.959624ms
Round took 4.573707ms
Round took 5.471361ms
Round took 5.556688ms
Round took 4.331701ms
Round took 5.06512ms
Round took 5.009691ms
Round took 5.520896ms
Round took 4.655441ms
Round took 5.724736ms
Round took 4.984598ms
Round took 5.267723ms
Round took 5.04267ms
Round took 4.682516ms
Round took 5.260377ms
Round took 5.293429ms
Round took 5.113518ms
Round took 4.795782ms
Round took 5.099699ms
Round took 5.580444ms
Round took 4.870488ms
Round took 5.093722ms
Round took 6.292011ms
Round took 6.059778ms
Round took 5.211065ms
Round took 4.639163ms
Round took 5.239285ms
Round took 4.717888ms
Round took 5.437403ms
Round took 4.719903ms
Round took 5.010583ms
Round took 5.667082ms
Round took 5.44353ms
Round took 4.766163ms
Round took 5.140475ms
Round took 6.927578ms
Round took 4.189585ms
Round took 4.642417ms
Round took 5.664124ms
Round took 5.209648ms
Round took 5.027851ms
Round took 4.833658ms
Round took 5.49867ms
Round took 4.967133ms
Round took 4.817478ms
Round took 6.066742ms
Round took 4.929212ms
Round took 4.455055ms
Round took 5.627594ms
Round took 4.77458ms
Round took 5.101425ms
Round took 5.085307ms
Round took 4.977659ms
Round took 6.213673ms
Round took 4.13177ms
Round took 5.627825ms
Round took 4.570703ms
Round took 5.217738ms
Round took 4.838119ms
Round took 5.045497ms
Round took 5.67025ms
Round took 4.59489ms
Round took 5.794381ms
Round took 3.84201ms
Round took 5.381533ms
Round took 4.686614ms
Round took 5.05637ms
Round took 5.881528ms
Round took 4.255509ms
Round took 5.177554ms
Round took 4.969209ms
Round took 5.233352ms
Round took 4.522808ms
Round took 5.469113ms
Round took 5.368839ms
Round took 4.503296ms
Round took 6.315044ms
Round took 6.388471ms
Round took 4.850248ms
Round took 4.259226ms
Round took 4.141778ms
Round took 5.125065ms
Round took 5.326818ms
Round took 4.722921ms
Round took 5.853731ms
Round took 4.415062ms
Round took 5.722533ms
Round took 4.542695ms
Round took 5.707419ms
Round took 4.553197ms
Round took 5.136017ms
Round took 5.385348ms
Round took 4.8844ms
Round took 5.357338ms
Round took 4.830382ms
Round took 6.805111ms
Round took 4.672508ms
Round took 4.200206ms
Round took 4.532915ms
Round took 5.715465ms
Round took 5.979438ms
Round took 4.999405ms
Round took 5.238728ms
Round took 5.106103ms
Round took 4.73419ms
Round took 5.287132ms
Round took 5.079169ms
Round took 5.021585ms
Round took 5.410041ms
Round took 4.839335ms
Round took 5.083824ms
Round took 5.134422ms
Round took 5.014873ms
Round took 5.384501ms
Round took 4.764988ms
Round took 5.136905ms
Round took 5.197611ms
Round took 4.810155ms
Round took 5.694071ms
Round took 4.874169ms
Round took 4.749521ms
Round took 5.124265ms
Round took 5.449102ms
Round took 5.009747ms
Round took 5.43645ms
Round took 5.176439ms
Round took 5.103566ms
Round took 5.071757ms
Round took 4.764812ms
Round took 5.143898ms
Round took 5.625732ms
Round took 5.117868ms
Round took 5.35888ms
Round took 5.069917ms
Round took 5.186314ms
Round took 4.637171ms
Round took 5.160769ms
Round took 5.859352ms
Round took 6.088632ms
Round took 4.707934ms
Round took 5.658415ms
Round took 4.361332ms
Round took 5.98106ms
Round took 4.693409ms
Round took 4.815017ms
Round took 7.320854ms
Round took 5.108973ms
Round took 5.05096ms
Round took 5.36575ms
Round took 4.626885ms
Round took 5.768513ms
Round took 4.429563ms
Round took 4.944314ms
Round took 4.98297ms
Round took 5.663173ms
Round took 5.085433ms
Round took 5.411605ms
Round took 4.65348ms
Round took 5.294034ms
Round took 5.069421ms
Round took 5.075266ms
Round took 5.148895ms
Round took 5.184404ms
Round took 4.602305ms
Round took 5.133245ms
Round took 5.186639ms
Round took 5.141079ms
Round took 4.953853ms
Round took 5.834788ms
Round took 5.003363ms
Round took 4.885753ms
Round took 5.241771ms
Round took 5.481706ms
Round took 5.146368ms
Round took 4.329888ms
Round took 5.683371ms
Round took 4.875715ms
Round took 4.988545ms
Round took 4.605821ms
Round took 5.68088ms
Round took 5.388649ms
Round took 4.437788ms
Round took 6.017109ms
Round took 4.750807ms
Round took 4.950741ms
Round took 5.288179ms
Round took 5.3861ms
Round took 4.803364ms
Round took 5.241021ms
Round took 5.327856ms
Round took 5.859708ms
Round took 3.951434ms
Round took 6.21694ms
Round took 4.206896ms
Round took 5.302988ms
Round took 5.635005ms
Round took 4.706986ms
Round took 5.347329ms
Round took 4.677976ms
Round took 5.87422ms
Round took 3.707282ms
Round took 5.489049ms
Round took 5.010432ms
Round took 5.003574ms
Round took 6.004627ms
Round took 4.393094ms
Round took 4.890287ms
Round took 5.287503ms
Round took 4.846728ms
Round took 5.21954ms
Round took 4.865152ms
Round took 5.920465ms
Round took 3.976233ms
Round took 4.991679ms
Round took 5.438744ms
Round took 6.274186ms
Round took 4.230409ms
Round took 4.569831ms
Round took 6.318265ms
Round took 5.700013ms
Round took 5.379089ms
Round took 5.247927ms
Round took 6.726542ms
Round took 5.155774ms
Round took 4.971001ms
Round took 4.410488ms
Round took 18.892199ms
Round took 5.439297ms
Round took 5.339883ms
Round took 4.66821ms
Round took 5.441997ms
Round took 6.134697ms
Round took 5.024891ms
Round took 5.545036ms
Round took 3.814649ms
Round took 5.023315ms
Round took 5.559088ms
Round took 5.709939ms
Round took 5.274645ms
Round took 4.764719ms
Round took 3.371928ms
Round took 5.843568ms
Round took 5.523505ms
Round took 5.042627ms
Round took 4.961295ms
Round took 5.229844ms
Round took 5.163722ms
Round took 4.897539ms
Round took 4.951191ms
Round took 4.978412ms
Round took 4.701605ms
Round took 5.318759ms
Round took 4.89613ms
Round took 5.441197ms
Round took 5.313775ms
Round took 4.885035ms
Round took 4.835746ms
Round took 5.391821ms
Round took 4.833481ms
Round took 5.030334ms
Round took 5.026334ms
Round took 5.183925ms
Round took 5.294102ms
Round took 4.478582ms
Round took 5.690798ms
Round took 4.672471ms
Round took 4.776566ms
Round took 6.910295ms
Round took 4.261275ms
Round took 5.177895ms
Round took 4.41507ms
Round took 6.885492ms
Round took 4.648788ms
Round took 4.278109ms
Round took 4.755509ms
Round took 5.328928ms
Round took 4.909432ms
Round took 4.860146ms
Round took 6.032711ms
Round took 4.43325ms
Round took 5.157989ms
Round took 4.242076ms
Round took 5.387159ms
Round took 4.569837ms
Round took 5.338863ms
Round took 6.454158ms
Round took 4.907058ms
Round took 4.812476ms
Round took 4.742023ms
Round took 4.901694ms
Round took 5.309958ms
Round took 4.951168ms
Round took 6.049439ms
Round took 3.81899ms
Round took 4.937644ms
Round took 5.973233ms
Round took 4.558402ms
Round took 5.136671ms
Round took 4.995696ms
Round took 5.863236ms
Round took 5.259882ms
Round took 6.975398ms
Round took 4.450193ms
Round took 5.064579ms
Round took 5.430957ms
Round took 5.034859ms
Round took 4.607623ms
Round took 6.246893ms
Round took 3.89873ms
Round took 5.334078ms
Round took 4.569745ms
Round took 6.316322ms
Round took 5.982339ms
Round took 4.469201ms
Round took 5.496673ms
Round took 5.110072ms
Round took 4.888385ms
Round took 4.930302ms
Round took 5.670596ms
Round took 4.339865ms
Round took 5.142783ms
Round took 4.789894ms
Round took 5.615238ms
Round took 5.010358ms
Round took 4.372781ms
Round took 5.394558ms
Round took 5.734157ms
Round took 4.914158ms
Round took 4.736797ms
Round took 5.388531ms
Round took 4.721682ms
Round took 5.437418ms
Round took 4.326434ms
Round took 5.73779ms
Round took 5.781248ms
Round took 4.592267ms
Round took 7.042469ms
Round took 4.454481ms
Round took 5.154256ms
Round took 3.857312ms
Round took 5.614188ms
Round took 4.649254ms
Round took 4.636403ms
Round took 6.912935ms
Round took 6.377316ms
Round took 4.934242ms
Round took 5.313016ms
Round took 5.451822ms
Round took 4.483012ms
Round took 4.843603ms
Round took 4.957332ms
Round took 5.324619ms
Round took 5.173555ms
Round took 5.225728ms
Round took 5.210844ms
Round took 5.700753ms
Round took 5.172048ms
Round took 4.825405ms
Round took 6.975297ms
Round took 4.497927ms
Round took 5.482419ms
Round took 5.363319ms
Round took 4.203126ms
Round took 5.196838ms
Round took 5.436022ms
Round took 5.22261ms
Round took 4.693876ms
Round took 6.170807ms
Round took 5.544215ms
Round took 5.017818ms
Round took 5.327525ms
Round took 4.744779ms
Round took 6.029119ms
Round took 4.954468ms
Round took 4.60072ms
Round took 5.691745ms
Round took 6.010056ms
Round took 4.579636ms
Round took 5.454788ms
Round took 5.964895ms
Round took 4.184493ms
Round took 5.279882ms
Round took 4.588991ms
Round took 5.760304ms
Round took 5.226202ms
Round took 5.349266ms
Round took 5.233151ms
Round took 4.442634ms
Round took 5.133156ms
Round took 4.559329ms
Round took 4.912272ms
Round took 5.193043ms
Round took 4.870157ms
Round took 5.617451ms
Round took 5.370062ms
Round took 4.560398ms
Round took 4.938085ms
Round took 5.111363ms
Round took 5.772979ms
Round took 4.717034ms
Round took 5.523641ms
Round took 4.753853ms
Round took 4.944499ms
Round took 4.822804ms
Round took 4.42276ms
Round took 5.408253ms
Round took 5.290016ms
Round took 4.380422ms
Round took 5.508119ms
Round took 5.316352ms
Round took 4.646113ms
Round took 5.244581ms
Round took 5.698848ms
Round took 4.300465ms
Round took 5.320238ms
Round took 4.689027ms
Round took 6.294964ms
Round took 3.91919ms
Round took 5.204604ms
Round took 6.017817ms
Round took 4.442012ms
Round took 5.165239ms
Round took 4.76913ms
Round took 5.530759ms
Round took 4.785018ms
Round took 4.98491ms
Round took 5.660343ms
Round took 5.231232ms
Round took 5.473959ms
Round took 4.094896ms
Round took 5.801792ms
Round took 5.382474ms
Round took 4.621856ms
Round took 5.792664ms
Round took 4.461009ms
Round took 5.327407ms
Round took 5.27889ms
Round took 4.712162ms
Round took 5.164785ms
Round took 4.09312ms
Round took 5.192669ms
Round took 6.069117ms
Round took 4.971553ms
Round took 4.694438ms
Round took 6.494906ms
Round took 5.96271ms
Round took 5.066088ms
Round took 5.070466ms
Round took 4.930803ms
Round took 5.074444ms
Round took 5.169092ms
Round took 5.088324ms
Round took 5.571633ms
Round took 4.594576ms
Round took 7.410538ms
Round took 5.391476ms
Round took 4.426011ms
Round took 5.255735ms
Round took 5.094945ms
Round took 5.404141ms
Round took 4.629924ms
Round took 5.051465ms
Round took 5.749467ms
Round took 5.508391ms
Round took 4.613286ms
Round took 6.011723ms
Round took 3.618335ms
Round took 4.753448ms
Round took 4.727472ms
Round took 5.032831ms
Round took 6.325576ms
Round took 4.204489ms
Round took 5.013714ms
Round took 4.850293ms
Round took 6.447825ms
Round took 4.613681ms
Round took 7.287392ms
Round took 5.161765ms
Round took 4.961853ms
Round took 4.712174ms
Round took 5.403778ms
Round took 4.760074ms
Round took 5.014864ms
Round took 4.988544ms
Round took 5.769988ms
Round took 4.400455ms
Round took 5.11075ms
Round took 4.764238ms
Round took 6.645372ms
Round took 5.039974ms
Round took 4.176417ms
Round took 6.168928ms
Round took 4.978532ms
Round took 4.606029ms
Round took 4.902074ms
Round took 6.858412ms
Round took 4.402392ms
Round took 6.60899ms
Round took 3.756407ms
Round took 5.307488ms
Round took 4.929751ms
Round took 5.677851ms
Round took 5.8403ms
Round took 3.976125ms
Round took 5.444604ms
Round took 6.129657ms
Round took 6.866758ms
Round took 4.873666ms
Round took 5.240261ms
Round took 5.740804ms
Round took 4.328582ms
Round took 4.859303ms
Round took 5.673535ms
Round took 4.689327ms
Round took 4.670017ms
Round took 5.240292ms
Round took 5.73874ms
Round took 5.178811ms
Round took 5.608493ms
Round took 4.742122ms
Round took 4.607102ms
Round took 4.860489ms
Round took 4.317114ms
Round took 5.21261ms
Round took 5.04332ms
Round took 5.098718ms
Round took 5.268002ms
Round took 5.221026ms
Round took 4.988345ms
Round took 4.712843ms
Round took 5.370728ms
Round took 5.103114ms
Round took 5.724054ms
Round took 4.886331ms
Round took 5.685295ms
Round took 5.161861ms
Round took 4.473438ms
Round took 4.926718ms
Round took 5.972509ms
Round took 5.278007ms
Round took 4.412554ms
Round took 5.360241ms
Round took 5.596529ms
Round took 4.347357ms
Round took 5.998974ms
Round took 4.064711ms
Round took 5.333956ms
Round took 4.794267ms
Round took 4.932283ms
Round took 5.709223ms
Round took 5.02217ms
Round took 5.052082ms
Round took 6.127998ms
Round took 4.8026ms
Round took 4.831627ms
Round took 5.212957ms
Round took 4.672591ms
Round took 5.370793ms
Round took 4.310675ms
Round took 5.153375ms
Round took 5.714522ms
Round took 4.281178ms
Round took 5.062768ms
Round took 4.798148ms
Round took 7.024605ms
Round took 4.620708ms
Round took 5.753793ms
Round took 4.264716ms
Round took 3.721343ms
Round took 4.992767ms
Round took 4.62363ms
Round took 6.426926ms
Round took 4.956493ms
Round took 4.833846ms
Round took 5.121588ms
Round took 3.995675ms
Round took 5.517943ms
Round took 4.777654ms
Round took 5.503095ms
Round took 5.290445ms
Round took 4.587924ms
Round took 5.32086ms
Round took 4.631993ms
Round took 5.386086ms
Round took 4.96184ms
Round took 5.330055ms
Round took 5.396621ms
Round took 4.403084ms
Round took 5.287579ms
Round took 5.950394ms
Round took 5.249441ms
Round took 4.524791ms
Round took 5.48553ms
Round took 5.374458ms
Round took 4.60625ms
Round took 5.898306ms
Round took 3.687404ms
Round took 6.23858ms
Round took 4.466488ms
Round took 4.908073ms
Round took 6.374891ms
Round took 4.744419ms
Round took 5.705462ms
Round took 3.976324ms
Round took 5.068331ms
Round took 4.854298ms
Round took 5.164929ms
Round took 5.825287ms
Round took 4.977109ms
Round took 4.762519ms
Round took 5.284268ms
Round took 5.87079ms
Round took 6.200923ms
Round took 4.599861ms
Round took 4.855184ms
Round took 5.48666ms
Round took 4.766501ms
Round took 5.489881ms
Round took 4.822048ms
Round took 4.840394ms
Round took 5.147966ms
Round took 5.003157ms
Round took 5.00902ms
Round took 5.142018ms
Round took 5.007713ms
Round took 5.009973ms
Round took 5.326528ms
Round took 5.09247ms
Round took 4.898581ms
Round took 5.398677ms
Round took 4.851783ms
Round took 5.652501ms
Round took 4.362236ms
Round took 6.091509ms
Round took 5.028475ms
Round took 4.973893ms
Round took 4.640159ms
Round took 6.750032ms
Round took 4.310732ms
Round took 5.208422ms
Round took 5.1016ms
Round took 4.802363ms
Round took 5.944557ms
Round took 4.594619ms
Round took 5.951043ms
Round took 4.013655ms
Round took 5.353664ms
Round took 4.857631ms
Round took 5.485463ms
Round took 5.323239ms
Round took 4.426462ms
Round took 6.466982ms
Round took 4.014367ms
Round took 5.103838ms
Round took 4.984345ms
Round took 5.254263ms
Round took 5.067679ms
Round took 4.950049ms
Round took 5.884184ms
Round took 4.670213ms
Round took 5.108627ms
Round took 5.156816ms
Round took 5.909527ms
Round took 4.403946ms
Round took 4.886325ms
Round took 5.950914ms
Round took 4.114077ms
Round took 4.9574ms
Round took 5.845758ms
Round took 5.571665ms
Round took 7.022909ms
Round took 4.161138ms
Round took 5.145689ms
Round took 5.350578ms
Round took 5.077563ms
Round took 4.834416ms
Round took 5.158507ms
Round took 7.188843ms
Round took 4.406411ms
Round took 4.5744ms
Round took 3.925818ms
Round took 5.259669ms
Round took 5.118235ms
Round took 5.654156ms
Round took 4.999889ms
Round took 5.657928ms
Round took 4.398959ms
Round took 8.060598ms
Round took 4.283202ms
Round took 4.947132ms
Round took 5.532872ms
Round took 4.556649ms
Round took 4.945489ms
Round took 5.131654ms
Round took 5.389561ms
Round took 4.622757ms
Round took 5.203024ms
Round took 6.009471ms
Round took 4.623882ms
Round took 4.640205ms
Round took 4.707231ms
Round took 5.954546ms
Round took 4.829131ms
Round took 4.96927ms
Round took 7.498549ms
Round took 7.01017ms
Round took 4.846104ms
Round took 4.872828ms
Round took 5.152347ms
Round took 5.480312ms
Round took 3.780861ms
Round took 5.229501ms
Round took 5.332336ms
Round took 5.65397ms
Round took 4.35052ms
Round took 6.770506ms
Round took 6.385394ms
Round took 3.921827ms
Round took 5.492584ms
Round took 4.716246ms
Round took 4.772983ms
Round took 3.527909ms
Round took 5.295888ms
Round took 6.565707ms
Round took 4.376372ms
Round took 4.989019ms
Round took 5.051272ms
Round took 4.530513ms
Round took 5.892669ms
Round took 6.159628ms
Round took 4.262557ms
Round took 5.283019ms
Round took 4.588759ms
Round took 5.219598ms
Round took 5.738903ms
Round took 4.54326ms
Round took 5.4688ms
Round took 4.640509ms
Round took 4.495179ms
Round took 5.246245ms
Round took 5.382875ms
Round took 5.847419ms
Round took 4.215565ms
Round took 5.353443ms
Round took 4.519769ms
Round took 5.053718ms
Round took 5.118852ms
Round took 4.711573ms
Round took 6.258563ms
Round took 4.924557ms
Round took 4.627805ms
Round took 4.201022ms
Round took 6.100379ms
Round took 4.250327ms
Round took 5.368453ms
Round took 5.920086ms
Round took 4.699231ms
Round took 5.458296ms
Round took 4.311776ms
Round took 5.933069ms
Round took 4.704949ms
Round took 5.283795ms
Round took 5.478128ms
Round took 5.044703ms
Round took 4.738564ms
Round took 5.666973ms
Round took 5.516741ms
Round took 4.599068ms
Round took 4.925502ms
Round took 5.406167ms
Round took 4.294422ms
Test took 5.210006729s
Successful: 10000
