Uniform distribution
2021/04/16 21:40:47 The leader is replica 0
Round took 1.849084ms
Round took 7.010305ms
Round took 3.413913ms
Round took 8.641876ms
Round took 8.040176ms
Round took 6.515079ms
Round took 3.29364ms
Round took 4.761042ms
Round took 5.665569ms
Round took 5.092946ms
Round took 4.401364ms
Round took 4.93866ms
Round took 5.311999ms
Round took 4.989876ms
Round took 5.191439ms
Round took 5.492907ms
Round took 4.537027ms
Round took 5.085751ms
Round took 4.812771ms
Round took 5.625032ms
Round took 4.849687ms
Round took 4.752156ms
Round took 5.103529ms
Round took 5.027345ms
Round took 5.545773ms
Round took 4.623912ms
Round took 5.064529ms
Round took 6.787104ms
Round took 4.33807ms
Round took 4.628682ms
Round took 5.221349ms
Round took 5.634988ms
Round took 4.641892ms
Round took 5.548436ms
Round took 4.39247ms
Round took 5.588092ms
Round took 3.525294ms
Round took 5.163458ms
Round took 7.147073ms
Round took 3.936892ms
Round took 5.129492ms
Round took 5.401307ms
Round took 5.470966ms
Round took 4.116458ms
Round took 5.156232ms
Round took 5.597408ms
Round took 4.516566ms
Round took 5.238478ms
Round took 4.760325ms
Round took 6.358677ms
Round took 6.697537ms
Round took 6.330809ms
Round took 5.531444ms
Round took 6.570479ms
Round took 6.931959ms
Round took 8.754942ms
Round took 4.087266ms
Round took 4.062906ms
Round took 6.230079ms
Round took 4.848421ms
Round took 4.277591ms
Round took 4.824173ms
Round took 6.830448ms
Round took 3.804721ms
Round took 4.950856ms
Round took 7.708654ms
Round took 5.523962ms
Round took 4.99521ms
Round took 4.97425ms
Round took 5.191562ms
Round took 6.368294ms
Round took 4.48838ms
Round took 5.195921ms
Round took 5.746634ms
Round took 4.680054ms
Round took 4.550523ms
Round took 4.968003ms
Round took 5.423924ms
Round took 4.91202ms
Round took 5.073473ms
Round took 5.73389ms
Round took 4.287511ms
Round took 5.210403ms
Round took 4.783049ms
Round took 5.400172ms
Round took 5.183185ms
Round took 4.981795ms
Round took 6.250277ms
Round took 6.293594ms
Round took 7.860303ms
Round took 7.172592ms
Round took 4.478529ms
Round took 4.006006ms
Round took 7.16874ms
Round took 6.067142ms
Round took 6.086075ms
Round took 4.589786ms
Round took 6.072146ms
Round took 4.6052ms
Round took 5.255229ms
Round took 4.729036ms
Round took 7.861236ms
Round took 4.710707ms
Round took 5.331064ms
Round took 4.663522ms
Round took 3.702ms
Round took 3.887519ms
Round took 6.304069ms
Round took 5.309435ms
Round took 5.114288ms
Round took 4.959935ms
Round took 5.759447ms
Round took 3.836026ms
Round took 5.771215ms
Round took 4.360409ms
Round took 7.384177ms
Round took 7.191897ms
Round took 4.824833ms
Round took 4.303005ms
Round took 5.689307ms
Round took 4.889625ms
Round took 4.769917ms
Round took 5.361096ms
Round took 5.085386ms
Round took 4.793342ms
Round took 4.848298ms
Round took 5.213501ms
Round took 6.039765ms
Round took 4.962866ms
Round took 4.495499ms
Round took 5.693902ms
Round took 4.527477ms
Round took 4.933656ms
Round took 7.343686ms
Round took 4.169027ms
Round took 5.176367ms
Round took 5.396126ms
Round took 6.12861ms
Round took 5.271ms
Round took 5.440077ms
Round took 4.637519ms
Round took 5.59876ms
Round took 4.902728ms
Round took 5.025127ms
Round took 6.095273ms
Round took 4.988622ms
Round took 5.080193ms
Round took 5.691019ms
Round took 4.612895ms
Round took 4.945778ms
Round took 4.807167ms
Round took 5.75531ms
Round took 4.999681ms
Round took 4.905284ms
Round took 5.890973ms
Round took 5.187434ms
Round took 4.535128ms
Round took 4.317951ms
Round took 7.536868ms
Round took 6.261437ms
Round took 4.871675ms
Round took 4.890019ms
Round took 5.281821ms
Round took 5.169854ms
Round took 4.989803ms
Round took 5.106802ms
Round took 6.000695ms
Round took 4.762359ms
Round took 5.239199ms
Round took 5.476202ms
Round took 4.612993ms
Round took 5.022382ms
Round took 4.945517ms
Round took 5.514784ms
Round took 5.299825ms
Round took 4.546274ms
Round took 5.506422ms
Round took 5.439159ms
Round took 5.208901ms
Round took 5.232358ms
Round took 5.521468ms
Round took 4.301408ms
Round took 4.519672ms
Round took 5.385462ms
Round took 5.094187ms
Round took 4.589888ms
Round took 4.91606ms
Round took 6.109489ms
Round took 5.689836ms
Round took 5.766764ms
Round took 3.999779ms
Round took 6.142359ms
Round took 6.468467ms
Round took 5.931788ms
Round took 5.074618ms
Round took 5.271557ms
Round took 3.813062ms
Round took 4.338684ms
Round took 6.555304ms
Round took 5.482674ms
Round took 5.116314ms
Round took 5.188393ms
Round took 4.236517ms
Round took 5.362493ms
Round took 4.718939ms
Round took 5.344336ms
Round took 5.080993ms
Round took 4.664576ms
Round took 5.242111ms
Round took 5.083736ms
Round took 5.278238ms
Round took 5.101538ms
Round took 5.479887ms
Round took 5.084864ms
Round took 5.086155ms
Round took 5.360988ms
Round took 5.280439ms
Round took 5.252001ms
Round took 4.340719ms
Round took 5.151125ms
Round took 5.523343ms
Round took 4.457325ms
Round took 5.511507ms
Round took 5.174139ms
Round took 4.652629ms
Round took 5.148939ms
Round took 5.512885ms
Round took 5.196229ms
Round took 4.891183ms
Round took 4.612036ms
Round took 5.475895ms
Round took 5.58751ms
Round took 4.285544ms
Round took 4.804477ms
Round took 5.183943ms
Round took 6.829523ms
Round took 5.34705ms
Round took 5.26238ms
Round took 4.990639ms
Round took 6.319151ms
Round took 5.209636ms
Round took 6.285781ms
Round took 4.796552ms
Round took 4.936729ms
Round took 5.150099ms
Round took 6.10104ms
Round took 4.68477ms
Round took 5.438478ms
Round took 6.056663ms
Round took 4.420961ms
Round took 4.711312ms
Round took 5.688818ms
Round took 4.994376ms
Round took 4.630063ms
Round took 5.875543ms
Round took 4.65883ms
Round took 5.054143ms
Round took 4.753325ms
Round took 4.737661ms
Round took 5.700958ms
Round took 5.575373ms
Round took 4.711755ms
Round took 5.693916ms
Round took 5.340091ms
Round took 4.461398ms
Round took 4.568466ms
Round took 5.538136ms
Round took 5.389614ms
Round took 4.969045ms
Round took 4.858395ms
Round took 5.520517ms
Round took 4.974627ms
Round took 5.039145ms
Round took 5.367735ms
Round took 5.066404ms
Round took 4.543955ms
Round took 6.553335ms
Round took 4.211194ms
Round took 5.142121ms
Round took 5.510905ms
Round took 6.809011ms
Round took 4.268995ms
Round took 5.166973ms
Round took 4.986657ms
Round took 5.406976ms
Round took 4.781352ms
Round took 4.912267ms
Round took 5.366129ms
Round took 5.026651ms
Round took 5.087176ms
Round took 4.999555ms
Round took 5.257223ms
Round took 4.98872ms
Round took 5.010293ms
Round took 4.954532ms
Round took 5.146734ms
Round took 5.277486ms
Round took 5.038034ms
Round took 5.096918ms
Round took 4.870393ms
Round took 5.432748ms
Round took 4.779144ms
Round took 5.034202ms
Round took 6.263746ms
Round took 6.405762ms
Round took 6.062417ms
Round took 3.724129ms
Round took 4.126091ms
Round took 4.869913ms
Round took 5.605956ms
Round took 4.988728ms
Round took 4.923034ms
Round took 5.109069ms
Round took 5.571659ms
Round took 4.532201ms
Round took 4.989188ms
Round took 5.342228ms
Round took 5.022615ms
Round took 4.947404ms
Round took 5.29999ms
Round took 5.298799ms
Round took 4.863715ms
Round took 6.466498ms
Round took 4.966472ms
Round took 4.179405ms
Round took 4.641337ms
Round took 5.303408ms
Round took 5.776553ms
Round took 4.709006ms
Round took 4.972328ms
Round took 5.433895ms
Round took 4.873333ms
Round took 4.690653ms
Round took 5.211538ms
Round took 5.829485ms
Round took 4.543291ms
Round took 5.390438ms
Round took 4.38229ms
Round took 5.682612ms
Round took 4.895859ms
Round took 5.045145ms
Round took 6.269283ms
Round took 4.196775ms
Round took 5.157403ms
Round took 5.923186ms
Round took 5.048977ms
Round took 4.762016ms
Round took 5.477187ms
Round took 5.643208ms
Round took 6.342754ms
Round took 4.950709ms
Round took 5.360546ms
Round took 4.871122ms
Round took 5.629141ms
Round took 4.9322ms
Round took 4.87873ms
Round took 5.124321ms
Round took 5.609683ms
Round took 5.124468ms
Round took 5.378496ms
Round took 5.103075ms
Round took 5.173311ms
Round took 4.591069ms
Round took 5.227864ms
Round took 4.97209ms
Round took 5.433561ms
Round took 5.297723ms
Round took 5.668839ms
Round took 4.418638ms
Round took 5.131043ms
Round took 6.078405ms
Round took 4.39469ms
Round took 5.498791ms
Round took 5.060077ms
Round took 4.965221ms
Round took 5.031794ms
Round took 6.257ms
Round took 4.214527ms
Round took 5.494396ms
Round took 4.517242ms
Round took 5.286684ms
Round took 4.813693ms
Round took 5.456412ms
Round took 5.112663ms
Round took 5.291943ms
Round took 4.833104ms
Round took 4.841376ms
Round took 6.176433ms
Round took 4.466866ms
Round took 4.837885ms
Round took 5.956936ms
Round took 4.002545ms
Round took 5.684655ms
Round took 4.733498ms
Round took 7.155443ms
Round took 5.709434ms
Round took 4.568854ms
Round took 5.053245ms
Round took 5.186993ms
Round took 5.02608ms
Round took 5.426761ms
Round took 4.522016ms
Round took 5.629927ms
Round took 5.486675ms
Round took 4.882556ms
Round took 4.582013ms
Round took 5.68367ms
Round took 5.729988ms
Round took 4.33429ms
Round took 6.030961ms
Round took 4.729089ms
Round took 4.961497ms
Round took 5.244336ms
Round took 5.0624ms
Round took 4.980736ms
Round took 5.160468ms
Round took 4.985942ms
Round took 6.622834ms
Round took 3.822057ms
Round took 6.227943ms
Round took 4.158456ms
Round took 4.978323ms
Round took 5.553531ms
Round took 4.701061ms
Round took 5.671574ms
Round took 4.725282ms
Round took 5.421819ms
Round took 4.179929ms
Round took 5.544931ms
Round took 5.054149ms
Round took 4.94405ms
Round took 5.958002ms
Round took 4.403264ms
Round took 4.916086ms
Round took 5.261539ms
Round took 4.911346ms
Round took 5.287166ms
Round took 4.834147ms
Round took 5.944581ms
Round took 4.097289ms
Round took 5.339865ms
Round took 7.342764ms
Round took 6.354299ms
Round took 4.37671ms
Round took 5.161748ms
Round took 4.63118ms
Round took 7.678705ms
Round took 5.285511ms
Round took 4.956861ms
Round took 7.487901ms
Round took 5.157651ms
Round took 4.743694ms
Round took 3.553438ms
Round took 18.059165ms
Round took 4.945422ms
Round took 4.75501ms
Round took 4.870367ms
Round took 6.092796ms
Round took 6.895174ms
Round took 4.190849ms
Round took 5.387873ms
Round took 3.449982ms
Round took 5.042871ms
Round took 6.687363ms
Round took 5.640326ms
Round took 5.624166ms
Round took 4.26874ms
Round took 5.688014ms
Round took 5.535171ms
Round took 4.975117ms
Round took 4.733756ms
Round took 4.962868ms
Round took 5.595055ms
Round took 4.806215ms
Round took 5.078304ms
Round took 4.975204ms
Round took 5.004915ms
Round took 5.272203ms
Round took 4.931021ms
Round took 5.037652ms
Round took 6.688167ms
Round took 4.918753ms
Round took 4.810926ms
Round took 5.406217ms
Round took 4.961714ms
Round took 5.046531ms
Round took 5.101294ms
Round took 5.117438ms
Round took 5.349653ms
Round took 4.463263ms
Round took 5.658413ms
Round took 4.726662ms
Round took 4.751624ms
Round took 6.740762ms
Round took 4.062689ms
Round took 5.185676ms
Round took 4.47381ms
Round took 6.800807ms
Round took 4.746577ms
Round took 4.306972ms
Round took 4.771939ms
Round took 5.280827ms
Round took 4.941648ms
Round took 4.949567ms
Round took 6.001982ms
Round took 4.440272ms
Round took 5.239332ms
Round took 4.157618ms
Round took 5.341713ms
Round took 4.746311ms
Round took 5.299187ms
Round took 6.526026ms
Round took 4.960197ms
Round took 4.858694ms
Round took 4.807983ms
Round took 4.887247ms
Round took 5.382887ms
Round took 5.399063ms
Round took 5.549622ms
Round took 3.802174ms
Round took 4.93072ms
Round took 6.004628ms
Round took 4.590353ms
Round took 5.149843ms
Round took 5.014379ms
Round took 5.914595ms
Round took 6.209332ms
Round took 6.134181ms
Round took 4.459665ms
Round took 5.036509ms
Round took 6.204804ms
Round took 5.055592ms
Round took 4.495712ms
Round took 6.705626ms
Round took 3.72854ms
Round took 5.350456ms
Round took 4.541228ms
Round took 6.102141ms
Round took 5.052538ms
Round took 4.934713ms
Round took 5.836429ms
Round took 5.041826ms
Round took 4.813314ms
Round took 5.660807ms
Round took 4.824635ms
Round took 4.698845ms
Round took 5.892552ms
Round took 4.95187ms
Round took 5.062176ms
Round took 4.970935ms
Round took 4.896954ms
Round took 4.818197ms
Round took 5.415111ms
Round took 5.65178ms
Round took 4.736547ms
Round took 4.803302ms
Round took 4.778471ms
Round took 5.913182ms
Round took 6.834662ms
Round took 5.023219ms
Round took 5.155521ms
Round took 5.111628ms
Round took 5.122876ms
Round took 5.199633ms
Round took 4.722977ms
Round took 5.050722ms
Round took 5.360315ms
Round took 4.749605ms
Round took 5.278952ms
Round took 4.94502ms
Round took 7.12442ms
Round took 4.833289ms
Round took 6.054482ms
Round took 4.960074ms
Round took 4.479119ms
Round took 4.587108ms
Round took 5.650104ms
Round took 4.541059ms
Round took 4.9577ms
Round took 5.627819ms
Round took 5.333582ms
Round took 4.93839ms
Round took 6.715179ms
Round took 6.054658ms
Round took 4.801316ms
Round took 5.056807ms
Round took 5.377674ms
Round took 4.781039ms
Round took 5.815059ms
Round took 4.410756ms
Round took 5.601797ms
Round took 4.649163ms
Round took 5.477339ms
Round took 4.519194ms
Round took 5.599782ms
Round took 4.791979ms
Round took 5.346061ms
Round took 4.854364ms
Round took 6.643055ms
Round took 4.949497ms
Round took 4.680309ms
Round took 5.561136ms
Round took 5.13165ms
Round took 4.816197ms
Round took 6.246235ms
Round took 4.890124ms
Round took 4.898272ms
Round took 7.152136ms
Round took 5.734379ms
Round took 5.000571ms
Round took 5.150331ms
Round took 4.898616ms
Round took 5.169507ms
Round took 5.09228ms
Round took 4.614313ms
Round took 5.091024ms
Round took 6.329226ms
Round took 4.709995ms
Round took 5.131477ms
Round took 5.881528ms
Round took 4.553326ms
Round took 4.991522ms
Round took 5.10691ms
Round took 6.295726ms
Round took 4.920247ms
Round took 6.268481ms
Round took 4.37106ms
Round took 5.050786ms
Round took 5.851413ms
Round took 3.978108ms
Round took 5.271157ms
Round took 5.809048ms
Round took 4.450446ms
Round took 4.938739ms
Round took 5.240196ms
Round took 4.72951ms
Round took 5.809687ms
Round took 5.03144ms
Round took 4.378752ms
Round took 5.733762ms
Round took 6.618167ms
Round took 3.926225ms
Round took 5.221117ms
Round took 5.184635ms
Round took 5.337227ms
Round took 5.160952ms
Round took 4.878053ms
Round took 4.988399ms
Round took 5.144721ms
Round took 4.946623ms
Round took 5.313966ms
Round took 4.925097ms
Round took 6.062574ms
Round took 4.242435ms
Round took 5.045693ms
Round took 5.714113ms
Round took 4.500111ms
Round took 5.500674ms
Round took 4.663688ms
Round took 6.113916ms
Round took 5.201409ms
Round took 4.984535ms
Round took 5.972683ms
Round took 4.064173ms
Round took 5.24443ms
Round took 5.091679ms
Round took 5.439909ms
Round took 4.646608ms
Round took 5.260373ms
Round took 5.910523ms
Round took 4.596468ms
Round took 4.999144ms
Round took 5.448886ms
Round took 4.928058ms
Round took 5.003326ms
Round took 5.597142ms
Round took 5.073626ms
Round took 5.136498ms
Round took 4.579146ms
Round took 5.449774ms
Round took 5.045935ms
Round took 4.725605ms
Round took 5.250778ms
Round took 5.071377ms
Round took 5.409914ms
Round took 4.64939ms
Round took 5.725473ms
Round took 4.768135ms
Round took 5.49978ms
Round took 4.559813ms
Round took 6.038334ms
Round took 3.638938ms
Round took 4.757658ms
Round took 4.684375ms
Round took 5.081311ms
Round took 6.429459ms
Round took 4.194386ms
Round took 4.975605ms
Round took 4.879045ms
Round took 5.496898ms
Round took 4.858616ms
Round took 4.930212ms
Round took 6.066732ms
Round took 4.63806ms
Round took 4.682866ms
Round took 5.090243ms
Round took 5.641246ms
Round took 4.486217ms
Round took 5.152994ms
Round took 5.785465ms
Round took 4.912323ms
Round took 4.316328ms
Round took 5.125033ms
Round took 4.932254ms
Round took 6.332269ms
Round took 5.479666ms
Round took 4.560704ms
Round took 5.20872ms
Round took 4.91864ms
Round took 5.358506ms
Round took 4.229951ms
Round took 5.737014ms
Round took 4.583704ms
Round took 6.169494ms
Round took 3.773581ms
Round took 5.254337ms
Round took 4.930967ms
Round took 5.64007ms
Round took 5.723621ms
Round took 3.998194ms
Round took 5.48329ms
Round took 6.442321ms
Round took 6.804854ms
Round took 4.599201ms
Round took 5.185074ms
Round took 5.789149ms
Round took 4.282847ms
Round took 4.879588ms
Round took 5.665203ms
Round took 4.705442ms
Round took 4.7891ms
Round took 5.142757ms
Round took 5.613012ms
Round took 5.274868ms
Round took 5.629942ms
Round took 4.843601ms
Round took 4.705034ms
Round took 4.895161ms
Round took 4.387137ms
Round took 5.239362ms
Round took 5.096733ms
Round took 5.147904ms
Round took 5.289398ms
Round took 5.284016ms
Round took 5.021599ms
Round took 4.617374ms
Round took 5.357353ms
Round took 5.091574ms
Round took 5.567795ms
Round took 4.917792ms
Round took 6.339726ms
Round took 4.704288ms
Round took 4.444385ms
Round took 4.899835ms
Round took 5.638604ms
Round took 5.266522ms
Round took 4.444133ms
Round took 5.393659ms
Round took 5.536244ms
Round took 4.336833ms
Round took 5.996411ms
Round took 4.066587ms
Round took 5.391105ms
Round took 4.698093ms
Round took 4.928038ms
Round took 5.229316ms
Round took 4.79855ms
Round took 5.026551ms
Round took 5.581905ms
Round took 5.096711ms
Round took 4.862885ms
Round took 4.528788ms
Round took 5.102702ms
Round took 5.778471ms
Round took 4.154892ms
Round took 4.940942ms
Round took 5.996605ms
Round took 4.251574ms
Round took 4.981402ms
Round took 4.897723ms
Round took 6.473026ms
Round took 5.115489ms
Round took 4.967786ms
Round took 5.657454ms
Round took 3.883219ms
Round took 5.251411ms
Round took 5.113576ms
Round took 6.222479ms
Round took 4.90619ms
Round took 5.261292ms
Round took 5.099596ms
Round took 3.701774ms
Round took 5.43584ms
Round took 4.856462ms
Round took 5.649141ms
Round took 5.26321ms
Round took 4.552257ms
Round took 6.173164ms
Round took 3.882961ms
Round took 5.376328ms
Round took 4.971672ms
Round took 5.417129ms
Round took 5.518269ms
Round took 4.264137ms
Round took 6.778595ms
Round took 6.41893ms
Round took 4.777649ms
Round took 4.706185ms
Round took 5.220079ms
Round took 5.236645ms
Round took 5.125754ms
Round took 4.545442ms
Round took 5.639763ms
Round took 4.96133ms
Round took 4.934287ms
Round took 4.927757ms
Round took 5.076278ms
Round took 5.988824ms
Round took 4.235186ms
Round took 5.128674ms
Round took 5.117407ms
Round took 5.043591ms
Round took 4.971691ms
Round took 5.396717ms
Round took 4.987403ms
Round took 5.223097ms
Round took 4.765929ms
Round took 4.99433ms
Round took 6.187255ms
Round took 4.791995ms
Round took 4.740586ms
Round took 6.122001ms
Round took 4.502262ms
Round took 5.595343ms
Round took 5.561804ms
Round took 4.330864ms
Round took 5.182341ms
Round took 5.226552ms
Round took 4.696458ms
Round took 5.002576ms
Round took 4.976628ms
Round took 6.743725ms
Round took 4.038136ms
Round took 5.180568ms
Round took 5.332092ms
Round took 5.033833ms
Round took 4.780872ms
Round took 6.522742ms
Round took 6.228683ms
Round took 5.378114ms
Round took 5.053986ms
Round took 4.566955ms
Round took 5.716389ms
Round took 4.5652ms
Round took 5.180247ms
Round took 4.823402ms
Round took 5.083036ms
Round took 5.912033ms
Round took 4.973092ms
Round took 5.900628ms
Round took 4.461587ms
Round took 5.004131ms
Round took 4.832452ms
Round took 5.517207ms
Round took 5.253637ms
Round took 4.462415ms
Round took 5.845105ms
Round took 4.401857ms
Round took 5.025224ms
Round took 4.745945ms
Round took 5.207068ms
Round took 5.042308ms
Round took 4.993927ms
Round took 5.299157ms
Round took 5.086925ms
Round took 5.730832ms
Round took 5.347957ms
Round took 4.708651ms
Round took 5.259886ms
Round took 5.015067ms
Round took 5.007516ms
Round took 5.536083ms
Round took 4.655982ms
Round took 4.770143ms
Round took 4.944732ms
Round took 5.819012ms
Round took 5.390445ms
Round took 4.588459ms
Round took 6.051777ms
Round took 4.629947ms
Round took 5.320155ms
Round took 5.123844ms
Round took 6.830111ms
Round took 5.517103ms
Round took 4.851545ms
Round took 3.879009ms
Round took 3.881819ms
Round took 5.252563ms
Round took 5.265708ms
Round took 6.020153ms
Round took 4.893375ms
Round took 6.612609ms
Round took 6.799105ms
Round took 4.760742ms
Round took 4.926816ms
Round took 5.0318ms
Round took 5.221674ms
Round took 4.867328ms
Round took 5.152102ms
Round took 4.96194ms
Round took 5.536338ms
Round took 4.952019ms
Round took 4.996674ms
Round took 5.990928ms
Round took 4.304621ms
Round took 4.878185ms
Round took 5.553502ms
Round took 5.001138ms
Round took 4.926082ms
Round took 5.192889ms
Round took 5.770515ms
Round took 5.482142ms
Round took 5.233066ms
Round took 5.191262ms
Round took 5.219313ms
Round took 4.730145ms
Round took 3.808033ms
Round took 5.287767ms
Round took 5.143941ms
Round took 5.417435ms
Round took 4.518378ms
Round took 7.159596ms
Round took 6.080536ms
Round took 4.499413ms
Round took 4.641639ms
Round took 4.713743ms
Round took 4.570199ms
Round took 3.577247ms
Round took 5.796866ms
Round took 6.02408ms
Round took 4.690469ms
Round took 5.200725ms
Round took 6.626109ms
Round took 6.616459ms
Round took 5.422065ms
Round took 4.684504ms
Round took 5.498973ms
Round took 4.51854ms
Round took 5.060301ms
Round took 7.304587ms
Round took 4.682294ms
Round took 5.431999ms
Round took 4.630994ms
Round took 4.456746ms
Round took 5.259652ms
Round took 5.399807ms
Round took 5.855327ms
Round took 4.218898ms
Round took 5.663317ms
Round took 4.24944ms
Round took 5.081501ms
Round took 5.124359ms
Round took 4.782511ms
Round took 6.328879ms
Round took 4.651125ms
Round took 4.776764ms
Round took 4.150035ms
Round took 6.107493ms
Round took 4.262543ms
Round took 5.336201ms
Round took 5.898562ms
Round took 4.75424ms
Round took 5.401619ms
Round took 4.274202ms
Round took 5.86428ms
Round took 4.95249ms
Round took 5.28035ms
Round took 5.228252ms
Round took 5.202816ms
Round took 4.778741ms
Round took 6.354675ms
Round took 6.694314ms
Round took 5.335833ms
Round took 5.376783ms
Round took 4.178615ms
Round took 6.699674ms
Round took 6.706502ms
Round took 5.80027ms
Round took 4.176125ms
Round took 7.132037ms
Test took 5.241138973s
Successful: 10000
