Uniform distribution
2021/04/16 21:40:47 The leader is replica 0
Round took 7.88658ms
Round took 6.939997ms
Round took 6.568879ms
Round took 4.083537ms
Round took 5.739601ms
Round took 4.882595ms
Round took 5.87226ms
Round took 4.910694ms
Round took 4.825257ms
Round took 4.853488ms
Round took 4.90168ms
Round took 5.148791ms
Round took 5.133477ms
Round took 5.560874ms
Round took 5.080286ms
Round took 4.937009ms
Round took 5.415984ms
Round took 4.902047ms
Round took 4.841828ms
Round took 5.20394ms
Round took 5.475298ms
Round took 4.962192ms
Round took 4.511157ms
Round took 4.992368ms
Round took 5.466139ms
Round took 4.831046ms
Round took 5.043684ms
Round took 5.658201ms
Round took 4.353359ms
Round took 5.202704ms
Round took 4.867187ms
Round took 5.409515ms
Round took 5.15253ms
Round took 4.880912ms
Round took 5.303131ms
Round took 6.610933ms
Round took 8.056404ms
Round took 7.108635ms
Round took 4.787101ms
Round took 3.935268ms
Round took 6.549941ms
Round took 5.667328ms
Round took 6.523836ms
Round took 4.046716ms
Round took 5.667609ms
Round took 5.02267ms
Round took 5.201026ms
Round took 4.769503ms
Round took 5.597668ms
Round took 6.389603ms
Round took 4.794761ms
Round took 5.91587ms
Round took 4.178951ms
Round took 3.649958ms
Round took 5.79593ms
Round took 5.179428ms
Round took 5.522228ms
Round took 4.934904ms
Round took 4.728842ms
Round took 5.11355ms
Round took 5.373838ms
Round took 4.575951ms
Round took 5.273104ms
Round took 5.61624ms
Round took 6.588173ms
Round took 5.258428ms
Round took 4.183925ms
Round took 4.950649ms
Round took 5.252944ms
Round took 4.786125ms
Round took 5.424935ms
Round took 5.093429ms
Round took 4.681085ms
Round took 4.731204ms
Round took 5.246447ms
Round took 4.915118ms
Round took 4.550781ms
Round took 4.560333ms
Round took 5.461558ms
Round took 4.835262ms
Round took 4.632986ms
Round took 5.554987ms
Round took 5.288327ms
Round took 5.191521ms
Round took 4.671596ms
Round took 4.831718ms
Round took 5.688462ms
Round took 5.064015ms
Round took 5.817392ms
Round took 4.504696ms
Round took 4.892929ms
Round took 4.980323ms
Round took 4.989282ms
Round took 5.538037ms
Round took 5.046217ms
Round took 5.116401ms
Round took 5.665717ms
Round took 4.564624ms
Round took 4.998763ms
Round took 4.7865ms
Round took 5.412458ms
Round took 4.837772ms
Round took 4.861591ms
Round took 5.801625ms
Round took 5.089935ms
Round took 4.059204ms
Round took 4.222059ms
Round took 5.199216ms
Round took 5.832784ms
Round took 5.072655ms
Round took 5.038304ms
Round took 4.987636ms
Round took 5.038781ms
Round took 5.004933ms
Round took 5.084155ms
Round took 5.300393ms
Round took 4.932163ms
Round took 4.888611ms
Round took 5.459375ms
Round took 5.238433ms
Round took 4.558151ms
Round took 5.043748ms
Round took 5.499244ms
Round took 4.936671ms
Round took 5.216151ms
Round took 4.48339ms
Round took 5.483733ms
Round took 5.387053ms
Round took 5.162928ms
Round took 5.274578ms
Round took 5.543022ms
Round took 4.30676ms
Round took 4.5306ms
Round took 5.430518ms
Round took 5.086827ms
Round took 4.600051ms
Round took 4.867596ms
Round took 5.879772ms
Round took 4.178055ms
Round took 5.293022ms
Round took 4.722933ms
Round took 5.912877ms
Round took 5.403043ms
Round took 6.761806ms
Round took 4.813891ms
Round took 5.100025ms
Round took 4.524323ms
Round took 3.798839ms
Round took 4.149568ms
Round took 5.840822ms
Round took 5.552024ms
Round took 5.679851ms
Round took 4.698091ms
Round took 4.179196ms
Round took 5.494553ms
Round took 5.216252ms
Round took 4.894515ms
Round took 5.101676ms
Round took 4.599455ms
Round took 5.277416ms
Round took 4.971654ms
Round took 4.972457ms
Round took 4.456037ms
Round took 5.297251ms
Round took 5.039879ms
Round took 5.014863ms
Round took 5.370284ms
Round took 5.255738ms
Round took 5.233292ms
Round took 4.396275ms
Round took 5.167064ms
Round took 5.538914ms
Round took 4.342673ms
Round took 5.507827ms
Round took 5.152081ms
Round took 4.650828ms
Round took 5.152388ms
Round took 5.262857ms
Round took 5.335143ms
Round took 4.942615ms
Round took 4.63466ms
Round took 5.530723ms
Round took 5.633392ms
Round took 4.342831ms
Round took 4.878928ms
Round took 5.814708ms
Round took 4.851696ms
Round took 4.760933ms
Round took 5.057989ms
Round took 5.766585ms
Round took 5.16604ms
Round took 4.87757ms
Round took 4.705423ms
Round took 5.951189ms
Round took 4.842575ms
Round took 5.52388ms
Round took 4.865172ms
Round took 5.05986ms
Round took 4.982839ms
Round took 5.310351ms
Round took 4.973131ms
Round took 4.410834ms
Round took 4.736709ms
Round took 5.748344ms
Round took 4.896434ms
Round took 4.38549ms
Round took 5.532546ms
Round took 4.839062ms
Round took 5.159989ms
Round took 4.698196ms
Round took 4.838867ms
Round took 5.718591ms
Round took 5.516777ms
Round took 4.725819ms
Round took 5.70112ms
Round took 5.012726ms
Round took 4.368894ms
Round took 4.64962ms
Round took 5.531227ms
Round took 5.224366ms
Round took 5.010473ms
Round took 4.537499ms
Round took 5.667053ms
Round took 5.006131ms
Round took 4.765842ms
Round took 5.265655ms
Round took 5.336704ms
Round took 4.462572ms
Round took 5.314245ms
Round took 5.396865ms
Round took 4.830934ms
Round took 4.578965ms
Round took 4.793678ms
Round took 6.253701ms
Round took 4.029233ms
Round took 5.320078ms
Round took 4.814658ms
Round took 5.446694ms
Round took 4.888734ms
Round took 4.868893ms
Round took 5.888576ms
Round took 4.615004ms
Round took 5.137804ms
Round took 4.855539ms
Round took 5.323962ms
Round took 4.86727ms
Round took 5.110041ms
Round took 4.946131ms
Round took 5.190465ms
Round took 5.249945ms
Round took 5.01056ms
Round took 5.385597ms
Round took 4.576889ms
Round took 5.326451ms
Round took 4.869813ms
Round took 5.239143ms
Round took 6.223957ms
Round took 6.379538ms
Round took 4.831086ms
Round took 3.831425ms
Round took 4.133687ms
Round took 4.912142ms
Round took 5.727375ms
Round took 4.747499ms
Round took 4.754866ms
Round took 5.047749ms
Round took 5.627866ms
Round took 4.499925ms
Round took 4.961768ms
Round took 5.057678ms
Round took 5.348863ms
Round took 4.908673ms
Round took 5.305735ms
Round took 5.199707ms
Round took 4.767911ms
Round took 5.598121ms
Round took 5.883577ms
Round took 4.218983ms
Round took 4.538135ms
Round took 5.013478ms
Round took 5.760606ms
Round took 4.813157ms
Round took 4.905668ms
Round took 5.184039ms
Round took 5.236954ms
Round took 4.633352ms
Round took 5.235755ms
Round took 5.560826ms
Round took 4.703778ms
Round took 5.327962ms
Round took 4.580653ms
Round took 5.305995ms
Round took 4.898085ms
Round took 5.048485ms
Round took 5.916157ms
Round took 4.905537ms
Round took 4.723266ms
Round took 4.632203ms
Round took 4.743323ms
Round took 5.642625ms
Round took 4.851119ms
Round took 4.732439ms
Round took 5.406198ms
Round took 5.290103ms
Round took 4.90681ms
Round took 5.52952ms
Round took 4.809897ms
Round took 4.852841ms
Round took 5.157358ms
Round took 5.044416ms
Round took 4.825876ms
Round took 5.662161ms
Round took 5.683429ms
Round took 4.947432ms
Round took 4.852599ms
Round took 5.692401ms
Round took 4.542367ms
Round took 4.988472ms
Round took 4.277283ms
Round took 6.051727ms
Round took 4.723009ms
Round took 5.719878ms
Round took 4.353853ms
Round took 5.950146ms
Round took 4.707051ms
Round took 4.812444ms
Round took 6.122414ms
Round took 4.135771ms
Round took 4.275688ms
Round took 5.043622ms
Round took 6.206459ms
Round took 4.238919ms
Round took 5.472264ms
Round took 4.455106ms
Round took 4.788209ms
Round took 5.271963ms
Round took 5.434101ms
Round took 5.110159ms
Round took 5.334329ms
Round took 4.846887ms
Round took 4.912794ms
Round took 5.717627ms
Round took 4.805527ms
Round took 4.644835ms
Round took 4.828336ms
Round took 4.51698ms
Round took 5.614092ms
Round took 4.63596ms
Round took 5.191581ms
Round took 4.92453ms
Round took 5.74724ms
Round took 4.522422ms
Round took 5.074812ms
Round took 5.737458ms
Round took 4.688368ms
Round took 5.397929ms
Round took 4.277575ms
Round took 5.791459ms
Round took 4.94749ms
Round took 5.004327ms
Round took 5.436438ms
Round took 4.75716ms
Round took 4.76352ms
Round took 4.758902ms
Round took 6.000316ms
Round took 4.639595ms
Round took 5.03587ms
Round took 5.787146ms
Round took 4.622935ms
Round took 4.967388ms
Round took 5.196127ms
Round took 5.249745ms
Round took 5.824726ms
Round took 4.126595ms
Round took 6.102746ms
Round took 4.12445ms
Round took 4.800806ms
Round took 5.554956ms
Round took 5.946744ms
Round took 4.862897ms
Round took 4.708172ms
Round took 5.73968ms
Round took 3.725574ms
Round took 5.611433ms
Round took 4.997897ms
Round took 5.622728ms
Round took 5.284565ms
Round took 4.461712ms
Round took 4.883102ms
Round took 5.306141ms
Round took 4.789461ms
Round took 5.345456ms
Round took 4.796232ms
Round took 5.978038ms
Round took 3.969576ms
Round took 5.304232ms
Round took 6.123954ms
Round took 5.272793ms
Round took 4.472692ms
Round took 4.511453ms
Round took 5.837031ms
Round took 3.951252ms
Round took 5.401782ms
Round took 6.347661ms
Round took 3.927314ms
Round took 7.342551ms
Round took 6.465395ms
Round took 4.403252ms
Round took 18.737764ms
Round took 4.968714ms
Round took 5.064011ms
Round took 4.937681ms
Round took 5.222106ms
Round took 5.056729ms
Round took 6.216385ms
Round took 4.56414ms
Round took 4.884716ms
Round took 4.966958ms
Round took 4.78727ms
Round took 5.595574ms
Round took 6.268427ms
Round took 4.922331ms
Round took 3.37348ms
Round took 5.754387ms
Round took 5.533402ms
Round took 4.946505ms
Round took 4.825781ms
Round took 4.889744ms
Round took 5.58514ms
Round took 4.853592ms
Round took 5.108192ms
Round took 5.025064ms
Round took 5.008709ms
Round took 5.364443ms
Round took 4.880362ms
Round took 5.03457ms
Round took 4.994737ms
Round took 4.981035ms
Round took 4.875014ms
Round took 5.563807ms
Round took 4.794117ms
Round took 5.165752ms
Round took 4.900825ms
Round took 5.143715ms
Round took 5.330053ms
Round took 4.632996ms
Round took 5.585798ms
Round took 4.647052ms
Round took 4.600951ms
Round took 5.40577ms
Round took 5.078037ms
Round took 5.191434ms
Round took 4.616768ms
Round took 5.223332ms
Round took 6.220108ms
Round took 4.310148ms
Round took 4.506865ms
Round took 5.226423ms
Round took 5.055068ms
Round took 4.95015ms
Round took 5.258097ms
Round took 5.002867ms
Round took 5.183682ms
Round took 4.592488ms
Round took 5.1534ms
Round took 5.426599ms
Round took 5.117159ms
Round took 5.003788ms
Round took 5.043284ms
Round took 5.268793ms
Round took 4.721254ms
Round took 5.230628ms
Round took 5.506676ms
Round took 4.907057ms
Round took 5.042969ms
Round took 4.797031ms
Round took 4.933931ms
Round took 5.432129ms
Round took 4.7902ms
Round took 5.238351ms
Round took 5.035885ms
Round took 4.92784ms
Round took 4.899404ms
Round took 5.436954ms
Round took 5.944657ms
Round took 4.51029ms
Round took 5.015437ms
Round took 5.365831ms
Round took 4.659172ms
Round took 4.514036ms
Round took 6.358879ms
Round took 3.863085ms
Round took 5.300594ms
Round took 4.573704ms
Round took 6.175673ms
Round took 4.232184ms
Round took 4.888889ms
Round took 5.31075ms
Round took 5.461189ms
Round took 4.891417ms
Round took 5.006442ms
Round took 4.98014ms
Round took 5.158442ms
Round took 5.155013ms
Round took 4.834474ms
Round took 5.684443ms
Round took 5.012431ms
Round took 4.3036ms
Round took 5.222175ms
Round took 5.583705ms
Round took 5.126313ms
Round took 4.600091ms
Round took 5.229541ms
Round took 4.980149ms
Round took 5.418355ms
Round took 4.222992ms
Round took 5.06764ms
Round took 5.072819ms
Round took 5.181901ms
Round took 5.144806ms
Round took 5.125217ms
Round took 4.943477ms
Round took 4.925587ms
Round took 5.142641ms
Round took 5.452786ms
Round took 4.691209ms
Round took 5.337231ms
Round took 4.853776ms
Round took 5.897193ms
Round took 4.453709ms
Round took 5.393024ms
Round took 5.382415ms
Round took 4.452667ms
Round took 4.648241ms
Round took 4.963114ms
Round took 5.29416ms
Round took 4.982688ms
Round took 4.973299ms
Round took 4.927912ms
Round took 5.461758ms
Round took 4.982801ms
Round took 4.796863ms
Round took 5.784038ms
Round took 5.172084ms
Round took 4.944146ms
Round took 5.318919ms
Round took 4.760529ms
Round took 5.043805ms
Round took 4.561104ms
Round took 5.331646ms
Round took 5.164502ms
Round took 5.302822ms
Round took 4.569032ms
Round took 5.413228ms
Round took 5.080906ms
Round took 5.306169ms
Round took 4.781878ms
Round took 6.036364ms
Round took 4.707641ms
Round took 4.639742ms
Round took 6.111715ms
Round took 4.760954ms
Round took 4.313189ms
Round took 5.408349ms
Round took 5.131064ms
Round took 4.84987ms
Round took 5.231798ms
Round took 4.781662ms
Round took 5.763432ms
Round took 5.083726ms
Round took 5.091312ms
Round took 5.600573ms
Round took 4.394408ms
Round took 5.111382ms
Round took 4.537371ms
Round took 5.125325ms
Round took 4.663842ms
Round took 4.5384ms
Round took 5.115549ms
Round took 5.797457ms
Round took 4.496588ms
Round took 4.956395ms
Round took 5.033588ms
Round took 5.621903ms
Round took 4.73641ms
Round took 4.986341ms
Round took 5.299008ms
Round took 4.945228ms
Round took 5.210484ms
Round took 4.47281ms
Round took 5.395174ms
Round took 5.202607ms
Round took 4.441675ms
Round took 5.373934ms
Round took 5.52055ms
Round took 4.62515ms
Round took 5.130701ms
Round took 5.014078ms
Round took 4.945891ms
Round took 5.311303ms
Round took 4.683139ms
Round took 6.313998ms
Round took 3.836849ms
Round took 5.231517ms
Round took 5.316765ms
Round took 5.130393ms
Round took 5.18503ms
Round took 4.799395ms
Round took 5.067382ms
Round took 5.03375ms
Round took 4.945508ms
Round took 5.276511ms
Round took 5.419164ms
Round took 5.529152ms
Round took 4.213565ms
Round took 5.028702ms
Round took 5.735096ms
Round took 4.227609ms
Round took 5.489099ms
Round took 4.718791ms
Round took 5.431965ms
Round took 4.777422ms
Round took 4.974415ms
Round took 5.907657ms
Round took 4.065579ms
Round took 5.222336ms
Round took 4.964999ms
Round took 5.627675ms
Round took 4.682199ms
Round took 5.210225ms
Round took 4.668689ms
Round took 5.461474ms
Round took 4.888959ms
Round took 5.324555ms
Round took 5.168576ms
Round took 4.885788ms
Round took 4.796676ms
Round took 5.251385ms
Round took 5.406692ms
Round took 4.618185ms
Round took 4.74574ms
Round took 5.017478ms
Round took 5.014375ms
Round took 5.121177ms
Round took 4.919512ms
Round took 5.295982ms
Round took 5.128654ms
Round took 4.915896ms
Round took 4.914282ms
Round took 6.009274ms
Round took 4.531658ms
Round took 4.870036ms
Round took 4.989506ms
Round took 5.301378ms
Round took 4.730796ms
Round took 5.042682ms
Round took 6.207796ms
Round took 4.202578ms
Round took 5.034219ms
Round took 4.903562ms
Round took 5.044171ms
Round took 5.233994ms
Round took 4.7976ms
Round took 5.280303ms
Round took 5.199735ms
Round took 4.587696ms
Round took 4.914705ms
Round took 5.247695ms
Round took 4.928661ms
Round took 5.008747ms
Round took 5.044398ms
Round took 5.389481ms
Round took 4.712861ms
Round took 5.182176ms
Round took 4.788803ms
Round took 6.645143ms
Round took 4.761738ms
Round took 4.243449ms
Round took 5.160583ms
Round took 5.72572ms
Round took 4.34499ms
Round took 4.913815ms
Round took 5.21656ms
Round took 5.030407ms
Round took 5.31851ms
Round took 4.830143ms
Round took 5.439278ms
Round took 4.884553ms
Round took 4.836538ms
Round took 5.381754ms
Round took 4.754293ms
Round took 5.019008ms
Round took 5.173807ms
Round took 4.792775ms
Round took 5.76658ms
Round took 4.739727ms
Round took 5.101877ms
Round took 5.682573ms
Round took 4.372955ms
Round took 4.900735ms
Round took 5.45983ms
Round took 7.280603ms
Round took 4.980156ms
Round took 5.963868ms
Round took 5.86459ms
Round took 5.07779ms
Round took 5.222256ms
Round took 4.78399ms
Round took 4.286572ms
Round took 4.72572ms
Round took 4.766173ms
Round took 4.849828ms
Round took 4.774061ms
Round took 5.106301ms
Round took 5.749821ms
Round took 5.034821ms
Round took 5.056592ms
Round took 4.661698ms
Round took 5.613371ms
Round took 4.608564ms
Round took 4.81646ms
Round took 5.449018ms
Round took 5.437883ms
Round took 5.14706ms
Round took 4.336093ms
Round took 5.38898ms
Round took 5.196443ms
Round took 5.341649ms
Round took 4.466213ms
Round took 5.327551ms
Round took 5.364378ms
Round took 4.262215ms
Round took 5.972077ms
Round took 4.409714ms
Round took 5.66428ms
Round took 4.735579ms
Round took 5.19852ms
Round took 4.846076ms
Round took 4.91035ms
Round took 5.046694ms
Round took 5.575495ms
Round took 4.789531ms
Round took 4.752157ms
Round took 4.74679ms
Round took 5.627309ms
Round took 5.723391ms
Round took 4.350762ms
Round took 5.46788ms
Round took 5.471699ms
Round took 4.321842ms
Round took 5.064782ms
Round took 4.658295ms
Round took 8.156575ms
Round took 4.16493ms
Round took 4.667333ms
Round took 4.374131ms
Round took 3.862791ms
Round took 5.25638ms
Round took 5.163211ms
Round took 6.241043ms
Round took 4.851634ms
Round took 5.272102ms
Round took 4.503277ms
Round took 3.540829ms
Round took 5.5186ms
Round took 4.822064ms
Round took 5.440085ms
Round took 5.273111ms
Round took 4.588657ms
Round took 6.082915ms
Round took 3.90571ms
Round took 5.473178ms
Round took 4.940604ms
Round took 5.456358ms
Round took 5.288099ms
Round took 4.369189ms
Round took 5.251548ms
Round took 5.978997ms
Round took 4.786192ms
Round took 4.305196ms
Round took 5.324811ms
Round took 5.498256ms
Round took 4.559438ms
Round took 5.314657ms
Round took 4.24083ms
Round took 6.124832ms
Round took 4.47535ms
Round took 4.890608ms
Round took 5.769163ms
Round took 4.760047ms
Round took 5.354529ms
Round took 4.282232ms
Round took 5.360234ms
Round took 4.814134ms
Round took 5.093066ms
Round took 5.814241ms
Round took 4.921822ms
Round took 4.723219ms
Round took 5.128332ms
Round took 4.985719ms
Round took 5.709492ms
Round took 5.287436ms
Round took 5.711377ms
Round took 4.266499ms
Round took 5.67259ms
Round took 4.785338ms
Round took 6.43961ms
Round took 4.552978ms
Round took 4.345774ms
Round took 5.664573ms
Round took 4.561927ms
Round took 4.435326ms
Round took 4.894056ms
Round took 4.948055ms
Round took 5.722316ms
Round took 4.295303ms
Round took 5.180018ms
Round took 4.859569ms
Round took 5.429689ms
Round took 4.842533ms
Round took 5.572956ms
Round took 4.707873ms
Round took 5.530156ms
Round took 4.954027ms
Round took 5.724855ms
Round took 4.553557ms
Round took 5.634236ms
Round took 4.420719ms
Round took 5.630248ms
Round took 4.523557ms
Round took 4.472482ms
Round took 6.617553ms
Round took 3.897394ms
Round took 5.977403ms
Round took 4.122178ms
Round took 5.774941ms
Round took 4.470149ms
Round took 5.543272ms
Round took 5.715646ms
Round took 4.384547ms
Round took 5.36229ms
Round took 4.106727ms
Round took 5.040746ms
Round took 4.900621ms
Round took 4.904142ms
Round took 4.943027ms
Round took 4.972301ms
Round took 5.827111ms
Round took 4.84114ms
Round took 4.878083ms
Round took 5.236789ms
Round took 4.802038ms
Round took 5.188359ms
Round took 4.980418ms
Round took 5.7455ms
Round took 4.226523ms
Round took 4.786148ms
Round took 4.615319ms
Round took 4.905191ms
Round took 5.721124ms
Round took 5.266284ms
Round took 4.598239ms
Round took 5.455311ms
Round took 4.829235ms
Round took 5.018763ms
Round took 4.95328ms
Round took 6.404355ms
Round took 6.036357ms
Round took 4.89463ms
Round took 4.796768ms
Round took 3.477751ms
Round took 5.26224ms
Round took 5.194964ms
Round took 6.106951ms
Round took 4.896842ms
Round took 6.026252ms
Round took 3.258505ms
Round took 6.605443ms
Round took 4.182175ms
Round took 4.955439ms
Round took 5.554775ms
Round took 4.603387ms
Round took 4.869399ms
Round took 5.1342ms
Round took 5.447635ms
Round took 4.659933ms
Round took 5.185949ms
Round took 5.987924ms
Round took 4.6263ms
Round took 4.584803ms
Round took 4.748193ms
Round took 5.647501ms
Round took 4.82653ms
Round took 4.974961ms
Round took 5.625022ms
Round took 6.098177ms
Round took 4.924557ms
Round took 5.362292ms
Round took 5.074559ms
Round took 5.200046ms
Round took 4.483038ms
Round took 3.81959ms
Round took 7.139186ms
Round took 6.894645ms
Round took 4.243215ms
Round took 5.484256ms
Round took 7.828619ms
Round took 3.965798ms
Round took 5.122927ms
Round took 4.641512ms
Round took 5.080521ms
Round took 3.511407ms
Round took 5.306331ms
Round took 5.984739ms
Round took 4.668374ms
Round took 5.015467ms
Round took 5.115313ms
Round took 5.010555ms
Round took 5.900591ms
Round took 6.06105ms
Round took 4.161784ms
Round took 5.232869ms
Round took 4.653365ms
Round took 5.373482ms
Round took 5.141567ms
Round took 4.352886ms
Round took 5.047664ms
Round took 4.830214ms
Round took 4.989709ms
Round took 5.2409ms
Round took 5.27176ms
Round took 5.859202ms
Round took 4.210792ms
Round took 5.347154ms
Round took 4.765129ms
Round took 5.161011ms
Round took 5.082149ms
Round took 4.792976ms
Round took 6.131879ms
Round took 4.577452ms
Round took 4.491684ms
Round took 4.514102ms
Round took 5.97882ms
Round took 4.292767ms
Round took 5.346073ms
Round took 4.892612ms
Round took 5.317001ms
Round took 5.089087ms
Round took 4.709258ms
Round took 5.368845ms
Round took 5.162628ms
Round took 5.106437ms
Round took 5.091558ms
Round took 5.182949ms
Round took 4.769894ms
Round took 5.050096ms
Round took 5.230478ms
Round took 5.51597ms
Round took 4.888848ms
Round took 4.826592ms
Round took 4.283104ms
Round took 6.277674ms
Round took 4.877278ms
Round took 6.02324ms
Round took 5.56055ms
Round took 4.103918ms
Round took 4.472605ms
Round took 4.854212ms
Round took 5.771954ms
Round took 4.685658ms
Round took 5.163764ms
Round took 6.470987ms
Round took 4.28314ms
Round took 5.070273ms
Round took 4.842135ms
Round took 5.031743ms
Round took 5.217147ms
Round took 4.770402ms
Round took 5.616051ms
Round took 4.644021ms
Round took 5.099538ms
Round took 5.021184ms
Round took 4.945051ms
Round took 5.174325ms
Round took 5.097391ms
Round took 4.960097ms
Round took 5.35291ms
Round took 5.043421ms
Round took 5.017483ms
Round took 5.247167ms
Round took 4.814638ms
Round took 5.282076ms
Round took 4.674006ms
Round took 5.152987ms
Round took 5.171773ms
Round took 4.991372ms
Round took 5.386145ms
Round took 6.713952ms
Round took 3.370951ms
Round took 4.991664ms
Test took 5.127897134s
Successful: 10000
