Uniform distribution
2021/04/16 21:40:47 The leader is replica 0
Round took 7.099127ms
Round took 6.978391ms
Round took 6.480701ms
Round took 4.085171ms
Round took 5.686593ms
Round took 4.904177ms
Round took 5.422188ms
Round took 5.175685ms
Round took 4.890291ms
Round took 5.136042ms
Round took 4.776268ms
Round took 4.7241ms
Round took 5.189161ms
Round took 5.632288ms
Round took 5.068077ms
Round took 4.97053ms
Round took 5.388005ms
Round took 4.908151ms
Round took 4.805159ms
Round took 5.222353ms
Round took 5.52728ms
Round took 4.956388ms
Round took 4.561917ms
Round took 5.043685ms
Round took 5.459367ms
Round took 4.900405ms
Round took 5.164868ms
Round took 5.683817ms
Round took 4.318765ms
Round took 5.196045ms
Round took 4.786114ms
Round took 5.381687ms
Round took 5.203207ms
Round took 4.91899ms
Round took 6.177523ms
Round took 6.158317ms
Round took 7.896463ms
Round took 7.211776ms
Round took 4.622733ms
Round took 4.022231ms
Round took 6.85683ms
Round took 5.068001ms
Round took 6.56146ms
Round took 4.202847ms
Round took 5.668198ms
Round took 5.537629ms
Round took 4.99157ms
Round took 4.432951ms
Round took 6.428238ms
Round took 5.613622ms
Round took 5.035286ms
Round took 5.555266ms
Round took 4.189519ms
Round took 3.858567ms
Round took 5.737814ms
Round took 5.767464ms
Round took 5.095679ms
Round took 4.934311ms
Round took 4.680035ms
Round took 5.891042ms
Round took 5.330631ms
Round took 3.889553ms
Round took 5.716701ms
Round took 6.715964ms
Round took 5.607372ms
Round took 4.758818ms
Round took 6.187603ms
Round took 5.283303ms
Round took 4.757733ms
Round took 5.165942ms
Round took 5.230094ms
Round took 4.826784ms
Round took 4.951904ms
Round took 5.223241ms
Round took 5.035445ms
Round took 5.259664ms
Round took 4.638595ms
Round took 5.267038ms
Round took 5.063101ms
Round took 4.97657ms
Round took 5.42071ms
Round took 5.558311ms
Round took 5.091643ms
Round took 4.646965ms
Round took 4.796425ms
Round took 5.668651ms
Round took 5.17085ms
Round took 5.434525ms
Round took 4.745618ms
Round took 4.939597ms
Round took 4.994482ms
Round took 5.03607ms
Round took 5.607876ms
Round took 4.86416ms
Round took 5.102285ms
Round took 5.629274ms
Round took 4.507562ms
Round took 4.681091ms
Round took 4.853111ms
Round took 5.778445ms
Round took 4.770151ms
Round took 4.302162ms
Round took 5.212717ms
Round took 5.63347ms
Round took 4.412043ms
Round took 4.520817ms
Round took 5.141769ms
Round took 5.839739ms
Round took 5.008366ms
Round took 5.002595ms
Round took 4.806644ms
Round took 5.277019ms
Round took 5.096807ms
Round took 5.119516ms
Round took 5.570071ms
Round took 4.617555ms
Round took 4.561496ms
Round took 5.275232ms
Round took 5.501217ms
Round took 4.599956ms
Round took 4.779462ms
Round took 4.94977ms
Round took 5.343725ms
Round took 5.275784ms
Round took 4.535859ms
Round took 5.046644ms
Round took 5.539545ms
Round took 5.174408ms
Round took 4.700373ms
Round took 6.022004ms
Round took 4.415663ms
Round took 4.523485ms
Round took 5.312577ms
Round took 5.148243ms
Round took 4.781892ms
Round took 4.938994ms
Round took 5.240632ms
Round took 4.759433ms
Round took 4.902377ms
Round took 4.875339ms
Round took 5.833494ms
Round took 4.927802ms
Round took 6.039406ms
Round took 5.648647ms
Round took 5.040567ms
Round took 4.906708ms
Round took 3.759841ms
Round took 4.017843ms
Round took 5.878736ms
Round took 5.528137ms
Round took 5.08767ms
Round took 5.270791ms
Round took 4.212591ms
Round took 5.315783ms
Round took 4.526739ms
Round took 5.431658ms
Round took 5.102665ms
Round took 4.610174ms
Round took 5.219129ms
Round took 5.102034ms
Round took 5.471763ms
Round took 4.484297ms
Round took 4.950675ms
Round took 5.116922ms
Round took 5.062173ms
Round took 5.011984ms
Round took 5.563048ms
Round took 5.18525ms
Round took 4.497769ms
Round took 5.129486ms
Round took 5.626573ms
Round took 4.632647ms
Round took 5.501583ms
Round took 4.653707ms
Round took 5.170389ms
Round took 4.979314ms
Round took 5.418393ms
Round took 5.287636ms
Round took 5.065388ms
Round took 4.614861ms
Round took 5.163635ms
Round took 5.868537ms
Round took 4.31647ms
Round took 4.767689ms
Round took 5.294561ms
Round took 5.263556ms
Round took 5.008352ms
Round took 4.960728ms
Round took 5.719809ms
Round took 5.361944ms
Round took 4.982651ms
Round took 4.711127ms
Round took 6.026231ms
Round took 4.794984ms
Round took 5.080836ms
Round took 5.320395ms
Round took 4.933473ms
Round took 5.009115ms
Round took 5.36004ms
Round took 5.06921ms
Round took 4.517881ms
Round took 4.761597ms
Round took 5.71178ms
Round took 4.95586ms
Round took 4.407682ms
Round took 5.518485ms
Round took 4.76985ms
Round took 5.246646ms
Round took 4.65515ms
Round took 4.913421ms
Round took 5.779516ms
Round took 5.398473ms
Round took 4.734542ms
Round took 5.726606ms
Round took 4.99798ms
Round took 4.447329ms
Round took 4.61306ms
Round took 5.525885ms
Round took 5.281328ms
Round took 4.966473ms
Round took 4.602149ms
Round took 5.711799ms
Round took 4.943074ms
Round took 4.879813ms
Round took 5.248648ms
Round took 5.365903ms
Round took 4.456554ms
Round took 5.368874ms
Round took 5.590719ms
Round took 5.065687ms
Round took 5.135473ms
Round took 5.001696ms
Round took 6.084021ms
Round took 4.128337ms
Round took 5.693222ms
Round took 4.330001ms
Round took 5.232082ms
Round took 4.846446ms
Round took 4.989239ms
Round took 6.089638ms
Round took 4.613417ms
Round took 5.094231ms
Round took 5.631307ms
Round took 5.330289ms
Round took 4.832677ms
Round took 5.537865ms
Round took 5.41141ms
Round took 4.536935ms
Round took 5.604846ms
Round took 4.496783ms
Round took 5.275297ms
Round took 4.562138ms
Round took 5.94439ms
Round took 4.819335ms
Round took 3.903751ms
Round took 7.504615ms
Round took 5.275464ms
Round took 4.93763ms
Round took 4.747408ms
Round took 4.105613ms
Round took 4.845196ms
Round took 5.205931ms
Round took 4.659103ms
Round took 5.915088ms
Round took 4.394641ms
Round took 5.249557ms
Round took 4.618244ms
Round took 5.693703ms
Round took 4.469268ms
Round took 4.819074ms
Round took 4.864139ms
Round took 5.367116ms
Round took 5.2961ms
Round took 4.843342ms
Round took 6.623329ms
Round took 4.515759ms
Round took 4.134178ms
Round took 4.550288ms
Round took 5.033368ms
Round took 5.833152ms
Round took 4.727616ms
Round took 4.939356ms
Round took 5.432594ms
Round took 4.833727ms
Round took 4.710458ms
Round took 5.179169ms
Round took 5.897252ms
Round took 4.599157ms
Round took 5.393226ms
Round took 4.704086ms
Round took 5.076958ms
Round took 4.738116ms
Round took 5.033572ms
Round took 6.103993ms
Round took 4.233532ms
Round took 5.118416ms
Round took 5.924412ms
Round took 4.194898ms
Round took 5.067605ms
Round took 4.940518ms
Round took 4.695829ms
Round took 5.461421ms
Round took 5.250379ms
Round took 4.952088ms
Round took 5.760365ms
Round took 4.704328ms
Round took 5.232454ms
Round took 5.668293ms
Round took 4.384313ms
Round took 4.667533ms
Round took 5.898523ms
Round took 5.380024ms
Round took 4.827816ms
Round took 4.886486ms
Round took 5.655784ms
Round took 4.50717ms
Round took 4.982803ms
Round took 4.25191ms
Round took 6.001899ms
Round took 4.77721ms
Round took 5.626077ms
Round took 4.49528ms
Round took 5.96156ms
Round took 4.693085ms
Round took 4.786099ms
Round took 6.13208ms
Round took 4.163778ms
Round took 4.327141ms
Round took 4.983106ms
Round took 6.174262ms
Round took 4.218292ms
Round took 5.5821ms
Round took 4.473806ms
Round took 5.220265ms
Round took 4.856811ms
Round took 5.440951ms
Round took 5.117961ms
Round took 5.336356ms
Round took 4.860232ms
Round took 4.900764ms
Round took 5.700574ms
Round took 4.718561ms
Round took 4.655813ms
Round took 4.804314ms
Round took 4.545459ms
Round took 5.7525ms
Round took 4.705063ms
Round took 5.256583ms
Round took 5.806155ms
Round took 5.700552ms
Round took 4.453626ms
Round took 5.066841ms
Round took 5.814246ms
Round took 4.585924ms
Round took 5.863473ms
Round took 3.766644ms
Round took 5.83542ms
Round took 5.172788ms
Round took 5.288811ms
Round took 5.027504ms
Round took 4.864826ms
Round took 5.323193ms
Round took 4.744486ms
Round took 5.463291ms
Round took 3.97334ms
Round took 4.937491ms
Round took 5.729617ms
Round took 4.441459ms
Round took 4.908296ms
Round took 5.180313ms
Round took 5.272157ms
Round took 5.734647ms
Round took 4.161134ms
Round took 6.057725ms
Round took 3.995908ms
Round took 4.781261ms
Round took 5.53146ms
Round took 4.635769ms
Round took 4.995171ms
Round took 4.688622ms
Round took 5.837477ms
Round took 3.711118ms
Round took 5.614044ms
Round took 4.973117ms
Round took 5.604534ms
Round took 5.259308ms
Round took 4.455373ms
Round took 4.867368ms
Round took 5.300102ms
Round took 4.796564ms
Round took 5.363724ms
Round took 5.680483ms
Round took 5.270358ms
Round took 6.115355ms
Round took 5.353659ms
Round took 4.798285ms
Round took 6.252602ms
Round took 4.393515ms
Round took 5.139971ms
Round took 4.679478ms
Round took 5.801062ms
Round took 5.182882ms
Round took 5.04795ms
Round took 6.630041ms
Round took 5.27342ms
Round took 5.098036ms
Round took 4.237833ms
Round took 18.0281ms
Round took 4.917722ms
Round took 5.060854ms
Round took 4.941735ms
Round took 5.267043ms
Round took 5.148845ms
Round took 6.049487ms
Round took 4.651542ms
Round took 4.832018ms
Round took 4.940075ms
Round took 4.897858ms
Round took 5.665594ms
Round took 6.022392ms
Round took 4.918141ms
Round took 3.391792ms
Round took 5.769743ms
Round took 5.555875ms
Round took 4.934211ms
Round took 4.910464ms
Round took 4.845084ms
Round took 5.604198ms
Round took 4.826181ms
Round took 4.990135ms
Round took 4.97235ms
Round took 4.983071ms
Round took 5.332983ms
Round took 4.887428ms
Round took 5.102324ms
Round took 4.970551ms
Round took 4.962348ms
Round took 4.818385ms
Round took 5.542525ms
Round took 4.784648ms
Round took 5.139163ms
Round took 4.936938ms
Round took 5.206055ms
Round took 5.25349ms
Round took 4.657963ms
Round took 5.710562ms
Round took 4.691407ms
Round took 4.79077ms
Round took 5.378457ms
Round took 5.093753ms
Round took 5.169048ms
Round took 4.627767ms
Round took 5.27489ms
Round took 6.18845ms
Round took 4.25473ms
Round took 4.538132ms
Round took 5.278842ms
Round took 5.065812ms
Round took 4.87372ms
Round took 5.249032ms
Round took 5.768761ms
Round took 4.812223ms
Round took 4.491697ms
Round took 5.204888ms
Round took 5.181839ms
Round took 5.177753ms
Round took 5.089117ms
Round took 5.511176ms
Round took 4.833603ms
Round took 4.649983ms
Round took 5.20206ms
Round took 5.463434ms
Round took 4.92261ms
Round took 5.085436ms
Round took 4.74036ms
Round took 5.260107ms
Round took 5.393518ms
Round took 4.763449ms
Round took 5.476369ms
Round took 4.804746ms
Round took 4.790674ms
Round took 4.951163ms
Round took 5.425154ms
Round took 5.956318ms
Round took 4.544276ms
Round took 5.481837ms
Round took 4.950584ms
Round took 5.02578ms
Round took 4.483381ms
Round took 6.310936ms
Round took 3.482645ms
Round took 5.28022ms
Round took 4.601648ms
Round took 6.183725ms
Round took 4.296816ms
Round took 4.799928ms
Round took 5.291387ms
Round took 5.443865ms
Round took 4.921395ms
Round took 4.994118ms
Round took 5.509596ms
Round took 4.591749ms
Round took 5.156213ms
Round took 4.744018ms
Round took 5.759961ms
Round took 5.088337ms
Round took 4.447435ms
Round took 5.189026ms
Round took 5.514218ms
Round took 5.138973ms
Round took 4.6319ms
Round took 5.427525ms
Round took 4.77948ms
Round took 5.444033ms
Round took 4.363239ms
Round took 5.6885ms
Round took 4.828212ms
Round took 4.521199ms
Round took 5.145588ms
Round took 5.401597ms
Round took 4.73307ms
Round took 4.715834ms
Round took 5.180023ms
Round took 5.284131ms
Round took 4.735635ms
Round took 5.227317ms
Round took 4.947073ms
Round took 5.883397ms
Round took 4.418378ms
Round took 5.490345ms
Round took 5.382642ms
Round took 4.5662ms
Round took 4.681234ms
Round took 4.941712ms
Round took 5.712162ms
Round took 4.689627ms
Round took 5.059069ms
Round took 5.78863ms
Round took 5.018986ms
Round took 5.114401ms
Round took 4.837211ms
Round took 5.790393ms
Round took 4.380979ms
Round took 4.933639ms
Round took 5.884811ms
Round took 4.287783ms
Round took 5.115709ms
Round took 4.437099ms
Round took 5.556227ms
Round took 4.643951ms
Round took 5.490209ms
Round took 4.522371ms
Round took 5.643106ms
Round took 4.791946ms
Round took 5.362374ms
Round took 5.01331ms
Round took 5.994112ms
Round took 4.542903ms
Round took 4.621263ms
Round took 5.953397ms
Round took 4.9729ms
Round took 4.369275ms
Round took 5.384867ms
Round took 5.105548ms
Round took 4.752724ms
Round took 5.328516ms
Round took 4.643585ms
Round took 5.773676ms
Round took 5.23528ms
Round took 5.104189ms
Round took 5.390898ms
Round took 4.450755ms
Round took 5.190641ms
Round took 4.589364ms
Round took 5.911575ms
Round took 5.388258ms
Round took 4.832195ms
Round took 5.613326ms
Round took 5.372573ms
Round took 4.546063ms
Round took 5.333009ms
Round took 4.81489ms
Round took 5.639987ms
Round took 5.388797ms
Round took 5.061192ms
Round took 4.228638ms
Round took 5.150991ms
Round took 5.74286ms
Round took 4.017604ms
Round took 5.329539ms
Round took 5.375807ms
Round took 4.846783ms
Round took 5.021299ms
Round took 5.205885ms
Round took 4.675904ms
Round took 5.592514ms
Round took 5.243209ms
Round took 4.407344ms
Round took 5.647761ms
Round took 4.503912ms
Round took 6.192102ms
Round took 3.833062ms
Round took 5.538856ms
Round took 5.979832ms
Round took 4.459178ms
Round took 5.613119ms
Round took 4.193651ms
Round took 5.299155ms
Round took 4.801925ms
Round took 5.666472ms
Round took 5.200759ms
Round took 4.362336ms
Round took 5.557924ms
Round took 4.308852ms
Round took 5.071734ms
Round took 5.352844ms
Round took 4.57644ms
Round took 5.703853ms
Round took 4.397742ms
Round took 5.504508ms
Round took 5.330613ms
Round took 5.861205ms
Round took 5.035767ms
Round took 4.049665ms
Round took 5.566455ms
Round took 4.54252ms
Round took 5.145733ms
Round took 4.658229ms
Round took 6.000469ms
Round took 4.395934ms
Round took 4.812888ms
Round took 4.996719ms
Round took 5.490952ms
Round took 4.77736ms
Round took 4.994681ms
Round took 5.530141ms
Round took 5.033329ms
Round took 5.085636ms
Round took 4.575267ms
Round took 5.472882ms
Round took 4.839984ms
Round took 4.454659ms
Round took 5.164279ms
Round took 5.350601ms
Round took 5.464318ms
Round took 4.581784ms
Round took 5.024864ms
Round took 5.49336ms
Round took 5.441996ms
Round took 4.628621ms
Round took 6.016554ms
Round took 4.630724ms
Round took 5.124169ms
Round took 4.670372ms
Round took 5.602514ms
Round took 5.92899ms
Round took 4.207758ms
Round took 5.108081ms
Round took 4.498844ms
Round took 4.782621ms
Round took 4.538628ms
Round took 4.95081ms
Round took 6.009361ms
Round took 4.64046ms
Round took 4.68948ms
Round took 5.133867ms
Round took 5.340937ms
Round took 4.631837ms
Round took 4.989749ms
Round took 5.741759ms
Round took 5.189423ms
Round took 4.138173ms
Round took 5.078178ms
Round took 4.900876ms
Round took 6.310773ms
Round took 5.303534ms
Round took 4.718776ms
Round took 5.312191ms
Round took 4.933052ms
Round took 4.654115ms
Round took 4.974024ms
Round took 5.562582ms
Round took 4.007235ms
Round took 5.305167ms
Round took 5.03261ms
Round took 5.308527ms
Round took 4.928777ms
Round took 5.411268ms
Round took 5.88015ms
Round took 3.989766ms
Round took 5.155814ms
Round took 5.13592ms
Round took 4.4066ms
Round took 5.592609ms
Round took 4.948398ms
Round took 5.623032ms
Round took 5.446258ms
Round took 4.266056ms
Round took 4.772ms
Round took 5.613198ms
Round took 4.899966ms
Round took 4.342346ms
Round took 5.203207ms
Round took 5.941142ms
Round took 5.084014ms
Round took 5.874458ms
Round took 4.632813ms
Round took 4.152764ms
Round took 4.936218ms
Round took 4.31335ms
Round took 5.741113ms
Round took 5.227024ms
Round took 5.098334ms
Round took 5.734513ms
Round took 4.996883ms
Round took 5.069649ms
Round took 4.600889ms
Round took 5.706139ms
Round took 4.544646ms
Round took 4.710155ms
Round took 4.877728ms
Round took 5.679152ms
Round took 5.122926ms
Round took 4.450827ms
Round took 4.924454ms
Round took 5.592614ms
Round took 5.123326ms
Round took 4.417724ms
Round took 5.340223ms
Round took 5.620907ms
Round took 4.302818ms
Round took 5.526614ms
Round took 5.19381ms
Round took 5.317451ms
Round took 4.721986ms
Round took 5.221328ms
Round took 4.926687ms
Round took 4.559309ms
Round took 5.023611ms
Round took 5.653154ms
Round took 5.072191ms
Round took 4.770571ms
Round took 4.674642ms
Round took 5.059106ms
Round took 6.161184ms
Round took 4.391484ms
Round took 5.420842ms
Round took 5.346041ms
Round took 4.303409ms
Round took 5.579301ms
Round took 4.196503ms
Round took 8.05442ms
Round took 4.200619ms
Round took 4.790133ms
Round took 4.365805ms
Round took 3.842577ms
Round took 5.311613ms
Round took 5.223071ms
Round took 6.480959ms
Round took 4.606792ms
Round took 5.356148ms
Round took 4.399432ms
Round took 3.440943ms
Round took 5.500264ms
Round took 4.781709ms
Round took 5.553684ms
Round took 5.241845ms
Round took 4.627539ms
Round took 6.079854ms
Round took 3.927858ms
Round took 5.493474ms
Round took 4.969342ms
Round took 5.35422ms
Round took 5.549518ms
Round took 4.320328ms
Round took 5.820046ms
Round took 5.781749ms
Round took 4.388424ms
Round took 4.659456ms
Round took 5.593036ms
Round took 5.291017ms
Round took 4.58913ms
Round took 5.815673ms
Round took 3.586307ms
Round took 6.186776ms
Round took 4.473321ms
Round took 5.169333ms
Round took 5.585351ms
Round took 4.573948ms
Round took 5.250583ms
Round took 4.573387ms
Round took 5.117768ms
Round took 4.864563ms
Round took 5.160381ms
Round took 5.890461ms
Round took 4.9849ms
Round took 4.774942ms
Round took 5.278837ms
Round took 4.572109ms
Round took 5.491697ms
Round took 5.346347ms
Round took 5.629173ms
Round took 3.65664ms
Round took 5.494419ms
Round took 4.811708ms
Round took 6.402057ms
Round took 4.586089ms
Round took 4.319224ms
Round took 5.731579ms
Round took 4.600388ms
Round took 4.450246ms
Round took 4.89757ms
Round took 5.007104ms
Round took 5.731294ms
Round took 4.227316ms
Round took 5.186133ms
Round took 5.657394ms
Round took 5.021285ms
Round took 4.922623ms
Round took 6.08905ms
Round took 4.144971ms
Round took 5.391307ms
Round took 4.99571ms
Round took 5.884466ms
Round took 4.190733ms
Round took 5.68559ms
Round took 4.48489ms
Round took 5.611448ms
Round took 4.666948ms
Round took 4.316177ms
Round took 6.646404ms
Round took 3.868471ms
Round took 6.005181ms
Round took 4.04964ms
Round took 5.850449ms
Round took 4.492596ms
Round took 5.481366ms
Round took 5.710421ms
Round took 4.373853ms
Round took 5.364907ms
Round took 4.411205ms
Round took 6.006265ms
Round took 4.014049ms
Round took 4.887706ms
Round took 5.116688ms
Round took 5.201471ms
Round took 5.781085ms
Round took 4.547873ms
Round took 5.190921ms
Round took 5.128493ms
Round took 4.684931ms
Round took 4.70175ms
Round took 4.994571ms
Round took 5.786044ms
Round took 4.15685ms
Round took 4.719763ms
Round took 5.302246ms
Round took 5.707876ms
Round took 5.357946ms
Round took 5.755922ms
Round took 4.4516ms
Round took 5.043963ms
Round took 4.759457ms
Round took 5.41663ms
Round took 5.162303ms
Round took 7.15345ms
Round took 4.93013ms
Round took 4.713512ms
Round took 3.889909ms
Round took 3.973813ms
Round took 5.268042ms
Round took 5.572796ms
Round took 6.02359ms
Round took 4.868657ms
Round took 5.646472ms
Round took 3.597236ms
Round took 5.72644ms
Round took 4.754614ms
Round took 4.809853ms
Round took 5.516625ms
Round took 4.559218ms
Round took 4.923267ms
Round took 5.102668ms
Round took 5.344571ms
Round took 4.66911ms
Round took 5.129905ms
Round took 6.054008ms
Round took 4.525085ms
Round took 4.599531ms
Round took 4.625411ms
Round took 5.56737ms
Round took 4.688309ms
Round took 5.00886ms
Round took 5.646623ms
Round took 6.28112ms
Round took 4.735672ms
Round took 5.4549ms
Round took 5.070465ms
Round took 5.155319ms
Round took 4.450682ms
Round took 3.659487ms
Round took 7.042599ms
Round took 4.037711ms
Round took 6.194806ms
Round took 4.655928ms
Round took 8.525323ms
Round took 4.159374ms
Round took 5.021089ms
Round took 4.561874ms
Round took 5.267845ms
Round took 4.357318ms
Round took 5.2498ms
Round took 6.32252ms
Round took 4.672519ms
Round took 4.988345ms
Round took 5.084802ms
Round took 5.042416ms
Round took 5.87607ms
Round took 5.968976ms
Round took 4.133189ms
Round took 5.296925ms
Round took 4.633308ms
Round took 5.380438ms
Round took 5.468352ms
Round took 4.273286ms
Round took 5.035793ms
Round took 5.312497ms
Round took 4.447137ms
Round took 5.290251ms
Round took 5.311887ms
Round took 5.848133ms
Round took 4.238248ms
Round took 5.352711ms
Round took 4.730577ms
Round took 5.204383ms
Round took 5.103918ms
Round took 4.732557ms
Round took 6.116252ms
Round took 4.572714ms
Round took 4.396592ms
Round took 4.508534ms
Round took 6.050088ms
Round took 4.329197ms
Round took 5.432813ms
Round took 4.936762ms
Round took 5.416716ms
Round took 5.117074ms
Round took 4.721958ms
Round took 6.445374ms
Round took 4.357418ms
Round took 5.204428ms
Round took 5.380195ms
Round took 4.658965ms
Round took 4.751068ms
Round took 4.753699ms
Round took 5.262588ms
Round took 5.56147ms
Round took 4.909836ms
Round took 4.735723ms
Round took 4.189023ms
Round took 6.350089ms
Round took 4.972525ms
Round took 6.028602ms
Round took 5.560674ms
Round took 4.163807ms
Round took 4.477186ms
Round took 4.716881ms
Round took 5.753124ms
Round took 4.73627ms
Round took 5.156357ms
Round took 6.40042ms
Round took 4.382666ms
Round took 5.116795ms
Round took 5.058253ms
Round took 4.930267ms
Round took 5.18945ms
Round took 4.797558ms
Round took 5.635486ms
Round took 4.650328ms
Round took 5.311214ms
Round took 4.774414ms
Round took 4.95ms
Round took 5.103189ms
Round took 5.136244ms
Round took 5.79567ms
Round took 4.515495ms
Round took 5.089038ms
Round took 5.000118ms
Round took 5.044309ms
Round took 5.154528ms
Round took 5.201516ms
Round took 4.735349ms
Round took 5.245148ms
Round took 5.19012ms
Round took 5.104901ms
Round took 5.431408ms
Round took 5.212517ms
Round took 3.790341ms
Round took 5.042706ms
Round took 5.1545ms
Test took 5.132328464s
Successful: 10000
