Uniform distribution
2021/04/16 21:40:47 The leader is replica 0
Round took 3.260235ms
Round took 6.229403ms
Round took 6.808333ms
Round took 8.758102ms
Round took 4.141701ms
Round took 3.999517ms
Round took 5.760506ms
Round took 5.05092ms
Round took 4.682029ms
Round took 4.907619ms
Round took 5.599036ms
Round took 3.784093ms
Round took 4.870056ms
Round took 5.317347ms
Round took 5.313352ms
Round took 5.643905ms
Round took 4.988894ms
Round took 5.406655ms
Round took 4.876838ms
Round took 4.967458ms
Round took 5.295105ms
Round took 5.06065ms
Round took 5.609995ms
Round took 4.763492ms
Round took 4.974148ms
Round took 4.375101ms
Round took 5.3541ms
Round took 4.931874ms
Round took 5.39989ms
Round took 5.556688ms
Round took 4.349578ms
Round took 5.182302ms
Round took 4.774626ms
Round took 5.27762ms
Round took 4.449819ms
Round took 4.937797ms
Round took 6.523196ms
Round took 6.885338ms
Round took 8.334926ms
Round took 6.255081ms
Round took 4.18316ms
Round took 4.036926ms
Round took 6.884176ms
Round took 5.855649ms
Round took 6.123532ms
Round took 4.552327ms
Round took 5.756615ms
Round took 4.498118ms
Round took 5.064766ms
Round took 4.29025ms
Round took 6.621933ms
Round took 5.442332ms
Round took 5.065775ms
Round took 5.453138ms
Round took 3.523777ms
Round took 3.581279ms
Round took 5.877773ms
Round took 5.296741ms
Round took 5.534157ms
Round took 4.961538ms
Round took 4.690114ms
Round took 5.099731ms
Round took 5.604172ms
Round took 4.400395ms
Round took 5.261743ms
Round took 5.975388ms
Round took 6.201949ms
Round took 5.207814ms
Round took 4.056805ms
Round took 4.937656ms
Round took 5.244197ms
Round took 5.246002ms
Round took 4.978026ms
Round took 5.130009ms
Round took 4.721264ms
Round took 5.121829ms
Round took 4.753876ms
Round took 4.936674ms
Round took 4.684504ms
Round took 4.56199ms
Round took 5.429958ms
Round took 4.767761ms
Round took 4.563865ms
Round took 6.113339ms
Round took 4.898615ms
Round took 5.210148ms
Round took 4.649758ms
Round took 5.46304ms
Round took 5.033004ms
Round took 4.978303ms
Round took 5.712328ms
Round took 4.534566ms
Round took 4.82492ms
Round took 5.005018ms
Round took 5.551095ms
Round took 5.104323ms
Round took 5.028396ms
Round took 5.108866ms
Round took 5.591745ms
Round took 4.534908ms
Round took 4.977919ms
Round took 4.786292ms
Round took 5.386928ms
Round took 4.839022ms
Round took 4.768914ms
Round took 5.8123ms
Round took 5.123309ms
Round took 3.978332ms
Round took 4.328532ms
Round took 5.24851ms
Round took 5.83051ms
Round took 5.003104ms
Round took 5.120733ms
Round took 5.056843ms
Round took 5.098619ms
Round took 4.953733ms
Round took 5.080009ms
Round took 5.33354ms
Round took 4.902888ms
Round took 4.927674ms
Round took 5.442078ms
Round took 5.208908ms
Round took 4.561669ms
Round took 5.036237ms
Round took 5.439666ms
Round took 4.959281ms
Round took 5.275987ms
Round took 4.550791ms
Round took 5.466288ms
Round took 5.406379ms
Round took 5.185037ms
Round took 5.248398ms
Round took 5.501122ms
Round took 4.29669ms
Round took 4.522421ms
Round took 5.409047ms
Round took 5.093053ms
Round took 4.751565ms
Round took 4.96189ms
Round took 6.009026ms
Round took 4.186285ms
Round took 4.975381ms
Round took 4.72222ms
Round took 5.909705ms
Round took 5.378542ms
Round took 6.825452ms
Round took 4.811417ms
Round took 5.059819ms
Round took 4.746443ms
Round took 3.569628ms
Round took 5.098847ms
Round took 4.887865ms
Round took 5.502217ms
Round took 5.872448ms
Round took 4.619975ms
Round took 4.130765ms
Round took 5.479385ms
Round took 5.263091ms
Round took 4.895244ms
Round took 4.953906ms
Round took 4.585044ms
Round took 5.219552ms
Round took 4.979963ms
Round took 5.016373ms
Round took 4.486186ms
Round took 5.307901ms
Round took 4.871373ms
Round took 4.885903ms
Round took 5.319507ms
Round took 5.307098ms
Round took 5.306294ms
Round took 4.276075ms
Round took 5.136336ms
Round took 5.560774ms
Round took 4.472863ms
Round took 5.507489ms
Round took 5.15518ms
Round took 4.691418ms
Round took 5.070092ms
Round took 5.311945ms
Round took 5.301619ms
Round took 5.067286ms
Round took 4.607865ms
Round took 5.179627ms
Round took 5.859322ms
Round took 4.334224ms
Round took 4.712488ms
Round took 5.288543ms
Round took 5.233502ms
Round took 4.986889ms
Round took 5.072486ms
Round took 5.706144ms
Round took 5.116198ms
Round took 4.964208ms
Round took 4.705761ms
Round took 5.984118ms
Round took 4.780602ms
Round took 5.073152ms
Round took 5.357564ms
Round took 4.908161ms
Round took 5.045438ms
Round took 5.289287ms
Round took 5.0379ms
Round took 4.563126ms
Round took 4.790946ms
Round took 5.717946ms
Round took 4.913112ms
Round took 4.376763ms
Round took 5.570509ms
Round took 4.760881ms
Round took 5.261427ms
Round took 4.701951ms
Round took 4.930423ms
Round took 5.835844ms
Round took 5.438174ms
Round took 4.678975ms
Round took 5.736666ms
Round took 5.011053ms
Round took 4.357448ms
Round took 4.616916ms
Round took 5.522509ms
Round took 5.205639ms
Round took 5.028201ms
Round took 4.623463ms
Round took 5.79714ms
Round took 4.957189ms
Round took 4.83972ms
Round took 5.343989ms
Round took 5.426552ms
Round took 4.440097ms
Round took 5.426629ms
Round took 5.031887ms
Round took 4.799355ms
Round took 4.541107ms
Round took 4.833592ms
Round took 6.322539ms
Round took 4.002663ms
Round took 5.202043ms
Round took 4.872504ms
Round took 5.468057ms
Round took 4.89975ms
Round took 4.885103ms
Round took 5.955711ms
Round took 4.652264ms
Round took 5.1528ms
Round took 4.750668ms
Round took 5.412657ms
Round took 4.752326ms
Round took 5.068685ms
Round took 5.020788ms
Round took 4.949942ms
Round took 5.345047ms
Round took 4.977942ms
Round took 5.26251ms
Round took 4.593886ms
Round took 5.369161ms
Round took 4.862075ms
Round took 5.064041ms
Round took 6.160953ms
Round took 6.365319ms
Round took 4.838704ms
Round took 3.911186ms
Round took 4.121248ms
Round took 4.820885ms
Round took 5.680847ms
Round took 4.759931ms
Round took 4.79847ms
Round took 5.052882ms
Round took 5.611957ms
Round took 4.525629ms
Round took 5.033217ms
Round took 5.070396ms
Round took 5.379542ms
Round took 4.876037ms
Round took 5.327295ms
Round took 5.171505ms
Round took 4.741651ms
Round took 5.329175ms
Round took 6.137639ms
Round took 4.157009ms
Round took 4.581696ms
Round took 5.01349ms
Round took 5.085488ms
Round took 5.466906ms
Round took 4.993848ms
Round took 5.171518ms
Round took 5.190513ms
Round took 4.578209ms
Round took 5.169267ms
Round took 5.055281ms
Round took 5.120229ms
Round took 5.364463ms
Round took 4.727894ms
Round took 5.025313ms
Round took 5.135978ms
Round took 5.077813ms
Round took 5.489312ms
Round took 5.231651ms
Round took 4.356146ms
Round took 4.752673ms
Round took 4.78154ms
Round took 5.665431ms
Round took 4.881003ms
Round took 4.793522ms
Round took 5.112566ms
Round took 5.431444ms
Round took 4.986156ms
Round took 5.49059ms
Round took 5.163352ms
Round took 5.175908ms
Round took 5.239384ms
Round took 4.974762ms
Round took 4.883346ms
Round took 5.699555ms
Round took 5.630839ms
Round took 4.976723ms
Round took 4.813539ms
Round took 5.256171ms
Round took 5.456718ms
Round took 4.839974ms
Round took 4.383429ms
Round took 6.073434ms
Round took 4.732795ms
Round took 5.609052ms
Round took 4.356298ms
Round took 5.795498ms
Round took 4.723841ms
Round took 4.503264ms
Round took 5.49281ms
Round took 5.068845ms
Round took 4.482638ms
Round took 5.018157ms
Round took 6.202571ms
Round took 4.208859ms
Round took 5.455601ms
Round took 4.505249ms
Round took 4.816995ms
Round took 5.281147ms
Round took 5.450213ms
Round took 5.012484ms
Round took 5.354961ms
Round took 4.854036ms
Round took 4.947296ms
Round took 5.743563ms
Round took 4.722331ms
Round took 4.743843ms
Round took 4.757948ms
Round took 4.547441ms
Round took 5.628063ms
Round took 4.659057ms
Round took 5.132196ms
Round took 4.978481ms
Round took 5.788467ms
Round took 4.416723ms
Round took 5.038176ms
Round took 5.667228ms
Round took 4.657767ms
Round took 5.338513ms
Round took 4.312802ms
Round took 5.826144ms
Round took 5.022084ms
Round took 4.989049ms
Round took 4.606985ms
Round took 5.600978ms
Round took 4.794594ms
Round took 4.36922ms
Round took 6.023865ms
Round took 4.717041ms
Round took 4.972047ms
Round took 5.274632ms
Round took 5.040775ms
Round took 4.94326ms
Round took 5.199324ms
Round took 5.591468ms
Round took 5.690282ms
Round took 3.601166ms
Round took 5.792923ms
Round took 4.595618ms
Round took 4.930254ms
Round took 5.507548ms
Round took 4.668042ms
Round took 5.695714ms
Round took 4.722405ms
Round took 5.522689ms
Round took 4.211675ms
Round took 5.514617ms
Round took 5.088027ms
Round took 4.99176ms
Round took 5.877907ms
Round took 4.416757ms
Round took 4.837542ms
Round took 5.109279ms
Round took 5.246274ms
Round took 5.231157ms
Round took 4.76758ms
Round took 5.846113ms
Round took 3.99325ms
Round took 5.220004ms
Round took 5.43438ms
Round took 6.124959ms
Round took 4.545836ms
Round took 4.488797ms
Round took 5.137506ms
Round took 5.177041ms
Round took 5.210552ms
Round took 4.810676ms
Round took 5.0207ms
Round took 7.07135ms
Round took 5.452903ms
Round took 4.878381ms
Round took 3.63169ms
Round took 18.428154ms
Round took 5.010025ms
Round took 5.431065ms
Round took 4.810735ms
Round took 5.94134ms
Round took 6.161114ms
Round took 4.480743ms
Round took 5.660754ms
Round took 3.7643ms
Round took 4.814786ms
Round took 6.477559ms
Round took 5.344247ms
Round took 5.438114ms
Round took 4.157828ms
Round took 3.460241ms
Round took 6.218306ms
Round took 4.913027ms
Round took 5.267536ms
Round took 5.308009ms
Round took 4.851434ms
Round took 5.115317ms
Round took 4.969621ms
Round took 5.843247ms
Round took 4.364908ms
Round took 5.256122ms
Round took 5.592765ms
Round took 4.635445ms
Round took 4.447896ms
Round took 5.101235ms
Round took 5.623723ms
Round took 4.30951ms
Round took 5.519091ms
Round took 4.763138ms
Round took 5.731551ms
Round took 4.454841ms
Round took 5.096309ms
Round took 6.055605ms
Round took 4.317658ms
Round took 4.925729ms
Round took 4.683518ms
Round took 4.861022ms
Round took 6.082428ms
Round took 3.971233ms
Round took 5.161662ms
Round took 4.472332ms
Round took 6.683626ms
Round took 4.868381ms
Round took 4.267055ms
Round took 4.523012ms
Round took 5.388671ms
Round took 4.736134ms
Round took 4.88573ms
Round took 5.941408ms
Round took 4.474179ms
Round took 5.089938ms
Round took 4.337624ms
Round took 5.367764ms
Round took 4.961198ms
Round took 5.238599ms
Round took 5.160421ms
Round took 5.597981ms
Round took 4.87734ms
Round took 4.571732ms
Round took 5.544025ms
Round took 5.241119ms
Round took 4.905924ms
Round took 6.086104ms
Round took 4.2153ms
Round took 4.298245ms
Round took 5.452611ms
Round took 4.837027ms
Round took 5.375007ms
Round took 4.553992ms
Round took 4.787432ms
Round took 4.925205ms
Round took 5.405748ms
Round took 5.93043ms
Round took 4.555739ms
Round took 5.49712ms
Round took 4.916411ms
Round took 5.118157ms
Round took 4.516698ms
Round took 6.425488ms
Round took 3.775192ms
Round took 5.314221ms
Round took 4.5762ms
Round took 6.167046ms
Round took 4.26788ms
Round took 4.459092ms
Round took 7.110855ms
Round took 5.224749ms
Round took 5.025352ms
Round took 5.454801ms
Round took 4.858938ms
Round took 4.5705ms
Round took 5.897429ms
Round took 4.3469ms
Round took 5.065007ms
Round took 4.996081ms
Round took 4.950207ms
Round took 4.750457ms
Round took 5.387ms
Round took 5.169416ms
Round took 5.277835ms
Round took 4.853404ms
Round took 4.853969ms
Round took 5.972587ms
Round took 4.011077ms
Round took 5.48785ms
Round took 4.926403ms
Round took 5.07878ms
Round took 5.839357ms
Round took 3.751913ms
Round took 4.933898ms
Round took 4.424375ms
Round took 5.475626ms
Round took 5.037424ms
Round took 4.765492ms
Round took 5.727382ms
Round took 4.430409ms
Round took 5.94622ms
Round took 4.811562ms
Round took 6.006132ms
Round took 5.047271ms
Round took 4.455803ms
Round took 4.543345ms
Round took 5.11642ms
Round took 4.948273ms
Round took 4.862808ms
Round took 5.084279ms
Round took 5.919084ms
Round took 4.899835ms
Round took 5.123864ms
Round took 5.112055ms
Round took 5.485173ms
Round took 4.673037ms
Round took 5.435676ms
Round took 5.368289ms
Round took 4.199284ms
Round took 5.241821ms
Round took 5.499851ms
Round took 5.237927ms
Round took 4.650405ms
Round took 6.150145ms
Round took 4.046685ms
Round took 5.016337ms
Round took 4.789045ms
Round took 6.500829ms
Round took 3.621357ms
Round took 6.024486ms
Round took 5.970974ms
Round took 6.109232ms
Round took 5.189988ms
Round took 4.747707ms
Round took 5.376031ms
Round took 4.804187ms
Round took 5.06479ms
Round took 5.279856ms
Round took 4.771164ms
Round took 5.648357ms
Round took 5.055586ms
Round took 5.083117ms
Round took 4.967029ms
Round took 5.201809ms
Round took 5.00846ms
Round took 4.592938ms
Round took 5.11647ms
Round took 5.255179ms
Round took 4.953066ms
Round took 5.139791ms
Round took 5.347567ms
Round took 4.660897ms
Round took 4.882583ms
Round took 5.029564ms
Round took 5.621728ms
Round took 4.922288ms
Round took 4.979685ms
Round took 5.096737ms
Round took 5.223052ms
Round took 5.340431ms
Round took 4.431429ms
Round took 5.198671ms
Round took 5.529945ms
Round took 4.362183ms
Round took 5.358673ms
Round took 5.500155ms
Round took 4.645452ms
Round took 5.050046ms
Round took 4.945917ms
Round took 5.053677ms
Round took 5.324672ms
Round took 4.685663ms
Round took 6.256886ms
Round took 3.879553ms
Round took 5.218076ms
Round took 5.196956ms
Round took 5.273389ms
Round took 5.19552ms
Round took 4.827846ms
Round took 5.055829ms
Round took 5.060611ms
Round took 4.93456ms
Round took 5.228053ms
Round took 4.940478ms
Round took 6.034182ms
Round took 4.225475ms
Round took 5.106129ms
Round took 5.706598ms
Round took 4.473027ms
Round took 5.507363ms
Round took 4.686891ms
Round took 5.422632ms
Round took 4.92342ms
Round took 5.059587ms
Round took 4.942255ms
Round took 5.057072ms
Round took 5.222106ms
Round took 4.969542ms
Round took 5.744604ms
Round took 4.660942ms
Round took 5.229035ms
Round took 4.705741ms
Round took 5.397614ms
Round took 4.91345ms
Round took 5.321181ms
Round took 5.199635ms
Round took 5.093362ms
Round took 5.188405ms
Round took 5.965355ms
Round took 4.972158ms
Round took 4.581704ms
Round took 4.313643ms
Round took 4.990052ms
Round took 5.073488ms
Round took 5.170042ms
Round took 4.873606ms
Round took 5.722842ms
Round took 4.666245ms
Round took 5.032384ms
Round took 4.910957ms
Round took 5.992413ms
Round took 4.628448ms
Round took 4.841327ms
Round took 5.265728ms
Round took 6.691749ms
Round took 4.652304ms
Round took 5.614822ms
Round took 6.021631ms
Round took 4.188503ms
Round took 5.138599ms
Round took 4.487336ms
Round took 4.803301ms
Round took 4.604412ms
Round took 4.956902ms
Round took 6.040871ms
Round took 4.600693ms
Round took 4.682263ms
Round took 5.114439ms
Round took 5.322729ms
Round took 4.654637ms
Round took 5.009819ms
Round took 5.711711ms
Round took 5.208472ms
Round took 4.467462ms
Round took 5.140538ms
Round took 4.865618ms
Round took 6.332785ms
Round took 5.529926ms
Round took 4.469827ms
Round took 5.289864ms
Round took 4.946375ms
Round took 4.636264ms
Round took 5.007058ms
Round took 5.690729ms
Round took 4.650143ms
Round took 6.146201ms
Round took 3.810352ms
Round took 5.256021ms
Round took 4.921909ms
Round took 5.404336ms
Round took 5.832125ms
Round took 4.055439ms
Round took 5.464793ms
Round took 4.632859ms
Round took 4.509799ms
Round took 5.505569ms
Round took 5.306091ms
Round took 5.415235ms
Round took 5.50699ms
Round took 4.290361ms
Round took 6.44666ms
Round took 7.611101ms
Round took 4.338287ms
Round took 5.237079ms
Round took 5.859052ms
Round took 5.031144ms
Round took 5.709283ms
Round took 4.690856ms
Round took 4.116104ms
Round took 4.85643ms
Round took 4.306877ms
Round took 5.215194ms
Round took 5.029889ms
Round took 5.110593ms
Round took 5.277373ms
Round took 5.243676ms
Round took 4.989966ms
Round took 4.69074ms
Round took 5.401812ms
Round took 5.025384ms
Round took 4.691405ms
Round took 4.746721ms
Round took 5.183413ms
Round took 5.85299ms
Round took 4.356125ms
Round took 5.06675ms
Round took 5.529136ms
Round took 5.109564ms
Round took 4.652235ms
Round took 5.054369ms
Round took 5.729665ms
Round took 4.340037ms
Round took 5.466429ms
Round took 4.712176ms
Round took 5.570924ms
Round took 4.698658ms
Round took 4.917354ms
Round took 5.153386ms
Round took 5.098393ms
Round took 5.050736ms
Round took 5.290844ms
Round took 5.615533ms
Round took 4.370491ms
Round took 4.52176ms
Round took 5.044766ms
Round took 5.840498ms
Round took 4.456698ms
Round took 5.033295ms
Round took 5.236715ms
Round took 5.075208ms
Round took 4.989314ms
Round took 4.99977ms
Round took 5.231501ms
Round took 6.388958ms
Round took 4.607924ms
Round took 4.735928ms
Round took 4.419971ms
Round took 5.146457ms
Round took 4.833333ms
Round took 5.267887ms
Round took 5.830146ms
Round took 4.635248ms
Round took 4.821667ms
Round took 4.729944ms
Round took 5.513439ms
Round took 4.854875ms
Round took 4.924323ms
Round took 5.596117ms
Round took 4.687339ms
Round took 5.377266ms
Round took 4.573141ms
Round took 5.709832ms
Round took 4.95658ms
Round took 5.314926ms
Round took 4.850613ms
Round took 4.87227ms
Round took 5.330103ms
Round took 4.876636ms
Round took 6.059738ms
Round took 4.40405ms
Round took 5.216234ms
Round took 5.1201ms
Round took 5.043924ms
Round took 5.291584ms
Round took 4.31192ms
Round took 6.071812ms
Round took 4.515391ms
Round took 4.624192ms
Round took 4.907666ms
Round took 5.098696ms
Round took 5.57846ms
Round took 4.403558ms
Round took 5.141757ms
Round took 5.621187ms
Round took 4.993908ms
Round took 5.034733ms
Round took 5.944714ms
Round took 4.292013ms
Round took 5.093202ms
Round took 4.722143ms
Round took 5.503305ms
Round took 5.619817ms
Round took 4.785442ms
Round took 4.764136ms
Round took 5.497459ms
Round took 4.594757ms
Round took 5.53078ms
Round took 5.386251ms
Round took 4.284715ms
Round took 5.066031ms
Round took 4.971607ms
Round took 5.031473ms
Round took 5.093545ms
Round took 4.673544ms
Round took 5.028708ms
Round took 5.355364ms
Round took 5.067244ms
Round took 4.940845ms
Round took 5.387169ms
Round took 4.870272ms
Round took 5.654976ms
Round took 4.294149ms
Round took 6.121243ms
Round took 5.0341ms
Round took 5.026024ms
Round took 4.702375ms
Round took 5.732832ms
Round took 4.116392ms
Round took 5.351938ms
Round took 4.767387ms
Round took 5.074189ms
Round took 5.99981ms
Round took 4.698523ms
Round took 6.062393ms
Round took 4.0672ms
Round took 5.14584ms
Round took 4.863431ms
Round took 5.586852ms
Round took 5.26767ms
Round took 4.490954ms
Round took 5.826799ms
Round took 4.276213ms
Round took 5.037021ms
Round took 4.74691ms
Round took 5.181208ms
Round took 5.10091ms
Round took 4.934441ms
Round took 5.266887ms
Round took 5.266173ms
Round took 4.904193ms
Round took 4.453366ms
Round took 5.001399ms
Round took 5.416785ms
Round took 4.954233ms
Round took 4.862022ms
Round took 4.765852ms
Round took 5.882952ms
Round took 4.13039ms
Round took 5.014933ms
Round took 5.768492ms
Round took 5.343153ms
Round took 4.627579ms
Round took 5.027852ms
Round took 5.290166ms
Round took 5.140603ms
Round took 4.974967ms
Round took 6.215154ms
Round took 6.193256ms
Round took 4.391155ms
Round took 5.508417ms
Round took 3.276417ms
Round took 5.1509ms
Round took 4.718089ms
Round took 5.79731ms
Round took 4.876399ms
Round took 5.68246ms
Round took 4.10162ms
Round took 6.570695ms
Round took 4.453124ms
Round took 4.926048ms
Round took 5.632647ms
Round took 4.614293ms
Round took 4.87984ms
Round took 5.113841ms
Round took 5.378426ms
Round took 4.684202ms
Round took 5.163788ms
Round took 4.998522ms
Round took 5.581458ms
Round took 4.770009ms
Round took 4.789524ms
Round took 5.885533ms
Round took 4.84421ms
Round took 5.047827ms
Round took 5.662731ms
Round took 6.18533ms
Round took 4.870989ms
Round took 5.396835ms
Round took 5.104082ms
Round took 5.188037ms
Round took 4.467952ms
Round took 3.84051ms
Round took 6.428731ms
Round took 3.684577ms
Round took 5.743862ms
Round took 4.875901ms
Round took 7.945156ms
Round took 4.865858ms
Round took 4.089986ms
Round took 4.706718ms
Round took 4.692853ms
Round took 4.457444ms
Round took 3.592529ms
Round took 5.763798ms
Round took 5.074737ms
Round took 4.428774ms
Round took 4.998515ms
Round took 6.993518ms
Round took 3.510797ms
Round took 5.780451ms
Round took 6.132778ms
Round took 4.056862ms
Round took 5.322004ms
Round took 4.551523ms
Round took 5.202632ms
Round took 5.65471ms
Round took 4.752204ms
Round took 5.361957ms
Round took 4.603002ms
Round took 4.462907ms
Round took 5.277979ms
Round took 5.479379ms
Round took 5.847246ms
Round took 4.161343ms
Round took 5.637854ms
Round took 4.324577ms
Round took 4.863885ms
Round took 5.100295ms
Round took 4.815109ms
Round took 6.375671ms
Round took 4.466359ms
Round took 4.686082ms
Round took 4.171934ms
Round took 6.097632ms
Round took 4.259871ms
Round took 5.32383ms
Round took 5.691297ms
Round took 4.69967ms
Round took 5.161391ms
Round took 4.566217ms
Round took 6.038127ms
Round took 4.470788ms
Round took 5.210957ms
Round took 5.342363ms
Round took 4.68369ms
Round took 4.734586ms
Round took 4.760826ms
Round took 5.504448ms
Round took 5.324826ms
Round took 4.908553ms
Round took 4.725908ms
Round took 4.174355ms
Round took 6.318924ms
Round took 4.963835ms
Round took 6.064235ms
Round took 5.490498ms
Round took 4.166308ms
Round took 4.482168ms
Round took 4.67813ms
Round took 5.772492ms
Round took 4.756961ms
Round took 5.116978ms
Round took 6.472185ms
Round took 4.390597ms
Round took 5.124619ms
Round took 5.019366ms
Round took 4.956505ms
Round took 5.165113ms
Round took 4.805015ms
Round took 5.634751ms
Round took 4.723968ms
Round took 5.516794ms
Round took 5.11002ms
Round took 4.480207ms
Round took 5.108559ms
Round took 5.148148ms
Round took 5.794735ms
Round took 4.52481ms
Round took 5.019465ms
Round took 5.003778ms
Round took 4.978549ms
Round took 5.179467ms
Round took 5.19111ms
Round took 4.836313ms
Round took 5.136537ms
Round took 5.186079ms
Round took 5.072572ms
Round took 5.449117ms
Round took 6.365592ms
Test took 5.125448142s
Successful: 10000
