Uniform distribution
2021/04/16 21:40:47 The leader is replica 0
Round took 5.810768ms
Round took 6.154555ms
Round took 7.185032ms
Round took 6.812139ms
Round took 3.385336ms
Round took 5.562545ms
Round took 5.906253ms
Round took 4.623858ms
Round took 4.346148ms
Round took 4.994851ms
Round took 5.3047ms
Round took 5.055712ms
Round took 5.174209ms
Round took 5.491892ms
Round took 4.479245ms
Round took 5.177093ms
Round took 4.769261ms
Round took 5.850644ms
Round took 4.720843ms
Round took 5.104875ms
Round took 5.1696ms
Round took 4.912806ms
Round took 5.07288ms
Round took 4.294827ms
Round took 4.988512ms
Round took 5.489662ms
Round took 5.163017ms
Round took 4.640567ms
Round took 5.156115ms
Round took 5.222629ms
Round took 5.030492ms
Round took 5.084729ms
Round took 4.892785ms
Round took 6.827375ms
Round took 4.151493ms
Round took 5.689489ms
Round took 6.94052ms
Round took 3.807326ms
Round took 6.001553ms
Round took 4.731039ms
Round took 4.842576ms
Round took 3.722154ms
Round took 5.639711ms
Round took 5.352096ms
Round took 4.48318ms
Round took 5.210919ms
Round took 4.600376ms
Round took 6.150614ms
Round took 6.857736ms
Round took 6.282887ms
Round took 6.351566ms
Round took 5.752246ms
Round took 6.787803ms
Round took 8.762643ms
Round took 4.255687ms
Round took 3.998784ms
Round took 5.922065ms
Round took 4.888203ms
Round took 4.296809ms
Round took 6.793532ms
Round took 4.91033ms
Round took 3.812272ms
Round took 4.92239ms
Round took 7.427996ms
Round took 5.609852ms
Round took 5.010494ms
Round took 4.924922ms
Round took 5.22035ms
Round took 5.092741ms
Round took 5.073016ms
Round took 5.235833ms
Round took 5.493245ms
Round took 5.004351ms
Round took 4.494279ms
Round took 5.014704ms
Round took 5.509031ms
Round took 4.805155ms
Round took 5.080452ms
Round took 5.189047ms
Round took 4.806747ms
Round took 5.18491ms
Round took 4.905193ms
Round took 5.393129ms
Round took 5.110883ms
Round took 4.811371ms
Round took 5.117191ms
Round took 6.584842ms
Round took 7.999289ms
Round took 5.672736ms
Round took 6.282118ms
Round took 3.94621ms
Round took 5.995313ms
Round took 6.08209ms
Round took 6.54362ms
Round took 4.233536ms
Round took 5.648859ms
Round took 5.089091ms
Round took 5.226818ms
Round took 4.908967ms
Round took 5.682668ms
Round took 6.411497ms
Round took 4.809709ms
Round took 5.850716ms
Round took 3.624978ms
Round took 3.616709ms
Round took 6.054444ms
Round took 5.23626ms
Round took 5.518888ms
Round took 4.962831ms
Round took 4.668329ms
Round took 5.116909ms
Round took 7.88395ms
Round took 4.397649ms
Round took 7.361932ms
Round took 7.176173ms
Round took 4.768817ms
Round took 4.300442ms
Round took 5.664199ms
Round took 5.084658ms
Round took 4.77504ms
Round took 5.385277ms
Round took 5.052093ms
Round took 4.746332ms
Round took 4.825055ms
Round took 5.199587ms
Round took 5.792763ms
Round took 4.807228ms
Round took 4.545429ms
Round took 5.823068ms
Round took 4.416966ms
Round took 4.938815ms
Round took 5.967251ms
Round took 5.4022ms
Round took 5.173789ms
Round took 5.11554ms
Round took 4.860664ms
Round took 5.161995ms
Round took 4.741508ms
Round took 6.222236ms
Round took 4.401441ms
Round took 4.726677ms
Round took 4.761905ms
Round took 5.463723ms
Round took 5.156986ms
Round took 5.021496ms
Round took 5.433184ms
Round took 5.359578ms
Round took 4.561796ms
Round took 4.985103ms
Round took 4.694346ms
Round took 5.193899ms
Round took 4.959988ms
Round took 4.942026ms
Round took 5.920246ms
Round took 5.128304ms
Round took 4.527834ms
Round took 4.272523ms
Round took 7.564971ms
Round took 6.195973ms
Round took 4.884345ms
Round took 4.868666ms
Round took 5.270129ms
Round took 5.1167ms
Round took 4.950223ms
Round took 5.081016ms
Round took 5.316414ms
Round took 4.907206ms
Round took 5.271115ms
Round took 5.533007ms
Round took 4.844337ms
Round took 4.94692ms
Round took 4.937131ms
Round took 5.34903ms
Round took 5.328782ms
Round took 4.578774ms
Round took 5.407433ms
Round took 5.49005ms
Round took 5.158665ms
Round took 4.670725ms
Round took 5.998096ms
Round took 4.357148ms
Round took 4.577248ms
Round took 5.398021ms
Round took 5.585728ms
Round took 4.538698ms
Round took 4.848575ms
Round took 5.524769ms
Round took 4.238366ms
Round took 4.95555ms
Round took 4.921288ms
Round took 5.870844ms
Round took 5.476365ms
Round took 6.860712ms
Round took 5.61691ms
Round took 5.067701ms
Round took 4.698984ms
Round took 3.536845ms
Round took 5.577484ms
Round took 4.573948ms
Round took 5.531122ms
Round took 5.735475ms
Round took 4.69489ms
Round took 4.038523ms
Round took 5.494895ms
Round took 5.523792ms
Round took 4.790875ms
Round took 4.962226ms
Round took 4.544742ms
Round took 5.308015ms
Round took 4.51987ms
Round took 5.729283ms
Round took 4.367521ms
Round took 4.99586ms
Round took 5.035735ms
Round took 5.815921ms
Round took 4.81997ms
Round took 4.914257ms
Round took 5.233621ms
Round took 5.09159ms
Round took 4.326584ms
Round took 5.537854ms
Round took 4.669449ms
Round took 5.790069ms
Round took 5.17724ms
Round took 4.411745ms
Round took 5.108503ms
Round took 5.814142ms
Round took 4.859124ms
Round took 4.911399ms
Round took 4.581646ms
Round took 5.468841ms
Round took 5.537147ms
Round took 4.327472ms
Round took 5.093627ms
Round took 5.005908ms
Round took 5.40036ms
Round took 5.311169ms
Round took 5.328775ms
Round took 4.965431ms
Round took 6.277958ms
Round took 5.306056ms
Round took 6.429901ms
Round took 4.729713ms
Round took 4.939482ms
Round took 5.089267ms
Round took 6.017481ms
Round took 4.663527ms
Round took 5.354794ms
Round took 6.208854ms
Round took 4.547207ms
Round took 4.658144ms
Round took 5.725082ms
Round took 5.003295ms
Round took 4.752442ms
Round took 5.920865ms
Round took 4.596923ms
Round took 5.173682ms
Round took 4.748831ms
Round took 5.018274ms
Round took 5.479065ms
Round took 5.549666ms
Round took 4.774387ms
Round took 5.645745ms
Round took 5.121132ms
Round took 4.708686ms
Round took 4.595764ms
Round took 5.378706ms
Round took 5.3773ms
Round took 5.501247ms
Round took 4.751973ms
Round took 5.156282ms
Round took 5.002903ms
Round took 5.034054ms
Round took 5.168041ms
Round took 5.081017ms
Round took 4.521363ms
Round took 6.437759ms
Round took 4.071035ms
Round took 5.147096ms
Round took 5.571047ms
Round took 4.847847ms
Round took 5.831628ms
Round took 4.110171ms
Round took 5.809212ms
Round took 4.152205ms
Round took 5.268866ms
Round took 4.777381ms
Round took 5.130267ms
Round took 6.117091ms
Round took 4.567022ms
Round took 5.704071ms
Round took 3.827609ms
Round took 4.917958ms
Round took 4.659129ms
Round took 5.139027ms
Round took 5.783262ms
Round took 4.46921ms
Round took 5.179217ms
Round took 4.979921ms
Round took 5.255469ms
Round took 4.527744ms
Round took 5.443445ms
Round took 7.302891ms
Round took 6.549557ms
Round took 5.776234ms
Round took 5.366093ms
Round took 4.798042ms
Round took 4.09783ms
Round took 4.897415ms
Round took 5.656153ms
Round took 5.625378ms
Round took 5.470066ms
Round took 4.906004ms
Round took 5.666795ms
Round took 4.721664ms
Round took 4.994ms
Round took 6.010533ms
Round took 5.017897ms
Round took 4.974409ms
Round took 5.365215ms
Round took 5.31434ms
Round took 4.82289ms
Round took 6.794141ms
Round took 4.729993ms
Round took 4.207187ms
Round took 4.516533ms
Round took 5.019695ms
Round took 5.6741ms
Round took 4.670467ms
Round took 5.427838ms
Round took 4.800563ms
Round took 4.849172ms
Round took 4.67489ms
Round took 5.438929ms
Round took 5.762353ms
Round took 4.663756ms
Round took 5.926392ms
Round took 3.953446ms
Round took 5.025734ms
Round took 4.817364ms
Round took 5.059475ms
Round took 6.169811ms
Round took 4.211126ms
Round took 5.137404ms
Round took 5.918033ms
Round took 4.723296ms
Round took 4.671788ms
Round took 5.000097ms
Round took 5.002029ms
Round took 5.149696ms
Round took 5.210932ms
Round took 5.685983ms
Round took 5.701704ms
Round took 6.105878ms
Round took 5.17654ms
Round took 4.852813ms
Round took 5.160453ms
Round took 5.666236ms
Round took 5.103614ms
Round took 5.460621ms
Round took 5.125224ms
Round took 5.153357ms
Round took 4.631171ms
Round took 5.202279ms
Round took 5.111279ms
Round took 5.275056ms
Round took 4.702834ms
Round took 6.183197ms
Round took 4.459768ms
Round took 4.782047ms
Round took 5.296651ms
Round took 4.98853ms
Round took 5.437068ms
Round took 4.724688ms
Round took 4.969475ms
Round took 5.046561ms
Round took 5.32529ms
Round took 4.775664ms
Round took 5.902005ms
Round took 3.850046ms
Round took 4.939152ms
Round took 4.969154ms
Round took 6.205117ms
Round took 5.014916ms
Round took 5.33992ms
Round took 5.343454ms
Round took 4.60416ms
Round took 5.161354ms
Round took 5.227665ms
Round took 5.945613ms
Round took 5.194504ms
Round took 4.530435ms
Round took 5.563527ms
Round took 4.671528ms
Round took 5.203876ms
Round took 4.868395ms
Round took 5.612461ms
Round took 4.468397ms
Round took 5.0313ms
Round took 5.814561ms
Round took 4.64473ms
Round took 5.374108ms
Round took 4.242226ms
Round took 5.816302ms
Round took 5.201352ms
Round took 5.322145ms
Round took 5.118517ms
Round took 4.83294ms
Round took 5.009035ms
Round took 5.061707ms
Round took 6.252681ms
Round took 6.307809ms
Round took 5.117131ms
Round took 4.782159ms
Round took 5.343881ms
Round took 5.244931ms
Round took 5.024309ms
Round took 6.070393ms
Round took 4.334983ms
Round took 5.540145ms
Round took 4.458299ms
Round took 5.126588ms
Round took 5.429562ms
Round took 4.572019ms
Round took 5.155168ms
Round took 5.137577ms
Round took 5.466819ms
Round took 4.371247ms
Round took 5.309397ms
Round took 5.36633ms
Round took 4.736489ms
Round took 5.065058ms
Round took 4.777513ms
Round took 6.239521ms
Round took 4.913133ms
Round took 5.017543ms
Round took 5.63519ms
Round took 4.355595ms
Round took 5.177845ms
Round took 4.759808ms
Round took 5.321896ms
Round took 5.494137ms
Round took 5.563697ms
Round took 5.312869ms
Round took 4.416279ms
Round took 5.160608ms
Round took 5.165808ms
Round took 5.640584ms
Round took 4.777838ms
Round took 4.964174ms
Round took 7.05343ms
Round took 5.374927ms
Round took 4.839608ms
Round took 3.730255ms
Round took 18.345769ms
Round took 4.885062ms
Round took 5.033065ms
Round took 4.813986ms
Round took 5.475334ms
Round took 6.24931ms
Round took 4.92957ms
Round took 5.557305ms
Round took 3.804864ms
Round took 4.954332ms
Round took 5.673688ms
Round took 5.684312ms
Round took 5.245717ms
Round took 4.653559ms
Round took 3.360585ms
Round took 5.72212ms
Round took 5.503993ms
Round took 5.031514ms
Round took 4.888108ms
Round took 5.208621ms
Round took 5.100352ms
Round took 4.831184ms
Round took 4.959343ms
Round took 4.941857ms
Round took 4.774596ms
Round took 5.327489ms
Round took 4.837096ms
Round took 5.007229ms
Round took 5.46999ms
Round took 5.223204ms
Round took 4.908876ms
Round took 5.514425ms
Round took 4.783514ms
Round took 5.078774ms
Round took 5.033708ms
Round took 5.105968ms
Round took 5.278584ms
Round took 4.500131ms
Round took 5.730869ms
Round took 4.607978ms
Round took 4.757544ms
Round took 6.061221ms
Round took 4.900995ms
Round took 5.095756ms
Round took 4.525692ms
Round took 6.704242ms
Round took 4.85245ms
Round took 4.288023ms
Round took 4.515905ms
Round took 5.603487ms
Round took 4.697948ms
Round took 4.906507ms
Round took 6.032193ms
Round took 4.481702ms
Round took 5.180581ms
Round took 4.306718ms
Round took 5.278267ms
Round took 4.949454ms
Round took 5.225273ms
Round took 5.160893ms
Round took 5.481492ms
Round took 4.88745ms
Round took 4.570653ms
Round took 5.239411ms
Round took 5.304213ms
Round took 4.953557ms
Round took 5.159668ms
Round took 4.645922ms
Round took 4.835098ms
Round took 5.459605ms
Round took 4.775166ms
Round took 6.007623ms
Round took 4.74714ms
Round took 4.628085ms
Round took 4.917927ms
Round took 5.517886ms
Round took 5.875383ms
Round took 4.57836ms
Round took 5.592506ms
Round took 4.931594ms
Round took 5.089687ms
Round took 4.950521ms
Round took 5.871181ms
Round took 3.830046ms
Round took 5.394308ms
Round took 5.011602ms
Round took 5.616501ms
Round took 4.455975ms
Round took 4.459175ms
Round took 5.49361ms
Round took 5.132636ms
Round took 4.866649ms
Round took 4.941844ms
Round took 5.832142ms
Round took 4.460675ms
Round took 5.108386ms
Round took 5.323531ms
Round took 5.235555ms
Round took 5.01684ms
Round took 4.425079ms
Round took 5.355448ms
Round took 5.440983ms
Round took 5.211869ms
Round took 5.236833ms
Round took 4.853761ms
Round took 4.783792ms
Round took 5.38781ms
Round took 4.655229ms
Round took 5.471577ms
Round took 5.530433ms
Round took 5.119058ms
Round took 5.875728ms
Round took 4.168655ms
Round took 4.939621ms
Round took 4.284099ms
Round took 6.166672ms
Round took 4.670419ms
Round took 4.685294ms
Round took 6.838471ms
Round took 6.482205ms
Round took 4.91129ms
Round took 5.37751ms
Round took 5.328109ms
Round took 4.936293ms
Round took 4.581593ms
Round took 4.956464ms
Round took 5.282731ms
Round took 4.928195ms
Round took 4.994946ms
Round took 5.163165ms
Round took 5.146354ms
Round took 5.152116ms
Round took 4.878753ms
Round took 5.709529ms
Round took 4.630379ms
Round took 4.976704ms
Round took 5.229184ms
Round took 4.72563ms
Round took 6.079911ms
Round took 4.609601ms
Round took 5.618265ms
Round took 5.002961ms
Round took 5.177178ms
Round took 4.516446ms
Round took 5.629117ms
Round took 4.758701ms
Round took 5.392216ms
Round took 4.95741ms
Round took 6.22039ms
Round took 4.664858ms
Round took 4.642372ms
Round took 5.57682ms
Round took 5.221039ms
Round took 4.857083ms
Round took 5.542289ms
Round took 5.319999ms
Round took 5.00157ms
Round took 5.646198ms
Round took 5.397103ms
Round took 5.229727ms
Round took 5.095268ms
Round took 4.968425ms
Round took 5.166001ms
Round took 5.086834ms
Round took 4.66563ms
Round took 5.079708ms
Round took 5.288673ms
Round took 4.953618ms
Round took 5.393654ms
Round took 5.880471ms
Round took 4.532399ms
Round took 4.899761ms
Round took 5.103316ms
Round took 6.66586ms
Round took 4.30946ms
Round took 5.045502ms
Round took 5.208968ms
Round took 5.546367ms
Round took 5.055541ms
Round took 4.488961ms
Round took 5.369813ms
Round took 5.365218ms
Round took 4.408634ms
Round took 5.517681ms
Round took 5.265213ms
Round took 4.633123ms
Round took 5.468618ms
Round took 5.36878ms
Round took 4.371003ms
Round took 5.236006ms
Round took 4.672973ms
Round took 6.274862ms
Round took 3.872351ms
Round took 5.205518ms
Round took 6.135143ms
Round took 4.483708ms
Round took 5.215577ms
Round took 4.698715ms
Round took 5.329907ms
Round took 4.846456ms
Round took 4.934707ms
Round took 5.677421ms
Round took 5.161387ms
Round took 5.491304ms
Round took 4.047615ms
Round took 5.309417ms
Round took 5.571077ms
Round took 4.577764ms
Round took 5.729441ms
Round took 4.411436ms
Round took 5.449089ms
Round took 5.045192ms
Round took 4.929541ms
Round took 5.521391ms
Round took 4.128042ms
Round took 5.206641ms
Round took 5.017229ms
Round took 5.408092ms
Round took 4.669544ms
Round took 5.950128ms
Round took 5.039116ms
Round took 4.716777ms
Round took 4.954506ms
Round took 5.707022ms
Round took 4.739082ms
Round took 5.080873ms
Round took 5.533254ms
Round took 5.018488ms
Round took 5.177134ms
Round took 4.564888ms
Round took 5.462992ms
Round took 4.998659ms
Round took 4.805799ms
Round took 5.991067ms
Round took 4.359634ms
Round took 5.434041ms
Round took 4.621865ms
Round took 5.856832ms
Round took 4.764033ms
Round took 5.506654ms
Round took 4.698812ms
Round took 5.913244ms
Round took 6.220025ms
Round took 4.697298ms
Round took 5.093119ms
Round took 5.195705ms
Round took 5.109358ms
Round took 4.933597ms
Round took 5.037683ms
Round took 5.023085ms
Round took 5.296356ms
Round took 4.947292ms
Round took 5.091889ms
Round took 5.354328ms
Round took 5.827632ms
Round took 4.710849ms
Round took 5.406347ms
Round took 4.704597ms
Round took 5.080572ms
Round took 4.992243ms
Round took 5.759876ms
Round took 5.449343ms
Round took 5.095655ms
Round took 4.977286ms
Round took 6.331191ms
Round took 5.52118ms
Round took 4.447784ms
Round took 5.338015ms
Round took 4.916347ms
Round took 4.625788ms
Round took 4.994665ms
Round took 5.838285ms
Round took 4.343692ms
Round took 6.492746ms
Round took 3.782302ms
Round took 5.288699ms
Round took 4.989673ms
Round took 5.586819ms
Round took 5.718868ms
Round took 4.050584ms
Round took 5.405655ms
Round took 6.33889ms
Round took 5.877393ms
Round took 4.973605ms
Round took 5.095204ms
Round took 5.737356ms
Round took 4.73452ms
Round took 4.970676ms
Round took 5.351381ms
Round took 5.034645ms
Round took 4.837388ms
Round took 5.157859ms
Round took 5.521983ms
Round took 5.345253ms
Round took 5.606396ms
Round took 4.462365ms
Round took 4.591272ms
Round took 5.175293ms
Round took 4.317004ms
Round took 5.363771ms
Round took 5.036857ms
Round took 5.119769ms
Round took 5.279691ms
Round took 4.901907ms
Round took 5.293904ms
Round took 4.730962ms
Round took 5.404667ms
Round took 4.547603ms
Round took 6.282872ms
Round took 4.600736ms
Round took 5.002047ms
Round took 5.929959ms
Round took 4.418099ms
Round took 4.913999ms
Round took 5.568352ms
Round took 5.059058ms
Round took 4.754976ms
Round took 5.033709ms
Round took 5.866913ms
Round took 4.309394ms
Round took 5.526713ms
Round took 4.596925ms
Round took 5.569529ms
Round took 4.740923ms
Round took 4.956205ms
Round took 5.297712ms
Round took 4.916143ms
Round took 5.041203ms
Round took 5.637195ms
Round took 5.040543ms
Round took 4.687942ms
Round took 4.623696ms
Round took 5.103226ms
Round took 6.408392ms
Round took 3.828259ms
Round took 5.005236ms
Round took 6.2423ms
Round took 4.205567ms
Round took 5.010983ms
Round took 4.950589ms
Round took 6.52863ms
Round took 5.112763ms
Round took 4.971099ms
Round took 5.153552ms
Round took 3.442976ms
Round took 5.442351ms
Round took 4.687165ms
Round took 6.476149ms
Round took 4.960078ms
Round took 4.88637ms
Round took 5.061403ms
Round took 3.989465ms
Round took 5.492547ms
Round took 4.925999ms
Round took 5.52983ms
Round took 5.246439ms
Round took 4.637234ms
Round took 6.097286ms
Round took 3.984357ms
Round took 5.496494ms
Round took 4.95833ms
Round took 5.305863ms
Round took 5.453461ms
Round took 4.386625ms
Round took 5.250545ms
Round took 6.196181ms
Round took 4.6383ms
Round took 4.607326ms
Round took 5.559479ms
Round took 5.308676ms
Round took 4.639179ms
Round took 5.856332ms
Round took 3.721129ms
Round took 6.201912ms
Round took 4.506211ms
Round took 5.137795ms
Round took 5.744214ms
Round took 4.478437ms
Round took 5.272743ms
Round took 4.327981ms
Round took 5.312607ms
Round took 4.559502ms
Round took 5.141091ms
Round took 5.853285ms
Round took 4.931346ms
Round took 4.843843ms
Round took 4.978755ms
Round took 4.927277ms
Round took 8.709608ms
Round took 4.77225ms
Round took 4.906694ms
Round took 5.494721ms
Round took 4.808248ms
Round took 5.580632ms
Round took 5.335769ms
Round took 4.810595ms
Round took 5.099804ms
Round took 5.017251ms
Round took 4.961466ms
Round took 5.693233ms
Round took 4.758677ms
Round took 6.754115ms
Round took 3.955146ms
Round took 5.182469ms
Round took 5.107127ms
Round took 4.932708ms
Round took 4.906912ms
Round took 6.124499ms
Round took 4.231319ms
Round took 5.504692ms
Round took 4.998713ms
Round took 5.774532ms
Round took 4.139598ms
Round took 5.47992ms
Round took 4.423615ms
Round took 5.69052ms
Round took 6.340015ms
Round took 6.22644ms
Round took 4.7788ms
Round took 5.222504ms
Round took 4.816977ms
Round took 5.382655ms
Round took 4.834033ms
Round took 5.528536ms
Round took 5.122796ms
Round took 4.471064ms
Round took 5.094808ms
Round took 5.199892ms
Round took 4.906908ms
Round took 4.859686ms
Round took 5.185521ms
Round took 5.113135ms
Round took 4.954938ms
Round took 5.285659ms
Round took 5.024379ms
Round took 6.245051ms
Round took 4.80964ms
Round took 4.823059ms
Round took 5.525954ms
Round took 5.006918ms
Round took 4.976102ms
Round took 4.989245ms
Round took 5.281802ms
Round took 4.751929ms
Round took 4.905256ms
Round took 5.884354ms
Round took 5.359389ms
Round took 4.598589ms
Round took 5.386881ms
Round took 5.369005ms
Round took 5.210767ms
Round took 5.151643ms
Round took 6.609088ms
Round took 5.6224ms
Round took 4.491342ms
Round took 4.555355ms
Round took 3.460666ms
Round took 5.244457ms
Round took 5.203331ms
Round took 6.083513ms
Round took 4.905263ms
Round took 6.002105ms
Round took 3.280221ms
Round took 6.707415ms
Round took 4.841068ms
Round took 4.831214ms
Round took 5.494624ms
Round took 4.589457ms
Round took 4.866566ms
Round took 5.139504ms
Round took 5.387523ms
Round took 4.708253ms
Round took 5.35667ms
Round took 5.837571ms
Round took 4.5888ms
Round took 4.614564ms
Round took 4.590674ms
Round took 5.64771ms
Round took 4.777633ms
Round took 4.970736ms
Round took 7.268114ms
Round took 6.826557ms
Round took 4.834676ms
Round took 4.962659ms
Round took 5.25308ms
Round took 5.490329ms
Round took 3.863916ms
Round took 5.232869ms
Round took 5.234635ms
Round took 5.671499ms
Round took 4.375644ms
Round took 6.751997ms
Round took 6.411703ms
Round took 4.009406ms
Round took 5.325435ms
Round took 4.516414ms
Round took 5.010782ms
Round took 3.484466ms
Round took 5.258618ms
Round took 6.873368ms
Round took 4.626807ms
Round took 5.199879ms
Round took 6.763397ms
Round took 6.480911ms
Round took 5.36642ms
Round took 4.72995ms
Round took 5.653142ms
Round took 4.254578ms
Round took 5.083062ms
Round took 5.536956ms
Round took 4.958778ms
Round took 5.006844ms
Round took 4.913292ms
Round took 5.010992ms
Round took 5.137928ms
Round took 5.102601ms
Round took 5.298454ms
Round took 4.631707ms
Round took 5.408146ms
Round took 4.818674ms
Round took 5.363867ms
Round took 5.110899ms
Round took 4.75886ms
Round took 5.072242ms
Round took 5.338087ms
Round took 4.86932ms
Round took 4.671244ms
Round took 6.1107ms
Round took 4.333188ms
Round took 5.26569ms
Round took 4.96012ms
Round took 5.25574ms
Round took 5.393098ms
Round took 4.713719ms
Round took 5.38481ms
Round took 5.226592ms
Round took 5.063262ms
Round took 5.056287ms
Round took 5.006942ms
Round took 6.605673ms
Round took 5.445747ms
Round took 5.587715ms
Round took 4.52668ms
Round took 4.937876ms
Round took 5.425367ms
Round took 4.412722ms
Test took 5.201098892s
Successful: 10000
