Uniform distribution
2021/04/16 21:40:47 The leader is replica 0
Round took 4.781689ms
Round took 5.194754ms
Round took 7.136169ms
Round took 6.66475ms
Round took 6.8613ms
Round took 3.5137ms
Round took 5.325603ms
Round took 4.949968ms
Round took 6.006943ms
Round took 4.483482ms
Round took 4.937242ms
Round took 5.323641ms
Round took 5.152266ms
Round took 5.083355ms
Round took 5.550843ms
Round took 5.339614ms
Round took 4.202681ms
Round took 4.830464ms
Round took 6.523357ms
Round took 4.19758ms
Round took 4.896296ms
Round took 5.09148ms
Round took 4.956896ms
Round took 5.119419ms
Round took 4.717463ms
Round took 5.027445ms
Round took 6.80326ms
Round took 4.299496ms
Round took 4.693778ms
Round took 5.252597ms
Round took 5.500214ms
Round took 4.688808ms
Round took 5.511531ms
Round took 4.897521ms
Round took 5.381896ms
Round took 4.157861ms
Round took 5.680914ms
Round took 6.908522ms
Round took 3.728707ms
Round took 6.072131ms
Round took 4.926293ms
Round took 5.44469ms
Round took 3.345286ms
Round took 5.648025ms
Round took 5.547844ms
Round took 4.397872ms
Round took 5.384615ms
Round took 4.29222ms
Round took 6.054141ms
Round took 7.058332ms
Round took 7.835337ms
Round took 4.482432ms
Round took 8.069292ms
Round took 4.679231ms
Round took 8.713817ms
Round took 4.253851ms
Round took 4.001473ms
Round took 5.81105ms
Round took 4.880846ms
Round took 4.267079ms
Round took 4.942221ms
Round took 6.645584ms
Round took 3.593533ms
Round took 4.964044ms
Round took 5.643448ms
Round took 4.885012ms
Round took 5.613044ms
Round took 6.326641ms
Round took 5.693471ms
Round took 5.127398ms
Round took 5.093368ms
Round took 5.169907ms
Round took 5.409068ms
Round took 5.040876ms
Round took 4.548422ms
Round took 5.090496ms
Round took 5.424445ms
Round took 4.856865ms
Round took 4.997784ms
Round took 5.209975ms
Round took 4.812556ms
Round took 5.177352ms
Round took 4.978685ms
Round took 5.396463ms
Round took 5.19567ms
Round took 4.909507ms
Round took 5.063751ms
Round took 6.400818ms
Round took 8.49348ms
Round took 6.794062ms
Round took 5.405507ms
Round took 4.012258ms
Round took 8.00324ms
Round took 5.472718ms
Round took 6.406939ms
Round took 4.576662ms
Round took 5.803232ms
Round took 4.590238ms
Round took 5.698524ms
Round took 4.438177ms
Round took 7.343505ms
Round took 4.738159ms
Round took 5.684358ms
Round took 4.84015ms
Round took 3.616001ms
Round took 3.93924ms
Round took 5.732927ms
Round took 6.06288ms
Round took 4.952114ms
Round took 4.917138ms
Round took 5.205911ms
Round took 4.501262ms
Round took 6.198884ms
Round took 4.385231ms
Round took 7.16952ms
Round took 7.119779ms
Round took 4.820761ms
Round took 4.312083ms
Round took 5.436564ms
Round took 5.140588ms
Round took 4.73961ms
Round took 5.072052ms
Round took 5.289495ms
Round took 4.780761ms
Round took 4.831151ms
Round took 5.181274ms
Round took 5.921524ms
Round took 4.514032ms
Round took 4.567657ms
Round took 5.501723ms
Round took 4.994864ms
Round took 4.986212ms
Round took 5.94928ms
Round took 4.993422ms
Round took 5.177588ms
Round took 4.673153ms
Round took 5.619104ms
Round took 5.783162ms
Round took 5.452492ms
Round took 5.17481ms
Round took 4.412747ms
Round took 4.699683ms
Round took 4.766539ms
Round took 5.481867ms
Round took 5.197102ms
Round took 5.004518ms
Round took 5.405686ms
Round took 5.398202ms
Round took 4.595429ms
Round took 4.976492ms
Round took 4.715828ms
Round took 5.113809ms
Round took 4.951747ms
Round took 4.939528ms
Round took 5.897682ms
Round took 5.143543ms
Round took 4.523853ms
Round took 4.25328ms
Round took 7.425359ms
Round took 6.322642ms
Round took 4.908812ms
Round took 4.935948ms
Round took 5.319527ms
Round took 5.118766ms
Round took 4.99316ms
Round took 5.043968ms
Round took 5.909932ms
Round took 4.660886ms
Round took 5.253825ms
Round took 5.492714ms
Round took 4.586405ms
Round took 5.003252ms
Round took 4.991175ms
Round took 5.439582ms
Round took 5.312746ms
Round took 4.517789ms
Round took 5.433824ms
Round took 5.453685ms
Round took 5.233684ms
Round took 5.275192ms
Round took 5.465127ms
Round took 4.34994ms
Round took 4.527047ms
Round took 5.402353ms
Round took 5.107661ms
Round took 4.453692ms
Round took 4.928546ms
Round took 5.84151ms
Round took 5.496087ms
Round took 4.934798ms
Round took 4.571959ms
Round took 6.139416ms
Round took 6.10156ms
Round took 6.155955ms
Round took 5.082763ms
Round took 5.489371ms
Round took 3.806725ms
Round took 3.483004ms
Round took 4.761067ms
Round took 4.753365ms
Round took 5.466561ms
Round took 5.835804ms
Round took 4.651297ms
Round took 4.024434ms
Round took 5.491287ms
Round took 5.291208ms
Round took 4.806068ms
Round took 4.978761ms
Round took 4.595777ms
Round took 6.631887ms
Round took 4.780431ms
Round took 7.520891ms
Round took 5.470778ms
Round took 5.262249ms
Round took 5.105313ms
Round took 5.38041ms
Round took 5.266453ms
Round took 5.176044ms
Round took 4.368112ms
Round took 5.120184ms
Round took 5.723464ms
Round took 4.452251ms
Round took 5.547867ms
Round took 6.589589ms
Round took 3.938534ms
Round took 5.167973ms
Round took 6.241308ms
Round took 4.661127ms
Round took 4.962458ms
Round took 4.601237ms
Round took 5.479395ms
Round took 5.577461ms
Round took 4.34025ms
Round took 5.029401ms
Round took 5.022116ms
Round took 5.784914ms
Round took 5.409768ms
Round took 5.264245ms
Round took 5.044111ms
Round took 6.290651ms
Round took 5.017857ms
Round took 6.47035ms
Round took 4.811197ms
Round took 4.922038ms
Round took 5.111092ms
Round took 6.160561ms
Round took 4.813904ms
Round took 5.352641ms
Round took 6.000403ms
Round took 5.077117ms
Round took 4.534827ms
Round took 5.754618ms
Round took 4.924983ms
Round took 4.659104ms
Round took 6.639096ms
Round took 4.325968ms
Round took 5.228589ms
Round took 5.166063ms
Round took 4.626175ms
Round took 5.397232ms
Round took 7.133712ms
Round took 5.133458ms
Round took 5.371686ms
Round took 4.938716ms
Round took 4.636521ms
Round took 5.367063ms
Round took 6.063308ms
Round took 5.06156ms
Round took 4.584226ms
Round took 5.907236ms
Round took 4.934222ms
Round took 4.844205ms
Round took 5.324803ms
Round took 5.405395ms
Round took 4.479773ms
Round took 5.324637ms
Round took 5.03944ms
Round took 5.479524ms
Round took 5.076876ms
Round took 5.029923ms
Round took 6.167055ms
Round took 4.137835ms
Round took 5.753895ms
Round took 4.408852ms
Round took 5.279124ms
Round took 4.842335ms
Round took 4.981592ms
Round took 6.081831ms
Round took 4.589037ms
Round took 5.108838ms
Round took 4.60105ms
Round took 5.6042ms
Round took 4.765801ms
Round took 5.369972ms
Round took 5.504291ms
Round took 4.359817ms
Round took 5.197575ms
Round took 4.979271ms
Round took 5.294269ms
Round took 4.540667ms
Round took 5.450552ms
Round took 7.546985ms
Round took 6.597986ms
Round took 5.966641ms
Round took 7.129812ms
Round took 4.199966ms
Round took 4.133786ms
Round took 5.13574ms
Round took 5.349423ms
Round took 4.704738ms
Round took 5.864584ms
Round took 5.377719ms
Round took 5.246307ms
Round took 4.520086ms
Round took 5.700446ms
Round took 4.489348ms
Round took 5.047145ms
Round took 4.865724ms
Round took 5.376351ms
Round took 5.337326ms
Round took 4.796284ms
Round took 6.76963ms
Round took 4.677346ms
Round took 4.154817ms
Round took 4.545064ms
Round took 4.995651ms
Round took 5.61349ms
Round took 4.677486ms
Round took 5.457512ms
Round took 4.850557ms
Round took 4.802011ms
Round took 4.733181ms
Round took 5.423554ms
Round took 5.685227ms
Round took 4.62939ms
Round took 5.95125ms
Round took 3.964297ms
Round took 5.113941ms
Round took 4.838874ms
Round took 5.146838ms
Round took 6.188886ms
Round took 4.254233ms
Round took 5.146066ms
Round took 5.943789ms
Round took 4.681893ms
Round took 4.753179ms
Round took 5.245572ms
Round took 4.609561ms
Round took 5.143887ms
Round took 5.246992ms
Round took 7.13452ms
Round took 5.049581ms
Round took 5.922935ms
Round took 4.842833ms
Round took 4.86683ms
Round took 5.172518ms
Round took 5.650925ms
Round took 5.101048ms
Round took 5.457938ms
Round took 5.089876ms
Round took 5.176068ms
Round took 4.596017ms
Round took 5.278489ms
Round took 4.822329ms
Round took 5.253534ms
Round took 4.756606ms
Round took 6.181588ms
Round took 4.430746ms
Round took 4.655952ms
Round took 5.271168ms
Round took 5.073292ms
Round took 5.450007ms
Round took 4.737565ms
Round took 4.977634ms
Round took 4.957643ms
Round took 5.382627ms
Round took 4.727255ms
Round took 6.045545ms
Round took 4.263528ms
Round took 4.854668ms
Round took 5.191897ms
Round took 5.505724ms
Round took 5.037495ms
Round took 5.354636ms
Round took 5.264015ms
Round took 4.508218ms
Round took 5.276929ms
Round took 5.19592ms
Round took 5.867197ms
Round took 4.894189ms
Round took 4.565916ms
Round took 5.668521ms
Round took 4.665798ms
Round took 5.199962ms
Round took 4.893899ms
Round took 5.647421ms
Round took 4.519927ms
Round took 4.963907ms
Round took 5.795097ms
Round took 4.665562ms
Round took 5.382621ms
Round took 4.281789ms
Round took 5.896611ms
Round took 5.130375ms
Round took 4.921362ms
Round took 5.628172ms
Round took 4.782517ms
Round took 4.726612ms
Round took 4.81728ms
Round took 7.018678ms
Round took 6.230397ms
Round took 5.050967ms
Round took 4.935993ms
Round took 5.38241ms
Round took 5.222108ms
Round took 5.01279ms
Round took 6.078343ms
Round took 4.366183ms
Round took 5.650203ms
Round took 4.3725ms
Round took 5.137955ms
Round took 5.491191ms
Round took 4.582511ms
Round took 5.225842ms
Round took 5.146121ms
Round took 5.412681ms
Round took 4.31656ms
Round took 5.58912ms
Round took 5.076568ms
Round took 4.955132ms
Round took 5.091948ms
Round took 5.291428ms
Round took 5.198891ms
Round took 4.680598ms
Round took 4.932093ms
Round took 6.407646ms
Round took 4.67913ms
Round took 5.089555ms
Round took 4.700526ms
Round took 5.312551ms
Round took 5.446115ms
Round took 6.912902ms
Round took 4.455ms
Round took 4.521559ms
Round took 6.711596ms
Round took 5.816727ms
Round took 5.299222ms
Round took 5.201761ms
Round took 6.426222ms
Round took 5.135355ms
Round took 5.08954ms
Round took 4.379118ms
Round took 18.807219ms
Round took 5.582915ms
Round took 5.208229ms
Round took 4.740142ms
Round took 5.442275ms
Round took 6.110517ms
Round took 5.048498ms
Round took 5.539345ms
Round took 3.798513ms
Round took 5.042984ms
Round took 5.549779ms
Round took 5.691535ms
Round took 5.286491ms
Round took 4.716439ms
Round took 3.540452ms
Round took 6.196145ms
Round took 5.10043ms
Round took 5.112352ms
Round took 4.968803ms
Round took 5.720216ms
Round took 4.824373ms
Round took 4.973729ms
Round took 5.06951ms
Round took 5.330062ms
Round took 5.120034ms
Round took 4.9927ms
Round took 6.489145ms
Round took 4.168941ms
Round took 5.084353ms
Round took 5.621773ms
Round took 4.405937ms
Round took 5.421186ms
Round took 4.936407ms
Round took 5.628322ms
Round took 4.441938ms
Round took 5.124876ms
Round took 6.023466ms
Round took 3.769487ms
Round took 5.327805ms
Round took 4.684951ms
Round took 5.12465ms
Round took 5.746394ms
Round took 4.460447ms
Round took 5.197644ms
Round took 4.334269ms
Round took 7.14016ms
Round took 4.754732ms
Round took 4.490251ms
Round took 4.749134ms
Round took 5.112085ms
Round took 4.929462ms
Round took 5.125975ms
Round took 5.950009ms
Round took 4.409382ms
Round took 5.573354ms
Round took 4.075124ms
Round took 4.987131ms
Round took 4.647069ms
Round took 5.269937ms
Round took 6.044262ms
Round took 4.717955ms
Round took 4.808828ms
Round took 4.486548ms
Round took 5.358811ms
Round took 5.190809ms
Round took 4.966309ms
Round took 6.046582ms
Round took 3.778509ms
Round took 4.254316ms
Round took 5.445213ms
Round took 4.828845ms
Round took 5.646756ms
Round took 4.878065ms
Round took 4.897697ms
Round took 5.066153ms
Round took 5.211127ms
Round took 5.91383ms
Round took 4.868042ms
Round took 5.203425ms
Round took 4.894479ms
Round took 5.112506ms
Round took 5.016903ms
Round took 5.777626ms
Round took 3.902704ms
Round took 5.328538ms
Round took 5.308111ms
Round took 5.570205ms
Round took 4.292361ms
Round took 5.711165ms
Round took 4.99142ms
Round took 5.238493ms
Round took 4.805213ms
Round took 5.633283ms
Round took 4.843728ms
Round took 4.588853ms
Round took 6.175581ms
Round took 4.713917ms
Round took 5.083335ms
Round took 5.240571ms
Round took 5.504865ms
Round took 6.397044ms
Round took 5.099179ms
Round took 4.632903ms
Round took 5.165609ms
Round took 4.963681ms
Round took 5.281161ms
Round took 5.307281ms
Round took 5.493426ms
Round took 6.584037ms
Round took 4.782985ms
Round took 6.377461ms
Round took 3.98332ms
Round took 4.959829ms
Round took 4.386462ms
Round took 6.506388ms
Round took 4.665535ms
Round took 4.675748ms
Round took 6.629365ms
Round took 6.492373ms
Round took 4.908176ms
Round took 5.432842ms
Round took 5.352987ms
Round took 4.946325ms
Round took 4.55117ms
Round took 5.000058ms
Round took 5.304658ms
Round took 4.839992ms
Round took 4.985242ms
Round took 5.328528ms
Round took 5.455247ms
Round took 5.132624ms
Round took 4.915018ms
Round took 6.251053ms
Round took 4.795298ms
Round took 4.93475ms
Round took 5.864882ms
Round took 4.224118ms
Round took 5.08626ms
Round took 5.145831ms
Round took 5.795578ms
Round took 4.601071ms
Round took 5.410917ms
Round took 5.04943ms
Round took 4.989187ms
Round took 4.689918ms
Round took 6.36464ms
Round took 3.959277ms
Round took 6.064724ms
Round took 4.904253ms
Round took 5.085774ms
Round took 7.37122ms
Round took 4.885461ms
Round took 5.275287ms
Round took 4.930377ms
Round took 5.056513ms
Round took 5.305265ms
Round took 5.098873ms
Round took 5.727558ms
Round took 5.074851ms
Round took 5.068087ms
Round took 4.929492ms
Round took 5.150715ms
Round took 5.146362ms
Round took 4.572333ms
Round took 5.088887ms
Round took 6.450483ms
Round took 4.935966ms
Round took 5.577233ms
Round took 5.380663ms
Round took 4.56886ms
Round took 4.954742ms
Round took 5.058337ms
Round took 5.726697ms
Round took 4.841481ms
Round took 6.4241ms
Round took 4.249751ms
Round took 5.04409ms
Round took 5.91702ms
Round took 3.934595ms
Round took 5.244039ms
Round took 5.358947ms
Round took 4.900924ms
Round took 5.040205ms
Round took 5.253474ms
Round took 4.660516ms
Round took 6.013391ms
Round took 5.147046ms
Round took 4.345484ms
Round took 7.019595ms
Round took 6.201429ms
Round took 3.878556ms
Round took 5.252177ms
Round took 5.163106ms
Round took 5.27839ms
Round took 5.159395ms
Round took 4.882415ms
Round took 5.082227ms
Round took 5.085127ms
Round took 4.971993ms
Round took 5.23955ms
Round took 4.919034ms
Round took 6.03741ms
Round took 4.299196ms
Round took 5.082015ms
Round took 6.238729ms
Round took 4.52939ms
Round took 5.50793ms
Round took 4.710836ms
Round took 5.544614ms
Round took 4.650107ms
Round took 4.923271ms
Round took 5.959087ms
Round took 4.068232ms
Round took 5.218175ms
Round took 4.925759ms
Round took 5.656117ms
Round took 4.712821ms
Round took 5.228111ms
Round took 5.335173ms
Round took 4.931099ms
Round took 4.938388ms
Round took 5.456437ms
Round took 5.026806ms
Round took 4.786637ms
Round took 5.241382ms
Round took 5.355632ms
Round took 4.805197ms
Round took 5.332279ms
Round took 5.389061ms
Round took 5.454054ms
Round took 4.472872ms
Round took 5.323324ms
Round took 5.11277ms
Round took 5.41345ms
Round took 4.576357ms
Round took 5.038692ms
Round took 5.673807ms
Round took 5.588743ms
Round took 4.594906ms
Round took 5.967187ms
Round took 3.649122ms
Round took 4.82988ms
Round took 4.672601ms
Round took 5.012911ms
Round took 6.252637ms
Round took 4.161479ms
Round took 5.006206ms
Round took 4.883263ms
Round took 6.101596ms
Round took 4.381891ms
Round took 4.929952ms
Round took 6.026167ms
Round took 4.608988ms
Round took 4.651332ms
Round took 5.11537ms
Round took 6.011924ms
Round took 4.785366ms
Round took 5.286293ms
Round took 5.551704ms
Round took 5.334612ms
Round took 4.341852ms
Round took 6.055516ms
Round took 6.76044ms
Round took 5.053392ms
Round took 4.205098ms
Round took 5.2505ms
Round took 5.627727ms
Round took 4.547961ms
Round took 4.897997ms
Round took 5.24178ms
Round took 5.00939ms
Round took 5.160178ms
Round took 5.083951ms
Round took 5.43811ms
Round took 5.044812ms
Round took 4.880988ms
Round took 5.419259ms
Round took 4.6937ms
Round took 4.995632ms
Round took 5.169432ms
Round took 4.790451ms
Round took 6.518143ms
Round took 4.584413ms
Round took 5.173051ms
Round took 5.77338ms
Round took 4.300869ms
Round took 4.895623ms
Round took 5.611489ms
Round took 4.682255ms
Round took 4.756255ms
Round took 5.139296ms
Round took 5.585532ms
Round took 5.290832ms
Round took 5.621306ms
Round took 4.458733ms
Round took 4.665652ms
Round took 5.113513ms
Round took 4.304014ms
Round took 5.292247ms
Round took 5.015991ms
Round took 5.07318ms
Round took 5.228006ms
Round took 4.871445ms
Round took 5.311239ms
Round took 4.581339ms
Round took 5.451257ms
Round took 4.632161ms
Round took 6.473653ms
Round took 4.506952ms
Round took 5.010786ms
Round took 5.871715ms
Round took 4.445208ms
Round took 4.911669ms
Round took 5.585282ms
Round took 4.898164ms
Round took 4.689427ms
Round took 5.02677ms
Round took 5.880058ms
Round took 4.284141ms
Round took 5.507706ms
Round took 4.622123ms
Round took 5.591006ms
Round took 4.698257ms
Round took 4.984339ms
Round took 5.314337ms
Round took 5.157035ms
Round took 5.055669ms
Round took 5.576382ms
Round took 5.005883ms
Round took 4.783969ms
Round took 4.615578ms
Round took 5.07508ms
Round took 6.408128ms
Round took 4.751439ms
Round took 5.401329ms
Round took 5.523899ms
Round took 4.286635ms
Round took 5.097936ms
Round took 4.835998ms
Round took 7.244191ms
Round took 4.895439ms
Round took 4.976046ms
Round took 4.289918ms
Round took 3.902805ms
Round took 5.267768ms
Round took 4.816598ms
Round took 6.363039ms
Round took 4.937389ms
Round took 5.264297ms
Round took 5.375896ms
Round took 3.875164ms
Round took 5.492545ms
Round took 5.379695ms
Round took 5.185088ms
Round took 5.191437ms
Round took 4.577431ms
Round took 5.999554ms
Round took 3.91873ms
Round took 5.420737ms
Round took 5.433415ms
Round took 4.954212ms
Round took 5.551743ms
Round took 4.269818ms
Round took 6.492162ms
Round took 6.351665ms
Round took 4.562438ms
Round took 5.077066ms
Round took 5.198462ms
Round took 5.118672ms
Round took 5.349121ms
Round took 4.376088ms
Round took 6.034535ms
Round took 5.272285ms
Round took 4.826481ms
Round took 4.904939ms
Round took 5.735221ms
Round took 5.245743ms
Round took 4.378562ms
Round took 5.37353ms
Round took 5.08467ms
Round took 5.051728ms
Round took 5.217237ms
Round took 5.416556ms
Round took 4.664003ms
Round took 5.152977ms
Round took 4.691576ms
Round took 6.075762ms
Round took 5.260073ms
Round took 6.222342ms
Round took 3.782782ms
Round took 5.284855ms
Round took 4.775149ms
Round took 6.406893ms
Round took 4.557161ms
Round took 4.35958ms
Round took 5.714574ms
Round took 4.970853ms
Round took 5.328322ms
Round took 4.892564ms
Round took 4.937713ms
Round took 6.192333ms
Round took 6.216454ms
Round took 4.961459ms
Round took 5.382732ms
Round took 4.873425ms
Round took 5.595942ms
Round took 4.334148ms
Round took 6.146996ms
Round took 4.935508ms
Round took 5.069849ms
Round took 4.609591ms
Round took 6.695793ms
Round took 4.191014ms
Round took 5.270296ms
Round took 5.146368ms
Round took 5.209405ms
Round took 6.591647ms
Round took 3.86556ms
Round took 6.003481ms
Round took 4.100022ms
Round took 5.619561ms
Round took 4.413615ms
Round took 5.5068ms
Round took 5.667876ms
Round took 4.425243ms
Round took 5.464599ms
Round took 4.059396ms
Round took 5.045801ms
Round took 4.970233ms
Round took 5.191099ms
Round took 5.082717ms
Round took 4.920818ms
Round took 5.846786ms
Round took 4.724434ms
Round took 5.090158ms
Round took 5.225383ms
Round took 5.833015ms
Round took 4.294779ms
Round took 4.916419ms
Round took 5.888521ms
Round took 4.066532ms
Round took 4.884492ms
Round took 5.342372ms
Round took 4.921276ms
Round took 5.386636ms
Round took 5.476443ms
Round took 4.772529ms
Round took 5.248603ms
Round took 4.393715ms
Round took 5.274652ms
Round took 5.143111ms
Round took 6.731988ms
Round took 5.493499ms
Round took 5.019772ms
Round took 3.85761ms
Round took 3.558845ms
Round took 5.289506ms
Round took 5.205139ms
Round took 6.096254ms
Round took 4.895254ms
Round took 5.959211ms
Round took 7.682682ms
Round took 4.756097ms
Round took 4.932962ms
Round took 4.999998ms
Round took 5.19155ms
Round took 4.977448ms
Round took 5.108102ms
Round took 4.924797ms
Round took 5.174737ms
Round took 5.060125ms
Round took 5.086704ms
Round took 5.545141ms
Round took 4.872875ms
Round took 4.882393ms
Round took 5.515072ms
Round took 5.287639ms
Round took 4.835607ms
Round took 5.176959ms
Round took 5.941786ms
Round took 5.490799ms
Round took 5.200889ms
Round took 5.233798ms
Round took 5.183519ms
Round took 4.744277ms
Round took 3.776239ms
Round took 5.305479ms
Round took 5.474804ms
Round took 5.539844ms
Round took 4.532312ms
Round took 7.43803ms
Round took 6.382429ms
Round took 4.826638ms
Round took 4.629451ms
Round took 5.446922ms
Round took 3.50861ms
Round took 3.52182ms
Round took 5.971549ms
Round took 5.218719ms
Round took 4.781782ms
Round took 6.346166ms
Round took 6.087764ms
Round took 5.865444ms
Round took 5.494018ms
Round took 4.664949ms
Round took 5.488705ms
Round took 4.663636ms
Round took 5.028393ms
Round took 7.094589ms
Round took 4.744084ms
Round took 6.18059ms
Round took 4.524006ms
Round took 4.546357ms
Round took 5.69579ms
Round took 5.053908ms
Round took 5.826936ms
Round took 4.24661ms
Round took 5.71745ms
Round took 6.601026ms
Round took 5.084146ms
Round took 4.791685ms
Round took 5.061321ms
Round took 5.348692ms
Round took 4.839283ms
Round took 4.664736ms
Round took 5.720889ms
Round took 4.547777ms
Round took 5.278276ms
Round took 5.015364ms
Round took 5.102711ms
Round took 5.686356ms
Round took 4.38767ms
Round took 5.35218ms
Round took 5.178166ms
Round took 5.015767ms
Round took 5.027425ms
Round took 5.106732ms
Round took 5.051534ms
Round took 5.23978ms
Round took 5.305204ms
Round took 5.579405ms
Round took 4.84903ms
Round took 5.613466ms
Round took 4.228288ms
Round took 9.249891ms
Round took 6.559212ms
Round took 5.769333ms
Round took 4.165331ms
Test took 5.230113747s
Successful: 10000
