Uniform distribution
2021/04/16 21:40:47 The leader is replica 0
Round took 6.956663ms
Round took 8.274912ms
Round took 6.846368ms
Round took 6.637004ms
Round took 7.012889ms
Round took 6.513753ms
Round took 4.062854ms
Round took 5.657848ms
Round took 5.381521ms
Round took 6.198071ms
Round took 6.42798ms
Round took 4.544274ms
Round took 3.804027ms
Round took 4.951084ms
Round took 5.188838ms
Round took 5.477871ms
Round took 5.494297ms
Round took 4.974464ms
Round took 5.362556ms
Round took 4.831284ms
Round took 5.002244ms
Round took 5.341193ms
Round took 5.044081ms
Round took 5.706991ms
Round took 5.274123ms
Round took 4.48544ms
Round took 4.377111ms
Round took 5.378078ms
Round took 4.881829ms
Round took 5.451878ms
Round took 5.627523ms
Round took 4.344976ms
Round took 6.003486ms
Round took 3.715964ms
Round took 5.368987ms
Round took 4.295008ms
Round took 4.949268ms
Round took 6.611766ms
Round took 6.782014ms
Round took 7.932943ms
Round took 6.396696ms
Round took 4.11567ms
Round took 3.999705ms
Round took 6.978062ms
Round took 5.932077ms
Round took 6.097774ms
Round took 4.572567ms
Round took 5.725205ms
Round took 4.506931ms
Round took 5.119054ms
Round took 4.117855ms
Round took 6.767177ms
Round took 5.295774ms
Round took 5.467032ms
Round took 5.118255ms
Round took 3.634516ms
Round took 3.702191ms
Round took 5.774613ms
Round took 5.203984ms
Round took 5.458516ms
Round took 4.969198ms
Round took 4.655737ms
Round took 5.07216ms
Round took 5.56959ms
Round took 4.384789ms
Round took 5.29687ms
Round took 5.940085ms
Round took 6.216542ms
Round took 5.236225ms
Round took 4.096011ms
Round took 4.941232ms
Round took 5.215955ms
Round took 5.253997ms
Round took 5.006705ms
Round took 5.096309ms
Round took 4.693005ms
Round took 5.164014ms
Round took 4.814835ms
Round took 4.98767ms
Round took 4.738223ms
Round took 4.503147ms
Round took 5.412018ms
Round took 4.742417ms
Round took 4.685789ms
Round took 5.978286ms
Round took 4.977296ms
Round took 5.224826ms
Round took 4.657789ms
Round took 5.448406ms
Round took 5.056461ms
Round took 4.874146ms
Round took 5.676678ms
Round took 4.6606ms
Round took 4.804093ms
Round took 5.064958ms
Round took 5.522208ms
Round took 5.093502ms
Round took 5.070947ms
Round took 5.388409ms
Round took 5.396864ms
Round took 4.58336ms
Round took 4.973626ms
Round took 4.77909ms
Round took 5.444147ms
Round took 4.88123ms
Round took 4.948788ms
Round took 5.936294ms
Round took 5.096149ms
Round took 4.529388ms
Round took 4.309273ms
Round took 5.186965ms
Round took 5.801543ms
Round took 4.989663ms
Round took 6.034883ms
Round took 3.578171ms
Round took 5.135519ms
Round took 5.028472ms
Round took 5.585389ms
Round took 4.905355ms
Round took 5.05553ms
Round took 4.824406ms
Round took 5.541174ms
Round took 4.954576ms
Round took 4.544943ms
Round took 5.011215ms
Round took 5.445382ms
Round took 4.841007ms
Round took 5.252877ms
Round took 4.477153ms
Round took 5.495024ms
Round took 5.407145ms
Round took 5.484073ms
Round took 5.035438ms
Round took 5.550163ms
Round took 4.29662ms
Round took 4.52858ms
Round took 5.342058ms
Round took 5.130222ms
Round took 4.757196ms
Round took 4.876225ms
Round took 6.017752ms
Round took 4.236804ms
Round took 4.823169ms
Round took 4.742868ms
Round took 5.925443ms
Round took 5.623323ms
Round took 6.792278ms
Round took 5.069001ms
Round took 5.740008ms
Round took 3.830814ms
Round took 4.03654ms
Round took 4.774374ms
Round took 4.887682ms
Round took 6.53541ms
Round took 4.832082ms
Round took 4.740466ms
Round took 3.895721ms
Round took 5.962629ms
Round took 4.918076ms
Round took 4.896607ms
Round took 4.872663ms
Round took 4.529261ms
Round took 5.281127ms
Round took 4.644174ms
Round took 5.49923ms
Round took 4.32573ms
Round took 5.382336ms
Round took 4.981994ms
Round took 5.050882ms
Round took 5.522853ms
Round took 5.073073ms
Round took 5.234467ms
Round took 4.370712ms
Round took 5.124726ms
Round took 5.566732ms
Round took 4.567417ms
Round took 5.474907ms
Round took 5.047775ms
Round took 4.263818ms
Round took 5.175477ms
Round took 5.618946ms
Round took 5.021614ms
Round took 5.051157ms
Round took 4.58733ms
Round took 5.503574ms
Round took 5.599594ms
Round took 4.369914ms
Round took 4.852349ms
Round took 5.361196ms
Round took 4.790084ms
Round took 4.787154ms
Round took 5.099405ms
Round took 5.702599ms
Round took 5.203417ms
Round took 4.875099ms
Round took 4.729864ms
Round took 5.928978ms
Round took 4.856654ms
Round took 5.611518ms
Round took 4.860847ms
Round took 5.078045ms
Round took 5.034971ms
Round took 5.320558ms
Round took 5.012844ms
Round took 5.053679ms
Round took 4.79311ms
Round took 5.430358ms
Round took 4.934518ms
Round took 4.780419ms
Round took 5.871558ms
Round took 4.263974ms
Round took 5.181158ms
Round took 4.694181ms
Round took 5.037963ms
Round took 5.423489ms
Round took 5.546738ms
Round took 5.094198ms
Round took 5.580765ms
Round took 5.047639ms
Round took 5.495909ms
Round took 3.757019ms
Round took 5.413744ms
Round took 5.38936ms
Round took 5.490936ms
Round took 4.467426ms
Round took 5.187527ms
Round took 4.955495ms
Round took 5.052429ms
Round took 5.002921ms
Round took 4.852198ms
Round took 4.506402ms
Round took 5.636441ms
Round took 4.80664ms
Round took 5.069101ms
Round took 5.076814ms
Round took 5.033334ms
Round took 6.152385ms
Round took 4.15212ms
Round took 5.646463ms
Round took 4.356316ms
Round took 5.270434ms
Round took 4.76758ms
Round took 5.886102ms
Round took 5.764987ms
Round took 4.588138ms
Round took 5.717606ms
Round took 4.050865ms
Round took 5.311748ms
Round took 4.830512ms
Round took 5.452151ms
Round took 5.468394ms
Round took 4.533273ms
Round took 5.613286ms
Round took 4.510486ms
Round took 5.203476ms
Round took 4.572238ms
Round took 5.89452ms
Round took 4.835928ms
Round took 3.911424ms
Round took 7.266956ms
Round took 5.607051ms
Round took 4.920226ms
Round took 4.797043ms
Round took 4.112653ms
Round took 4.837241ms
Round took 5.213706ms
Round took 4.667148ms
Round took 5.859454ms
Round took 4.414792ms
Round took 5.230165ms
Round took 4.511964ms
Round took 5.714545ms
Round took 4.459733ms
Round took 4.755667ms
Round took 4.944777ms
Round took 5.363105ms
Round took 5.28654ms
Round took 4.832227ms
Round took 6.575706ms
Round took 4.685186ms
Round took 4.193475ms
Round took 4.580033ms
Round took 5.071283ms
Round took 6.107512ms
Round took 4.696896ms
Round took 5.397404ms
Round took 4.813806ms
Round took 4.828033ms
Round took 4.695298ms
Round took 5.432787ms
Round took 5.704189ms
Round took 4.549697ms
Round took 5.905502ms
Round took 3.98557ms
Round took 5.034279ms
Round took 4.850755ms
Round took 5.081288ms
Round took 6.190569ms
Round took 4.208434ms
Round took 5.160394ms
Round took 5.942956ms
Round took 4.291875ms
Round took 4.744563ms
Round took 4.926441ms
Round took 5.231967ms
Round took 5.246095ms
Round took 5.231498ms
Round took 5.678949ms
Round took 5.03665ms
Round took 4.523952ms
Round took 5.245908ms
Round took 5.702044ms
Round took 4.366628ms
Round took 4.674383ms
Round took 6.795674ms
Round took 6.037426ms
Round took 5.400772ms
Round took 5.09317ms
Round took 4.64538ms
Round took 5.23046ms
Round took 4.889135ms
Round took 5.399275ms
Round took 4.660389ms
Round took 6.179474ms
Round took 4.25685ms
Round took 4.97465ms
Round took 4.923442ms
Round took 5.087246ms
Round took 5.409847ms
Round took 4.882355ms
Round took 5.10913ms
Round took 5.034065ms
Round took 5.336866ms
Round took 4.670583ms
Round took 5.821063ms
Round took 4.394058ms
Round took 4.93478ms
Round took 5.040479ms
Round took 5.86854ms
Round took 4.886096ms
Round took 5.377535ms
Round took 5.12835ms
Round took 4.63994ms
Round took 5.029651ms
Round took 5.077436ms
Round took 5.868608ms
Round took 5.175781ms
Round took 4.566423ms
Round took 5.634636ms
Round took 4.617389ms
Round took 5.158118ms
Round took 4.985788ms
Round took 5.759032ms
Round took 4.501163ms
Round took 4.809661ms
Round took 5.275243ms
Round took 5.033965ms
Round took 5.40648ms
Round took 4.383138ms
Round took 6.145196ms
Round took 5.116647ms
Round took 5.00302ms
Round took 4.654576ms
Round took 5.677781ms
Round took 4.661203ms
Round took 4.387975ms
Round took 5.976851ms
Round took 4.734717ms
Round took 4.979143ms
Round took 5.286155ms
Round took 5.075598ms
Round took 4.978461ms
Round took 5.188105ms
Round took 5.519915ms
Round took 5.561446ms
Round took 3.744841ms
Round took 5.710606ms
Round took 4.64683ms
Round took 4.908432ms
Round took 5.451931ms
Round took 4.621522ms
Round took 5.648307ms
Round took 4.843724ms
Round took 5.440083ms
Round took 4.273061ms
Round took 5.645182ms
Round took 5.024254ms
Round took 4.913985ms
Round took 5.851922ms
Round took 4.393282ms
Round took 4.866013ms
Round took 5.035716ms
Round took 5.231291ms
Round took 5.134325ms
Round took 4.696423ms
Round took 5.055972ms
Round took 4.659301ms
Round took 5.225383ms
Round took 5.431757ms
Round took 5.615455ms
Round took 5.244976ms
Round took 4.347762ms
Round took 5.072394ms
Round took 5.205083ms
Round took 5.281091ms
Round took 5.00473ms
Round took 5.087245ms
Round took 6.961179ms
Round took 5.778696ms
Round took 4.728449ms
Round took 3.65024ms
Round took 18.457078ms
Round took 4.962249ms
Round took 5.616973ms
Round took 4.817706ms
Round took 6.071132ms
Round took 6.270488ms
Round took 4.575993ms
Round took 5.312326ms
Round took 3.458585ms
Round took 4.988792ms
Round took 6.583493ms
Round took 5.472907ms
Round took 5.884341ms
Round took 3.316079ms
Round took 3.464655ms
Round took 6.396964ms
Round took 4.883409ms
Round took 5.508121ms
Round took 4.585024ms
Round took 5.160384ms
Round took 5.062831ms
Round took 5.208421ms
Round took 4.943265ms
Round took 3.942296ms
Round took 4.506113ms
Round took 5.282122ms
Round took 5.6636ms
Round took 4.19627ms
Round took 4.810543ms
Round took 4.599811ms
Round took 4.807628ms
Round took 5.609573ms
Round took 4.698212ms
Round took 5.172609ms
Round took 4.963409ms
Round took 5.148999ms
Round took 5.328233ms
Round took 4.680053ms
Round took 5.668775ms
Round took 4.724667ms
Round took 4.804688ms
Round took 6.007056ms
Round took 4.565496ms
Round took 5.136327ms
Round took 4.572357ms
Round took 6.170994ms
Round took 5.337612ms
Round took 4.248093ms
Round took 4.504883ms
Round took 5.379909ms
Round took 5.024659ms
Round took 4.857874ms
Round took 5.219446ms
Round took 5.312422ms
Round took 4.649627ms
Round took 4.592421ms
Round took 5.158586ms
Round took 5.163079ms
Round took 5.263756ms
Round took 5.078662ms
Round took 5.542191ms
Round took 4.82972ms
Round took 4.66494ms
Round took 5.200483ms
Round took 5.462749ms
Round took 4.85281ms
Round took 5.056394ms
Round took 4.770118ms
Round took 5.19074ms
Round took 5.134085ms
Round took 4.789716ms
Round took 5.540348ms
Round took 4.727044ms
Round took 4.916337ms
Round took 4.93833ms
Round took 5.471894ms
Round took 5.891874ms
Round took 4.563894ms
Round took 5.515418ms
Round took 4.932608ms
Round took 4.624858ms
Round took 4.505947ms
Round took 6.276833ms
Round took 3.906641ms
Round took 5.33184ms
Round took 4.636953ms
Round took 6.168593ms
Round took 4.219109ms
Round took 4.854705ms
Round took 5.309465ms
Round took 5.488569ms
Round took 4.868018ms
Round took 5.00242ms
Round took 4.986271ms
Round took 5.13947ms
Round took 5.162866ms
Round took 4.78973ms
Round took 5.747506ms
Round took 4.994179ms
Round took 4.400526ms
Round took 5.179785ms
Round took 5.60802ms
Round took 5.141562ms
Round took 4.719495ms
Round took 5.439131ms
Round took 4.811788ms
Round took 5.462386ms
Round took 4.335591ms
Round took 5.714078ms
Round took 4.734051ms
Round took 4.565422ms
Round took 5.137393ms
Round took 5.453415ms
Round took 4.602461ms
Round took 4.670506ms
Round took 5.181882ms
Round took 5.321161ms
Round took 4.663717ms
Round took 5.234575ms
Round took 4.925588ms
Round took 5.883276ms
Round took 4.455797ms
Round took 5.453046ms
Round took 5.371937ms
Round took 4.420364ms
Round took 4.651191ms
Round took 4.92392ms
Round took 5.288631ms
Round took 4.974377ms
Round took 4.976765ms
Round took 4.919656ms
Round took 5.425342ms
Round took 5.22567ms
Round took 4.793732ms
Round took 6.170515ms
Round took 4.688418ms
Round took 4.958402ms
Round took 5.319196ms
Round took 4.783355ms
Round took 5.08587ms
Round took 4.467543ms
Round took 5.348936ms
Round took 4.997711ms
Round took 5.383944ms
Round took 4.596851ms
Round took 5.615377ms
Round took 4.755244ms
Round took 5.31022ms
Round took 4.816693ms
Round took 5.97722ms
Round took 4.750131ms
Round took 4.65624ms
Round took 6.010378ms
Round took 4.837853ms
Round took 4.28625ms
Round took 5.39709ms
Round took 5.117658ms
Round took 4.83589ms
Round took 5.267863ms
Round took 4.695529ms
Round took 5.716649ms
Round took 5.158033ms
Round took 5.054159ms
Round took 5.547075ms
Round took 4.470536ms
Round took 5.168239ms
Round took 4.512064ms
Round took 5.807685ms
Round took 4.860906ms
Round took 4.499315ms
Round took 5.12357ms
Round took 5.965327ms
Round took 4.574207ms
Round took 4.874036ms
Round took 5.071609ms
Round took 5.623531ms
Round took 4.540881ms
Round took 5.007766ms
Round took 5.308373ms
Round took 4.981901ms
Round took 5.235518ms
Round took 4.422569ms
Round took 5.491042ms
Round took 5.173513ms
Round took 4.369997ms
Round took 5.28281ms
Round took 5.513974ms
Round took 4.57322ms
Round took 5.184903ms
Round took 5.657749ms
Round took 4.241605ms
Round took 5.381501ms
Round took 4.660964ms
Round took 6.308019ms
Round took 3.755315ms
Round took 5.241054ms
Round took 5.318555ms
Round took 5.208688ms
Round took 5.157783ms
Round took 4.83142ms
Round took 5.48754ms
Round took 4.832768ms
Round took 4.863602ms
Round took 5.363452ms
Round took 5.368834ms
Round took 5.507313ms
Round took 4.200605ms
Round took 5.020467ms
Round took 5.76708ms
Round took 4.473765ms
Round took 5.495327ms
Round took 4.878718ms
Round took 5.205475ms
Round took 4.562398ms
Round took 4.97056ms
Round took 5.947779ms
Round took 4.033105ms
Round took 5.20531ms
Round took 4.958643ms
Round took 5.601475ms
Round took 4.716509ms
Round took 5.142736ms
Round took 5.270994ms
Round took 4.900524ms
Round took 4.969878ms
Round took 5.367043ms
Round took 4.931152ms
Round took 5.005639ms
Round took 5.136961ms
Round took 5.97523ms
Round took 4.945761ms
Round took 4.581249ms
Round took 4.276564ms
Round took 4.979966ms
Round took 5.089522ms
Round took 5.210697ms
Round took 4.893826ms
Round took 5.792069ms
Round took 4.649624ms
Round took 5.024516ms
Round took 4.947087ms
Round took 6.073857ms
Round took 4.635929ms
Round took 4.789847ms
Round took 4.985111ms
Round took 5.27999ms
Round took 4.666279ms
Round took 5.00081ms
Round took 6.226759ms
Round took 4.17097ms
Round took 5.030693ms
Round took 4.80155ms
Round took 5.167535ms
Round took 5.067386ms
Round took 4.964461ms
Round took 5.951926ms
Round took 4.609431ms
Round took 4.56582ms
Round took 4.727038ms
Round took 5.436879ms
Round took 4.801112ms
Round took 5.009835ms
Round took 4.989648ms
Round took 5.737405ms
Round took 4.393381ms
Round took 5.167337ms
Round took 4.786479ms
Round took 6.615069ms
Round took 4.884117ms
Round took 4.215561ms
Round took 5.129897ms
Round took 5.647387ms
Round took 4.337401ms
Round took 4.885215ms
Round took 5.492128ms
Round took 4.771338ms
Round took 5.31698ms
Round took 4.776655ms
Round took 5.459338ms
Round took 4.936786ms
Round took 5.128434ms
Round took 6.051679ms
Round took 4.032783ms
Round took 5.086176ms
Round took 5.030416ms
Round took 4.789938ms
Round took 5.721034ms
Round took 4.608214ms
Round took 5.145918ms
Round took 5.764334ms
Round took 4.269879ms
Round took 4.945987ms
Round took 5.405156ms
Round took 6.059752ms
Round took 4.695818ms
Round took 5.774705ms
Round took 5.594016ms
Round took 4.886485ms
Round took 5.750897ms
Round took 4.707306ms
Round took 4.12028ms
Round took 4.885273ms
Round took 4.280518ms
Round took 5.711725ms
Round took 4.885809ms
Round took 5.083421ms
Round took 5.65484ms
Round took 5.063214ms
Round took 5.049928ms
Round took 4.607379ms
Round took 5.743445ms
Round took 4.477856ms
Round took 4.646051ms
Round took 4.380293ms
Round took 5.056846ms
Round took 5.813253ms
Round took 4.441337ms
Round took 4.953028ms
Round took 5.639615ms
Round took 4.95246ms
Round took 4.706522ms
Round took 5.052048ms
Round took 5.933501ms
Round took 4.257743ms
Round took 5.511794ms
Round took 4.598343ms
Round took 5.602346ms
Round took 4.715892ms
Round took 4.923896ms
Round took 5.319763ms
Round took 4.870701ms
Round took 5.018194ms
Round took 5.358827ms
Round took 5.341752ms
Round took 4.719866ms
Round took 4.611119ms
Round took 5.11783ms
Round took 6.022606ms
Round took 4.023462ms
Round took 5.027245ms
Round took 5.22797ms
Round took 4.963177ms
Round took 5.105063ms
Round took 4.917637ms
Round took 5.837017ms
Round took 5.780548ms
Round took 4.68187ms
Round took 5.082443ms
Round took 4.899321ms
Round took 4.718331ms
Round took 4.246926ms
Round took 5.261866ms
Round took 5.878469ms
Round took 4.755637ms
Round took 4.744816ms
Round took 4.622417ms
Round took 5.471328ms
Round took 4.762727ms
Round took 5.007581ms
Round took 5.582838ms
Round took 4.624609ms
Round took 5.394195ms
Round took 4.466497ms
Round took 5.763437ms
Round took 4.877359ms
Round took 5.32212ms
Round took 5.309783ms
Round took 4.48828ms
Round took 5.323258ms
Round took 5.127464ms
Round took 5.857023ms
Round took 4.460683ms
Round took 5.23933ms
Round took 5.725081ms
Round took 4.556792ms
Round took 5.313952ms
Round took 4.296488ms
Round took 6.100289ms
Round took 4.473269ms
Round took 4.663376ms
Round took 4.960492ms
Round took 5.442054ms
Round took 5.083573ms
Round took 4.481879ms
Round took 5.140987ms
Round took 5.188143ms
Round took 4.944089ms
Round took 5.010961ms
Round took 6.006746ms
Round took 4.255271ms
Round took 5.088628ms
Round took 4.724075ms
Round took 5.998491ms
Round took 5.198867ms
Round took 4.767506ms
Round took 4.764982ms
Round took 5.525185ms
Round took 4.610504ms
Round took 5.602754ms
Round took 5.356462ms
Round took 4.227526ms
Round took 5.088462ms
Round took 4.981254ms
Round took 5.473554ms
Round took 4.928032ms
Round took 4.434914ms
Round took 5.073318ms
Round took 5.327715ms
Round took 5.110223ms
Round took 4.933028ms
Round took 5.691254ms
Round took 4.60745ms
Round took 5.614616ms
Round took 4.33941ms
Round took 6.035447ms
Round took 4.985476ms
Round took 4.972195ms
Round took 4.803823ms
Round took 5.755941ms
Round took 4.059311ms
Round took 5.281705ms
Round took 5.246085ms
Round took 4.751584ms
Round took 5.90327ms
Round took 4.6651ms
Round took 5.951332ms
Round took 4.071954ms
Round took 5.183316ms
Round took 4.799086ms
Round took 5.541432ms
Round took 5.284376ms
Round took 4.46601ms
Round took 5.816672ms
Round took 4.327665ms
Round took 5.046739ms
Round took 4.712929ms
Round took 5.243009ms
Round took 5.122541ms
Round took 4.87446ms
Round took 5.236068ms
Round took 5.148784ms
Round took 4.944418ms
Round took 4.466526ms
Round took 4.973592ms
Round took 5.416003ms
Round took 4.918851ms
Round took 4.858009ms
Round took 4.860886ms
Round took 5.661739ms
Round took 4.059352ms
Round took 4.952917ms
Round took 5.698919ms
Round took 5.33724ms
Round took 4.54709ms
Round took 5.079613ms
Round took 5.20952ms
Round took 5.10158ms
Round took 4.918205ms
Round took 5.93025ms
Round took 6.359777ms
Round took 4.419199ms
Round took 4.497649ms
Round took 3.963364ms
Round took 5.262468ms
Round took 5.007414ms
Round took 5.599631ms
Round took 5.05236ms
Round took 5.749491ms
Round took 4.215868ms
Round took 6.545735ms
Round took 4.415662ms
Round took 4.895667ms
Round took 5.051663ms
Round took 5.082699ms
Round took 4.925684ms
Round took 5.110242ms
Round took 5.191431ms
Round took 4.870218ms
Round took 4.877589ms
Round took 5.029664ms
Round took 5.545831ms
Round took 4.57286ms
Round took 4.819049ms
Round took 5.547057ms
Round took 5.027599ms
Round took 5.028212ms
Round took 5.101849ms
Round took 5.25798ms
Round took 6.354794ms
Round took 5.428536ms
Round took 4.8068ms
Round took 5.198182ms
Round took 4.88438ms
Round took 3.773256ms
Round took 5.301056ms
Round took 5.221648ms
Round took 5.440443ms
Round took 4.46636ms
Round took 6.989637ms
Round took 6.310892ms
Round took 4.400405ms
Round took 4.772311ms
Round took 4.752442ms
Round took 4.646569ms
Round took 3.537534ms
Round took 5.794073ms
Round took 5.079913ms
Round took 4.468341ms
Round took 5.030526ms
Round took 7.151024ms
Round took 3.502218ms
Round took 5.793165ms
Round took 6.188011ms
Round took 4.081038ms
Round took 5.294634ms
Round took 4.585387ms
Round took 5.259327ms
Round took 5.792354ms
Round took 5.652138ms
Round took 4.564061ms
Round took 4.436121ms
Round took 4.479736ms
Round took 5.23864ms
Round took 5.420092ms
Round took 5.877209ms
Round took 4.130167ms
Round took 5.614235ms
Round took 4.495908ms
Round took 5.036507ms
Round took 5.17455ms
Round took 5.155683ms
Round took 5.869574ms
Round took 4.449339ms
Round took 4.936334ms
Round took 4.121028ms
Round took 6.117697ms
Round took 4.265871ms
Round took 5.32424ms
Round took 6.282219ms
Round took 4.771355ms
Round took 5.56786ms
Round took 4.222665ms
Round took 5.099523ms
Round took 5.156987ms
Round took 6.13869ms
Round took 6.158371ms
Round took 5.003655ms
Round took 5.247785ms
Round took 5.236614ms
Round took 5.546167ms
Round took 4.880363ms
Round took 4.501371ms
Round took 4.856638ms
Round took 6.283696ms
Round took 4.766696ms
Round took 5.905395ms
Round took 5.747381ms
Round took 4.122027ms
Round took 4.542677ms
Round took 4.823169ms
Round took 5.748493ms
Round took 4.7664ms
Round took 5.256514ms
Round took 6.408295ms
Round took 4.318106ms
Round took 5.027649ms
Round took 4.864321ms
Round took 5.15395ms
Round took 5.223429ms
Round took 4.80837ms
Round took 5.742192ms
Round took 4.669447ms
Round took 5.023301ms
Round took 5.064095ms
Round took 4.981426ms
Round took 5.171899ms
Round took 5.061812ms
Round took 4.922146ms
Round took 5.266877ms
Round took 5.042925ms
Round took 4.953994ms
Round took 5.415384ms
Round took 4.978387ms
Round took 5.298673ms
Round took 4.619639ms
Round took 5.231809ms
Round took 5.20115ms
Round took 5.066414ms
Round took 5.485327ms
Test took 5.133361909s
Successful: 10000
