Uniform distribution
2021/04/16 21:40:47 The leader is replica 0
Round took 6.722019ms
Round took 6.53491ms
Round took 6.93865ms
Round took 6.394534ms
Round took 4.017935ms
Round took 5.68493ms
Round took 5.452257ms
Round took 4.80459ms
Round took 6.073049ms
Round took 5.526ms
Round took 3.894361ms
Round took 4.822068ms
Round took 4.672558ms
Round took 5.154629ms
Round took 5.598958ms
Round took 5.034411ms
Round took 4.920612ms
Round took 5.367535ms
Round took 4.909112ms
Round took 4.718506ms
Round took 5.246338ms
Round took 5.468637ms
Round took 5.034397ms
Round took 4.497685ms
Round took 5.017644ms
Round took 5.370807ms
Round took 4.849859ms
Round took 5.085457ms
Round took 5.707572ms
Round took 4.428981ms
Round took 5.197628ms
Round took 4.782461ms
Round took 5.426314ms
Round took 5.18451ms
Round took 4.935643ms
Round took 6.249995ms
Round took 6.267814ms
Round took 7.889036ms
Round took 7.173144ms
Round took 4.573092ms
Round took 4.026936ms
Round took 6.796584ms
Round took 5.05008ms
Round took 6.55618ms
Round took 4.249579ms
Round took 5.771807ms
Round took 5.049027ms
Round took 4.789248ms
Round took 4.494381ms
Round took 6.367744ms
Round took 5.879098ms
Round took 5.004961ms
Round took 5.641851ms
Round took 3.668464ms
Round took 3.634929ms
Round took 5.769259ms
Round took 5.158215ms
Round took 5.595863ms
Round took 4.983457ms
Round took 4.662813ms
Round took 5.149737ms
Round took 5.318766ms
Round took 4.608595ms
Round took 5.272152ms
Round took 5.702123ms
Round took 6.379907ms
Round took 5.298724ms
Round took 4.090217ms
Round took 4.943007ms
Round took 5.217952ms
Round took 4.826248ms
Round took 5.407508ms
Round took 5.085331ms
Round took 4.747662ms
Round took 4.71953ms
Round took 5.165015ms
Round took 4.885667ms
Round took 4.503645ms
Round took 4.538134ms
Round took 5.480144ms
Round took 4.819323ms
Round took 4.677056ms
Round took 5.500464ms
Round took 5.279161ms
Round took 5.231807ms
Round took 4.64485ms
Round took 4.811624ms
Round took 5.699693ms
Round took 5.075091ms
Round took 5.503839ms
Round took 4.732935ms
Round took 4.906318ms
Round took 5.0271ms
Round took 4.980307ms
Round took 5.597397ms
Round took 4.860598ms
Round took 5.151377ms
Round took 5.533558ms
Round took 4.539572ms
Round took 4.811637ms
Round took 4.841837ms
Round took 5.483223ms
Round took 4.92561ms
Round took 4.417212ms
Round took 5.333215ms
Round took 5.569155ms
Round took 4.317434ms
Round took 4.409132ms
Round took 5.183271ms
Round took 5.85873ms
Round took 5.024664ms
Round took 5.002063ms
Round took 4.790167ms
Round took 5.26508ms
Round took 5.032196ms
Round took 5.076275ms
Round took 5.517823ms
Round took 4.793912ms
Round took 4.704283ms
Round took 5.237067ms
Round took 5.502919ms
Round took 4.556247ms
Round took 4.995396ms
Round took 4.954797ms
Round took 5.418978ms
Round took 5.278386ms
Round took 4.483789ms
Round took 5.408128ms
Round took 5.420489ms
Round took 5.173483ms
Round took 4.69055ms
Round took 5.999583ms
Round took 4.376765ms
Round took 4.549658ms
Round took 5.363703ms
Round took 5.175292ms
Round took 4.55651ms
Round took 4.858442ms
Round took 5.106004ms
Round took 5.205317ms
Round took 5.444822ms
Round took 4.772866ms
Round took 5.871099ms
Round took 5.292089ms
Round took 6.801346ms
Round took 4.853074ms
Round took 5.082015ms
Round took 4.573079ms
Round took 3.761895ms
Round took 4.134426ms
Round took 5.86454ms
Round took 5.590919ms
Round took 5.710868ms
Round took 4.702357ms
Round took 4.109157ms
Round took 5.525182ms
Round took 4.507935ms
Round took 5.571735ms
Round took 4.874514ms
Round took 4.634111ms
Round took 5.223028ms
Round took 5.009231ms
Round took 5.240288ms
Round took 4.507765ms
Round took 4.937093ms
Round took 5.114481ms
Round took 5.06507ms
Round took 5.291878ms
Round took 5.297ms
Round took 5.212239ms
Round took 4.329145ms
Round took 5.109831ms
Round took 5.60038ms
Round took 4.457204ms
Round took 5.489257ms
Round took 4.631339ms
Round took 5.174603ms
Round took 4.995439ms
Round took 5.326268ms
Round took 5.329388ms
Round took 5.014106ms
Round took 4.624138ms
Round took 5.163811ms
Round took 5.899468ms
Round took 4.309784ms
Round took 4.766417ms
Round took 5.251719ms
Round took 5.263886ms
Round took 5.019712ms
Round took 5.000641ms
Round took 5.720694ms
Round took 5.106186ms
Round took 4.927087ms
Round took 4.654364ms
Round took 6.014802ms
Round took 4.772088ms
Round took 5.056181ms
Round took 5.378696ms
Round took 4.952892ms
Round took 4.900924ms
Round took 5.312391ms
Round took 5.085797ms
Round took 4.676545ms
Round took 4.701626ms
Round took 5.759065ms
Round took 4.950765ms
Round took 4.357741ms
Round took 5.563274ms
Round took 4.799989ms
Round took 5.260322ms
Round took 4.684345ms
Round took 4.897822ms
Round took 5.700179ms
Round took 5.494974ms
Round took 4.714177ms
Round took 5.765857ms
Round took 4.965425ms
Round took 4.330752ms
Round took 4.601713ms
Round took 5.599446ms
Round took 5.045515ms
Round took 4.804458ms
Round took 4.664408ms
Round took 5.708965ms
Round took 4.890803ms
Round took 4.882266ms
Round took 4.952453ms
Round took 5.65777ms
Round took 4.232928ms
Round took 5.38086ms
Round took 5.074522ms
Round took 5.118027ms
Round took 4.943276ms
Round took 4.861904ms
Round took 6.25202ms
Round took 4.090729ms
Round took 5.239463ms
Round took 4.885495ms
Round took 5.445947ms
Round took 4.835622ms
Round took 4.831709ms
Round took 5.916283ms
Round took 4.661543ms
Round took 5.13841ms
Round took 4.848368ms
Round took 5.367587ms
Round took 4.936428ms
Round took 5.040339ms
Round took 5.030461ms
Round took 5.096281ms
Round took 5.292215ms
Round took 4.999368ms
Round took 5.298804ms
Round took 4.570417ms
Round took 5.337159ms
Round took 4.792362ms
Round took 5.261224ms
Round took 5.955999ms
Round took 6.380356ms
Round took 4.795391ms
Round took 4.033676ms
Round took 4.087361ms
Round took 4.876659ms
Round took 5.681658ms
Round took 4.719233ms
Round took 4.848343ms
Round took 4.985536ms
Round took 5.620976ms
Round took 4.560911ms
Round took 5.040453ms
Round took 5.077865ms
Round took 5.355905ms
Round took 4.918158ms
Round took 5.37303ms
Round took 4.724809ms
Round took 5.214649ms
Round took 5.051837ms
Round took 6.383734ms
Round took 4.102004ms
Round took 4.66627ms
Round took 4.988533ms
Round took 5.063063ms
Round took 5.470227ms
Round took 4.961259ms
Round took 5.191699ms
Round took 5.099698ms
Round took 4.881821ms
Round took 5.079661ms
Round took 5.098465ms
Round took 5.080166ms
Round took 5.39169ms
Round took 4.706149ms
Round took 5.064008ms
Round took 5.147817ms
Round took 5.03928ms
Round took 5.381353ms
Round took 4.78328ms
Round took 5.091585ms
Round took 4.985084ms
Round took 4.771499ms
Round took 5.737361ms
Round took 4.854317ms
Round took 4.704941ms
Round took 5.17019ms
Round took 5.498449ms
Round took 5.058022ms
Round took 5.49767ms
Round took 5.153992ms
Round took 5.17638ms
Round took 5.240115ms
Round took 5.027938ms
Round took 4.911087ms
Round took 5.723272ms
Round took 5.653794ms
Round took 4.982104ms
Round took 4.817233ms
Round took 5.177493ms
Round took 5.066717ms
Round took 4.822072ms
Round took 4.36866ms
Round took 5.526923ms
Round took 5.275183ms
Round took 5.651781ms
Round took 4.356756ms
Round took 5.726352ms
Round took 4.800386ms
Round took 4.481657ms
Round took 5.492642ms
Round took 5.124111ms
Round took 4.461707ms
Round took 4.93815ms
Round took 5.462284ms
Round took 5.285104ms
Round took 5.368672ms
Round took 4.420673ms
Round took 4.81791ms
Round took 5.312798ms
Round took 5.442819ms
Round took 5.092339ms
Round took 5.405816ms
Round took 4.786769ms
Round took 4.683493ms
Round took 5.195ms
Round took 5.229898ms
Round took 4.87677ms
Round took 4.853073ms
Round took 4.50154ms
Round took 5.623907ms
Round took 4.6652ms
Round took 5.151706ms
Round took 4.924598ms
Round took 5.801449ms
Round took 4.455024ms
Round took 4.931652ms
Round took 5.20731ms
Round took 5.022446ms
Round took 5.365013ms
Round took 4.410536ms
Round took 6.200186ms
Round took 5.082879ms
Round took 4.945447ms
Round took 4.721021ms
Round took 5.638232ms
Round took 4.664357ms
Round took 4.417115ms
Round took 6.02818ms
Round took 4.754338ms
Round took 5.003474ms
Round took 5.292851ms
Round took 5.076258ms
Round took 4.938303ms
Round took 5.220112ms
Round took 5.468314ms
Round took 5.606061ms
Round took 3.66505ms
Round took 5.799213ms
Round took 4.582511ms
Round took 4.867174ms
Round took 5.503796ms
Round took 4.603848ms
Round took 5.618146ms
Round took 4.716994ms
Round took 5.406746ms
Round took 4.260629ms
Round took 5.5261ms
Round took 5.021716ms
Round took 5.059247ms
Round took 4.841365ms
Round took 5.268899ms
Round took 4.775451ms
Round took 4.541753ms
Round took 4.929819ms
Round took 5.465587ms
Round took 4.809299ms
Round took 5.090018ms
Round took 4.690608ms
Round took 5.210537ms
Round took 5.43043ms
Round took 4.859894ms
Round took 5.976033ms
Round took 4.422542ms
Round took 5.191542ms
Round took 4.672572ms
Round took 5.789743ms
Round took 5.153875ms
Round took 5.01952ms
Round took 6.797911ms
Round took 5.331629ms
Round took 5.426647ms
Round took 3.657158ms
Round took 18.435394ms
Round took 4.956098ms
Round took 4.892203ms
Round took 4.749396ms
Round took 5.378731ms
Round took 5.949875ms
Round took 5.030925ms
Round took 5.002849ms
Round took 4.39932ms
Round took 5.027336ms
Round took 5.407382ms
Round took 5.764865ms
Round took 5.814043ms
Round took 4.590451ms
Round took 3.380579ms
Round took 6.164727ms
Round took 5.071654ms
Round took 5.028923ms
Round took 4.949632ms
Round took 5.258514ms
Round took 5.184429ms
Round took 4.955281ms
Round took 4.869534ms
Round took 5.147776ms
Round took 4.748835ms
Round took 5.314023ms
Round took 5.840041ms
Round took 4.355477ms
Round took 5.019868ms
Round took 4.4186ms
Round took 4.849927ms
Round took 5.513474ms
Round took 4.657276ms
Round took 5.15588ms
Round took 4.962796ms
Round took 5.116813ms
Round took 5.298709ms
Round took 4.583901ms
Round took 5.674803ms
Round took 4.716286ms
Round took 4.790076ms
Round took 5.454206ms
Round took 5.084523ms
Round took 5.186721ms
Round took 4.579507ms
Round took 6.084306ms
Round took 5.372341ms
Round took 4.275108ms
Round took 4.569929ms
Round took 5.426884ms
Round took 4.900573ms
Round took 4.913047ms
Round took 5.201778ms
Round took 5.37666ms
Round took 4.798543ms
Round took 4.535021ms
Round took 5.138392ms
Round took 5.157822ms
Round took 5.213647ms
Round took 5.054392ms
Round took 5.558273ms
Round took 4.850237ms
Round took 4.790439ms
Round took 5.193716ms
Round took 5.490745ms
Round took 4.956848ms
Round took 5.061245ms
Round took 4.746861ms
Round took 5.073233ms
Round took 5.231471ms
Round took 4.785473ms
Round took 5.515192ms
Round took 4.784488ms
Round took 4.848183ms
Round took 4.898834ms
Round took 5.449395ms
Round took 5.919731ms
Round took 4.495376ms
Round took 5.495205ms
Round took 5.055902ms
Round took 4.973375ms
Round took 4.448865ms
Round took 6.29299ms
Round took 3.616881ms
Round took 5.385155ms
Round took 4.574592ms
Round took 6.166745ms
Round took 4.220747ms
Round took 4.801696ms
Round took 5.34686ms
Round took 5.453028ms
Round took 4.856693ms
Round took 4.983894ms
Round took 5.524454ms
Round took 4.678352ms
Round took 5.151913ms
Round took 4.774832ms
Round took 5.707873ms
Round took 5.020743ms
Round took 4.385688ms
Round took 5.175721ms
Round took 5.553755ms
Round took 5.077567ms
Round took 4.674114ms
Round took 5.515716ms
Round took 4.726823ms
Round took 5.414697ms
Round took 4.323467ms
Round took 5.654548ms
Round took 4.855263ms
Round took 4.600397ms
Round took 5.148758ms
Round took 5.323629ms
Round took 4.827644ms
Round took 4.747135ms
Round took 5.126129ms
Round took 5.339716ms
Round took 4.8359ms
Round took 5.291282ms
Round took 4.959567ms
Round took 5.83009ms
Round took 4.398963ms
Round took 5.518994ms
Round took 5.373484ms
Round took 4.483714ms
Round took 4.685593ms
Round took 4.983768ms
Round took 5.52085ms
Round took 4.534921ms
Round took 5.128168ms
Round took 4.966347ms
Round took 5.458241ms
Round took 5.162318ms
Round took 4.882837ms
Round took 5.7763ms
Round took 4.623674ms
Round took 4.991015ms
Round took 5.829449ms
Round took 4.263731ms
Round took 5.032831ms
Round took 4.478887ms
Round took 5.379259ms
Round took 4.825649ms
Round took 5.543476ms
Round took 4.557925ms
Round took 5.593424ms
Round took 4.833388ms
Round took 5.414093ms
Round took 4.887507ms
Round took 6.060504ms
Round took 4.608549ms
Round took 4.694446ms
Round took 6.002503ms
Round took 4.982127ms
Round took 4.537062ms
Round took 5.406431ms
Round took 5.084401ms
Round took 4.767929ms
Round took 5.2699ms
Round took 4.619842ms
Round took 5.789368ms
Round took 5.193981ms
Round took 5.081983ms
Round took 5.611265ms
Round took 4.53892ms
Round took 5.147099ms
Round took 4.594587ms
Round took 5.117191ms
Round took 4.685284ms
Round took 4.574713ms
Round took 5.154371ms
Round took 5.945638ms
Round took 4.625772ms
Round took 4.914227ms
Round took 5.050488ms
Round took 5.57096ms
Round took 4.596955ms
Round took 4.972692ms
Round took 5.311647ms
Round took 4.915012ms
Round took 5.25229ms
Round took 4.410785ms
Round took 5.340661ms
Round took 5.235467ms
Round took 4.402043ms
Round took 5.287778ms
Round took 5.60003ms
Round took 4.603832ms
Round took 5.091336ms
Round took 4.983717ms
Round took 5.016809ms
Round took 5.310461ms
Round took 4.683898ms
Round took 6.280956ms
Round took 3.831462ms
Round took 5.221565ms
Round took 5.326353ms
Round took 5.213576ms
Round took 5.222802ms
Round took 4.963457ms
Round took 5.442213ms
Round took 4.844829ms
Round took 4.867281ms
Round took 5.382342ms
Round took 5.399942ms
Round took 5.535694ms
Round took 4.161009ms
Round took 5.261381ms
Round took 5.514921ms
Round took 4.593025ms
Round took 5.49225ms
Round took 4.689953ms
Round took 5.364789ms
Round took 5.041493ms
Round took 4.959525ms
Round took 5.924953ms
Round took 4.055425ms
Round took 5.216325ms
Round took 5.048172ms
Round took 5.400601ms
Round took 4.665017ms
Round took 5.289171ms
Round took 5.265748ms
Round took 4.785951ms
Round took 4.966538ms
Round took 5.692483ms
Round took 4.630585ms
Round took 4.802475ms
Round took 5.269234ms
Round took 5.586335ms
Round took 5.102344ms
Round took 4.620481ms
Round took 4.702474ms
Round took 5.305066ms
Round took 4.8168ms
Round took 4.691749ms
Round took 4.896841ms
Round took 5.787852ms
Round took 4.648604ms
Round took 5.022139ms
Round took 4.936198ms
Round took 6.082376ms
Round took 4.673777ms
Round took 4.7916ms
Round took 6.240127ms
Round took 4.787018ms
Round took 4.703146ms
Round took 5.616359ms
Round took 5.916344ms
Round took 4.147267ms
Round took 5.031636ms
Round took 4.792697ms
Round took 4.799332ms
Round took 4.66922ms
Round took 4.929776ms
Round took 5.967667ms
Round took 4.454099ms
Round took 4.700289ms
Round took 4.812069ms
Round took 5.693782ms
Round took 4.792933ms
Round took 5.028788ms
Round took 4.959239ms
Round took 5.869455ms
Round took 3.912238ms
Round took 5.164093ms
Round took 4.71228ms
Round took 6.663817ms
Round took 5.157282ms
Round took 4.261789ms
Round took 5.787497ms
Round took 4.983432ms
Round took 4.615334ms
Round took 4.998856ms
Round took 5.579922ms
Round took 4.381491ms
Round took 5.337757ms
Round took 5.169213ms
Round took 5.032616ms
Round took 4.917167ms
Round took 5.157902ms
Round took 6.06834ms
Round took 3.952723ms
Round took 5.151809ms
Round took 4.916163ms
Round took 4.965654ms
Round took 5.511992ms
Round took 4.989112ms
Round took 5.601723ms
Round took 5.489966ms
Round took 4.2866ms
Round took 4.776395ms
Round took 5.646661ms
Round took 5.140062ms
Round took 4.874824ms
Round took 5.89909ms
Round took 5.678917ms
Round took 4.655767ms
Round took 5.70498ms
Round took 4.740938ms
Round took 4.262974ms
Round took 4.793278ms
Round took 4.294081ms
Round took 5.341565ms
Round took 4.904541ms
Round took 5.086146ms
Round took 5.644163ms
Round took 5.092571ms
Round took 5.059773ms
Round took 4.591386ms
Round took 5.73327ms
Round took 4.498356ms
Round took 4.668207ms
Round took 4.576998ms
Round took 4.991773ms
Round took 5.825135ms
Round took 4.430115ms
Round took 4.921563ms
Round took 5.601017ms
Round took 4.972492ms
Round took 4.688951ms
Round took 5.011744ms
Round took 5.833303ms
Round took 4.23949ms
Round took 5.496045ms
Round took 4.595053ms
Round took 5.618495ms
Round took 4.710118ms
Round took 4.926892ms
Round took 5.284895ms
Round took 4.908712ms
Round took 5.014672ms
Round took 5.278722ms
Round took 5.267302ms
Round took 4.737095ms
Round took 4.524366ms
Round took 5.146704ms
Round took 6.008093ms
Round took 4.1886ms
Round took 4.997169ms
Round took 5.125193ms
Round took 5.012024ms
Round took 5.350066ms
Round took 4.874307ms
Round took 5.881838ms
Round took 5.706955ms
Round took 4.713023ms
Round took 5.081687ms
Round took 4.992262ms
Round took 4.803171ms
Round took 4.270788ms
Round took 5.291211ms
Round took 5.955215ms
Round took 4.801619ms
Round took 4.743823ms
Round took 4.566068ms
Round took 5.434174ms
Round took 4.817281ms
Round took 5.127946ms
Round took 5.547174ms
Round took 4.644519ms
Round took 5.361177ms
Round took 4.48646ms
Round took 5.752949ms
Round took 4.91716ms
Round took 5.352859ms
Round took 5.343311ms
Round took 4.462899ms
Round took 5.223512ms
Round took 5.705345ms
Round took 5.195079ms
Round took 4.500673ms
Round took 5.257737ms
Round took 5.634333ms
Round took 4.591545ms
Round took 5.336469ms
Round took 4.276264ms
Round took 6.098494ms
Round took 4.477843ms
Round took 4.91117ms
Round took 4.986305ms
Round took 5.412839ms
Round took 5.306633ms
Round took 4.392364ms
Round took 5.36829ms
Round took 4.827833ms
Round took 4.927078ms
Round took 5.245819ms
Round took 5.422248ms
Round took 4.48728ms
Round took 5.048076ms
Round took 4.686062ms
Round took 6.022091ms
Round took 5.235169ms
Round took 4.804809ms
Round took 4.680638ms
Round took 5.518502ms
Round took 4.571904ms
Round took 5.568859ms
Round took 5.369905ms
Round took 4.272074ms
Round took 5.071479ms
Round took 4.980883ms
Round took 5.219512ms
Round took 4.804949ms
Round took 4.47384ms
Round took 5.013608ms
Round took 5.312589ms
Round took 5.087519ms
Round took 4.903931ms
Round took 5.402915ms
Round took 4.76247ms
Round took 5.655464ms
Round took 4.324699ms
Round took 6.092139ms
Round took 4.999022ms
Round took 5.086916ms
Round took 4.778955ms
Round took 5.745471ms
Round took 4.178535ms
Round took 5.285931ms
Round took 4.777653ms
Round took 5.12381ms
Round took 5.996811ms
Round took 4.732246ms
Round took 5.993417ms
Round took 4.049771ms
Round took 5.111362ms
Round took 4.830845ms
Round took 5.520127ms
Round took 5.292066ms
Round took 4.482576ms
Round took 5.807732ms
Round took 4.34577ms
Round took 5.037243ms
Round took 4.725563ms
Round took 5.318037ms
Round took 5.180427ms
Round took 4.874034ms
Round took 5.284214ms
Round took 5.148933ms
Round took 4.91984ms
Round took 4.48731ms
Round took 4.898958ms
Round took 5.417419ms
Round took 4.940277ms
Round took 4.937079ms
Round took 4.848918ms
Round took 5.793009ms
Round took 4.888476ms
Round took 4.957111ms
Round took 5.756899ms
Round took 5.315449ms
Round took 4.572947ms
Round took 5.429495ms
Round took 4.835786ms
Round took 5.072901ms
Round took 4.987794ms
Round took 6.386621ms
Round took 6.044198ms
Round took 4.810191ms
Round took 4.742442ms
Round took 3.500144ms
Round took 5.182883ms
Round took 4.96146ms
Round took 5.980082ms
Round took 4.769534ms
Round took 5.64544ms
Round took 3.924862ms
Round took 6.582969ms
Round took 4.456011ms
Round took 4.915756ms
Round took 5.505994ms
Round took 4.606705ms
Round took 4.892146ms
Round took 5.149673ms
Round took 5.403919ms
Round took 4.64876ms
Round took 5.170914ms
Round took 6.038665ms
Round took 4.570568ms
Round took 4.557785ms
Round took 4.750245ms
Round took 5.627549ms
Round took 4.776082ms
Round took 4.9099ms
Round took 5.202136ms
Round took 6.328513ms
Round took 5.210253ms
Round took 5.250481ms
Round took 5.067389ms
Round took 5.171007ms
Round took 4.602786ms
Round took 3.779373ms
Round took 6.951642ms
Round took 3.922724ms
Round took 6.411059ms
Round took 4.562951ms
Round took 8.338195ms
Round took 4.382969ms
Round took 4.924055ms
Round took 4.567463ms
Round took 5.321122ms
Round took 3.469928ms
Round took 3.543328ms
Round took 5.886072ms
Round took 5.238229ms
Round took 5.049175ms
Round took 4.867151ms
Round took 5.112733ms
Round took 3.403443ms
Round took 5.848284ms
Round took 6.309469ms
Round took 4.139348ms
Round took 5.313993ms
Round took 4.5095ms
Round took 5.201356ms
Round took 5.644611ms
Round took 4.98562ms
Round took 5.319829ms
Round took 4.490167ms
Round took 4.493341ms
Round took 5.274806ms
Round took 5.500356ms
Round took 5.841123ms
Round took 4.218899ms
Round took 5.572353ms
Round took 4.279093ms
Round took 5.002248ms
Round took 5.226883ms
Round took 5.046751ms
Round took 6.408802ms
Round took 4.395337ms
Round took 5.32339ms
Round took 4.272552ms
Round took 5.440441ms
Round took 4.221044ms
Round took 5.820465ms
Round took 5.385154ms
Round took 4.542514ms
Round took 5.379443ms
Round took 4.427836ms
Round took 5.371391ms
Round took 4.952117ms
Round took 5.275845ms
Round took 5.274661ms
Round took 4.552173ms
Round took 4.680239ms
Round took 4.734877ms
Round took 5.557769ms
Round took 5.286523ms
Round took 4.955734ms
Round took 4.676904ms
Round took 5.152439ms
Round took 5.599232ms
Round took 4.631419ms
Round took 6.21389ms
Round took 5.480019ms
Round took 4.174336ms
Round took 4.427507ms
Round took 5.517198ms
Round took 5.056127ms
Round took 4.636761ms
Round took 5.168703ms
Round took 6.387753ms
Round took 4.4458ms
Round took 6.36313ms
Round took 3.649619ms
Round took 4.986382ms
Round took 5.221412ms
Round took 4.749175ms
Round took 5.651035ms
Round took 4.730375ms
Round took 6.376718ms
Round took 4.194422ms
Round took 4.474356ms
Round took 5.126126ms
Round took 5.122628ms
Round took 5.910878ms
Round took 4.534323ms
Round took 5.007815ms
Round took 5.225308ms
Round took 4.621877ms
Round took 5.232145ms
Round took 5.135919ms
Round took 6.922256ms
Round took 3.488639ms
Round took 5.208912ms
Round took 5.512047ms
Round took 5.141926ms
Test took 5.119306068s
Successful: 10000
