Uniform distribution
2021/04/16 21:40:47 The leader is replica 0
Round took 5.457333ms
Round took 1.831341ms
Round took 6.299987ms
Round took 3.325359ms
Round took 8.738684ms
Round took 6.715689ms
Round took 4.878204ms
Round took 5.479927ms
Round took 5.214082ms
Round took 4.261172ms
Round took 5.045573ms
Round took 5.277293ms
Round took 4.940771ms
Round took 5.051777ms
Round took 5.027715ms
Round took 5.15508ms
Round took 5.20608ms
Round took 5.146228ms
Round took 5.413405ms
Round took 4.805724ms
Round took 5.162031ms
Round took 5.134088ms
Round took 5.104187ms
Round took 4.898292ms
Round took 4.98421ms
Round took 4.996932ms
Round took 5.125273ms
Round took 4.977237ms
Round took 5.29735ms
Round took 5.762639ms
Round took 4.554477ms
Round took 5.257942ms
Round took 5.229458ms
Round took 4.955895ms
Round took 5.107361ms
Round took 4.85325ms
Round took 7.207981ms
Round took 4.21514ms
Round took 8.773466ms
Round took 5.377502ms
Round took 5.213369ms
Round took 5.589856ms
Round took 4.967652ms
Round took 4.692089ms
Round took 5.213104ms
Round took 5.46704ms
Round took 4.543779ms
Round took 5.172812ms
Round took 4.831779ms
Round took 5.34991ms
Round took 6.366547ms
Round took 6.522601ms
Round took 6.046296ms
Round took 6.466846ms
Round took 6.670894ms
Round took 6.955361ms
Round took 6.320598ms
Round took 4.020394ms
Round took 5.634944ms
Round took 5.691825ms
Round took 4.080107ms
Round took 4.789245ms
Round took 4.879938ms
Round took 4.838148ms
Round took 5.811262ms
Round took 5.134361ms
Round took 5.236498ms
Round took 5.597149ms
Round took 5.053068ms
Round took 5.368938ms
Round took 4.820108ms
Round took 5.108613ms
Round took 4.851844ms
Round took 5.203498ms
Round took 5.624028ms
Round took 4.761032ms
Round took 4.451726ms
Round took 4.910456ms
Round took 5.4557ms
Round took 4.942054ms
Round took 5.374801ms
Round took 5.533625ms
Round took 4.352252ms
Round took 5.145094ms
Round took 4.668314ms
Round took 6.960362ms
Round took 4.258145ms
Round took 5.467495ms
Round took 6.502899ms
Round took 7.247732ms
Round took 7.646077ms
Round took 7.208246ms
Round took 4.21958ms
Round took 6.006512ms
Round took 6.188047ms
Round took 6.524015ms
Round took 4.247852ms
Round took 5.655561ms
Round took 5.077926ms
Round took 5.217246ms
Round took 4.966608ms
Round took 5.589499ms
Round took 6.422795ms
Round took 4.794339ms
Round took 5.904006ms
Round took 3.614663ms
Round took 3.633626ms
Round took 6.009561ms
Round took 5.272975ms
Round took 5.461604ms
Round took 4.983882ms
Round took 4.651485ms
Round took 5.105838ms
Round took 5.390643ms
Round took 4.7ms
Round took 5.190136ms
Round took 4.930926ms
Round took 7.331718ms
Round took 4.754925ms
Round took 4.677508ms
Round took 4.974141ms
Round took 5.228395ms
Round took 4.770607ms
Round took 5.630635ms
Round took 4.990088ms
Round took 4.7216ms
Round took 4.764086ms
Round took 5.445898ms
Round took 5.158936ms
Round took 4.815906ms
Round took 4.474036ms
Round took 6.120988ms
Round took 4.823621ms
Round took 4.915633ms
Round took 7.061045ms
Round took 6.717438ms
Round took 4.663285ms
Round took 4.833945ms
Round took 5.69451ms
Round took 5.288243ms
Round took 5.420194ms
Round took 4.531872ms
Round took 5.384281ms
Round took 4.909475ms
Round took 5.004342ms
Round took 6.181695ms
Round took 4.898635ms
Round took 5.106425ms
Round took 5.704515ms
Round took 4.498965ms
Round took 4.988234ms
Round took 4.800263ms
Round took 5.586187ms
Round took 4.974906ms
Round took 4.892275ms
Round took 6.141326ms
Round took 5.179466ms
Round took 4.561002ms
Round took 4.326879ms
Round took 5.487869ms
Round took 5.662675ms
Round took 4.975364ms
Round took 6.312069ms
Round took 3.866688ms
Round took 5.138208ms
Round took 5.025036ms
Round took 5.520936ms
Round took 4.878229ms
Round took 5.005539ms
Round took 5.354361ms
Round took 5.267764ms
Round took 5.103578ms
Round took 4.496721ms
Round took 5.217732ms
Round took 4.588339ms
Round took 4.94899ms
Round took 7.25683ms
Round took 5.283701ms
Round took 5.45679ms
Round took 5.155336ms
Round took 4.690314ms
Round took 6.110912ms
Round took 4.384228ms
Round took 4.522163ms
Round took 5.37309ms
Round took 5.20739ms
Round took 4.772951ms
Round took 5.258269ms
Round took 5.576223ms
Round took 4.26177ms
Round took 4.992866ms
Round took 4.860961ms
Round took 5.876507ms
Round took 5.398885ms
Round took 5.823055ms
Round took 5.642691ms
Round took 5.044088ms
Round took 4.860223ms
Round took 3.781442ms
Round took 4.053131ms
Round took 5.909382ms
Round took 5.531812ms
Round took 5.074909ms
Round took 5.578765ms
Round took 3.988216ms
Round took 5.450658ms
Round took 4.536541ms
Round took 5.888569ms
Round took 4.986789ms
Round took 4.538779ms
Round took 5.227937ms
Round took 5.631552ms
Round took 5.307387ms
Round took 4.463531ms
Round took 5.511013ms
Round took 5.125412ms
Round took 5.130948ms
Round took 5.80698ms
Round took 4.772106ms
Round took 5.23413ms
Round took 4.361396ms
Round took 5.187487ms
Round took 5.508801ms
Round took 4.657031ms
Round took 5.890467ms
Round took 5.319401ms
Round took 4.255418ms
Round took 5.604644ms
Round took 5.193805ms
Round took 4.829708ms
Round took 4.961546ms
Round took 4.590447ms
Round took 5.479583ms
Round took 5.552816ms
Round took 4.350148ms
Round took 5.032618ms
Round took 5.02081ms
Round took 5.575985ms
Round took 5.346394ms
Round took 5.31827ms
Round took 5.004414ms
Round took 6.301834ms
Round took 5.346554ms
Round took 6.378218ms
Round took 4.781131ms
Round took 5.005809ms
Round took 5.367964ms
Round took 5.425259ms
Round took 4.553338ms
Round took 5.405925ms
Round took 5.172205ms
Round took 5.162905ms
Round took 4.832436ms
Round took 5.724559ms
Round took 5.264142ms
Round took 4.491837ms
Round took 5.470087ms
Round took 4.835296ms
Round took 5.235669ms
Round took 4.664482ms
Round took 4.892719ms
Round took 5.746689ms
Round took 5.503478ms
Round took 4.713158ms
Round took 5.716582ms
Round took 5.856806ms
Round took 5.002797ms
Round took 4.250312ms
Round took 5.344607ms
Round took 5.414601ms
Round took 5.553941ms
Round took 4.630402ms
Round took 5.520495ms
Round took 5.202883ms
Round took 5.676138ms
Round took 6.535099ms
Round took 4.54051ms
Round took 5.220309ms
Round took 5.027112ms
Round took 5.350482ms
Round took 5.063098ms
Round took 4.861094ms
Round took 6.477769ms
Round took 4.034839ms
Round took 5.170046ms
Round took 4.789813ms
Round took 5.400812ms
Round took 4.781631ms
Round took 4.832317ms
Round took 5.932082ms
Round took 4.549685ms
Round took 5.101473ms
Round took 4.840978ms
Round took 5.302427ms
Round took 4.833743ms
Round took 5.083786ms
Round took 5.009524ms
Round took 5.113547ms
Round took 5.394934ms
Round took 4.981437ms
Round took 5.364399ms
Round took 5.032057ms
Round took 5.350234ms
Round took 4.840304ms
Round took 4.962972ms
Round took 6.116098ms
Round took 6.333952ms
Round took 5.731963ms
Round took 3.994431ms
Round took 4.165295ms
Round took 5.087468ms
Round took 5.387555ms
Round took 4.757279ms
Round took 5.360696ms
Round took 4.859069ms
Round took 5.56896ms
Round took 4.434983ms
Round took 4.958154ms
Round took 6.014646ms
Round took 5.114785ms
Round took 4.886364ms
Round took 5.4278ms
Round took 5.243185ms
Round took 4.785733ms
Round took 6.777922ms
Round took 4.711812ms
Round took 4.238762ms
Round took 4.501476ms
Round took 5.055374ms
Round took 5.627916ms
Round took 4.639116ms
Round took 5.461645ms
Round took 4.829214ms
Round took 4.818391ms
Round took 4.732358ms
Round took 5.472006ms
Round took 5.748408ms
Round took 4.594729ms
Round took 5.887246ms
Round took 3.916996ms
Round took 5.081313ms
Round took 4.838218ms
Round took 5.0761ms
Round took 6.190902ms
Round took 4.265314ms
Round took 5.13401ms
Round took 5.925529ms
Round took 4.578469ms
Round took 4.60894ms
Round took 4.974326ms
Round took 4.965061ms
Round took 4.931196ms
Round took 5.258618ms
Round took 4.891873ms
Round took 6.844235ms
Round took 6.161765ms
Round took 5.190456ms
Round took 4.87295ms
Round took 5.150157ms
Round took 5.723708ms
Round took 5.063021ms
Round took 5.44429ms
Round took 5.087854ms
Round took 5.145103ms
Round took 4.557774ms
Round took 5.262204ms
Round took 4.841468ms
Round took 5.142319ms
Round took 4.773969ms
Round took 6.287835ms
Round took 4.594316ms
Round took 4.684436ms
Round took 5.271856ms
Round took 4.909332ms
Round took 5.169635ms
Round took 4.786124ms
Round took 5.100892ms
Round took 4.976829ms
Round took 5.300035ms
Round took 4.706721ms
Round took 6.256306ms
Round took 3.799986ms
Round took 4.908331ms
Round took 4.976446ms
Round took 5.985907ms
Round took 4.962483ms
Round took 5.412142ms
Round took 4.867149ms
Round took 4.837343ms
Round took 5.279354ms
Round took 4.932896ms
Round took 6.557087ms
Round took 4.801727ms
Round took 4.565886ms
Round took 5.724997ms
Round took 4.693436ms
Round took 5.248022ms
Round took 4.89316ms
Round took 5.672535ms
Round took 4.550076ms
Round took 5.045831ms
Round took 5.714342ms
Round took 4.674242ms
Round took 5.362384ms
Round took 4.210848ms
Round took 5.852599ms
Round took 5.260757ms
Round took 5.339455ms
Round took 5.156675ms
Round took 4.857119ms
Round took 4.732412ms
Round took 4.769776ms
Round took 7.050886ms
Round took 6.412058ms
Round took 5.287485ms
Round took 4.649613ms
Round took 5.381334ms
Round took 5.236007ms
Round took 4.958963ms
Round took 7.577477ms
Round took 4.049953ms
Round took 6.746504ms
Round took 4.656236ms
Round took 4.159835ms
Round took 5.562575ms
Round took 4.528887ms
Round took 5.328891ms
Round took 4.716004ms
Round took 5.875818ms
Round took 3.707427ms
Round took 5.521071ms
Round took 5.098769ms
Round took 4.927206ms
Round took 5.883112ms
Round took 4.452214ms
Round took 4.934952ms
Round took 5.257992ms
Round took 4.883321ms
Round took 5.257247ms
Round took 4.825911ms
Round took 5.875491ms
Round took 4.139905ms
Round took 5.068775ms
Round took 6.262079ms
Round took 5.510684ms
Round took 4.478778ms
Round took 4.508956ms
Round took 6.693408ms
Round took 5.958544ms
Round took 5.274254ms
Round took 5.184513ms
Round took 6.64186ms
Round took 5.189245ms
Round took 5.037215ms
Round took 4.780614ms
Round took 18.219145ms
Round took 5.019839ms
Round took 5.10269ms
Round took 4.903548ms
Round took 5.257916ms
Round took 5.749136ms
Round took 5.469614ms
Round took 4.764578ms
Round took 4.654502ms
Round took 4.994623ms
Round took 5.194689ms
Round took 5.765839ms
Round took 5.616136ms
Round took 4.824622ms
Round took 3.346313ms
Round took 5.748111ms
Round took 5.502777ms
Round took 4.989625ms
Round took 4.874096ms
Round took 4.855547ms
Round took 5.600386ms
Round took 4.83459ms
Round took 5.009234ms
Round took 4.995124ms
Round took 4.981529ms
Round took 5.325388ms
Round took 4.902635ms
Round took 5.044999ms
Round took 6.110716ms
Round took 4.790721ms
Round took 4.837447ms
Round took 5.4818ms
Round took 4.809952ms
Round took 5.029478ms
Round took 5.045852ms
Round took 4.983644ms
Round took 5.265474ms
Round took 4.539571ms
Round took 5.672864ms
Round took 4.510728ms
Round took 4.758173ms
Round took 6.007755ms
Round took 5.144496ms
Round took 4.942825ms
Round took 4.517242ms
Round took 6.494775ms
Round took 4.994318ms
Round took 4.30359ms
Round took 4.511923ms
Round took 6.098662ms
Round took 4.878677ms
Round took 4.814696ms
Round took 6.077609ms
Round took 4.428125ms
Round took 5.160311ms
Round took 4.185085ms
Round took 5.308068ms
Round took 5.003269ms
Round took 5.332041ms
Round took 5.748066ms
Round took 5.459845ms
Round took 4.8418ms
Round took 4.548819ms
Round took 5.466074ms
Round took 5.226756ms
Round took 4.943972ms
Round took 6.071006ms
Round took 3.774065ms
Round took 4.319118ms
Round took 5.506339ms
Round took 5.057969ms
Round took 5.391692ms
Round took 4.82543ms
Round took 4.916572ms
Round took 5.09277ms
Round took 5.194976ms
Round took 5.925461ms
Round took 4.877657ms
Round took 5.246155ms
Round took 4.859281ms
Round took 5.073633ms
Round took 5.012647ms
Round took 5.783162ms
Round took 3.913379ms
Round took 5.85131ms
Round took 4.763948ms
Round took 5.598601ms
Round took 4.255714ms
Round took 5.063931ms
Round took 5.540773ms
Round took 5.315273ms
Round took 4.775106ms
Round took 5.772256ms
Round took 4.838022ms
Round took 4.613543ms
Round took 6.104065ms
Round took 4.52459ms
Round took 5.021268ms
Round took 4.952461ms
Round took 4.980776ms
Round took 4.744241ms
Round took 5.383282ms
Round took 5.659038ms
Round took 4.782094ms
Round took 4.788054ms
Round took 4.866499ms
Round took 7.614432ms
Round took 5.43522ms
Round took 6.277808ms
Round took 4.223386ms
Round took 5.91697ms
Round took 4.560186ms
Round took 4.921352ms
Round took 4.573551ms
Round took 5.378896ms
Round took 4.980421ms
Round took 4.792079ms
Round took 5.247066ms
Round took 4.899244ms
Round took 6.054231ms
Round took 4.741567ms
Round took 6.691921ms
Round took 5.052647ms
Round took 4.420565ms
Round took 4.550092ms
Round took 5.834221ms
Round took 4.630433ms
Round took 4.995499ms
Round took 6.719033ms
Round took 5.458473ms
Round took 5.070859ms
Round took 4.827597ms
Round took 5.775294ms
Round took 4.720996ms
Round took 5.107306ms
Round took 5.393682ms
Round took 4.808567ms
Round took 5.986424ms
Round took 5.0625ms
Round took 5.742895ms
Round took 4.824747ms
Round took 5.411121ms
Round took 5.017833ms
Round took 5.039948ms
Round took 4.621793ms
Round took 5.5777ms
Round took 4.685284ms
Round took 5.786749ms
Round took 4.297361ms
Round took 4.592517ms
Round took 5.552732ms
Round took 5.172019ms
Round took 4.426555ms
Round took 5.488405ms
Round took 6.265472ms
Round took 4.860678ms
Round took 5.652967ms
Round took 4.106262ms
Round took 5.85631ms
Round took 5.383742ms
Round took 5.485454ms
Round took 5.100547ms
Round took 4.472579ms
Round took 5.570169ms
Round took 4.491446ms
Round took 4.579812ms
Round took 5.454171ms
Round took 7.560114ms
Round took 5.471684ms
Round took 4.592598ms
Round took 4.865371ms
Round took 5.050527ms
Round took 5.678092ms
Round took 4.9892ms
Round took 4.954973ms
Round took 5.062759ms
Round took 6.044061ms
Round took 5.20294ms
Round took 4.429483ms
Round took 5.40697ms
Round took 5.268918ms
Round took 4.420019ms
Round took 5.564201ms
Round took 5.40397ms
Round took 4.590564ms
Round took 5.249497ms
Round took 5.638232ms
Round took 4.219353ms
Round took 5.285978ms
Round took 4.669439ms
Round took 6.288376ms
Round took 3.830507ms
Round took 5.203449ms
Round took 5.855545ms
Round took 4.705958ms
Round took 5.099956ms
Round took 4.76231ms
Round took 5.258034ms
Round took 4.985703ms
Round took 4.928693ms
Round took 5.360919ms
Round took 5.40926ms
Round took 5.557802ms
Round took 4.13438ms
Round took 5.206292ms
Round took 5.518003ms
Round took 4.509678ms
Round took 5.43532ms
Round took 4.67211ms
Round took 5.304081ms
Round took 4.593385ms
Round took 4.970303ms
Round took 5.968588ms
Round took 4.090906ms
Round took 5.269978ms
Round took 4.920401ms
Round took 5.649304ms
Round took 4.671833ms
Round took 5.251091ms
Round took 5.362496ms
Round took 4.834725ms
Round took 4.907807ms
Round took 5.407045ms
Round took 4.858983ms
Round took 5.326852ms
Round took 5.210885ms
Round took 5.409524ms
Round took 4.999466ms
Round took 4.747572ms
Round took 4.868923ms
Round took 5.204561ms
Round took 4.963219ms
Round took 5.155358ms
Round took 4.855966ms
Round took 5.68186ms
Round took 4.59379ms
Round took 5.043171ms
Round took 5.418369ms
Round took 5.580367ms
Round took 4.593637ms
Round took 4.896578ms
Round took 4.95579ms
Round took 4.974979ms
Round took 4.61696ms
Round took 5.067962ms
Round took 6.276386ms
Round took 4.258758ms
Round took 4.940079ms
Round took 4.706888ms
Round took 5.049993ms
Round took 5.220892ms
Round took 4.948983ms
Round took 6.21718ms
Round took 4.450737ms
Round took 4.708893ms
Round took 5.081898ms
Round took 5.316875ms
Round took 4.428853ms
Round took 5.055425ms
Round took 6.215618ms
Round took 5.116647ms
Round took 4.28114ms
Round took 6.574936ms
Round took 6.909873ms
Round took 5.069092ms
Round took 4.215056ms
Round took 5.181727ms
Round took 5.686787ms
Round took 4.541065ms
Round took 4.955514ms
Round took 5.21486ms
Round took 5.004792ms
Round took 5.331262ms
Round took 4.851765ms
Round took 5.416668ms
Round took 5.029132ms
Round took 5.012577ms
Round took 5.53151ms
Round took 4.568699ms
Round took 4.974386ms
Round took 5.133892ms
Round took 4.807404ms
Round took 6.217929ms
Round took 4.495487ms
Round took 5.201499ms
Round took 5.772693ms
Round took 4.250227ms
Round took 4.991832ms
Round took 5.269307ms
Round took 5.017968ms
Round took 4.845468ms
Round took 5.103165ms
Round took 5.538556ms
Round took 5.354951ms
Round took 5.684476ms
Round took 4.484004ms
Round took 4.654403ms
Round took 5.151651ms
Round took 4.289522ms
Round took 5.293228ms
Round took 5.087348ms
Round took 5.052981ms
Round took 5.246749ms
Round took 5.344102ms
Round took 5.03929ms
Round took 4.665207ms
Round took 5.379741ms
Round took 4.844086ms
Round took 5.729964ms
Round took 4.785765ms
Round took 5.69784ms
Round took 5.161504ms
Round took 4.416251ms
Round took 4.951343ms
Round took 5.552152ms
Round took 5.048033ms
Round took 4.713256ms
Round took 4.985852ms
Round took 5.880538ms
Round took 4.301836ms
Round took 5.510361ms
Round took 4.603774ms
Round took 5.570363ms
Round took 4.741437ms
Round took 4.968529ms
Round took 5.261198ms
Round took 4.83188ms
Round took 5.052797ms
Round took 5.316838ms
Round took 5.404496ms
Round took 4.716056ms
Round took 4.62929ms
Round took 5.088068ms
Round took 6.365716ms
Round took 3.990993ms
Round took 5.000889ms
Round took 5.991902ms
Round took 4.227065ms
Round took 5.057097ms
Round took 4.92362ms
Round took 6.300391ms
Round took 5.272478ms
Round took 4.93436ms
Round took 5.090381ms
Round took 3.994819ms
Round took 5.147822ms
Round took 4.825468ms
Round took 6.306742ms
Round took 5.076402ms
Round took 5.224908ms
Round took 5.368121ms
Round took 3.740896ms
Round took 5.568ms
Round took 4.802289ms
Round took 5.654236ms
Round took 5.256839ms
Round took 4.56249ms
Round took 6.394436ms
Round took 6.538343ms
Round took 4.885325ms
Round took 5.03901ms
Round took 5.09662ms
Round took 4.872025ms
Round took 5.297269ms
Round took 4.661419ms
Round took 6.470282ms
Round took 4.498038ms
Round took 5.168798ms
Round took 5.123042ms
Round took 5.151913ms
Round took 5.508ms
Round took 4.381699ms
Round took 6.567314ms
Round took 4.415757ms
Round took 4.880903ms
Round took 4.936176ms
Round took 5.476186ms
Round took 5.223752ms
Round took 4.360223ms
Round took 5.391981ms
Round took 5.190685ms
Round took 4.920977ms
Round took 5.228804ms
Round took 5.494799ms
Round took 4.60952ms
Round took 5.118982ms
Round took 4.726762ms
Round took 5.910789ms
Round took 5.318114ms
Round took 4.769981ms
Round took 4.790629ms
Round took 5.323192ms
Round took 4.753683ms
Round took 6.751523ms
Round took 4.470819ms
Round took 4.347605ms
Round took 5.195132ms
Round took 5.181798ms
Round took 5.857917ms
Round took 4.913383ms
Round took 4.905085ms
Round took 5.970126ms
Round took 3.84216ms
Round took 5.128987ms
Round took 5.091855ms
Round took 4.974547ms
Round took 4.847564ms
Round took 6.167388ms
Round took 4.705239ms
Round took 5.180713ms
Round took 5.026719ms
Round took 5.930018ms
Round took 4.134324ms
Round took 5.839179ms
Round took 4.720647ms
Round took 5.421906ms
Round took 5.676153ms
Round took 6.016347ms
Round took 4.789181ms
Round took 5.146297ms
Round took 4.783059ms
Round took 5.325606ms
Round took 5.052338ms
Round took 5.553896ms
Round took 4.919998ms
Round took 4.671154ms
Round took 5.116518ms
Round took 5.13811ms
Round took 4.993907ms
Round took 4.891843ms
Round took 5.214634ms
Round took 5.072696ms
Round took 4.963584ms
Round took 5.182192ms
Round took 5.077094ms
Round took 5.127231ms
Round took 5.136347ms
Round took 4.882499ms
Round took 5.446509ms
Round took 4.966933ms
Round took 4.8237ms
Round took 4.916423ms
Round took 5.124222ms
Round took 5.228586ms
Round took 5.022515ms
Round took 5.479228ms
Round took 5.608885ms
Round took 4.385433ms
Round took 5.132829ms
Round took 5.27934ms
Round took 5.124695ms
Round took 5.01235ms
Round took 5.956314ms
Round took 6.332118ms
Round took 4.413746ms
Round took 4.538486ms
Round took 3.962265ms
Round took 6.464048ms
Round took 4.981606ms
Round took 6.119186ms
Round took 4.702883ms
Round took 5.68084ms
Round took 3.810989ms
Round took 6.933061ms
Round took 4.564152ms
Round took 4.931806ms
Round took 5.50479ms
Round took 4.601263ms
Round took 4.963003ms
Round took 5.124792ms
Round took 5.366201ms
Round took 4.692482ms
Round took 5.139403ms
Round took 6.067562ms
Round took 4.575114ms
Round took 4.657676ms
Round took 4.640122ms
Round took 5.685594ms
Round took 4.809634ms
Round took 4.961229ms
Round took 7.409488ms
Round took 6.94142ms
Round took 4.775608ms
Round took 4.874834ms
Round took 5.223827ms
Round took 5.481732ms
Round took 3.725061ms
Round took 5.247642ms
Round took 5.286925ms
Round took 5.657254ms
Round took 4.284789ms
Round took 6.761329ms
Round took 6.486587ms
Round took 4.009993ms
Round took 5.416083ms
Round took 4.362808ms
Round took 4.977109ms
Round took 3.56844ms
Round took 5.244515ms
Round took 6.54573ms
Round took 4.555773ms
Round took 5.044916ms
Round took 5.035341ms
Round took 4.544496ms
Round took 5.878791ms
Round took 6.027437ms
Round took 4.509645ms
Round took 5.217699ms
Round took 4.604723ms
Round took 5.788026ms
Round took 5.73215ms
Round took 5.700404ms
Round took 6.230835ms
Round took 5.015115ms
Round took 5.157019ms
Round took 5.064061ms
Round took 5.168538ms
Round took 4.883735ms
Round took 5.324532ms
Round took 4.827915ms
Round took 5.444658ms
Round took 5.101668ms
Round took 4.758911ms
Round took 5.067298ms
Round took 5.328617ms
Round took 4.866369ms
Round took 4.649709ms
Round took 5.819817ms
Round took 4.652644ms
Round took 5.354234ms
Round took 4.929443ms
Round took 5.180814ms
Round took 5.395279ms
Round took 4.420434ms
Round took 5.363908ms
Round took 5.161715ms
Round took 5.087142ms
Round took 5.073414ms
Round took 5.138521ms
Round took 4.97748ms
Round took 5.329433ms
Round took 5.252063ms
Round took 5.945844ms
Round took 4.888564ms
Round took 5.090058ms
Test took 5.208962731s
Successful: 10000
