Uniform distribution
2021/04/16 21:40:47 The leader is replica 0
Round took 6.907524ms
Round took 6.673059ms
Round took 6.974937ms
Round took 6.416154ms
Round took 4.090598ms
Round took 5.637087ms
Round took 5.365218ms
Round took 6.179163ms
Round took 5.096168ms
Round took 5.560422ms
Round took 3.803701ms
Round took 4.879989ms
Round took 5.178903ms
Round took 5.261204ms
Round took 5.632097ms
Round took 4.991134ms
Round took 5.410357ms
Round took 4.800311ms
Round took 4.990514ms
Round took 5.004391ms
Round took 5.216934ms
Round took 5.733811ms
Round took 4.777239ms
Round took 4.486404ms
Round took 4.904364ms
Round took 5.365593ms
Round took 4.930239ms
Round took 5.408296ms
Round took 5.54093ms
Round took 4.37356ms
Round took 5.185912ms
Round took 4.816952ms
Round took 5.218157ms
Round took 4.500551ms
Round took 4.911587ms
Round took 6.429258ms
Round took 6.253073ms
Round took 7.799171ms
Round took 7.243183ms
Round took 4.354239ms
Round took 4.026244ms
Round took 6.911635ms
Round took 5.196486ms
Round took 6.48435ms
Round took 4.5575ms
Round took 5.700951ms
Round took 4.625457ms
Round took 5.026278ms
Round took 4.493844ms
Round took 6.503963ms
Round took 5.557969ms
Round took 5.087647ms
Round took 5.527036ms
Round took 3.638484ms
Round took 3.650751ms
Round took 5.793338ms
Round took 5.205714ms
Round took 5.50743ms
Round took 5.005793ms
Round took 4.700637ms
Round took 5.098464ms
Round took 5.378134ms
Round took 4.529932ms
Round took 5.252183ms
Round took 5.843814ms
Round took 6.347286ms
Round took 5.243833ms
Round took 4.129742ms
Round took 4.969353ms
Round took 5.205602ms
Round took 5.274096ms
Round took 5.007415ms
Round took 5.131615ms
Round took 4.694287ms
Round took 5.194351ms
Round took 4.767719ms
Round took 5.054128ms
Round took 6.237882ms
Round took 4.233871ms
Round took 4.837825ms
Round took 4.859831ms
Round took 4.896512ms
Round took 6.080924ms
Round took 4.352327ms
Round took 5.174675ms
Round took 4.627523ms
Round took 5.346706ms
Round took 4.933654ms
Round took 4.823408ms
Round took 5.62786ms
Round took 4.844526ms
Round took 4.773945ms
Round took 5.005798ms
Round took 5.500241ms
Round took 5.186887ms
Round took 4.988712ms
Round took 5.419417ms
Round took 5.419282ms
Round took 4.531896ms
Round took 4.992088ms
Round took 5.325481ms
Round took 4.887574ms
Round took 4.990439ms
Round took 4.987336ms
Round took 5.974886ms
Round took 5.102776ms
Round took 4.59844ms
Round took 4.187805ms
Round took 5.195338ms
Round took 5.546705ms
Round took 5.012609ms
Round took 6.070887ms
Round took 3.697139ms
Round took 4.858527ms
Round took 5.07804ms
Round took 5.603263ms
Round took 4.796486ms
Round took 5.026699ms
Round took 4.8323ms
Round took 5.537415ms
Round took 4.975091ms
Round took 4.53149ms
Round took 5.022883ms
Round took 5.605004ms
Round took 4.887305ms
Round took 5.253436ms
Round took 4.781268ms
Round took 5.457464ms
Round took 5.46541ms
Round took 5.407614ms
Round took 5.012076ms
Round took 5.603486ms
Round took 4.331092ms
Round took 4.537016ms
Round took 5.374371ms
Round took 5.179961ms
Round took 4.718227ms
Round took 5.284787ms
Round took 5.765553ms
Round took 4.224549ms
Round took 5.533113ms
Round took 4.099683ms
Round took 6.151969ms
Round took 6.4496ms
Round took 5.951643ms
Round took 5.169417ms
Round took 5.229217ms
Round took 3.915718ms
Round took 3.51113ms
Round took 5.004765ms
Round took 4.878487ms
Round took 6.585541ms
Round took 4.825961ms
Round took 4.791584ms
Round took 3.798733ms
Round took 5.959344ms
Round took 5.020186ms
Round took 4.870082ms
Round took 5.654755ms
Round took 4.471883ms
Round took 4.50855ms
Round took 4.550809ms
Round took 5.969628ms
Round took 4.371391ms
Round took 5.068354ms
Round took 5.097143ms
Round took 5.898521ms
Round took 4.792441ms
Round took 5.105861ms
Round took 5.700763ms
Round took 4.655872ms
Round took 4.322056ms
Round took 5.524751ms
Round took 4.656556ms
Round took 5.539647ms
Round took 4.971934ms
Round took 3.798029ms
Round took 5.1949ms
Round took 5.485586ms
Round took 5.081507ms
Round took 5.03347ms
Round took 4.513949ms
Round took 5.507538ms
Round took 5.494646ms
Round took 4.305397ms
Round took 4.817227ms
Round took 5.314189ms
Round took 5.014801ms
Round took 4.776775ms
Round took 5.780608ms
Round took 5.018299ms
Round took 5.231426ms
Round took 6.71701ms
Round took 3.331475ms
Round took 5.823217ms
Round took 4.835132ms
Round took 5.594529ms
Round took 4.775269ms
Round took 5.073857ms
Round took 5.485295ms
Round took 4.845706ms
Round took 5.092525ms
Round took 5.971078ms
Round took 4.344174ms
Round took 4.658681ms
Round took 4.933771ms
Round took 4.663089ms
Round took 5.973711ms
Round took 4.126418ms
Round took 5.179949ms
Round took 4.657189ms
Round took 5.025128ms
Round took 5.463584ms
Round took 5.606603ms
Round took 4.857501ms
Round took 5.540959ms
Round took 5.060486ms
Round took 5.559299ms
Round took 3.921164ms
Round took 5.443976ms
Round took 5.408163ms
Round took 5.457078ms
Round took 4.463239ms
Round took 5.360748ms
Round took 4.95702ms
Round took 4.960866ms
Round took 5.076534ms
Round took 5.312228ms
Round took 4.433927ms
Round took 5.599242ms
Round took 4.353909ms
Round took 5.159222ms
Round took 5.53721ms
Round took 4.525763ms
Round took 6.141833ms
Round took 4.068342ms
Round took 5.63589ms
Round took 4.413385ms
Round took 5.194919ms
Round took 4.815865ms
Round took 5.684952ms
Round took 5.754688ms
Round took 4.515812ms
Round took 5.744257ms
Round took 4.156494ms
Round took 4.901069ms
Round took 4.848113ms
Round took 5.457785ms
Round took 5.451085ms
Round took 4.510832ms
Round took 5.205089ms
Round took 5.091505ms
Round took 5.215078ms
Round took 4.578169ms
Round took 5.902584ms
Round took 4.87245ms
Round took 4.085177ms
Round took 7.063415ms
Round took 5.680236ms
Round took 4.923141ms
Round took 4.805044ms
Round took 4.07497ms
Round took 4.861461ms
Round took 5.242641ms
Round took 4.709119ms
Round took 5.917165ms
Round took 4.424634ms
Round took 5.299677ms
Round took 4.525617ms
Round took 5.687401ms
Round took 4.474716ms
Round took 4.697396ms
Round took 4.954692ms
Round took 5.391155ms
Round took 5.285474ms
Round took 4.829318ms
Round took 6.640578ms
Round took 4.636572ms
Round took 4.11046ms
Round took 4.627307ms
Round took 5.030908ms
Round took 5.787904ms
Round took 4.675538ms
Round took 4.947974ms
Round took 5.448569ms
Round took 4.875698ms
Round took 4.708586ms
Round took 5.196788ms
Round took 5.980894ms
Round took 4.602776ms
Round took 5.389075ms
Round took 4.578734ms
Round took 4.966719ms
Round took 4.935699ms
Round took 5.023685ms
Round took 6.135534ms
Round took 4.201833ms
Round took 5.202547ms
Round took 5.901282ms
Round took 4.243919ms
Round took 4.974944ms
Round took 4.957982ms
Round took 5.219995ms
Round took 5.162819ms
Round took 5.230191ms
Round took 4.876929ms
Round took 5.802003ms
Round took 4.599166ms
Round took 5.244688ms
Round took 5.696421ms
Round took 4.39142ms
Round took 4.764668ms
Round took 6.771213ms
Round took 6.031276ms
Round took 5.455651ms
Round took 5.144225ms
Round took 4.62208ms
Round took 5.22891ms
Round took 4.871042ms
Round took 5.420381ms
Round took 4.647096ms
Round took 6.158059ms
Round took 4.293783ms
Round took 4.932141ms
Round took 4.950548ms
Round took 5.060747ms
Round took 5.376548ms
Round took 4.826213ms
Round took 5.044437ms
Round took 5.02502ms
Round took 5.327825ms
Round took 4.62807ms
Round took 5.208886ms
Round took 4.904224ms
Round took 4.989083ms
Round took 4.996369ms
Round took 5.682075ms
Round took 5.102642ms
Round took 5.382876ms
Round took 4.648595ms
Round took 5.096787ms
Round took 5.219473ms
Round took 5.039822ms
Round took 5.926312ms
Round took 5.258151ms
Round took 4.506942ms
Round took 5.658783ms
Round took 4.654651ms
Round took 5.185121ms
Round took 4.966229ms
Round took 5.756215ms
Round took 4.44048ms
Round took 5.124209ms
Round took 5.577403ms
Round took 4.714365ms
Round took 5.170643ms
Round took 4.406815ms
Round took 5.929448ms
Round took 4.748986ms
Round took 4.988389ms
Round took 4.615321ms
Round took 5.646907ms
Round took 4.692682ms
Round took 4.3829ms
Round took 5.509568ms
Round took 5.195437ms
Round took 4.934142ms
Round took 5.257968ms
Round took 4.578041ms
Round took 5.378437ms
Round took 5.218919ms
Round took 5.044559ms
Round took 5.946235ms
Round took 3.841864ms
Round took 5.655919ms
Round took 4.420131ms
Round took 5.153544ms
Round took 5.458526ms
Round took 4.578591ms
Round took 5.255213ms
Round took 5.128728ms
Round took 5.403595ms
Round took 4.341341ms
Round took 5.530013ms
Round took 5.005294ms
Round took 4.821089ms
Round took 5.128829ms
Round took 5.223751ms
Round took 4.806926ms
Round took 4.943731ms
Round took 4.871635ms
Round took 5.418755ms
Round took 4.913455ms
Round took 5.050068ms
Round took 4.619465ms
Round took 5.243917ms
Round took 5.4578ms
Round took 4.81616ms
Round took 6.138758ms
Round took 4.362386ms
Round took 5.141544ms
Round took 4.66744ms
Round took 5.78464ms
Round took 5.196961ms
Round took 5.074189ms
Round took 6.733774ms
Round took 5.429796ms
Round took 5.506997ms
Round took 3.63011ms
Round took 18.357674ms
Round took 4.743132ms
Round took 5.111189ms
Round took 4.865656ms
Round took 5.376244ms
Round took 5.947954ms
Round took 5.119152ms
Round took 4.912259ms
Round took 4.472304ms
Round took 4.991388ms
Round took 5.399199ms
Round took 5.729464ms
Round took 5.412835ms
Round took 4.825611ms
Round took 3.418834ms
Round took 5.729792ms
Round took 5.445136ms
Round took 5.00084ms
Round took 4.89045ms
Round took 4.862254ms
Round took 5.570493ms
Round took 4.924079ms
Round took 5.044101ms
Round took 5.622903ms
Round took 4.769727ms
Round took 5.324749ms
Round took 5.871471ms
Round took 4.468366ms
Round took 5.074943ms
Round took 4.722697ms
Round took 5.157435ms
Round took 5.43626ms
Round took 4.765687ms
Round took 5.028478ms
Round took 5.07805ms
Round took 5.142427ms
Round took 5.325053ms
Round took 4.448907ms
Round took 5.73587ms
Round took 4.698477ms
Round took 4.780803ms
Round took 6.039433ms
Round took 4.391738ms
Round took 4.800947ms
Round took 4.58608ms
Round took 6.320963ms
Round took 5.197716ms
Round took 4.317973ms
Round took 4.465057ms
Round took 5.379745ms
Round took 5.063315ms
Round took 4.919429ms
Round took 5.953041ms
Round took 4.430906ms
Round took 5.013441ms
Round took 4.363086ms
Round took 5.162729ms
Round took 5.126745ms
Round took 5.223124ms
Round took 5.096584ms
Round took 5.561836ms
Round took 4.820764ms
Round took 4.729927ms
Round took 5.156929ms
Round took 5.503476ms
Round took 4.952063ms
Round took 5.16171ms
Round took 4.658777ms
Round took 4.961279ms
Round took 5.48298ms
Round took 4.79251ms
Round took 5.570062ms
Round took 4.828581ms
Round took 4.727206ms
Round took 4.957169ms
Round took 5.490944ms
Round took 5.952966ms
Round took 4.559679ms
Round took 5.467572ms
Round took 4.934701ms
Round took 5.105664ms
Round took 4.479783ms
Round took 6.373712ms
Round took 3.593234ms
Round took 5.25487ms
Round took 4.606551ms
Round took 6.16187ms
Round took 4.251587ms
Round took 4.7888ms
Round took 5.404841ms
Round took 5.381473ms
Round took 4.886787ms
Round took 4.946914ms
Round took 5.548433ms
Round took 4.628106ms
Round took 5.111984ms
Round took 4.803722ms
Round took 5.687733ms
Round took 5.017042ms
Round took 4.427888ms
Round took 5.19255ms
Round took 5.53357ms
Round took 5.065091ms
Round took 4.678555ms
Round took 5.410626ms
Round took 4.707654ms
Round took 5.354412ms
Round took 4.351314ms
Round took 5.706017ms
Round took 4.804531ms
Round took 4.557743ms
Round took 5.090529ms
Round took 5.285935ms
Round took 4.732939ms
Round took 4.780424ms
Round took 5.144695ms
Round took 5.353066ms
Round took 4.728746ms
Round took 5.51087ms
Round took 4.904094ms
Round took 5.852806ms
Round took 4.578312ms
Round took 5.772312ms
Round took 5.112998ms
Round took 4.511092ms
Round took 4.643196ms
Round took 4.960217ms
Round took 5.46467ms
Round took 4.738958ms
Round took 5.104254ms
Round took 5.759392ms
Round took 5.035137ms
Round took 5.094162ms
Round took 4.855834ms
Round took 5.875705ms
Round took 4.448623ms
Round took 4.994179ms
Round took 5.952109ms
Round took 4.19352ms
Round took 5.120551ms
Round took 4.99811ms
Round took 5.562242ms
Round took 4.516782ms
Round took 5.385184ms
Round took 4.500903ms
Round took 5.614047ms
Round took 4.573381ms
Round took 5.688353ms
Round took 4.877497ms
Round took 5.937109ms
Round took 4.622201ms
Round took 4.618857ms
Round took 5.551695ms
Round took 5.15112ms
Round took 4.800932ms
Round took 5.5421ms
Round took 4.994574ms
Round took 4.115261ms
Round took 5.275106ms
Round took 4.618164ms
Round took 5.763726ms
Round took 5.217997ms
Round took 5.352416ms
Round took 5.266783ms
Round took 4.451143ms
Round took 5.1773ms
Round took 4.587267ms
Round took 5.061435ms
Round took 4.890294ms
Round took 4.479845ms
Round took 5.134384ms
Round took 5.94376ms
Round took 4.615071ms
Round took 4.904422ms
Round took 5.082926ms
Round took 5.580933ms
Round took 4.563724ms
Round took 5.022237ms
Round took 5.286899ms
Round took 4.920024ms
Round took 5.227524ms
Round took 4.456548ms
Round took 5.398309ms
Round took 5.20105ms
Round took 4.402649ms
Round took 5.226021ms
Round took 5.564154ms
Round took 4.632263ms
Round took 5.139084ms
Round took 4.929819ms
Round took 4.86266ms
Round took 5.372439ms
Round took 4.651666ms
Round took 6.246779ms
Round took 3.807099ms
Round took 5.281153ms
Round took 5.183456ms
Round took 5.212604ms
Round took 5.175956ms
Round took 4.854531ms
Round took 4.989479ms
Round took 5.133863ms
Round took 4.900709ms
Round took 5.277887ms
Round took 5.397142ms
Round took 5.577758ms
Round took 4.219414ms
Round took 4.979939ms
Round took 5.69002ms
Round took 4.298802ms
Round took 5.453105ms
Round took 4.715032ms
Round took 5.361494ms
Round took 4.864855ms
Round took 4.976287ms
Round took 4.956115ms
Round took 5.05324ms
Round took 5.22719ms
Round took 4.948142ms
Round took 5.848978ms
Round took 4.494563ms
Round took 5.27863ms
Round took 4.697894ms
Round took 5.486008ms
Round took 4.891006ms
Round took 5.321326ms
Round took 5.23866ms
Round took 4.972776ms
Round took 5.246789ms
Round took 5.122033ms
Round took 5.347882ms
Round took 4.601656ms
Round took 4.453941ms
Round took 5.03916ms
Round took 5.122767ms
Round took 5.142338ms
Round took 4.970375ms
Round took 5.290203ms
Round took 5.01778ms
Round took 4.93314ms
Round took 5.099914ms
Round took 6.092669ms
Round took 4.615066ms
Round took 4.903328ms
Round took 5.002313ms
Round took 5.350127ms
Round took 4.661368ms
Round took 5.123871ms
Round took 6.235306ms
Round took 4.145696ms
Round took 4.999933ms
Round took 4.823114ms
Round took 5.198222ms
Round took 5.137233ms
Round took 4.977063ms
Round took 5.940573ms
Round took 4.614022ms
Round took 4.622802ms
Round took 4.697696ms
Round took 5.35866ms
Round took 4.823172ms
Round took 5.036699ms
Round took 5.025531ms
Round took 5.712857ms
Round took 4.381138ms
Round took 5.156857ms
Round took 4.755523ms
Round took 6.638135ms
Round took 5.209841ms
Round took 4.160808ms
Round took 5.932664ms
Round took 4.749629ms
Round took 4.197209ms
Round took 4.929316ms
Round took 5.572108ms
Round took 4.688345ms
Round took 5.37689ms
Round took 4.758551ms
Round took 5.498745ms
Round took 4.917486ms
Round took 5.106983ms
Round took 6.050529ms
Round took 4.020692ms
Round took 5.06196ms
Round took 5.017812ms
Round took 4.803952ms
Round took 5.715851ms
Round took 4.584429ms
Round took 5.182627ms
Round took 5.824104ms
Round took 4.321195ms
Round took 4.898739ms
Round took 5.631711ms
Round took 5.628575ms
Round took 4.41688ms
Round took 5.229505ms
Round took 5.89851ms
Round took 5.010416ms
Round took 6.076715ms
Round took 4.485803ms
Round took 4.106949ms
Round took 4.990009ms
Round took 4.29638ms
Round took 5.233277ms
Round took 5.051383ms
Round took 5.162359ms
Round took 5.33098ms
Round took 5.219424ms
Round took 5.000122ms
Round took 4.622993ms
Round took 5.342441ms
Round took 5.109855ms
Round took 4.653034ms
Round took 4.562578ms
Round took 5.015079ms
Round took 5.838149ms
Round took 4.353373ms
Round took 5.014303ms
Round took 5.519671ms
Round took 5.151628ms
Round took 4.681837ms
Round took 5.082907ms
Round took 5.75845ms
Round took 4.339707ms
Round took 5.462748ms
Round took 4.676999ms
Round took 5.573595ms
Round took 4.694415ms
Round took 4.930563ms
Round took 5.124269ms
Round took 5.124576ms
Round took 5.066035ms
Round took 5.215625ms
Round took 5.723066ms
Round took 4.631901ms
Round took 4.509156ms
Round took 5.10089ms
Round took 5.987061ms
Round took 4.275935ms
Round took 4.961587ms
Round took 5.186032ms
Round took 4.984212ms
Round took 5.325891ms
Round took 4.814581ms
Round took 5.695167ms
Round took 5.846899ms
Round took 4.618161ms
Round took 4.765757ms
Round took 4.346247ms
Round took 5.089411ms
Round took 4.809075ms
Round took 5.307855ms
Round took 5.801215ms
Round took 4.687045ms
Round took 4.764544ms
Round took 4.68469ms
Round took 5.503779ms
Round took 4.819355ms
Round took 4.952359ms
Round took 5.68854ms
Round took 4.558261ms
Round took 5.409291ms
Round took 4.506722ms
Round took 5.70025ms
Round took 4.851807ms
Round took 5.31397ms
Round took 4.839164ms
Round took 4.882985ms
Round took 5.33866ms
Round took 4.868855ms
Round took 6.119052ms
Round took 4.391231ms
Round took 5.190499ms
Round took 5.13476ms
Round took 5.095131ms
Round took 5.307096ms
Round took 4.384598ms
Round took 6.102804ms
Round took 4.490581ms
Round took 4.656083ms
Round took 4.923078ms
Round took 5.779115ms
Round took 5.308116ms
Round took 4.457226ms
Round took 5.180807ms
Round took 5.197406ms
Round took 4.98195ms
Round took 5.15069ms
Round took 5.855216ms
Round took 4.545455ms
Round took 5.069691ms
Round took 4.760969ms
Round took 5.999483ms
Round took 5.269211ms
Round took 4.786563ms
Round took 5.135161ms
Round took 4.973047ms
Round took 4.752794ms
Round took 6.346941ms
Round took 4.419031ms
Round took 4.377531ms
Round took 5.126848ms
Round took 5.234365ms
Round took 4.687232ms
Round took 4.993841ms
Round took 4.391818ms
Round took 5.08004ms
Round took 5.280024ms
Round took 5.122299ms
Round took 4.896631ms
Round took 5.73499ms
Round took 4.918022ms
Round took 5.563818ms
Round took 4.293573ms
Round took 5.993648ms
Round took 5.011005ms
Round took 4.959613ms
Round took 5.852543ms
Round took 5.668786ms
Round took 4.426308ms
Round took 5.648167ms
Round took 4.590304ms
Round took 4.337632ms
Round took 6.627929ms
Round took 3.894827ms
Round took 6.04734ms
Round took 4.083371ms
Round took 5.627071ms
Round took 4.426941ms
Round took 5.530358ms
Round took 5.738468ms
Round took 4.404888ms
Round took 5.380033ms
Round took 3.962311ms
Round took 5.002901ms
Round took 5.004046ms
Round took 4.918006ms
Round took 4.981393ms
Round took 4.938522ms
Round took 5.873009ms
Round took 4.930782ms
Round took 4.745254ms
Round took 5.248108ms
Round took 4.759091ms
Round took 5.256906ms
Round took 5.055124ms
Round took 5.753728ms
Round took 4.195712ms
Round took 4.876626ms
Round took 4.980432ms
Round took 4.913876ms
Round took 5.711751ms
Round took 5.485756ms
Round took 4.624641ms
Round took 5.335986ms
Round took 4.726609ms
Round took 5.362425ms
Round took 5.172161ms
Round took 6.684ms
Round took 5.772053ms
Round took 4.505352ms
Round took 4.058567ms
Round took 4.330054ms
Round took 5.197816ms
Round took 5.66968ms
Round took 6.208126ms
Round took 5.651844ms
Round took 4.857036ms
Round took 6.624308ms
Round took 4.732888ms
Round took 4.967113ms
Round took 5.064773ms
Round took 5.173975ms
Round took 4.926646ms
Round took 5.101675ms
Round took 5.011631ms
Round took 5.193622ms
Round took 5.009913ms
Round took 5.075795ms
Round took 5.482691ms
Round took 4.582259ms
Round took 4.976505ms
Round took 5.481359ms
Round took 5.033882ms
Round took 5.076371ms
Round took 5.138745ms
Round took 5.028579ms
Round took 6.498231ms
Round took 5.064341ms
Round took 5.113671ms
Round took 5.169731ms
Round took 4.747496ms
Round took 3.788354ms
Round took 5.314485ms
Round took 5.281623ms
Round took 5.712712ms
Round took 4.43147ms
Round took 7.046534ms
Round took 6.312102ms
Round took 4.319034ms
Round took 4.723925ms
Round took 4.731755ms
Round took 4.720179ms
Round took 3.532822ms
Round took 5.284562ms
Round took 5.583246ms
Round took 4.494595ms
Round took 5.013468ms
Round took 5.101561ms
Round took 3.967595ms
Round took 5.876582ms
Round took 6.094805ms
Round took 4.109214ms
Round took 5.121966ms
Round took 4.699956ms
Round took 5.225942ms
Round took 5.539741ms
Round took 4.188896ms
Round took 5.074631ms
Round took 5.261967ms
Round took 4.481453ms
Round took 5.214323ms
Round took 5.361409ms
Round took 5.801098ms
Round took 4.24152ms
Round took 5.327789ms
Round took 4.723272ms
Round took 5.19511ms
Round took 5.179934ms
Round took 4.684486ms
Round took 6.195787ms
Round took 4.530037ms
Round took 4.406715ms
Round took 4.482704ms
Round took 5.972915ms
Round took 4.306897ms
Round took 5.354194ms
Round took 4.94462ms
Round took 5.379934ms
Round took 5.102878ms
Round took 4.696684ms
Round took 5.366947ms
Round took 5.191094ms
Round took 5.166422ms
Round took 5.038902ms
Round took 4.995993ms
Round took 4.958836ms
Round took 4.958373ms
Round took 5.231991ms
Round took 5.50858ms
Round took 4.865708ms
Round took 4.72541ms
Round took 4.280055ms
Round took 6.339074ms
Round took 4.955569ms
Round took 6.014838ms
Round took 5.491274ms
Round took 4.281486ms
Round took 4.551084ms
Round took 4.74602ms
Round took 5.752602ms
Round took 4.731121ms
Round took 5.176926ms
Round took 6.363949ms
Round took 4.351672ms
Round took 5.127966ms
Round took 5.037037ms
Round took 4.934413ms
Round took 5.259925ms
Round took 4.832441ms
Round took 5.656205ms
Round took 4.667694ms
Round took 5.413165ms
Round took 5.207191ms
Round took 4.478109ms
Round took 5.152423ms
Round took 5.144496ms
Round took 5.800348ms
Round took 4.522946ms
Round took 5.053892ms
Round took 5.003126ms
Round took 4.965152ms
Round took 5.223453ms
Round took 5.180321ms
Round took 4.758586ms
Round took 5.140827ms
Round took 5.179563ms
Round took 5.071844ms
Round took 5.408327ms
Round took 6.515093ms
Round took 3.70172ms
Test took 5.128849375s
Successful: 10000
