Uniform distribution
2021/04/16 21:40:47 The leader is replica 0
Round took 6.820611ms
Round took 6.980146ms
Round took 6.442567ms
Round took 4.059565ms
Round took 5.830216ms
Round took 5.36579ms
Round took 6.608837ms
Round took 6.61349ms
Round took 4.379826ms
Round took 3.621575ms
Round took 4.963984ms
Round took 5.173958ms
Round took 5.261411ms
Round took 5.491331ms
Round took 4.957835ms
Round took 5.361036ms
Round took 4.860819ms
Round took 4.933095ms
Round took 5.119789ms
Round took 5.001906ms
Round took 5.665138ms
Round took 4.729346ms
Round took 5.022859ms
Round took 4.425132ms
Round took 5.364384ms
Round took 4.925298ms
Round took 5.428957ms
Round took 5.56499ms
Round took 4.363967ms
Round took 5.17483ms
Round took 4.765502ms
Round took 5.421389ms
Round took 4.390244ms
Round took 4.975626ms
Round took 6.671497ms
Round took 6.746308ms
Round took 8.034098ms
Round took 6.526766ms
Round took 4.015658ms
Round took 4.05157ms
Round took 7.021155ms
Round took 6.217921ms
Round took 5.773545ms
Round took 4.561416ms
Round took 5.698764ms
Round took 4.408044ms
Round took 5.138187ms
Round took 4.529999ms
Round took 7.137378ms
Round took 4.906772ms
Round took 5.585585ms
Round took 4.877561ms
Round took 3.608673ms
Round took 3.832029ms
Round took 5.757901ms
Round took 5.753432ms
Round took 5.090423ms
Round took 4.958336ms
Round took 4.692656ms
Round took 6.087449ms
Round took 5.484456ms
Round took 4.351382ms
Round took 5.699894ms
Round took 7.069088ms
Round took 5.923694ms
Round took 4.451277ms
Round took 6.341791ms
Round took 5.202096ms
Round took 4.75267ms
Round took 5.422065ms
Round took 5.032341ms
Round took 4.81264ms
Round took 4.808457ms
Round took 5.215996ms
Round took 4.965412ms
Round took 4.71981ms
Round took 4.544547ms
Round took 5.568822ms
Round took 4.812601ms
Round took 4.781113ms
Round took 5.487957ms
Round took 5.281831ms
Round took 5.14511ms
Round took 4.678485ms
Round took 4.771611ms
Round took 5.6692ms
Round took 5.115959ms
Round took 5.541387ms
Round took 4.708408ms
Round took 4.896436ms
Round took 5.022631ms
Round took 5.009448ms
Round took 5.686496ms
Round took 4.857265ms
Round took 5.116364ms
Round took 5.561532ms
Round took 4.560944ms
Round took 4.922022ms
Round took 4.856328ms
Round took 5.459695ms
Round took 4.890529ms
Round took 4.70144ms
Round took 5.260644ms
Round took 5.597965ms
Round took 4.268495ms
Round took 4.339737ms
Round took 5.248632ms
Round took 5.809208ms
Round took 5.026255ms
Round took 4.942044ms
Round took 4.794825ms
Round took 5.232477ms
Round took 5.024446ms
Round took 5.078699ms
Round took 5.432563ms
Round took 4.796837ms
Round took 4.520453ms
Round took 5.261594ms
Round took 5.501441ms
Round took 4.579232ms
Round took 4.747211ms
Round took 4.965717ms
Round took 5.34215ms
Round took 5.326615ms
Round took 4.536727ms
Round took 5.445141ms
Round took 5.457808ms
Round took 5.152232ms
Round took 4.70742ms
Round took 6.031034ms
Round took 4.416028ms
Round took 4.576591ms
Round took 5.373437ms
Round took 5.147984ms
Round took 4.70397ms
Round took 4.907083ms
Round took 5.113584ms
Round took 5.273167ms
Round took 5.141123ms
Round took 4.820392ms
Round took 5.895296ms
Round took 5.281089ms
Round took 6.847486ms
Round took 4.887601ms
Round took 5.084503ms
Round took 4.569851ms
Round took 3.820989ms
Round took 4.13898ms
Round took 5.889584ms
Round took 5.588554ms
Round took 5.66257ms
Round took 4.682797ms
Round took 4.177382ms
Round took 5.480875ms
Round took 4.497293ms
Round took 5.616708ms
Round took 4.836096ms
Round took 4.555583ms
Round took 5.291008ms
Round took 4.960475ms
Round took 5.282658ms
Round took 4.493204ms
Round took 5.024549ms
Round took 5.070904ms
Round took 5.079341ms
Round took 5.292816ms
Round took 5.274636ms
Round took 5.27369ms
Round took 4.321465ms
Round took 5.142332ms
Round took 5.585223ms
Round took 4.464828ms
Round took 5.441573ms
Round took 4.692929ms
Round took 5.131233ms
Round took 5.057483ms
Round took 5.284742ms
Round took 5.280806ms
Round took 5.029593ms
Round took 4.673467ms
Round took 5.199398ms
Round took 5.93761ms
Round took 4.362964ms
Round took 4.768277ms
Round took 6.036851ms
Round took 4.624176ms
Round took 4.851575ms
Round took 5.053622ms
Round took 5.747895ms
Round took 5.097018ms
Round took 4.934093ms
Round took 4.679905ms
Round took 6.011825ms
Round took 4.783368ms
Round took 5.571371ms
Round took 4.879966ms
Round took 5.060192ms
Round took 4.999185ms
Round took 5.298965ms
Round took 5.055009ms
Round took 4.444624ms
Round took 4.766939ms
Round took 5.704431ms
Round took 4.94182ms
Round took 4.383147ms
Round took 5.547034ms
Round took 4.763136ms
Round took 5.251987ms
Round took 4.679466ms
Round took 4.857915ms
Round took 5.767072ms
Round took 5.478795ms
Round took 4.753107ms
Round took 5.724944ms
Round took 4.982626ms
Round took 4.386353ms
Round took 4.57059ms
Round took 5.617768ms
Round took 5.251597ms
Round took 5.039641ms
Round took 4.589353ms
Round took 5.788029ms
Round took 4.938328ms
Round took 4.809765ms
Round took 5.28578ms
Round took 5.366608ms
Round took 4.486469ms
Round took 5.338287ms
Round took 5.244403ms
Round took 5.067916ms
Round took 4.983942ms
Round took 4.711987ms
Round took 6.254622ms
Round took 4.13018ms
Round took 5.283199ms
Round took 4.936026ms
Round took 5.239688ms
Round took 4.842415ms
Round took 4.942379ms
Round took 6.044295ms
Round took 4.587817ms
Round took 5.151447ms
Round took 4.639899ms
Round took 5.811849ms
Round took 4.594113ms
Round took 5.079511ms
Round took 5.666572ms
Round took 4.110891ms
Round took 5.25721ms
Round took 4.990578ms
Round took 5.28693ms
Round took 4.611494ms
Round took 5.428032ms
Round took 5.352442ms
Round took 4.456577ms
Round took 6.30719ms
Round took 6.408615ms
Round took 4.841597ms
Round took 3.766007ms
Round took 4.161797ms
Round took 4.839404ms
Round took 5.687916ms
Round took 4.79349ms
Round took 4.99665ms
Round took 5.079508ms
Round took 5.587084ms
Round took 4.495424ms
Round took 4.992757ms
Round took 5.30414ms
Round took 5.061033ms
Round took 4.927951ms
Round took 5.358446ms
Round took 5.275263ms
Round took 4.814805ms
Round took 5.944594ms
Round took 5.52322ms
Round took 4.145237ms
Round took 4.619946ms
Round took 5.057296ms
Round took 5.747616ms
Round took 4.743341ms
Round took 5.005292ms
Round took 5.352492ms
Round took 4.94118ms
Round took 4.630703ms
Round took 5.265435ms
Round took 5.757033ms
Round took 4.64744ms
Round took 5.338003ms
Round took 4.51348ms
Round took 5.355542ms
Round took 4.874363ms
Round took 5.142549ms
Round took 6.063594ms
Round took 4.895754ms
Round took 5.166595ms
Round took 5.877918ms
Round took 4.290281ms
Round took 4.995393ms
Round took 4.95457ms
Round took 5.252857ms
Round took 4.915193ms
Round took 5.267929ms
Round took 4.909419ms
Round took 5.784173ms
Round took 4.639631ms
Round took 5.236759ms
Round took 5.706504ms
Round took 4.404903ms
Round took 4.637473ms
Round took 5.849477ms
Round took 5.422911ms
Round took 4.873107ms
Round took 4.849846ms
Round took 5.641268ms
Round took 4.438711ms
Round took 4.959418ms
Round took 4.31636ms
Round took 6.086728ms
Round took 4.769922ms
Round took 5.714089ms
Round took 4.434216ms
Round took 5.92548ms
Round took 4.752433ms
Round took 4.845327ms
Round took 6.062558ms
Round took 4.134356ms
Round took 4.298167ms
Round took 5.026704ms
Round took 6.228833ms
Round took 4.288699ms
Round took 5.515541ms
Round took 4.490193ms
Round took 5.26265ms
Round took 4.828421ms
Round took 5.433307ms
Round took 5.133968ms
Round took 5.193874ms
Round took 4.847441ms
Round took 4.863312ms
Round took 5.735122ms
Round took 4.595169ms
Round took 4.661103ms
Round took 6.062265ms
Round took 4.001983ms
Round took 5.590897ms
Round took 4.7656ms
Round took 5.749301ms
Round took 4.498581ms
Round took 5.513114ms
Round took 4.499312ms
Round took 5.205672ms
Round took 5.799637ms
Round took 4.611855ms
Round took 5.840266ms
Round took 3.661236ms
Round took 5.843916ms
Round took 5.205667ms
Round took 5.306908ms
Round took 5.055069ms
Round took 4.867336ms
Round took 5.311209ms
Round took 4.778571ms
Round took 5.420672ms
Round took 3.981898ms
Round took 5.015341ms
Round took 5.756016ms
Round took 4.409096ms
Round took 4.967926ms
Round took 5.979752ms
Round took 4.605484ms
Round took 5.666199ms
Round took 4.188879ms
Round took 6.061815ms
Round took 4.012015ms
Round took 4.779063ms
Round took 5.533587ms
Round took 5.804549ms
Round took 5.092984ms
Round took 4.653062ms
Round took 5.792833ms
Round took 3.72093ms
Round took 5.602194ms
Round took 5.000441ms
Round took 5.655342ms
Round took 5.24478ms
Round took 4.455811ms
Round took 4.861608ms
Round took 5.284838ms
Round took 4.855176ms
Round took 5.301499ms
Round took 5.583278ms
Round took 5.165877ms
Round took 6.126088ms
Round took 5.308953ms
Round took 4.784598ms
Round took 6.24892ms
Round took 4.384455ms
Round took 5.141218ms
Round took 4.652755ms
Round took 5.780161ms
Round took 5.219104ms
Round took 5.063121ms
Round took 6.568531ms
Round took 5.216718ms
Round took 4.905945ms
Round took 4.52643ms
Round took 18.198214ms
Round took 4.918216ms
Round took 5.070353ms
Round took 4.940554ms
Round took 5.25297ms
Round took 5.706482ms
Round took 5.522533ms
Round took 4.731511ms
Round took 4.703062ms
Round took 4.947604ms
Round took 5.116329ms
Round took 5.797965ms
Round took 5.625966ms
Round took 4.96446ms
Round took 3.356169ms
Round took 5.801543ms
Round took 5.578549ms
Round took 5.060688ms
Round took 4.873776ms
Round took 4.911576ms
Round took 5.574729ms
Round took 4.877056ms
Round took 4.977613ms
Round took 5.184285ms
Round took 4.705948ms
Round took 5.270442ms
Round took 4.889743ms
Round took 5.049574ms
Round took 5.003988ms
Round took 4.617281ms
Round took 4.836646ms
Round took 5.57597ms
Round took 4.73253ms
Round took 5.146544ms
Round took 4.940083ms
Round took 5.115079ms
Round took 5.299484ms
Round took 4.630756ms
Round took 5.706917ms
Round took 4.703653ms
Round took 4.792158ms
Round took 5.441968ms
Round took 5.068397ms
Round took 5.217732ms
Round took 4.592599ms
Round took 6.051593ms
Round took 5.424434ms
Round took 4.30576ms
Round took 4.462924ms
Round took 5.529356ms
Round took 5.007159ms
Round took 4.943354ms
Round took 5.249937ms
Round took 5.113931ms
Round took 4.831433ms
Round took 4.485079ms
Round took 5.162111ms
Round took 5.153404ms
Round took 5.196396ms
Round took 5.067995ms
Round took 5.572426ms
Round took 4.818206ms
Round took 4.695317ms
Round took 5.21487ms
Round took 5.458788ms
Round took 4.911496ms
Round took 5.058004ms
Round took 4.796172ms
Round took 5.040435ms
Round took 5.228118ms
Round took 4.811795ms
Round took 5.546584ms
Round took 4.790068ms
Round took 4.856379ms
Round took 4.908617ms
Round took 5.461343ms
Round took 5.875414ms
Round took 4.496809ms
Round took 5.49451ms
Round took 4.93552ms
Round took 4.674396ms
Round took 4.520897ms
Round took 6.319514ms
Round took 3.833637ms
Round took 5.316919ms
Round took 4.625621ms
Round took 6.18797ms
Round took 4.220136ms
Round took 4.830305ms
Round took 5.354257ms
Round took 5.445869ms
Round took 4.907549ms
Round took 4.985258ms
Round took 5.00565ms
Round took 5.119124ms
Round took 5.148414ms
Round took 4.819727ms
Round took 5.69083ms
Round took 4.996728ms
Round took 4.388985ms
Round took 5.193706ms
Round took 5.575241ms
Round took 5.124015ms
Round took 4.617972ms
Round took 5.229046ms
Round took 4.943425ms
Round took 5.407421ms
Round took 4.251471ms
Round took 5.018226ms
Round took 5.038622ms
Round took 5.151646ms
Round took 5.194834ms
Round took 5.643874ms
Round took 4.618014ms
Round took 4.731549ms
Round took 5.204418ms
Round took 5.286969ms
Round took 4.722483ms
Round took 5.259229ms
Round took 4.954797ms
Round took 5.877178ms
Round took 4.482645ms
Round took 5.493361ms
Round took 5.335582ms
Round took 4.408683ms
Round took 4.615006ms
Round took 4.977734ms
Round took 5.983979ms
Round took 4.730348ms
Round took 5.045022ms
Round took 5.000373ms
Round took 5.648661ms
Round took 5.150393ms
Round took 4.854974ms
Round took 5.727934ms
Round took 4.45195ms
Round took 4.983383ms
Round took 5.854074ms
Round took 4.269924ms
Round took 5.046686ms
Round took 4.542152ms
Round took 5.289975ms
Round took 4.895651ms
Round took 5.460402ms
Round took 4.530449ms
Round took 5.603649ms
Round took 4.800257ms
Round took 5.354433ms
Round took 4.84828ms
Round took 6.029934ms
Round took 4.702101ms
Round took 4.603918ms
Round took 5.784235ms
Round took 4.630226ms
Round took 4.387566ms
Round took 5.378719ms
Round took 5.027046ms
Round took 4.863024ms
Round took 5.254531ms
Round took 4.703808ms
Round took 5.756053ms
Round took 5.150284ms
Round took 5.074782ms
Round took 5.6481ms
Round took 4.413899ms
Round took 5.139605ms
Round took 4.551252ms
Round took 5.08206ms
Round took 5.265741ms
Round took 4.680733ms
Round took 5.059985ms
Round took 5.633109ms
Round took 4.546528ms
Round took 4.913042ms
Round took 5.015696ms
Round took 5.666738ms
Round took 4.919387ms
Round took 4.999387ms
Round took 5.291276ms
Round took 4.91892ms
Round took 5.263549ms
Round took 4.471654ms
Round took 5.444236ms
Round took 5.264425ms
Round took 4.379406ms
Round took 5.293251ms
Round took 5.520065ms
Round took 4.65161ms
Round took 5.142284ms
Round took 4.957213ms
Round took 4.968111ms
Round took 5.333311ms
Round took 4.777888ms
Round took 6.264617ms
Round took 3.819227ms
Round took 5.297594ms
Round took 5.290279ms
Round took 5.185119ms
Round took 5.159994ms
Round took 4.838516ms
Round took 5.478044ms
Round took 5.156483ms
Round took 4.957147ms
Round took 5.850553ms
Round took 5.072464ms
Round took 5.484708ms
Round took 4.245225ms
Round took 5.308919ms
Round took 5.56689ms
Round took 4.542007ms
Round took 5.758841ms
Round took 4.390334ms
Round took 5.436657ms
Round took 5.027599ms
Round took 6.600456ms
Round took 5.105736ms
Round took 4.0922ms
Round took 5.631557ms
Round took 4.443175ms
Round took 5.192073ms
Round took 4.705291ms
Round took 6.011474ms
Round took 4.393169ms
Round took 4.833053ms
Round took 4.973624ms
Round took 5.567846ms
Round took 4.783706ms
Round took 5.080447ms
Round took 5.525532ms
Round took 5.030648ms
Round took 5.180321ms
Round took 4.570282ms
Round took 5.460945ms
Round took 4.719485ms
Round took 4.759758ms
Round took 5.240825ms
Round took 5.052432ms
Round took 5.463415ms
Round took 4.657854ms
Round took 5.736274ms
Round took 4.789917ms
Round took 5.459775ms
Round took 4.672584ms
Round took 6.12248ms
Round took 3.973397ms
Round took 5.402971ms
Round took 4.366858ms
Round took 5.668558ms
Round took 5.94749ms
Round took 5.791916ms
Round took 5.149244ms
Round took 4.971752ms
Round took 5.355208ms
Round took 4.998849ms
Round took 5.256483ms
Round took 5.389889ms
Round took 4.56218ms
Round took 5.006223ms
Round took 5.357942ms
Round took 4.843285ms
Round took 4.99173ms
Round took 5.006797ms
Round took 5.443583ms
Round took 4.717477ms
Round took 5.156307ms
Round took 4.835178ms
Round took 6.611701ms
Round took 4.831484ms
Round took 4.194652ms
Round took 5.150372ms
Round took 5.785547ms
Round took 4.339055ms
Round took 4.976967ms
Round took 5.240779ms
Round took 4.978508ms
Round took 5.362266ms
Round took 4.837448ms
Round took 5.484974ms
Round took 4.899672ms
Round took 5.066631ms
Round took 6.028597ms
Round took 4.043597ms
Round took 5.060438ms
Round took 5.111074ms
Round took 4.794073ms
Round took 5.696079ms
Round took 4.45096ms
Round took 5.150792ms
Round took 5.711552ms
Round took 4.321501ms
Round took 4.90638ms
Round took 5.309525ms
Round took 6.707341ms
Round took 4.559676ms
Round took 5.716519ms
Round took 5.608443ms
Round took 4.914703ms
Round took 5.722575ms
Round took 4.685901ms
Round took 4.240392ms
Round took 4.916632ms
Round took 4.317687ms
Round took 5.592136ms
Round took 4.951177ms
Round took 5.148468ms
Round took 5.650302ms
Round took 5.027668ms
Round took 5.080624ms
Round took 4.607823ms
Round took 5.709766ms
Round took 4.482807ms
Round took 4.706614ms
Round took 4.550026ms
Round took 5.045198ms
Round took 5.772329ms
Round took 4.464859ms
Round took 4.884767ms
Round took 5.553493ms
Round took 5.066251ms
Round took 4.666927ms
Round took 5.042987ms
Round took 5.826963ms
Round took 4.326791ms
Round took 5.55497ms
Round took 4.624145ms
Round took 5.614518ms
Round took 4.724457ms
Round took 4.952515ms
Round took 5.326593ms
Round took 4.798573ms
Round took 4.869839ms
Round took 5.332465ms
Round took 5.393209ms
Round took 4.815076ms
Round took 4.634667ms
Round took 5.124872ms
Round took 6.064927ms
Round took 3.994021ms
Round took 5.057346ms
Round took 5.97455ms
Round took 4.273001ms
Round took 5.17092ms
Round took 4.955653ms
Round took 6.281925ms
Round took 5.400882ms
Round took 4.852439ms
Round took 4.88178ms
Round took 4.686148ms
Round took 4.992432ms
Round took 4.599585ms
Round took 5.835951ms
Round took 5.344663ms
Round took 4.90592ms
Round took 5.238821ms
Round took 4.00421ms
Round took 5.440284ms
Round took 4.864748ms
Round took 5.48639ms
Round took 5.272618ms
Round took 4.636173ms
Round took 5.383309ms
Round took 4.779813ms
Round took 5.527168ms
Round took 4.992394ms
Round took 5.404517ms
Round took 5.386207ms
Round took 4.405235ms
Round took 5.282356ms
Round took 6.140042ms
Round took 4.677363ms
Round took 4.536194ms
Round took 5.48878ms
Round took 5.37108ms
Round took 4.61189ms
Round took 5.875294ms
Round took 3.719395ms
Round took 6.16864ms
Round took 4.512583ms
Round took 4.852326ms
Round took 5.724266ms
Round took 4.299337ms
Round took 5.37398ms
Round took 4.321115ms
Round took 5.361532ms
Round took 4.792187ms
Round took 5.156317ms
Round took 5.782884ms
Round took 4.958401ms
Round took 4.797819ms
Round took 5.119149ms
Round took 4.927072ms
Round took 5.842326ms
Round took 5.302834ms
Round took 5.583943ms
Round took 3.820226ms
Round took 5.431313ms
Round took 4.80267ms
Round took 6.455878ms
Round took 4.559788ms
Round took 4.367073ms
Round took 5.726912ms
Round took 4.582275ms
Round took 4.505056ms
Round took 4.913689ms
Round took 4.947898ms
Round took 5.748056ms
Round took 4.298711ms
Round took 5.163377ms
Round took 4.886573ms
Round took 5.47435ms
Round took 4.92472ms
Round took 5.562502ms
Round took 4.680917ms
Round took 5.510386ms
Round took 5.003314ms
Round took 5.778356ms
Round took 4.430111ms
Round took 5.618602ms
Round took 4.44756ms
Round took 5.624675ms
Round took 4.513127ms
Round took 4.470212ms
Round took 6.61532ms
Round took 3.875264ms
Round took 5.990691ms
Round took 4.077615ms
Round took 5.734688ms
Round took 4.409539ms
Round took 5.53432ms
Round took 5.666704ms
Round took 4.413712ms
Round took 5.348979ms
Round took 4.341443ms
Round took 5.058292ms
Round took 4.929807ms
Round took 4.907634ms
Round took 4.868978ms
Round took 4.954884ms
Round took 5.790487ms
Round took 4.843019ms
Round took 4.566113ms
Round took 5.291333ms
Round took 4.794488ms
Round took 5.223907ms
Round took 5.016668ms
Round took 5.0135ms
Round took 5.014649ms
Round took 4.79979ms
Round took 5.587367ms
Round took 5.918242ms
Round took 5.291286ms
Round took 5.726832ms
Round took 4.456693ms
Round took 5.086014ms
Round took 4.736496ms
Round took 5.488651ms
Round took 5.115268ms
Round took 7.147502ms
Round took 4.856826ms
Round took 4.684106ms
Round took 3.886537ms
Round took 3.829991ms
Round took 5.25616ms
Round took 5.870294ms
Round took 6.221677ms
Round took 5.683154ms
Round took 4.784187ms
Round took 6.544809ms
Round took 4.747329ms
Round took 4.875323ms
Round took 5.0761ms
Round took 5.153788ms
Round took 4.980968ms
Round took 5.10979ms
Round took 5.033768ms
Round took 5.175664ms
Round took 4.980141ms
Round took 5.077647ms
Round took 5.471345ms
Round took 4.586394ms
Round took 5.019164ms
Round took 5.430835ms
Round took 5.099903ms
Round took 5.057427ms
Round took 5.02138ms
Round took 4.986857ms
Round took 6.630517ms
Round took 4.967112ms
Round took 5.17422ms
Round took 5.159768ms
Round took 4.851678ms
Round took 3.799465ms
Round took 5.245113ms
Round took 5.315169ms
Round took 5.642211ms
Round took 4.389274ms
Round took 6.900818ms
Round took 6.520927ms
Round took 4.245602ms
Round took 4.753544ms
Round took 4.390609ms
Round took 4.87889ms
Round took 3.480448ms
Round took 5.287657ms
Round took 5.640108ms
Round took 4.691067ms
Round took 5.014276ms
Round took 5.086369ms
Round took 5.041713ms
Round took 5.866207ms
Round took 5.981414ms
Round took 4.185707ms
Round took 5.286601ms
Round took 4.647666ms
Round took 5.427223ms
Round took 5.227898ms
Round took 4.346236ms
Round took 5.028752ms
Round took 5.302496ms
Round took 4.467172ms
Round took 5.210195ms
Round took 5.181115ms
Round took 5.838929ms
Round took 4.211809ms
Round took 5.416747ms
Round took 4.73962ms
Round took 5.207592ms
Round took 5.132715ms
Round took 4.749541ms
Round took 6.043299ms
Round took 4.573033ms
Round took 4.497908ms
Round took 4.526309ms
Round took 5.988011ms
Round took 4.388276ms
Round took 5.361853ms
Round took 4.967711ms
Round took 5.34725ms
Round took 5.125474ms
Round took 4.716501ms
Round took 5.398543ms
Round took 5.615116ms
Round took 5.188274ms
Round took 5.345389ms
Round took 4.701234ms
Round took 4.784393ms
Round took 4.782541ms
Round took 5.226905ms
Round took 5.557692ms
Round took 4.867906ms
Round took 4.738391ms
Round took 4.231022ms
Round took 6.379802ms
Round took 4.955973ms
Round took 6.030322ms
Round took 5.557975ms
Round took 4.159114ms
Round took 4.521382ms
Round took 4.746734ms
Round took 5.80878ms
Round took 4.742956ms
Round took 5.151233ms
Round took 6.438324ms
Round took 4.390105ms
Round took 5.161328ms
Round took 4.97826ms
Round took 4.978349ms
Round took 5.190118ms
Round took 4.765459ms
Round took 5.637401ms
Round took 4.659009ms
Round took 5.436983ms
Round took 5.160512ms
Round took 4.450495ms
Round took 5.149422ms
Round took 5.195676ms
Round took 5.844809ms
Round took 4.499148ms
Round took 5.010433ms
Round took 5.024219ms
Round took 4.991266ms
Round took 5.23503ms
Round took 5.186849ms
Round took 6.846204ms
Round took 3.631624ms
Round took 5.310467ms
Round took 5.610349ms
Round took 5.200019ms
Round took 5.070608ms
Round took 3.407393ms
Round took 4.913817ms
Round took 5.095125ms
Round took 4.629237ms
Test took 5.136489015s
Successful: 10000
