Uniform distribution
2021/04/16 21:40:47 The leader is replica 0
Round took 6.914383ms
Round took 9.276135ms
Round took 3.882497ms
Round took 3.954939ms
Round took 5.919751ms
Round took 4.999996ms
Round took 4.796663ms
Round took 4.947448ms
Round took 5.575661ms
Round took 3.82977ms
Round took 4.875972ms
Round took 5.016852ms
Round took 5.219003ms
Round took 5.633289ms
Round took 5.02896ms
Round took 5.413524ms
Round took 4.835615ms
Round took 4.96596ms
Round took 4.678394ms
Round took 5.667482ms
Round took 5.621017ms
Round took 4.79802ms
Round took 4.522168ms
Round took 4.940797ms
Round took 5.41923ms
Round took 4.929565ms
Round took 5.379819ms
Round took 5.575241ms
Round took 4.359517ms
Round took 5.130009ms
Round took 4.585031ms
Round took 5.391025ms
Round took 4.633009ms
Round took 4.936843ms
Round took 6.291567ms
Round took 6.29991ms
Round took 7.844677ms
Round took 7.217238ms
Round took 4.490765ms
Round took 4.057988ms
Round took 6.80042ms
Round took 5.026226ms
Round took 6.51749ms
Round took 4.224855ms
Round took 5.731112ms
Round took 5.004167ms
Round took 5.136402ms
Round took 4.443341ms
Round took 6.249362ms
Round took 5.857233ms
Round took 5.058513ms
Round took 5.704783ms
Round took 3.615786ms
Round took 3.675047ms
Round took 5.80425ms
Round took 5.219333ms
Round took 5.652036ms
Round took 5.025996ms
Round took 4.68366ms
Round took 6.036665ms
Round took 4.774658ms
Round took 4.20033ms
Round took 5.409121ms
Round took 6.188788ms
Round took 5.94331ms
Round took 5.239641ms
Round took 4.159057ms
Round took 4.91339ms
Round took 5.261473ms
Round took 5.035668ms
Round took 5.19484ms
Round took 5.047262ms
Round took 4.780585ms
Round took 5.118277ms
Round took 4.90608ms
Round took 5.029232ms
Round took 6.157054ms
Round took 4.256941ms
Round took 4.931482ms
Round took 4.942145ms
Round took 5.33878ms
Round took 5.686331ms
Round took 4.171642ms
Round took 5.158722ms
Round took 5.116142ms
Round took 4.903552ms
Round took 5.082277ms
Round took 4.740529ms
Round took 5.654952ms
Round took 4.737254ms
Round took 5.029428ms
Round took 5.655775ms
Round took 4.753814ms
Round took 5.166653ms
Round took 5.01343ms
Round took 5.359716ms
Round took 5.373742ms
Round took 4.579258ms
Round took 5.689652ms
Round took 4.427983ms
Round took 5.164793ms
Round took 4.950354ms
Round took 5.454704ms
Round took 5.576085ms
Round took 5.175976ms
Round took 4.943445ms
Round took 5.061835ms
Round took 6.748017ms
Round took 5.061047ms
Round took 4.921432ms
Round took 4.854762ms
Round took 5.298343ms
Round took 5.156454ms
Round took 4.960919ms
Round took 5.171658ms
Round took 5.091515ms
Round took 4.644634ms
Round took 5.307126ms
Round took 5.526456ms
Round took 4.583274ms
Round took 4.755791ms
Round took 4.988747ms
Round took 5.372045ms
Round took 5.317297ms
Round took 4.4929ms
Round took 5.059395ms
Round took 5.529873ms
Round took 5.128612ms
Round took 4.718194ms
Round took 5.949163ms
Round took 4.479315ms
Round took 4.5133ms
Round took 5.308206ms
Round took 5.192915ms
Round took 4.854223ms
Round took 4.978133ms
Round took 5.222432ms
Round took 5.247332ms
Round took 4.915679ms
Round took 4.892297ms
Round took 5.853174ms
Round took 5.16766ms
Round took 5.785594ms
Round took 5.608224ms
Round took 4.993601ms
Round took 4.923483ms
Round took 3.722772ms
Round took 3.976354ms
Round took 5.899215ms
Round took 5.505926ms
Round took 5.073614ms
Round took 5.241875ms
Round took 4.240222ms
Round took 5.41969ms
Round took 4.556423ms
Round took 5.392344ms
Round took 5.052719ms
Round took 4.626534ms
Round took 5.207609ms
Round took 5.132357ms
Round took 5.441924ms
Round took 4.51014ms
Round took 5.009118ms
Round took 5.082792ms
Round took 5.108722ms
Round took 5.003715ms
Round took 5.574246ms
Round took 5.090146ms
Round took 4.556821ms
Round took 5.13827ms
Round took 5.608954ms
Round took 4.558239ms
Round took 5.45894ms
Round took 4.659814ms
Round took 5.222402ms
Round took 4.999579ms
Round took 5.282307ms
Round took 5.287454ms
Round took 4.99878ms
Round took 4.720975ms
Round took 5.098108ms
Round took 5.859123ms
Round took 4.199098ms
Round took 4.814433ms
Round took 5.26674ms
Round took 5.307134ms
Round took 5.18495ms
Round took 4.971067ms
Round took 5.77726ms
Round took 5.405389ms
Round took 4.965011ms
Round took 4.720393ms
Round took 5.998087ms
Round took 4.79164ms
Round took 5.081114ms
Round took 5.380483ms
Round took 4.934679ms
Round took 5.027709ms
Round took 5.337945ms
Round took 5.070429ms
Round took 4.517305ms
Round took 4.764903ms
Round took 5.685396ms
Round took 4.924854ms
Round took 4.403042ms
Round took 5.555789ms
Round took 4.810273ms
Round took 5.26558ms
Round took 4.711852ms
Round took 4.86723ms
Round took 5.723482ms
Round took 5.438535ms
Round took 4.750739ms
Round took 5.710573ms
Round took 4.938088ms
Round took 4.374798ms
Round took 4.619553ms
Round took 5.527957ms
Round took 4.893713ms
Round took 4.58429ms
Round took 4.666618ms
Round took 5.116533ms
Round took 5.451351ms
Round took 4.879048ms
Round took 4.926068ms
Round took 5.664635ms
Round took 4.445426ms
Round took 5.409315ms
Round took 4.961375ms
Round took 5.169399ms
Round took 5.050941ms
Round took 4.80905ms
Round took 6.26151ms
Round took 4.116174ms
Round took 5.127107ms
Round took 4.948584ms
Round took 5.419972ms
Round took 4.857008ms
Round took 4.80545ms
Round took 5.402442ms
Round took 5.138006ms
Round took 5.044786ms
Round took 4.93865ms
Round took 5.570757ms
Round took 4.816633ms
Round took 5.065826ms
Round took 4.990805ms
Round took 5.076587ms
Round took 5.258109ms
Round took 5.00343ms
Round took 5.081516ms
Round took 4.841622ms
Round took 5.432024ms
Round took 4.759343ms
Round took 5.084576ms
Round took 6.154117ms
Round took 6.362793ms
Round took 4.830986ms
Round took 4.18504ms
Round took 4.113748ms
Round took 4.855644ms
Round took 5.649894ms
Round took 4.727916ms
Round took 4.944308ms
Round took 5.005998ms
Round took 5.670807ms
Round took 4.538392ms
Round took 4.984813ms
Round took 5.053645ms
Round took 5.334267ms
Round took 4.922947ms
Round took 5.370722ms
Round took 4.756307ms
Round took 5.2946ms
Round took 5.089525ms
Round took 6.369498ms
Round took 4.113395ms
Round took 4.641342ms
Round took 4.980048ms
Round took 5.069708ms
Round took 5.517772ms
Round took 4.935821ms
Round took 5.227731ms
Round took 5.326986ms
Round took 4.581249ms
Round took 5.118852ms
Round took 5.109362ms
Round took 5.072736ms
Round took 5.361827ms
Round took 4.737563ms
Round took 5.073691ms
Round took 5.144032ms
Round took 5.086183ms
Round took 5.433158ms
Round took 5.751252ms
Round took 4.349292ms
Round took 4.641513ms
Round took 4.769532ms
Round took 5.666358ms
Round took 4.869165ms
Round took 4.752436ms
Round took 5.15332ms
Round took 5.409216ms
Round took 4.976191ms
Round took 5.443674ms
Round took 5.152864ms
Round took 5.142459ms
Round took 5.144281ms
Round took 4.788538ms
Round took 5.146196ms
Round took 5.76246ms
Round took 5.188248ms
Round took 5.267444ms
Round took 5.026068ms
Round took 5.14611ms
Round took 4.586538ms
Round took 5.253532ms
Round took 4.616107ms
Round took 5.457078ms
Round took 5.2683ms
Round took 5.679461ms
Round took 4.366087ms
Round took 4.934182ms
Round took 5.236273ms
Round took 4.756195ms
Round took 5.472222ms
Round took 4.692069ms
Round took 5.070636ms
Round took 4.999417ms
Round took 5.444167ms
Round took 5.32531ms
Round took 5.250903ms
Round took 4.299455ms
Round took 4.8309ms
Round took 5.287182ms
Round took 5.505769ms
Round took 5.010303ms
Round took 5.388132ms
Round took 4.829469ms
Round took 4.499115ms
Round took 5.303165ms
Round took 5.245669ms
Round took 4.879857ms
Round took 5.250788ms
Round took 4.604217ms
Round took 5.634956ms
Round took 4.658291ms
Round took 5.16684ms
Round took 4.934293ms
Round took 5.835444ms
Round took 4.455057ms
Round took 5.073134ms
Round took 5.586711ms
Round took 4.699704ms
Round took 5.162555ms
Round took 4.412924ms
Round took 5.938936ms
Round took 5.174859ms
Round took 4.972356ms
Round took 4.606802ms
Round took 5.598191ms
Round took 4.708041ms
Round took 4.274251ms
Round took 5.804885ms
Round took 5.009942ms
Round took 4.986783ms
Round took 5.257738ms
Round took 5.097254ms
Round took 4.998219ms
Round took 5.178569ms
Round took 5.012172ms
Round took 6.057836ms
Round took 3.741547ms
Round took 5.784829ms
Round took 4.366994ms
Round took 5.178997ms
Round took 5.464257ms
Round took 4.590351ms
Round took 5.592351ms
Round took 4.816637ms
Round took 5.47465ms
Round took 4.260753ms
Round took 5.51374ms
Round took 5.086833ms
Round took 5.001749ms
Round took 5.668169ms
Round took 4.49969ms
Round took 4.829116ms
Round took 4.980898ms
Round took 4.984233ms
Round took 5.511313ms
Round took 4.283907ms
Round took 5.088394ms
Round took 4.750302ms
Round took 5.225718ms
Round took 5.363779ms
Round took 5.207753ms
Round took 5.674487ms
Round took 4.412716ms
Round took 5.232096ms
Round took 4.642952ms
Round took 5.779332ms
Round took 5.138068ms
Round took 4.987353ms
Round took 6.903043ms
Round took 5.311052ms
Round took 5.282193ms
Round took 3.698058ms
Round took 18.433805ms
Round took 5.049575ms
Round took 5.940381ms
Round took 4.846413ms
Round took 6.058458ms
Round took 6.279783ms
Round took 4.96056ms
Round took 5.349955ms
Round took 3.493271ms
Round took 4.99703ms
Round took 6.591462ms
Round took 5.47067ms
Round took 5.805493ms
Round took 3.386313ms
Round took 3.444948ms
Round took 6.375655ms
Round took 4.873251ms
Round took 5.821653ms
Round took 4.608613ms
Round took 5.158431ms
Round took 5.069721ms
Round took 5.226739ms
Round took 5.07417ms
Round took 4.397254ms
Round took 5.209404ms
Round took 5.569881ms
Round took 4.595913ms
Round took 4.462169ms
Round took 5.097706ms
Round took 5.685136ms
Round took 4.320064ms
Round took 5.501114ms
Round took 4.777729ms
Round took 5.743923ms
Round took 4.434508ms
Round took 5.097783ms
Round took 6.069485ms
Round took 4.272006ms
Round took 5.249833ms
Round took 4.678297ms
Round took 5.478005ms
Round took 5.732955ms
Round took 4.616302ms
Round took 5.392466ms
Round took 4.125014ms
Round took 7.721857ms
Round took 4.259176ms
Round took 4.532104ms
Round took 4.213551ms
Round took 5.185434ms
Round took 4.919012ms
Round took 5.174752ms
Round took 5.949928ms
Round took 4.383405ms
Round took 5.552087ms
Round took 3.996813ms
Round took 4.810322ms
Round took 4.526975ms
Round took 5.313823ms
Round took 5.859897ms
Round took 4.879894ms
Round took 4.839452ms
Round took 4.495932ms
Round took 5.255541ms
Round took 5.357119ms
Round took 4.984201ms
Round took 6.07954ms
Round took 3.805229ms
Round took 4.65123ms
Round took 5.502499ms
Round took 5.027913ms
Round took 5.223238ms
Round took 4.915073ms
Round took 4.91507ms
Round took 5.061548ms
Round took 5.207788ms
Round took 5.945311ms
Round took 4.822576ms
Round took 5.251268ms
Round took 4.891849ms
Round took 5.575873ms
Round took 4.549245ms
Round took 5.800276ms
Round took 3.855884ms
Round took 5.836575ms
Round took 4.496083ms
Round took 5.700804ms
Round took 4.184496ms
Round took 4.668798ms
Round took 5.780436ms
Round took 4.824271ms
Round took 4.824123ms
Round took 5.687166ms
Round took 4.745909ms
Round took 4.628642ms
Round took 5.181745ms
Round took 5.220706ms
Round took 5.256077ms
Round took 4.931171ms
Round took 4.484316ms
Round took 5.328383ms
Round took 5.442468ms
Round took 5.160562ms
Round took 5.186369ms
Round took 4.849807ms
Round took 4.858974ms
Round took 5.428674ms
Round took 4.446202ms
Round took 5.47965ms
Round took 4.888773ms
Round took 4.088742ms
Round took 5.926528ms
Round took 4.559922ms
Round took 4.946939ms
Round took 4.552703ms
Round took 5.521441ms
Round took 4.964022ms
Round took 4.772172ms
Round took 5.285803ms
Round took 4.931383ms
Round took 5.87943ms
Round took 4.633006ms
Round took 5.924113ms
Round took 5.064298ms
Round took 4.424158ms
Round took 4.605526ms
Round took 5.154174ms
Round took 5.106751ms
Round took 4.704689ms
Round took 5.117446ms
Round took 5.927599ms
Round took 4.935083ms
Round took 5.115552ms
Round took 5.115965ms
Round took 5.478553ms
Round took 4.369268ms
Round took 4.971974ms
Round took 5.812853ms
Round took 4.249511ms
Round took 5.10087ms
Round took 5.194241ms
Round took 5.503888ms
Round took 4.372605ms
Round took 5.521821ms
Round took 4.540751ms
Round took 5.61259ms
Round took 4.489546ms
Round took 5.668532ms
Round took 4.928805ms
Round took 6.017585ms
Round took 4.893144ms
Round took 5.184005ms
Round took 4.925804ms
Round took 5.087711ms
Round took 4.797516ms
Round took 5.557162ms
Round took 4.733774ms
Round took 4.249752ms
Round took 5.226401ms
Round took 4.592455ms
Round took 5.797641ms
Round took 5.223429ms
Round took 5.36044ms
Round took 5.238946ms
Round took 4.499192ms
Round took 5.137474ms
Round took 5.026548ms
Round took 4.591876ms
Round took 5.145064ms
Round took 4.90306ms
Round took 5.604754ms
Round took 5.395953ms
Round took 4.549942ms
Round took 4.985402ms
Round took 5.111138ms
Round took 5.639339ms
Round took 4.763799ms
Round took 5.479053ms
Round took 4.771685ms
Round took 4.777957ms
Round took 4.871551ms
Round took 4.435486ms
Round took 5.447507ms
Round took 5.323896ms
Round took 4.398809ms
Round took 5.468396ms
Round took 5.292469ms
Round took 4.590441ms
Round took 5.222749ms
Round took 5.664892ms
Round took 4.321074ms
Round took 5.311644ms
Round took 4.681061ms
Round took 6.329799ms
Round took 3.875997ms
Round took 5.245747ms
Round took 5.9271ms
Round took 4.618115ms
Round took 5.193366ms
Round took 4.767295ms
Round took 5.25696ms
Round took 4.798432ms
Round took 4.973512ms
Round took 5.660687ms
Round took 4.990928ms
Round took 5.527605ms
Round took 4.149968ms
Round took 5.276629ms
Round took 5.588957ms
Round took 4.556601ms
Round took 5.752502ms
Round took 4.407689ms
Round took 5.410881ms
Round took 5.062393ms
Round took 6.681542ms
Round took 5.039289ms
Round took 3.980589ms
Round took 5.651544ms
Round took 4.434687ms
Round took 5.247016ms
Round took 4.857311ms
Round took 6.029724ms
Round took 4.375364ms
Round took 4.816843ms
Round took 4.982389ms
Round took 5.592316ms
Round took 4.89165ms
Round took 5.049333ms
Round took 5.551817ms
Round took 4.992171ms
Round took 5.168872ms
Round took 4.55981ms
Round took 5.449899ms
Round took 4.68075ms
Round took 4.747294ms
Round took 5.253047ms
Round took 5.043504ms
Round took 5.406428ms
Round took 4.618876ms
Round took 5.77556ms
Round took 4.741632ms
Round took 5.4273ms
Round took 4.559548ms
Round took 6.001508ms
Round took 3.955841ms
Round took 5.216456ms
Round took 4.622206ms
Round took 5.591575ms
Round took 5.920208ms
Round took 4.251386ms
Round took 5.178075ms
Round took 4.495121ms
Round took 4.810966ms
Round took 4.577705ms
Round took 4.93887ms
Round took 5.977941ms
Round took 4.599485ms
Round took 4.696201ms
Round took 5.088462ms
Round took 5.325952ms
Round took 4.708026ms
Round took 5.015356ms
Round took 4.939167ms
Round took 5.913324ms
Round took 3.752568ms
Round took 5.146767ms
Round took 4.725478ms
Round took 6.636155ms
Round took 5.159029ms
Round took 4.236603ms
Round took 5.771197ms
Round took 4.956275ms
Round took 4.575729ms
Round took 4.945736ms
Round took 5.610188ms
Round took 4.377151ms
Round took 5.338033ms
Round took 4.743572ms
Round took 5.486974ms
Round took 4.929131ms
Round took 5.13363ms
Round took 6.130389ms
Round took 4.002399ms
Round took 5.104078ms
Round took 4.913471ms
Round took 5.021183ms
Round took 5.580534ms
Round took 4.946678ms
Round took 5.655574ms
Round took 5.462545ms
Round took 4.294082ms
Round took 4.757831ms
Round took 5.618057ms
Round took 5.632111ms
Round took 5.465749ms
Round took 5.617836ms
Round took 6.084509ms
Round took 5.294672ms
Round took 4.738202ms
Round took 4.784038ms
Round took 4.296155ms
Round took 5.143002ms
Round took 4.288945ms
Round took 4.845452ms
Round took 4.762762ms
Round took 5.247074ms
Round took 5.783612ms
Round took 4.996829ms
Round took 5.073443ms
Round took 5.054446ms
Round took 5.134379ms
Round took 4.593716ms
Round took 4.87191ms
Round took 5.382167ms
Round took 5.512822ms
Round took 5.198791ms
Round took 4.360697ms
Round took 5.153914ms
Round took 5.195988ms
Round took 5.362997ms
Round took 4.451263ms
Round took 5.291763ms
Round took 5.342761ms
Round took 4.286444ms
Round took 5.985041ms
Round took 4.07018ms
Round took 5.411379ms
Round took 4.661217ms
Round took 5.287991ms
Round took 4.899316ms
Round took 4.736065ms
Round took 5.055328ms
Round took 5.545907ms
Round took 5.076776ms
Round took 4.780718ms
Round took 4.683706ms
Round took 5.922918ms
Round took 5.781701ms
Round took 4.386559ms
Round took 5.398377ms
Round took 5.439366ms
Round took 4.342503ms
Round took 5.678731ms
Round took 4.215455ms
Round took 8.1198ms
Round took 4.201024ms
Round took 4.713793ms
Round took 4.388948ms
Round took 3.864992ms
Round took 5.275609ms
Round took 5.212921ms
Round took 6.418012ms
Round took 4.702084ms
Round took 5.277154ms
Round took 4.412812ms
Round took 3.417674ms
Round took 5.518462ms
Round took 4.829617ms
Round took 5.551691ms
Round took 5.209705ms
Round took 4.597723ms
Round took 6.110234ms
Round took 3.922067ms
Round took 5.479051ms
Round took 4.948377ms
Round took 5.337595ms
Round took 5.509978ms
Round took 4.344301ms
Round took 5.239677ms
Round took 6.196477ms
Round took 4.601476ms
Round took 4.565018ms
Round took 5.480845ms
Round took 5.377458ms
Round took 4.580223ms
Round took 5.837547ms
Round took 3.685038ms
Round took 6.177709ms
Round took 4.492866ms
Round took 4.893642ms
Round took 5.748076ms
Round took 4.256475ms
Round took 5.383977ms
Round took 4.290954ms
Round took 5.380498ms
Round took 4.813145ms
Round took 5.17833ms
Round took 5.773105ms
Round took 4.922499ms
Round took 4.81857ms
Round took 5.071956ms
Round took 4.965891ms
Round took 5.877579ms
Round took 5.303693ms
Round took 5.579944ms
Round took 3.682564ms
Round took 5.081437ms
Round took 4.744012ms
Round took 6.416546ms
Round took 4.468688ms
Round took 4.348318ms
Round took 5.10622ms
Round took 5.21667ms
Round took 4.678675ms
Round took 5.052129ms
Round took 4.821973ms
Round took 5.765074ms
Round took 4.372823ms
Round took 5.18958ms
Round took 4.871702ms
Round took 5.412506ms
Round took 4.865706ms
Round took 5.576918ms
Round took 4.307409ms
Round took 6.046117ms
Round took 4.994379ms
Round took 4.978393ms
Round took 5.048332ms
Round took 5.470501ms
Round took 4.408861ms
Round took 5.666382ms
Round took 4.631613ms
Round took 4.506067ms
Round took 5.978208ms
Round took 4.577787ms
Round took 5.940942ms
Round took 4.076058ms
Round took 5.383699ms
Round took 5.095845ms
Round took 5.473541ms
Round took 5.445233ms
Round took 4.684419ms
Round took 5.383225ms
Round took 4.738822ms
Round took 5.061429ms
Round took 4.932666ms
Round took 4.89115ms
Round took 5.053058ms
Round took 4.897785ms
Round took 5.904901ms
Round took 4.664727ms
Round took 5.119046ms
Round took 5.128408ms
Round took 4.707061ms
Round took 4.96886ms
Round took 4.983321ms
Round took 5.790347ms
Round took 4.253862ms
Round took 4.973999ms
Round took 5.256134ms
Round took 5.602716ms
Round took 5.327276ms
Round took 5.754609ms
Round took 4.446241ms
Round took 5.0204ms
Round took 4.738418ms
Round took 5.434885ms
Round took 5.176244ms
Round took 6.693409ms
Round took 5.2251ms
Round took 4.429787ms
Round took 3.897835ms
Round took 3.541795ms
Round took 5.253646ms
Round took 5.040708ms
Round took 5.978157ms
Round took 4.64677ms
Round took 5.662573ms
Round took 3.831539ms
Round took 6.640672ms
Round took 4.380549ms
Round took 4.891132ms
Round took 5.553853ms
Round took 4.674333ms
Round took 4.915412ms
Round took 5.13084ms
Round took 5.424493ms
Round took 4.638463ms
Round took 5.142685ms
Round took 5.995781ms
Round took 4.566589ms
Round took 4.570456ms
Round took 4.786894ms
Round took 5.597407ms
Round took 4.795025ms
Round took 4.893832ms
Round took 5.210805ms
Round took 6.240395ms
Round took 5.28743ms
Round took 5.31432ms
Round took 5.093156ms
Round took 5.252093ms
Round took 4.497227ms
Round took 3.8017ms
Round took 6.878473ms
Round took 3.919016ms
Round took 6.241416ms
Round took 4.545731ms
Round took 8.218297ms
Round took 4.551012ms
Round took 4.296633ms
Round took 4.658479ms
Round took 4.785731ms
Round took 4.271135ms
Round took 3.587956ms
Round took 5.833934ms
Round took 5.166541ms
Round took 4.558782ms
Round took 5.201583ms
Round took 5.925797ms
Round took 3.477989ms
Round took 5.727033ms
Round took 6.151265ms
Round took 4.104099ms
Round took 5.257947ms
Round took 4.633367ms
Round took 5.294995ms
Round took 5.619532ms
Round took 4.829459ms
Round took 5.381685ms
Round took 4.579158ms
Round took 4.43727ms
Round took 5.245057ms
Round took 5.414062ms
Round took 5.808506ms
Round took 4.18322ms
Round took 5.635467ms
Round took 4.593934ms
Round took 4.95074ms
Round took 5.172842ms
Round took 4.752651ms
Round took 6.317792ms
Round took 4.519305ms
Round took 4.865306ms
Round took 4.069096ms
Round took 6.111618ms
Round took 4.257736ms
Round took 5.44469ms
Round took 5.77692ms
Round took 4.809597ms
Round took 5.357312ms
Round took 4.277629ms
Round took 5.823824ms
Round took 5.148038ms
Round took 6.262008ms
Round took 6.213963ms
Round took 5.044322ms
Round took 5.251524ms
Round took 5.312469ms
Round took 5.484524ms
Round took 4.850058ms
Round took 4.453321ms
Round took 4.823348ms
Round took 6.338313ms
Round took 4.817087ms
Round took 5.90106ms
Round took 5.773044ms
Round took 4.154824ms
Round took 4.496479ms
Round took 4.760224ms
Round took 5.738915ms
Round took 4.790225ms
Round took 5.251362ms
Round took 6.545544ms
Round took 4.353596ms
Round took 5.083844ms
Round took 4.869968ms
Round took 5.049803ms
Round took 5.195225ms
Round took 4.737905ms
Round took 5.648555ms
Round took 4.606232ms
Round took 4.964437ms
Round took 5.105645ms
Round took 4.908278ms
Round took 5.165231ms
Round took 5.084216ms
Round took 4.964049ms
Round took 5.266573ms
Round took 5.035694ms
Round took 5.013879ms
Round took 5.214397ms
Round took 5.631701ms
Round took 5.179611ms
Round took 4.73616ms
Round took 5.183149ms
Round took 5.190826ms
Round took 5.048803ms
Round took 5.409779ms
Round took 5.471411ms
Round took 4.20916ms
Round took 5.010029ms
Test took 5.124529224s
Successful: 10000
