Uniform distribution
2021/04/16 21:40:47 The leader is replica 0
Round took 6.813599ms
Round took 6.929947ms
Round took 6.491518ms
Round took 4.058505ms
Round took 5.691388ms
Round took 4.904341ms
Round took 5.654847ms
Round took 4.775823ms
Round took 4.853797ms
Round took 4.906561ms
Round took 4.9082ms
Round took 5.136121ms
Round took 5.139946ms
Round took 5.591267ms
Round took 5.042274ms
Round took 4.914487ms
Round took 5.360803ms
Round took 4.8639ms
Round took 4.911387ms
Round took 5.220656ms
Round took 5.44279ms
Round took 4.952199ms
Round took 4.517853ms
Round took 4.983357ms
Round took 5.496633ms
Round took 4.852179ms
Round took 5.032809ms
Round took 5.663846ms
Round took 4.354611ms
Round took 5.187806ms
Round took 4.91097ms
Round took 5.357388ms
Round took 5.136787ms
Round took 4.832689ms
Round took 5.219635ms
Round took 6.520957ms
Round took 8.054869ms
Round took 6.866711ms
Round took 5.302868ms
Round took 3.983611ms
Round took 6.721497ms
Round took 5.515051ms
Round took 6.537016ms
Round took 4.226564ms
Round took 5.747856ms
Round took 5.552059ms
Round took 4.729144ms
Round took 4.533701ms
Round took 6.004636ms
Round took 6.075385ms
Round took 4.89518ms
Round took 5.750178ms
Round took 3.912936ms
Round took 3.746659ms
Round took 5.794146ms
Round took 5.16536ms
Round took 5.498362ms
Round took 4.968672ms
Round took 4.656645ms
Round took 5.10483ms
Round took 5.411309ms
Round took 4.58027ms
Round took 5.239296ms
Round took 5.657997ms
Round took 6.511166ms
Round took 5.250003ms
Round took 4.072808ms
Round took 4.99835ms
Round took 5.186781ms
Round took 4.863111ms
Round took 5.397395ms
Round took 5.051739ms
Round took 4.726166ms
Round took 5.229232ms
Round took 4.773689ms
Round took 4.916175ms
Round took 4.71853ms
Round took 4.55026ms
Round took 5.463608ms
Round took 4.771388ms
Round took 4.754875ms
Round took 5.953259ms
Round took 4.892107ms
Round took 5.212542ms
Round took 4.643207ms
Round took 5.494243ms
Round took 5.076103ms
Round took 4.938562ms
Round took 5.681321ms
Round took 4.618326ms
Round took 4.812487ms
Round took 4.976786ms
Round took 5.521086ms
Round took 5.092059ms
Round took 5.027437ms
Round took 5.107007ms
Round took 5.574798ms
Round took 4.566621ms
Round took 4.970547ms
Round took 4.795437ms
Round took 5.380788ms
Round took 4.880136ms
Round took 4.930578ms
Round took 5.853972ms
Round took 5.01485ms
Round took 4.444842ms
Round took 4.338657ms
Round took 5.126064ms
Round took 5.810408ms
Round took 4.997972ms
Round took 6.026955ms
Round took 4.003395ms
Round took 5.139517ms
Round took 4.920905ms
Round took 5.528121ms
Round took 4.896462ms
Round took 4.975359ms
Round took 4.843934ms
Round took 5.494044ms
Round took 5.153877ms
Round took 4.556788ms
Round took 4.995765ms
Round took 5.449702ms
Round took 4.916108ms
Round took 5.250173ms
Round took 4.47391ms
Round took 5.425175ms
Round took 5.345765ms
Round took 5.168641ms
Round took 5.242419ms
Round took 5.562695ms
Round took 4.235272ms
Round took 4.528356ms
Round took 5.357071ms
Round took 5.141715ms
Round took 4.754702ms
Round took 4.900358ms
Round took 6.034549ms
Round took 4.174637ms
Round took 4.890731ms
Round took 4.732028ms
Round took 5.892781ms
Round took 5.438308ms
Round took 6.801975ms
Round took 4.99278ms
Round took 5.00491ms
Round took 4.637994ms
Round took 3.608211ms
Round took 5.099278ms
Round took 4.825639ms
Round took 5.531218ms
Round took 5.77101ms
Round took 4.660177ms
Round took 4.151897ms
Round took 5.478284ms
Round took 5.26564ms
Round took 4.814513ms
Round took 4.97424ms
Round took 4.585157ms
Round took 5.251976ms
Round took 5.036459ms
Round took 5.044172ms
Round took 4.492029ms
Round took 5.241849ms
Round took 5.34546ms
Round took 4.937544ms
Round took 5.679723ms
Round took 5.159933ms
Round took 5.255037ms
Round took 4.402921ms
Round took 5.154195ms
Round took 5.540341ms
Round took 4.656714ms
Round took 5.556294ms
Round took 5.06666ms
Round took 4.202351ms
Round took 5.165254ms
Round took 5.647913ms
Round took 5.018968ms
Round took 5.00213ms
Round took 4.588925ms
Round took 5.481637ms
Round took 5.581173ms
Round took 4.301623ms
Round took 4.790451ms
Round took 5.404088ms
Round took 4.672333ms
Round took 4.828187ms
Round took 5.054192ms
Round took 5.710592ms
Round took 5.13381ms
Round took 4.959692ms
Round took 4.710725ms
Round took 5.973618ms
Round took 4.809548ms
Round took 5.549714ms
Round took 4.86256ms
Round took 5.039849ms
Round took 4.982713ms
Round took 5.433488ms
Round took 5.007713ms
Round took 4.422856ms
Round took 4.733581ms
Round took 5.731097ms
Round took 4.923837ms
Round took 4.354056ms
Round took 5.589201ms
Round took 4.962951ms
Round took 5.199794ms
Round took 4.671771ms
Round took 4.860421ms
Round took 5.709618ms
Round took 5.446249ms
Round took 4.760244ms
Round took 5.680228ms
Round took 5.008386ms
Round took 4.363856ms
Round took 4.595623ms
Round took 5.502877ms
Round took 5.197118ms
Round took 4.987371ms
Round took 4.555343ms
Round took 5.663859ms
Round took 4.765897ms
Round took 4.856726ms
Round took 5.017729ms
Round took 5.671338ms
Round took 4.355931ms
Round took 5.323615ms
Round took 5.621445ms
Round took 4.824331ms
Round took 4.563196ms
Round took 4.872874ms
Round took 6.353003ms
Round took 4.028206ms
Round took 5.16416ms
Round took 4.784317ms
Round took 5.453915ms
Round took 4.849021ms
Round took 4.807799ms
Round took 5.96249ms
Round took 4.609167ms
Round took 5.072306ms
Round took 4.836664ms
Round took 5.359355ms
Round took 4.894128ms
Round took 5.103646ms
Round took 5.022045ms
Round took 5.070359ms
Round took 5.262848ms
Round took 4.978258ms
Round took 5.359615ms
Round took 4.595179ms
Round took 5.364903ms
Round took 4.7991ms
Round took 5.097116ms
Round took 6.027569ms
Round took 6.398053ms
Round took 4.780793ms
Round took 3.975089ms
Round took 4.077487ms
Round took 4.887748ms
Round took 5.658642ms
Round took 4.768082ms
Round took 4.784493ms
Round took 4.999431ms
Round took 5.648731ms
Round took 4.520179ms
Round took 5.02787ms
Round took 5.062311ms
Round took 5.319735ms
Round took 4.865523ms
Round took 5.396213ms
Round took 4.744632ms
Round took 5.19942ms
Round took 5.044471ms
Round took 6.366404ms
Round took 4.157309ms
Round took 4.599347ms
Round took 5.001123ms
Round took 5.034109ms
Round took 5.488684ms
Round took 4.972285ms
Round took 5.235366ms
Round took 5.409563ms
Round took 4.596907ms
Round took 5.112933ms
Round took 5.058066ms
Round took 5.073691ms
Round took 5.385857ms
Round took 4.722183ms
Round took 5.060951ms
Round took 5.140078ms
Round took 5.09765ms
Round took 5.451072ms
Round took 4.77981ms
Round took 5.11458ms
Round took 4.849685ms
Round took 4.807651ms
Round took 5.695584ms
Round took 4.87902ms
Round took 4.694732ms
Round took 5.157164ms
Round took 5.390544ms
Round took 4.991908ms
Round took 5.425947ms
Round took 5.150182ms
Round took 5.13521ms
Round took 5.13414ms
Round took 4.776473ms
Round took 5.137453ms
Round took 5.736676ms
Round took 5.213245ms
Round took 5.271318ms
Round took 5.029564ms
Round took 5.143195ms
Round took 4.651689ms
Round took 5.224305ms
Round took 4.597162ms
Round took 5.374352ms
Round took 4.782654ms
Round took 6.155127ms
Round took 4.290339ms
Round took 4.438811ms
Round took 4.940217ms
Round took 5.063517ms
Round took 5.412219ms
Round took 4.76811ms
Round took 5.042187ms
Round took 5.435305ms
Round took 5.300605ms
Round took 4.757839ms
Round took 5.580667ms
Round took 3.993205ms
Round took 4.930985ms
Round took 5.033475ms
Round took 5.683248ms
Round took 5.029665ms
Round took 5.379598ms
Round took 5.022024ms
Round took 4.880876ms
Round took 5.215748ms
Round took 4.981509ms
Round took 5.485352ms
Round took 5.173883ms
Round took 4.582717ms
Round took 5.598003ms
Round took 4.652598ms
Round took 5.106661ms
Round took 4.979098ms
Round took 5.796367ms
Round took 4.415924ms
Round took 4.756776ms
Round took 5.233557ms
Round took 5.036767ms
Round took 5.392388ms
Round took 4.421316ms
Round took 5.991326ms
Round took 5.140429ms
Round took 4.971598ms
Round took 4.615572ms
Round took 5.693889ms
Round took 4.651112ms
Round took 4.317945ms
Round took 5.555147ms
Round took 5.331569ms
Round took 4.998158ms
Round took 5.253545ms
Round took 5.053107ms
Round took 4.982103ms
Round took 5.115953ms
Round took 5.004101ms
Round took 5.994118ms
Round took 3.753272ms
Round took 5.730324ms
Round took 4.439993ms
Round took 5.152063ms
Round took 5.466099ms
Round took 4.596933ms
Round took 5.558276ms
Round took 4.871499ms
Round took 5.416634ms
Round took 4.285968ms
Round took 5.564336ms
Round took 5.00427ms
Round took 5.030362ms
Round took 5.947996ms
Round took 4.487158ms
Round took 4.823177ms
Round took 5.047476ms
Round took 5.418132ms
Round took 5.21919ms
Round took 4.763588ms
Round took 5.84766ms
Round took 3.938029ms
Round took 5.250026ms
Round took 5.384452ms
Round took 6.086563ms
Round took 4.634351ms
Round took 4.514114ms
Round took 5.078251ms
Round took 5.195971ms
Round took 5.254417ms
Round took 4.765355ms
Round took 5.010174ms
Round took 7.09157ms
Round took 5.536084ms
Round took 4.987671ms
Round took 3.613948ms
Round took 20.450408ms
Round took 6.21046ms
Round took 4.966648ms
Round took 5.274895ms
Round took 4.960122ms
Round took 6.295631ms
Round took 4.468822ms
Round took 4.986428ms
Round took 5.013755ms
Round took 4.813665ms
Round took 5.59783ms
Round took 6.241647ms
Round took 4.953022ms
Round took 3.378273ms
Round took 5.736877ms
Round took 5.505995ms
Round took 4.900468ms
Round took 4.919893ms
Round took 4.907699ms
Round took 5.618945ms
Round took 4.846699ms
Round took 4.997781ms
Round took 4.946329ms
Round took 4.967896ms
Round took 5.318505ms
Round took 4.871545ms
Round took 5.030129ms
Round took 5.02765ms
Round took 5.044804ms
Round took 4.823452ms
Round took 5.502306ms
Round took 4.83557ms
Round took 5.1942ms
Round took 4.911656ms
Round took 5.183997ms
Round took 5.220905ms
Round took 4.710462ms
Round took 5.755122ms
Round took 4.729784ms
Round took 4.7382ms
Round took 5.446551ms
Round took 5.096497ms
Round took 5.230368ms
Round took 4.651601ms
Round took 5.274766ms
Round took 6.138894ms
Round took 4.291354ms
Round took 4.597723ms
Round took 5.585805ms
Round took 4.828568ms
Round took 4.94072ms
Round took 5.198844ms
Round took 5.844451ms
Round took 5.218053ms
Round took 4.325563ms
Round took 5.378527ms
Round took 4.946818ms
Round took 5.241317ms
Round took 5.234309ms
Round took 5.52203ms
Round took 4.841875ms
Round took 4.579909ms
Round took 5.209553ms
Round took 5.327168ms
Round took 4.920871ms
Round took 5.152641ms
Round took 5.751942ms
Round took 4.448985ms
Round took 5.498853ms
Round took 5.040849ms
Round took 5.145063ms
Round took 4.588543ms
Round took 4.608007ms
Round took 4.896639ms
Round took 5.471971ms
Round took 5.926015ms
Round took 4.531177ms
Round took 5.476684ms
Round took 4.922442ms
Round took 5.077603ms
Round took 4.457732ms
Round took 6.279332ms
Round took 3.6671ms
Round took 5.265514ms
Round took 4.579855ms
Round took 6.155815ms
Round took 4.286153ms
Round took 4.688839ms
Round took 6.62119ms
Round took 4.717055ms
Round took 4.807257ms
Round took 4.916718ms
Round took 5.424828ms
Round took 4.242963ms
Round took 5.139516ms
Round took 4.767128ms
Round took 6.118869ms
Round took 5.029042ms
Round took 4.408434ms
Round took 5.337304ms
Round took 5.391384ms
Round took 4.895255ms
Round took 4.693266ms
Round took 5.420052ms
Round took 4.734905ms
Round took 5.419754ms
Round took 4.34494ms
Round took 5.725137ms
Round took 4.876997ms
Round took 4.463085ms
Round took 5.140058ms
Round took 5.223378ms
Round took 4.916501ms
Round took 4.662535ms
Round took 5.216709ms
Round took 5.201965ms
Round took 4.789843ms
Round took 5.315129ms
Round took 5.152767ms
Round took 5.79404ms
Round took 4.378314ms
Round took 5.860515ms
Round took 5.109984ms
Round took 4.490427ms
Round took 4.638486ms
Round took 4.932672ms
Round took 5.384921ms
Round took 4.76177ms
Round took 5.106857ms
Round took 5.795509ms
Round took 4.987827ms
Round took 5.096093ms
Round took 4.758899ms
Round took 5.787785ms
Round took 4.364732ms
Round took 4.951332ms
Round took 5.904798ms
Round took 4.228197ms
Round took 5.036762ms
Round took 4.901763ms
Round took 5.527975ms
Round took 4.616709ms
Round took 5.236387ms
Round took 4.536262ms
Round took 5.655541ms
Round took 4.792842ms
Round took 5.373421ms
Round took 4.933847ms
Round took 5.988005ms
Round took 4.611456ms
Round took 4.666595ms
Round took 5.756469ms
Round took 5.076601ms
Round took 4.559628ms
Round took 5.691478ms
Round took 4.988077ms
Round took 4.389983ms
Round took 5.271745ms
Round took 4.594542ms
Round took 5.800343ms
Round took 5.244283ms
Round took 5.297675ms
Round took 5.277601ms
Round took 4.453085ms
Round took 5.111759ms
Round took 4.569235ms
Round took 5.275295ms
Round took 4.800254ms
Round took 4.570039ms
Round took 5.096251ms
Round took 5.920781ms
Round took 4.528302ms
Round took 4.943723ms
Round took 5.01299ms
Round took 5.605742ms
Round took 4.593336ms
Round took 5.022125ms
Round took 5.288763ms
Round took 4.932507ms
Round took 5.227441ms
Round took 4.476882ms
Round took 5.400684ms
Round took 5.225728ms
Round took 4.379246ms
Round took 5.273686ms
Round took 5.512461ms
Round took 4.678295ms
Round took 5.181558ms
Round took 5.660208ms
Round took 4.331655ms
Round took 5.267549ms
Round took 4.71523ms
Round took 6.312723ms
Round took 3.885356ms
Round took 5.230836ms
Round took 5.317702ms
Round took 5.189703ms
Round took 5.173804ms
Round took 4.82428ms
Round took 5.320552ms
Round took 4.716488ms
Round took 4.926931ms
Round took 5.287556ms
Round took 5.338941ms
Round took 5.492778ms
Round took 4.181019ms
Round took 4.987731ms
Round took 5.74251ms
Round took 4.195093ms
Round took 5.492302ms
Round took 4.696994ms
Round took 5.464502ms
Round took 4.781525ms
Round took 4.984109ms
Round took 5.872997ms
Round took 4.128053ms
Round took 5.180325ms
Round took 4.987721ms
Round took 5.629715ms
Round took 4.549869ms
Round took 5.217367ms
Round took 4.795947ms
Round took 5.43719ms
Round took 4.9012ms
Round took 5.376914ms
Round took 5.098962ms
Round took 4.943254ms
Round took 4.844472ms
Round took 5.256867ms
Round took 5.406465ms
Round took 4.535769ms
Round took 4.616063ms
Round took 4.890448ms
Round took 5.109892ms
Round took 5.108009ms
Round took 4.842065ms
Round took 5.259181ms
Round took 5.164058ms
Round took 4.986593ms
Round took 4.922559ms
Round took 6.025233ms
Round took 4.505327ms
Round took 4.843892ms
Round took 5.096149ms
Round took 5.264444ms
Round took 4.757949ms
Round took 5.061833ms
Round took 5.490464ms
Round took 4.88944ms
Round took 5.001667ms
Round took 4.92741ms
Round took 4.943612ms
Round took 5.221983ms
Round took 4.895467ms
Round took 5.25458ms
Round took 5.430266ms
Round took 4.708306ms
Round took 4.908732ms
Round took 5.320359ms
Round took 4.811231ms
Round took 4.987212ms
Round took 4.970923ms
Round took 5.344631ms
Round took 4.690969ms
Round took 5.188049ms
Round took 4.802595ms
Round took 6.621572ms
Round took 4.765805ms
Round took 4.205709ms
Round took 5.174376ms
Round took 5.721948ms
Round took 4.359166ms
Round took 4.886268ms
Round took 5.179499ms
Round took 5.066558ms
Round took 5.325814ms
Round took 4.901189ms
Round took 5.436701ms
Round took 4.914913ms
Round took 5.077303ms
Round took 6.04363ms
Round took 4.061056ms
Round took 5.022451ms
Round took 5.132227ms
Round took 4.766914ms
Round took 5.752666ms
Round took 4.561792ms
Round took 5.095218ms
Round took 5.754947ms
Round took 4.328241ms
Round took 4.887148ms
Round took 5.376922ms
Round took 6.75495ms
Round took 4.317151ms
Round took 5.267131ms
Round took 6.062432ms
Round took 5.043727ms
Round took 5.706709ms
Round took 4.549273ms
Round took 4.151358ms
Round took 4.987193ms
Round took 4.351359ms
Round took 5.316248ms
Round took 4.611628ms
Round took 4.949028ms
Round took 5.319493ms
Round took 5.243346ms
Round took 5.011864ms
Round took 4.635492ms
Round took 5.287261ms
Round took 5.131586ms
Round took 4.646063ms
Round took 4.589625ms
Round took 5.071186ms
Round took 5.847192ms
Round took 4.509119ms
Round took 4.919348ms
Round took 5.775934ms
Round took 5.267826ms
Round took 4.736526ms
Round took 5.024727ms
Round took 5.850287ms
Round took 4.280861ms
Round took 5.486421ms
Round took 4.613859ms
Round took 5.572314ms
Round took 4.744408ms
Round took 4.928249ms
Round took 5.326623ms
Round took 4.820687ms
Round took 4.885035ms
Round took 5.328544ms
Round took 5.185951ms
Round took 4.701394ms
Round took 4.65305ms
Round took 5.119839ms
Round took 6.066031ms
Round took 4.068201ms
Round took 5.012554ms
Round took 5.222735ms
Round took 4.970105ms
Round took 5.228974ms
Round took 4.970761ms
Round took 6.107302ms
Round took 5.536518ms
Round took 4.793829ms
Round took 4.992607ms
Round took 4.370363ms
Round took 4.690393ms
Round took 4.305055ms
Round took 5.283117ms
Round took 5.898192ms
Round took 4.817051ms
Round took 4.753957ms
Round took 4.60773ms
Round took 5.493046ms
Round took 4.844963ms
Round took 5.010272ms
Round took 5.633901ms
Round took 4.563006ms
Round took 5.378934ms
Round took 4.475329ms
Round took 5.746517ms
Round took 4.867788ms
Round took 5.314983ms
Round took 5.299958ms
Round took 4.398656ms
Round took 5.279843ms
Round took 5.005481ms
Round took 5.978595ms
Round took 4.449462ms
Round took 5.136307ms
Round took 5.631666ms
Round took 4.617237ms
Round took 5.351323ms
Round took 4.301751ms
Round took 6.046835ms
Round took 4.493513ms
Round took 4.624657ms
Round took 4.997317ms
Round took 5.690694ms
Round took 5.292505ms
Round took 4.445071ms
Round took 5.110456ms
Round took 5.064784ms
Round took 4.980945ms
Round took 5.013681ms
Round took 5.9777ms
Round took 4.339009ms
Round took 5.074937ms
Round took 4.72208ms
Round took 5.954461ms
Round took 5.197669ms
Round took 4.784628ms
Round took 4.784106ms
Round took 5.519461ms
Round took 4.578746ms
Round took 5.502514ms
Round took 5.343889ms
Round took 4.269098ms
Round took 5.075584ms
Round took 4.953193ms
Round took 5.233218ms
Round took 4.925646ms
Round took 4.497193ms
Round took 4.994198ms
Round took 5.334247ms
Round took 5.10424ms
Round took 4.909224ms
Round took 5.413095ms
Round took 4.817976ms
Round took 5.670775ms
Round took 4.345868ms
Round took 6.043465ms
Round took 4.950708ms
Round took 4.945113ms
Round took 4.638588ms
Round took 5.764877ms
Round took 4.118717ms
Round took 5.361446ms
Round took 4.752267ms
Round took 5.104426ms
Round took 5.940186ms
Round took 4.719681ms
Round took 5.919789ms
Round took 3.951314ms
Round took 4.966218ms
Round took 4.880101ms
Round took 5.56393ms
Round took 5.18197ms
Round took 4.467962ms
Round took 5.039087ms
Round took 5.124033ms
Round took 4.910229ms
Round took 4.84267ms
Round took 5.277063ms
Round took 5.096674ms
Round took 4.899088ms
Round took 5.265633ms
Round took 5.08135ms
Round took 4.997711ms
Round took 4.793532ms
Round took 4.910694ms
Round took 5.502057ms
Round took 4.818911ms
Round took 4.742765ms
Round took 4.88406ms
Round took 5.09641ms
Round took 5.217192ms
Round took 5.017547ms
Round took 5.427441ms
Round took 5.516844ms
Round took 4.182084ms
Round took 5.156495ms
Round took 5.313045ms
Round took 5.101845ms
Round took 4.837936ms
Round took 5.126535ms
Round took 7.179904ms
Round took 4.475189ms
Round took 4.563668ms
Round took 3.908574ms
Round took 5.279908ms
Round took 5.134828ms
Round took 5.632165ms
Round took 4.993177ms
Round took 5.643683ms
Round took 4.410028ms
Round took 6.60373ms
Round took 4.50083ms
Round took 4.96073ms
Round took 5.131929ms
Round took 5.140924ms
Round took 4.960691ms
Round took 5.165564ms
Round took 5.391133ms
Round took 4.759182ms
Round took 5.288605ms
Round took 4.969769ms
Round took 5.600345ms
Round took 4.386039ms
Round took 4.917054ms
Round took 5.55079ms
Round took 5.151355ms
Round took 4.99476ms
Round took 5.167391ms
Round took 5.971791ms
Round took 5.58499ms
Round took 5.213762ms
Round took 5.09818ms
Round took 5.189179ms
Round took 4.680486ms
Round took 3.746991ms
Round took 7.577205ms
Round took 3.993182ms
Round took 6.212289ms
Round took 4.625259ms
Round took 8.556998ms
Round took 4.176735ms
Round took 5.965111ms
Round took 4.653566ms
Round took 5.085858ms
Round took 3.533983ms
Round took 5.287244ms
Round took 5.949977ms
Round took 4.655519ms
Round took 5.00173ms
Round took 5.100423ms
Round took 5.040835ms
Round took 5.876817ms
Round took 6.062233ms
Round took 4.14446ms
Round took 5.271835ms
Round took 4.663795ms
Round took 4.999444ms
Round took 5.517082ms
Round took 4.459355ms
Round took 5.027255ms
Round took 4.88985ms
Round took 4.943847ms
Round took 5.187875ms
Round took 5.149932ms
Round took 5.819699ms
Round took 4.158459ms
Round took 5.336599ms
Round took 4.7395ms
Round took 5.253593ms
Round took 5.080452ms
Round took 4.751227ms
Round took 5.038449ms
Round took 5.367795ms
Round took 4.765607ms
Round took 4.568827ms
Round took 6.02967ms
Round took 4.374525ms
Round took 5.423919ms
Round took 4.990217ms
Round took 5.378534ms
Round took 5.133021ms
Round took 4.689321ms
Round took 5.461084ms
Round took 5.176433ms
Round took 5.153893ms
Round took 5.113159ms
Round took 4.96699ms
Round took 4.81772ms
Round took 5.04521ms
Round took 5.291684ms
Round took 5.563223ms
Round took 4.850883ms
Round took 4.755401ms
Round took 4.263932ms
Round took 6.288993ms
Round took 5.056167ms
Round took 6.008188ms
Round took 5.509969ms
Round took 4.141572ms
Round took 4.485852ms
Round took 4.74886ms
Round took 5.724447ms
Round took 4.743102ms
Round took 5.125992ms
Round took 6.395278ms
Round took 4.330152ms
Round took 5.175581ms
Round took 5.197334ms
Round took 4.955976ms
Round took 5.200024ms
Round took 4.77901ms
Round took 5.668927ms
Round took 4.669534ms
Round took 5.341315ms
Round took 4.74658ms
Round took 4.989139ms
Round took 5.09192ms
Round took 5.15043ms
Round took 5.787682ms
Round took 4.517189ms
Round took 5.075031ms
Round took 4.999127ms
Round took 4.971984ms
Round took 5.151367ms
Round took 5.263512ms
Round took 4.744928ms
Round took 5.15674ms
Round took 5.181869ms
Round took 5.053945ms
Round took 5.417439ms
Round took 5.296491ms
Round took 3.387957ms
Round took 4.939926ms
Test took 5.126431638s
Successful: 10000
