Uniform distribution
2021/04/16 21:40:47 The leader is replica 0
Round took 5.460066ms
Round took 7.39539ms
Round took 5.815753ms
Round took 6.35309ms
Round took 6.544013ms
Round took 4.874149ms
Round took 5.540234ms
Round took 5.112509ms
Round took 4.864661ms
Round took 5.086453ms
Round took 5.045941ms
Round took 5.121974ms
Round took 4.930157ms
Round took 5.166119ms
Round took 5.127485ms
Round took 5.312135ms
Round took 4.972969ms
Round took 5.110531ms
Round took 4.655524ms
Round took 5.210226ms
Round took 5.178377ms
Round took 5.000285ms
Round took 4.83203ms
Round took 5.01405ms
Round took 4.997903ms
Round took 5.03803ms
Round took 5.032202ms
Round took 5.294327ms
Round took 5.589948ms
Round took 4.621366ms
Round took 5.171812ms
Round took 5.344222ms
Round took 4.876263ms
Round took 5.054635ms
Round took 4.920998ms
Round took 5.13016ms
Round took 5.053007ms
Round took 5.114823ms
Round took 6.948343ms
Round took 4.047274ms
Round took 5.169997ms
Round took 5.471384ms
Round took 5.257028ms
Round took 4.355873ms
Round took 5.16692ms
Round took 5.569978ms
Round took 4.49564ms
Round took 5.247639ms
Round took 4.755892ms
Round took 6.035566ms
Round took 5.741ms
Round took 6.648801ms
Round took 5.839773ms
Round took 6.517701ms
Round took 7.201435ms
Round took 8.527164ms
Round took 3.993909ms
Round took 4.007329ms
Round took 5.973791ms
Round took 5.155352ms
Round took 4.272263ms
Round took 4.861692ms
Round took 4.902372ms
Round took 4.787024ms
Round took 5.033175ms
Round took 5.340044ms
Round took 5.219083ms
Round took 5.595829ms
Round took 5.037281ms
Round took 4.889943ms
Round took 5.298735ms
Round took 5.008315ms
Round took 4.599347ms
Round took 5.314029ms
Round took 5.69762ms
Round took 4.736665ms
Round took 4.510755ms
Round took 4.955113ms
Round took 5.3996ms
Round took 4.903159ms
Round took 5.074879ms
Round took 5.757852ms
Round took 4.332109ms
Round took 5.160726ms
Round took 4.767678ms
Round took 6.258216ms
Round took 4.813443ms
Round took 4.919788ms
Round took 6.683849ms
Round took 7.01155ms
Round took 7.885248ms
Round took 7.067787ms
Round took 3.789722ms
Round took 3.609608ms
Round took 7.033959ms
Round took 5.972719ms
Round took 5.928659ms
Round took 4.492015ms
Round took 5.717092ms
Round took 4.544502ms
Round took 5.137136ms
Round took 4.503546ms
Round took 7.424208ms
Round took 4.709704ms
Round took 5.660183ms
Round took 4.825867ms
Round took 3.669646ms
Round took 3.967913ms
Round took 5.775745ms
Round took 5.891838ms
Round took 5.033142ms
Round took 4.918293ms
Round took 5.240306ms
Round took 4.420159ms
Round took 5.644704ms
Round took 4.06697ms
Round took 5.665169ms
Round took 6.886351ms
Round took 5.776229ms
Round took 5.328795ms
Round took 5.492962ms
Round took 5.184323ms
Round took 4.747278ms
Round took 5.106299ms
Round took 5.283424ms
Round took 4.750328ms
Round took 4.969327ms
Round took 5.216371ms
Round took 5.021705ms
Round took 5.374989ms
Round took 4.541556ms
Round took 5.520022ms
Round took 5.495249ms
Round took 4.694399ms
Round took 5.8727ms
Round took 4.936613ms
Round took 5.207786ms
Round took 4.63805ms
Round took 5.475777ms
Round took 6.336408ms
Round took 5.530753ms
Round took 5.167176ms
Round took 4.609675ms
Round took 4.74118ms
Round took 6.274758ms
Round took 6.396773ms
Round took 5.357668ms
Round took 4.929839ms
Round took 4.934502ms
Round took 5.263151ms
Round took 4.978418ms
Round took 4.901672ms
Round took 5.317382ms
Round took 5.150396ms
Round took 4.957922ms
Round took 5.203522ms
Round took 5.367495ms
Round took 5.834135ms
Round took 4.220234ms
Round took 5.208691ms
Round took 5.878496ms
Round took 4.986618ms
Round took 5.137538ms
Round took 4.884884ms
Round took 5.057209ms
Round took 4.900459ms
Round took 5.040222ms
Round took 5.368511ms
Round took 5.011688ms
Round took 4.922143ms
Round took 5.605587ms
Round took 5.177156ms
Round took 4.546322ms
Round took 5.022331ms
Round took 5.839463ms
Round took 4.89335ms
Round took 5.224698ms
Round took 4.524772ms
Round took 5.556594ms
Round took 5.221049ms
Round took 5.399218ms
Round took 5.011223ms
Round took 5.554978ms
Round took 4.274234ms
Round took 4.510823ms
Round took 5.380105ms
Round took 5.073796ms
Round took 4.800767ms
Round took 5.151304ms
Round took 5.824784ms
Round took 4.746703ms
Round took 4.720786ms
Round took 4.613894ms
Round took 5.845768ms
Round took 6.163489ms
Round took 6.264605ms
Round took 5.080378ms
Round took 5.575617ms
Round took 3.821783ms
Round took 3.476667ms
Round took 4.879699ms
Round took 4.623413ms
Round took 5.508794ms
Round took 5.8121ms
Round took 4.719074ms
Round took 3.990863ms
Round took 5.527165ms
Round took 5.428813ms
Round took 4.768017ms
Round took 4.961317ms
Round took 4.60062ms
Round took 6.498935ms
Round took 4.717005ms
Round took 5.753013ms
Round took 4.517514ms
Round took 5.079901ms
Round took 5.079316ms
Round took 5.944083ms
Round took 4.770348ms
Round took 5.039193ms
Round took 5.693273ms
Round took 6.039312ms
Round took 5.514056ms
Round took 4.659711ms
Round took 5.246985ms
Round took 4.916495ms
Round took 5.207294ms
Round took 5.007296ms
Round took 5.134021ms
Round took 5.544708ms
Round took 5.01615ms
Round took 4.610804ms
Round took 5.157298ms
Round took 6.059383ms
Round took 4.213226ms
Round took 4.770895ms
Round took 5.264136ms
Round took 5.281793ms
Round took 5.192022ms
Round took 4.928047ms
Round took 5.764481ms
Round took 5.065457ms
Round took 5.001028ms
Round took 4.679068ms
Round took 6.069149ms
Round took 4.777833ms
Round took 5.032968ms
Round took 5.364287ms
Round took 5.190782ms
Round took 4.920901ms
Round took 5.331992ms
Round took 5.769425ms
Round took 4.674468ms
Round took 4.586271ms
Round took 5.735607ms
Round took 4.945794ms
Round took 4.713547ms
Round took 5.905702ms
Round took 4.606565ms
Round took 5.166093ms
Round took 4.744064ms
Round took 5.03094ms
Round took 5.493299ms
Round took 5.544625ms
Round took 4.747644ms
Round took 5.611117ms
Round took 5.138717ms
Round took 4.629617ms
Round took 4.542792ms
Round took 5.457683ms
Round took 5.441374ms
Round took 5.510728ms
Round took 4.687095ms
Round took 5.351178ms
Round took 5.020811ms
Round took 6.008049ms
Round took 6.547704ms
Round took 4.556269ms
Round took 5.32503ms
Round took 5.013669ms
Round took 5.274084ms
Round took 5.088518ms
Round took 4.855853ms
Round took 6.99485ms
Round took 4.068091ms
Round took 5.199676ms
Round took 4.817198ms
Round took 5.432633ms
Round took 4.912187ms
Round took 4.860123ms
Round took 5.950128ms
Round took 4.602407ms
Round took 5.097729ms
Round took 4.799375ms
Round took 5.345341ms
Round took 5.162555ms
Round took 5.104808ms
Round took 5.680545ms
Round took 4.050473ms
Round took 5.266659ms
Round took 4.982788ms
Round took 5.267761ms
Round took 4.611827ms
Round took 5.445777ms
Round took 5.401048ms
Round took 4.471976ms
Round took 6.275223ms
Round took 6.403995ms
Round took 5.251473ms
Round took 4.271656ms
Round took 4.150003ms
Round took 5.108912ms
Round took 5.452836ms
Round took 4.695524ms
Round took 5.830336ms
Round took 5.287693ms
Round took 5.313817ms
Round took 4.563969ms
Round took 5.649384ms
Round took 4.516107ms
Round took 5.129278ms
Round took 5.3985ms
Round took 4.850881ms
Round took 5.409551ms
Round took 4.878616ms
Round took 6.903238ms
Round took 4.542056ms
Round took 4.22824ms
Round took 4.758806ms
Round took 6.341002ms
Round took 5.833245ms
Round took 4.984208ms
Round took 5.249426ms
Round took 5.168135ms
Round took 4.674488ms
Round took 5.253235ms
Round took 5.106531ms
Round took 5.024041ms
Round took 5.335494ms
Round took 4.807322ms
Round took 5.087181ms
Round took 5.143787ms
Round took 5.057718ms
Round took 5.353597ms
Round took 4.802328ms
Round took 5.653684ms
Round took 4.834436ms
Round took 4.798307ms
Round took 5.669257ms
Round took 4.811367ms
Round took 4.715501ms
Round took 5.153585ms
Round took 5.459366ms
Round took 5.014021ms
Round took 5.486312ms
Round took 5.125099ms
Round took 5.490526ms
Round took 5.138616ms
Round took 4.978461ms
Round took 5.040083ms
Round took 5.734191ms
Round took 6.020361ms
Round took 4.676281ms
Round took 4.896036ms
Round took 5.625166ms
Round took 4.073651ms
Round took 6.300141ms
Round took 3.785706ms
Round took 6.055518ms
Round took 7.266029ms
Round took 4.656049ms
Round took 5.211352ms
Round took 4.922345ms
Round took 5.084722ms
Round took 5.271867ms
Round took 5.135721ms
Round took 4.988866ms
Round took 5.061851ms
Round took 5.314225ms
Round took 4.656792ms
Round took 5.200196ms
Round took 4.997721ms
Round took 4.928295ms
Round took 4.987233ms
Round took 5.701167ms
Round took 5.029855ms
Round took 5.392188ms
Round took 4.635966ms
Round took 5.194914ms
Round took 5.174879ms
Round took 5.071121ms
Round took 5.143278ms
Round took 5.305738ms
Round took 4.56985ms
Round took 5.145992ms
Round took 5.172868ms
Round took 5.148479ms
Round took 4.972167ms
Round took 5.77817ms
Round took 5.230295ms
Round took 5.128867ms
Round took 5.54762ms
Round took 5.055652ms
Round took 5.279297ms
Round took 4.294546ms
Round took 6.280753ms
Round took 5.299263ms
Round took 4.94631ms
Round took 5.405177ms
Round took 4.812238ms
Round took 4.771736ms
Round took 4.791708ms
Round took 6.301336ms
Round took 3.857145ms
Round took 4.984709ms
Round took 5.78372ms
Round took 5.199004ms
Round took 4.940546ms
Round took 6.324358ms
Round took 6.041729ms
Round took 4.877754ms
Round took 5.488658ms
Round took 4.738313ms
Round took 5.134364ms
Round took 5.466908ms
Round took 4.580715ms
Round took 5.221759ms
Round took 5.120969ms
Round took 5.344255ms
Round took 4.504266ms
Round took 5.233605ms
Round took 5.389047ms
Round took 4.918108ms
Round took 5.078553ms
Round took 4.739492ms
Round took 6.063465ms
Round took 5.002267ms
Round took 4.956197ms
Round took 5.98574ms
Round took 4.349365ms
Round took 5.049055ms
Round took 4.706485ms
Round took 5.400492ms
Round took 5.408482ms
Round took 5.398721ms
Round took 5.68711ms
Round took 4.347182ms
Round took 5.164044ms
Round took 5.157909ms
Round took 5.759502ms
Round took 4.952832ms
Round took 5.006082ms
Round took 7.14145ms
Round took 5.630183ms
Round took 4.693869ms
Round took 3.577225ms
Round took 18.902006ms
Round took 5.661397ms
Round took 4.56303ms
Round took 4.856925ms
Round took 6.013387ms
Round took 6.778219ms
Round took 4.260879ms
Round took 5.319353ms
Round took 3.502961ms
Round took 5.003366ms
Round took 6.692661ms
Round took 5.543018ms
Round took 5.746266ms
Round took 3.458625ms
Round took 3.475078ms
Round took 6.43842ms
Round took 4.844677ms
Round took 5.550514ms
Round took 5.532813ms
Round took 6.437926ms
Round took 4.803626ms
Round took 5.091031ms
Round took 5.006509ms
Round took 5.0119ms
Round took 5.260568ms
Round took 4.949687ms
Round took 5.031742ms
Round took 5.01089ms
Round took 5.114332ms
Round took 5.01411ms
Round took 5.509252ms
Round took 4.800536ms
Round took 5.086051ms
Round took 4.951734ms
Round took 5.232459ms
Round took 5.231597ms
Round took 4.720254ms
Round took 5.79851ms
Round took 4.876052ms
Round took 4.709977ms
Round took 5.376523ms
Round took 5.107809ms
Round took 5.243595ms
Round took 4.598846ms
Round took 5.215154ms
Round took 6.23571ms
Round took 4.202414ms
Round took 4.556117ms
Round took 5.304629ms
Round took 5.267088ms
Round took 4.92964ms
Round took 5.240199ms
Round took 5.069811ms
Round took 4.958439ms
Round took 4.647858ms
Round took 5.114698ms
Round took 5.107833ms
Round took 5.161273ms
Round took 4.989641ms
Round took 5.134228ms
Round took 5.461911ms
Round took 4.69589ms
Round took 5.211243ms
Round took 5.472648ms
Round took 4.877841ms
Round took 5.027423ms
Round took 4.775157ms
Round took 4.898443ms
Round took 5.223953ms
Round took 4.848998ms
Round took 5.23498ms
Round took 4.992307ms
Round took 4.944299ms
Round took 4.884322ms
Round took 5.437703ms
Round took 6.077711ms
Round took 4.532125ms
Round took 4.998988ms
Round took 5.709313ms
Round took 4.920258ms
Round took 4.457658ms
Round took 7.035115ms
Round took 3.55316ms
Round took 5.247757ms
Round took 4.593609ms
Round took 6.13929ms
Round took 4.841352ms
Round took 4.332487ms
Round took 5.484859ms
Round took 5.166972ms
Round took 4.845716ms
Round took 4.94452ms
Round took 6.042418ms
Round took 4.671074ms
Round took 5.14333ms
Round took 5.237828ms
Round took 5.268598ms
Round took 4.96246ms
Round took 4.409963ms
Round took 5.325314ms
Round took 5.429882ms
Round took 5.134224ms
Round took 5.249479ms
Round took 4.81247ms
Round took 4.804765ms
Round took 5.353336ms
Round took 4.543408ms
Round took 5.497111ms
Round took 5.135543ms
Round took 4.414539ms
Round took 6.879653ms
Round took 3.727083ms
Round took 4.914424ms
Round took 4.476879ms
Round took 5.48128ms
Round took 5.01918ms
Round took 4.725839ms
Round took 5.8198ms
Round took 4.330751ms
Round took 5.905222ms
Round took 4.836707ms
Round took 6.122795ms
Round took 5.159623ms
Round took 4.465213ms
Round took 4.520052ms
Round took 5.769932ms
Round took 4.47864ms
Round took 4.994913ms
Round took 6.650261ms
Round took 6.375195ms
Round took 5.09243ms
Round took 4.843724ms
Round took 5.803804ms
Round took 4.795155ms
Round took 4.927421ms
Round took 5.371224ms
Round took 4.740035ms
Round took 6.182729ms
Round took 4.416838ms
Round took 5.283827ms
Round took 4.83607ms
Round took 5.440333ms
Round took 4.517263ms
Round took 5.576579ms
Round took 4.781291ms
Round took 5.305979ms
Round took 4.861159ms
Round took 6.984386ms
Round took 4.813368ms
Round took 4.643149ms
Round took 5.536982ms
Round took 5.173733ms
Round took 4.796692ms
Round took 6.288289ms
Round took 5.049677ms
Round took 4.890169ms
Round took 6.93601ms
Round took 5.34467ms
Round took 5.118312ms
Round took 5.049096ms
Round took 4.927289ms
Round took 5.207308ms
Round took 4.862213ms
Round took 4.923617ms
Round took 5.102047ms
Round took 5.233765ms
Round took 5.003809ms
Round took 5.50118ms
Round took 5.973958ms
Round took 4.523548ms
Round took 4.910729ms
Round took 5.103853ms
Round took 6.316932ms
Round took 4.236199ms
Round took 4.994389ms
Round took 5.259447ms
Round took 5.173409ms
Round took 5.119259ms
Round took 4.478129ms
Round took 5.322287ms
Round took 5.344789ms
Round took 4.371915ms
Round took 5.687377ms
Round took 5.159973ms
Round took 4.671228ms
Round took 5.509538ms
Round took 5.346214ms
Round took 4.39538ms
Round took 5.212098ms
Round took 4.631067ms
Round took 6.344669ms
Round took 3.87496ms
Round took 5.211308ms
Round took 6.240306ms
Round took 4.415398ms
Round took 5.170852ms
Round took 4.679551ms
Round took 5.27433ms
Round took 4.854768ms
Round took 4.988676ms
Round took 6.966196ms
Round took 6.910045ms
Round took 4.241639ms
Round took 5.03565ms
Round took 5.718917ms
Round took 4.492369ms
Round took 5.434014ms
Round took 4.747142ms
Round took 5.310309ms
Round took 5.058507ms
Round took 4.983427ms
Round took 4.968121ms
Round took 5.035395ms
Round took 5.170544ms
Round took 5.038672ms
Round took 5.597286ms
Round took 4.847191ms
Round took 4.831739ms
Round took 4.912285ms
Round took 5.574976ms
Round took 4.903881ms
Round took 5.275002ms
Round took 4.941794ms
Round took 5.00446ms
Round took 5.165476ms
Round took 5.254564ms
Round took 5.441504ms
Round took 5.286571ms
Round took 4.557242ms
Round took 4.983979ms
Round took 5.846178ms
Round took 4.717886ms
Round took 4.917817ms
Round took 5.742471ms
Round took 4.621337ms
Round took 5.053263ms
Round took 4.911432ms
Round took 6.066584ms
Round took 4.562728ms
Round took 4.821591ms
Round took 4.938164ms
Round took 5.222428ms
Round took 4.68082ms
Round took 5.069754ms
Round took 6.237641ms
Round took 4.211558ms
Round took 4.981272ms
Round took 4.780243ms
Round took 5.017079ms
Round took 4.985351ms
Round took 4.976369ms
Round took 5.412849ms
Round took 5.516602ms
Round took 4.676448ms
Round took 4.920541ms
Round took 5.333877ms
Round took 4.758596ms
Round took 5.03337ms
Round took 4.979684ms
Round took 6.621143ms
Round took 3.715923ms
Round took 5.169493ms
Round took 4.754418ms
Round took 6.595828ms
Round took 5.138463ms
Round took 4.210192ms
Round took 5.857757ms
Round took 4.943868ms
Round took 4.596933ms
Round took 4.928808ms
Round took 6.444877ms
Round took 4.245764ms
Round took 6.650432ms
Round took 3.562319ms
Round took 5.299465ms
Round took 4.919976ms
Round took 5.438431ms
Round took 5.880558ms
Round took 4.06086ms
Round took 5.452483ms
Round took 4.625274ms
Round took 5.280658ms
Round took 4.665054ms
Round took 5.329495ms
Round took 5.482057ms
Round took 5.54703ms
Round took 5.021049ms
Round took 3.927063ms
Round took 5.430279ms
Round took 4.719501ms
Round took 5.479562ms
Round took 5.704627ms
Round took 6.088471ms
Round took 5.303043ms
Round took 4.802543ms
Round took 5.687918ms
Round took 5.088205ms
Round took 4.460257ms
Round took 5.324927ms
Round took 5.082847ms
Round took 5.0813ms
Round took 5.090601ms
Round took 5.016249ms
Round took 5.263882ms
Round took 4.713454ms
Round took 5.39917ms
Round took 4.692221ms
Round took 5.177785ms
Round took 5.124832ms
Round took 5.074577ms
Round took 5.924695ms
Round took 4.433519ms
Round took 5.015785ms
Round took 5.450729ms
Round took 5.084575ms
Round took 4.718063ms
Round took 5.046891ms
Round took 5.211564ms
Round took 4.80148ms
Round took 5.620069ms
Round took 4.689445ms
Round took 5.556217ms
Round took 4.675734ms
Round took 4.927512ms
Round took 5.165067ms
Round took 5.093369ms
Round took 5.074773ms
Round took 5.213414ms
Round took 5.329213ms
Round took 5.345413ms
Round took 4.579093ms
Round took 5.155439ms
Round took 6.999326ms
Round took 4.040918ms
Round took 4.964688ms
Round took 5.964351ms
Round took 4.282541ms
Round took 5.020775ms
Round took 4.908235ms
Round took 6.512825ms
Round took 5.154844ms
Round took 5.007755ms
Round took 4.997066ms
Round took 3.429207ms
Round took 5.538889ms
Round took 4.328922ms
Round took 5.570678ms
Round took 5.656079ms
Round took 4.945095ms
Round took 4.785768ms
Round took 4.450833ms
Round took 5.443181ms
Round took 4.813428ms
Round took 5.116084ms
Round took 5.528754ms
Round took 4.60661ms
Round took 5.370394ms
Round took 4.396202ms
Round took 5.710209ms
Round took 5.007378ms
Round took 5.278112ms
Round took 5.35399ms
Round took 4.457312ms
Round took 5.284412ms
Round took 5.713997ms
Round took 5.593097ms
Round took 4.234909ms
Round took 5.385455ms
Round took 5.543214ms
Round took 4.597464ms
Round took 5.347609ms
Round took 4.269799ms
Round took 6.214522ms
Round took 4.55178ms
Round took 4.844045ms
Round took 6.742916ms
Round took 4.540137ms
Round took 5.754799ms
Round took 3.750487ms
Round took 5.421888ms
Round took 4.898771ms
Round took 5.116803ms
Round took 5.947106ms
Round took 4.954459ms
Round took 4.744304ms
Round took 5.303387ms
Round took 5.955275ms
Round took 6.748593ms
Round took 4.742171ms
Round took 4.863311ms
Round took 5.5091ms
Round took 4.843895ms
Round took 5.503259ms
Round took 4.833983ms
Round took 4.744997ms
Round took 5.170067ms
Round took 4.962508ms
Round took 4.997286ms
Round took 6.325394ms
Round took 4.507062ms
Round took 5.022797ms
Round took 5.515422ms
Round took 5.028785ms
Round took 4.902267ms
Round took 5.447932ms
Round took 4.811157ms
Round took 5.576703ms
Round took 4.292898ms
Round took 6.035251ms
Round took 5.006601ms
Round took 4.973283ms
Round took 4.786265ms
Round took 5.686387ms
Round took 4.10141ms
Round took 5.307517ms
Round took 5.050011ms
Round took 4.734571ms
Round took 5.958584ms
Round took 4.631202ms
Round took 5.960754ms
Round took 4.046731ms
Round took 5.277209ms
Round took 4.886224ms
Round took 5.527753ms
Round took 5.287593ms
Round took 4.463677ms
Round took 6.477153ms
Round took 3.702576ms
Round took 5.01144ms
Round took 4.679409ms
Round took 5.214697ms
Round took 5.188864ms
Round took 4.91009ms
Round took 5.822095ms
Round took 5.29337ms
Round took 4.6096ms
Round took 5.297411ms
Round took 4.765367ms
Round took 5.224299ms
Round took 5.000585ms
Round took 5.007297ms
Round took 4.921251ms
Round took 4.81919ms
Round took 4.676506ms
Round took 4.903374ms
Round took 5.904985ms
Round took 5.306283ms
Round took 4.606119ms
Round took 5.416663ms
Round took 5.329252ms
Round took 5.213599ms
Round took 5.158407ms
Round took 6.487927ms
Round took 5.668665ms
Round took 4.668261ms
Round took 4.505826ms
Round took 3.857938ms
Round took 5.218246ms
Round took 5.230794ms
Round took 6.160663ms
Round took 4.921847ms
Round took 6.665989ms
Round took 6.662044ms
Round took 4.803406ms
Round took 4.951114ms
Round took 5.011436ms
Round took 5.117542ms
Round took 4.912819ms
Round took 5.111941ms
Round took 5.003244ms
Round took 5.205111ms
Round took 5.433352ms
Round took 4.99396ms
Round took 6.033665ms
Round took 4.374999ms
Round took 4.873189ms
Round took 5.551012ms
Round took 4.899121ms
Round took 5.033005ms
Round took 5.132579ms
Round took 5.955609ms
Round took 5.642457ms
Round took 5.162036ms
Round took 5.036735ms
Round took 5.16078ms
Round took 4.695801ms
Round took 3.798195ms
Round took 5.290823ms
Round took 5.199691ms
Round took 5.687777ms
Round took 4.906921ms
Round took 7.281883ms
Round took 6.122325ms
Round took 4.123997ms
Round took 4.684161ms
Round took 4.728944ms
Round took 4.369107ms
Round took 3.641718ms
Round took 5.785905ms
Round took 5.229462ms
Round took 4.446615ms
Round took 4.942658ms
Round took 5.805952ms
Round took 3.722933ms
Round took 6.26383ms
Round took 5.509313ms
Round took 4.073017ms
Round took 5.308481ms
Round took 4.797908ms
Round took 5.066606ms
Round took 5.717331ms
Round took 6.473522ms
Round took 5.457759ms
Round took 5.008853ms
Round took 5.160153ms
Round took 5.099586ms
Round took 5.228539ms
Round took 4.789071ms
Round took 5.410908ms
Round took 4.822135ms
Round took 5.391769ms
Round took 5.084024ms
Round took 4.78387ms
Round took 5.051873ms
Round took 5.379711ms
Round took 4.850383ms
Round took 4.615026ms
Round took 5.754869ms
Round took 4.56829ms
Round took 5.285712ms
Round took 4.970033ms
Round took 5.137725ms
Round took 5.632009ms
Round took 4.691484ms
Round took 5.349645ms
Round took 5.206755ms
Round took 5.016543ms
Round took 5.050797ms
Round took 5.092273ms
Round took 6.596202ms
Round took 4.966802ms
Round took 6.652164ms
Round took 4.651179ms
Round took 5.213302ms
Test took 5.204937091s
Successful: 10000
