Uniform distribution
2021/04/16 21:40:47 The leader is replica 0
Round took 6.798413ms
Round took 6.978717ms
Round took 6.474623ms
Round took 4.108764ms
Round took 5.680698ms
Round took 4.877346ms
Round took 5.681956ms
Round took 5.119019ms
Round took 4.849707ms
Round took 5.200422ms
Round took 4.72414ms
Round took 4.796362ms
Round took 5.172685ms
Round took 5.61517ms
Round took 5.016727ms
Round took 4.912889ms
Round took 5.393094ms
Round took 4.86622ms
Round took 4.84557ms
Round took 5.168791ms
Round took 5.473967ms
Round took 4.957895ms
Round took 4.546078ms
Round took 4.957626ms
Round took 5.43486ms
Round took 4.817388ms
Round took 5.032559ms
Round took 5.18946ms
Round took 4.864085ms
Round took 5.182147ms
Round took 4.863105ms
Round took 5.397423ms
Round took 5.172762ms
Round took 4.836973ms
Round took 5.273851ms
Round took 6.597607ms
Round took 8.112236ms
Round took 7.117536ms
Round took 4.851237ms
Round took 3.957791ms
Round took 6.746297ms
Round took 5.516064ms
Round took 6.602266ms
Round took 4.321703ms
Round took 5.686153ms
Round took 5.454703ms
Round took 4.851535ms
Round took 4.464996ms
Round took 6.309421ms
Round took 5.784028ms
Round took 4.891096ms
Round took 5.739799ms
Round took 4.311861ms
Round took 3.881032ms
Round took 5.781631ms
Round took 5.769932ms
Round took 5.080048ms
Round took 5.033851ms
Round took 4.648051ms
Round took 5.754062ms
Round took 5.118075ms
Round took 3.973694ms
Round took 5.871156ms
Round took 6.833076ms
Round took 5.541388ms
Round took 4.748164ms
Round took 6.08474ms
Round took 5.287402ms
Round took 4.763912ms
Round took 5.099835ms
Round took 5.277297ms
Round took 4.814901ms
Round took 4.967531ms
Round took 5.177833ms
Round took 5.060581ms
Round took 5.109938ms
Round took 4.834835ms
Round took 5.28275ms
Round took 5.068946ms
Round took 4.939683ms
Round took 5.340137ms
Round took 5.783391ms
Round took 5.206613ms
Round took 4.658917ms
Round took 4.81549ms
Round took 5.725788ms
Round took 5.112311ms
Round took 5.495973ms
Round took 4.725383ms
Round took 4.912405ms
Round took 5.010383ms
Round took 4.977294ms
Round took 5.63543ms
Round took 4.842697ms
Round took 5.093995ms
Round took 5.544766ms
Round took 4.507598ms
Round took 4.695856ms
Round took 4.872359ms
Round took 5.753462ms
Round took 4.864831ms
Round took 4.26453ms
Round took 5.21648ms
Round took 5.618443ms
Round took 4.552418ms
Round took 4.439837ms
Round took 5.201851ms
Round took 5.828512ms
Round took 5.148474ms
Round took 5.022564ms
Round took 4.800712ms
Round took 5.323683ms
Round took 5.02892ms
Round took 5.099383ms
Round took 5.342355ms
Round took 4.645697ms
Round took 4.557165ms
Round took 5.308467ms
Round took 5.50776ms
Round took 4.576695ms
Round took 4.734191ms
Round took 5.005972ms
Round took 5.266123ms
Round took 5.339613ms
Round took 4.560063ms
Round took 5.061171ms
Round took 5.486354ms
Round took 5.155046ms
Round took 4.664935ms
Round took 6.03357ms
Round took 4.380111ms
Round took 4.512947ms
Round took 5.470386ms
Round took 5.114172ms
Round took 4.793919ms
Round took 4.971313ms
Round took 5.217783ms
Round took 5.460169ms
Round took 5.407436ms
Round took 4.746738ms
Round took 5.927598ms
Round took 5.33931ms
Round took 6.84378ms
Round took 4.853352ms
Round took 5.045847ms
Round took 4.531845ms
Round took 3.794276ms
Round took 4.100781ms
Round took 5.911784ms
Round took 5.558885ms
Round took 5.663272ms
Round took 4.670887ms
Round took 4.101226ms
Round took 5.499809ms
Round took 4.502005ms
Round took 5.545438ms
Round took 4.629523ms
Round took 4.57912ms
Round took 5.260755ms
Round took 5.074465ms
Round took 5.433776ms
Round took 4.473621ms
Round took 4.955583ms
Round took 5.068578ms
Round took 4.99761ms
Round took 4.982355ms
Round took 5.601533ms
Round took 5.205123ms
Round took 4.376915ms
Round took 5.103502ms
Round took 5.590528ms
Round took 4.514269ms
Round took 5.476321ms
Round took 4.647412ms
Round took 5.221902ms
Round took 5.025528ms
Round took 5.240065ms
Round took 5.294435ms
Round took 5.068581ms
Round took 4.693003ms
Round took 5.168073ms
Round took 5.989324ms
Round took 4.364459ms
Round took 4.847417ms
Round took 5.325995ms
Round took 4.946038ms
Round took 4.781702ms
Round took 5.096785ms
Round took 5.657935ms
Round took 5.184051ms
Round took 4.898409ms
Round took 4.775376ms
Round took 6.006042ms
Round took 4.792238ms
Round took 5.602326ms
Round took 4.801603ms
Round took 5.111639ms
Round took 4.977013ms
Round took 5.366008ms
Round took 4.934425ms
Round took 4.533476ms
Round took 4.656551ms
Round took 5.724832ms
Round took 4.938089ms
Round took 4.628612ms
Round took 5.781974ms
Round took 4.574239ms
Round took 5.071811ms
Round took 4.709255ms
Round took 4.818237ms
Round took 5.780365ms
Round took 5.499144ms
Round took 4.930763ms
Round took 5.645381ms
Round took 4.96408ms
Round took 4.097123ms
Round took 4.597052ms
Round took 5.501882ms
Round took 5.330208ms
Round took 5.021993ms
Round took 4.638293ms
Round took 5.713207ms
Round took 5.018017ms
Round took 4.794099ms
Round took 5.304198ms
Round took 5.329503ms
Round took 4.425873ms
Round took 5.30716ms
Round took 5.070213ms
Round took 4.921853ms
Round took 4.592798ms
Round took 4.779997ms
Round took 6.329859ms
Round took 4.127963ms
Round took 5.197107ms
Round took 4.778161ms
Round took 5.425004ms
Round took 4.880525ms
Round took 4.880992ms
Round took 5.927974ms
Round took 4.639453ms
Round took 5.121017ms
Round took 4.801619ms
Round took 5.391572ms
Round took 4.771286ms
Round took 5.129257ms
Round took 5.667248ms
Round took 4.418485ms
Round took 5.253549ms
Round took 4.983919ms
Round took 5.277937ms
Round took 4.544045ms
Round took 5.328937ms
Round took 4.843363ms
Round took 4.986015ms
Round took 5.999818ms
Round took 6.361039ms
Round took 4.820034ms
Round took 3.970361ms
Round took 4.186952ms
Round took 4.885717ms
Round took 5.708729ms
Round took 4.678853ms
Round took 4.768037ms
Round took 5.045638ms
Round took 5.638808ms
Round took 4.513729ms
Round took 5.026812ms
Round took 5.051904ms
Round took 5.34259ms
Round took 4.864872ms
Round took 5.426884ms
Round took 5.198333ms
Round took 4.784382ms
Round took 5.519135ms
Round took 5.95526ms
Round took 4.145392ms
Round took 4.591327ms
Round took 4.994985ms
Round took 5.076242ms
Round took 5.487521ms
Round took 4.96097ms
Round took 5.255809ms
Round took 5.179993ms
Round took 4.684338ms
Round took 5.217619ms
Round took 5.089096ms
Round took 5.130646ms
Round took 5.372922ms
Round took 4.640805ms
Round took 5.284456ms
Round took 4.846412ms
Round took 5.026126ms
Round took 5.448101ms
Round took 5.931246ms
Round took 4.870287ms
Round took 4.889146ms
Round took 5.022629ms
Round took 5.284982ms
Round took 4.877154ms
Round took 4.718203ms
Round took 5.432197ms
Round took 5.267083ms
Round took 4.908687ms
Round took 5.75594ms
Round took 5.041272ms
Round took 5.241682ms
Round took 5.719912ms
Round took 4.423197ms
Round took 4.677176ms
Round took 6.002946ms
Round took 5.457766ms
Round took 4.91548ms
Round took 4.850331ms
Round took 5.62821ms
Round took 4.543326ms
Round took 4.979602ms
Round took 4.269097ms
Round took 6.069022ms
Round took 4.733662ms
Round took 5.659653ms
Round took 4.351362ms
Round took 5.919819ms
Round took 4.747728ms
Round took 4.870177ms
Round took 6.116156ms
Round took 4.156563ms
Round took 4.287542ms
Round took 4.996037ms
Round took 6.256708ms
Round took 4.22458ms
Round took 5.487991ms
Round took 4.433676ms
Round took 5.195166ms
Round took 4.775962ms
Round took 5.490694ms
Round took 5.106107ms
Round took 5.358871ms
Round took 4.834903ms
Round took 4.927318ms
Round took 5.650178ms
Round took 4.75844ms
Round took 4.654542ms
Round took 4.797815ms
Round took 4.517095ms
Round took 5.626824ms
Round took 4.657409ms
Round took 5.181738ms
Round took 4.916109ms
Round took 5.763553ms
Round took 4.591381ms
Round took 4.932019ms
Round took 5.71637ms
Round took 4.652277ms
Round took 5.428021ms
Round took 4.310743ms
Round took 5.776506ms
Round took 4.962001ms
Round took 4.993906ms
Round took 5.440858ms
Round took 4.736188ms
Round took 4.681014ms
Round took 4.396269ms
Round took 5.980374ms
Round took 4.821936ms
Round took 5.03049ms
Round took 5.243679ms
Round took 5.197005ms
Round took 4.890173ms
Round took 5.224071ms
Round took 5.39146ms
Round took 5.707192ms
Round took 3.65331ms
Round took 5.826588ms
Round took 4.591893ms
Round took 4.905967ms
Round took 5.550235ms
Round took 4.643766ms
Round took 5.686232ms
Round took 4.69662ms
Round took 5.461246ms
Round took 4.237286ms
Round took 5.590579ms
Round took 5.018567ms
Round took 4.913366ms
Round took 5.880525ms
Round took 4.39247ms
Round took 4.86152ms
Round took 5.043781ms
Round took 5.180095ms
Round took 4.997831ms
Round took 4.523498ms
Round took 5.12236ms
Round took 4.724087ms
Round took 5.243619ms
Round took 5.436549ms
Round took 5.573553ms
Round took 5.255236ms
Round took 4.205384ms
Round took 5.096781ms
Round took 4.704445ms
Round took 5.866796ms
Round took 5.076497ms
Round took 4.99168ms
Round took 6.965822ms
Round took 5.243768ms
Round took 5.180538ms
Round took 3.731934ms
Round took 18.383217ms
Round took 5.148079ms
Round took 5.820827ms
Round took 4.834954ms
Round took 5.926903ms
Round took 6.13586ms
Round took 4.437728ms
Round took 5.703572ms
Round took 3.715294ms
Round took 4.954077ms
Round took 6.52952ms
Round took 5.573632ms
Round took 5.965968ms
Round took 3.443697ms
Round took 3.436501ms
Round took 6.378962ms
Round took 4.888174ms
Round took 5.738996ms
Round took 4.620595ms
Round took 5.148706ms
Round took 5.057264ms
Round took 5.147594ms
Round took 4.934512ms
Round took 4.251982ms
Round took 4.881487ms
Round took 5.014759ms
Round took 5.249476ms
Round took 4.441968ms
Round took 4.984112ms
Round took 4.457103ms
Round took 4.813699ms
Round took 5.526665ms
Round took 4.86726ms
Round took 5.05632ms
Round took 5.461883ms
Round took 5.155163ms
Round took 5.285016ms
Round took 4.458543ms
Round took 5.68516ms
Round took 4.656728ms
Round took 4.76235ms
Round took 6.020196ms
Round took 4.565636ms
Round took 4.800663ms
Round took 4.576046ms
Round took 6.124179ms
Round took 5.344557ms
Round took 4.284602ms
Round took 4.527447ms
Round took 5.389211ms
Round took 4.941243ms
Round took 4.906024ms
Round took 5.216487ms
Round took 5.248905ms
Round took 4.776479ms
Round took 4.526225ms
Round took 5.13909ms
Round took 5.152614ms
Round took 5.13361ms
Round took 5.045437ms
Round took 5.582255ms
Round took 4.795641ms
Round took 4.607632ms
Round took 5.200613ms
Round took 5.455282ms
Round took 4.866315ms
Round took 5.064958ms
Round took 4.802183ms
Round took 5.325226ms
Round took 5.154827ms
Round took 4.830675ms
Round took 5.485918ms
Round took 4.785006ms
Round took 4.898028ms
Round took 4.85674ms
Round took 5.455191ms
Round took 5.912564ms
Round took 4.513818ms
Round took 5.033468ms
Round took 5.463625ms
Round took 4.614594ms
Round took 4.512021ms
Round took 6.310484ms
Round took 3.888322ms
Round took 5.329676ms
Round took 4.606336ms
Round took 6.189523ms
Round took 4.204582ms
Round took 4.842301ms
Round took 5.41527ms
Round took 5.454017ms
Round took 4.870829ms
Round took 5.012936ms
Round took 4.996973ms
Round took 5.136386ms
Round took 5.204206ms
Round took 4.788358ms
Round took 5.66649ms
Round took 5.073874ms
Round took 4.377238ms
Round took 5.187772ms
Round took 5.593302ms
Round took 5.109611ms
Round took 4.588407ms
Round took 5.504663ms
Round took 4.697299ms
Round took 5.354516ms
Round took 4.256623ms
Round took 4.992143ms
Round took 4.995324ms
Round took 5.144013ms
Round took 5.143148ms
Round took 5.127511ms
Round took 4.912418ms
Round took 4.923855ms
Round took 5.165781ms
Round took 5.355615ms
Round took 4.622591ms
Round took 5.328882ms
Round took 4.899573ms
Round took 5.89046ms
Round took 4.457372ms
Round took 5.406542ms
Round took 5.375272ms
Round took 4.465947ms
Round took 4.653141ms
Round took 4.972362ms
Round took 5.281629ms
Round took 5.013421ms
Round took 4.951801ms
Round took 4.918559ms
Round took 5.505898ms
Round took 5.109119ms
Round took 4.833071ms
Round took 6.249619ms
Round took 4.636962ms
Round took 4.984028ms
Round took 5.328189ms
Round took 4.782309ms
Round took 5.090262ms
Round took 4.451165ms
Round took 5.370967ms
Round took 5.03077ms
Round took 5.251471ms
Round took 4.604888ms
Round took 5.327774ms
Round took 5.004016ms
Round took 5.306043ms
Round took 4.797963ms
Round took 6.020327ms
Round took 4.848946ms
Round took 4.659788ms
Round took 6.172724ms
Round took 4.557259ms
Round took 4.399801ms
Round took 5.376795ms
Round took 4.801161ms
Round took 5.113967ms
Round took 5.229506ms
Round took 4.709908ms
Round took 5.770281ms
Round took 5.101793ms
Round took 5.086942ms
Round took 4.929675ms
Round took 5.196246ms
Round took 5.166671ms
Round took 4.559191ms
Round took 5.090078ms
Round took 5.257785ms
Round took 4.726974ms
Round took 5.066708ms
Round took 5.837911ms
Round took 4.536264ms
Round took 4.930164ms
Round took 5.055024ms
Round took 5.581786ms
Round took 4.816941ms
Round took 4.98308ms
Round took 5.290194ms
Round took 4.912971ms
Round took 5.253535ms
Round took 4.454131ms
Round took 5.47882ms
Round took 5.225634ms
Round took 4.424388ms
Round took 5.287691ms
Round took 5.490055ms
Round took 4.635766ms
Round took 5.1263ms
Round took 4.953932ms
Round took 4.94256ms
Round took 5.339279ms
Round took 4.723869ms
Round took 6.330969ms
Round took 3.770392ms
Round took 5.268341ms
Round took 5.298582ms
Round took 5.189609ms
Round took 5.228281ms
Round took 4.843568ms
Round took 5.563236ms
Round took 4.651205ms
Round took 4.915984ms
Round took 5.442139ms
Round took 5.404527ms
Round took 5.527129ms
Round took 4.236037ms
Round took 4.984839ms
Round took 5.738488ms
Round took 4.554357ms
Round took 5.50675ms
Round took 4.732463ms
Round took 5.380667ms
Round took 4.841965ms
Round took 4.954111ms
Round took 5.891278ms
Round took 4.106696ms
Round took 5.219582ms
Round took 4.914639ms
Round took 5.50979ms
Round took 4.666888ms
Round took 5.206032ms
Round took 5.262454ms
Round took 4.874432ms
Round took 4.934369ms
Round took 5.480106ms
Round took 4.880786ms
Round took 5.010073ms
Round took 5.246925ms
Round took 5.659745ms
Round took 4.993517ms
Round took 4.575019ms
Round took 4.450167ms
Round took 5.185528ms
Round took 4.882101ms
Round took 5.052194ms
Round took 4.876141ms
Round took 5.762643ms
Round took 4.649763ms
Round took 4.972966ms
Round took 4.946699ms
Round took 6.056116ms
Round took 4.560064ms
Round took 4.801699ms
Round took 5.028404ms
Round took 5.399354ms
Round took 4.613931ms
Round took 5.084871ms
Round took 6.260661ms
Round took 4.233148ms
Round took 5.014055ms
Round took 4.730122ms
Round took 5.068511ms
Round took 5.233573ms
Round took 4.922362ms
Round took 5.982501ms
Round took 4.625132ms
Round took 4.61086ms
Round took 5.074079ms
Round took 5.665269ms
Round took 4.835918ms
Round took 5.028054ms
Round took 5.014556ms
Round took 5.929046ms
Round took 3.780583ms
Round took 5.174747ms
Round took 4.718651ms
Round took 6.627486ms
Round took 5.157733ms
Round took 4.265324ms
Round took 5.818012ms
Round took 4.939153ms
Round took 4.603369ms
Round took 4.884821ms
Round took 5.608454ms
Round took 4.363221ms
Round took 5.295328ms
Round took 4.718577ms
Round took 5.482809ms
Round took 4.908602ms
Round took 5.132663ms
Round took 6.122436ms
Round took 3.987176ms
Round took 5.139802ms
Round took 4.901205ms
Round took 5.028382ms
Round took 5.368688ms
Round took 4.929518ms
Round took 5.560408ms
Round took 5.533712ms
Round took 4.289276ms
Round took 4.805707ms
Round took 5.632805ms
Round took 5.857769ms
Round took 5.418073ms
Round took 5.66987ms
Round took 6.0871ms
Round took 5.276402ms
Round took 4.794275ms
Round took 4.770224ms
Round took 4.281468ms
Round took 5.187527ms
Round took 4.329508ms
Round took 4.815976ms
Round took 4.740013ms
Round took 5.112721ms
Round took 5.755966ms
Round took 5.016557ms
Round took 5.104938ms
Round took 5.071644ms
Round took 5.155173ms
Round took 4.588741ms
Round took 4.873878ms
Round took 5.402735ms
Round took 5.469398ms
Round took 5.164252ms
Round took 4.396406ms
Round took 5.226895ms
Round took 5.279311ms
Round took 5.340264ms
Round took 4.975048ms
Round took 4.942821ms
Round took 5.19269ms
Round took 4.272708ms
Round took 5.972986ms
Round took 4.015006ms
Round took 5.383664ms
Round took 4.817835ms
Round took 5.274523ms
Round took 4.896712ms
Round took 4.603691ms
Round took 5.085375ms
Round took 5.593767ms
Round took 5.100343ms
Round took 4.73798ms
Round took 4.601179ms
Round took 5.420603ms
Round took 5.269751ms
Round took 4.228415ms
Round took 4.912677ms
Round took 5.990342ms
Round took 4.248862ms
Round took 4.988078ms
Round took 4.852733ms
Round took 6.696627ms
Round took 4.937437ms
Round took 4.992589ms
Round took 4.675675ms
Round took 4.151022ms
Round took 4.700141ms
Round took 4.304642ms
Round took 5.300639ms
Round took 5.84097ms
Round took 4.930636ms
Round took 4.761385ms
Round took 4.518199ms
Round took 5.490338ms
Round took 4.779593ms
Round took 5.038569ms
Round took 5.584596ms
Round took 4.618906ms
Round took 5.344712ms
Round took 4.443511ms
Round took 5.742256ms
Round took 4.865744ms
Round took 5.323852ms
Round took 5.281509ms
Round took 4.431163ms
Round took 5.286864ms
Round took 5.13592ms
Round took 5.858172ms
Round took 4.485322ms
Round took 5.249238ms
Round took 5.742347ms
Round took 4.555517ms
Round took 5.303668ms
Round took 4.268539ms
Round took 6.084657ms
Round took 4.404025ms
Round took 4.72671ms
Round took 4.885973ms
Round took 5.513558ms
Round took 5.220863ms
Round took 4.467836ms
Round took 5.133376ms
Round took 5.312204ms
Round took 5.015766ms
Round took 5.225513ms
Round took 5.488569ms
Round took 4.4921ms
Round took 5.04617ms
Round took 4.710082ms
Round took 5.971629ms
Round took 5.174632ms
Round took 4.822841ms
Round took 4.766426ms
Round took 5.534364ms
Round took 4.544684ms
Round took 5.555211ms
Round took 5.404127ms
Round took 4.331576ms
Round took 5.138734ms
Round took 4.933825ms
Round took 5.274961ms
Round took 5.039551ms
Round took 4.375242ms
Round took 5.005444ms
Round took 5.460991ms
Round took 5.096524ms
Round took 4.896931ms
Round took 5.586292ms
Round took 4.702508ms
Round took 5.596874ms
Round took 4.30064ms
Round took 6.052214ms
Round took 4.959447ms
Round took 5.004872ms
Round took 4.734732ms
Round took 5.742066ms
Round took 4.078098ms
Round took 5.259623ms
Round took 5.254759ms
Round took 4.801473ms
Round took 6.012648ms
Round took 4.65825ms
Round took 5.963092ms
Round took 4.0333ms
Round took 5.317261ms
Round took 5.309154ms
Round took 5.357635ms
Round took 5.396308ms
Round took 4.384109ms
Round took 5.650239ms
Round took 3.871742ms
Round took 5.023768ms
Round took 4.759484ms
Round took 5.254026ms
Round took 5.223396ms
Round took 4.902568ms
Round took 5.746288ms
Round took 4.690749ms
Round took 4.913082ms
Round took 4.5243ms
Round took 4.917226ms
Round took 5.413719ms
Round took 4.940866ms
Round took 4.880565ms
Round took 4.832459ms
Round took 6.138ms
Round took 4.765212ms
Round took 4.901006ms
Round took 5.71037ms
Round took 5.393128ms
Round took 4.619938ms
Round took 5.377946ms
Round took 4.825613ms
Round took 4.913121ms
Round took 4.983937ms
Round took 6.390133ms
Round took 5.990891ms
Round took 4.821793ms
Round took 4.476599ms
Round took 3.396855ms
Round took 5.268453ms
Round took 4.696524ms
Round took 5.898862ms
Round took 4.91999ms
Round took 5.69809ms
Round took 3.978594ms
Round took 6.564006ms
Round took 4.497329ms
Round took 4.893827ms
Round took 5.582732ms
Round took 4.591062ms
Round took 4.901088ms
Round took 5.12951ms
Round took 5.438626ms
Round took 4.668132ms
Round took 5.09397ms
Round took 4.964687ms
Round took 5.594432ms
Round took 4.43742ms
Round took 4.861477ms
Round took 5.942543ms
Round took 4.661234ms
Round took 4.970736ms
Round took 5.173013ms
Round took 6.015278ms
Round took 5.52853ms
Round took 5.193326ms
Round took 5.104046ms
Round took 5.255802ms
Round took 4.630271ms
Round took 3.765627ms
Round took 6.773926ms
Round took 3.989515ms
Round took 6.306129ms
Round took 4.443829ms
Round took 8.175295ms
Round took 4.569668ms
Round took 4.607949ms
Round took 4.568857ms
Round took 4.763772ms
Round took 4.249571ms
Round took 3.57724ms
Round took 5.872555ms
Round took 5.190857ms
Round took 4.666101ms
Round took 5.220264ms
Round took 5.81159ms
Round took 3.56227ms
Round took 5.762035ms
Round took 6.176018ms
Round took 4.077516ms
Round took 5.316967ms
Round took 4.816407ms
Round took 4.977679ms
Round took 5.679286ms
Round took 5.691838ms
Round took 4.561568ms
Round took 4.484274ms
Round took 4.499184ms
Round took 5.295181ms
Round took 5.419804ms
Round took 5.814583ms
Round took 4.203096ms
Round took 5.601224ms
Round took 4.324485ms
Round took 5.025583ms
Round took 5.125952ms
Round took 5.20953ms
Round took 6.473144ms
Round took 4.463926ms
Round took 5.310388ms
Round took 4.184086ms
Round took 5.502782ms
Round took 4.154015ms
Round took 5.853687ms
Round took 5.432522ms
Round took 4.732961ms
Round took 5.608895ms
Round took 4.184732ms
Round took 5.069738ms
Round took 4.63298ms
Round took 5.265734ms
Round took 5.325922ms
Round took 4.640123ms
Round took 4.780178ms
Round took 4.774969ms
Round took 5.485809ms
Round took 5.296272ms
Round took 4.928651ms
Round took 4.669236ms
Round took 5.126396ms
Round took 5.626206ms
Round took 4.642601ms
Round took 6.130301ms
Round took 5.549525ms
Round took 4.171188ms
Round took 4.427026ms
Round took 5.489588ms
Round took 5.079353ms
Round took 4.673478ms
Round took 5.179519ms
Round took 6.455101ms
Round took 4.445834ms
Round took 6.390199ms
Round took 3.677337ms
Round took 4.921001ms
Round took 5.247652ms
Round took 4.782767ms
Round took 5.644138ms
Round took 4.682474ms
Round took 5.666541ms
Round took 5.001874ms
Round took 4.40721ms
Round took 5.125896ms
Round took 5.115697ms
Round took 5.847347ms
Round took 4.561235ms
Round took 5.023718ms
Round took 5.2906ms
Round took 4.614219ms
Round took 5.236312ms
Round took 5.15943ms
Round took 6.911412ms
Round took 3.533043ms
Round took 5.210127ms
Round took 5.56811ms
Round took 5.196166ms
Round took 5.816329ms
Round took 3.308941ms
Test took 5.122668769s
Successful: 10000
