Uniform distribution
2021/04/16 21:40:47 The leader is replica 0
Round took 5.172292ms
Round took 1.811723ms
Round took 6.790422ms
Round took 3.509606ms
Round took 8.841033ms
Round took 6.702812ms
Round took 6.851979ms
Round took 3.427634ms
Round took 5.173768ms
Round took 4.297252ms
Round took 5.084581ms
Round took 5.103749ms
Round took 4.831081ms
Round took 5.11925ms
Round took 5.028674ms
Round took 5.122972ms
Round took 5.213124ms
Round took 5.113943ms
Round took 5.17002ms
Round took 4.878294ms
Round took 5.240317ms
Round took 5.187969ms
Round took 5.174293ms
Round took 4.878844ms
Round took 5.056275ms
Round took 5.023656ms
Round took 5.097188ms
Round took 4.987721ms
Round took 5.277074ms
Round took 5.553427ms
Round took 4.258873ms
Round took 5.178175ms
Round took 5.352216ms
Round took 4.835077ms
Round took 5.080008ms
Round took 5.045635ms
Round took 5.07402ms
Round took 5.109286ms
Round took 5.210112ms
Round took 6.886891ms
Round took 4.051404ms
Round took 5.17841ms
Round took 5.536126ms
Round took 5.078459ms
Round took 4.516124ms
Round took 5.182024ms
Round took 5.483932ms
Round took 4.50813ms
Round took 5.219444ms
Round took 4.806318ms
Round took 6.311373ms
Round took 5.615476ms
Round took 6.689096ms
Round took 5.781916ms
Round took 6.634465ms
Round took 6.973154ms
Round took 8.764785ms
Round took 3.931922ms
Round took 4.012938ms
Round took 5.812759ms
Round took 5.100548ms
Round took 4.102059ms
Round took 4.946535ms
Round took 4.872156ms
Round took 4.846891ms
Round took 5.265512ms
Round took 5.257613ms
Round took 5.194126ms
Round took 5.57691ms
Round took 5.039482ms
Round took 4.899571ms
Round took 5.365992ms
Round took 5.031127ms
Round took 4.737456ms
Round took 5.264773ms
Round took 5.717167ms
Round took 4.737653ms
Round took 4.522381ms
Round took 4.946003ms
Round took 5.393553ms
Round took 4.935792ms
Round took 5.062661ms
Round took 5.724167ms
Round took 4.395187ms
Round took 5.150066ms
Round took 4.703135ms
Round took 6.39343ms
Round took 4.812317ms
Round took 4.893174ms
Round took 6.782158ms
Round took 7.077454ms
Round took 7.846484ms
Round took 6.995124ms
Round took 3.788755ms
Round took 3.574204ms
Round took 7.074092ms
Round took 5.986102ms
Round took 5.901462ms
Round took 4.510006ms
Round took 5.752604ms
Round took 4.51875ms
Round took 5.143639ms
Round took 4.826562ms
Round took 7.80343ms
Round took 4.755978ms
Round took 5.299732ms
Round took 4.650142ms
Round took 3.636519ms
Round took 3.918363ms
Round took 5.811984ms
Round took 5.793241ms
Round took 5.112642ms
Round took 4.927413ms
Round took 5.624529ms
Round took 4.031239ms
Round took 5.624658ms
Round took 4.249668ms
Round took 7.453538ms
Round took 6.988072ms
Round took 4.795483ms
Round took 4.385984ms
Round took 5.443781ms
Round took 5.162489ms
Round took 4.795487ms
Round took 5.087381ms
Round took 5.276287ms
Round took 4.773559ms
Round took 5.01459ms
Round took 5.196366ms
Round took 6.133391ms
Round took 5.15383ms
Round took 4.509923ms
Round took 5.582336ms
Round took 4.446892ms
Round took 4.953782ms
Round took 7.152116ms
Round took 4.262251ms
Round took 5.174066ms
Round took 6.286142ms
Round took 5.929026ms
Round took 5.239549ms
Round took 5.293532ms
Round took 4.670559ms
Round took 5.16835ms
Round took 5.027231ms
Round took 4.989903ms
Round took 5.584429ms
Round took 5.184046ms
Round took 4.974928ms
Round took 4.813123ms
Round took 5.295682ms
Round took 4.961371ms
Round took 4.901465ms
Round took 5.321865ms
Round took 5.520407ms
Round took 4.56744ms
Round took 5.252043ms
Round took 5.471933ms
Round took 4.931128ms
Round took 4.542152ms
Round took 5.153984ms
Round took 5.844481ms
Round took 5.007732ms
Round took 5.101633ms
Round took 4.974327ms
Round took 5.469799ms
Round took 4.783727ms
Round took 5.096774ms
Round took 5.329781ms
Round took 4.949127ms
Round took 4.950644ms
Round took 5.432554ms
Round took 5.263339ms
Round took 4.519195ms
Round took 5.067382ms
Round took 5.953307ms
Round took 4.908662ms
Round took 5.232375ms
Round took 4.497374ms
Round took 5.56309ms
Round took 5.331761ms
Round took 5.448769ms
Round took 5.035372ms
Round took 5.593994ms
Round took 4.277975ms
Round took 4.500325ms
Round took 5.405169ms
Round took 5.160798ms
Round took 4.710677ms
Round took 5.245319ms
Round took 5.772304ms
Round took 4.499117ms
Round took 5.521767ms
Round took 4.034681ms
Round took 6.108831ms
Round took 6.422429ms
Round took 5.973908ms
Round took 5.106894ms
Round took 5.313505ms
Round took 3.799341ms
Round took 4.39541ms
Round took 6.495505ms
Round took 5.49006ms
Round took 5.061944ms
Round took 5.264363ms
Round took 4.369237ms
Round took 5.448706ms
Round took 4.658934ms
Round took 5.365544ms
Round took 5.11768ms
Round took 4.642894ms
Round took 5.228981ms
Round took 5.056363ms
Round took 5.385073ms
Round took 5.499706ms
Round took 5.252192ms
Round took 4.934769ms
Round took 4.8501ms
Round took 5.333767ms
Round took 5.286358ms
Round took 5.259788ms
Round took 4.395446ms
Round took 5.137973ms
Round took 5.799496ms
Round took 4.384758ms
Round took 5.529715ms
Round took 5.161801ms
Round took 4.664143ms
Round took 5.115992ms
Round took 5.244988ms
Round took 5.584418ms
Round took 4.946226ms
Round took 4.645457ms
Round took 5.530151ms
Round took 5.623406ms
Round took 4.332621ms
Round took 4.813194ms
Round took 5.164544ms
Round took 6.449087ms
Round took 5.449273ms
Round took 5.262927ms
Round took 5.029591ms
Round took 6.295072ms
Round took 5.106356ms
Round took 6.453722ms
Round took 4.771844ms
Round took 4.931489ms
Round took 5.146359ms
Round took 6.055039ms
Round took 4.686251ms
Round took 5.309063ms
Round took 6.198001ms
Round took 4.875727ms
Round took 4.580444ms
Round took 5.710846ms
Round took 4.94136ms
Round took 4.737736ms
Round took 6.791612ms
Round took 4.568325ms
Round took 5.17105ms
Round took 5.110304ms
Round took 4.478456ms
Round took 5.369832ms
Round took 7.227248ms
Round took 5.176767ms
Round took 5.26594ms
Round took 4.843739ms
Round took 4.733607ms
Round took 5.358656ms
Round took 5.433857ms
Round took 5.083667ms
Round took 4.690032ms
Round took 5.300116ms
Round took 5.401162ms
Round took 4.932432ms
Round took 4.970781ms
Round took 6.067811ms
Round took 4.258606ms
Round took 5.318979ms
Round took 5.073375ms
Round took 5.879413ms
Round took 4.788395ms
Round took 4.798002ms
Round took 6.377665ms
Round took 4.17177ms
Round took 5.257256ms
Round took 4.95265ms
Round took 5.218502ms
Round took 4.851084ms
Round took 4.939053ms
Round took 6.016897ms
Round took 4.614313ms
Round took 5.063539ms
Round took 4.71291ms
Round took 5.88662ms
Round took 4.808624ms
Round took 5.05404ms
Round took 5.761435ms
Round took 4.333644ms
Round took 5.222769ms
Round took 4.951001ms
Round took 5.283062ms
Round took 4.614383ms
Round took 5.496372ms
Round took 7.403254ms
Round took 6.624164ms
Round took 5.751867ms
Round took 5.358832ms
Round took 4.781361ms
Round took 4.106448ms
Round took 4.882885ms
Round took 5.698493ms
Round took 5.536413ms
Round took 4.833132ms
Round took 5.083854ms
Round took 5.611614ms
Round took 4.532982ms
Round took 4.979223ms
Round took 5.300987ms
Round took 5.044705ms
Round took 4.903097ms
Round took 5.376206ms
Round took 5.335557ms
Round took 4.82594ms
Round took 6.488248ms
Round took 4.943642ms
Round took 4.118235ms
Round took 4.684793ms
Round took 5.031208ms
Round took 5.720907ms
Round took 4.744202ms
Round took 4.973665ms
Round took 5.38853ms
Round took 4.937229ms
Round took 4.631835ms
Round took 5.170846ms
Round took 5.642191ms
Round took 4.659012ms
Round took 5.331425ms
Round took 4.600332ms
Round took 5.327596ms
Round took 4.871103ms
Round took 5.055486ms
Round took 6.014469ms
Round took 4.148676ms
Round took 5.388137ms
Round took 4.947571ms
Round took 4.987616ms
Round took 5.282259ms
Round took 4.909291ms
Round took 4.698879ms
Round took 5.475912ms
Round took 5.269163ms
Round took 4.9079ms
Round took 5.638177ms
Round took 5.012344ms
Round took 5.25398ms
Round took 5.591829ms
Round took 5.677787ms
Round took 6.288767ms
Round took 5.110151ms
Round took 5.300225ms
Round took 5.709845ms
Round took 4.915242ms
Round took 4.582909ms
Round took 5.254396ms
Round took 5.246385ms
Round took 4.96657ms
Round took 4.674636ms
Round took 6.382525ms
Round took 4.442539ms
Round took 4.37505ms
Round took 4.976582ms
Round took 5.07286ms
Round took 5.399012ms
Round took 4.803411ms
Round took 5.07542ms
Round took 5.20142ms
Round took 5.42967ms
Round took 4.744044ms
Round took 6.330693ms
Round took 4.292684ms
Round took 4.855904ms
Round took 5.238464ms
Round took 5.496411ms
Round took 5.059712ms
Round took 5.347724ms
Round took 5.212ms
Round took 4.513775ms
Round took 5.176981ms
Round took 5.238546ms
Round took 5.251216ms
Round took 5.216623ms
Round took 4.545611ms
Round took 5.698863ms
Round took 4.643871ms
Round took 5.217696ms
Round took 4.909161ms
Round took 5.711023ms
Round took 4.490431ms
Round took 4.95519ms
Round took 5.730338ms
Round took 4.669594ms
Round took 5.396583ms
Round took 4.270757ms
Round took 5.878256ms
Round took 5.033085ms
Round took 5.01197ms
Round took 5.633057ms
Round took 4.505051ms
Round took 4.795634ms
Round took 4.734959ms
Round took 6.429235ms
Round took 4.030288ms
Round took 4.895201ms
Round took 6.451099ms
Round took 4.087574ms
Round took 4.939262ms
Round took 5.219749ms
Round took 5.753513ms
Round took 5.362726ms
Round took 4.16164ms
Round took 6.1742ms
Round took 4.649958ms
Round took 4.38543ms
Round took 5.765762ms
Round took 4.472258ms
Round took 5.398011ms
Round took 4.654571ms
Round took 5.832633ms
Round took 3.834119ms
Round took 5.585896ms
Round took 4.985911ms
Round took 5.592393ms
Round took 5.279103ms
Round took 4.39015ms
Round took 4.88988ms
Round took 5.284709ms
Round took 4.823612ms
Round took 5.34112ms
Round took 4.809951ms
Round took 6.001248ms
Round took 3.941784ms
Round took 5.312766ms
Round took 7.194161ms
Round took 6.2126ms
Round took 4.412846ms
Round took 5.188407ms
Round took 4.65026ms
Round took 6.051324ms
Round took 5.058491ms
Round took 5.013246ms
Round took 6.927655ms
Round took 5.376925ms
Round took 5.097999ms
Round took 3.64116ms
Round took 18.317923ms
Round took 4.632286ms
Round took 5.606618ms
Round took 4.81854ms
Round took 5.877407ms
Round took 5.926796ms
Round took 4.871139ms
Round took 5.527989ms
Round took 3.764867ms
Round took 4.937175ms
Round took 5.784315ms
Round took 5.953049ms
Round took 5.25554ms
Round took 4.451839ms
Round took 3.4835ms
Round took 6.162299ms
Round took 5.107477ms
Round took 5.167002ms
Round took 4.994266ms
Round took 5.486666ms
Round took 5.050773ms
Round took 4.983476ms
Round took 5.059475ms
Round took 5.131407ms
Round took 4.922545ms
Round took 5.001856ms
Round took 5.141913ms
Round took 4.145207ms
Round took 5.144136ms
Round took 5.583927ms
Round took 4.637957ms
Round took 5.447752ms
Round took 4.993508ms
Round took 5.573622ms
Round took 4.426442ms
Round took 5.091119ms
Round took 6.00773ms
Round took 3.816707ms
Round took 4.879866ms
Round took 4.778807ms
Round took 4.694051ms
Round took 6.446235ms
Round took 4.243083ms
Round took 5.165511ms
Round took 4.430289ms
Round took 6.976208ms
Round took 4.606335ms
Round took 4.291897ms
Round took 4.782928ms
Round took 5.137402ms
Round took 4.925316ms
Round took 4.833665ms
Round took 6.063653ms
Round took 4.420827ms
Round took 5.119764ms
Round took 4.160049ms
Round took 5.302206ms
Round took 5.006753ms
Round took 5.278274ms
Round took 5.751403ms
Round took 5.517881ms
Round took 4.81163ms
Round took 4.535049ms
Round took 5.40244ms
Round took 5.273869ms
Round took 4.955265ms
Round took 6.024148ms
Round took 3.781125ms
Round took 4.459716ms
Round took 5.474237ms
Round took 5.037546ms
Round took 5.146339ms
Round took 5.015427ms
Round took 4.863409ms
Round took 5.020649ms
Round took 5.233835ms
Round took 5.920493ms
Round took 4.865023ms
Round took 5.25323ms
Round took 4.878066ms
Round took 5.079051ms
Round took 4.996033ms
Round took 5.748003ms
Round took 3.874488ms
Round took 5.30924ms
Round took 4.963601ms
Round took 5.735568ms
Round took 4.812143ms
Round took 5.583508ms
Round took 5.064772ms
Round took 5.297242ms
Round took 5.053386ms
Round took 5.42985ms
Round took 4.845479ms
Round took 4.588143ms
Round took 5.926469ms
Round took 4.524095ms
Round took 5.155696ms
Round took 4.95594ms
Round took 4.835058ms
Round took 4.789462ms
Round took 5.379614ms
Round took 5.660193ms
Round took 4.710829ms
Round took 4.878078ms
Round took 4.785343ms
Round took 7.82128ms
Round took 5.580055ms
Round took 6.557371ms
Round took 4.505759ms
Round took 6.769231ms
Round took 4.155715ms
Round took 4.920424ms
Round took 4.279474ms
Round took 6.454677ms
Round took 4.62281ms
Round took 4.713587ms
Round took 6.724724ms
Round took 6.764496ms
Round took 4.468161ms
Round took 5.458851ms
Round took 5.352895ms
Round took 4.725974ms
Round took 4.584533ms
Round took 4.92354ms
Round took 5.299682ms
Round took 4.911055ms
Round took 5.069092ms
Round took 5.258358ms
Round took 5.628057ms
Round took 5.151938ms
Round took 4.864917ms
Round took 6.313284ms
Round took 4.35839ms
Round took 4.919846ms
Round took 5.844514ms
Round took 4.209555ms
Round took 5.235028ms
Round took 4.882378ms
Round took 5.537119ms
Round took 4.702596ms
Round took 5.326456ms
Round took 4.529999ms
Round took 6.053681ms
Round took 4.585548ms
Round took 5.65992ms
Round took 4.654212ms
Round took 5.884621ms
Round took 4.329904ms
Round took 4.705212ms
Round took 5.593585ms
Round took 5.051244ms
Round took 4.86319ms
Round took 5.498436ms
Round took 5.539932ms
Round took 4.182585ms
Round took 5.272111ms
Round took 4.591206ms
Round took 5.80344ms
Round took 5.205349ms
Round took 5.275083ms
Round took 5.253789ms
Round took 4.438216ms
Round took 5.159154ms
Round took 4.548539ms
Round took 5.054845ms
Round took 5.382541ms
Round took 4.911136ms
Round took 5.601587ms
Round took 5.407023ms
Round took 4.555917ms
Round took 5.281098ms
Round took 4.679314ms
Round took 5.657969ms
Round took 4.919092ms
Round took 6.169568ms
Round took 4.307692ms
Round took 5.041585ms
Round took 5.887892ms
Round took 3.769799ms
Round took 5.27455ms
Round took 5.381422ms
Round took 4.849221ms
Round took 4.965382ms
Round took 5.212976ms
Round took 4.672501ms
Round took 5.979057ms
Round took 5.046116ms
Round took 4.389456ms
Round took 5.635283ms
Round took 4.040381ms
Round took 6.053877ms
Round took 3.941709ms
Round took 5.503145ms
Round took 6.011138ms
Round took 4.452906ms
Round took 5.606928ms
Round took 4.190532ms
Round took 5.270934ms
Round took 4.862827ms
Round took 4.999709ms
Round took 6.581292ms
Round took 6.930228ms
Round took 4.283234ms
Round took 4.979727ms
Round took 5.739364ms
Round took 4.501656ms
Round took 5.397953ms
Round took 4.681063ms
Round took 5.348836ms
Round took 4.992905ms
Round took 5.002613ms
Round took 4.977409ms
Round took 5.065763ms
Round took 5.218011ms
Round took 5.079589ms
Round took 5.636012ms
Round took 4.645985ms
Round took 5.160892ms
Round took 4.669989ms
Round took 5.552008ms
Round took 4.929274ms
Round took 5.252069ms
Round took 4.902791ms
Round took 5.625133ms
Round took 5.102694ms
Round took 5.178109ms
Round took 5.372318ms
Round took 5.2273ms
Round took 4.55461ms
Round took 5.219328ms
Round took 5.346678ms
Round took 5.170655ms
Round took 5.128801ms
Round took 5.346503ms
Round took 4.600887ms
Round took 5.051218ms
Round took 6.010907ms
Round took 5.438043ms
Round took 4.591713ms
Round took 5.99854ms
Round took 3.677488ms
Round took 4.746134ms
Round took 4.67037ms
Round took 5.178447ms
Round took 6.347352ms
Round took 4.186046ms
Round took 5.030241ms
Round took 4.85647ms
Round took 6.393999ms
Round took 4.618742ms
Round took 5.430572ms
Round took 5.542067ms
Round took 4.585069ms
Round took 4.689047ms
Round took 5.073719ms
Round took 5.285198ms
Round took 4.750631ms
Round took 5.306634ms
Round took 5.494712ms
Round took 5.322755ms
Round took 4.269136ms
Round took 6.52196ms
Round took 7.708611ms
Round took 5.016695ms
Round took 4.155932ms
Round took 5.857285ms
Round took 5.222445ms
Round took 4.366061ms
Round took 5.027085ms
Round took 7.320804ms
Round took 4.48614ms
Round took 6.175674ms
Round took 3.616237ms
Round took 5.297433ms
Round took 4.889505ms
Round took 5.417517ms
Round took 5.865861ms
Round took 4.031487ms
Round took 5.47256ms
Round took 4.647059ms
Round took 6.066048ms
Round took 4.362352ms
Round took 5.315012ms
Round took 5.452205ms
Round took 5.509975ms
Round took 4.286553ms
Round took 4.645782ms
Round took 5.410603ms
Round took 4.715126ms
Round took 5.391754ms
Round took 5.711515ms
Round took 6.080194ms
Round took 5.341388ms
Round took 4.825103ms
Round took 4.766926ms
Round took 4.304081ms
Round took 5.126933ms
Round took 4.296767ms
Round took 4.883933ms
Round took 4.907832ms
Round took 5.153751ms
Round took 5.798897ms
Round took 4.990585ms
Round took 5.03048ms
Round took 5.070248ms
Round took 5.161735ms
Round took 4.53993ms
Round took 4.877757ms
Round took 5.415522ms
Round took 5.446342ms
Round took 5.195235ms
Round took 4.39281ms
Round took 5.269649ms
Round took 5.254626ms
Round took 5.28305ms
Round took 4.928529ms
Round took 5.189486ms
Round took 5.27742ms
Round took 4.254121ms
Round took 5.987133ms
Round took 3.985684ms
Round took 5.76191ms
Round took 5.003186ms
Round took 5.22947ms
Round took 4.764473ms
Round took 4.783115ms
Round took 5.623836ms
Round took 5.160085ms
Round took 4.989732ms
Round took 4.753712ms
Round took 7.167374ms
Round took 7.179332ms
Round took 4.046844ms
Round took 4.955456ms
Round took 6.049332ms
Round took 4.16772ms
Round took 5.041545ms
Round took 4.917367ms
Round took 6.356008ms
Round took 5.29052ms
Round took 4.882892ms
Round took 4.817341ms
Round took 3.9291ms
Round took 5.601386ms
Round took 4.421327ms
Round took 5.639794ms
Round took 5.645044ms
Round took 4.766083ms
Round took 4.753745ms
Round took 4.519242ms
Round took 5.469349ms
Round took 4.759277ms
Round took 5.170038ms
Round took 5.517471ms
Round took 4.534366ms
Round took 5.395203ms
Round took 4.432804ms
Round took 5.732011ms
Round took 4.989571ms
Round took 5.336338ms
Round took 5.420068ms
Round took 4.422514ms
Round took 5.271916ms
Round took 5.808034ms
Round took 5.392497ms
Round took 4.147504ms
Round took 5.306156ms
Round took 5.536423ms
Round took 4.603889ms
Round took 5.326544ms
Round took 4.227191ms
Round took 6.159324ms
Round took 4.521954ms
Round took 4.894847ms
Round took 5.706022ms
Round took 4.737745ms
Round took 5.404668ms
Round took 4.347669ms
Round took 5.39795ms
Round took 4.827818ms
Round took 5.093107ms
Round took 5.772444ms
Round took 4.977064ms
Round took 4.785694ms
Round took 5.094916ms
Round took 4.92385ms
Round took 5.829814ms
Round took 5.196572ms
Round took 5.965475ms
Round took 3.419225ms
Round took 5.50594ms
Round took 4.74344ms
Round took 6.450937ms
Round took 4.512051ms
Round took 4.31181ms
Round took 5.18822ms
Round took 5.163622ms
Round took 5.283016ms
Round took 4.635091ms
Round took 4.938227ms
Round took 6.420105ms
Round took 3.80633ms
Round took 5.116919ms
Round took 5.103349ms
Round took 4.936939ms
Round took 4.878853ms
Round took 6.084ms
Round took 4.226441ms
Round took 5.539393ms
Round took 4.974835ms
Round took 5.868771ms
Round took 4.097761ms
Round took 5.481894ms
Round took 4.473774ms
Round took 5.882838ms
Round took 6.518103ms
Round took 6.364522ms
Round took 4.713469ms
Round took 5.841268ms
Round took 4.164303ms
Round took 5.659572ms
Round took 4.8658ms
Round took 5.570294ms
Round took 5.18442ms
Round took 4.48038ms
Round took 5.093544ms
Round took 5.194025ms
Round took 5.107016ms
Round took 4.769792ms
Round took 5.261116ms
Round took 5.075486ms
Round took 4.938145ms
Round took 5.291789ms
Round took 5.15291ms
Round took 5.395747ms
Round took 5.189715ms
Round took 4.812525ms
Round took 5.247741ms
Round took 5.002522ms
Round took 4.899147ms
Round took 4.995562ms
Round took 5.244222ms
Round took 5.524732ms
Round took 4.88245ms
Round took 5.70073ms
Round took 5.459981ms
Round took 4.835245ms
Round took 5.716837ms
Round took 4.819591ms
Round took 5.435451ms
Round took 5.200486ms
Round took 7.223475ms
Round took 4.903888ms
Round took 4.693116ms
Round took 3.903937ms
Round took 4.001137ms
Round took 5.305112ms
Round took 5.203163ms
Round took 5.950237ms
Round took 4.896721ms
Round took 6.181245ms
Round took 6.883362ms
Round took 4.772033ms
Round took 4.949238ms
Round took 5.054963ms
Round took 5.179235ms
Round took 4.925831ms
Round took 5.14732ms
Round took 4.899141ms
Round took 5.544132ms
Round took 4.974384ms
Round took 4.998626ms
Round took 5.98932ms
Round took 4.318529ms
Round took 4.880232ms
Round took 5.548837ms
Round took 4.982952ms
Round took 4.967953ms
Round took 5.177029ms
Round took 5.901276ms
Round took 5.651481ms
Round took 5.196374ms
Round took 5.071708ms
Round took 5.192755ms
Round took 4.686924ms
Round took 3.799802ms
Round took 5.306177ms
Round took 5.136159ms
Round took 5.534648ms
Round took 4.552782ms
Round took 7.315751ms
Round took 6.383014ms
Round took 4.311415ms
Round took 4.6461ms
Round took 4.767612ms
Round took 4.285689ms
Round took 3.622412ms
Round took 5.762966ms
Round took 5.227763ms
Round took 4.590367ms
Round took 5.191393ms
Round took 7.092092ms
Round took 6.451121ms
Round took 5.441667ms
Round took 4.734655ms
Round took 5.530097ms
Round took 4.520427ms
Round took 5.078852ms
Round took 5.594516ms
Round took 5.051272ms
Round took 5.022164ms
Round took 4.828971ms
Round took 4.941812ms
Round took 5.18677ms
Round took 5.125934ms
Round took 5.829039ms
Round took 4.300174ms
Round took 5.330414ms
Round took 4.780535ms
Round took 5.172ms
Round took 5.076375ms
Round took 4.788879ms
Round took 5.023742ms
Round took 6.523934ms
Round took 4.228251ms
Round took 4.358893ms
Round took 6.264151ms
Round took 4.070965ms
Round took 5.404511ms
Round took 4.957585ms
Round took 5.468274ms
Round took 5.074884ms
Round took 4.741447ms
Round took 5.345526ms
Round took 4.923242ms
Round took 5.078985ms
Round took 5.093015ms
Round took 4.968615ms
Round took 5.938675ms
Round took 5.057788ms
Round took 6.604286ms
Round took 4.667499ms
Round took 5.152018ms
Test took 5.206106769s
Successful: 10000
