Uniform distribution
2021/04/16 21:40:47 The leader is replica 0
Round took 4.812786ms
Round took 6.79509ms
Round took 8.231227ms
Round took 6.553913ms
Round took 3.279071ms
Round took 4.797045ms
Round took 5.954886ms
Round took 4.643087ms
Round took 4.283645ms
Round took 5.019224ms
Round took 5.268526ms
Round took 5.106276ms
Round took 5.139358ms
Round took 5.569232ms
Round took 4.507924ms
Round took 4.406739ms
Round took 4.768321ms
Round took 5.869726ms
Round took 4.525889ms
Round took 4.58391ms
Round took 5.091554ms
Round took 4.883206ms
Round took 6.025226ms
Round took 4.611742ms
Round took 5.05213ms
Round took 6.718884ms
Round took 4.174771ms
Round took 4.643454ms
Round took 5.209788ms
Round took 5.824736ms
Round took 4.678931ms
Round took 5.488039ms
Round took 4.381227ms
Round took 6.012862ms
Round took 4.215501ms
Round took 5.733352ms
Round took 6.894021ms
Round took 3.783304ms
Round took 5.870804ms
Round took 4.736403ms
Round took 4.676001ms
Round took 3.821245ms
Round took 5.411051ms
Round took 5.411497ms
Round took 4.483356ms
Round took 5.247224ms
Round took 4.6283ms
Round took 6.122944ms
Round took 6.436658ms
Round took 6.299968ms
Round took 5.68496ms
Round took 6.549904ms
Round took 6.856603ms
Round took 8.819558ms
Round took 4.210109ms
Round took 3.93517ms
Round took 5.703769ms
Round took 4.877569ms
Round took 4.289799ms
Round took 6.200382ms
Round took 5.502159ms
Round took 3.763018ms
Round took 4.920859ms
Round took 7.561832ms
Round took 5.57568ms
Round took 5.047198ms
Round took 4.87977ms
Round took 5.294075ms
Round took 5.174845ms
Round took 4.866714ms
Round took 5.281101ms
Round took 5.811909ms
Round took 4.693667ms
Round took 4.522259ms
Round took 4.972534ms
Round took 5.424872ms
Round took 4.864099ms
Round took 5.115815ms
Round took 5.716043ms
Round took 4.344816ms
Round took 5.200187ms
Round took 4.788219ms
Round took 5.381819ms
Round took 5.177889ms
Round took 4.890039ms
Round took 6.203559ms
Round took 6.239388ms
Round took 7.86551ms
Round took 7.230719ms
Round took 4.571801ms
Round took 4.002704ms
Round took 7.281772ms
Round took 5.822636ms
Round took 6.108718ms
Round took 4.590292ms
Round took 5.750155ms
Round took 4.492464ms
Round took 5.533691ms
Round took 4.29925ms
Round took 7.073462ms
Round took 5.019703ms
Round took 5.614143ms
Round took 5.091535ms
Round took 3.607064ms
Round took 3.951856ms
Round took 5.733099ms
Round took 6.290396ms
Round took 5.063793ms
Round took 4.991369ms
Round took 5.653391ms
Round took 3.770272ms
Round took 5.576452ms
Round took 4.194906ms
Round took 7.576921ms
Round took 6.931063ms
Round took 4.79953ms
Round took 4.415046ms
Round took 5.45836ms
Round took 5.161072ms
Round took 4.727816ms
Round took 5.095286ms
Round took 5.259375ms
Round took 4.78662ms
Round took 4.903884ms
Round took 5.181505ms
Round took 5.032418ms
Round took 6.163933ms
Round took 4.541397ms
Round took 5.89933ms
Round took 4.479517ms
Round took 4.873503ms
Round took 5.9468ms
Round took 6.693276ms
Round took 4.647971ms
Round took 4.876768ms
Round took 5.698279ms
Round took 5.782072ms
Round took 5.464553ms
Round took 4.749086ms
Round took 4.99432ms
Round took 4.995206ms
Round took 5.528617ms
Round took 5.129596ms
Round took 5.018204ms
Round took 5.338701ms
Round took 5.379585ms
Round took 4.546249ms
Round took 4.982614ms
Round took 4.74673ms
Round took 5.577614ms
Round took 5.054291ms
Round took 4.923983ms
Round took 5.861245ms
Round took 5.172022ms
Round took 4.529209ms
Round took 4.286378ms
Round took 7.479034ms
Round took 6.213704ms
Round took 4.89615ms
Round took 4.980426ms
Round took 5.25794ms
Round took 5.141299ms
Round took 4.918342ms
Round took 5.076826ms
Round took 5.29916ms
Round took 4.898362ms
Round took 5.213197ms
Round took 5.547042ms
Round took 4.891071ms
Round took 4.995441ms
Round took 5.000252ms
Round took 5.308681ms
Round took 5.323108ms
Round took 4.559518ms
Round took 5.416752ms
Round took 5.456635ms
Round took 5.147301ms
Round took 4.755707ms
Round took 6.016534ms
Round took 4.385643ms
Round took 4.573232ms
Round took 5.402277ms
Round took 5.561667ms
Round took 4.642368ms
Round took 4.911954ms
Round took 6.003505ms
Round took 5.783118ms
Round took 5.702378ms
Round took 3.991721ms
Round took 6.16358ms
Round took 6.391666ms
Round took 5.949228ms
Round took 5.170114ms
Round took 5.26722ms
Round took 3.885287ms
Round took 4.306467ms
Round took 6.58131ms
Round took 5.44795ms
Round took 5.088975ms
Round took 5.245062ms
Round took 4.256782ms
Round took 5.50552ms
Round took 4.563544ms
Round took 5.306205ms
Round took 5.069037ms
Round took 4.654225ms
Round took 5.195958ms
Round took 5.072189ms
Round took 5.480177ms
Round took 5.28611ms
Round took 5.065262ms
Round took 5.121682ms
Round took 4.934536ms
Round took 5.332662ms
Round took 5.294967ms
Round took 5.21745ms
Round took 4.344245ms
Round took 5.159227ms
Round took 6.040588ms
Round took 4.520591ms
Round took 5.559499ms
Round took 6.409959ms
Round took 4.075616ms
Round took 5.145898ms
Round took 5.926001ms
Round took 4.568482ms
Round took 5.021221ms
Round took 4.575258ms
Round took 5.525305ms
Round took 5.543201ms
Round took 4.354685ms
Round took 5.128047ms
Round took 5.000844ms
Round took 5.530173ms
Round took 4.510943ms
Round took 5.75528ms
Round took 5.000114ms
Round took 5.274547ms
Round took 5.0784ms
Round took 4.105333ms
Round took 5.971618ms
Round took 4.816578ms
Round took 5.685642ms
Round took 4.785163ms
Round took 5.067601ms
Round took 5.521797ms
Round took 4.86016ms
Round took 5.20402ms
Round took 5.971161ms
Round took 4.816609ms
Round took 4.657239ms
Round took 4.922378ms
Round took 5.005318ms
Round took 5.591392ms
Round took 4.427124ms
Round took 5.154164ms
Round took 5.129088ms
Round took 4.544884ms
Round took 5.242286ms
Round took 6.344583ms
Round took 5.678427ms
Round took 5.337051ms
Round took 4.896683ms
Round took 4.685104ms
Round took 5.360514ms
Round took 5.992659ms
Round took 4.747078ms
Round took 4.610097ms
Round took 5.650896ms
Round took 4.938639ms
Round took 4.872199ms
Round took 4.991998ms
Round took 6.081821ms
Round took 4.18864ms
Round took 5.316909ms
Round took 5.064319ms
Round took 5.982842ms
Round took 4.915786ms
Round took 4.804954ms
Round took 6.440498ms
Round took 4.098877ms
Round took 5.281256ms
Round took 4.898801ms
Round took 5.243187ms
Round took 4.866438ms
Round took 4.985473ms
Round took 6.064271ms
Round took 4.571542ms
Round took 5.139039ms
Round took 4.605553ms
Round took 5.691927ms
Round took 4.858075ms
Round took 5.14993ms
Round took 5.841553ms
Round took 4.438694ms
Round took 5.19431ms
Round took 5.018601ms
Round took 5.262585ms
Round took 4.57221ms
Round took 5.444569ms
Round took 7.093626ms
Round took 6.482588ms
Round took 5.847736ms
Round took 5.407594ms
Round took 4.78453ms
Round took 4.084303ms
Round took 4.899966ms
Round took 5.695248ms
Round took 5.600614ms
Round took 4.729644ms
Round took 5.077081ms
Round took 5.627734ms
Round took 4.529509ms
Round took 5.043987ms
Round took 5.391778ms
Round took 5.084278ms
Round took 4.902528ms
Round took 5.326331ms
Round took 5.233354ms
Round took 4.852011ms
Round took 5.955172ms
Round took 5.510288ms
Round took 4.124984ms
Round took 4.669099ms
Round took 5.150551ms
Round took 5.790499ms
Round took 4.717534ms
Round took 5.002012ms
Round took 5.435252ms
Round took 4.970645ms
Round took 4.669693ms
Round took 5.178299ms
Round took 6.146276ms
Round took 4.610848ms
Round took 5.38235ms
Round took 4.647651ms
Round took 5.333936ms
Round took 4.674148ms
Round took 5.077375ms
Round took 6.083803ms
Round took 4.24762ms
Round took 5.078173ms
Round took 5.074013ms
Round took 4.911ms
Round took 5.242746ms
Round took 4.935288ms
Round took 4.66287ms
Round took 5.473178ms
Round took 5.261867ms
Round took 4.896747ms
Round took 7.251007ms
Round took 6.120032ms
Round took 5.184172ms
Round took 4.866945ms
Round took 5.191283ms
Round took 5.665445ms
Round took 5.118985ms
Round took 5.397298ms
Round took 5.151625ms
Round took 5.153373ms
Round took 4.613691ms
Round took 5.27319ms
Round took 4.778132ms
Round took 5.273293ms
Round took 4.718227ms
Round took 6.202988ms
Round took 4.697763ms
Round took 4.784917ms
Round took 5.294962ms
Round took 4.755864ms
Round took 5.499981ms
Round took 4.693334ms
Round took 4.995877ms
Round took 4.970864ms
Round took 5.343048ms
Round took 4.737938ms
Round took 6.113309ms
Round took 4.390843ms
Round took 4.825406ms
Round took 5.261154ms
Round took 5.53278ms
Round took 5.049351ms
Round took 5.359577ms
Round took 5.125526ms
Round took 4.729223ms
Round took 5.216339ms
Round took 5.192873ms
Round took 5.77047ms
Round took 5.096449ms
Round took 4.526799ms
Round took 5.576106ms
Round took 4.657759ms
Round took 5.232626ms
Round took 4.83414ms
Round took 5.675517ms
Round took 4.520689ms
Round took 4.971094ms
Round took 5.736928ms
Round took 4.653196ms
Round took 5.363671ms
Round took 4.24129ms
Round took 5.795681ms
Round took 5.291959ms
Round took 5.277875ms
Round took 5.104486ms
Round took 4.805588ms
Round took 4.707943ms
Round took 4.842658ms
Round took 6.399376ms
Round took 4.239834ms
Round took 4.944369ms
Round took 6.159436ms
Round took 4.084507ms
Round took 4.945084ms
Round took 5.170142ms
Round took 5.807541ms
Round took 5.423195ms
Round took 4.142128ms
Round took 6.233278ms
Round took 6.124275ms
Round took 5.4696ms
Round took 4.580484ms
Round took 5.241596ms
Round took 5.085687ms
Round took 5.351319ms
Round took 4.520932ms
Round took 5.198492ms
Round took 5.221998ms
Round took 4.997432ms
Round took 5.095603ms
Round took 4.736248ms
Round took 5.372762ms
Round took 5.12184ms
Round took 4.970214ms
Round took 5.440424ms
Round took 4.924253ms
Round took 5.036026ms
Round took 4.74426ms
Round took 5.288991ms
Round took 5.445134ms
Round took 4.797827ms
Round took 6.110406ms
Round took 4.364062ms
Round took 5.091802ms
Round took 4.685056ms
Round took 5.82408ms
Round took 5.936584ms
Round took 5.016451ms
Round took 6.907006ms
Round took 5.338472ms
Round took 5.182548ms
Round took 3.66009ms
Round took 18.336536ms
Round took 4.587054ms
Round took 5.48124ms
Round took 4.790187ms
Round took 5.455352ms
Round took 6.144921ms
Round took 4.982797ms
Round took 5.552667ms
Round took 3.778322ms
Round took 4.93342ms
Round took 5.456978ms
Round took 5.709815ms
Round took 5.262008ms
Round took 4.81261ms
Round took 3.364103ms
Round took 5.731507ms
Round took 5.537607ms
Round took 4.852804ms
Round took 4.910628ms
Round took 4.848166ms
Round took 5.574572ms
Round took 4.918042ms
Round took 4.968682ms
Round took 4.944894ms
Round took 4.786243ms
Round took 5.350529ms
Round took 4.899206ms
Round took 5.053393ms
Round took 6.032331ms
Round took 4.682192ms
Round took 4.867816ms
Round took 5.497692ms
Round took 4.849652ms
Round took 5.061219ms
Round took 5.026605ms
Round took 5.180814ms
Round took 5.323093ms
Round took 4.505857ms
Round took 5.717097ms
Round took 4.673078ms
Round took 4.790678ms
Round took 6.699181ms
Round took 4.206562ms
Round took 5.16113ms
Round took 4.424902ms
Round took 6.82618ms
Round took 4.686802ms
Round took 4.332829ms
Round took 4.769665ms
Round took 5.239682ms
Round took 4.805293ms
Round took 4.896365ms
Round took 6.055098ms
Round took 4.39076ms
Round took 5.160379ms
Round took 4.230077ms
Round took 5.26106ms
Round took 5.000247ms
Round took 5.251632ms
Round took 5.645836ms
Round took 4.985501ms
Round took 4.861526ms
Round took 4.553975ms
Round took 5.22184ms
Round took 5.299062ms
Round took 4.977287ms
Round took 5.140822ms
Round took 4.639406ms
Round took 4.781053ms
Round took 5.518753ms
Round took 4.824096ms
Round took 5.859257ms
Round took 4.744469ms
Round took 4.76704ms
Round took 4.857379ms
Round took 5.46959ms
Round took 5.904009ms
Round took 4.585979ms
Round took 5.467079ms
Round took 4.880463ms
Round took 5.096869ms
Round took 4.461777ms
Round took 6.385409ms
Round took 3.845347ms
Round took 5.334679ms
Round took 5.06103ms
Round took 5.628961ms
Round took 4.574285ms
Round took 4.481903ms
Round took 5.468924ms
Round took 5.090193ms
Round took 4.865217ms
Round took 4.962597ms
Round took 5.591136ms
Round took 4.244365ms
Round took 5.11397ms
Round took 4.764662ms
Round took 5.717583ms
Round took 4.991145ms
Round took 4.419573ms
Round took 5.3921ms
Round took 5.716286ms
Round took 4.959685ms
Round took 4.772539ms
Round took 5.367809ms
Round took 4.761277ms
Round took 5.422413ms
Round took 4.393993ms
Round took 5.68519ms
Round took 5.411726ms
Round took 4.239854ms
Round took 7.296719ms
Round took 4.239569ms
Round took 4.916663ms
Round took 4.253585ms
Round took 5.814073ms
Round took 4.604928ms
Round took 4.744107ms
Round took 6.953236ms
Round took 6.366751ms
Round took 4.899847ms
Round took 5.327193ms
Round took 5.430437ms
Round took 4.451406ms
Round took 4.874748ms
Round took 4.958505ms
Round took 5.333088ms
Round took 5.255312ms
Round took 5.085674ms
Round took 5.473855ms
Round took 5.766524ms
Round took 5.127962ms
Round took 4.837207ms
Round took 6.797823ms
Round took 4.493941ms
Round took 5.495162ms
Round took 5.350036ms
Round took 4.214563ms
Round took 5.093836ms
Round took 5.47818ms
Round took 5.205125ms
Round took 4.648281ms
Round took 6.136671ms
Round took 4.230806ms
Round took 5.026107ms
Round took 4.724855ms
Round took 7.114306ms
Round took 6.290114ms
Round took 4.958386ms
Round took 4.652377ms
Round took 5.740382ms
Round took 5.112868ms
Round took 4.735079ms
Round took 5.38373ms
Round took 4.798334ms
Round took 5.047599ms
Round took 5.29497ms
Round took 4.731448ms
Round took 5.641774ms
Round took 5.059383ms
Round took 5.143562ms
Round took 4.864794ms
Round took 5.226001ms
Round took 5.145414ms
Round took 4.582532ms
Round took 5.093445ms
Round took 6.125187ms
Round took 4.529362ms
Round took 5.109116ms
Round took 5.947333ms
Round took 4.551978ms
Round took 4.906963ms
Round took 5.081679ms
Round took 6.135824ms
Round took 4.387221ms
Round took 5.073375ms
Round took 5.853693ms
Round took 5.121535ms
Round took 5.687503ms
Round took 3.943094ms
Round took 5.263564ms
Round took 5.370025ms
Round took 4.364471ms
Round took 5.679097ms
Round took 5.10136ms
Round took 4.653179ms
Round took 5.479183ms
Round took 5.368928ms
Round took 4.397144ms
Round took 5.209313ms
Round took 4.629744ms
Round took 6.314414ms
Round took 3.899086ms
Round took 5.207388ms
Round took 6.241221ms
Round took 4.47297ms
Round took 5.189665ms
Round took 4.655181ms
Round took 5.315015ms
Round took 4.859239ms
Round took 4.970401ms
Round took 6.579757ms
Round took 4.257797ms
Round took 5.824099ms
Round took 3.994985ms
Round took 5.183896ms
Round took 5.383163ms
Round took 4.562559ms
Round took 5.756743ms
Round took 4.48882ms
Round took 5.301188ms
Round took 5.274116ms
Round took 4.788811ms
Round took 5.309435ms
Round took 4.097082ms
Round took 5.692692ms
Round took 5.478007ms
Round took 4.971284ms
Round took 4.728829ms
Round took 6.443009ms
Round took 6.188668ms
Round took 4.904563ms
Round took 5.14256ms
Round took 4.876177ms
Round took 5.103047ms
Round took 5.164931ms
Round took 5.179874ms
Round took 5.425687ms
Round took 6.343075ms
Round took 4.641909ms
Round took 5.204585ms
Round took 5.270673ms
Round took 5.066409ms
Round took 4.852336ms
Round took 5.776843ms
Round took 4.608879ms
Round took 5.052404ms
Round took 5.447655ms
Round took 5.51877ms
Round took 4.580831ms
Round took 4.782189ms
Round took 4.880915ms
Round took 5.084702ms
Round took 4.658128ms
Round took 5.332561ms
Round took 6.24374ms
Round took 4.171735ms
Round took 5.029181ms
Round took 4.874159ms
Round took 6.280438ms
Round took 4.556296ms
Round took 5.420619ms
Round took 5.560986ms
Round took 4.634235ms
Round took 4.653969ms
Round took 5.090455ms
Round took 5.353871ms
Round took 4.676738ms
Round took 5.083985ms
Round took 5.823703ms
Round took 5.142329ms
Round took 4.23026ms
Round took 6.766308ms
Round took 6.905578ms
Round took 5.090877ms
Round took 4.228003ms
Round took 5.156326ms
Round took 6.330471ms
Round took 4.165867ms
Round took 4.910784ms
Round took 5.52076ms
Round took 4.694331ms
Round took 5.303992ms
Round took 4.77967ms
Round took 5.442784ms
Round took 4.893026ms
Round took 5.072404ms
Round took 6.026672ms
Round took 4.078731ms
Round took 5.021855ms
Round took 5.061194ms
Round took 4.771054ms
Round took 5.900047ms
Round took 4.51216ms
Round took 5.144862ms
Round took 5.823769ms
Round took 4.407618ms
Round took 4.864762ms
Round took 5.296093ms
Round took 4.96502ms
Round took 4.825616ms
Round took 5.188424ms
Round took 5.576201ms
Round took 5.335668ms
Round took 5.647719ms
Round took 4.760775ms
Round took 4.386817ms
Round took 5.122306ms
Round took 4.3445ms
Round took 5.258489ms
Round took 5.067428ms
Round took 5.083902ms
Round took 5.301617ms
Round took 4.876878ms
Round took 5.363171ms
Round took 4.627367ms
Round took 5.402087ms
Round took 4.63618ms
Round took 6.563712ms
Round took 5.113254ms
Round took 6.067737ms
Round took 4.862029ms
Round took 4.389842ms
Round took 5.160239ms
Round took 5.357978ms
Round took 5.390498ms
Round took 4.44577ms
Round took 5.337463ms
Round took 5.571751ms
Round took 4.337181ms
Round took 5.989882ms
Round took 4.014762ms
Round took 5.301335ms
Round took 4.736185ms
Round took 5.113041ms
Round took 5.623657ms
Round took 4.885876ms
Round took 5.021009ms
Round took 6.205817ms
Round took 4.847425ms
Round took 4.78591ms
Round took 5.245588ms
Round took 4.507596ms
Round took 5.895161ms
Round took 4.399066ms
Round took 5.973885ms
Round took 5.25849ms
Round took 4.276768ms
Round took 5.607262ms
Round took 4.23787ms
Round took 8.141587ms
Round took 5.294084ms
Round took 4.692936ms
Round took 4.479859ms
Round took 5.126969ms
Round took 4.968602ms
Round took 5.199175ms
Round took 6.122019ms
Round took 4.690418ms
Round took 4.738277ms
Round took 4.713406ms
Round took 6.271732ms
Round took 4.716746ms
Round took 5.091254ms
Round took 5.74016ms
Round took 4.71249ms
Round took 5.304296ms
Round took 4.463551ms
Round took 5.727877ms
Round took 4.950103ms
Round took 5.277063ms
Round took 5.396081ms
Round took 4.403713ms
Round took 5.280751ms
Round took 5.715899ms
Round took 5.515748ms
Round took 4.337415ms
Round took 5.439097ms
Round took 5.474211ms
Round took 4.555365ms
Round took 5.382178ms
Round took 4.219128ms
Round took 6.179914ms
Round took 4.509024ms
Round took 4.879347ms
Round took 6.050488ms
Round took 4.452353ms
Round took 5.32618ms
Round took 4.331843ms
Round took 5.5513ms
Round took 4.525654ms
Round took 5.183332ms
Round took 5.834368ms
Round took 4.887921ms
Round took 4.820879ms
Round took 5.02064ms
Round took 4.95336ms
Round took 5.860513ms
Round took 5.321816ms
Round took 5.638695ms
Round took 3.676283ms
Round took 5.370966ms
Round took 4.812637ms
Round took 6.520736ms
Round took 4.494216ms
Round took 4.319322ms
Round took 5.724819ms
Round took 4.799242ms
Round took 5.094972ms
Round took 4.998426ms
Round took 4.915251ms
Round took 6.043924ms
Round took 4.048489ms
Round took 5.872092ms
Round took 4.607605ms
Round took 5.108113ms
Round took 4.820948ms
Round took 6.25684ms
Round took 6.224077ms
Round took 5.369798ms
Round took 5.048982ms
Round took 4.568408ms
Round took 5.743712ms
Round took 4.650631ms
Round took 5.30377ms
Round took 4.743173ms
Round took 5.136847ms
Round took 5.935214ms
Round took 4.753382ms
Round took 5.960646ms
Round took 4.827711ms
Round took 5.352869ms
Round took 4.885017ms
Round took 5.479476ms
Round took 5.349603ms
Round took 4.456275ms
Round took 6.300863ms
Round took 4.659149ms
Round took 5.022226ms
Round took 4.940255ms
Round took 4.97369ms
Round took 5.151363ms
Round took 4.994193ms
Round took 5.906596ms
Round took 4.706383ms
Round took 5.219106ms
Round took 5.059265ms
Round took 5.55886ms
Round took 4.409709ms
Round took 4.912589ms
Round took 5.916421ms
Round took 4.287038ms
Round took 4.94209ms
Round took 5.844834ms
Round took 5.571741ms
Round took 7.109251ms
Round took 4.391274ms
Round took 5.066509ms
Round took 5.280697ms
Round took 5.119124ms
Round took 4.87939ms
Round took 5.367486ms
Round took 6.938319ms
Round took 4.452416ms
Round took 4.539293ms
Round took 3.908832ms
Round took 6.559053ms
Round took 4.949539ms
Round took 6.247755ms
Round took 4.807224ms
Round took 6.1222ms
Round took 3.350107ms
Round took 7.382364ms
Round took 5.33179ms
Round took 4.877587ms
Round took 5.082277ms
Round took 4.586318ms
Round took 5.34784ms
Round took 4.673671ms
Round took 5.335584ms
Round took 4.696013ms
Round took 5.327065ms
Round took 5.883346ms
Round took 4.656509ms
Round took 4.635447ms
Round took 4.497235ms
Round took 5.462899ms
Round took 5.057941ms
Round took 4.917054ms
Round took 6.250051ms
Round took 6.805542ms
Round took 4.757753ms
Round took 4.888844ms
Round took 5.218946ms
Round took 5.53436ms
Round took 3.806574ms
Round took 5.303509ms
Round took 5.228498ms
Round took 5.664924ms
Round took 4.314811ms
Round took 5.486813ms
Round took 7.758983ms
Round took 3.959774ms
Round took 5.152814ms
Round took 4.643226ms
Round took 5.010886ms
Round took 3.502083ms
Round took 5.311511ms
Round took 5.461047ms
Round took 4.684662ms
Round took 5.059405ms
Round took 5.08934ms
Round took 5.043397ms
Round took 5.880588ms
Round took 6.075688ms
Round took 4.114748ms
Round took 5.131928ms
Round took 4.615669ms
Round took 5.213355ms
Round took 5.959585ms
Round took 4.574677ms
Round took 5.53149ms
Round took 4.711698ms
Round took 4.46259ms
Round took 5.255181ms
Round took 5.380521ms
Round took 5.81406ms
Round took 4.219551ms
Round took 5.679171ms
Round took 4.325102ms
Round took 5.025993ms
Round took 5.128535ms
Round took 4.735317ms
Round took 6.322574ms
Round took 4.474964ms
Round took 4.49715ms
Round took 4.278327ms
Round took 6.128534ms
Round took 4.228415ms
Round took 5.34085ms
Round took 5.645339ms
Round took 4.767081ms
Round took 5.082213ms
Round took 4.643948ms
Round took 5.352521ms
Round took 4.91347ms
Round took 5.188341ms
Round took 5.082273ms
Round took 4.937803ms
Round took 5.794728ms
Round took 4.958743ms
Round took 6.792001ms
Round took 4.756241ms
Round took 5.134691ms
Round took 4.886699ms
Round took 4.25673ms
Round took 7.058746ms
Round took 6.63004ms
Test took 5.214729363s
Successful: 10000
