Uniform distribution
2021/04/16 21:40:47 The leader is replica 0
Round took 2.605775ms
Round took 5.065624ms
Round took 5.150756ms
Round took 7.02887ms
Round took 6.126241ms
Round took 6.583821ms
Round took 7.916978ms
Round took 6.541648ms
Round took 3.218779ms
Round took 4.727335ms
Round took 5.988704ms
Round took 4.674774ms
Round took 4.458565ms
Round took 4.953067ms
Round took 5.284453ms
Round took 5.041287ms
Round took 5.159045ms
Round took 5.52861ms
Round took 5.173421ms
Round took 4.480992ms
Round took 4.797962ms
Round took 5.938092ms
Round took 4.255735ms
Round took 4.965759ms
Round took 5.121979ms
Round took 4.942261ms
Round took 5.377338ms
Round took 4.807341ms
Round took 5.037475ms
Round took 6.54817ms
Round took 4.301759ms
Round took 4.725815ms
Round took 5.254477ms
Round took 5.381605ms
Round took 4.570222ms
Round took 5.052411ms
Round took 4.881049ms
Round took 5.936552ms
Round took 4.067564ms
Round took 4.98863ms
Round took 7.460267ms
Round took 3.781872ms
Round took 6.47622ms
Round took 4.592908ms
Round took 5.335843ms
Round took 3.511606ms
Round took 5.521854ms
Round took 5.410597ms
Round took 4.511335ms
Round took 5.222048ms
Round took 4.586937ms
Round took 5.894333ms
Round took 6.454032ms
Round took 6.305292ms
Round took 5.591436ms
Round took 6.667636ms
Round took 6.863356ms
Round took 8.841823ms
Round took 4.172085ms
Round took 4.019415ms
Round took 6.142878ms
Round took 4.861098ms
Round took 4.256279ms
Round took 6.294766ms
Round took 5.441863ms
Round took 3.674715ms
Round took 4.950637ms
Round took 5.693323ms
Round took 4.850548ms
Round took 5.529951ms
Round took 5.872929ms
Round took 5.723895ms
Round took 5.153635ms
Round took 5.085454ms
Round took 5.175633ms
Round took 5.503194ms
Round took 4.923657ms
Round took 4.564798ms
Round took 5.077049ms
Round took 5.393662ms
Round took 4.946797ms
Round took 4.988046ms
Round took 5.226985ms
Round took 4.778995ms
Round took 5.157431ms
Round took 4.937883ms
Round took 5.393334ms
Round took 5.206669ms
Round took 4.893377ms
Round took 5.081746ms
Round took 6.353535ms
Round took 8.582328ms
Round took 7.723133ms
Round took 4.551794ms
Round took 3.991255ms
Round took 7.461368ms
Round took 5.192197ms
Round took 6.498434ms
Round took 4.235429ms
Round took 6.037315ms
Round took 4.652497ms
Round took 5.604902ms
Round took 4.128819ms
Round took 6.877745ms
Round took 5.170372ms
Round took 5.513332ms
Round took 5.041776ms
Round took 3.62543ms
Round took 3.797624ms
Round took 5.797997ms
Round took 5.753536ms
Round took 5.106898ms
Round took 4.969458ms
Round took 4.677062ms
Round took 5.067508ms
Round took 6.320514ms
Round took 4.046341ms
Round took 5.613568ms
Round took 6.778094ms
Round took 5.956575ms
Round took 5.211978ms
Round took 5.505504ms
Round took 5.207142ms
Round took 4.603124ms
Round took 5.095267ms
Round took 5.295515ms
Round took 4.782001ms
Round took 4.970664ms
Round took 5.202022ms
Round took 5.042069ms
Round took 5.344597ms
Round took 4.573307ms
Round took 5.330069ms
Round took 5.824914ms
Round took 4.578455ms
Round took 5.569525ms
Round took 5.274047ms
Round took 5.264317ms
Round took 4.657853ms
Round took 5.292471ms
Round took 6.242143ms
Round took 4.990065ms
Round took 5.97898ms
Round took 4.514661ms
Round took 4.830441ms
Round took 6.316527ms
Round took 4.236315ms
Round took 5.289558ms
Round took 4.988681ms
Round took 5.38551ms
Round took 5.367616ms
Round took 4.574841ms
Round took 5.863782ms
Round took 6.19113ms
Round took 5.084079ms
Round took 4.896833ms
Round took 5.235131ms
Round took 4.946643ms
Round took 5.03257ms
Round took 4.785356ms
Round took 5.163122ms
Round took 5.875861ms
Round took 5.062216ms
Round took 4.983925ms
Round took 4.789869ms
Round took 6.309951ms
Round took 4.849044ms
Round took 5.041173ms
Round took 5.330255ms
Round took 4.941886ms
Round took 4.956891ms
Round took 5.524675ms
Round took 5.22604ms
Round took 4.541028ms
Round took 5.014114ms
Round took 5.863365ms
Round took 4.804003ms
Round took 5.23717ms
Round took 4.483083ms
Round took 5.671022ms
Round took 5.330211ms
Round took 5.427546ms
Round took 4.980583ms
Round took 5.55549ms
Round took 4.275112ms
Round took 4.556813ms
Round took 5.377858ms
Round took 5.136975ms
Round took 4.724249ms
Round took 5.217076ms
Round took 5.813851ms
Round took 4.708173ms
Round took 5.821428ms
Round took 4.003061ms
Round took 5.662754ms
Round took 6.557278ms
Round took 5.871971ms
Round took 5.081152ms
Round took 5.206179ms
Round took 3.820627ms
Round took 4.267837ms
Round took 6.570461ms
Round took 5.539452ms
Round took 5.093973ms
Round took 5.329988ms
Round took 4.519967ms
Round took 5.522493ms
Round took 4.487405ms
Round took 5.990744ms
Round took 4.644388ms
Round took 4.583903ms
Round took 5.260455ms
Round took 6.134237ms
Round took 5.425607ms
Round took 4.833145ms
Round took 5.045538ms
Round took 5.089869ms
Round took 5.106799ms
Round took 5.732829ms
Round took 4.860939ms
Round took 5.242706ms
Round took 5.081528ms
Round took 4.406852ms
Round took 5.524632ms
Round took 4.628832ms
Round took 5.827727ms
Round took 5.126232ms
Round took 3.770304ms
Round took 5.191497ms
Round took 5.475696ms
Round took 5.068017ms
Round took 5.028977ms
Round took 4.57167ms
Round took 5.677156ms
Round took 5.598282ms
Round took 4.361304ms
Round took 5.081585ms
Round took 5.0324ms
Round took 5.362109ms
Round took 4.5027ms
Round took 5.761133ms
Round took 4.937134ms
Round took 5.221376ms
Round took 5.051294ms
Round took 4.18234ms
Round took 5.981908ms
Round took 4.861668ms
Round took 5.643642ms
Round took 4.78194ms
Round took 5.088467ms
Round took 5.535464ms
Round took 4.953409ms
Round took 4.909826ms
Round took 5.209827ms
Round took 5.824253ms
Round took 4.624873ms
Round took 4.941513ms
Round took 5.068423ms
Round took 5.539289ms
Round took 4.193427ms
Round took 5.135629ms
Round took 5.164444ms
Round took 4.822837ms
Round took 5.370052ms
Round took 7.178388ms
Round took 5.118517ms
Round took 5.282726ms
Round took 4.754908ms
Round took 4.827513ms
Round took 5.353854ms
Round took 5.367367ms
Round took 5.041858ms
Round took 4.702614ms
Round took 5.16028ms
Round took 5.372065ms
Round took 4.823765ms
Round took 5.022358ms
Round took 5.670678ms
Round took 4.496471ms
Round took 5.448536ms
Round took 5.004259ms
Round took 6.327544ms
Round took 4.936681ms
Round took 4.78903ms
Round took 6.35288ms
Round took 4.181183ms
Round took 5.213951ms
Round took 4.956329ms
Round took 5.181223ms
Round took 4.890851ms
Round took 4.872046ms
Round took 6.00708ms
Round took 4.528183ms
Round took 5.120927ms
Round took 4.708387ms
Round took 5.81232ms
Round took 4.815058ms
Round took 5.145585ms
Round took 5.961961ms
Round took 4.513198ms
Round took 5.167463ms
Round took 4.997825ms
Round took 5.34686ms
Round took 4.552237ms
Round took 5.871667ms
Round took 6.733827ms
Round took 6.634604ms
Round took 5.880498ms
Round took 7.437845ms
Round took 4.374414ms
Round took 4.154524ms
Round took 5.096609ms
Round took 5.408217ms
Round took 4.697123ms
Round took 5.877087ms
Round took 5.044451ms
Round took 5.305516ms
Round took 4.536217ms
Round took 5.62971ms
Round took 4.558127ms
Round took 5.081337ms
Round took 5.418589ms
Round took 4.850093ms
Round took 5.370132ms
Round took 4.856121ms
Round took 6.882492ms
Round took 4.583443ms
Round took 4.23355ms
Round took 4.754207ms
Round took 6.362213ms
Round took 5.779137ms
Round took 4.978652ms
Round took 5.229835ms
Round took 5.101337ms
Round took 4.717452ms
Round took 5.251203ms
Round took 5.076248ms
Round took 4.985402ms
Round took 5.329705ms
Round took 4.88127ms
Round took 5.114099ms
Round took 5.157422ms
Round took 5.030806ms
Round took 5.354324ms
Round took 4.772322ms
Round took 5.15061ms
Round took 5.186983ms
Round took 4.847405ms
Round took 5.724573ms
Round took 4.827327ms
Round took 4.747592ms
Round took 5.088834ms
Round took 5.39987ms
Round took 5.009434ms
Round took 5.404064ms
Round took 5.161836ms
Round took 5.12167ms
Round took 4.895699ms
Round took 4.814458ms
Round took 5.103382ms
Round took 5.623674ms
Round took 5.104769ms
Round took 5.431192ms
Round took 5.065485ms
Round took 5.178497ms
Round took 4.575022ms
Round took 5.267935ms
Round took 5.003831ms
Round took 5.364743ms
Round took 4.781268ms
Round took 6.177744ms
Round took 4.611527ms
Round took 5.127388ms
Round took 5.972206ms
Round took 4.469137ms
Round took 5.488437ms
Round took 5.752409ms
Round took 4.333804ms
Round took 5.016899ms
Round took 6.224658ms
Round took 4.254062ms
Round took 5.50096ms
Round took 4.55517ms
Round took 5.220363ms
Round took 7.302871ms
Round took 5.013558ms
Round took 5.459996ms
Round took 4.603097ms
Round took 5.128783ms
Round took 5.177852ms
Round took 5.068809ms
Round took 5.133833ms
Round took 5.412841ms
Round took 4.526652ms
Round took 5.123752ms
Round took 5.203254ms
Round took 5.168176ms
Round took 5.043332ms
Round took 5.685714ms
Round took 4.532841ms
Round took 5.03529ms
Round took 5.20853ms
Round took 5.11991ms
Round took 5.385822ms
Round took 4.523594ms
Round took 5.648018ms
Round took 5.453699ms
Round took 5.067245ms
Round took 4.587255ms
Round took 5.649024ms
Round took 5.717717ms
Round took 4.677528ms
Round took 7.206787ms
Round took 4.191669ms
Round took 4.999491ms
Round took 6.227551ms
Round took 6.264517ms
Round took 5.125295ms
Round took 5.151447ms
Round took 6.086377ms
Round took 4.161323ms
Round took 5.70648ms
Round took 4.38391ms
Round took 5.151791ms
Round took 5.494514ms
Round took 4.654588ms
Round took 5.220744ms
Round took 5.138884ms
Round took 5.447626ms
Round took 4.308725ms
Round took 5.540722ms
Round took 5.075259ms
Round took 4.824927ms
Round took 5.097875ms
Round took 5.249781ms
Round took 5.447061ms
Round took 4.788592ms
Round took 4.98419ms
Round took 5.932099ms
Round took 4.522363ms
Round took 5.112607ms
Round took 4.699517ms
Round took 5.241568ms
Round took 5.499015ms
Round took 5.576328ms
Round took 5.234944ms
Round took 4.42643ms
Round took 5.143155ms
Round took 5.253466ms
Round took 5.726652ms
Round took 6.386425ms
Round took 4.565887ms
Round took 7.58778ms
Round took 5.248138ms
Round took 4.390221ms
Round took 18.622464ms
Round took 5.084817ms
Round took 5.080317ms
Round took 4.914533ms
Round took 5.223209ms
Round took 5.160305ms
Round took 6.103983ms
Round took 4.59736ms
Round took 4.825102ms
Round took 5.088167ms
Round took 5.030153ms
Round took 5.635505ms
Round took 5.38743ms
Round took 5.074942ms
Round took 3.425177ms
Round took 5.723705ms
Round took 5.615451ms
Round took 4.942723ms
Round took 4.89118ms
Round took 4.951867ms
Round took 5.596078ms
Round took 4.842045ms
Round took 5.060883ms
Round took 4.963017ms
Round took 4.996884ms
Round took 5.375904ms
Round took 4.865049ms
Round took 5.060033ms
Round took 6.038863ms
Round took 4.763067ms
Round took 4.911491ms
Round took 5.505547ms
Round took 4.866248ms
Round took 5.078817ms
Round took 5.040176ms
Round took 5.008152ms
Round took 5.301142ms
Round took 4.569534ms
Round took 5.719767ms
Round took 4.541472ms
Round took 4.748547ms
Round took 5.997873ms
Round took 5.105719ms
Round took 5.304893ms
Round took 4.460942ms
Round took 6.767187ms
Round took 4.775777ms
Round took 4.273613ms
Round took 4.782279ms
Round took 5.248015ms
Round took 4.727416ms
Round took 4.912182ms
Round took 6.036332ms
Round took 4.402797ms
Round took 5.203519ms
Round took 4.254949ms
Round took 5.333749ms
Round took 5.021089ms
Round took 5.226116ms
Round took 5.785958ms
Round took 5.013193ms
Round took 4.925932ms
Round took 4.547319ms
Round took 5.224682ms
Round took 5.286023ms
Round took 4.956215ms
Round took 5.136907ms
Round took 4.633536ms
Round took 4.757961ms
Round took 5.484891ms
Round took 4.8047ms
Round took 6.324313ms
Round took 4.929506ms
Round took 4.957995ms
Round took 5.062911ms
Round took 7.040624ms
Round took 4.428155ms
Round took 5.107508ms
Round took 6.18201ms
Round took 5.027639ms
Round took 4.483115ms
Round took 6.762789ms
Round took 3.696857ms
Round took 5.379637ms
Round took 4.578492ms
Round took 6.191652ms
Round took 5.086756ms
Round took 4.798696ms
Round took 6.133703ms
Round took 5.284233ms
Round took 5.008151ms
Round took 5.495387ms
Round took 4.802051ms
Round took 4.594035ms
Round took 5.9798ms
Round took 4.635275ms
Round took 5.087562ms
Round took 5.247931ms
Round took 5.538392ms
Round took 6.448197ms
Round took 5.038064ms
Round took 4.634535ms
Round took 5.173053ms
Round took 4.996454ms
Round took 5.317723ms
Round took 5.199474ms
Round took 5.286446ms
Round took 6.47816ms
Round took 4.146391ms
Round took 7.302243ms
Round took 4.251568ms
Round took 4.889278ms
Round took 4.307448ms
Round took 6.319993ms
Round took 4.681819ms
Round took 4.690913ms
Round took 7.081978ms
Round took 7.6737ms
Round took 4.775144ms
Round took 6.53881ms
Round took 5.054134ms
Round took 4.456074ms
Round took 4.562911ms
Round took 5.911328ms
Round took 4.581122ms
Round took 5.000928ms
Round took 7.784002ms
Round took 5.597313ms
Round took 5.131846ms
Round took 4.895662ms
Round took 6.193163ms
Round took 4.725167ms
Round took 4.905611ms
Round took 6.110737ms
Round took 4.221349ms
Round took 5.095489ms
Round took 5.063067ms
Round took 5.589973ms
Round took 4.598638ms
Round took 5.492726ms
Round took 4.529797ms
Round took 5.791001ms
Round took 4.678193ms
Round took 6.429266ms
Round took 4.126191ms
Round took 6.030747ms
Round took 4.917522ms
Round took 5.662237ms
Round took 6.457853ms
Round took 4.786251ms
Round took 5.359783ms
Round took 4.798416ms
Round took 5.107334ms
Round took 5.273068ms
Round took 4.892541ms
Round took 5.731562ms
Round took 5.023611ms
Round took 5.044574ms
Round took 4.908916ms
Round took 5.210141ms
Round took 5.141362ms
Round took 4.597594ms
Round took 5.115367ms
Round took 6.218735ms
Round took 4.947732ms
Round took 5.652227ms
Round took 5.370199ms
Round took 4.594353ms
Round took 4.945233ms
Round took 5.122861ms
Round took 5.683509ms
Round took 4.914493ms
Round took 5.496064ms
Round took 4.854674ms
Round took 5.053029ms
Round took 5.155487ms
Round took 4.415647ms
Round took 5.286069ms
Round took 5.480279ms
Round took 4.349871ms
Round took 5.664365ms
Round took 5.173911ms
Round took 4.68378ms
Round took 5.540655ms
Round took 5.304622ms
Round took 4.402811ms
Round took 5.201529ms
Round took 4.623677ms
Round took 6.306795ms
Round took 3.880436ms
Round took 5.193913ms
Round took 6.234197ms
Round took 4.469338ms
Round took 5.146224ms
Round took 4.681372ms
Round took 5.253356ms
Round took 4.842411ms
Round took 5.017091ms
Round took 6.996607ms
Round took 6.916556ms
Round took 4.470862ms
Round took 5.049636ms
Round took 5.708659ms
Round took 4.468528ms
Round took 5.595446ms
Round took 4.641879ms
Round took 5.930659ms
Round took 4.581898ms
Round took 4.990506ms
Round took 5.941306ms
Round took 4.069613ms
Round took 5.211844ms
Round took 4.951467ms
Round took 5.594303ms
Round took 4.650981ms
Round took 5.266507ms
Round took 4.704916ms
Round took 5.442234ms
Round took 4.91772ms
Round took 5.315021ms
Round took 4.909127ms
Round took 5.059183ms
Round took 4.957533ms
Round took 5.255296ms
Round took 5.380205ms
Round took 5.486385ms
Round took 4.939116ms
Round took 5.23514ms
Round took 4.960785ms
Round took 4.83596ms
Round took 4.922102ms
Round took 5.703828ms
Round took 4.668347ms
Round took 5.079065ms
Round took 5.439002ms
Round took 5.623387ms
Round took 4.591142ms
Round took 4.888805ms
Round took 4.908448ms
Round took 5.035326ms
Round took 4.682206ms
Round took 5.092861ms
Round took 6.277855ms
Round took 4.239034ms
Round took 4.913463ms
Round took 4.751928ms
Round took 5.107996ms
Round took 4.655952ms
Round took 5.425306ms
Round took 5.558903ms
Round took 4.626731ms
Round took 4.727589ms
Round took 5.053944ms
Round took 5.396078ms
Round took 4.812561ms
Round took 5.276326ms
Round took 5.515107ms
Round took 5.360171ms
Round took 4.318414ms
Round took 6.309109ms
Round took 7.737767ms
Round took 5.116637ms
Round took 4.142782ms
Round took 5.932643ms
Round took 5.026229ms
Round took 4.336153ms
Round took 4.939634ms
Round took 5.494397ms
Round took 4.708283ms
Round took 5.325645ms
Round took 4.732542ms
Round took 5.467891ms
Round took 4.977121ms
Round took 5.067499ms
Round took 6.037038ms
Round took 4.053422ms
Round took 5.08947ms
Round took 4.978459ms
Round took 4.806698ms
Round took 5.752781ms
Round took 4.965078ms
Round took 5.549448ms
Round took 5.556014ms
Round took 4.264137ms
Round took 4.839619ms
Round took 6.200932ms
Round took 4.559985ms
Round took 4.210281ms
Round took 5.216242ms
Round took 5.917949ms
Round took 5.044058ms
Round took 5.704305ms
Round took 5.625856ms
Round took 4.315212ms
Round took 4.754311ms
Round took 4.305462ms
Round took 5.250688ms
Round took 4.910911ms
Round took 5.087755ms
Round took 5.67293ms
Round took 5.018804ms
Round took 5.06468ms
Round took 4.616613ms
Round took 6.255591ms
Round took 4.595757ms
Round took 4.822714ms
Round took 5.404747ms
Round took 5.469619ms
Round took 4.7753ms
Round took 4.396734ms
Round took 5.150478ms
Round took 5.369993ms
Round took 5.274444ms
Round took 4.471169ms
Round took 5.358194ms
Round took 5.593665ms
Round took 4.289031ms
Round took 5.994603ms
Round took 3.988347ms
Round took 5.362529ms
Round took 4.716757ms
Round took 4.931177ms
Round took 5.709285ms
Round took 4.548342ms
Round took 5.081978ms
Round took 5.591337ms
Round took 5.072219ms
Round took 4.99561ms
Round took 4.616596ms
Round took 5.111226ms
Round took 5.807644ms
Round took 4.18344ms
Round took 4.945211ms
Round took 6.000119ms
Round took 4.321754ms
Round took 5.037305ms
Round took 4.86274ms
Round took 6.835368ms
Round took 4.858954ms
Round took 5.05198ms
Round took 4.779806ms
Round took 3.397918ms
Round took 5.480301ms
Round took 4.494915ms
Round took 5.799693ms
Round took 5.475163ms
Round took 4.801569ms
Round took 4.736088ms
Round took 4.446462ms
Round took 5.468221ms
Round took 4.737926ms
Round took 5.086365ms
Round took 5.646037ms
Round took 4.447809ms
Round took 5.303489ms
Round took 4.41029ms
Round took 5.763436ms
Round took 4.955544ms
Round took 5.286535ms
Round took 5.329913ms
Round took 4.464394ms
Round took 5.268214ms
Round took 5.679936ms
Round took 6.079698ms
Round took 4.468418ms
Round took 5.473712ms
Round took 5.393706ms
Round took 4.616613ms
Round took 5.412851ms
Round took 4.155608ms
Round took 6.237932ms
Round took 4.483845ms
Round took 4.869276ms
Round took 6.556745ms
Round took 4.712413ms
Round took 5.701355ms
Round took 3.713632ms
Round took 5.102687ms
Round took 4.894209ms
Round took 5.12983ms
Round took 5.886785ms
Round took 4.963854ms
Round took 4.746389ms
Round took 5.292395ms
Round took 6.069717ms
Round took 6.665368ms
Round took 4.759246ms
Round took 4.820084ms
Round took 5.457318ms
Round took 4.828391ms
Round took 5.479189ms
Round took 5.078407ms
Round took 4.595153ms
Round took 5.200611ms
Round took 5.007105ms
Round took 5.052533ms
Round took 6.17101ms
Round took 4.654425ms
Round took 5.767422ms
Round took 4.527349ms
Round took 4.981017ms
Round took 4.875781ms
Round took 5.434776ms
Round took 4.822797ms
Round took 5.598345ms
Round took 4.297392ms
Round took 6.00847ms
Round took 5.010699ms
Round took 4.997989ms
Round took 4.769615ms
Round took 5.767284ms
Round took 4.350675ms
Round took 5.190439ms
Round took 5.147153ms
Round took 4.744148ms
Round took 5.920893ms
Round took 4.597548ms
Round took 6.019671ms
Round took 4.055726ms
Round took 5.40636ms
Round took 4.800304ms
Round took 5.470874ms
Round took 5.442242ms
Round took 4.400766ms
Round took 6.099731ms
Round took 4.729714ms
Round took 5.02948ms
Round took 4.968364ms
Round took 4.940063ms
Round took 5.119426ms
Round took 4.96378ms
Round took 6.006918ms
Round took 4.637126ms
Round took 5.183809ms
Round took 5.107023ms
Round took 5.762108ms
Round took 4.423682ms
Round took 5.142355ms
Round took 5.63761ms
Round took 4.086289ms
Round took 4.902153ms
Round took 5.889925ms
Round took 5.549221ms
Round took 6.335671ms
Round took 4.731701ms
Round took 5.209204ms
Round took 5.315836ms
Round took 5.077073ms
Round took 4.826576ms
Round took 5.103078ms
Round took 7.183063ms
Round took 4.516881ms
Round took 4.593627ms
Round took 3.95555ms
Round took 5.284958ms
Round took 5.161758ms
Round took 5.577197ms
Round took 5.003757ms
Round took 5.70043ms
Round took 4.393529ms
Round took 8.103434ms
Round took 4.458734ms
Round took 4.952351ms
Round took 5.514006ms
Round took 4.60134ms
Round took 4.867648ms
Round took 5.155669ms
Round took 5.389969ms
Round took 4.655159ms
Round took 5.171239ms
Round took 6.104016ms
Round took 4.533296ms
Round took 4.598736ms
Round took 4.68891ms
Round took 5.946618ms
Round took 5.03805ms
Round took 4.929431ms
Round took 7.017665ms
Round took 6.950274ms
Round took 4.851059ms
Round took 4.875856ms
Round took 5.139982ms
Round took 5.542716ms
Round took 3.748533ms
Round took 5.289592ms
Round took 5.21344ms
Round took 5.686815ms
Round took 4.339694ms
Round took 6.743326ms
Round took 6.45544ms
Round took 3.913896ms
Round took 5.144825ms
Round took 4.729577ms
Round took 4.91456ms
Round took 3.46951ms
Round took 5.26543ms
Round took 5.483512ms
Round took 4.654014ms
Round took 5.034769ms
Round took 5.079747ms
Round took 5.067802ms
Round took 5.837347ms
Round took 5.917077ms
Round took 4.190892ms
Round took 5.327086ms
Round took 4.657563ms
Round took 4.996614ms
Round took 6.861788ms
Round took 4.470081ms
Round took 5.476303ms
Round took 4.655494ms
Round took 4.523163ms
Round took 5.235166ms
Round took 5.410269ms
Round took 5.796931ms
Round took 4.287913ms
Round took 5.602144ms
Round took 4.324825ms
Round took 5.067606ms
Round took 5.086516ms
Round took 4.799385ms
Round took 6.258823ms
Round took 4.753272ms
Round took 4.770461ms
Round took 4.165008ms
Round took 6.082701ms
Round took 4.286115ms
Round took 5.352521ms
Round took 5.766958ms
Round took 4.700692ms
Round took 5.452601ms
Round took 4.304924ms
Round took 6.040137ms
Round took 5.091874ms
Round took 5.386201ms
Round took 5.14491ms
Round took 4.756072ms
Round took 4.915843ms
Round took 5.608931ms
Round took 7.355745ms
Round took 5.410376ms
Round took 5.683202ms
Round took 4.479392ms
Round took 8.57591ms
Round took 6.521875ms
Test took 5.235004497s
Successful: 10000
