Uniform distribution
2021/04/16 21:40:47 The leader is replica 0
Round took 6.57724ms
Round took 1.948371ms
Round took 7.056413ms
Round took 5.583072ms
Round took 6.56329ms
Round took 6.432455ms
Round took 4.874972ms
Round took 5.455267ms
Round took 5.392601ms
Round took 4.259828ms
Round took 5.115625ms
Round took 5.16255ms
Round took 4.989746ms
Round took 5.065744ms
Round took 5.032825ms
Round took 5.137726ms
Round took 5.217447ms
Round took 5.143204ms
Round took 5.365312ms
Round took 4.688187ms
Round took 5.165627ms
Round took 5.173475ms
Round took 5.11653ms
Round took 4.695048ms
Round took 5.068235ms
Round took 5.026249ms
Round took 5.068053ms
Round took 5.012107ms
Round took 5.278933ms
Round took 5.749952ms
Round took 4.241295ms
Round took 5.18386ms
Round took 5.404302ms
Round took 4.793618ms
Round took 5.115484ms
Round took 5.010387ms
Round took 5.111703ms
Round took 5.085428ms
Round took 5.134801ms
Round took 6.69696ms
Round took 4.147766ms
Round took 5.143381ms
Round took 5.535234ms
Round took 5.010429ms
Round took 4.628147ms
Round took 5.28357ms
Round took 5.474648ms
Round took 4.513054ms
Round took 5.26222ms
Round took 4.822299ms
Round took 5.359869ms
Round took 6.460754ms
Round took 6.5924ms
Round took 5.87947ms
Round took 6.600636ms
Round took 7.274461ms
Round took 8.767898ms
Round took 3.945435ms
Round took 4.009114ms
Round took 5.841338ms
Round took 5.113978ms
Round took 4.248643ms
Round took 4.916828ms
Round took 4.887307ms
Round took 4.789849ms
Round took 5.316478ms
Round took 4.763268ms
Round took 5.178316ms
Round took 5.608209ms
Round took 5.013576ms
Round took 4.93754ms
Round took 5.37924ms
Round took 5.609682ms
Round took 4.777858ms
Round took 5.24656ms
Round took 5.627371ms
Round took 4.723199ms
Round took 4.57081ms
Round took 4.952891ms
Round took 5.330991ms
Round took 4.897736ms
Round took 5.084997ms
Round took 5.690506ms
Round took 4.406813ms
Round took 5.176088ms
Round took 4.669165ms
Round took 7.160528ms
Round took 4.128819ms
Round took 5.391184ms
Round took 6.326118ms
Round took 7.252285ms
Round took 7.696738ms
Round took 6.932182ms
Round took 3.782928ms
Round took 3.554764ms
Round took 7.080543ms
Round took 6.026221ms
Round took 6.103446ms
Round took 6.644661ms
Round took 5.128115ms
Round took 5.250707ms
Round took 4.966748ms
Round took 5.190908ms
Round took 6.836678ms
Round took 4.662845ms
Round took 5.433061ms
Round took 4.23871ms
Round took 3.684196ms
Round took 6.042279ms
Round took 5.239709ms
Round took 5.482241ms
Round took 5.010781ms
Round took 4.723161ms
Round took 5.12552ms
Round took 7.544292ms
Round took 3.959891ms
Round took 5.657868ms
Round took 6.808469ms
Round took 5.897588ms
Round took 5.349971ms
Round took 5.455601ms
Round took 5.195542ms
Round took 4.768888ms
Round took 5.123271ms
Round took 5.284731ms
Round took 4.807718ms
Round took 4.928161ms
Round took 5.239817ms
Round took 6.494106ms
Round took 5.16529ms
Round took 4.964402ms
Round took 5.09329ms
Round took 4.537342ms
Round took 4.951068ms
Round took 7.295042ms
Round took 4.301662ms
Round took 5.362614ms
Round took 6.23416ms
Round took 6.094369ms
Round took 5.213085ms
Round took 5.421151ms
Round took 4.546189ms
Round took 5.455858ms
Round took 4.908836ms
Round took 4.981314ms
Round took 5.636533ms
Round took 5.110839ms
Round took 5.02413ms
Round took 4.816549ms
Round took 5.608933ms
Round took 4.815162ms
Round took 4.825947ms
Round took 5.32666ms
Round took 5.20573ms
Round took 4.312062ms
Round took 5.254989ms
Round took 5.555274ms
Round took 5.331979ms
Round took 4.194264ms
Round took 5.131695ms
Round took 5.835551ms
Round took 5.054978ms
Round took 5.06965ms
Round took 4.974657ms
Round took 5.353018ms
Round took 4.937396ms
Round took 5.569986ms
Round took 4.907931ms
Round took 4.961055ms
Round took 4.935599ms
Round took 5.483157ms
Round took 5.86187ms
Round took 4.528716ms
Round took 5.224415ms
Round took 5.307423ms
Round took 4.959137ms
Round took 5.733403ms
Round took 4.037026ms
Round took 5.488529ms
Round took 5.466334ms
Round took 5.606883ms
Round took 5.016681ms
Round took 5.603461ms
Round took 4.773678ms
Round took 4.01862ms
Round took 5.270956ms
Round took 5.168751ms
Round took 4.986759ms
Round took 5.217933ms
Round took 5.524088ms
Round took 4.288367ms
Round took 6.347068ms
Round took 6.072928ms
Round took 6.091473ms
Round took 5.774772ms
Round took 5.652243ms
Round took 5.001816ms
Round took 4.881156ms
Round took 3.767008ms
Round took 4.068447ms
Round took 5.863049ms
Round took 5.525644ms
Round took 5.078351ms
Round took 5.723125ms
Round took 4.209394ms
Round took 5.462444ms
Round took 4.491035ms
Round took 5.799089ms
Round took 4.951873ms
Round took 4.65513ms
Round took 5.217989ms
Round took 5.594752ms
Round took 5.534144ms
Round took 4.847046ms
Round took 4.983852ms
Round took 5.108373ms
Round took 5.0595ms
Round took 5.740372ms
Round took 5.160975ms
Round took 5.233562ms
Round took 5.338142ms
Round took 4.146958ms
Round took 5.529006ms
Round took 4.644977ms
Round took 5.612867ms
Round took 5.142707ms
Round took 4.022484ms
Round took 5.185731ms
Round took 5.944108ms
Round took 4.483572ms
Round took 5.018711ms
Round took 4.553694ms
Round took 5.479129ms
Round took 5.50743ms
Round took 4.344093ms
Round took 4.81983ms
Round took 5.154237ms
Round took 6.395813ms
Round took 6.119226ms
Round took 6.641837ms
Round took 5.084217ms
Round took 5.041712ms
Round took 4.696862ms
Round took 6.037888ms
Round took 4.778214ms
Round took 5.006795ms
Round took 5.375853ms
Round took 5.410361ms
Round took 4.767088ms
Round took 5.38106ms
Round took 6.258744ms
Round took 4.903383ms
Round took 4.524928ms
Round took 5.707543ms
Round took 4.930533ms
Round took 4.727187ms
Round took 6.700995ms
Round took 4.242755ms
Round took 5.249577ms
Round took 5.160128ms
Round took 4.53027ms
Round took 5.29617ms
Round took 7.322569ms
Round took 5.224336ms
Round took 5.306782ms
Round took 4.98804ms
Round took 4.601398ms
Round took 5.36632ms
Round took 5.926929ms
Round took 4.882652ms
Round took 4.650112ms
Round took 5.706302ms
Round took 4.958339ms
Round took 4.912779ms
Round took 4.979768ms
Round took 5.903288ms
Round took 4.453254ms
Round took 5.32174ms
Round took 5.118396ms
Round took 5.390653ms
Round took 4.796764ms
Round took 4.758915ms
Round took 6.378444ms
Round took 4.164832ms
Round took 5.27184ms
Round took 5.042136ms
Round took 5.200058ms
Round took 4.902515ms
Round took 4.972447ms
Round took 6.028201ms
Round took 4.618808ms
Round took 5.107449ms
Round took 4.643772ms
Round took 5.747898ms
Round took 4.57745ms
Round took 5.029607ms
Round took 5.966406ms
Round took 4.464097ms
Round took 5.255768ms
Round took 4.977953ms
Round took 5.265001ms
Round took 4.588772ms
Round took 5.452826ms
Round took 7.532652ms
Round took 6.597779ms
Round took 5.950742ms
Round took 6.753318ms
Round took 3.79994ms
Round took 4.119736ms
Round took 4.869996ms
Round took 5.618579ms
Round took 4.943129ms
Round took 4.999325ms
Round took 5.20438ms
Round took 5.602798ms
Round took 4.499502ms
Round took 5.010457ms
Round took 5.310339ms
Round took 5.42941ms
Round took 4.956965ms
Round took 5.371185ms
Round took 5.278808ms
Round took 4.820663ms
Round took 7.365461ms
Round took 4.695636ms
Round took 4.195067ms
Round took 4.518109ms
Round took 5.028926ms
Round took 5.602098ms
Round took 4.646644ms
Round took 4.907198ms
Round took 5.386112ms
Round took 4.880529ms
Round took 4.645156ms
Round took 5.456159ms
Round took 5.765741ms
Round took 4.5934ms
Round took 5.91356ms
Round took 3.986248ms
Round took 5.098187ms
Round took 4.857462ms
Round took 5.241166ms
Round took 6.079586ms
Round took 4.274213ms
Round took 5.144843ms
Round took 5.929817ms
Round took 4.526326ms
Round took 4.608857ms
Round took 4.995787ms
Round took 4.982343ms
Round took 5.058197ms
Round took 5.253597ms
Round took 4.889295ms
Round took 6.700781ms
Round took 6.615595ms
Round took 4.977976ms
Round took 4.822683ms
Round took 5.136046ms
Round took 5.663917ms
Round took 5.093423ms
Round took 5.42942ms
Round took 5.119827ms
Round took 5.170173ms
Round took 4.579913ms
Round took 5.252939ms
Round took 4.796326ms
Round took 5.519539ms
Round took 5.320188ms
Round took 5.646004ms
Round took 4.565624ms
Round took 5.120879ms
Round took 6.040243ms
Round took 4.480334ms
Round took 6.221137ms
Round took 4.941278ms
Round took 4.203871ms
Round took 5.006782ms
Round took 6.255222ms
Round took 4.230013ms
Round took 5.507648ms
Round took 4.465774ms
Round took 5.213728ms
Round took 4.847515ms
Round took 5.469011ms
Round took 5.147878ms
Round took 5.304442ms
Round took 4.84965ms
Round took 4.874125ms
Round took 6.16349ms
Round took 4.489512ms
Round took 4.850244ms
Round took 5.990722ms
Round took 3.981986ms
Round took 5.615874ms
Round took 4.691676ms
Round took 7.19011ms
Round took 5.676788ms
Round took 4.538826ms
Round took 5.056477ms
Round took 5.167546ms
Round took 5.088844ms
Round took 5.420382ms
Round took 4.540093ms
Round took 5.627264ms
Round took 5.174449ms
Round took 4.967191ms
Round took 4.733141ms
Round took 5.755692ms
Round took 5.909954ms
Round took 4.573576ms
Round took 5.971674ms
Round took 4.769881ms
Round took 5.021522ms
Round took 5.246949ms
Round took 5.272549ms
Round took 4.87496ms
Round took 5.231941ms
Round took 5.321502ms
Round took 5.793633ms
Round took 3.647466ms
Round took 6.277638ms
Round took 4.159649ms
Round took 4.964308ms
Round took 5.494739ms
Round took 4.638321ms
Round took 5.647998ms
Round took 4.713896ms
Round took 5.456723ms
Round took 4.198291ms
Round took 5.607353ms
Round took 4.965837ms
Round took 4.915667ms
Round took 6.044188ms
Round took 4.292267ms
Round took 4.883996ms
Round took 5.027817ms
Round took 5.023731ms
Round took 5.323291ms
Round took 4.704211ms
Round took 5.901962ms
Round took 4.015813ms
Round took 5.198199ms
Round took 5.415187ms
Round took 7.030612ms
Round took 4.500861ms
Round took 4.540579ms
Round took 6.543516ms
Round took 6.127001ms
Round took 5.550338ms
Round took 5.101939ms
Round took 6.626437ms
Round took 5.351112ms
Round took 4.875635ms
Round took 4.510921ms
Round took 17.911038ms
Round took 5.055362ms
Round took 5.10405ms
Round took 4.946139ms
Round took 5.397716ms
Round took 6.423949ms
Round took 5.114782ms
Round took 5.096548ms
Round took 4.276965ms
Round took 5.299755ms
Round took 5.577717ms
Round took 5.706336ms
Round took 5.268446ms
Round took 4.721957ms
Round took 3.353056ms
Round took 5.715992ms
Round took 5.754171ms
Round took 5.169471ms
Round took 4.928255ms
Round took 5.728999ms
Round took 4.857046ms
Round took 5.01187ms
Round took 5.022178ms
Round took 5.253349ms
Round took 5.076259ms
Round took 4.949173ms
Round took 6.464597ms
Round took 4.194644ms
Round took 5.135059ms
Round took 5.581556ms
Round took 4.420327ms
Round took 5.445928ms
Round took 5.012308ms
Round took 5.64969ms
Round took 4.356826ms
Round took 5.131057ms
Round took 5.969298ms
Round took 3.811003ms
Round took 5.087272ms
Round took 4.648484ms
Round took 5.19959ms
Round took 5.883267ms
Round took 4.452443ms
Round took 5.210896ms
Round took 4.427394ms
Round took 7.056568ms
Round took 4.529047ms
Round took 4.763653ms
Round took 4.868958ms
Round took 5.15422ms
Round took 4.905654ms
Round took 5.165034ms
Round took 5.97721ms
Round took 4.395653ms
Round took 5.554303ms
Round took 6.080889ms
Round took 5.188334ms
Round took 5.195496ms
Round took 4.959484ms
Round took 5.097721ms
Round took 5.09928ms
Round took 4.975182ms
Round took 5.160058ms
Round took 5.511171ms
Round took 4.90074ms
Round took 4.793823ms
Round took 5.060709ms
Round took 4.939491ms
Round took 5.370181ms
Round took 4.854464ms
Round took 5.223198ms
Round took 5.093361ms
Round took 4.956666ms
Round took 4.940474ms
Round took 5.356243ms
Round took 6.054866ms
Round took 4.503188ms
Round took 5.001041ms
Round took 5.908862ms
Round took 4.861481ms
Round took 4.474891ms
Round took 7.054466ms
Round took 3.879017ms
Round took 5.337948ms
Round took 4.602275ms
Round took 6.138122ms
Round took 5.311911ms
Round took 5.554498ms
Round took 5.098287ms
Round took 5.245064ms
Round took 5.008055ms
Round took 5.417543ms
Round took 4.857559ms
Round took 4.579872ms
Round took 6.086337ms
Round took 4.457929ms
Round took 5.164835ms
Round took 5.236291ms
Round took 5.546577ms
Round took 6.405954ms
Round took 4.952046ms
Round took 4.743068ms
Round took 5.204607ms
Round took 5.095751ms
Round took 5.387108ms
Round took 4.913819ms
Round took 5.439256ms
Round took 6.706021ms
Round took 4.416024ms
Round took 7.140873ms
Round took 4.287359ms
Round took 4.917149ms
Round took 4.240729ms
Round took 5.706392ms
Round took 4.433235ms
Round took 4.681446ms
Round took 5.783849ms
Round took 4.332959ms
Round took 5.940797ms
Round took 5.349014ms
Round took 5.908928ms
Round took 4.941031ms
Round took 4.478146ms
Round took 4.968066ms
Round took 5.052519ms
Round took 4.625602ms
Round took 5.001861ms
Round took 7.693474ms
Round took 4.980412ms
Round took 5.036094ms
Round took 4.839145ms
Round took 5.822049ms
Round took 4.819398ms
Round took 4.942403ms
Round took 5.261085ms
Round took 4.768978ms
Round took 6.228296ms
Round took 4.77139ms
Round took 5.573711ms
Round took 4.855441ms
Round took 5.470156ms
Round took 4.53911ms
Round took 5.959529ms
Round took 4.585448ms
Round took 5.622508ms
Round took 4.669991ms
Round took 5.877213ms
Round took 4.892307ms
Round took 5.149318ms
Round took 5.059177ms
Round took 5.135242ms
Round took 4.785243ms
Round took 6.41653ms
Round took 4.868574ms
Round took 4.87649ms
Round took 7.006779ms
Round took 5.577574ms
Round took 5.024511ms
Round took 5.131297ms
Round took 4.949039ms
Round took 5.218205ms
Round took 5.197505ms
Round took 4.589591ms
Round took 5.113004ms
Round took 6.26546ms
Round took 4.74831ms
Round took 5.142339ms
Round took 5.927818ms
Round took 4.539835ms
Round took 4.935829ms
Round took 5.131837ms
Round took 5.758633ms
Round took 4.458577ms
Round took 5.054782ms
Round took 5.682525ms
Round took 4.877062ms
Round took 4.908459ms
Round took 4.436175ms
Round took 5.421401ms
Round took 5.339511ms
Round took 4.394273ms
Round took 5.460559ms
Round took 5.347192ms
Round took 4.581639ms
Round took 5.23843ms
Round took 5.669561ms
Round took 4.312133ms
Round took 5.286752ms
Round took 4.685962ms
Round took 6.360246ms
Round took 3.871033ms
Round took 5.204069ms
Round took 6.194256ms
Round took 4.491331ms
Round took 5.17306ms
Round took 4.737911ms
Round took 5.293383ms
Round took 4.845121ms
Round took 4.995197ms
Round took 5.621892ms
Round took 4.328853ms
Round took 5.555268ms
Round took 4.396587ms
Round took 5.224925ms
Round took 5.417449ms
Round took 4.654174ms
Round took 5.754145ms
Round took 4.449718ms
Round took 5.285656ms
Round took 5.268753ms
Round took 4.721785ms
Round took 5.115086ms
Round took 4.070035ms
Round took 5.223031ms
Round took 5.044513ms
Round took 5.367289ms
Round took 4.697048ms
Round took 5.936597ms
Round took 4.861635ms
Round took 4.888539ms
Round took 4.964255ms
Round took 5.57841ms
Round took 4.966949ms
Round took 5.050682ms
Round took 5.564293ms
Round took 6.284029ms
Round took 4.584044ms
Round took 5.19429ms
Round took 4.94611ms
Round took 5.152984ms
Round took 5.033812ms
Round took 4.926816ms
Round took 5.336994ms
Round took 5.12849ms
Round took 5.014225ms
Round took 4.897504ms
Round took 6.019106ms
Round took 4.53867ms
Round took 4.798009ms
Round took 5.05513ms
Round took 5.319193ms
Round took 4.746051ms
Round took 5.102997ms
Round took 5.43953ms
Round took 4.914031ms
Round took 4.994854ms
Round took 4.923042ms
Round took 4.993631ms
Round took 5.263054ms
Round took 5.024194ms
Round took 5.233919ms
Round took 5.20749ms
Round took 5.714412ms
Round took 4.727954ms
Round took 5.430468ms
Round took 4.769179ms
Round took 5.054475ms
Round took 5.014357ms
Round took 6.729162ms
Round took 4.092805ms
Round took 5.086653ms
Round took 4.666118ms
Round took 6.580232ms
Round took 5.256764ms
Round took 4.678127ms
Round took 5.288379ms
Round took 4.975986ms
Round took 4.664334ms
Round took 4.929724ms
Round took 6.209356ms
Round took 4.63802ms
Round took 6.2179ms
Round took 3.874094ms
Round took 5.28163ms
Round took 4.954453ms
Round took 5.437946ms
Round took 5.825537ms
Round took 4.036279ms
Round took 5.414733ms
Round took 6.203545ms
Round took 5.992755ms
Round took 5.165505ms
Round took 5.15239ms
Round took 5.939786ms
Round took 4.27255ms
Round took 4.936462ms
Round took 5.299911ms
Round took 4.964682ms
Round took 4.828093ms
Round took 5.106289ms
Round took 5.137215ms
Round took 5.74247ms
Round took 5.608356ms
Round took 4.507625ms
Round took 4.642341ms
Round took 5.175472ms
Round took 4.311374ms
Round took 5.272177ms
Round took 5.090103ms
Round took 5.075193ms
Round took 5.229601ms
Round took 4.933253ms
Round took 5.349206ms
Round took 4.629964ms
Round took 5.43874ms
Round took 4.566477ms
Round took 5.162724ms
Round took 5.017407ms
Round took 6.237573ms
Round took 4.727486ms
Round took 4.423388ms
Round took 4.868262ms
Round took 5.636674ms
Round took 5.272347ms
Round took 4.4681ms
Round took 5.372585ms
Round took 5.619544ms
Round took 4.31717ms
Round took 6.026289ms
Round took 4.027157ms
Round took 5.319832ms
Round took 4.741401ms
Round took 4.946071ms
Round took 5.664937ms
Round took 4.857855ms
Round took 4.982589ms
Round took 6.447775ms
Round took 4.961703ms
Round took 4.732249ms
Round took 5.25604ms
Round took 5.983102ms
Round took 5.041067ms
Round took 4.97029ms
Round took 6.241546ms
Round took 4.014364ms
Round took 5.029133ms
Round took 4.924806ms
Round took 6.166807ms
Round took 5.467197ms
Round took 4.788834ms
Round took 4.950387ms
Round took 3.966596ms
Round took 6.063537ms
Round took 4.900237ms
Round took 6.332614ms
Round took 5.083098ms
Round took 5.286699ms
Round took 5.209792ms
Round took 3.485444ms
Round took 5.485539ms
Round took 4.833226ms
Round took 5.563481ms
Round took 5.165512ms
Round took 4.572662ms
Round took 6.556817ms
Round took 3.789678ms
Round took 5.438458ms
Round took 5.043344ms
Round took 5.365164ms
Round took 5.670561ms
Round took 4.301281ms
Round took 6.56495ms
Round took 6.363153ms
Round took 4.861432ms
Round took 5.042772ms
Round took 5.250033ms
Round took 5.119181ms
Round took 5.333202ms
Round took 4.362616ms
Round took 6.05056ms
Round took 5.322749ms
Round took 4.852692ms
Round took 4.949671ms
Round took 5.584281ms
Round took 5.247553ms
Round took 4.38437ms
Round took 5.433057ms
Round took 5.184284ms
Round took 5.025795ms
Round took 5.26305ms
Round took 5.432095ms
Round took 4.89291ms
Round took 5.056583ms
Round took 4.933147ms
Round took 5.816962ms
Round took 5.383792ms
Round took 5.979666ms
Round took 3.694511ms
Round took 5.566739ms
Round took 4.813586ms
Round took 6.458536ms
Round took 4.569511ms
Round took 4.3111ms
Round took 5.735678ms
Round took 4.912746ms
Round took 4.794157ms
Round took 4.852446ms
Round took 4.947489ms
Round took 6.296186ms
Round took 4.124611ms
Round took 5.872413ms
Round took 4.552174ms
Round took 5.098262ms
Round took 4.787007ms
Round took 6.408816ms
Round took 6.236652ms
Round took 5.332898ms
Round took 5.034089ms
Round took 4.563745ms
Round took 5.774949ms
Round took 4.602213ms
Round took 5.029365ms
Round took 4.794746ms
Round took 5.112139ms
Round took 5.915325ms
Round took 4.758109ms
Round took 6.157838ms
Round took 4.535254ms
Round took 4.957932ms
Round took 4.89645ms
Round took 5.612064ms
Round took 5.249647ms
Round took 4.42954ms
Round took 5.858756ms
Round took 4.385143ms
Round took 5.03262ms
Round took 4.754029ms
Round took 5.207314ms
Round took 5.08518ms
Round took 4.95999ms
Round took 5.29066ms
Round took 5.1715ms
Round took 5.269107ms
Round took 5.272088ms
Round took 4.744967ms
Round took 5.247716ms
Round took 5.039279ms
Round took 5.767823ms
Round took 4.603633ms
Round took 4.864405ms
Round took 5.29456ms
Round took 4.892199ms
Round took 5.444011ms
Round took 5.486216ms
Round took 4.785864ms
Round took 5.489818ms
Round took 4.725325ms
Round took 5.310696ms
Round took 5.623501ms
Round took 7.162793ms
Round took 4.89159ms
Round took 4.73682ms
Round took 3.879984ms
Round took 3.978439ms
Round took 5.303645ms
Round took 5.241405ms
Round took 5.976077ms
Round took 4.90648ms
Round took 6.173737ms
Round took 6.579823ms
Round took 4.740368ms
Round took 4.953361ms
Round took 5.007963ms
Round took 5.179244ms
Round took 4.943892ms
Round took 5.060789ms
Round took 4.987218ms
Round took 5.169539ms
Round took 4.98933ms
Round took 5.060295ms
Round took 5.598884ms
Round took 4.954821ms
Round took 4.892217ms
Round took 5.498159ms
Round took 5.32005ms
Round took 4.978689ms
Round took 5.166452ms
Round took 5.899646ms
Round took 5.518459ms
Round took 5.303081ms
Round took 5.123364ms
Round took 5.205843ms
Round took 4.667884ms
Round took 3.841756ms
Round took 5.258772ms
Round took 5.084311ms
Round took 5.437924ms
Round took 4.5447ms
Round took 7.20066ms
Round took 6.003407ms
Round took 4.507682ms
Round took 4.659601ms
Round took 4.746213ms
Round took 4.525869ms
Round took 3.608073ms
Round took 5.80743ms
Round took 5.606322ms
Round took 4.424673ms
Round took 4.918872ms
Round took 7.339271ms
Round took 6.400675ms
Round took 5.303641ms
Round took 4.720612ms
Round took 6.013136ms
Round took 4.578914ms
Round took 5.082957ms
Round took 7.436267ms
Round took 4.791287ms
Round took 6.074947ms
Round took 4.478617ms
Round took 4.529067ms
Round took 5.675161ms
Round took 5.032179ms
Round took 5.874587ms
Round took 4.231308ms
Round took 5.727589ms
Round took 6.482724ms
Round took 5.040657ms
Round took 4.788664ms
Round took 5.075133ms
Round took 5.340295ms
Round took 4.782663ms
Round took 4.732586ms
Round took 5.80232ms
Round took 4.594737ms
Round took 5.309527ms
Round took 5.00696ms
Round took 5.131014ms
Round took 5.691107ms
Round took 4.74323ms
Round took 5.336829ms
Round took 5.214024ms
Round took 5.1091ms
Round took 5.063379ms
Round took 5.006002ms
Round took 6.814043ms
Round took 5.52114ms
Round took 5.58099ms
Round took 4.415839ms
Round took 4.990231ms
Round took 5.766748ms
Round took 4.22385ms
Round took 7.070754ms
Round took 6.458907ms
Round took 5.826712ms
Round took 4.134058ms
Test took 5.240753836s
Successful: 10000
