Uniform distribution
2021/04/16 21:40:47 The leader is replica 0
Round took 6.834342ms
Round took 6.575886ms
Round took 6.992836ms
Round took 6.388133ms
Round took 4.046065ms
Round took 5.663515ms
Round took 5.366725ms
Round took 5.859265ms
Round took 4.665336ms
Round took 5.591703ms
Round took 3.98683ms
Round took 4.747826ms
Round took 4.660053ms
Round took 5.10757ms
Round took 5.587549ms
Round took 5.058736ms
Round took 4.959554ms
Round took 5.393067ms
Round took 4.931226ms
Round took 4.762811ms
Round took 5.232881ms
Round took 5.447106ms
Round took 5.016184ms
Round took 4.528643ms
Round took 4.982952ms
Round took 5.450013ms
Round took 4.89401ms
Round took 5.011617ms
Round took 5.671331ms
Round took 4.333451ms
Round took 5.219637ms
Round took 4.814686ms
Round took 5.40009ms
Round took 5.153305ms
Round took 4.870593ms
Round took 5.937094ms
Round took 6.217604ms
Round took 7.977701ms
Round took 7.161257ms
Round took 4.763302ms
Round took 4.015792ms
Round took 6.676319ms
Round took 5.317875ms
Round took 6.595549ms
Round took 4.212355ms
Round took 5.632404ms
Round took 5.428734ms
Round took 4.90299ms
Round took 4.527031ms
Round took 6.204197ms
Round took 5.817943ms
Round took 4.988865ms
Round took 5.698896ms
Round took 3.764977ms
Round took 3.548416ms
Round took 5.778416ms
Round took 5.208134ms
Round took 5.540371ms
Round took 4.972343ms
Round took 4.716293ms
Round took 5.098348ms
Round took 5.310661ms
Round took 4.554821ms
Round took 5.238419ms
Round took 5.634951ms
Round took 6.531046ms
Round took 5.250566ms
Round took 4.090064ms
Round took 5.013509ms
Round took 5.271139ms
Round took 4.789261ms
Round took 5.562563ms
Round took 5.131713ms
Round took 4.742492ms
Round took 5.159369ms
Round took 4.816493ms
Round took 5.04428ms
Round took 6.410496ms
Round took 4.194112ms
Round took 4.800175ms
Round took 4.925201ms
Round took 4.873846ms
Round took 6.058569ms
Round took 4.302774ms
Round took 5.198053ms
Round took 5.118282ms
Round took 4.913084ms
Round took 5.034466ms
Round took 4.676901ms
Round took 5.592837ms
Round took 4.82072ms
Round took 4.737672ms
Round took 4.996169ms
Round took 5.496664ms
Round took 5.150498ms
Round took 5.061266ms
Round took 5.407888ms
Round took 5.343694ms
Round took 4.575866ms
Round took 5.017017ms
Round took 5.644974ms
Round took 5.085985ms
Round took 4.925066ms
Round took 5.520543ms
Round took 5.539889ms
Round took 5.205333ms
Round took 4.97433ms
Round took 5.052772ms
Round took 6.737806ms
Round took 5.030901ms
Round took 4.923832ms
Round took 4.855844ms
Round took 5.309811ms
Round took 5.101004ms
Round took 4.950231ms
Round took 5.223561ms
Round took 5.10136ms
Round took 4.696808ms
Round took 5.249637ms
Round took 5.503398ms
Round took 4.592585ms
Round took 4.766606ms
Round took 4.976101ms
Round took 5.321321ms
Round took 5.296093ms
Round took 4.597763ms
Round took 5.099311ms
Round took 5.585634ms
Round took 5.159478ms
Round took 4.680641ms
Round took 6.045973ms
Round took 4.415394ms
Round took 4.555586ms
Round took 5.419537ms
Round took 5.195374ms
Round took 4.769106ms
Round took 4.915639ms
Round took 5.185459ms
Round took 5.122583ms
Round took 5.086506ms
Round took 4.820036ms
Round took 5.850135ms
Round took 5.047321ms
Round took 5.808607ms
Round took 5.649508ms
Round took 5.034661ms
Round took 4.932185ms
Round took 3.807888ms
Round took 4.092705ms
Round took 5.911047ms
Round took 5.544456ms
Round took 5.086758ms
Round took 5.221145ms
Round took 4.114548ms
Round took 5.295087ms
Round took 4.535723ms
Round took 5.410894ms
Round took 5.080806ms
Round took 4.594999ms
Round took 5.239328ms
Round took 5.066139ms
Round took 5.487373ms
Round took 4.46834ms
Round took 4.959315ms
Round took 5.134385ms
Round took 5.038879ms
Round took 4.978889ms
Round took 5.562907ms
Round took 5.247134ms
Round took 4.436942ms
Round took 5.06532ms
Round took 5.615884ms
Round took 4.541403ms
Round took 5.466481ms
Round took 4.670145ms
Round took 5.215454ms
Round took 5.060958ms
Round took 5.445549ms
Round took 5.285045ms
Round took 4.994354ms
Round took 4.634403ms
Round took 5.198183ms
Round took 5.892391ms
Round took 4.308838ms
Round took 4.812269ms
Round took 5.298428ms
Round took 5.265866ms
Round took 5.024617ms
Round took 4.955079ms
Round took 5.751527ms
Round took 5.175833ms
Round took 4.847259ms
Round took 4.671905ms
Round took 6.027121ms
Round took 4.811636ms
Round took 5.024727ms
Round took 5.409144ms
Round took 4.90367ms
Round took 4.750331ms
Round took 5.376149ms
Round took 5.063458ms
Round took 4.806777ms
Round took 4.688472ms
Round took 5.753476ms
Round took 4.965359ms
Round took 4.373619ms
Round took 5.515019ms
Round took 4.489146ms
Round took 5.602655ms
Round took 4.650465ms
Round took 4.926438ms
Round took 5.736004ms
Round took 5.431982ms
Round took 4.749547ms
Round took 5.710284ms
Round took 5.008796ms
Round took 4.334279ms
Round took 4.607706ms
Round took 5.796945ms
Round took 5.256342ms
Round took 4.992825ms
Round took 4.564171ms
Round took 5.668772ms
Round took 4.748955ms
Round took 4.836582ms
Round took 5.022146ms
Round took 5.637757ms
Round took 4.252889ms
Round took 5.364688ms
Round took 5.031726ms
Round took 5.107095ms
Round took 4.984309ms
Round took 4.810646ms
Round took 6.23237ms
Round took 4.008368ms
Round took 5.150995ms
Round took 4.889089ms
Round took 5.405167ms
Round took 4.87683ms
Round took 4.820288ms
Round took 5.890244ms
Round took 4.589731ms
Round took 5.108668ms
Round took 4.875124ms
Round took 5.398036ms
Round took 4.936386ms
Round took 5.090694ms
Round took 5.00142ms
Round took 5.05521ms
Round took 5.348436ms
Round took 5.037659ms
Round took 5.257496ms
Round took 4.587982ms
Round took 5.342246ms
Round took 4.874757ms
Round took 5.050109ms
Round took 6.040159ms
Round took 6.366888ms
Round took 4.838418ms
Round took 4.004396ms
Round took 4.114834ms
Round took 4.860876ms
Round took 5.625348ms
Round took 4.764881ms
Round took 4.856278ms
Round took 5.064626ms
Round took 5.618277ms
Round took 4.530666ms
Round took 4.991171ms
Round took 5.117681ms
Round took 5.302756ms
Round took 4.910969ms
Round took 5.588774ms
Round took 5.314513ms
Round took 4.84057ms
Round took 5.87441ms
Round took 5.59373ms
Round took 4.068134ms
Round took 4.593418ms
Round took 5.018517ms
Round took 5.744153ms
Round took 4.71834ms
Round took 4.92054ms
Round took 5.107934ms
Round took 5.152713ms
Round took 4.697453ms
Round took 5.222903ms
Round took 5.163719ms
Round took 5.135584ms
Round took 5.363548ms
Round took 4.652023ms
Round took 5.301729ms
Round took 4.871434ms
Round took 5.154343ms
Round took 5.508351ms
Round took 5.273955ms
Round took 4.454397ms
Round took 4.629691ms
Round took 4.763001ms
Round took 5.705811ms
Round took 4.832776ms
Round took 4.745477ms
Round took 5.080288ms
Round took 5.416073ms
Round took 5.019674ms
Round took 5.402083ms
Round took 5.186289ms
Round took 5.119571ms
Round took 5.227823ms
Round took 4.763454ms
Round took 5.282816ms
Round took 5.733689ms
Round took 5.693617ms
Round took 5.012422ms
Round took 4.774006ms
Round took 5.203105ms
Round took 5.395526ms
Round took 4.909502ms
Round took 4.349951ms
Round took 5.438609ms
Round took 5.282094ms
Round took 5.62452ms
Round took 4.388386ms
Round took 5.847782ms
Round took 4.742175ms
Round took 4.583497ms
Round took 6.196841ms
Round took 4.329841ms
Round took 4.430358ms
Round took 4.980187ms
Round took 5.41616ms
Round took 4.976799ms
Round took 5.402638ms
Round took 4.452579ms
Round took 4.85207ms
Round took 5.323411ms
Round took 5.460039ms
Round took 5.07077ms
Round took 5.375736ms
Round took 4.80658ms
Round took 4.830417ms
Round took 5.196465ms
Round took 5.157488ms
Round took 4.742883ms
Round took 4.796922ms
Round took 4.546578ms
Round took 5.697504ms
Round took 4.638891ms
Round took 5.20492ms
Round took 4.972032ms
Round took 5.775536ms
Round took 4.495814ms
Round took 5.062461ms
Round took 5.643319ms
Round took 4.671411ms
Round took 5.258411ms
Round took 4.310382ms
Round took 5.860729ms
Round took 4.962256ms
Round took 4.926844ms
Round took 4.593905ms
Round took 5.654738ms
Round took 4.699414ms
Round took 4.362682ms
Round took 5.534068ms
Round took 5.223122ms
Round took 4.94165ms
Round took 5.247752ms
Round took 4.605621ms
Round took 5.418829ms
Round took 5.205905ms
Round took 5.058079ms
Round took 5.980147ms
Round took 3.842337ms
Round took 5.729773ms
Round took 4.443892ms
Round took 5.163014ms
Round took 5.513096ms
Round took 4.623099ms
Round took 5.647234ms
Round took 4.73172ms
Round took 5.434199ms
Round took 4.189399ms
Round took 5.680712ms
Round took 5.067079ms
Round took 5.026353ms
Round took 5.929868ms
Round took 4.432201ms
Round took 4.837287ms
Round took 5.064124ms
Round took 5.214654ms
Round took 5.012799ms
Round took 4.311743ms
Round took 5.019555ms
Round took 4.726483ms
Round took 5.236933ms
Round took 5.416018ms
Round took 5.288898ms
Round took 5.569631ms
Round took 4.476133ms
Round took 5.094326ms
Round took 4.648922ms
Round took 5.785517ms
Round took 5.203215ms
Round took 5.085343ms
Round took 6.967559ms
Round took 5.815785ms
Round took 5.043558ms
Round took 3.601242ms
Round took 20.294302ms
Round took 3.408711ms
Round took 4.592427ms
Round took 4.829864ms
Round took 5.882774ms
Round took 5.965995ms
Round took 4.783152ms
Round took 5.592748ms
Round took 4.381212ms
Round took 4.911573ms
Round took 6.485179ms
Round took 5.560776ms
Round took 5.435673ms
Round took 3.919325ms
Round took 3.458795ms
Round took 6.301557ms
Round took 4.92716ms
Round took 5.288354ms
Round took 4.987541ms
Round took 4.882055ms
Round took 5.073791ms
Round took 4.959278ms
Round took 5.825174ms
Round took 4.17338ms
Round took 5.044202ms
Round took 4.979164ms
Round took 5.203152ms
Round took 4.48725ms
Round took 4.984002ms
Round took 4.629277ms
Round took 4.849522ms
Round took 5.509449ms
Round took 4.821176ms
Round took 5.04166ms
Round took 5.206141ms
Round took 4.971924ms
Round took 5.246727ms
Round took 4.467253ms
Round took 5.638294ms
Round took 4.567939ms
Round took 4.756842ms
Round took 5.495356ms
Round took 5.006229ms
Round took 5.174722ms
Round took 4.59977ms
Round took 6.051499ms
Round took 5.391229ms
Round took 4.265403ms
Round took 4.548885ms
Round took 5.37993ms
Round took 4.982419ms
Round took 4.931291ms
Round took 5.230705ms
Round took 5.264658ms
Round took 5.01637ms
Round took 4.4042ms
Round took 5.102402ms
Round took 5.247544ms
Round took 5.16793ms
Round took 5.085753ms
Round took 5.567404ms
Round took 4.795603ms
Round took 4.727658ms
Round took 5.186089ms
Round took 5.471255ms
Round took 4.873881ms
Round took 5.169121ms
Round took 4.66837ms
Round took 4.924445ms
Round took 5.307355ms
Round took 4.797177ms
Round took 5.547098ms
Round took 4.839513ms
Round took 4.803345ms
Round took 4.891653ms
Round took 5.428493ms
Round took 5.911724ms
Round took 4.499516ms
Round took 5.467393ms
Round took 4.961817ms
Round took 4.874555ms
Round took 4.501765ms
Round took 6.303865ms
Round took 3.622216ms
Round took 5.292159ms
Round took 4.6328ms
Round took 6.156648ms
Round took 4.201624ms
Round took 4.804138ms
Round took 5.342816ms
Round took 5.442087ms
Round took 4.886168ms
Round took 4.980333ms
Round took 5.002396ms
Round took 5.12477ms
Round took 5.132231ms
Round took 4.777299ms
Round took 5.665855ms
Round took 5.020865ms
Round took 4.370963ms
Round took 5.211134ms
Round took 5.605916ms
Round took 5.127108ms
Round took 4.601579ms
Round took 5.23656ms
Round took 4.967379ms
Round took 5.399206ms
Round took 4.280829ms
Round took 5.031877ms
Round took 4.9475ms
Round took 5.127315ms
Round took 5.166704ms
Round took 5.154797ms
Round took 4.911151ms
Round took 4.905745ms
Round took 5.192763ms
Round took 5.344742ms
Round took 4.84445ms
Round took 5.256441ms
Round took 4.932726ms
Round took 5.833169ms
Round took 4.517728ms
Round took 5.434688ms
Round took 5.379592ms
Round took 4.403358ms
Round took 4.64796ms
Round took 4.885512ms
Round took 6.277495ms
Round took 4.609095ms
Round took 5.078686ms
Round took 5.790581ms
Round took 4.998177ms
Round took 5.119553ms
Round took 4.824563ms
Round took 5.776479ms
Round took 4.370866ms
Round took 4.936404ms
Round took 5.829352ms
Round took 4.262407ms
Round took 5.043273ms
Round took 4.406363ms
Round took 5.318806ms
Round took 4.930858ms
Round took 5.449483ms
Round took 4.575715ms
Round took 5.606878ms
Round took 4.812857ms
Round took 5.373698ms
Round took 4.873077ms
Round took 6.010534ms
Round took 4.610894ms
Round took 4.889478ms
Round took 5.679286ms
Round took 4.852289ms
Round took 4.255261ms
Round took 5.419137ms
Round took 5.111254ms
Round took 4.871004ms
Round took 5.255632ms
Round took 4.684573ms
Round took 5.734123ms
Round took 5.135931ms
Round took 5.108849ms
Round took 5.561889ms
Round took 4.48883ms
Round took 5.111515ms
Round took 4.640296ms
Round took 5.780294ms
Round took 5.113846ms
Round took 4.974083ms
Round took 5.587018ms
Round took 5.425319ms
Round took 4.537891ms
Round took 4.978282ms
Round took 5.072361ms
Round took 5.614247ms
Round took 4.836051ms
Round took 5.485545ms
Round took 4.649207ms
Round took 4.791819ms
Round took 5.094268ms
Round took 4.424581ms
Round took 5.334504ms
Round took 5.393482ms
Round took 4.338582ms
Round took 5.447062ms
Round took 5.348526ms
Round took 4.595301ms
Round took 5.242219ms
Round took 5.643018ms
Round took 4.289847ms
Round took 5.275447ms
Round took 4.663233ms
Round took 6.344616ms
Round took 3.896054ms
Round took 5.180435ms
Round took 6.222399ms
Round took 4.368268ms
Round took 5.20875ms
Round took 4.696945ms
Round took 5.263143ms
Round took 4.770827ms
Round took 5.002212ms
Round took 5.626506ms
Round took 5.200081ms
Round took 5.527088ms
Round took 4.131397ms
Round took 5.376465ms
Round took 5.528326ms
Round took 4.578526ms
Round took 5.756173ms
Round took 4.421148ms
Round took 5.432386ms
Round took 5.054957ms
Round took 6.734029ms
Round took 6.003943ms
Round took 5.19591ms
Round took 5.053303ms
Round took 5.598219ms
Round took 4.590345ms
Round took 4.998158ms
Round took 4.995369ms
Round took 5.578985ms
Round took 4.913039ms
Round took 5.186423ms
Round took 5.010233ms
Round took 4.994107ms
Round took 5.185669ms
Round took 5.219369ms
Round took 5.452351ms
Round took 4.573498ms
Round took 4.80848ms
Round took 4.937626ms
Round took 5.126174ms
Round took 5.18674ms
Round took 4.902841ms
Round took 5.304092ms
Round took 5.23436ms
Round took 4.91078ms
Round took 4.938662ms
Round took 6.028819ms
Round took 4.576273ms
Round took 4.848127ms
Round took 5.026196ms
Round took 5.32027ms
Round took 4.782874ms
Round took 5.030757ms
Round took 6.273875ms
Round took 4.201553ms
Round took 5.003052ms
Round took 4.859873ms
Round took 5.090002ms
Round took 5.231473ms
Round took 4.9377ms
Round took 5.336249ms
Round took 5.134961ms
Round took 4.761999ms
Round took 4.736173ms
Round took 5.321718ms
Round took 4.838893ms
Round took 4.983599ms
Round took 4.982076ms
Round took 5.663201ms
Round took 4.405989ms
Round took 5.177977ms
Round took 4.752008ms
Round took 6.644424ms
Round took 4.814966ms
Round took 4.226668ms
Round took 5.149871ms
Round took 5.669403ms
Round took 4.338852ms
Round took 4.921724ms
Round took 5.201818ms
Round took 5.005011ms
Round took 5.373653ms
Round took 4.85031ms
Round took 5.441489ms
Round took 4.924237ms
Round took 5.092267ms
Round took 6.018258ms
Round took 4.063211ms
Round took 5.059998ms
Round took 5.090935ms
Round took 4.781549ms
Round took 5.732346ms
Round took 4.495817ms
Round took 5.140188ms
Round took 5.736063ms
Round took 4.313152ms
Round took 4.841541ms
Round took 5.266714ms
Round took 6.349138ms
Round took 4.488995ms
Round took 5.220291ms
Round took 5.939622ms
Round took 5.01044ms
Round took 6.011867ms
Round took 4.481806ms
Round took 4.167226ms
Round took 4.965507ms
Round took 4.34636ms
Round took 5.202901ms
Round took 5.060041ms
Round took 5.066181ms
Round took 5.300802ms
Round took 5.294693ms
Round took 4.975753ms
Round took 4.679871ms
Round took 5.325237ms
Round took 5.134376ms
Round took 4.635103ms
Round took 4.538464ms
Round took 5.038795ms
Round took 5.815395ms
Round took 4.411387ms
Round took 5.086681ms
Round took 5.479805ms
Round took 5.14341ms
Round took 4.65826ms
Round took 5.054708ms
Round took 5.74156ms
Round took 4.472276ms
Round took 5.443341ms
Round took 4.631644ms
Round took 5.632892ms
Round took 4.710025ms
Round took 4.93724ms
Round took 5.182697ms
Round took 5.155518ms
Round took 5.008395ms
Round took 5.417694ms
Round took 5.292374ms
Round took 4.485493ms
Round took 4.540203ms
Round took 5.00649ms
Round took 5.862096ms
Round took 4.49015ms
Round took 5.006141ms
Round took 5.18983ms
Round took 4.976722ms
Round took 5.006597ms
Round took 5.027928ms
Round took 5.670159ms
Round took 6.006325ms
Round took 4.691445ms
Round took 4.764829ms
Round took 4.335312ms
Round took 5.086125ms
Round took 4.794895ms
Round took 5.176274ms
Round took 5.838196ms
Round took 4.6207ms
Round took 4.800171ms
Round took 4.7354ms
Round took 5.442493ms
Round took 4.89092ms
Round took 4.863858ms
Round took 5.225324ms
Round took 5.07111ms
Round took 5.267411ms
Round took 4.638282ms
Round took 5.683545ms
Round took 4.896694ms
Round took 5.277367ms
Round took 4.859251ms
Round took 4.868917ms
Round took 5.274443ms
Round took 4.707433ms
Round took 6.366457ms
Round took 4.461797ms
Round took 4.655811ms
Round took 5.198946ms
Round took 5.178522ms
Round took 5.240078ms
Round took 4.467511ms
Round took 5.591649ms
Round took 4.974518ms
Round took 4.883706ms
Round took 4.950471ms
Round took 4.980497ms
Round took 5.395873ms
Round took 4.773236ms
Round took 5.164956ms
Round took 5.168535ms
Round took 5.420713ms
Round took 5.016684ms
Round took 6.098501ms
Round took 4.32845ms
Round took 5.121391ms
Round took 4.723827ms
Round took 5.953517ms
Round took 5.218928ms
Round took 4.771255ms
Round took 4.749107ms
Round took 5.509843ms
Round took 4.551929ms
Round took 5.573264ms
Round took 5.379446ms
Round took 4.202132ms
Round took 5.086748ms
Round took 4.946889ms
Round took 5.52604ms
Round took 4.904419ms
Round took 4.425825ms
Round took 4.998205ms
Round took 5.38162ms
Round took 5.043486ms
Round took 4.934885ms
Round took 5.348333ms
Round took 4.799122ms
Round took 5.650798ms
Round took 4.24225ms
Round took 6.0856ms
Round took 4.961084ms
Round took 4.968326ms
Round took 4.653584ms
Round took 5.75901ms
Round took 4.159161ms
Round took 5.049201ms
Round took 4.827568ms
Round took 5.097102ms
Round took 5.871934ms
Round took 4.71878ms
Round took 5.85702ms
Round took 4.108811ms
Round took 5.249991ms
Round took 4.939201ms
Round took 5.524607ms
Round took 5.157319ms
Round took 4.469299ms
Round took 5.120529ms
Round took 5.188137ms
Round took 4.961961ms
Round took 4.816986ms
Round took 5.139027ms
Round took 5.103076ms
Round took 4.918945ms
Round took 5.298045ms
Round took 5.000138ms
Round took 5.01151ms
Round took 4.944803ms
Round took 4.942523ms
Round took 5.523994ms
Round took 4.791002ms
Round took 4.774681ms
Round took 4.950026ms
Round took 6.422451ms
Round took 4.81268ms
Round took 4.918918ms
Round took 5.731164ms
Round took 5.39163ms
Round took 4.60058ms
Round took 5.395959ms
Round took 4.783199ms
Round took 5.063823ms
Round took 4.939673ms
Round took 6.259193ms
Round took 6.150524ms
Round took 4.859474ms
Round took 5.049134ms
Round took 3.493949ms
Round took 5.212961ms
Round took 5.176149ms
Round took 6.025467ms
Round took 4.86692ms
Round took 6.096255ms
Round took 3.213408ms
Round took 6.585036ms
Round took 4.243449ms
Round took 4.928653ms
Round took 5.521901ms
Round took 4.59458ms
Round took 4.967316ms
Round took 5.122627ms
Round took 5.390093ms
Round took 4.669002ms
Round took 5.183589ms
Round took 5.987901ms
Round took 4.617973ms
Round took 4.592416ms
Round took 4.719833ms
Round took 5.593912ms
Round took 4.968312ms
Round took 5.009165ms
Round took 5.658935ms
Round took 6.1396ms
Round took 4.860224ms
Round took 5.462444ms
Round took 5.125377ms
Round took 5.143163ms
Round took 4.493436ms
Round took 3.774147ms
Round took 6.695652ms
Round took 4.105108ms
Round took 6.164379ms
Round took 4.70265ms
Round took 8.42785ms
Round took 4.275493ms
Round took 5.017137ms
Round took 4.611486ms
Round took 5.328516ms
Round took 4.344892ms
Round took 5.249189ms
Round took 6.086203ms
Round took 4.631963ms
Round took 5.019478ms
Round took 5.146833ms
Round took 5.049449ms
Round took 5.878649ms
Round took 6.053519ms
Round took 4.127382ms
Round took 5.31285ms
Round took 4.636414ms
Round took 5.466902ms
Round took 5.151148ms
Round took 4.398284ms
Round took 5.046475ms
Round took 5.366532ms
Round took 4.440087ms
Round took 5.158708ms
Round took 5.196163ms
Round took 5.788959ms
Round took 4.180483ms
Round took 5.410063ms
Round took 4.723337ms
Round took 5.180123ms
Round took 5.092358ms
Round took 4.7812ms
Round took 5.102124ms
Round took 5.511015ms
Round took 4.548877ms
Round took 4.560067ms
Round took 6.041138ms
Round took 4.376433ms
Round took 5.367827ms
Round took 4.910971ms
Round took 5.329657ms
Round took 5.119026ms
Round took 4.79954ms
Round took 5.344522ms
Round took 5.169922ms
Round took 5.080209ms
Round took 5.037126ms
Round took 5.329229ms
Round took 4.90992ms
Round took 4.968091ms
Round took 5.24065ms
Round took 5.563941ms
Round took 4.832547ms
Round took 4.776801ms
Round took 4.224782ms
Round took 6.373916ms
Round took 5.035784ms
Round took 5.99639ms
Round took 5.521229ms
Round took 4.164616ms
Round took 4.494121ms
Round took 4.737155ms
Round took 5.769813ms
Round took 4.699072ms
Round took 5.157355ms
Round took 6.425368ms
Round took 4.316876ms
Round took 5.096323ms
Round took 5.07096ms
Round took 4.920894ms
Round took 5.216302ms
Round took 4.758925ms
Round took 5.640256ms
Round took 4.658357ms
Round took 5.257904ms
Round took 4.843402ms
Round took 4.965514ms
Round took 5.155102ms
Round took 5.074137ms
Round took 5.748276ms
Round took 4.55607ms
Round took 5.040471ms
Round took 5.045347ms
Round took 5.023624ms
Round took 5.311851ms
Round took 5.198374ms
Round took 4.694099ms
Round took 5.141799ms
Round took 5.188764ms
Round took 5.167324ms
Round took 5.390622ms
Round took 6.264865ms
Round took 3.450361ms
Round took 4.96168ms
Test took 5.13730432s
Successful: 10000
