Uniform distribution
2021/04/16 21:40:47 The leader is replica 0
Round took 6.565171ms
Round took 7.007061ms
Round took 6.339941ms
Round took 4.047539ms
Round took 5.649778ms
Round took 5.402577ms
Round took 6.034543ms
Round took 6.143371ms
Round took 4.525031ms
Round took 3.797291ms
Round took 4.892381ms
Round took 5.166731ms
Round took 5.375007ms
Round took 5.56399ms
Round took 5.02186ms
Round took 5.381403ms
Round took 4.854038ms
Round took 4.991572ms
Round took 5.225764ms
Round took 5.201211ms
Round took 5.641007ms
Round took 4.671595ms
Round took 4.982202ms
Round took 4.400201ms
Round took 5.42235ms
Round took 4.899562ms
Round took 5.524141ms
Round took 5.57766ms
Round took 4.352307ms
Round took 6.061828ms
Round took 3.58912ms
Round took 5.362606ms
Round took 4.409641ms
Round took 4.92984ms
Round took 6.469491ms
Round took 6.626423ms
Round took 8.466439ms
Round took 6.678523ms
Round took 3.961893ms
Round took 4.027535ms
Round took 7.105908ms
Round took 6.136687ms
Round took 5.871169ms
Round took 4.568512ms
Round took 5.679849ms
Round took 4.452719ms
Round took 5.131804ms
Round took 4.441684ms
Round took 7.074144ms
Round took 4.968178ms
Round took 5.64243ms
Round took 4.898504ms
Round took 3.595172ms
Round took 3.923404ms
Round took 5.752676ms
Round took 5.737623ms
Round took 5.064686ms
Round took 4.995511ms
Round took 4.701008ms
Round took 5.710497ms
Round took 5.212888ms
Round took 3.953982ms
Round took 5.741242ms
Round took 6.707698ms
Round took 5.5939ms
Round took 4.767058ms
Round took 4.121205ms
Round took 4.956862ms
Round took 5.715967ms
Round took 4.7133ms
Round took 5.216975ms
Round took 5.136965ms
Round took 5.141114ms
Round took 4.675709ms
Round took 4.652308ms
Round took 5.003705ms
Round took 6.129246ms
Round took 4.214398ms
Round took 4.815673ms
Round took 4.982471ms
Round took 5.336ms
Round took 5.752395ms
Round took 4.486378ms
Round took 5.366535ms
Round took 4.869472ms
Round took 4.600609ms
Round took 5.127253ms
Round took 4.859502ms
Round took 5.595177ms
Round took 4.590546ms
Round took 4.971566ms
Round took 5.889738ms
Round took 4.603632ms
Round took 5.223076ms
Round took 4.962247ms
Round took 5.376377ms
Round took 5.328621ms
Round took 4.561613ms
Round took 5.77863ms
Round took 4.509385ms
Round took 4.990573ms
Round took 4.851255ms
Round took 5.434552ms
Round took 5.547835ms
Round took 5.144738ms
Round took 5.005394ms
Round took 5.274942ms
Round took 6.755673ms
Round took 5.031897ms
Round took 4.965754ms
Round took 4.855843ms
Round took 5.307644ms
Round took 5.131288ms
Round took 4.991978ms
Round took 6.000159ms
Round took 4.941935ms
Round took 4.95301ms
Round took 5.439453ms
Round took 5.229704ms
Round took 4.568652ms
Round took 4.986616ms
Round took 5.490009ms
Round took 4.913148ms
Round took 5.258255ms
Round took 4.548237ms
Round took 5.451536ms
Round took 5.434925ms
Round took 5.159079ms
Round took 5.227811ms
Round took 5.590165ms
Round took 4.279145ms
Round took 4.542328ms
Round took 5.40039ms
Round took 5.197102ms
Round took 4.725394ms
Round took 4.885484ms
Round took 6.113513ms
Round took 4.243444ms
Round took 4.914696ms
Round took 4.79405ms
Round took 5.876433ms
Round took 5.547604ms
Round took 6.729944ms
Round took 5.145919ms
Round took 5.79284ms
Round took 3.814581ms
Round took 4.250661ms
Round took 4.888071ms
Round took 4.916305ms
Round took 6.600957ms
Round took 4.799575ms
Round took 4.720238ms
Round took 3.862401ms
Round took 5.961757ms
Round took 4.92414ms
Round took 4.896645ms
Round took 4.87273ms
Round took 5.667713ms
Round took 4.496468ms
Round took 4.543341ms
Round took 6.017418ms
Round took 4.392218ms
Round took 5.021639ms
Round took 5.034396ms
Round took 5.916611ms
Round took 4.765905ms
Round took 4.930753ms
Round took 5.198184ms
Round took 5.058391ms
Round took 4.272174ms
Round took 5.51313ms
Round took 4.617456ms
Round took 5.563965ms
Round took 4.867504ms
Round took 4.060812ms
Round took 5.162799ms
Round took 5.628458ms
Round took 5.090624ms
Round took 5.060791ms
Round took 4.552362ms
Round took 5.478923ms
Round took 5.546337ms
Round took 4.341677ms
Round took 4.814259ms
Round took 5.381319ms
Round took 5.057229ms
Round took 4.809153ms
Round took 5.737389ms
Round took 4.965605ms
Round took 5.277087ms
Round took 6.853402ms
Round took 6.574679ms
Round took 4.853223ms
Round took 4.859455ms
Round took 5.17401ms
Round took 5.240844ms
Round took 4.888997ms
Round took 5.428063ms
Round took 5.322887ms
Round took 5.112194ms
Round took 4.753302ms
Round took 5.829001ms
Round took 4.961072ms
Round took 4.522853ms
Round took 5.620978ms
Round took 4.805874ms
Round took 5.242015ms
Round took 4.70091ms
Round took 4.897642ms
Round took 5.728628ms
Round took 5.463955ms
Round took 4.79006ms
Round took 5.726009ms
Round took 5.021627ms
Round took 4.376334ms
Round took 4.61451ms
Round took 5.501974ms
Round took 5.127236ms
Round took 4.970781ms
Round took 4.61346ms
Round took 5.674296ms
Round took 4.804495ms
Round took 4.915883ms
Round took 4.974012ms
Round took 5.613193ms
Round took 4.150428ms
Round took 5.354738ms
Round took 5.034699ms
Round took 5.121367ms
Round took 5.019863ms
Round took 4.798165ms
Round took 6.250047ms
Round took 4.017375ms
Round took 5.151283ms
Round took 4.903114ms
Round took 5.449982ms
Round took 4.828088ms
Round took 4.812325ms
Round took 5.870246ms
Round took 4.654273ms
Round took 5.086441ms
Round took 4.882389ms
Round took 5.355776ms
Round took 4.870105ms
Round took 5.088331ms
Round took 4.968441ms
Round took 5.071255ms
Round took 5.278805ms
Round took 4.99306ms
Round took 5.369097ms
Round took 4.559936ms
Round took 5.413517ms
Round took 4.830856ms
Round took 5.287121ms
Round took 6.351409ms
Round took 6.406039ms
Round took 4.848959ms
Round took 3.880762ms
Round took 4.143124ms
Round took 4.879002ms
Round took 5.756095ms
Round took 4.752203ms
Round took 4.699237ms
Round took 5.0833ms
Round took 5.595999ms
Round took 4.462599ms
Round took 4.997984ms
Round took 5.11976ms
Round took 5.301843ms
Round took 4.855183ms
Round took 5.320652ms
Round took 5.254521ms
Round took 4.75662ms
Round took 5.457183ms
Round took 6.011679ms
Round took 4.140216ms
Round took 4.598363ms
Round took 5.01454ms
Round took 5.020882ms
Round took 5.49336ms
Round took 4.979127ms
Round took 5.113303ms
Round took 5.159392ms
Round took 4.762466ms
Round took 5.235724ms
Round took 5.114856ms
Round took 5.128022ms
Round took 5.356615ms
Round took 4.662639ms
Round took 5.342967ms
Round took 4.865298ms
Round took 5.006461ms
Round took 5.45634ms
Round took 5.616901ms
Round took 4.353436ms
Round took 4.652929ms
Round took 4.792814ms
Round took 5.658368ms
Round took 4.836308ms
Round took 4.854107ms
Round took 5.142087ms
Round took 5.442361ms
Round took 5.003446ms
Round took 5.429158ms
Round took 5.154779ms
Round took 5.127422ms
Round took 5.241477ms
Round took 4.738716ms
Round took 5.10162ms
Round took 5.647875ms
Round took 5.154751ms
Round took 5.18874ms
Round took 5.07366ms
Round took 5.218384ms
Round took 4.638455ms
Round took 5.256145ms
Round took 4.481241ms
Round took 5.561011ms
Round took 5.219597ms
Round took 5.662991ms
Round took 4.352894ms
Round took 5.705597ms
Round took 4.782287ms
Round took 4.540313ms
Round took 5.445358ms
Round took 5.162916ms
Round took 4.512972ms
Round took 4.965378ms
Round took 5.44871ms
Round took 5.191676ms
Round took 5.425775ms
Round took 4.426567ms
Round took 4.832907ms
Round took 5.295384ms
Round took 5.453841ms
Round took 5.079459ms
Round took 5.392505ms
Round took 4.84106ms
Round took 4.805408ms
Round took 5.239176ms
Round took 5.297801ms
Round took 4.688288ms
Round took 4.800374ms
Round took 4.573542ms
Round took 5.697065ms
Round took 4.691588ms
Round took 5.171732ms
Round took 4.994572ms
Round took 5.752436ms
Round took 4.54032ms
Round took 5.031163ms
Round took 5.71181ms
Round took 4.666129ms
Round took 5.398433ms
Round took 4.271996ms
Round took 5.743942ms
Round took 5.091244ms
Round took 4.989684ms
Round took 5.4573ms
Round took 4.781484ms
Round took 4.77308ms
Round took 4.775884ms
Round took 5.953645ms
Round took 4.633677ms
Round took 5.050477ms
Round took 5.842288ms
Round took 4.591623ms
Round took 5.062806ms
Round took 5.136634ms
Round took 5.257185ms
Round took 5.815724ms
Round took 4.161646ms
Round took 6.116639ms
Round took 3.979111ms
Round took 4.766166ms
Round took 5.512947ms
Round took 4.687155ms
Round took 5.621585ms
Round took 4.68746ms
Round took 5.990757ms
Round took 3.991995ms
Round took 5.611716ms
Round took 4.955787ms
Round took 5.618431ms
Round took 5.317077ms
Round took 4.391274ms
Round took 4.867057ms
Round took 5.274898ms
Round took 4.817843ms
Round took 5.256166ms
Round took 4.805898ms
Round took 5.913176ms
Round took 4.005731ms
Round took 4.925973ms
Round took 5.425486ms
Round took 6.320812ms
Round took 4.354094ms
Round took 4.490349ms
Round took 5.874422ms
Round took 4.38289ms
Round took 5.307377ms
Round took 6.399964ms
Round took 3.930111ms
Round took 7.510281ms
Round took 5.23864ms
Round took 4.618641ms
Round took 3.552363ms
Round took 18.029447ms
Round took 4.96801ms
Round took 4.604885ms
Round took 4.814552ms
Round took 5.874837ms
Round took 5.897833ms
Round took 4.873853ms
Round took 5.553436ms
Round took 4.195719ms
Round took 4.860651ms
Round took 6.151733ms
Round took 5.590269ms
Round took 5.457132ms
Round took 4.186366ms
Round took 3.475328ms
Round took 6.192944ms
Round took 5.010957ms
Round took 5.263898ms
Round took 5.568977ms
Round took 5.129107ms
Round took 5.07463ms
Round took 5.347209ms
Round took 4.956436ms
Round took 4.366289ms
Round took 5.187325ms
Round took 5.57213ms
Round took 4.560755ms
Round took 4.547998ms
Round took 5.09091ms
Round took 5.692414ms
Round took 4.323631ms
Round took 5.5042ms
Round took 4.766396ms
Round took 5.737144ms
Round took 4.407196ms
Round took 5.035341ms
Round took 6.056392ms
Round took 4.532597ms
Round took 5.104515ms
Round took 4.747582ms
Round took 5.523077ms
Round took 5.635961ms
Round took 4.598267ms
Round took 5.373799ms
Round took 4.209972ms
Round took 7.228985ms
Round took 4.539907ms
Round took 4.508262ms
Round took 4.223475ms
Round took 4.932533ms
Round took 4.975442ms
Round took 5.374405ms
Round took 5.534914ms
Round took 4.433654ms
Round took 5.160238ms
Round took 4.04562ms
Round took 5.322033ms
Round took 4.747152ms
Round took 5.283649ms
Round took 5.758583ms
Round took 4.945603ms
Round took 4.863845ms
Round took 4.543179ms
Round took 5.42905ms
Round took 5.216981ms
Round took 4.944545ms
Round took 6.045831ms
Round took 4.231083ms
Round took 5.252045ms
Round took 6.008789ms
Round took 4.527786ms
Round took 5.182875ms
Round took 4.995148ms
Round took 5.896157ms
Round took 4.117043ms
Round took 5.016759ms
Round took 6.150154ms
Round took 4.628958ms
Round took 5.198812ms
Round took 4.890735ms
Round took 5.567105ms
Round took 4.475443ms
Round took 5.704864ms
Round took 3.899842ms
Round took 5.852925ms
Round took 4.487286ms
Round took 5.656802ms
Round took 4.233357ms
Round took 5.543587ms
Round took 4.908359ms
Round took 5.267447ms
Round took 4.770502ms
Round took 5.62025ms
Round took 4.820828ms
Round took 4.580212ms
Round took 5.940289ms
Round took 4.427597ms
Round took 5.04407ms
Round took 5.032878ms
Round took 4.93571ms
Round took 4.809317ms
Round took 5.415757ms
Round took 5.127313ms
Round took 5.342766ms
Round took 4.818604ms
Round took 4.752177ms
Round took 5.966164ms
Round took 4.079879ms
Round took 5.495028ms
Round took 4.987655ms
Round took 5.156109ms
Round took 5.86701ms
Round took 4.266738ms
Round took 4.907304ms
Round took 4.26796ms
Round took 5.411473ms
Round took 4.623223ms
Round took 4.75657ms
Round took 5.859378ms
Round took 4.415405ms
Round took 5.948647ms
Round took 4.842069ms
Round took 6.075672ms
Round took 5.135407ms
Round took 4.485205ms
Round took 5.008817ms
Round took 4.581325ms
Round took 4.805509ms
Round took 4.940863ms
Round took 5.623593ms
Round took 5.334214ms
Round took 4.983481ms
Round took 5.848576ms
Round took 4.307324ms
Round took 5.451512ms
Round took 4.731296ms
Round took 5.489542ms
Round took 5.323339ms
Round took 4.096539ms
Round took 5.145867ms
Round took 5.495618ms
Round took 5.219099ms
Round took 4.660606ms
Round took 6.150877ms
Round took 4.0259ms
Round took 5.02161ms
Round took 4.770786ms
Round took 6.519374ms
Round took 3.656479ms
Round took 5.986912ms
Round took 5.716576ms
Round took 6.068127ms
Round took 5.213676ms
Round took 4.769651ms
Round took 5.350288ms
Round took 4.88836ms
Round took 5.115575ms
Round took 5.283575ms
Round took 4.76616ms
Round took 5.723003ms
Round took 5.01463ms
Round took 5.045465ms
Round took 4.912626ms
Round took 5.206874ms
Round took 5.05249ms
Round took 4.587133ms
Round took 5.129771ms
Round took 5.424713ms
Round took 4.742033ms
Round took 5.072054ms
Round took 5.480689ms
Round took 4.647018ms
Round took 4.933788ms
Round took 5.031225ms
Round took 5.652062ms
Round took 4.89647ms
Round took 4.991103ms
Round took 5.075478ms
Round took 5.199481ms
Round took 5.314538ms
Round took 4.505608ms
Round took 5.414086ms
Round took 5.244588ms
Round took 4.405031ms
Round took 5.347178ms
Round took 5.575269ms
Round took 4.632347ms
Round took 5.108331ms
Round took 4.958714ms
Round took 4.956581ms
Round took 5.319242ms
Round took 4.671412ms
Round took 6.276469ms
Round took 3.840369ms
Round took 5.214966ms
Round took 5.250688ms
Round took 5.22919ms
Round took 5.197539ms
Round took 4.871036ms
Round took 5.047614ms
Round took 5.091513ms
Round took 4.89862ms
Round took 5.321014ms
Round took 5.367384ms
Round took 5.591331ms
Round took 4.225893ms
Round took 5.04755ms
Round took 5.748604ms
Round took 4.235416ms
Round took 5.50222ms
Round took 4.753121ms
Round took 5.377777ms
Round took 4.788108ms
Round took 5.002206ms
Round took 5.678674ms
Round took 4.311898ms
Round took 5.191554ms
Round took 4.979997ms
Round took 5.71397ms
Round took 4.458298ms
Round took 5.252296ms
Round took 4.710556ms
Round took 5.481724ms
Round took 4.959706ms
Round took 5.307781ms
Round took 5.271026ms
Round took 4.761057ms
Round took 4.771818ms
Round took 5.278733ms
Round took 5.411699ms
Round took 4.625555ms
Round took 4.739073ms
Round took 5.009888ms
Round took 5.111556ms
Round took 5.159966ms
Round took 4.905743ms
Round took 5.284624ms
Round took 5.253106ms
Round took 5.024373ms
Round took 4.866077ms
Round took 5.960203ms
Round took 4.581475ms
Round took 4.818006ms
Round took 4.982912ms
Round took 5.287086ms
Round took 4.745702ms
Round took 5.092905ms
Round took 6.158112ms
Round took 4.199088ms
Round took 4.982086ms
Round took 4.847738ms
Round took 5.10303ms
Round took 5.239343ms
Round took 4.941688ms
Round took 5.361547ms
Round took 5.131098ms
Round took 4.770001ms
Round took 4.771254ms
Round took 5.453848ms
Round took 4.857909ms
Round took 5.031028ms
Round took 5.072974ms
Round took 5.69751ms
Round took 4.395019ms
Round took 5.144498ms
Round took 4.759614ms
Round took 6.552846ms
Round took 4.884114ms
Round took 4.206036ms
Round took 5.122154ms
Round took 5.692273ms
Round took 4.382929ms
Round took 4.884026ms
Round took 5.468238ms
Round took 4.750017ms
Round took 5.365965ms
Round took 4.82504ms
Round took 5.504538ms
Round took 4.944398ms
Round took 5.105345ms
Round took 6.06614ms
Round took 4.040744ms
Round took 5.056214ms
Round took 5.003543ms
Round took 4.824388ms
Round took 5.665923ms
Round took 4.915085ms
Round took 5.251995ms
Round took 5.813518ms
Round took 4.336175ms
Round took 4.874291ms
Round took 5.625728ms
Round took 6.200582ms
Round took 5.066791ms
Round took 5.96764ms
Round took 5.981025ms
Round took 5.172998ms
Round took 4.987833ms
Round took 4.807203ms
Round took 4.211544ms
Round took 4.723145ms
Round took 4.778472ms
Round took 4.78176ms
Round took 4.843651ms
Round took 5.153428ms
Round took 5.756068ms
Round took 5.007103ms
Round took 5.056508ms
Round took 4.596879ms
Round took 5.601679ms
Round took 4.592827ms
Round took 4.844135ms
Round took 5.374057ms
Round took 5.43562ms
Round took 5.120474ms
Round took 4.380977ms
Round took 5.118457ms
Round took 5.310719ms
Round took 5.339025ms
Round took 4.40829ms
Round took 5.393209ms
Round took 5.528041ms
Round took 4.299537ms
Round took 6.007949ms
Round took 4.361402ms
Round took 5.512752ms
Round took 4.729797ms
Round took 5.260756ms
Round took 4.923161ms
Round took 4.916682ms
Round took 5.042472ms
Round took 5.568528ms
Round took 4.820296ms
Round took 4.820395ms
Round took 4.778999ms
Round took 5.875618ms
Round took 5.822431ms
Round took 4.872481ms
Round took 4.898992ms
Round took 5.294777ms
Round took 4.311482ms
Round took 5.672477ms
Round took 4.259297ms
Round took 8.019515ms
Round took 4.243094ms
Round took 4.721192ms
Round took 4.298908ms
Round took 3.882448ms
Round took 5.451929ms
Round took 5.11437ms
Round took 6.593154ms
Round took 5.045824ms
Round took 4.786044ms
Round took 4.351639ms
Round took 3.649628ms
Round took 5.506946ms
Round took 4.803157ms
Round took 5.58624ms
Round took 5.292899ms
Round took 4.582078ms
Round took 6.048239ms
Round took 3.724433ms
Round took 5.485695ms
Round took 4.947173ms
Round took 5.347185ms
Round took 5.593013ms
Round took 4.570573ms
Round took 5.801865ms
Round took 5.83513ms
Round took 4.245132ms
Round took 4.673697ms
Round took 5.606156ms
Round took 5.190544ms
Round took 4.590762ms
Round took 5.832612ms
Round took 3.618348ms
Round took 6.296911ms
Round took 4.390803ms
Round took 5.132194ms
Round took 5.700054ms
Round took 4.781788ms
Round took 5.70571ms
Round took 3.747777ms
Round took 5.108577ms
Round took 4.769772ms
Round took 5.135318ms
Round took 5.879445ms
Round took 4.933888ms
Round took 4.800949ms
Round took 5.323568ms
Round took 4.612328ms
Round took 5.485805ms
Round took 5.42958ms
Round took 5.539185ms
Round took 3.76166ms
Round took 5.468752ms
Round took 4.764219ms
Round took 6.451423ms
Round took 4.564084ms
Round took 4.290042ms
Round took 5.752749ms
Round took 4.534317ms
Round took 4.571324ms
Round took 4.71647ms
Round took 4.960784ms
Round took 5.782158ms
Round took 4.277319ms
Round took 5.131403ms
Round took 5.594993ms
Round took 5.042207ms
Round took 4.860753ms
Round took 6.09748ms
Round took 4.241696ms
Round took 5.424928ms
Round took 4.977145ms
Round took 5.892165ms
Round took 4.130503ms
Round took 5.880732ms
Round took 4.717897ms
Round took 5.375238ms
Round took 4.653181ms
Round took 4.306007ms
Round took 6.63802ms
Round took 3.837671ms
Round took 6.045149ms
Round took 4.070612ms
Round took 5.644547ms
Round took 4.486128ms
Round took 5.603709ms
Round took 5.727462ms
Round took 4.363961ms
Round took 5.369908ms
Round took 4.409513ms
Round took 5.981539ms
Round took 6.154367ms
Round took 5.073809ms
Round took 4.961077ms
Round took 5.059354ms
Round took 5.178801ms
Round took 5.139073ms
Round took 5.097647ms
Round took 4.941352ms
Round took 5.713212ms
Round took 4.909242ms
Round took 4.786422ms
Round took 4.883949ms
Round took 6.252718ms
Round took 4.742502ms
Round took 4.924934ms
Round took 5.713307ms
Round took 5.348647ms
Round took 4.561824ms
Round took 4.978537ms
Round took 5.316791ms
Round took 5.076714ms
Round took 5.012763ms
Round took 6.261724ms
Round took 6.141619ms
Round took 4.80498ms
Round took 4.8432ms
Round took 3.403574ms
Round took 5.169434ms
Round took 4.64796ms
Round took 5.896527ms
Round took 4.926057ms
Round took 5.718249ms
Round took 3.958243ms
Round took 6.588548ms
Round took 4.510571ms
Round took 4.930853ms
Round took 5.659518ms
Round took 4.611569ms
Round took 4.923167ms
Round took 5.11057ms
Round took 5.380337ms
Round took 4.664091ms
Round took 5.122169ms
Round took 5.92481ms
Round took 4.632181ms
Round took 4.576124ms
Round took 4.770356ms
Round took 5.751423ms
Round took 4.772179ms
Round took 4.990756ms
Round took 5.164089ms
Round took 6.497305ms
Round took 5.081505ms
Round took 5.382836ms
Round took 5.104718ms
Round took 5.208781ms
Round took 4.581281ms
Round took 3.847061ms
Round took 5.946914ms
Round took 4.096123ms
Round took 6.203202ms
Round took 4.551128ms
Round took 8.280168ms
Round took 4.432195ms
Round took 4.747847ms
Round took 4.581416ms
Round took 5.45539ms
Round took 3.541305ms
Round took 3.642753ms
Round took 5.857278ms
Round took 5.269407ms
Round took 4.773753ms
Round took 5.144395ms
Round took 5.440634ms
Round took 3.597033ms
Round took 5.770973ms
Round took 6.215593ms
Round took 4.145097ms
Round took 5.355965ms
Round took 4.93301ms
Round took 4.963022ms
Round took 5.738877ms
Round took 5.74061ms
Round took 4.410044ms
Round took 4.441152ms
Round took 4.539691ms
Round took 5.230779ms
Round took 5.477722ms
Round took 5.830552ms
Round took 4.219133ms
Round took 5.541021ms
Round took 4.484347ms
Round took 5.019419ms
Round took 5.162291ms
Round took 5.060682ms
Round took 6.308277ms
Round took 4.441461ms
Round took 5.390812ms
Round took 6.425305ms
Round took 4.682868ms
Round took 5.805331ms
Round took 4.955065ms
Round took 5.210819ms
Round took 5.254164ms
Round took 4.465703ms
Round took 5.320205ms
Round took 5.170041ms
Round took 5.037303ms
Round took 5.022005ms
Round took 5.154933ms
Round took 5.000553ms
Round took 5.323848ms
Round took 5.252127ms
Round took 5.510679ms
Round took 4.815917ms
Round took 4.447547ms
Round took 4.801872ms
Round took 6.308132ms
Round took 4.899756ms
Round took 6.081845ms
Round took 5.572779ms
Round took 4.086383ms
Round took 4.517863ms
Round took 4.7251ms
Round took 5.655211ms
Round took 4.785235ms
Round took 5.156992ms
Round took 6.423184ms
Round took 4.355137ms
Round took 5.079938ms
Round took 4.870723ms
Round took 5.135007ms
Round took 5.239128ms
Round took 4.759707ms
Round took 5.67614ms
Round took 4.62265ms
Round took 5.019323ms
Round took 5.085102ms
Round took 4.956863ms
Round took 5.127056ms
Round took 5.079515ms
Round took 4.960788ms
Round took 5.229964ms
Round took 5.062305ms
Round took 5.002541ms
Round took 5.02056ms
Round took 5.048237ms
Round took 5.189158ms
Round took 4.856561ms
Round took 5.223033ms
Round took 5.157746ms
Round took 5.088182ms
Round took 5.434061ms
Round took 7.513103ms
Round took 3.533285ms
Round took 7.731208ms
Round took 1.981731ms
Round took 4.462286ms
Round took 4.937484ms
Test took 5.140806813s
Successful: 10000
