Uniform distribution
2021/04/16 21:40:47 The leader is replica 0
Round took 2.431497ms
Round took 5.035784ms
Round took 5.221567ms
Round took 6.020292ms
Round took 3.971816ms
Round took 9.529149ms
Round took 7.927124ms
Round took 6.758494ms
Round took 3.174053ms
Round took 4.753013ms
Round took 5.766561ms
Round took 4.724439ms
Round took 4.697768ms
Round took 4.898439ms
Round took 5.944482ms
Round took 4.764586ms
Round took 5.056035ms
Round took 6.091535ms
Round took 4.472947ms
Round took 4.747144ms
Round took 4.462359ms
Round took 6.284604ms
Round took 4.183467ms
Round took 4.971458ms
Round took 5.571968ms
Round took 5.003365ms
Round took 4.610747ms
Round took 4.720161ms
Round took 5.379622ms
Round took 5.466255ms
Round took 4.208527ms
Round took 4.680915ms
Round took 5.180704ms
Round took 5.749787ms
Round took 4.628643ms
Round took 5.059132ms
Round took 4.88005ms
Round took 5.695751ms
Round took 3.895875ms
Round took 5.019935ms
Round took 7.335578ms
Round took 3.794071ms
Round took 5.147332ms
Round took 6.361142ms
Round took 4.867071ms
Round took 3.740015ms
Round took 5.388307ms
Round took 5.416634ms
Round took 4.424897ms
Round took 5.270793ms
Round took 4.643576ms
Round took 6.106353ms
Round took 6.250946ms
Round took 6.349669ms
Round took 5.647569ms
Round took 6.591076ms
Round took 6.910255ms
Round took 8.779728ms
Round took 3.925252ms
Round took 3.989208ms
Round took 5.845431ms
Round took 5.258673ms
Round took 4.417968ms
Round took 4.892368ms
Round took 5.637836ms
Round took 4.012663ms
Round took 5.478225ms
Round took 5.154861ms
Round took 5.797646ms
Round took 5.49988ms
Round took 4.93789ms
Round took 5.461385ms
Round took 4.820592ms
Round took 4.947441ms
Round took 5.330596ms
Round took 4.983263ms
Round took 5.716277ms
Round took 5.245136ms
Round took 4.510065ms
Round took 4.358462ms
Round took 5.420593ms
Round took 4.88017ms
Round took 5.422564ms
Round took 5.593472ms
Round took 4.335746ms
Round took 6.155541ms
Round took 3.63133ms
Round took 6.53358ms
Round took 4.351208ms
Round took 6.874393ms
Round took 6.158159ms
Round took 9.280128ms
Round took 7.731371ms
Round took 4.670905ms
Round took 3.999728ms
Round took 7.728339ms
Round took 5.336348ms
Round took 6.386695ms
Round took 4.53654ms
Round took 5.914389ms
Round took 4.757409ms
Round took 5.517535ms
Round took 4.422369ms
Round took 7.236823ms
Round took 4.821174ms
Round took 5.746582ms
Round took 4.874646ms
Round took 3.607428ms
Round took 3.906971ms
Round took 5.802347ms
Round took 5.938743ms
Round took 4.751762ms
Round took 5.024003ms
Round took 5.187639ms
Round took 4.510205ms
Round took 5.951546ms
Round took 4.072362ms
Round took 5.692027ms
Round took 6.972612ms
Round took 5.656513ms
Round took 5.267721ms
Round took 5.459657ms
Round took 5.229374ms
Round took 4.649043ms
Round took 5.13718ms
Round took 5.276035ms
Round took 4.790276ms
Round took 4.938232ms
Round took 5.19429ms
Round took 5.253295ms
Round took 5.33206ms
Round took 4.558244ms
Round took 5.535349ms
Round took 5.384427ms
Round took 4.650037ms
Round took 5.891171ms
Round took 4.938027ms
Round took 5.252218ms
Round took 4.660042ms
Round took 5.491267ms
Round took 6.403905ms
Round took 5.49008ms
Round took 5.267399ms
Round took 4.722787ms
Round took 4.787589ms
Round took 6.090331ms
Round took 6.459281ms
Round took 5.191838ms
Round took 5.080241ms
Round took 4.811252ms
Round took 5.293603ms
Round took 4.938124ms
Round took 4.905501ms
Round took 5.301192ms
Round took 5.123003ms
Round took 5.822049ms
Round took 5.75719ms
Round took 5.621795ms
Round took 4.464353ms
Round took 4.387371ms
Round took 5.242656ms
Round took 5.882844ms
Round took 4.979482ms
Round took 6.589646ms
Round took 4.195803ms
Round took 5.092725ms
Round took 5.545494ms
Round took 5.087489ms
Round took 4.820759ms
Round took 5.031194ms
Round took 5.945451ms
Round took 6.761151ms
Round took 5.011785ms
Round took 5.047861ms
Round took 4.996232ms
Round took 5.359664ms
Round took 5.322951ms
Round took 4.54887ms
Round took 5.481239ms
Round took 5.509646ms
Round took 5.146778ms
Round took 4.661221ms
Round took 6.04562ms
Round took 4.413793ms
Round took 4.541424ms
Round took 5.428618ms
Round took 5.504216ms
Round took 4.79725ms
Round took 4.889318ms
Round took 6.059612ms
Round took 5.435406ms
Round took 5.682154ms
Round took 3.95938ms
Round took 6.171258ms
Round took 6.413156ms
Round took 5.975014ms
Round took 5.107054ms
Round took 5.28626ms
Round took 3.787068ms
Round took 4.435715ms
Round took 6.570349ms
Round took 5.590858ms
Round took 5.07375ms
Round took 5.246704ms
Round took 5.152925ms
Round took 5.495235ms
Round took 5.226101ms
Round took 4.972588ms
Round took 4.909026ms
Round took 4.652091ms
Round took 5.254458ms
Round took 5.440125ms
Round took 5.401693ms
Round took 4.366258ms
Round took 5.443072ms
Round took 5.008473ms
Round took 5.132648ms
Round took 6.003567ms
Round took 5.026961ms
Round took 5.22383ms
Round took 5.39107ms
Round took 4.286473ms
Round took 5.511664ms
Round took 4.636078ms
Round took 5.584931ms
Round took 5.065209ms
Round took 4.321054ms
Round took 5.113944ms
Round took 5.993615ms
Round took 5.167053ms
Round took 5.419272ms
Round took 4.11834ms
Round took 5.450361ms
Round took 5.564359ms
Round took 5.27215ms
Round took 5.266351ms
Round took 6.238481ms
Round took 5.183573ms
Round took 4.952158ms
Round took 5.776675ms
Round took 5.126097ms
Round took 5.039738ms
Round took 4.726768ms
Round took 6.000527ms
Round took 4.742569ms
Round took 5.100996ms
Round took 5.81003ms
Round took 4.979416ms
Round took 4.996476ms
Round took 5.336721ms
Round took 5.565119ms
Round took 5.216896ms
Round took 5.216191ms
Round took 4.979112ms
Round took 4.923318ms
Round took 4.735892ms
Round took 6.654464ms
Round took 4.505252ms
Round took 5.207915ms
Round took 5.973812ms
Round took 5.977575ms
Round took 5.639385ms
Round took 4.694762ms
Round took 5.193816ms
Round took 5.317165ms
Round took 4.956317ms
Round took 4.617447ms
Round took 5.308514ms
Round took 5.696333ms
Round took 4.724055ms
Round took 4.634394ms
Round took 5.69808ms
Round took 4.929924ms
Round took 4.879279ms
Round took 4.996655ms
Round took 6.002792ms
Round took 4.283419ms
Round took 5.342288ms
Round took 5.069203ms
Round took 5.78963ms
Round took 4.72906ms
Round took 4.782226ms
Round took 6.346672ms
Round took 4.138925ms
Round took 5.262139ms
Round took 4.948989ms
Round took 5.216991ms
Round took 4.88427ms
Round took 4.936075ms
Round took 5.971767ms
Round took 4.592271ms
Round took 5.119633ms
Round took 4.703074ms
Round took 5.854912ms
Round took 4.500806ms
Round took 5.078002ms
Round took 6.036652ms
Round took 4.205357ms
Round took 5.236944ms
Round took 4.975163ms
Round took 5.217565ms
Round took 4.545865ms
Round took 5.468776ms
Round took 5.356709ms
Round took 4.516946ms
Round took 6.253987ms
Round took 6.430216ms
Round took 4.891706ms
Round took 4.175324ms
Round took 4.140455ms
Round took 5.148837ms
Round took 5.392771ms
Round took 4.733967ms
Round took 5.380272ms
Round took 4.899631ms
Round took 6.291276ms
Round took 4.553281ms
Round took 5.711142ms
Round took 4.534941ms
Round took 5.111116ms
Round took 5.40142ms
Round took 4.858157ms
Round took 5.353797ms
Round took 4.832188ms
Round took 6.860813ms
Round took 4.648799ms
Round took 4.200996ms
Round took 4.802653ms
Round took 6.305158ms
Round took 5.790119ms
Round took 4.987418ms
Round took 5.251914ms
Round took 5.121971ms
Round took 4.72893ms
Round took 5.241185ms
Round took 5.120258ms
Round took 5.094031ms
Round took 5.385024ms
Round took 4.801152ms
Round took 5.074636ms
Round took 5.126226ms
Round took 5.094978ms
Round took 5.309098ms
Round took 4.856034ms
Round took 6.70149ms
Round took 4.950821ms
Round took 5.007877ms
Round took 5.237722ms
Round took 4.901435ms
Round took 4.695331ms
Round took 5.519567ms
Round took 5.262068ms
Round took 4.939715ms
Round took 7.214983ms
Round took 5.995727ms
Round took 5.19015ms
Round took 4.877622ms
Round took 5.122215ms
Round took 5.721255ms
Round took 5.0939ms
Round took 5.239854ms
Round took 5.429343ms
Round took 5.055547ms
Round took 4.598191ms
Round took 5.275996ms
Round took 5.020702ms
Round took 5.535581ms
Round took 4.758502ms
Round took 6.253107ms
Round took 4.641336ms
Round took 5.168022ms
Round took 5.924543ms
Round took 4.535033ms
Round took 6.21114ms
Round took 4.964203ms
Round took 4.328571ms
Round took 5.026361ms
Round took 6.30392ms
Round took 6.140071ms
Round took 4.940905ms
Round took 5.036003ms
Round took 4.991213ms
Round took 5.665287ms
Round took 5.054687ms
Round took 5.453172ms
Round took 4.597295ms
Round took 5.154355ms
Round took 5.210084ms
Round took 5.039494ms
Round took 5.091397ms
Round took 5.401297ms
Round took 4.575984ms
Round took 5.161188ms
Round took 5.203575ms
Round took 5.136755ms
Round took 4.999573ms
Round took 5.792936ms
Round took 4.489087ms
Round took 5.177853ms
Round took 5.155653ms
Round took 5.039774ms
Round took 5.369899ms
Round took 4.458978ms
Round took 5.628678ms
Round took 5.410832ms
Round took 4.799563ms
Round took 4.620031ms
Round took 5.627786ms
Round took 5.934865ms
Round took 4.470476ms
Round took 6.01145ms
Round took 4.743434ms
Round took 4.975612ms
Round took 5.28633ms
Round took 5.361328ms
Round took 4.926135ms
Round took 5.232941ms
Round took 5.25742ms
Round took 5.723559ms
Round took 3.725506ms
Round took 6.220752ms
Round took 4.123594ms
Round took 4.88818ms
Round took 5.532311ms
Round took 4.604085ms
Round took 5.664321ms
Round took 4.687683ms
Round took 5.489696ms
Round took 4.21069ms
Round took 5.50591ms
Round took 5.03472ms
Round took 4.911252ms
Round took 6.163726ms
Round took 4.49251ms
Round took 4.871208ms
Round took 5.007047ms
Round took 5.337515ms
Round took 5.21205ms
Round took 4.888268ms
Round took 5.897698ms
Round took 4.324655ms
Round took 5.146372ms
Round took 7.128669ms
Round took 6.125436ms
Round took 4.40719ms
Round took 5.090953ms
Round took 4.646893ms
Round took 5.842559ms
Round took 5.393338ms
Round took 5.022406ms
Round took 6.530237ms
Round took 5.027489ms
Round took 5.102453ms
Round took 4.293938ms
Round took 18.692581ms
Round took 5.54192ms
Round took 5.262679ms
Round took 4.747595ms
Round took 5.456965ms
Round took 6.183938ms
Round took 4.970847ms
Round took 5.591144ms
Round took 3.811864ms
Round took 5.02316ms
Round took 5.757286ms
Round took 5.672557ms
Round took 5.455801ms
Round took 4.555638ms
Round took 3.452322ms
Round took 6.168679ms
Round took 5.09272ms
Round took 5.093759ms
Round took 4.944336ms
Round took 5.896093ms
Round took 5.10839ms
Round took 4.965637ms
Round took 5.065179ms
Round took 4.456263ms
Round took 5.140282ms
Round took 5.545164ms
Round took 5.687852ms
Round took 4.159768ms
Round took 5.063616ms
Round took 5.603397ms
Round took 4.572474ms
Round took 5.424033ms
Round took 4.944456ms
Round took 5.608556ms
Round took 4.431471ms
Round took 5.083419ms
Round took 6.002148ms
Round took 3.736561ms
Round took 5.103638ms
Round took 4.672485ms
Round took 4.803987ms
Round took 6.37755ms
Round took 4.565641ms
Round took 5.39683ms
Round took 4.245746ms
Round took 7.159009ms
Round took 4.705565ms
Round took 5.00536ms
Round took 6.176682ms
Round took 5.070635ms
Round took 4.96458ms
Round took 5.272081ms
Round took 5.016268ms
Round took 5.205921ms
Round took 4.731831ms
Round took 5.128813ms
Round took 5.236447ms
Round took 5.103028ms
Round took 5.00039ms
Round took 5.082412ms
Round took 5.260606ms
Round took 4.581857ms
Round took 5.208269ms
Round took 5.456771ms
Round took 4.887506ms
Round took 5.079572ms
Round took 4.790608ms
Round took 4.921453ms
Round took 5.294449ms
Round took 4.8286ms
Round took 5.356286ms
Round took 6.520048ms
Round took 4.838155ms
Round took 5.07534ms
Round took 5.25625ms
Round took 5.912609ms
Round took 4.891743ms
Round took 5.20037ms
Round took 4.869248ms
Round took 5.056076ms
Round took 5.035237ms
Round took 5.837005ms
Round took 3.887549ms
Round took 5.329788ms
Round took 5.055249ms
Round took 5.660906ms
Round took 4.247137ms
Round took 4.500176ms
Round took 6.396243ms
Round took 5.231657ms
Round took 4.795475ms
Round took 5.682682ms
Round took 4.848892ms
Round took 4.586864ms
Round took 6.155393ms
Round took 4.536881ms
Round took 5.065423ms
Round took 4.991518ms
Round took 4.87743ms
Round took 4.891321ms
Round took 5.356557ms
Round took 5.685342ms
Round took 4.724885ms
Round took 4.787114ms
Round took 4.873999ms
Round took 7.640109ms
Round took 5.559371ms
Round took 6.530433ms
Round took 4.300132ms
Round took 6.981093ms
Round took 3.874755ms
Round took 4.949014ms
Round took 4.340826ms
Round took 6.674489ms
Round took 4.637904ms
Round took 4.679014ms
Round took 6.809098ms
Round took 7.528859ms
Round took 4.860173ms
Round took 5.823329ms
Round took 5.131177ms
Round took 4.467322ms
Round took 4.624967ms
Round took 5.182168ms
Round took 5.704205ms
Round took 4.735805ms
Round took 5.054233ms
Round took 5.911253ms
Round took 4.926541ms
Round took 5.114648ms
Round took 5.598124ms
Round took 5.442992ms
Round took 4.688088ms
Round took 5.792983ms
Round took 5.051762ms
Round took 6.040389ms
Round took 5.385291ms
Round took 5.356416ms
Round took 4.765787ms
Round took 5.228022ms
Round took 4.681982ms
Round took 5.356156ms
Round took 5.000838ms
Round took 5.29674ms
Round took 4.817432ms
Round took 7.564592ms
Round took 4.96153ms
Round took 5.09548ms
Round took 4.949685ms
Round took 5.144242ms
Round took 4.824948ms
Round took 6.39211ms
Round took 4.826067ms
Round took 4.907129ms
Round took 7.003147ms
Round took 5.754477ms
Round took 5.034933ms
Round took 5.117776ms
Round took 4.875467ms
Round took 5.208897ms
Round took 5.138546ms
Round took 4.607556ms
Round took 5.11948ms
Round took 6.221303ms
Round took 4.877794ms
Round took 5.585851ms
Round took 5.399837ms
Round took 4.57417ms
Round took 4.995408ms
Round took 5.078199ms
Round took 5.775126ms
Round took 4.995605ms
Round took 6.190409ms
Round took 4.210731ms
Round took 5.093898ms
Round took 6.044705ms
Round took 4.032724ms
Round took 5.275221ms
Round took 5.799487ms
Round took 4.452676ms
Round took 4.935983ms
Round took 5.244897ms
Round took 4.950615ms
Round took 5.589593ms
Round took 4.961243ms
Round took 4.366951ms
Round took 5.633121ms
Round took 4.586128ms
Round took 5.830599ms
Round took 3.882797ms
Round took 5.554947ms
Round took 5.949152ms
Round took 4.413514ms
Round took 5.588211ms
Round took 4.177587ms
Round took 5.231731ms
Round took 4.8487ms
Round took 5.671779ms
Round took 5.900281ms
Round took 6.836888ms
Round took 4.310048ms
Round took 5.059073ms
Round took 5.802784ms
Round took 4.461883ms
Round took 5.544785ms
Round took 4.715851ms
Round took 6.117161ms
Round took 4.995752ms
Round took 5.041227ms
Round took 5.886492ms
Round took 4.100695ms
Round took 5.255305ms
Round took 5.139603ms
Round took 5.411377ms
Round took 4.639367ms
Round took 5.242118ms
Round took 6.363489ms
Round took 4.796499ms
Round took 4.969035ms
Round took 5.587809ms
Round took 4.89481ms
Round took 5.084658ms
Round took 6.485066ms
Round took 6.273856ms
Round took 4.598488ms
Round took 5.141731ms
Round took 4.980152ms
Round took 5.152224ms
Round took 5.143991ms
Round took 4.916427ms
Round took 5.309461ms
Round took 5.192152ms
Round took 4.991352ms
Round took 4.950249ms
Round took 6.054178ms
Round took 4.52558ms
Round took 4.830487ms
Round took 4.999502ms
Round took 5.283941ms
Round took 4.7754ms
Round took 5.051159ms
Round took 5.515393ms
Round took 4.883535ms
Round took 4.976195ms
Round took 4.937909ms
Round took 5.032838ms
Round took 5.457295ms
Round took 4.987318ms
Round took 5.266324ms
Round took 5.160472ms
Round took 5.373333ms
Round took 4.639522ms
Round took 5.426977ms
Round took 4.740507ms
Round took 5.03906ms
Round took 4.999568ms
Round took 5.674485ms
Round took 4.435777ms
Round took 5.190332ms
Round took 4.733152ms
Round took 6.670738ms
Round took 5.119617ms
Round took 4.193299ms
Round took 6.037187ms
Round took 4.961432ms
Round took 4.598108ms
Round took 4.927249ms
Round took 6.624251ms
Round took 4.161707ms
Round took 5.297579ms
Round took 4.834554ms
Round took 5.270103ms
Round took 4.909378ms
Round took 5.404291ms
Round took 5.879974ms
Round took 4.038745ms
Round took 5.147979ms
Round took 4.998742ms
Round took 6.337918ms
Round took 4.347325ms
Round took 5.297423ms
Round took 5.451505ms
Round took 5.505125ms
Round took 4.285364ms
Round took 4.667486ms
Round took 5.476684ms
Round took 4.657883ms
Round took 5.011386ms
Round took 5.988562ms
Round took 5.956533ms
Round took 5.6508ms
Round took 4.845038ms
Round took 4.759304ms
Round took 4.275802ms
Round took 5.149606ms
Round took 4.280402ms
Round took 4.922212ms
Round took 4.869158ms
Round took 5.1343ms
Round took 5.850151ms
Round took 5.028471ms
Round took 5.09211ms
Round took 5.007964ms
Round took 5.187307ms
Round took 4.548001ms
Round took 4.888833ms
Round took 5.364729ms
Round took 6.698323ms
Round took 4.634138ms
Round took 5.017697ms
Round took 5.214598ms
Round took 5.165155ms
Round took 4.975471ms
Round took 5.055006ms
Round took 5.196257ms
Round took 4.785144ms
Round took 5.374663ms
Round took 4.940373ms
Round took 5.558767ms
Round took 4.682907ms
Round took 4.920998ms
Round took 5.244851ms
Round took 5.141888ms
Round took 5.077562ms
Round took 5.132146ms
Round took 5.393429ms
Round took 4.820011ms
Round took 5.124664ms
Round took 5.109193ms
Round took 7.345212ms
Round took 4.22344ms
Round took 5.010431ms
Round took 6.125558ms
Round took 4.341496ms
Round took 5.059714ms
Round took 4.796925ms
Round took 7.151828ms
Round took 4.525134ms
Round took 5.611571ms
Round took 4.375744ms
Round took 3.892869ms
Round took 5.29734ms
Round took 5.197632ms
Round took 6.440329ms
Round took 4.722286ms
Round took 5.491203ms
Round took 4.757029ms
Round took 3.74765ms
Round took 5.480919ms
Round took 5.371909ms
Round took 5.099065ms
Round took 5.282001ms
Round took 4.535707ms
Round took 6.058101ms
Round took 3.920521ms
Round took 5.378139ms
Round took 5.40909ms
Round took 4.960544ms
Round took 5.576817ms
Round took 4.328047ms
Round took 6.45844ms
Round took 6.642318ms
Round took 4.682191ms
Round took 4.57164ms
Round took 5.219874ms
Round took 5.151502ms
Round took 5.133912ms
Round took 4.599925ms
Round took 5.615939ms
Round took 4.930554ms
Round took 4.909695ms
Round took 4.949998ms
Round took 5.117271ms
Round took 5.982513ms
Round took 4.271985ms
Round took 5.115437ms
Round took 5.110399ms
Round took 5.022979ms
Round took 5.049918ms
Round took 5.236234ms
Round took 5.001715ms
Round took 5.093573ms
Round took 4.877317ms
Round took 5.022684ms
Round took 6.176724ms
Round took 4.79492ms
Round took 4.760816ms
Round took 6.203585ms
Round took 4.543024ms
Round took 5.552142ms
Round took 5.335698ms
Round took 4.306575ms
Round took 5.179098ms
Round took 5.009819ms
Round took 4.939764ms
Round took 5.765432ms
Round took 4.914751ms
Round took 6.977845ms
Round took 3.684775ms
Round took 5.137498ms
Round took 5.064695ms
Round took 4.965014ms
Round took 4.922911ms
Round took 5.589293ms
Round took 4.730561ms
Round took 5.533011ms
Round took 4.979458ms
Round took 5.808065ms
Round took 4.111964ms
Round took 5.232528ms
Round took 4.460528ms
Round took 5.642783ms
Round took 7.000421ms
Round took 6.341183ms
Round took 4.75605ms
Round took 5.182709ms
Round took 4.854273ms
Round took 5.417651ms
Round took 4.899043ms
Round took 5.499663ms
Round took 5.174621ms
Round took 4.458611ms
Round took 5.080449ms
Round took 5.226177ms
Round took 4.945418ms
Round took 4.843376ms
Round took 5.253302ms
Round took 5.079749ms
Round took 5.004095ms
Round took 5.315958ms
Round took 5.095414ms
Round took 5.78771ms
Round took 4.657872ms
Round took 4.893354ms
Round took 5.48781ms
Round took 5.082571ms
Round took 4.888291ms
Round took 5.033629ms
Round took 5.254154ms
Round took 4.442306ms
Round took 4.967854ms
Round took 6.030031ms
Round took 5.305797ms
Round took 4.585947ms
Round took 5.425667ms
Round took 5.422198ms
Round took 5.113485ms
Round took 5.12901ms
Round took 6.499048ms
Round took 5.660523ms
Round took 4.590737ms
Round took 4.077086ms
Round took 4.720618ms
Round took 5.247043ms
Round took 5.269498ms
Round took 6.040453ms
Round took 4.977103ms
Round took 6.74158ms
Round took 8.516893ms
Round took 4.614614ms
Round took 4.871872ms
Round took 5.540434ms
Round took 4.642972ms
Round took 4.904763ms
Round took 5.139453ms
Round took 5.422417ms
Round took 4.709757ms
Round took 5.127054ms
Round took 5.983077ms
Round took 4.551531ms
Round took 4.643644ms
Round took 4.654105ms
Round took 5.610296ms
Round took 4.702688ms
Round took 4.977273ms
Round took 5.614828ms
Round took 6.549491ms
Round took 4.462202ms
Round took 5.523775ms
Round took 5.120404ms
Round took 5.236267ms
Round took 4.594175ms
Round took 3.984387ms
Round took 5.046305ms
Round took 4.324213ms
Round took 5.701332ms
Round took 4.988816ms
Round took 7.987826ms
Round took 5.157126ms
Round took 4.14533ms
Round took 4.693313ms
Round took 4.761485ms
Round took 4.294766ms
Round took 3.628502ms
Round took 5.800241ms
Round took 5.485955ms
Round took 4.778938ms
Round took 5.174728ms
Round took 6.403697ms
Round took 6.224329ms
Round took 5.151078ms
Round took 4.952426ms
Round took 5.274497ms
Round took 4.817437ms
Round took 5.08316ms
Round took 5.547213ms
Round took 4.98923ms
Round took 5.001903ms
Round took 4.940166ms
Round took 4.986925ms
Round took 5.135456ms
Round took 5.086223ms
Round took 5.289043ms
Round took 4.75758ms
Round took 5.51407ms
Round took 4.804497ms
Round took 5.303317ms
Round took 5.088147ms
Round took 4.831517ms
Round took 5.16459ms
Round took 5.356941ms
Round took 4.933818ms
Round took 4.599277ms
Round took 6.021555ms
Round took 4.287636ms
Round took 5.300885ms
Round took 4.958744ms
Round took 5.237675ms
Round took 5.307406ms
Round took 4.6494ms
Round took 5.361152ms
Round took 5.19216ms
Round took 5.098552ms
Round took 5.047943ms
Round took 5.060822ms
Round took 6.052753ms
Round took 4.835376ms
Round took 5.908401ms
Round took 4.488084ms
Round took 4.989483ms
Round took 5.41007ms
Round took 4.410555ms
Round took 7.542486ms
Round took 6.297723ms
Round took 5.814894ms
Round took 3.93791ms
Test took 5.244673673s
Successful: 10000
