Uniform distribution
2021/04/16 21:40:47 The leader is replica 0
Round took 6.521214ms
Round took 6.719507ms
Round took 6.969568ms
Round took 6.44248ms
Round took 4.066288ms
Round took 5.677195ms
Round took 4.873227ms
Round took 6.817546ms
Round took 4.86278ms
Round took 5.548229ms
Round took 3.876663ms
Round took 4.893328ms
Round took 4.90549ms
Round took 5.21248ms
Round took 5.558591ms
Round took 5.037995ms
Round took 4.910779ms
Round took 5.311489ms
Round took 5.007877ms
Round took 4.390802ms
Round took 5.261123ms
Round took 5.769724ms
Round took 4.711008ms
Round took 4.52549ms
Round took 4.935579ms
Round took 5.440072ms
Round took 4.869905ms
Round took 5.089742ms
Round took 5.692874ms
Round took 4.357519ms
Round took 5.21075ms
Round took 4.846279ms
Round took 5.397783ms
Round took 5.146236ms
Round took 4.908135ms
Round took 6.264518ms
Round took 6.270751ms
Round took 7.879816ms
Round took 7.281141ms
Round took 4.451798ms
Round took 3.984712ms
Round took 6.818739ms
Round took 5.085238ms
Round took 6.515214ms
Round took 4.160692ms
Round took 5.694878ms
Round took 5.152838ms
Round took 5.119492ms
Round took 4.503919ms
Round took 6.301454ms
Round took 5.717964ms
Round took 5.00328ms
Round took 5.591727ms
Round took 3.639873ms
Round took 3.53135ms
Round took 5.789919ms
Round took 5.220545ms
Round took 5.50738ms
Round took 4.947755ms
Round took 4.74088ms
Round took 5.106767ms
Round took 5.355437ms
Round took 4.570636ms
Round took 5.15421ms
Round took 4.855603ms
Round took 7.322246ms
Round took 4.727164ms
Round took 4.576841ms
Round took 4.969518ms
Round took 5.188524ms
Round took 4.77813ms
Round took 5.388588ms
Round took 5.08075ms
Round took 4.797681ms
Round took 4.769004ms
Round took 5.165095ms
Round took 4.987829ms
Round took 4.513217ms
Round took 4.578675ms
Round took 5.479285ms
Round took 4.794659ms
Round took 4.703374ms
Round took 5.491897ms
Round took 5.281988ms
Round took 5.105605ms
Round took 4.718636ms
Round took 4.776724ms
Round took 5.712621ms
Round took 5.147405ms
Round took 5.413288ms
Round took 4.725583ms
Round took 4.888549ms
Round took 4.977434ms
Round took 5.009427ms
Round took 5.6358ms
Round took 4.935832ms
Round took 5.070914ms
Round took 5.574562ms
Round took 4.551273ms
Round took 4.687122ms
Round took 4.874449ms
Round took 5.789878ms
Round took 4.872847ms
Round took 4.300485ms
Round took 5.280695ms
Round took 5.536721ms
Round took 4.580045ms
Round took 4.459191ms
Round took 5.172552ms
Round took 5.858526ms
Round took 5.007249ms
Round took 5.046407ms
Round took 4.748932ms
Round took 5.333563ms
Round took 4.980215ms
Round took 5.027738ms
Round took 5.560523ms
Round took 4.632349ms
Round took 4.567645ms
Round took 5.272218ms
Round took 5.471242ms
Round took 4.569091ms
Round took 4.845612ms
Round took 4.991398ms
Round took 5.453946ms
Round took 5.300207ms
Round took 4.521068ms
Round took 5.368035ms
Round took 5.496768ms
Round took 5.162953ms
Round took 4.67448ms
Round took 6.035932ms
Round took 4.352023ms
Round took 4.524954ms
Round took 5.389119ms
Round took 5.093979ms
Round took 4.769159ms
Round took 4.917191ms
Round took 5.149454ms
Round took 5.317989ms
Round took 4.993671ms
Round took 4.96774ms
Round took 5.823654ms
Round took 5.16979ms
Round took 6.80929ms
Round took 4.967748ms
Round took 5.066117ms
Round took 4.676771ms
Round took 3.814469ms
Round took 4.157814ms
Round took 5.872067ms
Round took 5.570326ms
Round took 5.644036ms
Round took 4.638082ms
Round took 4.044082ms
Round took 5.36029ms
Round took 4.506361ms
Round took 5.529172ms
Round took 4.956431ms
Round took 4.574181ms
Round took 5.24527ms
Round took 5.075562ms
Round took 5.43054ms
Round took 4.436086ms
Round took 4.983019ms
Round took 5.087786ms
Round took 5.067254ms
Round took 5.007862ms
Round took 5.572758ms
Round took 5.245465ms
Round took 4.344053ms
Round took 5.126086ms
Round took 5.611682ms
Round took 4.458216ms
Round took 5.518135ms
Round took 4.604514ms
Round took 5.188472ms
Round took 4.982733ms
Round took 5.227768ms
Round took 5.308057ms
Round took 5.018212ms
Round took 4.668748ms
Round took 5.18229ms
Round took 5.842395ms
Round took 4.315699ms
Round took 4.823602ms
Round took 5.216754ms
Round took 5.269922ms
Round took 5.056542ms
Round took 4.959145ms
Round took 5.728003ms
Round took 5.319924ms
Round took 4.806074ms
Round took 4.674954ms
Round took 6.037045ms
Round took 4.86964ms
Round took 5.017528ms
Round took 5.361845ms
Round took 4.897576ms
Round took 4.686235ms
Round took 5.308496ms
Round took 5.073685ms
Round took 4.978542ms
Round took 4.719436ms
Round took 5.743618ms
Round took 4.927958ms
Round took 4.396807ms
Round took 5.526233ms
Round took 4.496538ms
Round took 5.577651ms
Round took 4.630814ms
Round took 4.882793ms
Round took 5.670619ms
Round took 5.415155ms
Round took 4.729563ms
Round took 5.698637ms
Round took 4.949283ms
Round took 4.40738ms
Round took 4.610976ms
Round took 5.280478ms
Round took 5.502055ms
Round took 4.596223ms
Round took 4.669553ms
Round took 5.171247ms
Round took 5.49044ms
Round took 4.888188ms
Round took 4.939351ms
Round took 5.633017ms
Round took 4.44111ms
Round took 5.417526ms
Round took 4.943532ms
Round took 5.157826ms
Round took 5.084053ms
Round took 4.84532ms
Round took 6.252122ms
Round took 4.071979ms
Round took 5.141933ms
Round took 4.902978ms
Round took 5.430094ms
Round took 4.868384ms
Round took 4.835183ms
Round took 5.425211ms
Round took 5.158117ms
Round took 5.093512ms
Round took 4.915212ms
Round took 5.427033ms
Round took 4.926596ms
Round took 5.103875ms
Round took 5.023912ms
Round took 5.070513ms
Round took 5.293097ms
Round took 4.97848ms
Round took 5.361885ms
Round took 4.529893ms
Round took 5.393275ms
Round took 4.788471ms
Round took 5.344371ms
Round took 6.035444ms
Round took 6.388589ms
Round took 4.814003ms
Round took 3.914452ms
Round took 4.075738ms
Round took 4.900665ms
Round took 5.678813ms
Round took 4.766118ms
Round took 4.821126ms
Round took 5.078303ms
Round took 5.584668ms
Round took 4.555786ms
Round took 5.025029ms
Round took 5.084365ms
Round took 5.312212ms
Round took 4.931121ms
Round took 5.379031ms
Round took 5.258469ms
Round took 4.790021ms
Round took 5.366585ms
Round took 6.080052ms
Round took 4.099691ms
Round took 4.598699ms
Round took 4.996031ms
Round took 5.05526ms
Round took 5.485756ms
Round took 4.969034ms
Round took 5.189093ms
Round took 5.258104ms
Round took 4.654064ms
Round took 5.18855ms
Round took 5.112122ms
Round took 5.082327ms
Round took 5.345741ms
Round took 4.759092ms
Round took 5.048266ms
Round took 5.088992ms
Round took 5.064274ms
Round took 5.441693ms
Round took 5.66661ms
Round took 4.308668ms
Round took 4.691842ms
Round took 4.759717ms
Round took 5.672343ms
Round took 4.896934ms
Round took 4.725795ms
Round took 5.155538ms
Round took 5.426253ms
Round took 5.039687ms
Round took 5.43404ms
Round took 5.207505ms
Round took 5.172992ms
Round took 5.202039ms
Round took 4.752688ms
Round took 5.094105ms
Round took 5.718089ms
Round took 5.726347ms
Round took 4.984453ms
Round took 4.826827ms
Round took 5.153251ms
Round took 5.480894ms
Round took 4.747977ms
Round took 4.359608ms
Round took 5.497543ms
Round took 5.261098ms
Round took 5.656439ms
Round took 4.427684ms
Round took 5.884717ms
Round took 4.73299ms
Round took 4.421846ms
Round took 5.509751ms
Round took 5.134785ms
Round took 4.47004ms
Round took 5.014111ms
Round took 5.446574ms
Round took 4.997097ms
Round took 5.476876ms
Round took 4.492937ms
Round took 4.805437ms
Round took 5.284637ms
Round took 5.461713ms
Round took 5.086579ms
Round took 5.423977ms
Round took 4.827912ms
Round took 4.930332ms
Round took 5.57206ms
Round took 4.813441ms
Round took 4.674466ms
Round took 4.824909ms
Round took 4.58573ms
Round took 5.661695ms
Round took 4.618916ms
Round took 5.183715ms
Round took 4.971768ms
Round took 5.757202ms
Round took 4.477571ms
Round took 5.068224ms
Round took 5.730748ms
Round took 4.672868ms
Round took 5.401667ms
Round took 4.325843ms
Round took 5.74448ms
Round took 5.002775ms
Round took 5.015057ms
Round took 5.359157ms
Round took 4.796455ms
Round took 4.823318ms
Round took 4.565526ms
Round took 5.99965ms
Round took 4.724785ms
Round took 4.980674ms
Round took 5.745813ms
Round took 4.665506ms
Round took 4.857618ms
Round took 5.209017ms
Round took 5.334924ms
Round took 5.745969ms
Round took 3.649298ms
Round took 5.76143ms
Round took 4.624771ms
Round took 4.90015ms
Round took 5.492473ms
Round took 4.588413ms
Round took 5.651996ms
Round took 4.715503ms
Round took 5.496584ms
Round took 4.175935ms
Round took 5.534619ms
Round took 5.029753ms
Round took 4.909884ms
Round took 5.839729ms
Round took 4.454496ms
Round took 4.910188ms
Round took 5.03975ms
Round took 5.251182ms
Round took 5.232492ms
Round took 4.690033ms
Round took 5.087406ms
Round took 4.75153ms
Round took 5.257897ms
Round took 5.435631ms
Round took 6.029312ms
Round took 4.685813ms
Round took 4.522274ms
Round took 5.096986ms
Round took 5.193971ms
Round took 5.319974ms
Round took 4.9323ms
Round took 5.022227ms
Round took 7.173364ms
Round took 5.402646ms
Round took 4.930087ms
Round took 3.601831ms
Round took 20.284852ms
Round took 3.470702ms
Round took 4.656647ms
Round took 4.847668ms
Round took 5.894002ms
Round took 6.07693ms
Round took 4.661399ms
Round took 5.651141ms
Round took 3.963663ms
Round took 4.888688ms
Round took 6.419485ms
Round took 5.405493ms
Round took 5.488097ms
Round took 4.051776ms
Round took 3.465536ms
Round took 6.251205ms
Round took 4.960154ms
Round took 5.213607ms
Round took 5.19961ms
Round took 4.689334ms
Round took 4.774488ms
Round took 5.008519ms
Round took 6.260819ms
Round took 3.909859ms
Round took 4.525137ms
Round took 5.297114ms
Round took 5.631857ms
Round took 4.381163ms
Round took 5.07684ms
Round took 4.715414ms
Round took 5.20796ms
Round took 5.591422ms
Round took 4.765504ms
Round took 5.686002ms
Round took 4.467149ms
Round took 5.115177ms
Round took 5.32678ms
Round took 4.506628ms
Round took 5.658308ms
Round took 4.691318ms
Round took 4.785925ms
Round took 6.02885ms
Round took 4.264508ms
Round took 4.823075ms
Round took 4.542753ms
Round took 6.26787ms
Round took 5.191029ms
Round took 4.349266ms
Round took 4.479977ms
Round took 5.360467ms
Round took 4.967787ms
Round took 4.946226ms
Round took 5.94193ms
Round took 4.389705ms
Round took 4.804659ms
Round took 4.464139ms
Round took 5.121655ms
Round took 5.177845ms
Round took 5.230572ms
Round took 5.123697ms
Round took 5.551355ms
Round took 4.815089ms
Round took 4.662841ms
Round took 5.278501ms
Round took 5.483702ms
Round took 4.909414ms
Round took 5.13484ms
Round took 4.682534ms
Round took 4.905335ms
Round took 5.207266ms
Round took 4.808369ms
Round took 5.510871ms
Round took 4.803108ms
Round took 4.844132ms
Round took 4.938796ms
Round took 5.435137ms
Round took 5.924281ms
Round took 4.504527ms
Round took 4.981826ms
Round took 5.414333ms
Round took 4.668431ms
Round took 4.518068ms
Round took 6.356104ms
Round took 3.820891ms
Round took 5.356819ms
Round took 4.610614ms
Round took 6.189603ms
Round took 4.35191ms
Round took 4.779285ms
Round took 5.371488ms
Round took 5.484287ms
Round took 4.829589ms
Round took 4.960778ms
Round took 5.56054ms
Round took 4.596322ms
Round took 5.167556ms
Round took 4.747371ms
Round took 5.651651ms
Round took 5.020682ms
Round took 4.368514ms
Round took 5.195068ms
Round took 5.590103ms
Round took 5.121521ms
Round took 4.617657ms
Round took 5.473888ms
Round took 4.733005ms
Round took 5.350282ms
Round took 4.246238ms
Round took 5.159248ms
Round took 4.961022ms
Round took 5.175991ms
Round took 5.1346ms
Round took 5.643014ms
Round took 5.232462ms
Round took 4.630607ms
Round took 5.771386ms
Round took 5.103683ms
Round took 4.770872ms
Round took 5.277601ms
Round took 4.875263ms
Round took 5.968151ms
Round took 4.79132ms
Round took 5.956076ms
Round took 4.928536ms
Round took 4.432101ms
Round took 4.585398ms
Round took 5.092608ms
Round took 5.092907ms
Round took 4.648736ms
Round took 5.062137ms
Round took 5.888152ms
Round took 5.004794ms
Round took 5.096673ms
Round took 5.066153ms
Round took 5.382028ms
Round took 4.387023ms
Round took 4.893369ms
Round took 5.872344ms
Round took 4.167457ms
Round took 5.095277ms
Round took 5.225659ms
Round took 5.516597ms
Round took 4.467418ms
Round took 5.414369ms
Round took 4.522702ms
Round took 5.557075ms
Round took 4.523834ms
Round took 5.630176ms
Round took 4.693838ms
Round took 5.864477ms
Round took 4.968009ms
Round took 5.411337ms
Round took 5.114285ms
Round took 5.083467ms
Round took 4.820058ms
Round took 5.59354ms
Round took 4.603104ms
Round took 4.316207ms
Round took 5.269348ms
Round took 4.78428ms
Round took 5.671482ms
Round took 5.29579ms
Round took 5.329171ms
Round took 5.187699ms
Round took 4.521319ms
Round took 5.148484ms
Round took 4.974105ms
Round took 4.61787ms
Round took 5.086621ms
Round took 4.876579ms
Round took 5.579664ms
Round took 5.428854ms
Round took 4.517321ms
Round took 4.974527ms
Round took 5.015633ms
Round took 5.648314ms
Round took 4.913267ms
Round took 5.52048ms
Round took 4.638408ms
Round took 4.930074ms
Round took 5.069166ms
Round took 4.700107ms
Round took 5.3347ms
Round took 5.36937ms
Round took 4.387305ms
Round took 5.47749ms
Round took 5.132979ms
Round took 4.735628ms
Round took 5.492085ms
Round took 5.359098ms
Round took 4.409378ms
Round took 5.21814ms
Round took 4.628554ms
Round took 6.572871ms
Round took 3.888167ms
Round took 5.122878ms
Round took 6.221465ms
Round took 4.4227ms
Round took 5.136343ms
Round took 4.669596ms
Round took 5.310496ms
Round took 4.776627ms
Round took 5.019491ms
Round took 5.70839ms
Round took 4.900581ms
Round took 5.481353ms
Round took 4.065002ms
Round took 5.310347ms
Round took 5.489671ms
Round took 4.620318ms
Round took 5.734427ms
Round took 4.409779ms
Round took 5.430945ms
Round took 5.000568ms
Round took 6.242081ms
Round took 5.089922ms
Round took 4.147907ms
Round took 5.596328ms
Round took 4.440283ms
Round took 5.15413ms
Round took 4.709765ms
Round took 5.960066ms
Round took 4.440362ms
Round took 4.78309ms
Round took 5.003327ms
Round took 5.613306ms
Round took 4.768829ms
Round took 5.093904ms
Round took 5.479673ms
Round took 5.068629ms
Round took 5.149333ms
Round took 4.570907ms
Round took 5.462057ms
Round took 4.709583ms
Round took 4.819337ms
Round took 6.064978ms
Round took 4.410471ms
Round took 5.372947ms
Round took 4.604262ms
Round took 5.747382ms
Round took 4.811188ms
Round took 5.435271ms
Round took 4.61276ms
Round took 6.149349ms
Round took 3.731529ms
Round took 5.133627ms
Round took 4.624091ms
Round took 5.588431ms
Round took 5.974353ms
Round took 4.193948ms
Round took 5.125397ms
Round took 4.536581ms
Round took 4.803791ms
Round took 4.577799ms
Round took 4.950855ms
Round took 6.019292ms
Round took 4.594499ms
Round took 4.715069ms
Round took 5.088338ms
Round took 5.275043ms
Round took 4.688127ms
Round took 5.02715ms
Round took 4.963442ms
Round took 5.929386ms
Round took 3.924785ms
Round took 5.139632ms
Round took 4.715393ms
Round took 6.616707ms
Round took 5.244935ms
Round took 4.198265ms
Round took 5.847168ms
Round took 4.932815ms
Round took 4.611409ms
Round took 5.174872ms
Round took 5.566808ms
Round took 3.991207ms
Round took 5.335865ms
Round took 5.064825ms
Round took 5.217277ms
Round took 4.932499ms
Round took 5.121018ms
Round took 6.202377ms
Round took 4.011403ms
Round took 5.117255ms
Round took 5.242637ms
Round took 4.473743ms
Round took 5.617153ms
Round took 4.991669ms
Round took 5.644473ms
Round took 5.400578ms
Round took 4.304458ms
Round took 4.771331ms
Round took 5.675295ms
Round took 4.790581ms
Round took 4.528338ms
Round took 5.760675ms
Round took 5.663523ms
Round took 4.862003ms
Round took 5.780603ms
Round took 4.699768ms
Round took 4.128557ms
Round took 4.920715ms
Round took 4.340015ms
Round took 5.581269ms
Round took 4.890627ms
Round took 5.056443ms
Round took 5.728196ms
Round took 4.986724ms
Round took 5.067684ms
Round took 4.633309ms
Round took 5.703646ms
Round took 4.502786ms
Round took 4.725797ms
Round took 4.907196ms
Round took 5.662884ms
Round took 5.086073ms
Round took 4.434725ms
Round took 4.90156ms
Round took 5.545702ms
Round took 4.915469ms
Round took 4.764752ms
Round took 5.026926ms
Round took 5.885259ms
Round took 4.29798ms
Round took 5.541589ms
Round took 5.267779ms
Round took 5.578652ms
Round took 4.694405ms
Round took 5.288122ms
Round took 4.886552ms
Round took 4.778835ms
Round took 5.02079ms
Round took 5.601857ms
Round took 5.083512ms
Round took 4.770393ms
Round took 4.565633ms
Round took 5.845444ms
Round took 5.256151ms
Round took 4.20783ms
Round took 4.937251ms
Round took 5.984435ms
Round took 4.274211ms
Round took 5.06071ms
Round took 4.866278ms
Round took 6.803465ms
Round took 4.846509ms
Round took 5.069905ms
Round took 4.574043ms
Round took 4.065839ms
Round took 4.741074ms
Round took 4.282818ms
Round took 5.327295ms
Round took 5.920678ms
Round took 4.75753ms
Round took 4.706899ms
Round took 4.63963ms
Round took 5.474695ms
Round took 4.779349ms
Round took 5.028167ms
Round took 5.583073ms
Round took 4.627659ms
Round took 5.391343ms
Round took 4.422677ms
Round took 5.73689ms
Round took 4.906741ms
Round took 5.37229ms
Round took 5.322059ms
Round took 4.461537ms
Round took 5.247823ms
Round took 5.393334ms
Round took 5.534603ms
Round took 4.445332ms
Round took 5.242951ms
Round took 5.628943ms
Round took 4.581693ms
Round took 5.34309ms
Round took 4.283442ms
Round took 6.109333ms
Round took 4.435659ms
Round took 4.738825ms
Round took 4.894747ms
Round took 5.412061ms
Round took 4.965697ms
Round took 4.421176ms
Round took 5.114055ms
Round took 5.383845ms
Round took 5.100693ms
Round took 5.069173ms
Round took 5.926067ms
Round took 4.611286ms
Round took 5.13935ms
Round took 4.952624ms
Round took 5.766751ms
Round took 5.315322ms
Round took 4.779816ms
Round took 5.076497ms
Round took 5.094981ms
Round took 4.768288ms
Round took 6.347048ms
Round took 4.342202ms
Round took 4.463093ms
Round took 5.153536ms
Round took 5.223516ms
Round took 4.686541ms
Round took 5.01288ms
Round took 4.654807ms
Round took 4.975378ms
Round took 5.280612ms
Round took 4.887026ms
Round took 4.882375ms
Round took 5.480595ms
Round took 4.692497ms
Round took 5.572705ms
Round took 4.303151ms
Round took 6.008037ms
Round took 4.938834ms
Round took 5.016721ms
Round took 4.745494ms
Round took 5.733296ms
Round took 4.075057ms
Round took 5.253016ms
Round took 4.789156ms
Round took 5.080483ms
Round took 5.96622ms
Round took 4.708211ms
Round took 5.983133ms
Round took 4.009831ms
Round took 5.274919ms
Round took 4.848922ms
Round took 5.529276ms
Round took 5.247433ms
Round took 4.488803ms
Round took 5.816916ms
Round took 4.307972ms
Round took 5.046164ms
Round took 4.725284ms
Round took 5.183806ms
Round took 5.09466ms
Round took 4.881878ms
Round took 5.264007ms
Round took 5.107878ms
Round took 4.99598ms
Round took 4.555629ms
Round took 4.932045ms
Round took 5.37423ms
Round took 5.027636ms
Round took 4.77053ms
Round took 4.890455ms
Round took 6.092096ms
Round took 4.069026ms
Round took 4.977347ms
Round took 5.772497ms
Round took 5.338044ms
Round took 4.623833ms
Round took 4.99647ms
Round took 5.229687ms
Round took 5.147936ms
Round took 4.917233ms
Round took 6.071339ms
Round took 6.254605ms
Round took 4.389519ms
Round took 4.476449ms
Round took 3.910429ms
Round took 5.289768ms
Round took 4.897194ms
Round took 5.540287ms
Round took 5.109287ms
Round took 5.691487ms
Round took 4.235348ms
Round took 6.565572ms
Round took 4.405219ms
Round took 4.938352ms
Round took 5.080205ms
Round took 5.049873ms
Round took 4.908604ms
Round took 5.167812ms
Round took 5.398165ms
Round took 4.708942ms
Round took 4.827363ms
Round took 5.049343ms
Round took 5.564108ms
Round took 4.57594ms
Round took 4.7594ms
Round took 5.521499ms
Round took 4.997635ms
Round took 5.038152ms
Round took 5.112043ms
Round took 5.083752ms
Round took 6.398903ms
Round took 5.096839ms
Round took 5.110685ms
Round took 5.212717ms
Round took 4.936316ms
Round took 3.742752ms
Round took 5.254885ms
Round took 5.23591ms
Round took 5.601215ms
Round took 4.524691ms
Round took 7.076762ms
Round took 6.285014ms
Round took 4.367992ms
Round took 4.734161ms
Round took 4.661788ms
Round took 4.662434ms
Round took 3.541789ms
Round took 5.241181ms
Round took 5.610085ms
Round took 4.481872ms
Round took 5.059006ms
Round took 6.32018ms
Round took 3.990128ms
Round took 5.853023ms
Round took 6.202122ms
Round took 4.068239ms
Round took 5.089902ms
Round took 4.624332ms
Round took 5.197304ms
Round took 5.452174ms
Round took 4.225486ms
Round took 4.98739ms
Round took 5.257786ms
Round took 4.442861ms
Round took 5.179656ms
Round took 5.197882ms
Round took 5.795493ms
Round took 4.211917ms
Round took 5.387409ms
Round took 4.707443ms
Round took 5.198955ms
Round took 5.103135ms
Round took 4.740957ms
Round took 5.093294ms
Round took 5.475264ms
Round took 4.550294ms
Round took 4.5403ms
Round took 5.985889ms
Round took 4.30851ms
Round took 5.369798ms
Round took 4.86267ms
Round took 5.379651ms
Round took 5.036265ms
Round took 4.70343ms
Round took 5.351742ms
Round took 5.173717ms
Round took 5.110141ms
Round took 5.043102ms
Round took 5.312212ms
Round took 5.074066ms
Round took 4.957718ms
Round took 5.21727ms
Round took 5.574448ms
Round took 4.882673ms
Round took 4.733657ms
Round took 4.206935ms
Round took 6.32501ms
Round took 4.950616ms
Round took 6.036568ms
Round took 5.49349ms
Round took 4.277132ms
Round took 4.489534ms
Round took 4.733322ms
Round took 5.854444ms
Round took 4.727625ms
Round took 5.170244ms
Round took 6.455239ms
Round took 4.331413ms
Round took 5.126582ms
Round took 5.053151ms
Round took 5.00591ms
Round took 5.184713ms
Round took 4.7948ms
Round took 5.671334ms
Round took 4.641673ms
Round took 5.427738ms
Round took 5.192482ms
Round took 4.473083ms
Round took 5.096227ms
Round took 5.16763ms
Round took 5.839524ms
Round took 4.504267ms
Round took 4.995862ms
Round took 5.009004ms
Round took 5.002272ms
Round took 5.278397ms
Round took 5.234298ms
Round took 4.778899ms
Round took 5.538331ms
Round took 5.197956ms
Round took 5.592046ms
Round took 5.159802ms
Test took 5.119307211s
Successful: 10000
