Uniform distribution
2021/04/16 21:40:47 The leader is replica 0
Round took 1.946284ms
Round took 6.637391ms
Round took 5.28595ms
Round took 5.886375ms
Round took 1.476505ms
Round took 10.465133ms
Round took 5.482734ms
Round took 5.747512ms
Round took 4.75125ms
Round took 5.011601ms
Round took 5.101599ms
Round took 4.979788ms
Round took 5.033285ms
Round took 5.379082ms
Round took 4.947808ms
Round took 5.288004ms
Round took 4.93419ms
Round took 5.108119ms
Round took 4.746292ms
Round took 5.207893ms
Round took 5.255328ms
Round took 4.9305ms
Round took 5.046569ms
Round took 4.889586ms
Round took 5.089403ms
Round took 5.015628ms
Round took 5.081211ms
Round took 5.483897ms
Round took 5.237309ms
Round took 4.565393ms
Round took 5.160919ms
Round took 5.326107ms
Round took 4.911366ms
Round took 5.05708ms
Round took 4.931947ms
Round took 6.871909ms
Round took 3.930946ms
Round took 5.036667ms
Round took 7.476532ms
Round took 3.833476ms
Round took 6.577957ms
Round took 4.652296ms
Round took 5.431488ms
Round took 3.338039ms
Round took 5.607362ms
Round took 5.427859ms
Round took 4.494193ms
Round took 5.43139ms
Round took 4.308214ms
Round took 6.056851ms
Round took 6.997041ms
Round took 6.247395ms
Round took 6.064973ms
Round took 5.868607ms
Round took 6.876805ms
Round took 8.688966ms
Round took 4.263134ms
Round took 4.006499ms
Round took 5.77985ms
Round took 5.022538ms
Round took 4.275429ms
Round took 6.620644ms
Round took 4.906793ms
Round took 3.812725ms
Round took 4.912323ms
Round took 7.683986ms
Round took 5.601383ms
Round took 4.962715ms
Round took 4.942437ms
Round took 5.195732ms
Round took 5.86485ms
Round took 4.70264ms
Round took 5.225871ms
Round took 5.749647ms
Round took 4.658445ms
Round took 4.535498ms
Round took 5.010395ms
Round took 5.434709ms
Round took 4.915872ms
Round took 5.07642ms
Round took 5.737729ms
Round took 4.356251ms
Round took 5.204648ms
Round took 4.753742ms
Round took 6.140494ms
Round took 4.575748ms
Round took 4.884717ms
Round took 6.656448ms
Round took 6.784412ms
Round took 7.855118ms
Round took 6.674631ms
Round took 3.972527ms
Round took 4.044222ms
Round took 6.96776ms
Round took 6.014093ms
Round took 6.012411ms
Round took 4.558667ms
Round took 5.89596ms
Round took 4.406853ms
Round took 5.545456ms
Round took 5.708236ms
Round took 7.333458ms
Round took 4.365273ms
Round took 5.332226ms
Round took 4.572836ms
Round took 3.717928ms
Round took 3.90113ms
Round took 6.292489ms
Round took 5.305853ms
Round took 5.141687ms
Round took 5.648849ms
Round took 5.106452ms
Round took 3.893091ms
Round took 5.738676ms
Round took 4.373979ms
Round took 7.0645ms
Round took 7.118833ms
Round took 4.791861ms
Round took 4.404243ms
Round took 5.431788ms
Round took 5.125727ms
Round took 4.728744ms
Round took 5.14169ms
Round took 5.228179ms
Round took 4.808048ms
Round took 4.855294ms
Round took 5.229322ms
Round took 6.253188ms
Round took 4.974799ms
Round took 4.489976ms
Round took 5.639952ms
Round took 4.521843ms
Round took 4.922711ms
Round took 7.15461ms
Round took 4.505827ms
Round took 5.364882ms
Round took 5.825784ms
Round took 6.028816ms
Round took 5.284095ms
Round took 5.414877ms
Round took 4.539694ms
Round took 5.120422ms
Round took 4.991916ms
Round took 5.013543ms
Round took 5.642165ms
Round took 5.132039ms
Round took 5.032419ms
Round took 4.852523ms
Round took 5.244049ms
Round took 4.961397ms
Round took 4.867881ms
Round took 5.348293ms
Round took 5.775986ms
Round took 4.670365ms
Round took 5.289473ms
Round took 6.164964ms
Round took 4.354164ms
Round took 4.482619ms
Round took 5.184583ms
Round took 5.778588ms
Round took 5.04509ms
Round took 6.645137ms
Round took 3.821623ms
Round took 5.164734ms
Round took 4.994778ms
Round took 5.617788ms
Round took 4.786646ms
Round took 5.056913ms
Round took 5.310436ms
Round took 5.601532ms
Round took 5.124442ms
Round took 4.422814ms
Round took 6.140592ms
Round took 6.331734ms
Round took 5.14544ms
Round took 5.005693ms
Round took 5.146435ms
Round took 5.484092ms
Round took 5.161936ms
Round took 4.698936ms
Round took 6.012091ms
Round took 4.409907ms
Round took 4.515028ms
Round took 5.360247ms
Round took 5.139569ms
Round took 4.836231ms
Round took 5.522864ms
Round took 4.989802ms
Round took 4.745341ms
Round took 4.901615ms
Round took 5.006695ms
Round took 5.883861ms
Round took 5.633247ms
Round took 7.502047ms
Round took 4.914814ms
Round took 5.0076ms
Round took 4.693542ms
Round took 3.544358ms
Round took 5.543914ms
Round took 4.621273ms
Round took 5.56708ms
Round took 5.713607ms
Round took 4.688598ms
Round took 4.071211ms
Round took 5.478661ms
Round took 5.535115ms
Round took 4.78995ms
Round took 4.988581ms
Round took 4.537718ms
Round took 5.236958ms
Round took 5.748633ms
Round took 5.83413ms
Round took 4.535796ms
Round took 5.017738ms
Round took 5.024152ms
Round took 5.905588ms
Round took 4.779631ms
Round took 5.10265ms
Round took 5.672921ms
Round took 4.577793ms
Round took 4.224732ms
Round took 5.517308ms
Round took 4.67965ms
Round took 5.600109ms
Round took 5.130011ms
Round took 3.898496ms
Round took 5.135139ms
Round took 6.135816ms
Round took 4.757588ms
Round took 4.972491ms
Round took 4.612571ms
Round took 5.465958ms
Round took 5.543564ms
Round took 4.344243ms
Round took 5.089581ms
Round took 5.039076ms
Round took 5.344366ms
Round took 4.562988ms
Round took 5.75516ms
Round took 4.944489ms
Round took 5.250343ms
Round took 5.057518ms
Round took 4.064958ms
Round took 5.945475ms
Round took 4.848189ms
Round took 5.615046ms
Round took 4.764437ms
Round took 5.043643ms
Round took 5.50724ms
Round took 5.026535ms
Round took 5.053807ms
Round took 5.954239ms
Round took 4.929595ms
Round took 4.518599ms
Round took 4.917751ms
Round took 5.086533ms
Round took 5.839831ms
Round took 4.438646ms
Round took 5.190061ms
Round took 5.09701ms
Round took 6.092337ms
Round took 5.6045ms
Round took 4.873828ms
Round took 5.191764ms
Round took 5.295313ms
Round took 4.949957ms
Round took 4.602942ms
Round took 5.354177ms
Round took 5.736824ms
Round took 4.586849ms
Round took 4.630298ms
Round took 5.176385ms
Round took 5.428587ms
Round took 4.837167ms
Round took 4.950896ms
Round took 5.684124ms
Round took 4.456454ms
Round took 5.419934ms
Round took 5.000047ms
Round took 6.147975ms
Round took 4.687125ms
Round took 4.792774ms
Round took 6.367156ms
Round took 4.108034ms
Round took 5.233257ms
Round took 5.048902ms
Round took 5.234162ms
Round took 4.935825ms
Round took 4.865181ms
Round took 5.931171ms
Round took 4.597691ms
Round took 5.172512ms
Round took 4.742738ms
Round took 5.839182ms
Round took 4.378006ms
Round took 5.161653ms
Round took 6.127101ms
Round took 4.0903ms
Round took 5.261461ms
Round took 5.005441ms
Round took 5.289712ms
Round took 4.554972ms
Round took 5.456756ms
Round took 5.354294ms
Round took 4.44824ms
Round took 6.262323ms
Round took 6.430537ms
Round took 4.951589ms
Round took 4.007908ms
Round took 4.023773ms
Round took 4.920885ms
Round took 5.60307ms
Round took 4.844562ms
Round took 5.319915ms
Round took 4.902895ms
Round took 5.559781ms
Round took 4.483825ms
Round took 4.998693ms
Round took 5.902914ms
Round took 4.840057ms
Round took 4.881513ms
Round took 5.357958ms
Round took 5.282621ms
Round took 4.818371ms
Round took 7.03004ms
Round took 4.664016ms
Round took 4.195452ms
Round took 4.438817ms
Round took 5.046596ms
Round took 5.651177ms
Round took 4.657821ms
Round took 4.92134ms
Round took 5.43236ms
Round took 4.796312ms
Round took 4.759924ms
Round took 5.454776ms
Round took 5.685121ms
Round took 4.612438ms
Round took 5.860989ms
Round took 4.016222ms
Round took 4.997906ms
Round took 4.619547ms
Round took 5.106108ms
Round took 6.078391ms
Round took 4.203433ms
Round took 4.94372ms
Round took 4.839608ms
Round took 5.062425ms
Round took 5.248968ms
Round took 4.929788ms
Round took 4.703409ms
Round took 5.448921ms
Round took 5.238062ms
Round took 4.923506ms
Round took 5.565532ms
Round took 4.953145ms
Round took 5.16168ms
Round took 5.668255ms
Round took 6.429116ms
Round took 6.379488ms
Round took 5.122212ms
Round took 5.220652ms
Round took 5.469288ms
Round took 5.264009ms
Round took 4.624558ms
Round took 5.226144ms
Round took 5.177529ms
Round took 5.103969ms
Round took 4.801088ms
Round took 6.220954ms
Round took 4.568463ms
Round took 4.592841ms
Round took 5.256908ms
Round took 4.910133ms
Round took 5.352082ms
Round took 4.766252ms
Round took 4.990865ms
Round took 4.997745ms
Round took 5.320907ms
Round took 4.747642ms
Round took 6.063275ms
Round took 3.723586ms
Round took 4.908412ms
Round took 4.971854ms
Round took 6.08577ms
Round took 4.702674ms
Round took 5.344121ms
Round took 4.873989ms
Round took 4.766537ms
Round took 5.079429ms
Round took 5.024127ms
Round took 5.129726ms
Round took 5.217549ms
Round took 4.616952ms
Round took 5.07545ms
Round took 5.184257ms
Round took 5.160932ms
Round took 4.944722ms
Round took 5.777321ms
Round took 5.196731ms
Round took 4.906448ms
Round took 5.558238ms
Round took 5.148497ms
Round took 5.547892ms
Round took 4.253259ms
Round took 6.143015ms
Round took 5.159249ms
Round took 4.989761ms
Round took 5.581446ms
Round took 4.695357ms
Round took 4.756946ms
Round took 4.79188ms
Round took 7.038774ms
Round took 4.227421ms
Round took 4.995029ms
Round took 5.833588ms
Round took 4.163603ms
Round took 5.030143ms
Round took 5.879544ms
Round took 4.87274ms
Round took 5.483294ms
Round took 4.239366ms
Round took 5.977337ms
Round took 4.604178ms
Round took 4.154981ms
Round took 5.506443ms
Round took 4.677484ms
Round took 5.351466ms
Round took 4.697414ms
Round took 5.872153ms
Round took 3.766722ms
Round took 5.496022ms
Round took 5.007305ms
Round took 4.904462ms
Round took 5.92362ms
Round took 4.419875ms
Round took 4.89909ms
Round took 5.226698ms
Round took 4.935288ms
Round took 5.21816ms
Round took 4.801368ms
Round took 5.896001ms
Round took 4.261171ms
Round took 5.040578ms
Round took 6.160596ms
Round took 5.568177ms
Round took 4.493393ms
Round took 4.486659ms
Round took 6.058554ms
Round took 5.743537ms
Round took 5.357884ms
Round took 5.163789ms
Round took 6.494522ms
Round took 5.204961ms
Round took 5.127217ms
Round took 4.367702ms
Round took 18.653784ms
Round took 4.779608ms
Round took 5.054016ms
Round took 4.940336ms
Round took 5.294101ms
Round took 5.017992ms
Round took 6.230044ms
Round took 4.427703ms
Round took 4.970372ms
Round took 4.99421ms
Round took 5.26779ms
Round took 5.742374ms
Round took 5.377332ms
Round took 5.034206ms
Round took 3.431838ms
Round took 5.763986ms
Round took 5.497342ms
Round took 4.91341ms
Round took 4.737762ms
Round took 4.94914ms
Round took 5.578466ms
Round took 4.782963ms
Round took 5.137202ms
Round took 5.018902ms
Round took 5.039763ms
Round took 5.302462ms
Round took 4.879555ms
Round took 5.020815ms
Round took 6.90716ms
Round took 5.667459ms
Round took 4.325669ms
Round took 5.561224ms
Round took 4.796999ms
Round took 5.952465ms
Round took 4.427587ms
Round took 5.08055ms
Round took 6.092024ms
Round took 3.613786ms
Round took 5.424738ms
Round took 5.09543ms
Round took 4.772039ms
Round took 6.269747ms
Round took 4.337578ms
Round took 5.187684ms
Round took 4.384801ms
Round took 6.964428ms
Round took 4.554208ms
Round took 4.253436ms
Round took 4.837757ms
Round took 5.115597ms
Round took 4.976728ms
Round took 4.879157ms
Round took 6.132538ms
Round took 4.46176ms
Round took 5.206007ms
Round took 4.059373ms
Round took 6.854041ms
Round took 4.139712ms
Round took 5.548236ms
Round took 5.703678ms
Round took 4.886042ms
Round took 4.785742ms
Round took 4.898586ms
Round took 4.83469ms
Round took 5.405291ms
Round took 4.910246ms
Round took 6.035255ms
Round took 3.740734ms
Round took 4.883313ms
Round took 5.954579ms
Round took 4.548431ms
Round took 5.120204ms
Round took 4.995035ms
Round took 5.863642ms
Round took 4.848273ms
Round took 7.082704ms
Round took 4.443572ms
Round took 5.044802ms
Round took 5.486537ms
Round took 4.95122ms
Round took 4.571489ms
Round took 6.254387ms
Round took 3.942749ms
Round took 5.276234ms
Round took 4.633819ms
Round took 6.107991ms
Round took 5.698269ms
Round took 4.509134ms
Round took 5.456361ms
Round took 5.159546ms
Round took 4.859842ms
Round took 4.997193ms
Round took 6.120315ms
Round took 4.44535ms
Round took 5.128012ms
Round took 5.303582ms
Round took 5.239114ms
Round took 4.972434ms
Round took 4.457768ms
Round took 5.319259ms
Round took 5.417392ms
Round took 4.94129ms
Round took 4.687558ms
Round took 5.363116ms
Round took 4.76233ms
Round took 5.439623ms
Round took 4.302049ms
Round took 5.69974ms
Round took 5.223008ms
Round took 4.141274ms
Round took 6.172075ms
Round took 4.369268ms
Round took 4.892457ms
Round took 4.494793ms
Round took 5.402847ms
Round took 4.897025ms
Round took 4.759495ms
Round took 5.273229ms
Round took 4.860577ms
Round took 5.884288ms
Round took 4.553587ms
Round took 5.839473ms
Round took 5.187969ms
Round took 4.526515ms
Round took 4.650146ms
Round took 5.142969ms
Round took 5.557144ms
Round took 4.638068ms
Round took 5.0728ms
Round took 5.925849ms
Round took 4.908743ms
Round took 5.154471ms
Round took 5.047746ms
Round took 5.646955ms
Round took 4.434861ms
Round took 4.943684ms
Round took 5.874648ms
Round took 4.179086ms
Round took 5.137985ms
Round took 5.454822ms
Round took 5.221539ms
Round took 4.653696ms
Round took 5.953ms
Round took 4.494723ms
Round took 4.986119ms
Round took 4.704947ms
Round took 7.407149ms
Round took 6.467596ms
Round took 4.954899ms
Round took 4.634322ms
Round took 5.705119ms
Round took 6.256737ms
Round took 4.946894ms
Round took 5.512144ms
Round took 5.654298ms
Round took 4.87712ms
Round took 6.550416ms
Round took 5.463084ms
Round took 5.33608ms
Round took 5.120525ms
Round took 4.839553ms
Round took 5.253041ms
Round took 4.99173ms
Round took 4.760659ms
Round took 5.105477ms
Round took 5.237969ms
Round took 4.963213ms
Round took 5.585707ms
Round took 6.057939ms
Round took 4.568328ms
Round took 4.876133ms
Round took 5.036977ms
Round took 6.424937ms
Round took 4.519002ms
Round took 5.019093ms
Round took 5.542984ms
Round took 5.007956ms
Round took 4.871305ms
Round took 4.460692ms
Round took 5.401653ms
Round took 5.327025ms
Round took 4.419533ms
Round took 5.417608ms
Round took 5.335933ms
Round took 4.621086ms
Round took 5.203222ms
Round took 5.646825ms
Round took 4.287154ms
Round took 5.284285ms
Round took 4.674544ms
Round took 6.274217ms
Round took 3.869104ms
Round took 5.18971ms
Round took 6.185894ms
Round took 4.516535ms
Round took 5.16707ms
Round took 4.765497ms
Round took 5.555105ms
Round took 4.995398ms
Round took 4.951371ms
Round took 6.940405ms
Round took 4.33994ms
Round took 5.764131ms
Round took 4.005501ms
Round took 5.134117ms
Round took 5.391064ms
Round took 4.618061ms
Round took 5.721167ms
Round took 4.601574ms
Round took 5.318377ms
Round took 5.273159ms
Round took 4.661467ms
Round took 5.235818ms
Round took 4.068283ms
Round took 5.208349ms
Round took 4.984191ms
Round took 4.918951ms
Round took 4.728315ms
Round took 6.597653ms
Round took 6.022194ms
Round took 5.032982ms
Round took 5.252421ms
Round took 4.920089ms
Round took 5.010241ms
Round took 5.154026ms
Round took 5.19286ms
Round took 5.475586ms
Round took 5.506627ms
Round took 4.538374ms
Round took 5.011576ms
Round took 5.057917ms
Round took 5.201054ms
Round took 4.978023ms
Round took 5.800963ms
Round took 4.657474ms
Round took 4.977763ms
Round took 4.93058ms
Round took 5.990812ms
Round took 4.61587ms
Round took 4.851258ms
Round took 4.975212ms
Round took 5.315058ms
Round took 4.690879ms
Round took 5.009021ms
Round took 6.201978ms
Round took 4.135801ms
Round took 4.960049ms
Round took 4.845472ms
Round took 5.035942ms
Round took 5.266121ms
Round took 4.968979ms
Round took 5.37252ms
Round took 5.100732ms
Round took 5.204481ms
Round took 4.741276ms
Round took 5.379279ms
Round took 4.766793ms
Round took 5.033848ms
Round took 4.9896ms
Round took 5.77631ms
Round took 4.663382ms
Round took 5.068063ms
Round took 4.934523ms
Round took 6.307858ms
Round took 5.298051ms
Round took 4.678979ms
Round took 5.3135ms
Round took 4.968823ms
Round took 4.647326ms
Round took 5.041853ms
Round took 5.800772ms
Round took 4.313229ms
Round took 6.676094ms
Round took 3.615927ms
Round took 5.265172ms
Round took 4.886565ms
Round took 5.44963ms
Round took 5.925385ms
Round took 4.044063ms
Round took 5.433969ms
Round took 6.512506ms
Round took 5.805646ms
Round took 4.863308ms
Round took 5.095371ms
Round took 5.635491ms
Round took 4.454032ms
Round took 4.996047ms
Round took 5.331774ms
Round took 5.067461ms
Round took 5.111771ms
Round took 5.107947ms
Round took 5.051942ms
Round took 5.798338ms
Round took 5.61963ms
Round took 4.545209ms
Round took 4.645063ms
Round took 5.177959ms
Round took 4.321254ms
Round took 5.267973ms
Round took 5.119627ms
Round took 5.094347ms
Round took 5.159559ms
Round took 4.881162ms
Round took 5.305141ms
Round took 4.687098ms
Round took 5.509991ms
Round took 4.563673ms
Round took 5.178536ms
Round took 5.150151ms
Round took 5.050826ms
Round took 5.766762ms
Round took 4.449465ms
Round took 5.025056ms
Round took 5.52863ms
Round took 5.040192ms
Round took 4.756967ms
Round took 5.088878ms
Round took 5.197018ms
Round took 4.737558ms
Round took 5.547037ms
Round took 4.747157ms
Round took 5.616421ms
Round took 4.721474ms
Round took 4.903179ms
Round took 5.143119ms
Round took 5.125841ms
Round took 5.085031ms
Round took 5.257929ms
Round took 5.263911ms
Round took 5.360229ms
Round took 4.642235ms
Round took 5.111712ms
Round took 6.874425ms
Round took 3.914848ms
Round took 4.980331ms
Round took 6.139072ms
Round took 4.01153ms
Round took 5.038245ms
Round took 4.944289ms
Round took 6.242032ms
Round took 5.418098ms
Round took 4.849062ms
Round took 4.870432ms
Round took 3.929357ms
Round took 5.916499ms
Round took 4.63865ms
Round took 6.399269ms
Round took 4.963043ms
Round took 4.968575ms
Round took 5.013939ms
Round took 4.010325ms
Round took 5.55215ms
Round took 4.826495ms
Round took 5.544248ms
Round took 5.288474ms
Round took 4.623545ms
Round took 6.095971ms
Round took 3.866663ms
Round took 5.473622ms
Round took 4.937192ms
Round took 5.30185ms
Round took 5.491036ms
Round took 4.383502ms
Round took 5.299117ms
Round took 6.179866ms
Round took 4.6376ms
Round took 4.554188ms
Round took 5.541859ms
Round took 5.379401ms
Round took 4.624189ms
Round took 5.850208ms
Round took 3.645352ms
Round took 6.180528ms
Round took 4.485918ms
Round took 5.182051ms
Round took 5.811342ms
Round took 4.407875ms
Round took 5.299267ms
Round took 4.253278ms
Round took 5.534029ms
Round took 4.642114ms
Round took 5.131581ms
Round took 5.864653ms
Round took 4.942324ms
Round took 4.905203ms
Round took 5.233635ms
Round took 6.426672ms
Round took 6.832267ms
Round took 4.779067ms
Round took 4.840563ms
Round took 5.439868ms
Round took 4.807839ms
Round took 5.5908ms
Round took 5.334747ms
Round took 4.777992ms
Round took 5.029445ms
Round took 4.968184ms
Round took 4.946117ms
Round took 5.757626ms
Round took 4.688963ms
Round took 4.964722ms
Round took 5.506359ms
Round took 5.113812ms
Round took 4.87552ms
Round took 5.427773ms
Round took 5.067027ms
Round took 5.592366ms
Round took 4.290634ms
Round took 5.949311ms
Round took 4.985975ms
Round took 4.965013ms
Round took 4.837935ms
Round took 5.507974ms
Round took 4.414654ms
Round took 5.179286ms
Round took 7.596615ms
Round took 6.26414ms
Round took 4.780544ms
Round took 5.183564ms
Round took 4.78865ms
Round took 5.423709ms
Round took 4.905652ms
Round took 5.500953ms
Round took 5.17517ms
Round took 4.429555ms
Round took 5.080585ms
Round took 5.23024ms
Round took 4.9093ms
Round took 4.810085ms
Round took 5.232246ms
Round took 5.105121ms
Round took 4.919502ms
Round took 5.267869ms
Round took 5.016879ms
Round took 6.355545ms
Round took 4.753349ms
Round took 4.80834ms
Round took 5.434572ms
Round took 4.901179ms
Round took 4.87963ms
Round took 4.783524ms
Round took 5.725489ms
Round took 4.0814ms
Round took 4.950864ms
Round took 5.674143ms
Round took 5.382471ms
Round took 4.558993ms
Round took 5.021408ms
Round took 5.260686ms
Round took 5.203982ms
Round took 4.9688ms
Round took 6.086721ms
Round took 6.237051ms
Round took 4.389449ms
Round took 4.491819ms
Round took 3.894625ms
Round took 6.1977ms
Round took 5.043843ms
Round took 6.215688ms
Round took 4.901804ms
Round took 6.085786ms
Round took 3.270604ms
Round took 6.802171ms
Round took 4.178436ms
Round took 4.89581ms
Round took 5.52814ms
Round took 4.597411ms
Round took 4.875767ms
Round took 5.149482ms
Round took 5.397165ms
Round took 4.599353ms
Round took 5.150019ms
Round took 5.998035ms
Round took 4.617887ms
Round took 4.65172ms
Round took 4.691815ms
Round took 5.615866ms
Round took 4.651727ms
Round took 4.97107ms
Round took 5.645787ms
Round took 6.51355ms
Round took 4.512131ms
Round took 5.473382ms
Round took 5.102688ms
Round took 5.175439ms
Round took 4.631024ms
Round took 3.553104ms
Round took 5.615416ms
Round took 4.209855ms
Round took 5.58569ms
Round took 4.529367ms
Round took 7.473524ms
Round took 6.423367ms
Round took 4.171555ms
Round took 4.681492ms
Round took 4.795787ms
Round took 4.300854ms
Round took 3.577805ms
Round took 5.820346ms
Round took 5.164447ms
Round took 4.536213ms
Round took 5.175713ms
Round took 7.359942ms
Round took 6.542424ms
Round took 5.429023ms
Round took 4.620626ms
Round took 5.524043ms
Round took 4.548911ms
Round took 5.029086ms
Round took 7.086809ms
Round took 4.469115ms
Round took 5.48519ms
Round took 4.785199ms
Round took 4.374234ms
Round took 5.227059ms
Round took 5.335731ms
Round took 5.800025ms
Round took 4.248157ms
Round took 5.365789ms
Round took 4.632221ms
Round took 5.080322ms
Round took 5.120829ms
Round took 4.764056ms
Round took 6.232548ms
Round took 4.940194ms
Round took 4.469242ms
Round took 4.302434ms
Round took 6.103455ms
Round took 4.295468ms
Round took 5.333504ms
Round took 5.692003ms
Round took 4.813115ms
Round took 5.183287ms
Round took 4.632807ms
Round took 6.140232ms
Round took 5.172543ms
Round took 5.33493ms
Round took 5.142911ms
Round took 4.706776ms
Round took 4.562759ms
Round took 4.938425ms
Round took 5.868919ms
Round took 4.588099ms
Round took 4.959008ms
Test took 5.199780441s
Successful: 10000
