Uniform distribution
2021/04/16 21:40:47 The leader is replica 0
Round took 5.068105ms
Round took 5.592316ms
Round took 6.731215ms
Round took 7.87367ms
Round took 6.644402ms
Round took 3.102215ms
Round took 4.738174ms
Round took 5.916466ms
Round took 4.724988ms
Round took 4.657246ms
Round took 4.908299ms
Round took 5.303513ms
Round took 4.775654ms
Round took 5.069353ms
Round took 5.465898ms
Round took 4.907054ms
Round took 4.502194ms
Round took 4.78988ms
Round took 5.890459ms
Round took 4.544662ms
Round took 4.9294ms
Round took 5.231887ms
Round took 4.968ms
Round took 5.392469ms
Round took 4.747095ms
Round took 5.064227ms
Round took 6.425565ms
Round took 4.214192ms
Round took 4.676494ms
Round took 5.263331ms
Round took 5.628004ms
Round took 4.63222ms
Round took 5.03807ms
Round took 4.90575ms
Round took 5.942196ms
Round took 4.141423ms
Round took 5.75139ms
Round took 6.853719ms
Round took 3.748929ms
Round took 6.1374ms
Round took 4.656016ms
Round took 5.347458ms
Round took 3.479839ms
Round took 5.577732ms
Round took 5.382494ms
Round took 4.498127ms
Round took 5.212114ms
Round took 4.6019ms
Round took 5.87316ms
Round took 6.607536ms
Round took 6.346074ms
Round took 5.570223ms
Round took 6.548121ms
Round took 6.876945ms
Round took 8.744484ms
Round took 4.067153ms
Round took 4.003795ms
Round took 5.693999ms
Round took 5.271236ms
Round took 4.354972ms
Round took 4.732808ms
Round took 7.154913ms
Round took 3.873921ms
Round took 4.92003ms
Round took 7.539695ms
Round took 5.434758ms
Round took 5.1225ms
Round took 4.984998ms
Round took 5.221977ms
Round took 5.082253ms
Round took 5.091231ms
Round took 5.203434ms
Round took 5.471019ms
Round took 4.99271ms
Round took 4.494551ms
Round took 5.012945ms
Round took 5.465734ms
Round took 4.873655ms
Round took 5.004289ms
Round took 5.240273ms
Round took 4.774655ms
Round took 5.17581ms
Round took 4.954614ms
Round took 5.459055ms
Round took 5.114564ms
Round took 4.929134ms
Round took 5.321639ms
Round took 6.537883ms
Round took 8.076126ms
Round took 7.730202ms
Round took 4.775445ms
Round took 4.00636ms
Round took 7.367192ms
Round took 5.28724ms
Round took 6.453896ms
Round took 4.506537ms
Round took 5.754335ms
Round took 4.832136ms
Round took 5.782738ms
Round took 5.835072ms
Round took 7.363407ms
Round took 4.392104ms
Round took 5.330132ms
Round took 4.568126ms
Round took 3.62234ms
Round took 3.915917ms
Round took 6.242194ms
Round took 5.288803ms
Round took 5.125423ms
Round took 4.902312ms
Round took 5.931766ms
Round took 3.899159ms
Round took 5.517457ms
Round took 4.38286ms
Round took 7.327188ms
Round took 7.169203ms
Round took 4.8502ms
Round took 4.324572ms
Round took 5.772637ms
Round took 4.851516ms
Round took 4.72819ms
Round took 5.411056ms
Round took 5.037044ms
Round took 4.75525ms
Round took 4.840252ms
Round took 5.234ms
Round took 6.308831ms
Round took 6.307804ms
Round took 5.538642ms
Round took 4.027445ms
Round took 5.00317ms
Round took 5.33183ms
Round took 6.191155ms
Round took 6.697444ms
Round took 4.723125ms
Round took 4.825165ms
Round took 7.382457ms
Round took 4.638935ms
Round took 5.546652ms
Round took 4.813525ms
Round took 4.83622ms
Round took 4.978163ms
Round took 5.514271ms
Round took 5.130857ms
Round took 5.041955ms
Round took 5.437287ms
Round took 5.320531ms
Round took 4.574118ms
Round took 5.022324ms
Round took 4.781947ms
Round took 5.19408ms
Round took 4.992813ms
Round took 4.972478ms
Round took 5.930844ms
Round took 5.120757ms
Round took 4.53107ms
Round took 4.260578ms
Round took 6.656074ms
Round took 6.220426ms
Round took 4.859563ms
Round took 4.935335ms
Round took 5.270623ms
Round took 5.137847ms
Round took 4.948144ms
Round took 5.097923ms
Round took 5.299372ms
Round took 4.883878ms
Round took 5.151389ms
Round took 5.696799ms
Round took 4.865379ms
Round took 4.713857ms
Round took 4.941291ms
Round took 5.28455ms
Round took 5.314042ms
Round took 4.630878ms
Round took 5.059838ms
Round took 5.525265ms
Round took 5.136074ms
Round took 4.70203ms
Round took 6.049075ms
Round took 4.406463ms
Round took 4.523055ms
Round took 5.348621ms
Round took 5.131457ms
Round took 4.80906ms
Round took 5.625671ms
Round took 5.898597ms
Round took 5.7105ms
Round took 4.890056ms
Round took 4.629706ms
Round took 5.921792ms
Round took 5.849605ms
Round took 6.542616ms
Round took 5.095223ms
Round took 5.61998ms
Round took 3.83779ms
Round took 3.451962ms
Round took 5.122657ms
Round took 4.896647ms
Round took 6.607263ms
Round took 4.643544ms
Round took 4.769943ms
Round took 3.990116ms
Round took 5.94831ms
Round took 4.885629ms
Round took 4.93166ms
Round took 4.951892ms
Round took 4.512114ms
Round took 6.213284ms
Round took 4.66908ms
Round took 5.801776ms
Round took 4.483828ms
Round took 5.072111ms
Round took 5.047659ms
Round took 5.986014ms
Round took 4.749287ms
Round took 5.089036ms
Round took 5.963432ms
Round took 5.801979ms
Round took 5.602682ms
Round took 4.546321ms
Round took 5.481567ms
Round took 4.666613ms
Round took 5.182211ms
Round took 4.970455ms
Round took 5.269404ms
Round took 5.385983ms
Round took 5.006981ms
Round took 4.645896ms
Round took 5.160242ms
Round took 6.006804ms
Round took 4.230476ms
Round took 4.763381ms
Round took 5.350861ms
Round took 5.247015ms
Round took 5.273588ms
Round took 4.980338ms
Round took 6.244685ms
Round took 5.195742ms
Round took 4.894443ms
Round took 4.687845ms
Round took 5.947831ms
Round took 4.825927ms
Round took 5.566558ms
Round took 4.877418ms
Round took 5.054049ms
Round took 5.022939ms
Round took 6.008545ms
Round took 5.060254ms
Round took 5.993944ms
Round took 4.971547ms
Round took 4.588662ms
Round took 4.878727ms
Round took 5.072219ms
Round took 5.735247ms
Round took 4.509171ms
Round took 5.167965ms
Round took 6.018933ms
Round took 5.83269ms
Round took 5.529256ms
Round took 4.948457ms
Round took 5.163644ms
Round took 5.265938ms
Round took 4.980134ms
Round took 4.587225ms
Round took 5.349759ms
Round took 5.772116ms
Round took 4.615088ms
Round took 4.695561ms
Round took 5.664433ms
Round took 4.981709ms
Round took 4.851701ms
Round took 4.9734ms
Round took 6.193247ms
Round took 4.394577ms
Round took 5.323695ms
Round took 5.064471ms
Round took 5.674287ms
Round took 4.814027ms
Round took 4.74288ms
Round took 6.371158ms
Round took 4.154404ms
Round took 5.211135ms
Round took 4.932207ms
Round took 5.247989ms
Round took 4.944028ms
Round took 4.89907ms
Round took 6.037797ms
Round took 4.586173ms
Round took 5.058847ms
Round took 4.685355ms
Round took 5.836591ms
Round took 4.622748ms
Round took 5.116393ms
Round took 5.85479ms
Round took 4.26618ms
Round took 5.220218ms
Round took 5.023774ms
Round took 5.271904ms
Round took 4.549431ms
Round took 5.432147ms
Round took 5.309734ms
Round took 4.471988ms
Round took 6.244302ms
Round took 6.435419ms
Round took 4.876939ms
Round took 4.184709ms
Round took 4.141464ms
Round took 5.098858ms
Round took 5.2761ms
Round took 4.714923ms
Round took 5.286738ms
Round took 4.877765ms
Round took 5.547979ms
Round took 4.488536ms
Round took 5.011889ms
Round took 6.094616ms
Round took 4.763455ms
Round took 4.903134ms
Round took 5.675359ms
Round took 5.333517ms
Round took 4.83257ms
Round took 6.830968ms
Round took 4.715186ms
Round took 4.186871ms
Round took 4.494453ms
Round took 5.027638ms
Round took 5.561605ms
Round took 4.710195ms
Round took 5.42393ms
Round took 4.90488ms
Round took 4.824133ms
Round took 4.747294ms
Round took 5.474629ms
Round took 5.740433ms
Round took 4.626403ms
Round took 5.8726ms
Round took 3.920008ms
Round took 5.07218ms
Round took 4.882659ms
Round took 5.109767ms
Round took 6.218572ms
Round took 4.306715ms
Round took 5.124807ms
Round took 5.967502ms
Round took 4.640876ms
Round took 4.751536ms
Round took 4.929693ms
Round took 4.870449ms
Round took 5.107445ms
Round took 5.207744ms
Round took 5.730318ms
Round took 5.2417ms
Round took 5.886122ms
Round took 5.020236ms
Round took 4.754175ms
Round took 5.153487ms
Round took 5.61185ms
Round took 5.167933ms
Round took 5.357701ms
Round took 5.138462ms
Round took 5.141675ms
Round took 4.619089ms
Round took 7.270634ms
Round took 3.856007ms
Round took 7.079199ms
Round took 6.630838ms
Round took 5.766443ms
Round took 4.83331ms
Round took 5.254153ms
Round took 4.775484ms
Round took 5.374193ms
Round took 4.760778ms
Round took 4.980524ms
Round took 4.93914ms
Round took 5.347259ms
Round took 4.791966ms
Round took 6.189597ms
Round took 4.157448ms
Round took 4.829761ms
Round took 5.231978ms
Round took 5.488965ms
Round took 4.930897ms
Round took 5.436415ms
Round took 5.315114ms
Round took 4.516115ms
Round took 5.221534ms
Round took 5.229828ms
Round took 5.970102ms
Round took 5.949081ms
Round took 3.960404ms
Round took 5.504359ms
Round took 4.73397ms
Round took 5.152592ms
Round took 4.872201ms
Round took 5.606973ms
Round took 4.512649ms
Round took 5.036817ms
Round took 5.789426ms
Round took 4.639103ms
Round took 5.372026ms
Round took 4.258362ms
Round took 5.887191ms
Round took 5.227781ms
Round took 5.220548ms
Round took 5.046603ms
Round took 4.83996ms
Round took 5.026151ms
Round took 5.073995ms
Round took 5.951195ms
Round took 4.107818ms
Round took 4.91412ms
Round took 6.166736ms
Round took 4.399216ms
Round took 4.906066ms
Round took 6.706217ms
Round took 6.811564ms
Round took 4.141786ms
Round took 5.649403ms
Round took 4.398354ms
Round took 5.154268ms
Round took 5.525857ms
Round took 4.648297ms
Round took 5.211665ms
Round took 5.110057ms
Round took 5.434904ms
Round took 4.347361ms
Round took 5.53907ms
Round took 5.026808ms
Round took 4.782539ms
Round took 5.10911ms
Round took 5.21094ms
Round took 5.461367ms
Round took 4.713722ms
Round took 4.933547ms
Round took 6.025313ms
Round took 4.175216ms
Round took 5.096778ms
Round took 4.6826ms
Round took 5.183196ms
Round took 5.636568ms
Round took 5.236069ms
Round took 6.008675ms
Round took 4.246622ms
Round took 5.124784ms
Round took 4.684056ms
Round took 6.432142ms
Round took 4.801807ms
Round took 4.97843ms
Round took 7.052837ms
Round took 5.404603ms
Round took 4.862414ms
Round took 3.671052ms
Round took 18.504201ms
Round took 4.963634ms
Round took 5.465329ms
Round took 4.823118ms
Round took 6.420613ms
Round took 6.768237ms
Round took 4.196696ms
Round took 5.34733ms
Round took 3.556238ms
Round took 5.026638ms
Round took 6.752338ms
Round took 5.719611ms
Round took 5.650799ms
Round took 3.432981ms
Round took 3.42573ms
Round took 6.37556ms
Round took 4.826612ms
Round took 5.522374ms
Round took 5.629318ms
Round took 6.561694ms
Round took 4.78162ms
Round took 5.109213ms
Round took 5.021443ms
Round took 4.979128ms
Round took 5.312911ms
Round took 4.911353ms
Round took 4.993191ms
Round took 4.9834ms
Round took 5.135147ms
Round took 4.97493ms
Round took 5.48252ms
Round took 4.781894ms
Round took 5.214589ms
Round took 4.872312ms
Round took 5.211344ms
Round took 5.234897ms
Round took 4.728716ms
Round took 5.719854ms
Round took 4.922377ms
Round took 4.873472ms
Round took 5.420698ms
Round took 5.058245ms
Round took 5.190342ms
Round took 4.615451ms
Round took 5.240929ms
Round took 6.159856ms
Round took 4.305994ms
Round took 4.523826ms
Round took 5.289519ms
Round took 5.203132ms
Round took 4.976498ms
Round took 5.225035ms
Round took 5.082085ms
Round took 4.897557ms
Round took 4.616563ms
Round took 5.110584ms
Round took 5.217614ms
Round took 5.189452ms
Round took 5.059064ms
Round took 5.086887ms
Round took 5.339312ms
Round took 4.674887ms
Round took 5.175ms
Round took 5.495852ms
Round took 4.900061ms
Round took 5.010932ms
Round took 4.823015ms
Round took 4.938197ms
Round took 5.29248ms
Round took 4.792817ms
Round took 5.210346ms
Round took 5.035942ms
Round took 5.004327ms
Round took 4.89709ms
Round took 5.401905ms
Round took 5.963064ms
Round took 4.498729ms
Round took 5.03285ms
Round took 5.838678ms
Round took 4.983263ms
Round took 4.475544ms
Round took 6.902107ms
Round took 3.803733ms
Round took 5.339154ms
Round took 4.548999ms
Round took 6.118758ms
Round took 5.000698ms
Round took 5.510562ms
Round took 5.21747ms
Round took 4.938769ms
Round took 4.838691ms
Round took 5.662013ms
Round took 4.833791ms
Round took 4.598946ms
Round took 5.148513ms
Round took 5.812179ms
Round took 5.017181ms
Round took 5.031633ms
Round took 4.887423ms
Round took 4.769057ms
Round took 5.393867ms
Round took 5.595549ms
Round took 4.783642ms
Round took 4.795428ms
Round took 4.797533ms
Round took 5.947059ms
Round took 4.303907ms
Round took 5.212204ms
Round took 4.976597ms
Round took 5.21811ms
Round took 5.910776ms
Round took 4.256335ms
Round took 4.906652ms
Round took 4.236489ms
Round took 5.965078ms
Round took 4.679278ms
Round took 4.717461ms
Round took 6.72546ms
Round took 6.536259ms
Round took 4.883604ms
Round took 5.430595ms
Round took 5.402805ms
Round took 4.897583ms
Round took 4.691434ms
Round took 4.913691ms
Round took 5.306305ms
Round took 4.931842ms
Round took 5.003016ms
Round took 5.0645ms
Round took 5.234387ms
Round took 5.137286ms
Round took 4.861857ms
Round took 5.739397ms
Round took 4.604736ms
Round took 4.961719ms
Round took 5.315047ms
Round took 4.741883ms
Round took 6.079857ms
Round took 4.56485ms
Round took 5.5999ms
Round took 4.931806ms
Round took 5.305506ms
Round took 4.518616ms
Round took 6.056895ms
Round took 4.469452ms
Round took 5.60944ms
Round took 4.607303ms
Round took 6.184712ms
Round took 4.558416ms
Round took 4.663477ms
Round took 5.586347ms
Round took 5.076539ms
Round took 4.696394ms
Round took 5.520555ms
Round took 5.491758ms
Round took 4.653744ms
Round took 5.720404ms
Round took 4.041701ms
Round took 5.769827ms
Round took 5.260589ms
Round took 5.814697ms
Round took 4.898557ms
Round took 4.510898ms
Round took 5.632087ms
Round took 4.46992ms
Round took 4.572129ms
Round took 5.449448ms
Round took 5.617367ms
Round took 4.894685ms
Round took 5.432442ms
Round took 4.510209ms
Round took 5.273136ms
Round took 7.186303ms
Round took 5.196552ms
Round took 5.022826ms
Round took 5.070901ms
Round took 5.191647ms
Round took 5.295783ms
Round took 4.572777ms
Round took 5.176053ms
Round took 5.571752ms
Round took 4.36089ms
Round took 5.338712ms
Round took 5.487625ms
Round took 4.689698ms
Round took 5.105843ms
Round took 4.972657ms
Round took 5.005698ms
Round took 5.326877ms
Round took 4.735046ms
Round took 6.237995ms
Round took 3.875865ms
Round took 5.237481ms
Round took 5.266837ms
Round took 5.280117ms
Round took 5.299381ms
Round took 4.810321ms
Round took 5.097147ms
Round took 5.094053ms
Round took 4.9027ms
Round took 5.278909ms
Round took 4.886173ms
Round took 6.022746ms
Round took 4.209732ms
Round took 5.043278ms
Round took 6.183117ms
Round took 4.292742ms
Round took 5.557565ms
Round took 4.759771ms
Round took 5.593875ms
Round took 4.817374ms
Round took 4.95379ms
Round took 5.917328ms
Round took 4.065793ms
Round took 5.230309ms
Round took 4.918783ms
Round took 5.615717ms
Round took 4.697499ms
Round took 5.250847ms
Round took 5.306487ms
Round took 4.907747ms
Round took 4.951652ms
Round took 5.487449ms
Round took 5.112643ms
Round took 4.88598ms
Round took 5.248473ms
Round took 5.337133ms
Round took 4.716849ms
Round took 5.231558ms
Round took 4.698564ms
Round took 5.193236ms
Round took 5.173033ms
Round took 4.974663ms
Round took 4.885826ms
Round took 5.701206ms
Round took 4.62096ms
Round took 5.096089ms
Round took 5.434594ms
Round took 5.586622ms
Round took 4.603808ms
Round took 4.838775ms
Round took 4.930148ms
Round took 5.032463ms
Round took 4.717706ms
Round took 5.022911ms
Round took 6.325305ms
Round took 4.198495ms
Round took 4.930358ms
Round took 4.640681ms
Round took 6.155599ms
Round took 4.348958ms
Round took 4.909451ms
Round took 6.068511ms
Round took 4.606232ms
Round took 4.660358ms
Round took 5.077505ms
Round took 5.719838ms
Round took 4.271332ms
Round took 4.983574ms
Round took 5.687239ms
Round took 6.245684ms
Round took 4.330132ms
Round took 6.458283ms
Round took 7.661987ms
Round took 5.18761ms
Round took 4.196637ms
Round took 6.0916ms
Round took 4.98526ms
Round took 4.645374ms
Round took 4.895855ms
Round took 6.686171ms
Round took 4.131376ms
Round took 6.75029ms
Round took 3.668764ms
Round took 5.292267ms
Round took 4.873222ms
Round took 5.454125ms
Round took 5.869436ms
Round took 4.03343ms
Round took 5.475552ms
Round took 4.590514ms
Round took 5.99404ms
Round took 4.327363ms
Round took 5.257508ms
Round took 5.509658ms
Round took 5.500681ms
Round took 4.298829ms
Round took 4.64136ms
Round took 5.469692ms
Round took 4.69632ms
Round took 4.936418ms
Round took 6.015765ms
Round took 5.903573ms
Round took 5.112202ms
Round took 5.172837ms
Round took 4.824679ms
Round took 4.25784ms
Round took 4.69006ms
Round took 4.782769ms
Round took 5.051416ms
Round took 4.94921ms
Round took 5.13236ms
Round took 5.895254ms
Round took 4.983861ms
Round took 5.065549ms
Round took 5.012424ms
Round took 5.158312ms
Round took 4.554223ms
Round took 4.914748ms
Round took 5.375466ms
Round took 6.357824ms
Round took 4.5023ms
Round took 5.014258ms
Round took 5.235161ms
Round took 5.169636ms
Round took 4.912171ms
Round took 5.067796ms
Round took 5.198493ms
Round took 4.785781ms
Round took 5.451982ms
Round took 4.858968ms
Round took 5.565734ms
Round took 4.662838ms
Round took 4.899846ms
Round took 5.214546ms
Round took 5.09706ms
Round took 5.134315ms
Round took 5.075547ms
Round took 5.443988ms
Round took 5.14181ms
Round took 4.6883ms
Round took 5.126248ms
Round took 7.17477ms
Round took 4.177332ms
Round took 4.95394ms
Round took 6.026475ms
Round took 4.254378ms
Round took 5.042036ms
Round took 4.884202ms
Round took 6.661365ms
Round took 4.997406ms
Round took 5.020963ms
Round took 4.95751ms
Round took 3.631828ms
Round took 5.901089ms
Round took 4.829619ms
Round took 6.505275ms
Round took 4.905182ms
Round took 5.251486ms
Round took 5.143399ms
Round took 3.604362ms
Round took 5.505027ms
Round took 4.820698ms
Round took 5.608951ms
Round took 5.30418ms
Round took 4.498094ms
Round took 6.289746ms
Round took 3.746827ms
Round took 5.444065ms
Round took 4.978283ms
Round took 5.463084ms
Round took 5.422593ms
Round took 4.219852ms
Round took 5.831634ms
Round took 5.905861ms
Round took 4.287497ms
Round took 4.663177ms
Round took 5.765801ms
Round took 5.276534ms
Round took 4.558543ms
Round took 5.907518ms
Round took 6.40427ms
Round took 4.984051ms
Round took 4.913741ms
Round took 4.981388ms
Round took 5.067064ms
Round took 6.070292ms
Round took 4.380496ms
Round took 5.114979ms
Round took 5.15484ms
Round took 4.925175ms
Round took 5.010005ms
Round took 5.271703ms
Round took 4.913275ms
Round took 5.191334ms
Round took 4.785957ms
Round took 5.034672ms
Round took 6.186016ms
Round took 4.858768ms
Round took 4.754973ms
Round took 6.053009ms
Round took 4.664281ms
Round took 5.541089ms
Round took 5.373258ms
Round took 4.318665ms
Round took 5.145748ms
Round took 4.986835ms
Round took 5.007833ms
Round took 5.866905ms
Round took 4.941251ms
Round took 6.701896ms
Round took 4.107414ms
Round took 5.122135ms
Round took 5.069957ms
Round took 5.118467ms
Round took 4.84664ms
Round took 6.084558ms
Round took 6.092618ms
Round took 5.401298ms
Round took 4.985017ms
Round took 4.60007ms
Round took 5.777136ms
Round took 4.462504ms
Round took 5.313947ms
Round took 4.834286ms
Round took 5.09498ms
Round took 5.985802ms
Round took 4.781644ms
Round took 5.827351ms
Round took 4.869754ms
Round took 4.963912ms
Round took 4.872775ms
Round took 5.612044ms
Round took 5.252031ms
Round took 4.427926ms
Round took 5.82958ms
Round took 4.422757ms
Round took 4.990268ms
Round took 4.707248ms
Round took 5.248318ms
Round took 5.08695ms
Round took 4.963672ms
Round took 5.24609ms
Round took 5.126008ms
Round took 5.605814ms
Round took 5.142847ms
Round took 4.784835ms
Round took 5.199948ms
Round took 5.046477ms
Round took 4.908686ms
Round took 5.014285ms
Round took 5.154629ms
Round took 4.336832ms
Round took 4.960039ms
Round took 5.755121ms
Round took 5.368436ms
Round took 4.553054ms
Round took 4.972091ms
Round took 6.146906ms
Round took 5.071581ms
Round took 5.143913ms
Round took 6.420941ms
Round took 5.744144ms
Round took 4.617327ms
Round took 3.83333ms
Round took 4.913767ms
Round took 5.254153ms
Round took 5.230703ms
Round took 6.080668ms
Round took 4.931233ms
Round took 6.521681ms
Round took 6.545372ms
Round took 4.796148ms
Round took 4.896429ms
Round took 5.038471ms
Round took 5.169427ms
Round took 4.942959ms
Round took 5.089293ms
Round took 4.985785ms
Round took 5.173111ms
Round took 4.987332ms
Round took 5.059426ms
Round took 5.50539ms
Round took 4.607286ms
Round took 4.802638ms
Round took 5.501992ms
Round took 5.006985ms
Round took 5.022013ms
Round took 5.071892ms
Round took 5.202643ms
Round took 6.315028ms
Round took 5.079482ms
Round took 5.091378ms
Round took 5.207209ms
Round took 4.951665ms
Round took 3.816725ms
Round took 5.278608ms
Round took 5.539111ms
Round took 5.630544ms
Round took 4.497941ms
Round took 7.244966ms
Round took 6.502708ms
Round took 4.084196ms
Round took 4.664658ms
Round took 4.70357ms
Round took 4.371729ms
Round took 3.585451ms
Round took 5.78352ms
Round took 5.397894ms
Round took 4.584687ms
Round took 5.209702ms
Round took 7.002242ms
Round took 6.482326ms
Round took 5.357984ms
Round took 4.705163ms
Round took 5.575069ms
Round took 4.524374ms
Round took 5.046129ms
Round took 5.583264ms
Round took 4.97788ms
Round took 4.97959ms
Round took 4.835057ms
Round took 4.968514ms
Round took 5.179082ms
Round took 5.181481ms
Round took 5.83594ms
Round took 4.424517ms
Round took 5.184267ms
Round took 4.873149ms
Round took 5.202918ms
Round took 5.092174ms
Round took 4.771345ms
Round took 5.086351ms
Round took 6.701668ms
Round took 4.44904ms
Round took 4.34317ms
Round took 6.047732ms
Round took 4.256921ms
Round took 5.333386ms
Round took 5.650774ms
Round took 4.800391ms
Round took 5.110643ms
Round took 4.649972ms
Round took 5.434001ms
Round took 4.861314ms
Round took 5.167118ms
Round took 5.063125ms
Round took 4.914702ms
Round took 5.846604ms
Round took 5.566886ms
Round took 5.932537ms
Round took 4.647996ms
Round took 4.925388ms
Round took 5.325531ms
Round took 4.467286ms
Round took 6.807857ms
Round took 6.986135ms
Test took 5.220253759s
Successful: 10000
