Uniform distribution
2021/04/16 21:40:47 The leader is replica 0
Round took 5.798562ms
Round took 6.514887ms
Round took 6.864371ms
Round took 9.524964ms
Round took 4.077982ms
Round took 3.938699ms
Round took 5.796691ms
Round took 5.02712ms
Round took 4.903044ms
Round took 6.075472ms
Round took 4.633891ms
Round took 3.714633ms
Round took 4.882195ms
Round took 5.13925ms
Round took 5.278558ms
Round took 5.639277ms
Round took 5.016621ms
Round took 5.370842ms
Round took 4.813149ms
Round took 4.981797ms
Round took 4.943411ms
Round took 5.453242ms
Round took 5.657915ms
Round took 4.749297ms
Round took 4.954412ms
Round took 4.384488ms
Round took 5.387213ms
Round took 4.941927ms
Round took 5.443302ms
Round took 5.566767ms
Round took 4.332529ms
Round took 5.195434ms
Round took 4.58186ms
Round took 5.286322ms
Round took 4.477374ms
Round took 4.959592ms
Round took 6.423084ms
Round took 6.767752ms
Round took 7.372293ms
Round took 7.203628ms
Round took 4.255353ms
Round took 4.005362ms
Round took 6.856451ms
Round took 5.37879ms
Round took 6.468649ms
Round took 4.527786ms
Round took 5.808445ms
Round took 4.524165ms
Round took 4.982236ms
Round took 4.367763ms
Round took 6.520653ms
Round took 5.534091ms
Round took 5.075194ms
Round took 5.538807ms
Round took 3.708111ms
Round took 3.671315ms
Round took 5.775904ms
Round took 5.248963ms
Round took 5.578676ms
Round took 5.073016ms
Round took 4.737776ms
Round took 5.734796ms
Round took 4.737562ms
Round took 4.20306ms
Round took 5.254352ms
Round took 6.115256ms
Round took 6.106552ms
Round took 5.270126ms
Round took 4.171089ms
Round took 4.957326ms
Round took 5.226626ms
Round took 5.163894ms
Round took 5.290373ms
Round took 5.047125ms
Round took 4.765199ms
Round took 5.187091ms
Round took 4.763453ms
Round took 4.953298ms
Round took 6.134871ms
Round took 4.169889ms
Round took 4.787401ms
Round took 4.940024ms
Round took 4.912006ms
Round took 6.229048ms
Round took 4.135395ms
Round took 5.173316ms
Round took 5.150977ms
Round took 4.930223ms
Round took 5.066708ms
Round took 4.682292ms
Round took 5.646031ms
Round took 4.712543ms
Round took 4.823188ms
Round took 5.099717ms
Round took 5.485395ms
Round took 5.201528ms
Round took 4.980434ms
Round took 5.434814ms
Round took 5.365422ms
Round took 4.59744ms
Round took 5.034345ms
Round took 5.033029ms
Round took 5.141806ms
Round took 4.920955ms
Round took 5.455426ms
Round took 5.556082ms
Round took 5.127435ms
Round took 4.561981ms
Round took 4.113411ms
Round took 5.146356ms
Round took 5.520105ms
Round took 4.99325ms
Round took 6.139359ms
Round took 3.766411ms
Round took 5.114636ms
Round took 5.014699ms
Round took 5.67551ms
Round took 4.884738ms
Round took 5.002379ms
Round took 5.309569ms
Round took 4.975619ms
Round took 4.664585ms
Round took 4.523321ms
Round took 5.21106ms
Round took 5.182166ms
Round took 4.770948ms
Round took 5.280425ms
Round took 4.475046ms
Round took 5.422777ms
Round took 5.406508ms
Round took 5.421239ms
Round took 4.99652ms
Round took 5.542842ms
Round took 4.276581ms
Round took 4.57173ms
Round took 5.358495ms
Round took 5.078368ms
Round took 4.750736ms
Round took 4.902711ms
Round took 6.142971ms
Round took 4.255794ms
Round took 4.906769ms
Round took 4.768017ms
Round took 5.855429ms
Round took 5.698774ms
Round took 6.725822ms
Round took 5.052468ms
Round took 5.692456ms
Round took 3.751162ms
Round took 4.116384ms
Round took 4.801141ms
Round took 4.857191ms
Round took 6.616205ms
Round took 4.83504ms
Round took 4.684605ms
Round took 3.915613ms
Round took 5.969741ms
Round took 4.951888ms
Round took 4.858942ms
Round took 4.950802ms
Round took 5.53933ms
Round took 4.4322ms
Round took 4.627744ms
Round took 5.520284ms
Round took 4.807122ms
Round took 5.015009ms
Round took 5.088653ms
Round took 5.862663ms
Round took 4.824565ms
Round took 5.129378ms
Round took 5.753345ms
Round took 4.586461ms
Round took 4.185216ms
Round took 5.559475ms
Round took 4.567ms
Round took 5.559789ms
Round took 4.906263ms
Round took 4.000717ms
Round took 5.213829ms
Round took 5.495325ms
Round took 5.054616ms
Round took 5.010891ms
Round took 4.514523ms
Round took 5.501291ms
Round took 5.610712ms
Round took 4.281678ms
Round took 4.764101ms
Round took 5.457674ms
Round took 4.914637ms
Round took 4.753243ms
Round took 4.990818ms
Round took 5.789104ms
Round took 5.213441ms
Round took 4.934194ms
Round took 4.802933ms
Round took 5.935182ms
Round took 4.86217ms
Round took 5.609092ms
Round took 4.794502ms
Round took 5.083907ms
Round took 5.489968ms
Round took 4.860991ms
Round took 5.002838ms
Round took 5.218518ms
Round took 5.2039ms
Round took 4.922737ms
Round took 4.97876ms
Round took 4.759615ms
Round took 5.92971ms
Round took 4.142768ms
Round took 5.150986ms
Round took 4.694581ms
Round took 5.063981ms
Round took 5.4513ms
Round took 5.541087ms
Round took 4.735234ms
Round took 5.594041ms
Round took 5.089976ms
Round took 5.449624ms
Round took 3.77991ms
Round took 5.420305ms
Round took 5.393146ms
Round took 5.527049ms
Round took 4.408608ms
Round took 5.204429ms
Round took 4.990556ms
Round took 5.011025ms
Round took 5.075111ms
Round took 4.844836ms
Round took 4.457035ms
Round took 5.647404ms
Round took 4.779779ms
Round took 5.084016ms
Round took 5.065899ms
Round took 5.00627ms
Round took 6.159027ms
Round took 4.130351ms
Round took 5.682636ms
Round took 4.378363ms
Round took 5.24088ms
Round took 4.896178ms
Round took 5.714976ms
Round took 5.734712ms
Round took 4.550448ms
Round took 5.772382ms
Round took 4.164265ms
Round took 5.26919ms
Round took 4.836476ms
Round took 5.435271ms
Round took 5.493825ms
Round took 4.527733ms
Round took 5.592864ms
Round took 4.538716ms
Round took 5.158077ms
Round took 4.566389ms
Round took 5.978789ms
Round took 4.811478ms
Round took 3.906242ms
Round took 6.231417ms
Round took 6.516004ms
Round took 4.879655ms
Round took 4.499592ms
Round took 4.388309ms
Round took 4.841101ms
Round took 5.274962ms
Round took 4.657071ms
Round took 5.899149ms
Round took 4.403729ms
Round took 5.212921ms
Round took 4.508519ms
Round took 5.734606ms
Round took 4.505372ms
Round took 4.705501ms
Round took 4.892142ms
Round took 5.306407ms
Round took 5.306074ms
Round took 4.788817ms
Round took 6.587285ms
Round took 4.786172ms
Round took 4.142759ms
Round took 4.632959ms
Round took 5.041127ms
Round took 5.832442ms
Round took 4.682547ms
Round took 4.949074ms
Round took 5.504661ms
Round took 4.834351ms
Round took 4.717919ms
Round took 5.17254ms
Round took 5.827876ms
Round took 4.635601ms
Round took 5.350099ms
Round took 4.888352ms
Round took 4.849818ms
Round took 4.567828ms
Round took 5.10253ms
Round took 6.048255ms
Round took 4.255964ms
Round took 4.563479ms
Round took 4.616946ms
Round took 4.761767ms
Round took 5.669977ms
Round took 4.839245ms
Round took 4.763211ms
Round took 5.077877ms
Round took 5.502157ms
Round took 4.989025ms
Round took 5.488629ms
Round took 5.162062ms
Round took 5.11611ms
Round took 5.157687ms
Round took 4.985402ms
Round took 4.863268ms
Round took 5.705235ms
Round took 5.700114ms
Round took 4.985348ms
Round took 4.860152ms
Round took 5.13031ms
Round took 4.908166ms
Round took 4.900714ms
Round took 4.382263ms
Round took 5.491406ms
Round took 5.246428ms
Round took 5.701406ms
Round took 4.405014ms
Round took 5.866131ms
Round took 4.765119ms
Round took 4.402497ms
Round took 5.47195ms
Round took 5.129176ms
Round took 4.480497ms
Round took 4.97456ms
Round took 5.451582ms
Round took 5.065149ms
Round took 5.202994ms
Round took 4.418253ms
Round took 4.821318ms
Round took 5.248441ms
Round took 5.535121ms
Round took 5.061836ms
Round took 5.372653ms
Round took 4.775154ms
Round took 4.466259ms
Round took 5.228156ms
Round took 5.225413ms
Round took 4.895218ms
Round took 5.209076ms
Round took 4.497324ms
Round took 5.688788ms
Round took 4.640827ms
Round took 5.137226ms
Round took 4.943397ms
Round took 5.757396ms
Round took 4.529933ms
Round took 4.777923ms
Round took 5.265153ms
Round took 5.18783ms
Round took 5.319128ms
Round took 4.373472ms
Round took 6.030056ms
Round took 4.817795ms
Round took 4.973129ms
Round took 4.589334ms
Round took 5.633265ms
Round took 4.721268ms
Round took 4.405687ms
Round took 5.544418ms
Round took 5.204537ms
Round took 4.90835ms
Round took 5.356824ms
Round took 4.600083ms
Round took 5.42885ms
Round took 5.234434ms
Round took 5.056817ms
Round took 5.988147ms
Round took 3.889216ms
Round took 5.778813ms
Round took 4.382572ms
Round took 5.134269ms
Round took 5.447804ms
Round took 4.614054ms
Round took 5.573386ms
Round took 4.82727ms
Round took 5.424787ms
Round took 4.26316ms
Round took 5.509572ms
Round took 5.054413ms
Round took 5.160186ms
Round took 4.853681ms
Round took 5.25881ms
Round took 4.782753ms
Round took 4.566032ms
Round took 4.950618ms
Round took 5.388653ms
Round took 4.816892ms
Round took 5.133394ms
Round took 4.70028ms
Round took 5.228536ms
Round took 5.466146ms
Round took 4.971894ms
Round took 5.905343ms
Round took 4.40663ms
Round took 5.131261ms
Round took 4.679487ms
Round took 5.797885ms
Round took 5.196209ms
Round took 4.979177ms
Round took 6.768583ms
Round took 5.386659ms
Round took 5.410087ms
Round took 3.732652ms
Round took 18.426545ms
Round took 4.781733ms
Round took 5.130685ms
Round took 4.681929ms
Round took 5.406692ms
Round took 5.960168ms
Round took 5.086024ms
Round took 4.973855ms
Round took 4.38426ms
Round took 5.040604ms
Round took 5.402913ms
Round took 5.73983ms
Round took 6.027847ms
Round took 4.585685ms
Round took 3.369255ms
Round took 6.205032ms
Round took 5.058187ms
Round took 4.968418ms
Round took 4.890739ms
Round took 5.210358ms
Round took 5.184719ms
Round took 4.9098ms
Round took 4.945964ms
Round took 5.320402ms
Round took 4.723363ms
Round took 5.287033ms
Round took 5.865261ms
Round took 4.376539ms
Round took 5.047154ms
Round took 4.502662ms
Round took 4.867408ms
Round took 5.596434ms
Round took 4.854203ms
Round took 5.045395ms
Round took 5.336461ms
Round took 5.165404ms
Round took 5.292665ms
Round took 4.439956ms
Round took 5.754868ms
Round took 4.664761ms
Round took 4.781769ms
Round took 6.017457ms
Round took 4.512619ms
Round took 4.862253ms
Round took 4.54056ms
Round took 6.291327ms
Round took 5.210708ms
Round took 4.308363ms
Round took 4.459002ms
Round took 5.369927ms
Round took 4.909496ms
Round took 4.834747ms
Round took 5.180893ms
Round took 5.35407ms
Round took 5.219041ms
Round took 4.28506ms
Round took 5.310432ms
Round took 4.977687ms
Round took 5.226231ms
Round took 5.162881ms
Round took 5.528635ms
Round took 4.78923ms
Round took 4.638686ms
Round took 5.317436ms
Round took 5.436627ms
Round took 4.932847ms
Round took 6.056249ms
Round took 4.400311ms
Round took 4.917966ms
Round took 6.007504ms
Round took 4.516665ms
Round took 5.152417ms
Round took 5.098846ms
Round took 5.838295ms
Round took 4.056645ms
Round took 5.032739ms
Round took 6.13141ms
Round took 4.627128ms
Round took 5.189488ms
Round took 4.910286ms
Round took 5.650681ms
Round took 4.41764ms
Round took 5.668975ms
Round took 3.903775ms
Round took 5.793487ms
Round took 4.493973ms
Round took 5.647849ms
Round took 4.290785ms
Round took 5.566023ms
Round took 4.884489ms
Round took 5.074686ms
Round took 4.751731ms
Round took 5.645342ms
Round took 4.89543ms
Round took 4.590693ms
Round took 5.970101ms
Round took 4.465506ms
Round took 5.083161ms
Round took 4.981653ms
Round took 4.450077ms
Round took 5.29493ms
Round took 5.375543ms
Round took 5.106343ms
Round took 5.27485ms
Round took 4.814537ms
Round took 4.778114ms
Round took 5.883237ms
Round took 4.079127ms
Round took 5.481612ms
Round took 4.928426ms
Round took 4.789763ms
Round took 6.038582ms
Round took 3.914392ms
Round took 4.94843ms
Round took 4.506709ms
Round took 5.396336ms
Round took 5.016953ms
Round took 4.740987ms
Round took 5.330905ms
Round took 4.885938ms
Round took 5.885679ms
Round took 4.85361ms
Round took 5.996995ms
Round took 4.814922ms
Round took 4.46861ms
Round took 4.610813ms
Round took 5.100117ms
Round took 5.044728ms
Round took 4.724499ms
Round took 4.994825ms
Round took 5.846909ms
Round took 4.968089ms
Round took 5.200352ms
Round took 5.088173ms
Round took 5.522718ms
Round took 4.416522ms
Round took 4.936148ms
Round took 5.853771ms
Round took 4.147571ms
Round took 5.194679ms
Round took 5.51028ms
Round took 5.143815ms
Round took 4.648612ms
Round took 5.408743ms
Round took 5.046657ms
Round took 5.281935ms
Round took 4.754548ms
Round took 6.457153ms
Round took 3.680318ms
Round took 6.023074ms
Round took 4.983506ms
Round took 5.022128ms
Round took 4.98373ms
Round took 5.178591ms
Round took 5.293391ms
Round took 5.066765ms
Round took 4.979684ms
Round took 4.887981ms
Round took 5.551753ms
Round took 3.849001ms
Round took 5.706187ms
Round took 5.308421ms
Round took 5.324023ms
Round took 4.886619ms
Round took 4.539666ms
Round took 5.661791ms
Round took 4.480269ms
Round took 4.547604ms
Round took 5.443461ms
Round took 5.606994ms
Round took 4.913278ms
Round took 5.440029ms
Round took 4.5016ms
Round took 5.291066ms
Round took 4.768575ms
Round took 5.640806ms
Round took 5.418709ms
Round took 4.960855ms
Round took 4.324512ms
Round took 5.066707ms
Round took 5.750058ms
Round took 3.998622ms
Round took 5.293967ms
Round took 5.366255ms
Round took 4.834552ms
Round took 5.116373ms
Round took 5.287245ms
Round took 4.623059ms
Round took 5.609377ms
Round took 5.204823ms
Round took 4.413893ms
Round took 5.650325ms
Round took 4.430062ms
Round took 6.090971ms
Round took 3.870031ms
Round took 5.528274ms
Round took 6.018626ms
Round took 4.431702ms
Round took 5.622515ms
Round took 4.200794ms
Round took 5.238692ms
Round took 4.873155ms
Round took 5.64671ms
Round took 5.136164ms
Round took 4.363372ms
Round took 5.534974ms
Round took 4.095016ms
Round took 5.368203ms
Round took 5.405047ms
Round took 4.584872ms
Round took 5.737104ms
Round took 4.407885ms
Round took 5.431243ms
Round took 5.001662ms
Round took 6.117344ms
Round took 5.068647ms
Round took 4.057393ms
Round took 5.664632ms
Round took 4.468196ms
Round took 5.225819ms
Round took 4.705642ms
Round took 5.969721ms
Round took 4.401737ms
Round took 4.69078ms
Round took 5.007551ms
Round took 5.446118ms
Round took 4.887621ms
Round took 4.983897ms
Round took 5.577802ms
Round took 5.030271ms
Round took 5.124308ms
Round took 4.613009ms
Round took 5.473455ms
Round took 4.801946ms
Round took 4.421907ms
Round took 5.226447ms
Round took 5.183633ms
Round took 5.372914ms
Round took 4.584872ms
Round took 4.998635ms
Round took 5.452709ms
Round took 5.475064ms
Round took 4.596487ms
Round took 4.810839ms
Round took 5.606128ms
Round took 5.148519ms
Round took 4.657392ms
Round took 5.570646ms
Round took 5.984692ms
Round took 4.203477ms
Round took 5.160456ms
Round took 4.481395ms
Round took 4.803814ms
Round took 4.578331ms
Round took 4.985309ms
Round took 6.008986ms
Round took 4.610817ms
Round took 4.707371ms
Round took 5.087239ms
Round took 5.422362ms
Round took 4.713466ms
Round took 5.091277ms
Round took 5.714425ms
Round took 5.194922ms
Round took 4.439847ms
Round took 5.128088ms
Round took 4.879253ms
Round took 6.327943ms
Round took 5.501877ms
Round took 4.468312ms
Round took 5.255634ms
Round took 4.883362ms
Round took 4.63863ms
Round took 4.99075ms
Round took 5.599864ms
Round took 3.86959ms
Round took 5.331345ms
Round took 4.914704ms
Round took 5.169302ms
Round took 4.956266ms
Round took 5.150776ms
Round took 6.154428ms
Round took 4.013218ms
Round took 5.096403ms
Round took 5.298104ms
Round took 4.508192ms
Round took 5.619412ms
Round took 4.996702ms
Round took 5.675447ms
Round took 5.458249ms
Round took 4.306953ms
Round took 4.707877ms
Round took 5.598115ms
Round took 5.100526ms
Round took 4.995665ms
Round took 5.95304ms
Round took 5.869233ms
Round took 5.082923ms
Round took 5.193354ms
Round took 4.747742ms
Round took 4.241374ms
Round took 4.763785ms
Round took 4.788426ms
Round took 4.774269ms
Round took 4.900912ms
Round took 5.078132ms
Round took 5.702153ms
Round took 5.039565ms
Round took 5.084095ms
Round took 4.616914ms
Round took 5.627458ms
Round took 4.586772ms
Round took 4.862069ms
Round took 5.400631ms
Round took 5.447456ms
Round took 5.268831ms
Round took 4.34243ms
Round took 5.410737ms
Round took 5.229674ms
Round took 5.376979ms
Round took 4.949579ms
Round took 4.907402ms
Round took 5.221503ms
Round took 4.348958ms
Round took 5.9993ms
Round took 4.165184ms
Round took 5.596236ms
Round took 4.75413ms
Round took 5.237441ms
Round took 4.897993ms
Round took 4.941467ms
Round took 5.116081ms
Round took 5.616346ms
Round took 4.794829ms
Round took 4.832919ms
Round took 5.516976ms
Round took 4.693822ms
Round took 5.954326ms
Round took 4.387778ms
Round took 5.368893ms
Round took 5.359991ms
Round took 4.281223ms
Round took 5.615933ms
Round took 4.218035ms
Round took 8.047099ms
Round took 4.162702ms
Round took 4.78827ms
Round took 4.376354ms
Round took 3.875842ms
Round took 5.396259ms
Round took 5.150601ms
Round took 6.421443ms
Round took 4.675599ms
Round took 5.343978ms
Round took 4.37488ms
Round took 3.442173ms
Round took 5.61445ms
Round took 4.790729ms
Round took 5.553053ms
Round took 5.234585ms
Round took 4.609938ms
Round took 6.086893ms
Round took 3.916265ms
Round took 5.455977ms
Round took 5.027322ms
Round took 5.406811ms
Round took 5.560379ms
Round took 4.467879ms
Round took 5.780521ms
Round took 5.885065ms
Round took 4.288434ms
Round took 4.675645ms
Round took 5.603335ms
Round took 5.166679ms
Round took 4.604669ms
Round took 5.84467ms
Round took 3.603687ms
Round took 6.16332ms
Round took 4.489389ms
Round took 5.201666ms
Round took 5.472147ms
Round took 4.365677ms
Round took 5.256885ms
Round took 4.311221ms
Round took 5.23433ms
Round took 4.628805ms
Round took 5.163823ms
Round took 5.836446ms
Round took 4.894452ms
Round took 4.8227ms
Round took 5.078224ms
Round took 4.994054ms
Round took 5.798342ms
Round took 5.291344ms
Round took 5.580634ms
Round took 3.792727ms
Round took 5.188385ms
Round took 4.77503ms
Round took 6.413495ms
Round took 4.519606ms
Round took 4.351929ms
Round took 5.188691ms
Round took 5.117239ms
Round took 4.642466ms
Round took 4.90578ms
Round took 4.997772ms
Round took 5.734822ms
Round took 4.299851ms
Round took 5.154286ms
Round took 4.875225ms
Round took 5.485251ms
Round took 4.858635ms
Round took 5.612296ms
Round took 4.772016ms
Round took 5.575083ms
Round took 5.005985ms
Round took 5.730762ms
Round took 4.307077ms
Round took 5.363132ms
Round took 4.450471ms
Round took 5.717889ms
Round took 4.614709ms
Round took 4.47188ms
Round took 5.919228ms
Round took 4.492307ms
Round took 5.938734ms
Round took 4.076843ms
Round took 5.333849ms
Round took 4.853115ms
Round took 5.4719ms
Round took 5.342343ms
Round took 4.678036ms
Round took 5.424276ms
Round took 3.785288ms
Round took 5.057462ms
Round took 4.701352ms
Round took 5.188097ms
Round took 5.150409ms
Round took 4.949685ms
Round took 5.809523ms
Round took 4.655455ms
Round took 4.918803ms
Round took 4.736795ms
Round took 4.847581ms
Round took 5.421974ms
Round took 4.879353ms
Round took 4.860308ms
Round took 4.888098ms
Round took 5.917241ms
Round took 5.176096ms
Round took 4.935053ms
Round took 5.766844ms
Round took 5.389581ms
Round took 4.609885ms
Round took 5.317181ms
Round took 4.712687ms
Round took 4.93827ms
Round took 4.947188ms
Round took 6.547257ms
Round took 6.681669ms
Round took 4.513389ms
Round took 3.923271ms
Round took 3.422283ms
Round took 5.238948ms
Round took 4.659653ms
Round took 5.921599ms
Round took 4.989643ms
Round took 5.706545ms
Round took 3.915811ms
Round took 6.638601ms
Round took 4.456344ms
Round took 4.932038ms
Round took 5.526454ms
Round took 4.576966ms
Round took 4.911641ms
Round took 5.126022ms
Round took 5.377995ms
Round took 4.662261ms
Round took 5.14607ms
Round took 6.001833ms
Round took 4.64496ms
Round took 4.576889ms
Round took 4.800642ms
Round took 5.90533ms
Round took 4.833726ms
Round took 5.004848ms
Round took 5.66816ms
Round took 6.292541ms
Round took 4.761141ms
Round took 5.416145ms
Round took 5.107136ms
Round took 5.226777ms
Round took 4.699344ms
Round took 3.527623ms
Round took 6.657998ms
Round took 4.011158ms
Round took 6.248199ms
Round took 4.637538ms
Round took 8.420014ms
Round took 4.297783ms
Round took 4.949134ms
Round took 4.580679ms
Round took 5.318403ms
Round took 3.634013ms
Round took 6.017406ms
Round took 5.249042ms
Round took 5.081189ms
Round took 5.078204ms
Round took 5.088588ms
Round took 5.090095ms
Round took 5.886696ms
Round took 5.444601ms
Round took 4.730732ms
Round took 5.208962ms
Round took 4.636492ms
Round took 4.979433ms
Round took 5.63214ms
Round took 4.756814ms
Round took 5.014359ms
Round took 4.857055ms
Round took 4.949882ms
Round took 5.210522ms
Round took 5.219256ms
Round took 5.790397ms
Round took 4.251017ms
Round took 5.436108ms
Round took 4.764963ms
Round took 5.161503ms
Round took 5.1685ms
Round took 4.692969ms
Round took 5.025031ms
Round took 5.527504ms
Round took 4.541218ms
Round took 4.546919ms
Round took 5.993811ms
Round took 4.318715ms
Round took 5.443375ms
Round took 4.919223ms
Round took 5.314564ms
Round took 5.041706ms
Round took 4.664336ms
Round took 5.36657ms
Round took 5.2085ms
Round took 5.124679ms
Round took 4.99661ms
Round took 5.025486ms
Round took 4.974102ms
Round took 5.157322ms
Round took 5.222069ms
Round took 5.518782ms
Round took 4.82071ms
Round took 4.723204ms
Round took 4.406367ms
Round took 6.42763ms
Round took 4.977651ms
Round took 6.015238ms
Round took 5.530732ms
Round took 4.206663ms
Round took 4.406722ms
Round took 4.75265ms
Round took 5.729082ms
Round took 4.755378ms
Round took 5.123797ms
Round took 6.448694ms
Round took 4.361901ms
Round took 5.037261ms
Round took 5.140011ms
Round took 4.901143ms
Round took 5.19089ms
Round took 4.86416ms
Round took 5.523092ms
Round took 4.740161ms
Round took 5.295631ms
Round took 4.850152ms
Round took 4.921674ms
Round took 5.071488ms
Round took 5.071887ms
Round took 4.922143ms
Round took 5.415276ms
Round took 5.059408ms
Round took 5.125007ms
Round took 4.973264ms
Round took 5.159298ms
Round took 5.197406ms
Round took 4.695191ms
Round took 5.1615ms
Round took 5.195582ms
Round took 5.019746ms
Round took 5.467221ms
Test took 5.122293529s
Successful: 10000
