Uniform distribution
2021/04/16 21:40:47 The leader is replica 0
Round took 6.721886ms
Round took 6.066201ms
Round took 6.485637ms
Round took 6.675838ms
Round took 6.95785ms
Round took 6.313692ms
Round took 4.073457ms
Round took 5.717427ms
Round took 5.350372ms
Round took 5.336097ms
Round took 4.946966ms
Round took 5.611692ms
Round took 3.917345ms
Round took 4.795489ms
Round took 4.817047ms
Round took 5.162849ms
Round took 5.575307ms
Round took 5.027513ms
Round took 4.948372ms
Round took 5.369917ms
Round took 4.882205ms
Round took 4.730298ms
Round took 5.257857ms
Round took 5.458588ms
Round took 4.941431ms
Round took 4.50602ms
Round took 5.01247ms
Round took 5.453097ms
Round took 4.847886ms
Round took 5.119783ms
Round took 5.670331ms
Round took 4.327923ms
Round took 5.182599ms
Round took 4.816486ms
Round took 5.372513ms
Round took 5.150311ms
Round took 4.864186ms
Round took 6.021331ms
Round took 6.259762ms
Round took 7.842481ms
Round took 7.279823ms
Round took 4.724155ms
Round took 3.992672ms
Round took 6.745018ms
Round took 5.176061ms
Round took 6.538059ms
Round took 4.169045ms
Round took 5.67686ms
Round took 5.413368ms
Round took 4.745217ms
Round took 4.533061ms
Round took 5.872628ms
Round took 6.133344ms
Round took 4.921767ms
Round took 5.797463ms
Round took 3.816597ms
Round took 3.769206ms
Round took 5.799268ms
Round took 5.258731ms
Round took 5.542064ms
Round took 4.960313ms
Round took 4.699296ms
Round took 5.118331ms
Round took 5.371103ms
Round took 4.532172ms
Round took 5.209127ms
Round took 5.631478ms
Round took 6.475133ms
Round took 5.272408ms
Round took 4.031283ms
Round took 4.951416ms
Round took 5.19243ms
Round took 4.774989ms
Round took 5.451775ms
Round took 5.037181ms
Round took 4.706292ms
Round took 4.783728ms
Round took 5.195776ms
Round took 4.934843ms
Round took 4.494119ms
Round took 4.554319ms
Round took 5.524325ms
Round took 4.814074ms
Round took 4.713101ms
Round took 5.450474ms
Round took 5.340127ms
Round took 5.181425ms
Round took 4.641362ms
Round took 4.747765ms
Round took 5.759033ms
Round took 5.096522ms
Round took 5.487694ms
Round took 4.847005ms
Round took 4.907694ms
Round took 4.991307ms
Round took 5.040735ms
Round took 5.542558ms
Round took 5.050369ms
Round took 5.109334ms
Round took 5.596697ms
Round took 4.494559ms
Round took 4.92524ms
Round took 4.81681ms
Round took 5.476735ms
Round took 4.925864ms
Round took 4.741957ms
Round took 5.727003ms
Round took 5.127751ms
Round took 4.035517ms
Round took 4.311893ms
Round took 5.214692ms
Round took 5.791824ms
Round took 5.039389ms
Round took 5.022535ms
Round took 5.046133ms
Round took 4.991691ms
Round took 4.996692ms
Round took 5.108729ms
Round took 5.630582ms
Round took 4.982451ms
Round took 4.917908ms
Round took 5.498176ms
Round took 5.232515ms
Round took 4.582863ms
Round took 5.019872ms
Round took 5.466506ms
Round took 5.010026ms
Round took 5.197509ms
Round took 4.531399ms
Round took 5.442136ms
Round took 5.40686ms
Round took 5.194781ms
Round took 5.25351ms
Round took 5.593155ms
Round took 4.350136ms
Round took 4.567842ms
Round took 5.415759ms
Round took 5.107451ms
Round took 4.77526ms
Round took 5.172871ms
Round took 5.8184ms
Round took 4.24741ms
Round took 4.861859ms
Round took 4.705485ms
Round took 5.826293ms
Round took 5.578939ms
Round took 6.751966ms
Round took 5.080451ms
Round took 5.723461ms
Round took 3.827213ms
Round took 4.13609ms
Round took 4.756729ms
Round took 4.872807ms
Round took 6.597314ms
Round took 4.897329ms
Round took 4.701707ms
Round took 3.911034ms
Round took 5.963411ms
Round took 4.9301ms
Round took 4.858049ms
Round took 4.871885ms
Round took 4.544647ms
Round took 5.339586ms
Round took 4.638476ms
Round took 5.542428ms
Round took 4.790573ms
Round took 5.057249ms
Round took 5.079313ms
Round took 5.114229ms
Round took 5.497814ms
Round took 4.766873ms
Round took 5.233242ms
Round took 4.399227ms
Round took 5.115505ms
Round took 5.55612ms
Round took 4.60277ms
Round took 5.567218ms
Round took 4.992807ms
Round took 4.170329ms
Round took 5.213711ms
Round took 5.638492ms
Round took 5.1182ms
Round took 5.063798ms
Round took 4.528618ms
Round took 5.518289ms
Round took 5.63112ms
Round took 4.293816ms
Round took 4.821652ms
Round took 5.488849ms
Round took 5.18083ms
Round took 4.686518ms
Round took 5.761039ms
Round took 4.989645ms
Round took 5.254116ms
Round took 5.924332ms
Round took 3.427017ms
Round took 5.877095ms
Round took 4.809266ms
Round took 5.676784ms
Round took 4.816536ms
Round took 5.095528ms
Round took 5.50213ms
Round took 4.882902ms
Round took 5.064253ms
Round took 5.983946ms
Round took 4.329722ms
Round took 4.741906ms
Round took 4.977836ms
Round took 4.722282ms
Round took 5.935991ms
Round took 4.145405ms
Round took 5.200029ms
Round took 4.642646ms
Round took 4.968186ms
Round took 5.426569ms
Round took 5.616401ms
Round took 4.901644ms
Round took 5.780147ms
Round took 5.079599ms
Round took 5.465726ms
Round took 3.731191ms
Round took 5.383149ms
Round took 5.444602ms
Round took 5.42673ms
Round took 4.374262ms
Round took 5.341545ms
Round took 4.959585ms
Round took 5.091563ms
Round took 5.08303ms
Round took 5.232763ms
Round took 4.439471ms
Round took 5.574743ms
Round took 4.369737ms
Round took 5.166143ms
Round took 5.511037ms
Round took 4.566ms
Round took 6.222981ms
Round took 4.111991ms
Round took 5.618986ms
Round took 4.45787ms
Round took 5.259863ms
Round took 4.791253ms
Round took 5.564713ms
Round took 5.736892ms
Round took 4.549348ms
Round took 5.711054ms
Round took 4.15703ms
Round took 5.228146ms
Round took 4.871088ms
Round took 5.438976ms
Round took 5.506654ms
Round took 4.570806ms
Round took 5.590448ms
Round took 4.524924ms
Round took 5.179669ms
Round took 4.572171ms
Round took 5.924764ms
Round took 4.837364ms
Round took 3.937638ms
Round took 7.401492ms
Round took 5.397493ms
Round took 4.914484ms
Round took 4.732345ms
Round took 4.08146ms
Round took 4.915513ms
Round took 5.225934ms
Round took 4.706848ms
Round took 5.972267ms
Round took 4.349195ms
Round took 5.218481ms
Round took 4.558254ms
Round took 5.682416ms
Round took 4.530003ms
Round took 5.064231ms
Round took 5.433926ms
Round took 4.864065ms
Round took 5.340418ms
Round took 4.835128ms
Round took 6.813061ms
Round took 4.687349ms
Round took 4.18385ms
Round took 4.555897ms
Round took 5.371064ms
Round took 5.421834ms
Round took 4.728911ms
Round took 5.469318ms
Round took 4.848973ms
Round took 4.772359ms
Round took 4.661453ms
Round took 5.497564ms
Round took 5.750739ms
Round took 4.584222ms
Round took 5.848079ms
Round took 3.917082ms
Round took 4.988948ms
Round took 4.876245ms
Round took 5.768863ms
Round took 5.502515ms
Round took 4.197917ms
Round took 5.179714ms
Round took 5.942747ms
Round took 4.261186ms
Round took 4.576709ms
Round took 4.927684ms
Round took 5.107808ms
Round took 5.050999ms
Round took 5.217823ms
Round took 4.87445ms
Round took 5.786699ms
Round took 4.691662ms
Round took 5.211449ms
Round took 5.702245ms
Round took 4.391211ms
Round took 4.724258ms
Round took 6.8501ms
Round took 5.936739ms
Round took 5.275343ms
Round took 5.092329ms
Round took 4.800474ms
Round took 5.254238ms
Round took 4.847578ms
Round took 5.319991ms
Round took 4.777545ms
Round took 5.923973ms
Round took 4.386056ms
Round took 5.144175ms
Round took 4.893221ms
Round took 5.113778ms
Round took 5.238138ms
Round took 4.912763ms
Round took 4.922553ms
Round took 5.146751ms
Round took 5.379479ms
Round took 4.659852ms
Round took 5.224706ms
Round took 4.955526ms
Round took 4.955095ms
Round took 4.962726ms
Round took 5.744454ms
Round took 5.016237ms
Round took 5.371122ms
Round took 4.594573ms
Round took 5.108455ms
Round took 5.199012ms
Round took 5.02544ms
Round took 5.105763ms
Round took 5.40397ms
Round took 4.535726ms
Round took 5.132834ms
Round took 5.188891ms
Round took 5.131495ms
Round took 4.991453ms
Round took 5.691641ms
Round took 4.518776ms
Round took 5.051371ms
Round took 5.103383ms
Round took 4.998359ms
Round took 5.416882ms
Round took 4.535861ms
Round took 5.647723ms
Round took 5.257418ms
Round took 4.975559ms
Round took 4.664952ms
Round took 5.917375ms
Round took 4.721329ms
Round took 4.581262ms
Round took 5.533927ms
Round took 5.207208ms
Round took 4.962116ms
Round took 5.255605ms
Round took 4.637435ms
Round took 5.352557ms
Round took 5.198794ms
Round took 4.958719ms
Round took 6.045277ms
Round took 3.84077ms
Round took 5.572219ms
Round took 4.508253ms
Round took 5.07903ms
Round took 5.350517ms
Round took 4.581887ms
Round took 5.184983ms
Round took 5.127344ms
Round took 5.444259ms
Round took 4.385134ms
Round took 5.272874ms
Round took 5.270555ms
Round took 4.736197ms
Round took 5.059266ms
Round took 4.703031ms
Round took 5.387162ms
Round took 5.134258ms
Round took 4.920503ms
Round took 5.442097ms
Round took 4.901344ms
Round took 5.081704ms
Round took 4.674931ms
Round took 5.298151ms
Round took 5.4234ms
Round took 4.859851ms
Round took 6.094179ms
Round took 4.352445ms
Round took 5.143994ms
Round took 4.688636ms
Round took 5.801714ms
Round took 5.15322ms
Round took 5.036526ms
Round took 6.83756ms
Round took 5.187456ms
Round took 5.544312ms
Round took 3.672903ms
Round took 18.452452ms
Round took 4.657965ms
Round took 5.06407ms
Round took 4.922326ms
Round took 5.33721ms
Round took 5.834743ms
Round took 5.272454ms
Round took 4.830784ms
Round took 4.515836ms
Round took 5.009094ms
Round took 5.193429ms
Round took 5.736656ms
Round took 5.397004ms
Round took 4.924453ms
Round took 3.367392ms
Round took 5.761032ms
Round took 5.465176ms
Round took 4.994958ms
Round took 4.863499ms
Round took 4.913584ms
Round took 5.561494ms
Round took 4.846548ms
Round took 5.065597ms
Round took 5.012799ms
Round took 4.97639ms
Round took 5.332747ms
Round took 4.882904ms
Round took 4.993409ms
Round took 4.989209ms
Round took 4.948444ms
Round took 4.858775ms
Round took 5.499448ms
Round took 4.84045ms
Round took 5.155714ms
Round took 4.861657ms
Round took 5.203703ms
Round took 5.295254ms
Round took 4.674224ms
Round took 5.740595ms
Round took 4.66072ms
Round took 4.922267ms
Round took 5.450838ms
Round took 5.073871ms
Round took 5.222901ms
Round took 4.589857ms
Round took 5.27428ms
Round took 6.280435ms
Round took 4.245858ms
Round took 4.477094ms
Round took 5.555334ms
Round took 4.798447ms
Round took 4.860702ms
Round took 5.257859ms
Round took 5.572167ms
Round took 4.587844ms
Round took 4.573362ms
Round took 5.094756ms
Round took 5.119129ms
Round took 5.185207ms
Round took 5.002993ms
Round took 5.114965ms
Round took 5.340157ms
Round took 4.631793ms
Round took 5.195968ms
Round took 5.446476ms
Round took 4.959717ms
Round took 5.04509ms
Round took 4.774377ms
Round took 5.349705ms
Round took 5.167171ms
Round took 4.826513ms
Round took 5.530118ms
Round took 4.802521ms
Round took 4.833803ms
Round took 4.955296ms
Round took 5.43081ms
Round took 5.912705ms
Round took 4.538129ms
Round took 5.033046ms
Round took 5.350665ms
Round took 4.636475ms
Round took 4.563952ms
Round took 6.294768ms
Round took 3.908649ms
Round took 5.315945ms
Round took 4.629065ms
Round took 6.193795ms
Round took 4.247294ms
Round took 4.789048ms
Round took 5.328135ms
Round took 5.438534ms
Round took 4.883332ms
Round took 5.024755ms
Round took 4.971417ms
Round took 5.162153ms
Round took 5.154505ms
Round took 4.832455ms
Round took 5.669959ms
Round took 5.050707ms
Round took 4.358945ms
Round took 5.199436ms
Round took 5.557109ms
Round took 5.105703ms
Round took 4.6176ms
Round took 5.494703ms
Round took 4.68657ms
Round took 5.364652ms
Round took 4.243666ms
Round took 5.027591ms
Round took 5.007067ms
Round took 5.173079ms
Round took 5.184124ms
Round took 5.547223ms
Round took 4.758815ms
Round took 4.661992ms
Round took 5.121807ms
Round took 5.332102ms
Round took 4.741454ms
Round took 5.27658ms
Round took 4.997034ms
Round took 5.879348ms
Round took 4.423979ms
Round took 5.446328ms
Round took 5.346226ms
Round took 4.544872ms
Round took 4.789138ms
Round took 4.930536ms
Round took 6.054508ms
Round took 4.75768ms
Round took 5.011356ms
Round took 5.908619ms
Round took 4.921537ms
Round took 5.089056ms
Round took 5.362162ms
Round took 5.523141ms
Round took 4.378521ms
Round took 5.018994ms
Round took 5.948515ms
Round took 4.203342ms
Round took 5.120931ms
Round took 5.46386ms
Round took 5.249285ms
Round took 4.664604ms
Round took 5.429138ms
Round took 5.014944ms
Round took 5.149476ms
Round took 4.733494ms
Round took 6.491193ms
Round took 3.702933ms
Round took 6.076074ms
Round took 4.946784ms
Round took 7.069355ms
Round took 5.266789ms
Round took 4.777682ms
Round took 5.335066ms
Round took 4.868473ms
Round took 5.09512ms
Round took 5.290453ms
Round took 4.77912ms
Round took 5.798764ms
Round took 5.064424ms
Round took 5.14994ms
Round took 4.864788ms
Round took 5.16827ms
Round took 5.152417ms
Round took 4.544263ms
Round took 5.111858ms
Round took 5.267608ms
Round took 4.775702ms
Round took 5.068366ms
Round took 5.283822ms
Round took 4.70355ms
Round took 4.876802ms
Round took 5.028607ms
Round took 5.63051ms
Round took 4.933427ms
Round took 5.044867ms
Round took 5.032525ms
Round took 5.245291ms
Round took 5.324741ms
Round took 4.486769ms
Round took 5.177459ms
Round took 5.512143ms
Round took 4.387546ms
Round took 5.358623ms
Round took 5.506803ms
Round took 4.673119ms
Round took 5.094723ms
Round took 4.995657ms
Round took 4.961833ms
Round took 5.306523ms
Round took 4.717591ms
Round took 6.27942ms
Round took 3.857184ms
Round took 5.199948ms
Round took 5.165735ms
Round took 5.182321ms
Round took 5.168354ms
Round took 4.856763ms
Round took 5.084806ms
Round took 5.103515ms
Round took 4.962829ms
Round took 5.23668ms
Round took 4.885286ms
Round took 6.065552ms
Round took 4.215375ms
Round took 5.024962ms
Round took 5.730709ms
Round took 4.497062ms
Round took 5.50812ms
Round took 4.701027ms
Round took 5.479065ms
Round took 4.808995ms
Round took 5.012295ms
Round took 5.968741ms
Round took 4.044741ms
Round took 5.197562ms
Round took 4.972325ms
Round took 5.647897ms
Round took 4.718275ms
Round took 5.287562ms
Round took 4.789111ms
Round took 5.430992ms
Round took 4.949855ms
Round took 5.373301ms
Round took 4.937641ms
Round took 5.00591ms
Round took 5.203987ms
Round took 5.937486ms
Round took 4.895805ms
Round took 4.596028ms
Round took 4.32432ms
Round took 5.02369ms
Round took 5.111822ms
Round took 5.149676ms
Round took 4.851983ms
Round took 5.761292ms
Round took 4.685319ms
Round took 5.015226ms
Round took 4.945354ms
Round took 5.997776ms
Round took 4.637272ms
Round took 4.8004ms
Round took 5.00657ms
Round took 5.350421ms
Round took 4.665604ms
Round took 5.139225ms
Round took 6.209745ms
Round took 4.14434ms
Round took 4.985046ms
Round took 4.761297ms
Round took 5.201104ms
Round took 5.186809ms
Round took 4.880194ms
Round took 5.969926ms
Round took 4.576841ms
Round took 4.593764ms
Round took 4.758659ms
Round took 5.350313ms
Round took 4.865051ms
Round took 5.039318ms
Round took 5.06858ms
Round took 5.758ms
Round took 4.447935ms
Round took 5.158628ms
Round took 4.733463ms
Round took 6.640631ms
Round took 5.168282ms
Round took 4.246189ms
Round took 5.865538ms
Round took 4.822037ms
Round took 4.492634ms
Round took 4.962754ms
Round took 5.575594ms
Round took 4.565415ms
Round took 5.351911ms
Round took 4.711438ms
Round took 5.496192ms
Round took 4.948053ms
Round took 5.128361ms
Round took 6.113082ms
Round took 4.004541ms
Round took 5.093417ms
Round took 4.97905ms
Round took 5.163299ms
Round took 5.614028ms
Round took 4.99329ms
Round took 5.625706ms
Round took 5.445328ms
Round took 4.283279ms
Round took 4.784001ms
Round took 5.622116ms
Round took 5.35592ms
Round took 5.088166ms
Round took 5.987324ms
Round took 6.067515ms
Round took 5.12727ms
Round took 4.891233ms
Round took 4.819154ms
Round took 4.233767ms
Round took 4.715071ms
Round took 4.812483ms
Round took 4.844414ms
Round took 4.711708ms
Round took 5.115899ms
Round took 5.737953ms
Round took 5.051106ms
Round took 5.104271ms
Round took 5.173076ms
Round took 5.114292ms
Round took 4.609258ms
Round took 4.846135ms
Round took 5.390603ms
Round took 5.523918ms
Round took 5.185662ms
Round took 4.397631ms
Round took 5.28165ms
Round took 5.252617ms
Round took 5.355523ms
Round took 4.991827ms
Round took 4.900375ms
Round took 5.210365ms
Round took 4.302587ms
Round took 5.965575ms
Round took 4.013663ms
Round took 5.444826ms
Round took 4.754067ms
Round took 5.218417ms
Round took 4.96869ms
Round took 4.653094ms
Round took 5.060117ms
Round took 5.521832ms
Round took 5.07319ms
Round took 4.773944ms
Round took 4.558519ms
Round took 5.903165ms
Round took 5.968596ms
Round took 4.433434ms
Round took 5.427609ms
Round took 5.364593ms
Round took 4.27467ms
Round took 5.64824ms
Round took 4.27561ms
Round took 8.05144ms
Round took 4.15057ms
Round took 4.802293ms
Round took 4.406845ms
Round took 3.877344ms
Round took 5.277348ms
Round took 5.210771ms
Round took 6.505017ms
Round took 4.642201ms
Round took 5.3207ms
Round took 4.373761ms
Round took 3.405387ms
Round took 5.551914ms
Round took 4.824311ms
Round took 5.526368ms
Round took 5.253301ms
Round took 4.644412ms
Round took 6.056355ms
Round took 3.939053ms
Round took 5.460813ms
Round took 4.965456ms
Round took 5.405387ms
Round took 5.518737ms
Round took 4.339307ms
Round took 5.796625ms
Round took 5.767449ms
Round took 4.473944ms
Round took 4.615976ms
Round took 5.594475ms
Round took 5.29684ms
Round took 4.605232ms
Round took 5.845402ms
Round took 3.649518ms
Round took 6.191113ms
Round took 4.605399ms
Round took 5.160089ms
Round took 5.625878ms
Round took 4.666642ms
Round took 5.71047ms
Round took 3.810636ms
Round took 5.270087ms
Round took 4.834618ms
Round took 5.199785ms
Round took 5.996315ms
Round took 5.002522ms
Round took 4.715427ms
Round took 5.276349ms
Round took 4.594159ms
Round took 5.36624ms
Round took 5.360852ms
Round took 5.592501ms
Round took 3.717127ms
Round took 5.549045ms
Round took 5.070998ms
Round took 6.140451ms
Round took 4.572558ms
Round took 4.289566ms
Round took 5.77592ms
Round took 4.542355ms
Round took 4.682904ms
Round took 4.694645ms
Round took 4.95984ms
Round took 5.769646ms
Round took 4.208155ms
Round took 5.178489ms
Round took 5.436299ms
Round took 5.174545ms
Round took 4.82695ms
Round took 6.076468ms
Round took 4.235054ms
Round took 5.4118ms
Round took 4.957371ms
Round took 5.863915ms
Round took 4.133525ms
Round took 5.654756ms
Round took 4.446385ms
Round took 5.580543ms
Round took 4.657362ms
Round took 4.27935ms
Round took 6.660011ms
Round took 3.867445ms
Round took 5.981563ms
Round took 4.125993ms
Round took 5.780294ms
Round took 4.487017ms
Round took 5.552769ms
Round took 5.684151ms
Round took 4.438126ms
Round took 5.469197ms
Round took 4.40748ms
Round took 5.995001ms
Round took 4.006991ms
Round took 4.915453ms
Round took 5.144026ms
Round took 5.237351ms
Round took 5.732867ms
Round took 4.569034ms
Round took 5.714527ms
Round took 4.548488ms
Round took 4.650424ms
Round took 4.698519ms
Round took 4.99937ms
Round took 5.809794ms
Round took 4.169952ms
Round took 4.681222ms
Round took 5.363294ms
Round took 5.699369ms
Round took 5.203759ms
Round took 5.7209ms
Round took 4.497568ms
Round took 5.039269ms
Round took 4.812008ms
Round took 5.337966ms
Round took 5.199098ms
Round took 6.659741ms
Round took 5.330755ms
Round took 4.425815ms
Round took 3.84357ms
Round took 3.41003ms
Round took 5.16082ms
Round took 4.65908ms
Round took 5.954718ms
Round took 4.898269ms
Round took 5.671479ms
Round took 3.983367ms
Round took 6.613924ms
Round took 4.424695ms
Round took 4.90432ms
Round took 5.546297ms
Round took 4.588068ms
Round took 4.881383ms
Round took 5.12627ms
Round took 5.42593ms
Round took 4.683621ms
Round took 5.147623ms
Round took 5.946054ms
Round took 4.7008ms
Round took 4.60684ms
Round took 4.792741ms
Round took 5.558302ms
Round took 4.741271ms
Round took 4.949838ms
Round took 5.200743ms
Round took 6.080439ms
Round took 5.401185ms
Round took 5.200152ms
Round took 5.076849ms
Round took 5.280373ms
Round took 4.582481ms
Round took 3.836152ms
Round took 6.931854ms
Round took 4.012393ms
Round took 6.182521ms
Round took 4.419652ms
Round took 8.145994ms
Round took 4.635231ms
Round took 4.419075ms
Round took 4.645395ms
Round took 4.737715ms
Round took 4.234569ms
Round took 3.625446ms
Round took 5.817997ms
Round took 5.146661ms
Round took 4.540779ms
Round took 5.229125ms
Round took 6.307916ms
Round took 3.629976ms
Round took 6.465495ms
Round took 5.583315ms
Round took 4.091891ms
Round took 5.286527ms
Round took 4.758039ms
Round took 4.938041ms
Round took 5.763064ms
Round took 5.760724ms
Round took 4.414521ms
Round took 4.432576ms
Round took 4.47334ms
Round took 5.241083ms
Round took 5.514901ms
Round took 5.794768ms
Round took 4.192835ms
Round took 5.522091ms
Round took 4.347462ms
Round took 5.204512ms
Round took 5.12757ms
Round took 5.077904ms
Round took 6.074675ms
Round took 4.433417ms
Round took 5.399949ms
Round took 4.25537ms
Round took 5.391821ms
Round took 4.252612ms
Round took 5.786717ms
Round took 5.41185ms
Round took 4.552505ms
Round took 5.350808ms
Round took 4.524159ms
Round took 5.179503ms
Round took 4.873901ms
Round took 5.335602ms
Round took 5.238226ms
Round took 4.610133ms
Round took 4.721282ms
Round took 4.740188ms
Round took 5.505444ms
Round took 5.30219ms
Round took 4.931197ms
Round took 4.695667ms
Round took 5.135807ms
Round took 5.599657ms
Round took 4.579814ms
Round took 6.159307ms
Round took 5.486631ms
Round took 4.195863ms
Round took 4.416174ms
Round took 5.537694ms
Round took 5.073023ms
Round took 4.697402ms
Round took 5.184674ms
Round took 6.394839ms
Round took 4.460939ms
Round took 6.430507ms
Round took 3.634068ms
Round took 4.950733ms
Round took 5.205796ms
Round took 4.808467ms
Round took 5.647075ms
Round took 4.69029ms
Round took 5.637207ms
Round took 4.954185ms
Round took 4.411443ms
Round took 5.145448ms
Round took 5.111052ms
Round took 5.887991ms
Round took 4.543002ms
Round took 5.046317ms
Round took 5.312055ms
Round took 4.69342ms
Round took 5.208025ms
Round took 5.160662ms
Round took 5.195966ms
Round took 3.696975ms
Round took 5.18638ms
Round took 5.063981ms
Round took 5.365332ms
Test took 5.130517182s
Successful: 10000
