Uniform distribution
2021/04/16 21:40:47 The leader is replica 0
Round took 5.21616ms
Round took 4.983227ms
Round took 6.997323ms
Round took 6.949588ms
Round took 6.894162ms
Round took 3.38819ms
Round took 4.921099ms
Round took 4.902164ms
Round took 5.045518ms
Round took 5.133747ms
Round took 5.023511ms
Round took 5.274599ms
Round took 4.971769ms
Round took 5.223091ms
Round took 5.215792ms
Round took 4.828233ms
Round took 5.097798ms
Round took 4.705708ms
Round took 5.149529ms
Round took 5.221179ms
Round took 5.292652ms
Round took 5.114544ms
Round took 5.043796ms
Round took 5.457892ms
Round took 4.610547ms
Round took 5.021502ms
Round took 5.933822ms
Round took 4.532538ms
Round took 4.714649ms
Round took 5.189141ms
Round took 6.178588ms
Round took 4.736476ms
Round took 5.417435ms
Round took 4.825603ms
Round took 5.02416ms
Round took 3.980696ms
Round took 5.010482ms
Round took 7.365207ms
Round took 3.812907ms
Round took 5.157942ms
Round took 6.152357ms
Round took 4.72784ms
Round took 3.867288ms
Round took 5.144521ms
Round took 5.680666ms
Round took 4.455463ms
Round took 5.239005ms
Round took 4.702876ms
Round took 5.967041ms
Round took 5.707398ms
Round took 6.717607ms
Round took 5.800036ms
Round took 6.690788ms
Round took 6.852709ms
Round took 8.746716ms
Round took 3.925691ms
Round took 4.009469ms
Round took 5.822413ms
Round took 5.17891ms
Round took 4.274873ms
Round took 4.939879ms
Round took 4.9072ms
Round took 4.845615ms
Round took 5.014514ms
Round took 4.639837ms
Round took 5.106797ms
Round took 5.642059ms
Round took 4.991016ms
Round took 4.906364ms
Round took 5.377399ms
Round took 5.594885ms
Round took 4.708698ms
Round took 5.249792ms
Round took 5.689002ms
Round took 4.73679ms
Round took 4.487093ms
Round took 4.923924ms
Round took 5.410353ms
Round took 4.911101ms
Round took 5.078123ms
Round took 5.717539ms
Round took 4.351588ms
Round took 5.175806ms
Round took 4.778945ms
Round took 7.489784ms
Round took 4.273452ms
Round took 5.421885ms
Round took 6.512162ms
Round took 7.209234ms
Round took 7.657934ms
Round took 7.200622ms
Round took 4.261351ms
Round took 6.056416ms
Round took 6.124854ms
Round took 6.512535ms
Round took 4.252915ms
Round took 5.717863ms
Round took 5.057772ms
Round took 5.206433ms
Round took 5.013811ms
Round took 5.673ms
Round took 6.36134ms
Round took 4.809575ms
Round took 5.875154ms
Round took 3.632052ms
Round took 3.544723ms
Round took 6.006006ms
Round took 5.161659ms
Round took 5.522286ms
Round took 5.022407ms
Round took 4.743377ms
Round took 5.11098ms
Round took 7.10325ms
Round took 3.862122ms
Round took 5.631639ms
Round took 6.103427ms
Round took 5.876189ms
Round took 4.850991ms
Round took 4.101198ms
Round took 4.96491ms
Round took 5.137107ms
Round took 5.040828ms
Round took 5.252926ms
Round took 5.076982ms
Round took 4.693695ms
Round took 5.167774ms
Round took 4.692918ms
Round took 4.993316ms
Round took 6.133942ms
Round took 5.170329ms
Round took 6.097362ms
Round took 4.997626ms
Round took 5.263846ms
Round took 5.503187ms
Round took 5.267749ms
Round took 4.711511ms
Round took 4.823374ms
Round took 7.939939ms
Round took 5.468453ms
Round took 5.136792ms
Round took 4.601256ms
Round took 4.876569ms
Round took 6.116751ms
Round took 4.263115ms
Round took 5.217275ms
Round took 4.942397ms
Round took 5.428104ms
Round took 5.37509ms
Round took 4.622652ms
Round took 5.790248ms
Round took 6.28596ms
Round took 5.102339ms
Round took 4.930901ms
Round took 5.206635ms
Round took 4.97259ms
Round took 5.021032ms
Round took 4.784683ms
Round took 5.16194ms
Round took 5.85535ms
Round took 5.006715ms
Round took 5.023697ms
Round took 4.769072ms
Round took 5.295883ms
Round took 4.761772ms
Round took 5.136656ms
Round took 5.318462ms
Round took 4.993563ms
Round took 4.944981ms
Round took 5.46589ms
Round took 5.252234ms
Round took 4.531375ms
Round took 5.002859ms
Round took 5.436907ms
Round took 5.342435ms
Round took 5.23624ms
Round took 4.492022ms
Round took 5.649269ms
Round took 5.331094ms
Round took 5.394135ms
Round took 4.999974ms
Round took 5.574927ms
Round took 4.29434ms
Round took 4.55634ms
Round took 5.380612ms
Round took 5.135744ms
Round took 4.733404ms
Round took 5.300872ms
Round took 5.825106ms
Round took 4.457193ms
Round took 6.477991ms
Round took 3.973726ms
Round took 5.7115ms
Round took 6.666224ms
Round took 5.787905ms
Round took 5.124123ms
Round took 5.191128ms
Round took 4.66218ms
Round took 4.125183ms
Round took 5.868817ms
Round took 5.502409ms
Round took 5.057552ms
Round took 5.214494ms
Round took 4.259532ms
Round took 5.541947ms
Round took 4.524175ms
Round took 5.394819ms
Round took 5.101694ms
Round took 4.609036ms
Round took 5.240745ms
Round took 5.055117ms
Round took 5.421754ms
Round took 5.314282ms
Round took 4.953373ms
Round took 5.24885ms
Round took 4.87503ms
Round took 5.366403ms
Round took 5.307232ms
Round took 5.213709ms
Round took 4.340578ms
Round took 5.135864ms
Round took 5.91556ms
Round took 4.42235ms
Round took 5.498113ms
Round took 5.191998ms
Round took 4.610328ms
Round took 5.133726ms
Round took 5.262304ms
Round took 5.481067ms
Round took 5.060683ms
Round took 4.575136ms
Round took 5.477592ms
Round took 5.563264ms
Round took 4.331665ms
Round took 4.770468ms
Round took 5.206956ms
Round took 6.513336ms
Round took 4.598475ms
Round took 5.777872ms
Round took 5.018529ms
Round took 5.26343ms
Round took 5.079561ms
Round took 6.699365ms
Round took 4.804112ms
Round took 4.927395ms
Round took 5.139218ms
Round took 5.252931ms
Round took 4.90211ms
Round took 5.371475ms
Round took 5.18193ms
Round took 4.937856ms
Round took 4.844718ms
Round took 5.545202ms
Round took 5.231507ms
Round took 4.595348ms
Round took 5.840249ms
Round took 4.884257ms
Round took 5.094746ms
Round took 4.675084ms
Round took 4.822192ms
Round took 5.708748ms
Round took 5.561522ms
Round took 4.74279ms
Round took 5.651208ms
Round took 5.051585ms
Round took 4.254624ms
Round took 4.580758ms
Round took 5.617388ms
Round took 5.079243ms
Round took 5.035481ms
Round took 4.877729ms
Round took 5.513309ms
Round took 4.972126ms
Round took 4.82045ms
Round took 6.022682ms
Round took 4.928336ms
Round took 4.510554ms
Round took 5.681872ms
Round took 4.754642ms
Round took 5.125676ms
Round took 5.121654ms
Round took 5.718232ms
Round took 5.788886ms
Round took 4.091383ms
Round took 5.869483ms
Round took 4.2306ms
Round took 5.302157ms
Round took 4.760795ms
Round took 5.632968ms
Round took 5.730345ms
Round took 4.559728ms
Round took 5.664683ms
Round took 3.881096ms
Round took 4.832026ms
Round took 4.817371ms
Round took 5.333855ms
Round took 5.522047ms
Round took 4.471858ms
Round took 5.19144ms
Round took 4.956896ms
Round took 5.254149ms
Round took 4.560763ms
Round took 5.429499ms
Round took 7.2145ms
Round took 6.624271ms
Round took 5.899171ms
Round took 6.466704ms
Round took 3.866121ms
Round took 4.050297ms
Round took 4.91655ms
Round took 5.617389ms
Round took 4.8043ms
Round took 4.97337ms
Round took 5.126341ms
Round took 5.578381ms
Round took 4.520831ms
Round took 4.994125ms
Round took 5.268586ms
Round took 5.096753ms
Round took 4.958061ms
Round took 5.37515ms
Round took 5.2577ms
Round took 4.876932ms
Round took 6.437334ms
Round took 4.980725ms
Round took 4.191471ms
Round took 4.642376ms
Round took 5.204949ms
Round took 5.681002ms
Round took 4.707381ms
Round took 4.996069ms
Round took 5.355728ms
Round took 4.890746ms
Round took 4.725695ms
Round took 5.142975ms
Round took 5.932281ms
Round took 4.594258ms
Round took 5.383038ms
Round took 4.361018ms
Round took 5.559691ms
Round took 4.656396ms
Round took 5.098715ms
Round took 6.046308ms
Round took 4.21287ms
Round took 5.137065ms
Round took 5.147444ms
Round took 5.781198ms
Round took 4.482074ms
Round took 4.994273ms
Round took 5.000503ms
Round took 5.090536ms
Round took 5.25342ms
Round took 4.885542ms
Round took 6.784253ms
Round took 5.970344ms
Round took 5.185459ms
Round took 4.914253ms
Round took 5.183456ms
Round took 5.617167ms
Round took 5.129986ms
Round took 5.217865ms
Round took 5.37076ms
Round took 4.906652ms
Round took 4.578903ms
Round took 5.214046ms
Round took 4.881573ms
Round took 5.140671ms
Round took 4.733256ms
Round took 6.39306ms
Round took 4.6725ms
Round took 4.90339ms
Round took 5.261919ms
Round took 4.75743ms
Round took 5.463141ms
Round took 4.712007ms
Round took 5.027173ms
Round took 5.049074ms
Round took 5.483111ms
Round took 4.78523ms
Round took 5.886097ms
Round took 4.242848ms
Round took 4.826043ms
Round took 5.258762ms
Round took 5.544372ms
Round took 5.097229ms
Round took 5.345386ms
Round took 5.174317ms
Round took 4.660558ms
Round took 5.276381ms
Round took 5.229968ms
Round took 5.618426ms
Round took 5.185703ms
Round took 4.515327ms
Round took 5.640491ms
Round took 4.730077ms
Round took 5.152947ms
Round took 4.919648ms
Round took 5.614241ms
Round took 4.511185ms
Round took 5.047657ms
Round took 5.831576ms
Round took 4.680225ms
Round took 5.905436ms
Round took 3.670382ms
Round took 5.919779ms
Round took 5.190869ms
Round took 5.331775ms
Round took 5.105655ms
Round took 4.831623ms
Round took 4.980431ms
Round took 5.052217ms
Round took 6.150106ms
Round took 6.422763ms
Round took 5.27875ms
Round took 4.592133ms
Round took 5.400446ms
Round took 5.214012ms
Round took 4.931377ms
Round took 7.577953ms
Round took 3.919186ms
Round took 6.211761ms
Round took 4.15146ms
Round took 4.916386ms
Round took 5.49263ms
Round took 4.642235ms
Round took 5.674999ms
Round took 4.710625ms
Round took 5.435624ms
Round took 4.179776ms
Round took 5.567659ms
Round took 5.031725ms
Round took 4.942351ms
Round took 5.972366ms
Round took 4.43538ms
Round took 4.953589ms
Round took 5.248987ms
Round took 5.152973ms
Round took 5.305168ms
Round took 4.872063ms
Round took 6.022287ms
Round took 3.933856ms
Round took 5.311188ms
Round took 7.151398ms
Round took 6.241257ms
Round took 4.408022ms
Round took 5.145159ms
Round took 4.625169ms
Round took 6.034065ms
Round took 5.309777ms
Round took 5.06147ms
Round took 6.674754ms
Round took 5.255135ms
Round took 5.506656ms
Round took 3.665162ms
Round took 17.992093ms
Round took 4.945956ms
Round took 5.065215ms
Round took 4.913244ms
Round took 5.247588ms
Round took 5.167623ms
Round took 6.042467ms
Round took 4.620402ms
Round took 4.785124ms
Round took 5.084283ms
Round took 5.012939ms
Round took 5.6151ms
Round took 5.429797ms
Round took 5.137873ms
Round took 3.369444ms
Round took 5.706964ms
Round took 5.537199ms
Round took 4.847414ms
Round took 4.819564ms
Round took 4.913834ms
Round took 5.597447ms
Round took 4.793692ms
Round took 5.05609ms
Round took 5.015474ms
Round took 4.999285ms
Round took 5.328277ms
Round took 4.907695ms
Round took 4.96535ms
Round took 6.556972ms
Round took 4.584725ms
Round took 4.825306ms
Round took 5.521006ms
Round took 4.827266ms
Round took 5.100877ms
Round took 4.968397ms
Round took 5.075163ms
Round took 5.251496ms
Round took 4.531696ms
Round took 5.854014ms
Round took 4.50587ms
Round took 4.727341ms
Round took 6.017073ms
Round took 5.158068ms
Round took 5.157886ms
Round took 4.443559ms
Round took 6.535647ms
Round took 4.971947ms
Round took 4.296812ms
Round took 4.497379ms
Round took 5.779993ms
Round took 4.77354ms
Round took 4.940995ms
Round took 6.050499ms
Round took 4.442031ms
Round took 5.223813ms
Round took 4.288721ms
Round took 5.366712ms
Round took 4.978155ms
Round took 5.275964ms
Round took 5.722153ms
Round took 5.003287ms
Round took 4.836729ms
Round took 4.518773ms
Round took 5.320198ms
Round took 5.283891ms
Round took 4.948103ms
Round took 6.599829ms
Round took 3.784646ms
Round took 5.323038ms
Round took 6.010205ms
Round took 4.592111ms
Round took 5.147556ms
Round took 5.008773ms
Round took 5.870882ms
Round took 5.341322ms
Round took 6.669482ms
Round took 4.531884ms
Round took 5.122083ms
Round took 5.482874ms
Round took 4.977487ms
Round took 4.567352ms
Round took 6.23149ms
Round took 3.919709ms
Round took 5.297867ms
Round took 4.723352ms
Round took 6.236302ms
Round took 6.239592ms
Round took 4.576109ms
Round took 6.130653ms
Round took 5.247041ms
Round took 4.744396ms
Round took 5.795451ms
Round took 4.841676ms
Round took 4.596428ms
Round took 6.081297ms
Round took 4.475905ms
Round took 4.850007ms
Round took 4.990022ms
Round took 4.99407ms
Round took 4.73706ms
Round took 5.421081ms
Round took 5.624023ms
Round took 4.827724ms
Round took 4.80559ms
Round took 4.809586ms
Round took 7.92044ms
Round took 5.582242ms
Round took 6.495254ms
Round took 4.570332ms
Round took 6.489402ms
Round took 3.872338ms
Round took 4.987757ms
Round took 4.320148ms
Round took 6.453251ms
Round took 4.564478ms
Round took 4.746436ms
Round took 7.050006ms
Round took 8.053683ms
Round took 4.815346ms
Round took 6.395994ms
Round took 4.902432ms
Round took 4.430335ms
Round took 4.656623ms
Round took 5.103306ms
Round took 5.299777ms
Round took 4.898556ms
Round took 5.600904ms
Round took 5.340342ms
Round took 4.975243ms
Round took 6.797927ms
Round took 5.983967ms
Round took 4.781612ms
Round took 4.977789ms
Round took 5.152603ms
Round took 4.925585ms
Round took 6.843941ms
Round took 5.190707ms
Round took 5.643645ms
Round took 4.586962ms
Round took 5.381556ms
Round took 5.024839ms
Round took 5.004178ms
Round took 4.657629ms
Round took 5.559ms
Round took 4.785497ms
Round took 5.997053ms
Round took 4.943123ms
Round took 5.062718ms
Round took 4.901552ms
Round took 5.101437ms
Round took 4.850707ms
Round took 5.99314ms
Round took 4.915748ms
Round took 4.903051ms
Round took 7.064383ms
Round took 5.587498ms
Round took 5.010374ms
Round took 5.089951ms
Round took 4.9405ms
Round took 5.218077ms
Round took 5.094893ms
Round took 4.633657ms
Round took 5.096694ms
Round took 5.323406ms
Round took 4.564372ms
Round took 5.166673ms
Round took 5.940265ms
Round took 4.59513ms
Round took 4.917981ms
Round took 5.124421ms
Round took 5.888476ms
Round took 4.606815ms
Round took 5.499154ms
Round took 5.030934ms
Round took 4.981551ms
Round took 5.154164ms
Round took 4.430037ms
Round took 5.314743ms
Round took 5.349243ms
Round took 4.42113ms
Round took 5.444372ms
Round took 5.284834ms
Round took 4.728795ms
Round took 5.493131ms
Round took 5.34099ms
Round took 4.398174ms
Round took 5.199386ms
Round took 4.622505ms
Round took 6.311622ms
Round took 3.920571ms
Round took 5.155967ms
Round took 6.226533ms
Round took 4.400441ms
Round took 5.158145ms
Round took 4.73753ms
Round took 5.290406ms
Round took 4.783193ms
Round took 5.025754ms
Round took 6.907471ms
Round took 7.044248ms
Round took 4.23333ms
Round took 5.100117ms
Round took 5.754511ms
Round took 4.499307ms
Round took 5.601407ms
Round took 4.645064ms
Round took 5.379027ms
Round took 4.961738ms
Round took 4.970552ms
Round took 5.040534ms
Round took 4.985175ms
Round took 5.213092ms
Round took 5.00489ms
Round took 5.600985ms
Round took 4.649444ms
Round took 5.24158ms
Round took 4.619535ms
Round took 5.491741ms
Round took 4.94072ms
Round took 5.269606ms
Round took 4.938457ms
Round took 4.982032ms
Round took 5.163418ms
Round took 5.220422ms
Round took 5.509749ms
Round took 5.713688ms
Round took 4.47249ms
Round took 5.164935ms
Round took 5.501667ms
Round took 4.800967ms
Round took 4.856027ms
Round took 5.75949ms
Round took 4.743422ms
Round took 5.043526ms
Round took 5.379009ms
Round took 5.620791ms
Round took 4.613343ms
Round took 4.820444ms
Round took 4.964032ms
Round took 5.06112ms
Round took 4.665408ms
Round took 5.058127ms
Round took 6.336204ms
Round took 4.230923ms
Round took 4.913448ms
Round took 4.734077ms
Round took 5.460137ms
Round took 4.847467ms
Round took 4.925886ms
Round took 6.021241ms
Round took 4.566839ms
Round took 4.687552ms
Round took 5.093739ms
Round took 6.024595ms
Round took 4.889154ms
Round took 5.11019ms
Round took 5.737375ms
Round took 5.25383ms
Round took 4.290737ms
Round took 6.42435ms
Round took 6.893042ms
Round took 5.028579ms
Round took 4.289596ms
Round took 5.198486ms
Round took 6.676522ms
Round took 4.175832ms
Round took 4.925198ms
Round took 5.548657ms
Round took 4.779736ms
Round took 5.345759ms
Round took 4.821035ms
Round took 5.402283ms
Round took 4.986817ms
Round took 5.105851ms
Round took 6.069072ms
Round took 4.058754ms
Round took 5.127808ms
Round took 4.941949ms
Round took 4.822679ms
Round took 5.604878ms
Round took 4.876657ms
Round took 5.46951ms
Round took 5.538829ms
Round took 4.359318ms
Round took 4.824656ms
Round took 5.667139ms
Round took 4.677098ms
Round took 4.615096ms
Round took 5.177975ms
Round took 5.816377ms
Round took 5.118732ms
Round took 5.695336ms
Round took 4.719622ms
Round took 4.604806ms
Round took 4.961576ms
Round took 4.349718ms
Round took 5.291586ms
Round took 5.360534ms
Round took 4.928595ms
Round took 5.301711ms
Round took 5.492216ms
Round took 5.111269ms
Round took 4.602137ms
Round took 5.817893ms
Round took 4.781105ms
Round took 4.907233ms
Round took 5.100677ms
Round took 6.032264ms
Round took 5.154798ms
Round took 4.413434ms
Round took 5.171624ms
Round took 5.313333ms
Round took 5.31929ms
Round took 4.439572ms
Round took 6.225352ms
Round took 5.145885ms
Round took 4.281556ms
Round took 5.92119ms
Round took 3.952332ms
Round took 5.650694ms
Round took 4.753836ms
Round took 5.713821ms
Round took 4.596904ms
Round took 4.878506ms
Round took 5.646754ms
Round took 5.088584ms
Round took 4.799572ms
Round took 4.721204ms
Round took 5.256926ms
Round took 4.82061ms
Round took 5.988062ms
Round took 4.364319ms
Round took 5.775302ms
Round took 5.246786ms
Round took 4.251221ms
Round took 5.582572ms
Round took 4.241041ms
Round took 8.169135ms
Round took 5.339848ms
Round took 4.730575ms
Round took 4.510641ms
Round took 6.798004ms
Round took 4.701894ms
Round took 6.513205ms
Round took 5.127879ms
Round took 5.129691ms
Round took 5.651918ms
Round took 3.81326ms
Round took 5.466619ms
Round took 5.314593ms
Round took 5.168824ms
Round took 5.249452ms
Round took 4.504003ms
Round took 6.073475ms
Round took 3.983189ms
Round took 5.402907ms
Round took 5.384355ms
Round took 4.936714ms
Round took 5.563937ms
Round took 4.322443ms
Round took 6.597925ms
Round took 6.531266ms
Round took 4.711553ms
Round took 4.931078ms
Round took 5.178777ms
Round took 5.129072ms
Round took 5.289104ms
Round took 4.388557ms
Round took 5.621409ms
Round took 4.917548ms
Round took 4.899027ms
Round took 4.942494ms
Round took 5.048991ms
Round took 6.031252ms
Round took 4.276837ms
Round took 5.143257ms
Round took 5.127811ms
Round took 5.007803ms
Round took 5.030507ms
Round took 5.318467ms
Round took 4.920552ms
Round took 5.219973ms
Round took 4.75674ms
Round took 5.019051ms
Round took 6.220095ms
Round took 4.777164ms
Round took 4.805314ms
Round took 6.249896ms
Round took 4.776416ms
Round took 6.809147ms
Round took 4.626352ms
Round took 4.338308ms
Round took 5.19858ms
Round took 5.626702ms
Round took 4.961478ms
Round took 4.819958ms
Round took 4.928004ms
Round took 6.40404ms
Round took 4.159188ms
Round took 5.86789ms
Round took 4.449365ms
Round took 4.977248ms
Round took 4.820381ms
Round took 6.397156ms
Round took 6.427906ms
Round took 5.341962ms
Round took 5.019041ms
Round took 4.612427ms
Round took 5.791606ms
Round took 4.53911ms
Round took 5.262715ms
Round took 4.784272ms
Round took 5.091665ms
Round took 5.898504ms
Round took 4.745429ms
Round took 6.024299ms
Round took 4.537309ms
Round took 5.299559ms
Round took 4.829669ms
Round took 5.577702ms
Round took 5.252488ms
Round took 4.4682ms
Round took 6.637231ms
Round took 3.813123ms
Round took 5.022427ms
Round took 4.65768ms
Round took 5.176863ms
Round took 5.166789ms
Round took 4.906805ms
Round took 5.743482ms
Round took 5.737837ms
Round took 5.140943ms
Round took 5.111945ms
Round took 5.88231ms
Round took 4.449702ms
Round took 4.925438ms
Round took 5.850192ms
Round took 4.081724ms
Round took 4.986309ms
Round took 5.828449ms
Round took 5.738934ms
Round took 7.012571ms
Round took 4.443147ms
Round took 5.105773ms
Round took 5.303785ms
Round took 5.143833ms
Round took 4.952114ms
Round took 6.042066ms
Round took 6.242268ms
Round took 4.449256ms
Round took 4.487377ms
Round took 3.902755ms
Round took 5.862936ms
Round took 4.772126ms
Round took 5.936766ms
Round took 4.947229ms
Round took 5.656092ms
Round took 3.941444ms
Round took 7.507534ms
Round took 5.270345ms
Round took 5.072859ms
Round took 5.106977ms
Round took 4.551337ms
Round took 4.793702ms
Round took 5.310224ms
Round took 5.212016ms
Round took 4.671848ms
Round took 5.373466ms
Round took 5.922408ms
Round took 4.614053ms
Round took 4.637758ms
Round took 4.584045ms
Round took 5.52667ms
Round took 4.971152ms
Round took 4.928676ms
Round took 6.897654ms
Round took 6.912533ms
Round took 4.757111ms
Round took 4.877609ms
Round took 5.166085ms
Round took 5.549375ms
Round took 3.811874ms
Round took 5.296204ms
Round took 5.233694ms
Round took 5.676711ms
Round took 4.368495ms
Round took 6.701166ms
Round took 6.555779ms
Round took 4.004059ms
Round took 5.382442ms
Round took 4.66423ms
Round took 4.782701ms
Round took 3.493575ms
Round took 5.337977ms
Round took 6.634624ms
Round took 4.739636ms
Round took 5.189819ms
Round took 5.359356ms
Round took 6.360446ms
Round took 5.380954ms
Round took 4.69817ms
Round took 5.719701ms
Round took 4.228457ms
Round took 5.059886ms
Round took 5.512413ms
Round took 5.012391ms
Round took 5.078881ms
Round took 4.901957ms
Round took 5.041178ms
Round took 5.211663ms
Round took 5.19031ms
Round took 5.79805ms
Round took 4.522113ms
Round took 5.300708ms
Round took 4.778256ms
Round took 5.195095ms
Round took 5.07896ms
Round took 4.825472ms
Round took 5.13085ms
Round took 6.734974ms
Round took 4.521967ms
Round took 4.234068ms
Round took 6.032637ms
Round took 4.145784ms
Round took 5.368379ms
Round took 4.977161ms
Round took 5.727898ms
Round took 5.231523ms
Round took 4.554466ms
Round took 5.375748ms
Round took 4.842076ms
Round took 5.178922ms
Round took 5.375129ms
Round took 6.165508ms
Round took 4.735829ms
Round took 5.603111ms
Round took 7.363439ms
Round took 5.378593ms
Round took 5.661294ms
Round took 4.413325ms
Round took 7.710717ms
Round took 6.548675ms
Round took 5.806098ms
Round took 4.126388ms
Round took 5.634776ms
Round took 5.17004ms
Round took 6.74579ms
Test took 5.249078574s
Successful: 10000
