Uniform distribution
2021/04/16 21:40:47 The leader is replica 0
Round took 5.275759ms
Round took 1.888538ms
Round took 6.636951ms
Round took 3.351059ms
Round took 9.280788ms
Round took 7.842456ms
Round took 6.618639ms
Round took 3.347126ms
Round took 4.750744ms
Round took 5.903999ms
Round took 4.899261ms
Round took 4.666415ms
Round took 4.883693ms
Round took 5.862177ms
Round took 4.760733ms
Round took 5.044387ms
Round took 6.104725ms
Round took 4.404952ms
Round took 4.407394ms
Round took 4.724284ms
Round took 6.460754ms
Round took 4.119732ms
Round took 4.931241ms
Round took 5.13118ms
Round took 4.932191ms
Round took 5.1691ms
Round took 4.688282ms
Round took 5.001239ms
Round took 5.963181ms
Round took 4.641525ms
Round took 4.617977ms
Round took 5.294576ms
Round took 5.988542ms
Round took 4.743385ms
Round took 5.42645ms
Round took 4.840158ms
Round took 5.235842ms
Round took 4.138787ms
Round took 4.949904ms
Round took 7.518189ms
Round took 3.786228ms
Round took 6.479148ms
Round took 4.885445ms
Round took 5.547267ms
Round took 3.262095ms
Round took 6.453083ms
Round took 4.633444ms
Round took 4.502532ms
Round took 5.33597ms
Round took 4.285869ms
Round took 5.98715ms
Round took 7.065925ms
Round took 8.430844ms
Round took 7.242973ms
Round took 6.615332ms
Round took 6.97339ms
Round took 6.441838ms
Round took 4.071682ms
Round took 5.660256ms
Round took 5.388783ms
Round took 4.507221ms
Round took 4.962695ms
Round took 4.815512ms
Round took 4.8555ms
Round took 4.870324ms
Round took 5.266151ms
Round took 5.09745ms
Round took 5.588848ms
Round took 5.11967ms
Round took 4.911753ms
Round took 5.385444ms
Round took 6.360203ms
Round took 4.954756ms
Round took 5.740172ms
Round took 5.672017ms
Round took 4.750924ms
Round took 4.945776ms
Round took 4.400062ms
Round took 5.363205ms
Round took 4.933888ms
Round took 5.430309ms
Round took 5.579724ms
Round took 4.321257ms
Round took 6.247865ms
Round took 3.540657ms
Round took 6.644916ms
Round took 4.354916ms
Round took 7.015803ms
Round took 6.534631ms
Round took 9.005603ms
Round took 7.666385ms
Round took 4.76196ms
Round took 4.009171ms
Round took 7.707459ms
Round took 5.9655ms
Round took 6.101765ms
Round took 4.536341ms
Round took 5.966193ms
Round took 4.72673ms
Round took 5.145716ms
Round took 4.615928ms
Round took 7.672109ms
Round took 4.367023ms
Round took 5.814752ms
Round took 4.703601ms
Round took 3.602519ms
Round took 3.915107ms
Round took 5.77459ms
Round took 5.856788ms
Round took 5.041117ms
Round took 4.944438ms
Round took 5.216372ms
Round took 4.407716ms
Round took 6.252905ms
Round took 4.903722ms
Round took 6.672461ms
Round took 7.173801ms
Round took 4.783272ms
Round took 4.297491ms
Round took 5.740648ms
Round took 4.948769ms
Round took 4.78978ms
Round took 5.401435ms
Round took 5.045843ms
Round took 4.800936ms
Round took 4.832963ms
Round took 5.236303ms
Round took 6.005585ms
Round took 6.268286ms
Round took 5.632106ms
Round took 3.977322ms
Round took 4.99334ms
Round took 5.328197ms
Round took 5.841273ms
Round took 6.787806ms
Round took 4.667396ms
Round took 4.806472ms
Round took 5.739695ms
Round took 5.281493ms
Round took 5.458602ms
Round took 4.770857ms
Round took 5.060938ms
Round took 4.95914ms
Round took 5.060236ms
Round took 5.964676ms
Round took 4.901689ms
Round took 5.10889ms
Round took 5.755368ms
Round took 4.563425ms
Round took 4.966534ms
Round took 4.775484ms
Round took 5.834905ms
Round took 5.031538ms
Round took 4.98393ms
Round took 5.951446ms
Round took 5.135848ms
Round took 4.51474ms
Round took 4.299135ms
Round took 7.382969ms
Round took 6.349706ms
Round took 4.92153ms
Round took 4.866332ms
Round took 5.308896ms
Round took 5.147391ms
Round took 4.975602ms
Round took 5.037231ms
Round took 6.125343ms
Round took 4.911981ms
Round took 5.484104ms
Round took 5.266012ms
Round took 4.550643ms
Round took 5.004537ms
Round took 5.446051ms
Round took 4.96779ms
Round took 5.234592ms
Round took 4.592729ms
Round took 5.4347ms
Round took 5.820649ms
Round took 5.191397ms
Round took 5.27716ms
Round took 5.580872ms
Round took 4.270815ms
Round took 4.543141ms
Round took 5.55696ms
Round took 5.10817ms
Round took 4.771574ms
Round took 5.180585ms
Round took 5.820411ms
Round took 5.241541ms
Round took 6.145434ms
Round took 6.052615ms
Round took 5.737689ms
Round took 6.780983ms
Round took 5.092498ms
Round took 5.01486ms
Round took 4.823669ms
Round took 3.792819ms
Round took 4.077952ms
Round took 5.874231ms
Round took 5.558162ms
Round took 5.045403ms
Round took 5.680757ms
Round took 4.036848ms
Round took 5.460566ms
Round took 4.496191ms
Round took 5.784218ms
Round took 4.985041ms
Round took 4.609844ms
Round took 5.262498ms
Round took 5.670665ms
Round took 5.35637ms
Round took 4.353117ms
Round took 5.587467ms
Round took 5.059302ms
Round took 5.109242ms
Round took 5.830937ms
Round took 4.889097ms
Round took 5.215596ms
Round took 5.080455ms
Round took 4.314761ms
Round took 5.573219ms
Round took 4.56992ms
Round took 5.606251ms
Round took 5.824842ms
Round took 4.457473ms
Round took 5.605351ms
Round took 5.06987ms
Round took 4.969069ms
Round took 4.937314ms
Round took 4.587394ms
Round took 5.451746ms
Round took 5.530087ms
Round took 4.380331ms
Round took 6.468498ms
Round took 6.242856ms
Round took 5.135612ms
Round took 4.999914ms
Round took 5.798981ms
Round took 5.055223ms
Round took 5.044125ms
Round took 4.689222ms
Round took 5.988135ms
Round took 4.807717ms
Round took 5.011315ms
Round took 5.372219ms
Round took 5.505255ms
Round took 4.918948ms
Round took 5.32054ms
Round took 6.003191ms
Round took 5.155539ms
Round took 5.187081ms
Round took 4.985577ms
Round took 4.930967ms
Round took 4.753077ms
Round took 6.711049ms
Round took 4.497982ms
Round took 5.446148ms
Round took 5.71651ms
Round took 6.257694ms
Round took 5.489888ms
Round took 4.728138ms
Round took 5.192578ms
Round took 7.224782ms
Round took 4.59241ms
Round took 4.643233ms
Round took 5.438079ms
Round took 5.40996ms
Round took 5.467252ms
Round took 4.874413ms
Round took 5.477177ms
Round took 5.358939ms
Round took 5.574514ms
Round took 6.585262ms
Round took 4.525423ms
Round took 5.331882ms
Round took 5.021536ms
Round took 5.260097ms
Round took 5.032383ms
Round took 4.811ms
Round took 6.26245ms
Round took 4.868025ms
Round took 5.257661ms
Round took 4.805627ms
Round took 5.484413ms
Round took 4.903254ms
Round took 4.88447ms
Round took 5.945224ms
Round took 4.628794ms
Round took 5.115675ms
Round took 4.750385ms
Round took 6.087536ms
Round took 4.428162ms
Round took 5.064809ms
Round took 6.289321ms
Round took 4.432861ms
Round took 5.309536ms
Round took 5.025339ms
Round took 5.325623ms
Round took 4.603119ms
Round took 5.379987ms
Round took 7.539221ms
Round took 6.482975ms
Round took 6.02456ms
Round took 7.250912ms
Round took 4.508508ms
Round took 4.117487ms
Round took 6.459442ms
Round took 6.383173ms
Round took 4.998185ms
Round took 4.930553ms
Round took 5.655721ms
Round took 4.574405ms
Round took 5.019758ms
Round took 5.071516ms
Round took 5.258755ms
Round took 4.90882ms
Round took 5.374521ms
Round took 4.780256ms
Round took 5.206097ms
Round took 5.106022ms
Round took 6.437091ms
Round took 4.076605ms
Round took 4.629936ms
Round took 4.988246ms
Round took 5.082096ms
Round took 5.454257ms
Round took 4.935256ms
Round took 5.222869ms
Round took 5.130044ms
Round took 4.723392ms
Round took 5.279279ms
Round took 5.071625ms
Round took 5.060839ms
Round took 5.424291ms
Round took 4.71291ms
Round took 5.109667ms
Round took 5.110525ms
Round took 5.117373ms
Round took 5.383625ms
Round took 4.774056ms
Round took 6.169613ms
Round took 4.561904ms
Round took 4.801831ms
Round took 5.703865ms
Round took 4.852928ms
Round took 4.704523ms
Round took 5.410813ms
Round took 5.256982ms
Round took 4.928954ms
Round took 5.519396ms
Round took 5.264118ms
Round took 5.006583ms
Round took 5.196899ms
Round took 4.912095ms
Round took 4.901993ms
Round took 5.750186ms
Round took 5.960669ms
Round took 4.798257ms
Round took 4.890775ms
Round took 5.614849ms
Round took 4.06094ms
Round took 6.162419ms
Round took 4.040273ms
Round took 7.622076ms
Round took 6.636881ms
Round took 4.770553ms
Round took 5.076944ms
Round took 5.310213ms
Round took 4.682604ms
Round took 5.318782ms
Round took 4.749777ms
Round took 4.991295ms
Round took 4.981262ms
Round took 5.362671ms
Round took 4.761044ms
Round took 6.110984ms
Round took 3.986466ms
Round took 4.913714ms
Round took 4.975264ms
Round took 5.793849ms
Round took 4.79166ms
Round took 5.362662ms
Round took 4.934453ms
Round took 4.810969ms
Round took 5.238781ms
Round took 4.98502ms
Round took 5.101902ms
Round took 5.108059ms
Round took 4.607512ms
Round took 5.136635ms
Round took 5.17337ms
Round took 5.125723ms
Round took 4.911925ms
Round took 5.747148ms
Round took 4.586409ms
Round took 4.938368ms
Round took 5.579127ms
Round took 5.101277ms
Round took 5.197248ms
Round took 4.275114ms
Round took 5.736975ms
Round took 4.790978ms
Round took 4.975893ms
Round took 4.621452ms
Round took 5.635101ms
Round took 5.617088ms
Round took 4.736937ms
Round took 7.555377ms
Round took 6.331717ms
Round took 5.162502ms
Round took 4.788318ms
Round took 5.347833ms
Round took 5.249582ms
Round took 5.004777ms
Round took 6.087337ms
Round took 4.30874ms
Round took 5.808976ms
Round took 4.429934ms
Round took 5.148526ms
Round took 5.471511ms
Round took 4.602217ms
Round took 5.530762ms
Round took 4.854313ms
Round took 5.448117ms
Round took 4.300435ms
Round took 5.561634ms
Round took 5.078126ms
Round took 4.838072ms
Round took 5.09681ms
Round took 5.19107ms
Round took 5.219703ms
Round took 5.05137ms
Round took 4.951729ms
Round took 5.78499ms
Round took 4.455429ms
Round took 5.111448ms
Round took 4.695663ms
Round took 5.239217ms
Round took 5.445868ms
Round took 5.572791ms
Round took 5.360681ms
Round took 4.447901ms
Round took 5.094449ms
Round took 5.18936ms
Round took 5.639225ms
Round took 4.834921ms
Round took 5.00959ms
Round took 7.126673ms
Round took 5.404803ms
Round took 4.826109ms
Round took 3.575082ms
Round took 18.380704ms
Round took 5.020095ms
Round took 5.651466ms
Round took 4.827076ms
Round took 6.267668ms
Round took 6.426441ms
Round took 4.519057ms
Round took 5.356243ms
Round took 3.57631ms
Round took 4.96171ms
Round took 6.535187ms
Round took 5.475686ms
Round took 5.809474ms
Round took 3.326959ms
Round took 3.478313ms
Round took 6.343532ms
Round took 4.921948ms
Round took 5.506371ms
Round took 4.706082ms
Round took 5.464403ms
Round took 5.077238ms
Round took 5.200186ms
Round took 4.871754ms
Round took 4.344366ms
Round took 5.17229ms
Round took 5.584426ms
Round took 5.543354ms
Round took 4.20467ms
Round took 5.097852ms
Round took 5.613829ms
Round took 4.536648ms
Round took 5.434047ms
Round took 4.994773ms
Round took 5.611684ms
Round took 4.35242ms
Round took 5.072876ms
Round took 6.057409ms
Round took 3.826861ms
Round took 5.299743ms
Round took 4.69687ms
Round took 5.106403ms
Round took 5.720717ms
Round took 4.449538ms
Round took 5.206587ms
Round took 4.407109ms
Round took 7.117389ms
Round took 4.471498ms
Round took 4.774914ms
Round took 4.737985ms
Round took 5.101391ms
Round took 4.908964ms
Round took 5.164093ms
Round took 5.945772ms
Round took 4.382985ms
Round took 5.595705ms
Round took 4.025753ms
Round took 5.010846ms
Round took 4.098211ms
Round took 5.378486ms
Round took 5.903844ms
Round took 4.71544ms
Round took 4.79847ms
Round took 4.497745ms
Round took 5.310778ms
Round took 5.302795ms
Round took 4.930439ms
Round took 6.100175ms
Round took 3.763573ms
Round took 4.439609ms
Round took 5.530019ms
Round took 5.01657ms
Round took 5.163494ms
Round took 4.909386ms
Round took 4.992378ms
Round took 5.039831ms
Round took 5.223774ms
Round took 5.890131ms
Round took 4.862242ms
Round took 5.209606ms
Round took 4.941151ms
Round took 5.063941ms
Round took 5.515021ms
Round took 5.797285ms
Round took 3.87454ms
Round took 7.242972ms
Round took 6.098575ms
Round took 4.270838ms
Round took 5.012354ms
Round took 5.322134ms
Round took 5.476775ms
Round took 4.883631ms
Round took 5.050306ms
Round took 4.963018ms
Round took 5.161745ms
Round took 5.146986ms
Round took 4.817909ms
Round took 5.715946ms
Round took 5.005284ms
Round took 4.4486ms
Round took 5.209478ms
Round took 5.633006ms
Round took 5.885232ms
Round took 4.690392ms
Round took 5.44666ms
Round took 4.754233ms
Round took 5.379573ms
Round took 4.325251ms
Round took 5.764886ms
Round took 5.834093ms
Round took 4.736812ms
Round took 7.062861ms
Round took 5.922472ms
Round took 4.950105ms
Round took 5.142888ms
Round took 5.297489ms
Round took 4.753358ms
Round took 5.385794ms
Round took 4.882215ms
Round took 6.915428ms
Round took 4.489685ms
Round took 5.843188ms
Round took 5.130865ms
Round took 4.413631ms
Round took 4.65756ms
Round took 4.881492ms
Round took 6.131088ms
Round took 4.71331ms
Round took 5.11038ms
Round took 5.919562ms
Round took 4.90486ms
Round took 5.143286ms
Round took 5.547369ms
Round took 5.391699ms
Round took 4.69131ms
Round took 5.861373ms
Round took 5.010303ms
Round took 4.101243ms
Round took 5.124378ms
Round took 5.501671ms
Round took 5.244814ms
Round took 4.605268ms
Round took 6.825262ms
Round took 5.598118ms
Round took 4.983364ms
Round took 5.317389ms
Round took 4.800825ms
Round took 6.007604ms
Round took 4.913091ms
Round took 4.595448ms
Round took 5.748344ms
Round took 5.918727ms
Round took 4.298299ms
Round took 5.412268ms
Round took 5.13948ms
Round took 4.785336ms
Round took 5.292779ms
Round took 4.662266ms
Round took 5.805758ms
Round took 5.168315ms
Round took 5.191297ms
Round took 5.438203ms
Round took 4.409983ms
Round took 5.143441ms
Round took 4.578091ms
Round took 4.98833ms
Round took 5.614541ms
Round took 4.860401ms
Round took 5.606634ms
Round took 5.456402ms
Round took 4.608019ms
Round took 4.930638ms
Round took 5.110297ms
Round took 5.766247ms
Round took 4.702811ms
Round took 5.511024ms
Round took 4.764214ms
Round took 4.995287ms
Round took 5.77809ms
Round took 3.94199ms
Round took 5.280754ms
Round took 5.334424ms
Round took 4.356335ms
Round took 5.676049ms
Round took 5.254042ms
Round took 4.666233ms
Round took 5.539677ms
Round took 5.320394ms
Round took 4.433392ms
Round took 5.236338ms
Round took 4.609429ms
Round took 6.271143ms
Round took 3.892484ms
Round took 5.278789ms
Round took 6.267357ms
Round took 4.432981ms
Round took 5.13401ms
Round took 4.689012ms
Round took 5.274823ms
Round took 4.837452ms
Round took 4.990261ms
Round took 6.781464ms
Round took 6.876329ms
Round took 4.348376ms
Round took 5.040167ms
Round took 5.736972ms
Round took 4.505171ms
Round took 5.488369ms
Round took 4.682666ms
Round took 5.451212ms
Round took 5.016092ms
Round took 5.023774ms
Round took 4.966854ms
Round took 4.945873ms
Round took 5.206065ms
Round took 5.023433ms
Round took 5.539035ms
Round took 4.723192ms
Round took 5.346233ms
Round took 4.603073ms
Round took 5.517966ms
Round took 4.954652ms
Round took 5.342345ms
Round took 4.992116ms
Round took 5.374238ms
Round took 4.754471ms
Round took 5.292863ms
Round took 5.393445ms
Round took 5.597178ms
Round took 4.504782ms
Round took 5.225786ms
Round took 5.253043ms
Round took 4.70126ms
Round took 4.891645ms
Round took 5.731482ms
Round took 4.690364ms
Round took 5.041648ms
Round took 4.914873ms
Round took 6.082257ms
Round took 4.587466ms
Round took 4.814653ms
Round took 4.993261ms
Round took 5.198058ms
Round took 4.643507ms
Round took 5.052038ms
Round took 6.299993ms
Round took 4.210376ms
Round took 5.007322ms
Round took 4.740865ms
Round took 5.099206ms
Round took 5.243893ms
Round took 4.970883ms
Round took 5.978376ms
Round took 4.384307ms
Round took 4.757414ms
Round took 5.069058ms
Round took 5.359855ms
Round took 4.828165ms
Round took 5.005174ms
Round took 4.99856ms
Round took 6.337515ms
Round took 4.065823ms
Round took 5.105175ms
Round took 4.932633ms
Round took 6.335754ms
Round took 5.272639ms
Round took 4.629902ms
Round took 5.306715ms
Round took 4.993406ms
Round took 4.600874ms
Round took 5.026584ms
Round took 6.090717ms
Round took 4.32387ms
Round took 6.546443ms
Round took 3.725555ms
Round took 5.268546ms
Round took 4.906909ms
Round took 5.413818ms
Round took 5.971429ms
Round took 4.024034ms
Round took 5.420204ms
Round took 6.596733ms
Round took 6.710683ms
Round took 4.607921ms
Round took 5.209939ms
Round took 5.779992ms
Round took 4.301623ms
Round took 4.90136ms
Round took 5.294178ms
Round took 5.016273ms
Round took 4.807182ms
Round took 5.186384ms
Round took 5.651344ms
Round took 5.269335ms
Round took 5.635633ms
Round took 4.793579ms
Round took 4.306883ms
Round took 5.110731ms
Round took 4.334154ms
Round took 5.251739ms
Round took 5.078717ms
Round took 5.079646ms
Round took 5.255791ms
Round took 4.964131ms
Round took 5.277038ms
Round took 4.59362ms
Round took 5.450148ms
Round took 4.535842ms
Round took 6.459548ms
Round took 4.964126ms
Round took 6.721438ms
Round took 5.13967ms
Round took 4.367692ms
Round took 5.156342ms
Round took 5.323441ms
Round took 5.3394ms
Round took 4.426669ms
Round took 6.038392ms
Round took 4.883032ms
Round took 4.300426ms
Round took 5.978258ms
Round took 4.075075ms
Round took 5.428167ms
Round took 4.71258ms
Round took 5.228476ms
Round took 4.898079ms
Round took 4.723386ms
Round took 5.045937ms
Round took 6.256805ms
Round took 4.653119ms
Round took 4.831733ms
Round took 5.214432ms
Round took 4.803827ms
Round took 5.327586ms
Round took 4.269826ms
Round took 4.889738ms
Round took 5.996714ms
Round took 4.33429ms
Round took 5.070907ms
Round took 4.83734ms
Round took 7.140079ms
Round took 4.572612ms
Round took 5.650496ms
Round took 4.465938ms
Round took 3.890553ms
Round took 5.291639ms
Round took 5.183794ms
Round took 6.361705ms
Round took 4.817404ms
Round took 5.527937ms
Round took 4.819588ms
Round took 3.763621ms
Round took 5.455564ms
Round took 5.403626ms
Round took 5.191949ms
Round took 5.20336ms
Round took 4.692345ms
Round took 5.939201ms
Round took 6.509186ms
Round took 4.875148ms
Round took 5.050948ms
Round took 5.097035ms
Round took 4.855224ms
Round took 5.327674ms
Round took 4.701506ms
Round took 6.430473ms
Round took 5.288318ms
Round took 5.315529ms
Round took 5.549124ms
Round took 4.522661ms
Round took 5.335913ms
Round took 4.269817ms
Round took 6.172993ms
Round took 4.478212ms
Round took 4.891395ms
Round took 4.930174ms
Round took 5.708918ms
Round took 5.307155ms
Round took 4.393053ms
Round took 5.320887ms
Round took 4.962063ms
Round took 5.046117ms
Round took 5.819531ms
Round took 4.949304ms
Round took 4.740673ms
Round took 5.065656ms
Round took 5.008843ms
Round took 5.906918ms
Round took 5.196857ms
Round took 5.984262ms
Round took 3.799559ms
Round took 5.296779ms
Round took 4.75405ms
Round took 6.48252ms
Round took 4.48443ms
Round took 4.378155ms
Round took 5.740116ms
Round took 5.256635ms
Round took 4.896717ms
Round took 4.927678ms
Round took 4.923076ms
Round took 6.363605ms
Round took 6.224189ms
Round took 4.975457ms
Round took 5.419305ms
Round took 4.8329ms
Round took 5.576873ms
Round took 4.305527ms
Round took 6.135643ms
Round took 4.969706ms
Round took 4.984146ms
Round took 4.693847ms
Round took 6.570249ms
Round took 4.359441ms
Round took 5.212836ms
Round took 5.154264ms
Round took 4.830511ms
Round took 5.990847ms
Round took 4.589425ms
Round took 6.029616ms
Round took 4.053ms
Round took 5.342038ms
Round took 4.887237ms
Round took 5.426798ms
Round took 5.333048ms
Round took 4.424364ms
Round took 6.551832ms
Round took 4.37148ms
Round took 5.082559ms
Round took 4.946322ms
Round took 4.983763ms
Round took 5.123221ms
Round took 5.223966ms
Round took 5.699287ms
Round took 4.628376ms
Round took 5.188681ms
Round took 5.089357ms
Round took 5.222697ms
Round took 4.434493ms
Round took 5.159787ms
Round took 5.653517ms
Round took 4.113024ms
Round took 4.930911ms
Round took 5.827284ms
Round took 5.649615ms
Round took 6.944623ms
Round took 4.269206ms
Round took 5.164265ms
Round took 5.303221ms
Round took 5.181833ms
Round took 4.844694ms
Round took 5.279842ms
Round took 6.982276ms
Round took 4.393401ms
Round took 4.576326ms
Round took 3.952231ms
Round took 6.741824ms
Round took 5.198165ms
Round took 6.134932ms
Round took 4.873939ms
Round took 6.00332ms
Round took 3.318893ms
Round took 7.194716ms
Round took 5.350353ms
Round took 4.845898ms
Round took 5.194276ms
Round took 4.536735ms
Round took 5.334753ms
Round took 4.738944ms
Round took 5.337787ms
Round took 4.694014ms
Round took 5.412579ms
Round took 5.858502ms
Round took 4.611773ms
Round took 5.386265ms
Round took 6.327538ms
Round took 5.175896ms
Round took 4.900732ms
Round took 5.030306ms
Round took 4.971611ms
Round took 6.822292ms
Round took 4.985231ms
Round took 5.159382ms
Round took 5.41589ms
Round took 4.909457ms
Round took 3.751693ms
Round took 5.285993ms
Round took 5.765444ms
Round took 5.586742ms
Round took 4.5306ms
Round took 7.294223ms
Round took 6.817064ms
Round took 4.559438ms
Round took 4.606303ms
Round took 4.698722ms
Round took 4.250027ms
Round took 3.604865ms
Round took 5.889883ms
Round took 5.220646ms
Round took 4.823163ms
Round took 6.387638ms
Round took 6.16406ms
Round took 5.923458ms
Round took 5.415786ms
Round took 4.657959ms
Round took 5.433579ms
Round took 4.651484ms
Round took 5.05466ms
Round took 7.337929ms
Round took 4.967615ms
Round took 5.769072ms
Round took 4.545256ms
Round took 4.5099ms
Round took 5.692256ms
Round took 5.07411ms
Round took 5.844312ms
Round took 4.18276ms
Round took 5.831491ms
Round took 6.485993ms
Round took 5.024593ms
Round took 4.784727ms
Round took 5.093443ms
Round took 5.438605ms
Round took 4.856209ms
Round took 4.649753ms
Round took 5.787ms
Round took 4.564518ms
Round took 5.234122ms
Round took 5.014583ms
Round took 5.100375ms
Round took 5.655983ms
Round took 4.476906ms
Round took 5.425431ms
Round took 5.154767ms
Round took 5.090959ms
Round took 5.055094ms
Round took 5.072314ms
Round took 4.960649ms
Round took 7.886568ms
Round took 5.699682ms
Round took 4.738935ms
Round took 5.149418ms
Round took 5.04311ms
Round took 4.191541ms
Round took 6.844691ms
Round took 6.627933ms
Round took 5.834595ms
Round took 4.213614ms
Round took 7.099207ms
Round took 5.120045ms
Test took 5.251430879s
Successful: 10000
