Uniform distribution
2021/04/16 21:40:47 The leader is replica 0
Round took 6.690397ms
Round took 6.569695ms
Round took 6.928642ms
Round took 6.398123ms
Round took 4.045447ms
Round took 5.697451ms
Round took 5.388072ms
Round took 6.106064ms
Round took 6.208765ms
Round took 4.544396ms
Round took 3.735254ms
Round took 4.934861ms
Round took 5.187415ms
Round took 5.36853ms
Round took 5.593242ms
Round took 5.022991ms
Round took 5.38708ms
Round took 4.819133ms
Round took 4.972682ms
Round took 5.249276ms
Round took 4.860307ms
Round took 5.656042ms
Round took 4.7251ms
Round took 5.055264ms
Round took 4.349544ms
Round took 5.415399ms
Round took 4.931466ms
Round took 5.384388ms
Round took 5.582385ms
Round took 4.386987ms
Round took 5.172466ms
Round took 4.903512ms
Round took 5.300953ms
Round took 4.466607ms
Round took 4.951161ms
Round took 6.504774ms
Round took 6.616963ms
Round took 8.389383ms
Round took 6.541142ms
Round took 4.023708ms
Round took 4.024245ms
Round took 7.020658ms
Round took 6.271581ms
Round took 6.005164ms
Round took 4.510415ms
Round took 5.753719ms
Round took 4.437706ms
Round took 5.060545ms
Round took 4.749626ms
Round took 7.434381ms
Round took 4.643938ms
Round took 5.711855ms
Round took 4.773086ms
Round took 3.597093ms
Round took 3.891635ms
Round took 5.748901ms
Round took 5.736565ms
Round took 4.906282ms
Round took 4.998718ms
Round took 4.696984ms
Round took 5.512196ms
Round took 5.103085ms
Round took 4.03363ms
Round took 5.845518ms
Round took 6.155052ms
Round took 5.827347ms
Round took 4.854621ms
Round took 4.077404ms
Round took 4.983056ms
Round took 5.197488ms
Round took 5.066278ms
Round took 5.205129ms
Round took 5.116209ms
Round took 4.693685ms
Round took 5.102485ms
Round took 4.820194ms
Round took 5.007625ms
Round took 6.149798ms
Round took 4.196016ms
Round took 4.793743ms
Round took 4.957568ms
Round took 4.8904ms
Round took 5.961188ms
Round took 4.20779ms
Round took 5.203608ms
Round took 5.1108ms
Round took 4.896196ms
Round took 5.049229ms
Round took 4.686159ms
Round took 5.619582ms
Round took 4.821521ms
Round took 4.779808ms
Round took 4.97134ms
Round took 5.466393ms
Round took 5.152076ms
Round took 5.007413ms
Round took 5.384954ms
Round took 5.373106ms
Round took 4.535451ms
Round took 4.975978ms
Round took 5.43588ms
Round took 4.836212ms
Round took 4.944625ms
Round took 4.962503ms
Round took 5.963867ms
Round took 5.126504ms
Round took 4.549398ms
Round took 4.192424ms
Round took 5.222584ms
Round took 5.578239ms
Round took 4.946566ms
Round took 6.140416ms
Round took 3.453859ms
Round took 5.091641ms
Round took 5.043293ms
Round took 5.611227ms
Round took 4.898878ms
Round took 5.055145ms
Round took 4.844738ms
Round took 5.546908ms
Round took 4.930873ms
Round took 4.533787ms
Round took 4.998461ms
Round took 5.476666ms
Round took 4.795224ms
Round took 5.27984ms
Round took 4.457543ms
Round took 5.425271ms
Round took 5.339793ms
Round took 5.155283ms
Round took 5.316982ms
Round took 5.562901ms
Round took 4.235171ms
Round took 4.58313ms
Round took 5.314663ms
Round took 5.121856ms
Round took 4.707459ms
Round took 4.928057ms
Round took 6.097305ms
Round took 4.213053ms
Round took 4.900468ms
Round took 4.712604ms
Round took 5.919468ms
Round took 5.566917ms
Round took 6.720272ms
Round took 5.115815ms
Round took 5.719707ms
Round took 3.833388ms
Round took 4.191416ms
Round took 4.656421ms
Round took 4.845747ms
Round took 6.524682ms
Round took 4.77927ms
Round took 4.708611ms
Round took 3.970625ms
Round took 5.982255ms
Round took 4.867505ms
Round took 4.836275ms
Round took 4.966048ms
Round took 4.554339ms
Round took 5.26824ms
Round took 4.772072ms
Round took 5.07146ms
Round took 4.426995ms
Round took 5.295734ms
Round took 5.283098ms
Round took 5.080799ms
Round took 5.477279ms
Round took 5.057627ms
Round took 5.242115ms
Round took 4.388501ms
Round took 5.145066ms
Round took 5.558001ms
Round took 4.552902ms
Round took 5.507253ms
Round took 5.074552ms
Round took 4.276654ms
Round took 5.175029ms
Round took 5.686487ms
Round took 4.937572ms
Round took 4.963702ms
Round took 4.601419ms
Round took 5.49476ms
Round took 5.616353ms
Round took 4.31991ms
Round took 4.799217ms
Round took 5.841936ms
Round took 5.096641ms
Round took 4.701769ms
Round took 5.758158ms
Round took 4.986063ms
Round took 5.182358ms
Round took 4.836984ms
Round took 4.593485ms
Round took 5.940827ms
Round took 4.838601ms
Round took 5.590172ms
Round took 4.804158ms
Round took 5.082764ms
Round took 5.610266ms
Round took 4.824778ms
Round took 5.021378ms
Round took 4.909096ms
Round took 4.530038ms
Round took 5.733099ms
Round took 4.943551ms
Round took 4.727434ms
Round took 5.920462ms
Round took 4.355866ms
Round took 5.189222ms
Round took 4.689994ms
Round took 5.080283ms
Round took 5.46893ms
Round took 5.574182ms
Round took 5.059537ms
Round took 5.788582ms
Round took 5.063723ms
Round took 5.411065ms
Round took 3.741692ms
Round took 5.446729ms
Round took 5.490458ms
Round took 5.492599ms
Round took 4.520855ms
Round took 5.337773ms
Round took 5.32822ms
Round took 4.562247ms
Round took 5.02961ms
Round took 5.33753ms
Round took 4.410513ms
Round took 5.58465ms
Round took 4.303302ms
Round took 5.215771ms
Round took 5.506755ms
Round took 4.531244ms
Round took 6.237142ms
Round took 4.036249ms
Round took 5.611793ms
Round took 4.346925ms
Round took 5.193215ms
Round took 4.828704ms
Round took 5.536177ms
Round took 5.513143ms
Round took 4.597187ms
Round took 5.756199ms
Round took 4.017092ms
Round took 5.37657ms
Round took 4.848805ms
Round took 5.414746ms
Round took 5.484566ms
Round took 4.498052ms
Round took 5.619619ms
Round took 4.546032ms
Round took 5.219661ms
Round took 4.580549ms
Round took 5.888072ms
Round took 4.819489ms
Round took 4.053398ms
Round took 7.498561ms
Round took 5.295513ms
Round took 4.937057ms
Round took 4.756954ms
Round took 4.085384ms
Round took 4.870989ms
Round took 5.211388ms
Round took 4.661996ms
Round took 5.894156ms
Round took 4.396746ms
Round took 5.267518ms
Round took 4.525128ms
Round took 5.67474ms
Round took 4.530932ms
Round took 4.875591ms
Round took 4.897127ms
Round took 5.363832ms
Round took 5.317182ms
Round took 4.824859ms
Round took 6.729959ms
Round took 4.450861ms
Round took 4.185432ms
Round took 4.592612ms
Round took 5.973203ms
Round took 5.483274ms
Round took 4.639929ms
Round took 5.427214ms
Round took 4.824246ms
Round took 4.811227ms
Round took 4.675499ms
Round took 5.483285ms
Round took 5.765744ms
Round took 4.617477ms
Round took 5.843759ms
Round took 3.939804ms
Round took 5.014611ms
Round took 4.888755ms
Round took 5.804373ms
Round took 5.5159ms
Round took 4.225582ms
Round took 5.16785ms
Round took 5.920233ms
Round took 4.251724ms
Round took 4.783515ms
Round took 4.942215ms
Round took 5.006628ms
Round took 5.152535ms
Round took 5.232069ms
Round took 5.748367ms
Round took 5.026461ms
Round took 4.408993ms
Round took 5.29527ms
Round took 5.688158ms
Round took 4.340086ms
Round took 4.670091ms
Round took 6.835892ms
Round took 6.120992ms
Round took 5.430151ms
Round took 5.118027ms
Round took 4.572027ms
Round took 5.234572ms
Round took 4.894845ms
Round took 5.416486ms
Round took 4.711016ms
Round took 6.257056ms
Round took 4.102101ms
Round took 4.94422ms
Round took 4.951793ms
Round took 5.106517ms
Round took 5.407953ms
Round took 4.770432ms
Round took 5.124517ms
Round took 5.036266ms
Round took 5.374601ms
Round took 4.667493ms
Round took 5.749001ms
Round took 4.401721ms
Round took 4.904985ms
Round took 4.991834ms
Round took 5.919025ms
Round took 4.930564ms
Round took 5.409862ms
Round took 5.107688ms
Round took 4.747558ms
Round took 5.077048ms
Round took 5.045856ms
Round took 5.535612ms
Round took 5.161445ms
Round took 4.567046ms
Round took 5.086338ms
Round took 5.22223ms
Round took 5.082213ms
Round took 4.980294ms
Round took 5.82811ms
Round took 4.456419ms
Round took 4.746373ms
Round took 5.286713ms
Round took 5.104315ms
Round took 5.346175ms
Round took 4.456377ms
Round took 5.916223ms
Round took 5.154609ms
Round took 4.959412ms
Round took 4.653654ms
Round took 5.683256ms
Round took 4.683132ms
Round took 4.378124ms
Round took 5.557215ms
Round took 5.249446ms
Round took 4.898917ms
Round took 5.273372ms
Round took 4.620117ms
Round took 5.411479ms
Round took 5.171618ms
Round took 4.977227ms
Round took 5.950961ms
Round took 3.892899ms
Round took 5.773355ms
Round took 4.40262ms
Round took 5.10461ms
Round took 5.554114ms
Round took 4.628165ms
Round took 5.597489ms
Round took 4.780676ms
Round took 5.496092ms
Round took 4.32044ms
Round took 5.545422ms
Round took 5.029738ms
Round took 5.112849ms
Round took 4.776361ms
Round took 5.338424ms
Round took 4.798905ms
Round took 4.554739ms
Round took 4.972503ms
Round took 5.421525ms
Round took 4.855594ms
Round took 5.181157ms
Round took 4.71587ms
Round took 5.28717ms
Round took 5.422698ms
Round took 5.079677ms
Round took 5.767879ms
Round took 4.429271ms
Round took 5.217328ms
Round took 4.67785ms
Round took 5.792488ms
Round took 5.160194ms
Round took 4.978928ms
Round took 6.892631ms
Round took 5.355429ms
Round took 5.29464ms
Round took 3.626918ms
Round took 18.46228ms
Round took 5.002592ms
Round took 4.833596ms
Round took 4.675721ms
Round took 5.447284ms
Round took 6.08611ms
Round took 5.078499ms
Round took 5.161761ms
Round took 4.241934ms
Round took 5.448757ms
Round took 5.947153ms
Round took 5.638867ms
Round took 5.207436ms
Round took 4.469396ms
Round took 3.400156ms
Round took 6.193116ms
Round took 5.091737ms
Round took 5.128322ms
Round took 5.005948ms
Round took 5.168685ms
Round took 4.976976ms
Round took 4.953134ms
Round took 6.708112ms
Round took 4.419715ms
Round took 5.244448ms
Round took 5.577753ms
Round took 4.604397ms
Round took 4.463263ms
Round took 5.097597ms
Round took 5.633415ms
Round took 4.338511ms
Round took 5.499842ms
Round took 4.778458ms
Round took 5.764387ms
Round took 4.469851ms
Round took 5.060877ms
Round took 6.083036ms
Round took 4.136186ms
Round took 5.145297ms
Round took 4.691996ms
Round took 5.63938ms
Round took 5.820993ms
Round took 4.603183ms
Round took 5.368276ms
Round took 4.184823ms
Round took 7.590422ms
Round took 4.311979ms
Round took 4.531506ms
Round took 6.151195ms
Round took 5.083533ms
Round took 4.926627ms
Round took 5.266505ms
Round took 5.003471ms
Round took 4.992493ms
Round took 4.903781ms
Round took 5.146818ms
Round took 5.181381ms
Round took 5.150755ms
Round took 4.987337ms
Round took 5.114227ms
Round took 5.262578ms
Round took 4.6736ms
Round took 5.211488ms
Round took 5.486628ms
Round took 4.914874ms
Round took 5.070827ms
Round took 4.85154ms
Round took 5.46948ms
Round took 5.576276ms
Round took 4.772663ms
Round took 5.501755ms
Round took 4.823932ms
Round took 4.808237ms
Round took 4.953808ms
Round took 5.439697ms
Round took 5.959594ms
Round took 4.58551ms
Round took 5.433631ms
Round took 4.946399ms
Round took 5.083719ms
Round took 4.483726ms
Round took 6.348223ms
Round took 3.465982ms
Round took 5.308182ms
Round took 4.672144ms
Round took 6.13729ms
Round took 4.29413ms
Round took 4.840548ms
Round took 5.398309ms
Round took 5.428446ms
Round took 4.826779ms
Round took 4.956744ms
Round took 5.511646ms
Round took 4.594286ms
Round took 5.123173ms
Round took 4.747666ms
Round took 5.689282ms
Round took 5.039925ms
Round took 4.3682ms
Round took 5.258497ms
Round took 5.546366ms
Round took 5.069089ms
Round took 4.676986ms
Round took 5.457808ms
Round took 4.692591ms
Round took 5.404538ms
Round took 4.325026ms
Round took 5.673917ms
Round took 4.827555ms
Round took 4.528658ms
Round took 5.16717ms
Round took 5.401287ms
Round took 4.487764ms
Round took 4.72491ms
Round took 5.118803ms
Round took 5.374407ms
Round took 4.798991ms
Round took 5.258003ms
Round took 4.897468ms
Round took 5.926593ms
Round took 4.489315ms
Round took 5.39148ms
Round took 5.385639ms
Round took 4.440171ms
Round took 4.628425ms
Round took 4.933091ms
Round took 5.808777ms
Round took 4.481904ms
Round took 5.018691ms
Round took 4.902256ms
Round took 5.354176ms
Round took 5.11486ms
Round took 4.857017ms
Round took 6.048543ms
Round took 4.762166ms
Round took 4.939578ms
Round took 5.328627ms
Round took 4.757679ms
Round took 5.057593ms
Round took 4.432402ms
Round took 5.376756ms
Round took 4.968208ms
Round took 5.371406ms
Round took 4.607711ms
Round took 5.324657ms
Round took 4.950799ms
Round took 5.384683ms
Round took 4.825149ms
Round took 6.038126ms
Round took 4.722478ms
Round took 4.683262ms
Round took 6.259986ms
Round took 5.004012ms
Round took 4.367455ms
Round took 5.358807ms
Round took 5.092046ms
Round took 4.831892ms
Round took 5.245508ms
Round took 4.668007ms
Round took 5.798081ms
Round took 5.209694ms
Round took 5.067827ms
Round took 5.426571ms
Round took 4.447083ms
Round took 5.168134ms
Round took 4.601289ms
Round took 5.467598ms
Round took 4.972829ms
Round took 4.777572ms
Round took 5.610991ms
Round took 5.414671ms
Round took 4.545265ms
Round took 4.935409ms
Round took 5.409559ms
Round took 5.412725ms
Round took 4.744401ms
Round took 5.478783ms
Round took 4.809012ms
Round took 4.677567ms
Round took 5.127165ms
Round took 4.529615ms
Round took 5.448947ms
Round took 5.361808ms
Round took 4.401824ms
Round took 5.456184ms
Round took 5.345383ms
Round took 4.611419ms
Round took 5.157829ms
Round took 5.651231ms
Round took 4.310775ms
Round took 5.286302ms
Round took 4.716498ms
Round took 6.30131ms
Round took 3.896099ms
Round took 5.196125ms
Round took 5.903158ms
Round took 4.656786ms
Round took 5.201714ms
Round took 4.710451ms
Round took 5.235788ms
Round took 4.828427ms
Round took 4.928064ms
Round took 5.882552ms
Round took 4.906402ms
Round took 5.514288ms
Round took 4.173242ms
Round took 5.245316ms
Round took 5.561074ms
Round took 4.552514ms
Round took 5.764873ms
Round took 4.390231ms
Round took 5.45742ms
Round took 5.002248ms
Round took 6.695673ms
Round took 5.05982ms
Round took 4.040236ms
Round took 5.688746ms
Round took 4.459065ms
Round took 5.172131ms
Round took 4.69239ms
Round took 5.968633ms
Round took 4.42372ms
Round took 4.547735ms
Round took 4.977012ms
Round took 5.439184ms
Round took 4.863999ms
Round took 4.9883ms
Round took 5.27433ms
Round took 5.308263ms
Round took 5.080121ms
Round took 4.566671ms
Round took 4.932247ms
Round took 5.221654ms
Round took 4.711017ms
Round took 4.840448ms
Round took 4.874552ms
Round took 5.684382ms
Round took 4.60206ms
Round took 5.040473ms
Round took 4.918541ms
Round took 6.153688ms
Round took 4.570397ms
Round took 4.834067ms
Round took 6.426533ms
Round took 5.17869ms
Round took 4.612437ms
Round took 5.617075ms
Round took 5.952338ms
Round took 4.151124ms
Round took 5.137152ms
Round took 4.461457ms
Round took 4.799325ms
Round took 4.66456ms
Round took 4.991472ms
Round took 6.087861ms
Round took 4.630835ms
Round took 4.726617ms
Round took 6.466283ms
Round took 4.433766ms
Round took 4.54993ms
Round took 5.048711ms
Round took 5.718547ms
Round took 4.980235ms
Round took 4.306329ms
Round took 6.127603ms
Round took 3.935338ms
Round took 6.399174ms
Round took 5.44749ms
Round took 4.416031ms
Round took 5.163909ms
Round took 4.93778ms
Round took 5.399433ms
Round took 4.291428ms
Round took 5.738662ms
Round took 4.587038ms
Round took 6.215087ms
Round took 3.777119ms
Round took 5.304607ms
Round took 4.977296ms
Round took 5.421019ms
Round took 5.651546ms
Round took 4.039352ms
Round took 5.429499ms
Round took 4.674557ms
Round took 4.465582ms
Round took 5.488286ms
Round took 5.315832ms
Round took 5.521285ms
Round took 5.532518ms
Round took 4.273944ms
Round took 6.285701ms
Round took 6.121976ms
Round took 6.521857ms
Round took 5.253332ms
Round took 5.961059ms
Round took 5.009619ms
Round took 5.798052ms
Round took 4.576358ms
Round took 4.158501ms
Round took 4.965068ms
Round took 4.312847ms
Round took 5.286756ms
Round took 5.002234ms
Round took 5.021742ms
Round took 5.313724ms
Round took 5.260896ms
Round took 5.002482ms
Round took 4.711549ms
Round took 5.261866ms
Round took 5.205381ms
Round took 4.703394ms
Round took 4.548084ms
Round took 5.018224ms
Round took 5.830144ms
Round took 4.430769ms
Round took 4.934229ms
Round took 5.833743ms
Round took 4.922675ms
Round took 4.744739ms
Round took 4.947508ms
Round took 5.795029ms
Round took 4.265787ms
Round took 5.549154ms
Round took 4.608737ms
Round took 5.612405ms
Round took 4.66345ms
Round took 4.983678ms
Round took 5.092806ms
Round took 5.129814ms
Round took 4.991193ms
Round took 5.30099ms
Round took 5.376252ms
Round took 4.384495ms
Round took 4.581322ms
Round took 5.05701ms
Round took 5.961555ms
Round took 4.424266ms
Round took 5.01766ms
Round took 5.177866ms
Round took 4.977505ms
Round took 4.990078ms
Round took 5.041412ms
Round took 5.30661ms
Round took 6.325328ms
Round took 4.63078ms
Round took 4.681929ms
Round took 4.409216ms
Round took 5.05597ms
Round took 4.809654ms
Round took 5.188939ms
Round took 5.868649ms
Round took 4.652857ms
Round took 4.795617ms
Round took 4.735989ms
Round took 5.390311ms
Round took 4.947445ms
Round took 4.926189ms
Round took 5.253904ms
Round took 5.068885ms
Round took 5.402066ms
Round took 4.511181ms
Round took 5.639648ms
Round took 4.943331ms
Round took 5.350752ms
Round took 4.846432ms
Round took 4.934664ms
Round took 5.292813ms
Round took 4.885516ms
Round took 6.118679ms
Round took 4.455096ms
Round took 5.180874ms
Round took 5.161503ms
Round took 5.065365ms
Round took 5.279645ms
Round took 4.33271ms
Round took 6.103307ms
Round took 4.524226ms
Round took 4.600568ms
Round took 4.938015ms
Round took 5.835943ms
Round took 4.9242ms
Round took 4.41643ms
Round took 5.099177ms
Round took 5.478616ms
Round took 4.995353ms
Round took 5.096431ms
Round took 5.881751ms
Round took 4.437128ms
Round took 5.132193ms
Round took 4.713132ms
Round took 5.946749ms
Round took 5.258897ms
Round took 4.747529ms
Round took 4.737347ms
Round took 5.502678ms
Round took 4.529168ms
Round took 5.569109ms
Round took 5.398424ms
Round took 4.278246ms
Round took 5.058066ms
Round took 4.950486ms
Round took 5.425415ms
Round took 5.136409ms
Round took 4.378107ms
Round took 5.012782ms
Round took 5.317434ms
Round took 5.081134ms
Round took 4.899983ms
Round took 5.743853ms
Round took 4.687109ms
Round took 5.593617ms
Round took 4.328036ms
Round took 6.123379ms
Round took 4.997709ms
Round took 4.992488ms
Round took 4.785074ms
Round took 5.427498ms
Round took 4.416705ms
Round took 5.71844ms
Round took 4.58335ms
Round took 4.569919ms
Round took 5.968391ms
Round took 4.624706ms
Round took 6.012385ms
Round took 4.067131ms
Round took 5.39164ms
Round took 4.889432ms
Round took 5.408129ms
Round took 5.455048ms
Round took 4.675134ms
Round took 5.399673ms
Round took 3.722858ms
Round took 5.050105ms
Round took 4.67892ms
Round took 5.219127ms
Round took 5.099152ms
Round took 4.8468ms
Round took 5.270008ms
Round took 5.149563ms
Round took 4.975934ms
Round took 4.454195ms
Round took 4.921195ms
Round took 5.402902ms
Round took 4.993763ms
Round took 4.870979ms
Round took 4.87694ms
Round took 6.215811ms
Round took 5.262742ms
Round took 4.925652ms
Round took 5.753473ms
Round took 5.410734ms
Round took 4.570681ms
Round took 5.325457ms
Round took 4.697698ms
Round took 4.909594ms
Round took 4.950245ms
Round took 6.460476ms
Round took 5.90973ms
Round took 4.333075ms
Round took 4.174553ms
Round took 3.630872ms
Round took 5.172285ms
Round took 4.912766ms
Round took 5.972404ms
Round took 4.738875ms
Round took 5.742088ms
Round took 3.855959ms
Round took 6.599116ms
Round took 4.416071ms
Round took 4.912364ms
Round took 5.541511ms
Round took 4.58919ms
Round took 4.903147ms
Round took 5.147255ms
Round took 5.429267ms
Round took 4.66636ms
Round took 5.166862ms
Round took 5.969792ms
Round took 4.626941ms
Round took 4.62198ms
Round took 4.773643ms
Round took 5.615742ms
Round took 4.847214ms
Round took 4.965667ms
Round took 5.149534ms
Round took 6.390778ms
Round took 5.114706ms
Round took 5.347094ms
Round took 5.058652ms
Round took 5.222413ms
Round took 4.485392ms
Round took 3.802204ms
Round took 7.407626ms
Round took 6.814264ms
Round took 4.244705ms
Round took 5.524786ms
Round took 7.782559ms
Round took 3.973518ms
Round took 5.131513ms
Round took 4.642655ms
Round took 5.075736ms
Round took 3.52693ms
Round took 5.287283ms
Round took 5.96336ms
Round took 4.651152ms
Round took 4.99582ms
Round took 5.087359ms
Round took 5.098028ms
Round took 5.886225ms
Round took 6.016732ms
Round took 4.132046ms
Round took 5.28118ms
Round took 4.634592ms
Round took 5.391623ms
Round took 5.386125ms
Round took 4.309415ms
Round took 5.033869ms
Round took 5.385265ms
Round took 4.519167ms
Round took 5.167261ms
Round took 5.238748ms
Round took 5.78105ms
Round took 4.219651ms
Round took 5.335242ms
Round took 4.688291ms
Round took 5.279921ms
Round took 5.061026ms
Round took 4.691844ms
Round took 6.089206ms
Round took 4.602115ms
Round took 4.4908ms
Round took 4.482164ms
Round took 5.974236ms
Round took 4.329415ms
Round took 5.441959ms
Round took 4.957249ms
Round took 5.36295ms
Round took 5.176879ms
Round took 4.732399ms
Round took 6.747527ms
Round took 4.500544ms
Round took 5.260511ms
Round took 5.307317ms
Round took 4.674296ms
Round took 4.767489ms
Round took 4.750722ms
Round took 5.4578ms
Round took 5.31833ms
Round took 4.945955ms
Round took 4.753135ms
Round took 4.97282ms
Round took 5.683161ms
Round took 4.74658ms
Round took 6.069095ms
Round took 5.562192ms
Round took 4.131374ms
Round took 4.487329ms
Round took 5.44171ms
Round took 5.046958ms
Round took 4.705032ms
Round took 5.17731ms
Round took 6.460393ms
Round took 4.363889ms
Round took 5.129504ms
Round took 4.99632ms
Round took 4.929801ms
Round took 5.196453ms
Round took 4.802999ms
Round took 5.674917ms
Round took 4.638557ms
Round took 5.521456ms
Round took 5.130697ms
Round took 4.378731ms
Round took 5.112537ms
Round took 5.250347ms
Round took 5.888453ms
Round took 4.577359ms
Round took 5.031443ms
Round took 5.305703ms
Round took 4.670157ms
Round took 5.185789ms
Round took 5.208293ms
Round took 5.662442ms
Round took 3.553723ms
Round took 5.216697ms
Round took 5.047281ms
Round took 5.726192ms
Round took 5.747719ms
Round took 3.561499ms
Round took 4.862695ms
Round took 4.981218ms
Test took 5.137905419s
Successful: 10000
