Uniform distribution
2021/04/16 21:40:47 The leader is replica 0
Round took 5.320668ms
Round took 1.920296ms
Round took 6.619121ms
Round took 5.408088ms
Round took 6.724295ms
Round took 8.139609ms
Round took 6.533638ms
Round took 3.227791ms
Round took 4.744375ms
Round took 5.663724ms
Round took 5.294146ms
Round took 4.685309ms
Round took 4.85107ms
Round took 5.748184ms
Round took 4.602464ms
Round took 5.063783ms
Round took 5.521573ms
Round took 5.063128ms
Round took 4.246357ms
Round took 4.744308ms
Round took 5.896986ms
Round took 4.55747ms
Round took 4.865749ms
Round took 5.114388ms
Round took 5.01566ms
Round took 5.260366ms
Round took 4.541536ms
Round took 5.004787ms
Round took 5.474333ms
Round took 5.245965ms
Round took 4.636981ms
Round took 5.205503ms
Round took 5.977602ms
Round took 4.198852ms
Round took 5.090241ms
Round took 4.98223ms
Round took 6.148551ms
Round took 3.767782ms
Round took 5.067657ms
Round took 7.306993ms
Round took 3.803987ms
Round took 5.233241ms
Round took 6.335611ms
Round took 4.452127ms
Round took 3.978654ms
Round took 5.302857ms
Round took 5.604062ms
Round took 4.42958ms
Round took 5.236824ms
Round took 4.665035ms
Round took 6.245578ms
Round took 6.271453ms
Round took 6.365592ms
Round took 5.69436ms
Round took 6.587991ms
Round took 6.889996ms
Round took 8.863031ms
Round took 4.107135ms
Round took 4.006815ms
Round took 5.725615ms
Round took 4.812551ms
Round took 4.23153ms
Round took 4.681465ms
Round took 5.556956ms
Round took 4.04105ms
Round took 5.518992ms
Round took 5.199108ms
Round took 5.76798ms
Round took 5.559879ms
Round took 5.63673ms
Round took 4.75177ms
Round took 4.832371ms
Round took 4.99231ms
Round took 5.375655ms
Round took 4.987129ms
Round took 5.743633ms
Round took 5.174317ms
Round took 4.455711ms
Round took 4.409929ms
Round took 5.373728ms
Round took 4.940932ms
Round took 5.513721ms
Round took 5.627797ms
Round took 4.355521ms
Round took 6.042033ms
Round took 4.193284ms
Round took 5.374733ms
Round took 4.209481ms
Round took 5.489572ms
Round took 6.432761ms
Round took 7.238103ms
Round took 7.69116ms
Round took 7.238464ms
Round took 4.204071ms
Round took 6.063007ms
Round took 6.139982ms
Round took 6.527301ms
Round took 4.22393ms
Round took 5.679314ms
Round took 5.046565ms
Round took 5.227932ms
Round took 4.943953ms
Round took 5.274707ms
Round took 6.73684ms
Round took 4.739091ms
Round took 5.431063ms
Round took 4.188665ms
Round took 3.649458ms
Round took 5.995238ms
Round took 5.194988ms
Round took 5.494852ms
Round took 4.979911ms
Round took 4.692422ms
Round took 5.125546ms
Round took 5.378785ms
Round took 4.710337ms
Round took 5.17972ms
Round took 4.876098ms
Round took 7.314365ms
Round took 4.732945ms
Round took 4.167821ms
Round took 5.463442ms
Round took 5.015464ms
Round took 4.779166ms
Round took 5.43933ms
Round took 5.043616ms
Round took 4.778306ms
Round took 4.844136ms
Round took 5.213393ms
Round took 5.983506ms
Round took 5.293197ms
Round took 4.939804ms
Round took 4.924554ms
Round took 5.002769ms
Round took 4.861774ms
Round took 7.026113ms
Round took 6.740037ms
Round took 4.682042ms
Round took 4.812001ms
Round took 5.693592ms
Round took 5.308357ms
Round took 5.443761ms
Round took 4.735757ms
Round took 4.896467ms
Round took 5.066847ms
Round took 4.989855ms
Round took 6.163235ms
Round took 4.998729ms
Round took 5.115562ms
Round took 5.613764ms
Round took 4.543137ms
Round took 4.9644ms
Round took 4.767311ms
Round took 5.855779ms
Round took 4.894754ms
Round took 4.880047ms
Round took 5.946614ms
Round took 5.139685ms
Round took 4.512988ms
Round took 4.366303ms
Round took 5.243032ms
Round took 5.791388ms
Round took 4.965515ms
Round took 6.52003ms
Round took 3.773251ms
Round took 5.09ms
Round took 5.037907ms
Round took 5.649023ms
Round took 4.867884ms
Round took 5.032551ms
Round took 5.388558ms
Round took 5.117348ms
Round took 5.224584ms
Round took 4.45333ms
Round took 6.165329ms
Round took 4.357809ms
Round took 4.923247ms
Round took 7.242028ms
Round took 5.200787ms
Round took 5.460524ms
Round took 5.185482ms
Round took 4.723674ms
Round took 6.023377ms
Round took 4.407939ms
Round took 4.541912ms
Round took 5.399987ms
Round took 5.140302ms
Round took 4.767432ms
Round took 5.308809ms
Round took 5.701487ms
Round took 4.204627ms
Round took 4.955149ms
Round took 4.836725ms
Round took 5.855302ms
Round took 5.448093ms
Round took 6.867251ms
Round took 5.563346ms
Round took 5.050587ms
Round took 4.717117ms
Round took 3.483081ms
Round took 4.099211ms
Round took 5.947519ms
Round took 5.526876ms
Round took 5.656187ms
Round took 4.701428ms
Round took 4.137061ms
Round took 5.489064ms
Round took 4.511311ms
Round took 5.62262ms
Round took 4.761924ms
Round took 4.640923ms
Round took 5.227477ms
Round took 5.66574ms
Round took 5.375326ms
Round took 4.367654ms
Round took 5.483898ms
Round took 4.957232ms
Round took 5.108671ms
Round took 5.479268ms
Round took 5.158795ms
Round took 5.222795ms
Round took 4.433208ms
Round took 5.116954ms
Round took 5.593773ms
Round took 4.562835ms
Round took 5.5411ms
Round took 5.790432ms
Round took 4.377237ms
Round took 5.604316ms
Round took 5.110931ms
Round took 4.63081ms
Round took 4.994298ms
Round took 4.580366ms
Round took 5.472096ms
Round took 5.586451ms
Round took 4.32399ms
Round took 5.048732ms
Round took 4.983987ms
Round took 5.535628ms
Round took 4.539292ms
Round took 5.817221ms
Round took 4.993081ms
Round took 5.284874ms
Round took 5.059082ms
Round took 4.999311ms
Round took 5.286934ms
Round took 5.362842ms
Round took 5.125689ms
Round took 4.784777ms
Round took 5.132246ms
Round took 5.461991ms
Round took 4.79186ms
Round took 5.114762ms
Round took 6.356254ms
Round took 5.864364ms
Round took 5.193628ms
Round took 4.859976ms
Round took 5.195729ms
Round took 4.786035ms
Round took 5.302384ms
Round took 4.882368ms
Round took 5.013229ms
Round took 5.679401ms
Round took 5.426164ms
Round took 4.716594ms
Round took 5.143598ms
Round took 6.998449ms
Round took 4.128775ms
Round took 4.586612ms
Round took 5.803144ms
Round took 5.292048ms
Round took 4.959402ms
Round took 4.849396ms
Round took 5.596408ms
Round took 4.98982ms
Round took 4.844215ms
Round took 5.749999ms
Round took 4.887537ms
Round took 4.450856ms
Round took 5.625846ms
Round took 4.793418ms
Round took 5.095041ms
Round took 5.058311ms
Round took 5.041725ms
Round took 6.195052ms
Round took 4.176576ms
Round took 5.641124ms
Round took 4.598131ms
Round took 5.273092ms
Round took 4.816768ms
Round took 5.046033ms
Round took 5.658327ms
Round took 4.59479ms
Round took 5.802756ms
Round took 3.827869ms
Round took 5.272066ms
Round took 4.410671ms
Round took 5.118005ms
Round took 6.016238ms
Round took 4.045461ms
Round took 5.283303ms
Round took 5.041864ms
Round took 5.259432ms
Round took 4.557289ms
Round took 5.470094ms
Round took 5.383736ms
Round took 4.531666ms
Round took 6.225979ms
Round took 6.436557ms
Round took 4.825433ms
Round took 4.013151ms
Round took 4.106293ms
Round took 4.913265ms
Round took 5.605327ms
Round took 4.778693ms
Round took 5.307559ms
Round took 4.86002ms
Round took 5.608169ms
Round took 4.466372ms
Round took 4.985582ms
Round took 6.021516ms
Round took 4.706111ms
Round took 4.967623ms
Round took 5.347481ms
Round took 5.363653ms
Round took 4.844848ms
Round took 7.039899ms
Round took 4.636907ms
Round took 4.1919ms
Round took 4.505686ms
Round took 5.025427ms
Round took 5.685529ms
Round took 4.635924ms
Round took 4.929174ms
Round took 5.385996ms
Round took 4.872239ms
Round took 4.688413ms
Round took 5.455372ms
Round took 5.706798ms
Round took 4.610112ms
Round took 5.854891ms
Round took 4.029756ms
Round took 5.087476ms
Round took 4.83377ms
Round took 5.152194ms
Round took 6.130273ms
Round took 4.233343ms
Round took 5.158026ms
Round took 5.937451ms
Round took 4.820074ms
Round took 4.723085ms
Round took 4.987843ms
Round took 6.249229ms
Round took 6.323514ms
Round took 4.971762ms
Round took 5.396142ms
Round took 4.848987ms
Round took 5.680912ms
Round took 5.070919ms
Round took 4.766057ms
Round took 5.180146ms
Round took 5.693399ms
Round took 5.135228ms
Round took 5.370685ms
Round took 5.101213ms
Round took 5.243012ms
Round took 4.611818ms
Round took 7.193056ms
Round took 3.925949ms
Round took 6.963722ms
Round took 6.359634ms
Round took 5.851776ms
Round took 4.239702ms
Round took 4.997864ms
Round took 5.065235ms
Round took 5.437035ms
Round took 4.808384ms
Round took 5.108718ms
Round took 5.261172ms
Round took 5.285862ms
Round took 4.723754ms
Round took 6.235279ms
Round took 3.980395ms
Round took 4.911122ms
Round took 4.976377ms
Round took 5.853321ms
Round took 4.846014ms
Round took 5.351294ms
Round took 4.925242ms
Round took 4.831526ms
Round took 5.256903ms
Round took 4.984161ms
Round took 6.594587ms
Round took 5.351075ms
Round took 4.538889ms
Round took 5.531701ms
Round took 4.895427ms
Round took 5.726057ms
Round took 4.630811ms
Round took 5.434225ms
Round took 4.486812ms
Round took 5.003165ms
Round took 5.890651ms
Round took 4.621847ms
Round took 5.830457ms
Round took 3.680786ms
Round took 5.924059ms
Round took 5.190869ms
Round took 5.318605ms
Round took 5.048641ms
Round took 4.833168ms
Round took 5.058112ms
Round took 5.024964ms
Round took 5.849853ms
Round took 4.353262ms
Round took 5.251109ms
Round took 5.506508ms
Round took 4.46738ms
Round took 4.91504ms
Round took 6.397808ms
Round took 5.973171ms
Round took 4.791288ms
Round took 5.777068ms
Round took 4.450531ms
Round took 5.124174ms
Round took 5.489555ms
Round took 4.589548ms
Round took 5.19518ms
Round took 5.082565ms
Round took 5.500104ms
Round took 4.431186ms
Round took 5.240285ms
Round took 5.584191ms
Round took 4.619938ms
Round took 5.099074ms
Round took 4.740054ms
Round took 6.308569ms
Round took 5.064125ms
Round took 4.995409ms
Round took 5.702513ms
Round took 4.446353ms
Round took 5.134748ms
Round took 4.665586ms
Round took 5.222357ms
Round took 5.434279ms
Round took 5.49108ms
Round took 5.480587ms
Round took 4.374953ms
Round took 5.050584ms
Round took 5.249055ms
Round took 5.727232ms
Round took 5.219726ms
Round took 4.971816ms
Round took 7.141602ms
Round took 5.504462ms
Round took 4.762645ms
Round took 3.574171ms
Round took 18.570184ms
Round took 5.956664ms
Round took 4.477484ms
Round took 4.850775ms
Round took 6.00863ms
Round took 6.853778ms
Round took 4.24867ms
Round took 5.347271ms
Round took 3.484494ms
Round took 5.000802ms
Round took 6.665325ms
Round took 5.639852ms
Round took 5.699906ms
Round took 3.407639ms
Round took 6.538941ms
Round took 5.504353ms
Round took 4.656695ms
Round took 5.135207ms
Round took 4.92901ms
Round took 5.645317ms
Round took 4.791952ms
Round took 5.07365ms
Round took 4.952059ms
Round took 5.061931ms
Round took 5.229022ms
Round took 4.955017ms
Round took 5.00066ms
Round took 5.027466ms
Round took 5.664548ms
Round took 4.781334ms
Round took 5.827992ms
Round took 4.877696ms
Round took 5.077534ms
Round took 4.997962ms
Round took 5.108066ms
Round took 5.265986ms
Round took 4.577071ms
Round took 5.679498ms
Round took 4.506802ms
Round took 4.701845ms
Round took 5.493844ms
Round took 5.774903ms
Round took 4.830048ms
Round took 4.509802ms
Round took 6.308428ms
Round took 5.160297ms
Round took 4.311088ms
Round took 4.547814ms
Round took 5.258622ms
Round took 4.986831ms
Round took 4.938767ms
Round took 5.491535ms
Round took 4.81001ms
Round took 4.648151ms
Round took 4.5563ms
Round took 5.133245ms
Round took 5.155381ms
Round took 5.197664ms
Round took 5.046358ms
Round took 5.550975ms
Round took 4.825194ms
Round took 4.722809ms
Round took 5.174052ms
Round took 5.504406ms
Round took 4.906759ms
Round took 5.074723ms
Round took 4.764962ms
Round took 4.93617ms
Round took 5.224015ms
Round took 4.935185ms
Round took 5.52843ms
Round took 5.934703ms
Round took 4.653094ms
Round took 4.877203ms
Round took 5.438088ms
Round took 5.901357ms
Round took 4.542739ms
Round took 5.494098ms
Round took 4.88553ms
Round took 5.064572ms
Round took 4.44755ms
Round took 6.557072ms
Round took 3.805497ms
Round took 5.335944ms
Round took 4.974931ms
Round took 5.64859ms
Round took 5.014962ms
Round took 5.68036ms
Round took 4.906591ms
Round took 5.110104ms
Round took 4.816086ms
Round took 5.669928ms
Round took 4.856656ms
Round took 4.613548ms
Round took 5.945552ms
Round took 4.794685ms
Round took 4.90613ms
Round took 4.985561ms
Round took 4.892565ms
Round took 4.752006ms
Round took 5.403803ms
Round took 5.098761ms
Round took 5.244259ms
Round took 4.818186ms
Round took 4.758775ms
Round took 5.910561ms
Round took 4.067004ms
Round took 5.442152ms
Round took 4.966351ms
Round took 5.061655ms
Round took 5.980709ms
Round took 3.916032ms
Round took 4.92476ms
Round took 4.379542ms
Round took 6.075646ms
Round took 4.47233ms
Round took 4.729694ms
Round took 5.747834ms
Round took 4.35224ms
Round took 5.93589ms
Round took 4.833912ms
Round took 6.093273ms
Round took 5.221791ms
Round took 4.444054ms
Round took 4.977529ms
Round took 5.048956ms
Round took 4.636413ms
Round took 4.971581ms
Round took 7.673327ms
Round took 5.00834ms
Round took 5.053596ms
Round took 4.823567ms
Round took 5.804947ms
Round took 4.777668ms
Round took 4.919495ms
Round took 5.318234ms
Round took 4.739821ms
Round took 6.167187ms
Round took 4.49752ms
Round took 5.569063ms
Round took 4.597777ms
Round took 5.466268ms
Round took 4.539791ms
Round took 5.581753ms
Round took 4.814564ms
Round took 5.328638ms
Round took 4.838676ms
Round took 6.775693ms
Round took 4.933417ms
Round took 5.140361ms
Round took 5.02786ms
Round took 5.147725ms
Round took 4.787478ms
Round took 6.188645ms
Round took 4.579648ms
Round took 4.778526ms
Round took 5.606063ms
Round took 4.088899ms
Round took 5.736253ms
Round took 5.252046ms
Round took 5.656339ms
Round took 4.920623ms
Round took 4.505022ms
Round took 5.606324ms
Round took 4.540071ms
Round took 4.554372ms
Round took 5.435853ms
Round took 5.591636ms
Round took 4.901881ms
Round took 5.457238ms
Round took 4.473698ms
Round took 6.623327ms
Round took 6.03918ms
Round took 5.002585ms
Round took 5.008938ms
Round took 5.031324ms
Round took 5.270881ms
Round took 5.319468ms
Round took 4.474908ms
Round took 5.207624ms
Round took 5.553592ms
Round took 4.397402ms
Round took 5.35328ms
Round took 5.515198ms
Round took 4.678896ms
Round took 5.108694ms
Round took 4.96499ms
Round took 5.060376ms
Round took 5.364986ms
Round took 4.714354ms
Round took 6.750948ms
Round took 3.800735ms
Round took 5.228145ms
Round took 5.307128ms
Round took 5.203074ms
Round took 5.157975ms
Round took 4.835383ms
Round took 5.225538ms
Round took 4.761902ms
Round took 4.887995ms
Round took 5.309919ms
Round took 5.40349ms
Round took 5.538746ms
Round took 4.186427ms
Round took 4.985601ms
Round took 5.965877ms
Round took 4.247261ms
Round took 5.58199ms
Round took 4.727067ms
Round took 5.594384ms
Round took 5.239999ms
Round took 4.990454ms
Round took 5.857388ms
Round took 4.100354ms
Round took 5.267374ms
Round took 5.128955ms
Round took 5.413334ms
Round took 4.598492ms
Round took 5.225852ms
Round took 6.041777ms
Round took 4.582221ms
Round took 4.962116ms
Round took 5.488061ms
Round took 4.88606ms
Round took 5.021872ms
Round took 5.503234ms
Round took 5.323573ms
Round took 5.216103ms
Round took 4.56315ms
Round took 5.434524ms
Round took 4.850799ms
Round took 4.573365ms
Round took 5.30024ms
Round took 5.077609ms
Round took 5.394691ms
Round took 4.648615ms
Round took 5.027576ms
Round took 5.589618ms
Round took 5.400092ms
Round took 4.592972ms
Round took 5.999922ms
Round took 3.66548ms
Round took 4.78879ms
Round took 4.825528ms
Round took 5.590096ms
Round took 5.924906ms
Round took 4.157443ms
Round took 5.022894ms
Round took 4.832575ms
Round took 6.104504ms
Round took 4.642016ms
Round took 5.444854ms
Round took 5.611996ms
Round took 4.605653ms
Round took 4.733501ms
Round took 5.035213ms
Round took 5.096228ms
Round took 4.663144ms
Round took 5.052164ms
Round took 5.81281ms
Round took 5.11522ms
Round took 4.284577ms
Round took 6.69967ms
Round took 7.045649ms
Round took 5.40691ms
Round took 4.220734ms
Round took 5.170197ms
Round took 6.192783ms
Round took 4.387912ms
Round took 4.955157ms
Round took 5.490993ms
Round took 4.775054ms
Round took 5.369292ms
Round took 4.719158ms
Round took 5.4094ms
Round took 4.965945ms
Round took 5.070027ms
Round took 6.093558ms
Round took 4.031992ms
Round took 5.129199ms
Round took 4.970175ms
Round took 4.778102ms
Round took 5.586671ms
Round took 4.918089ms
Round took 5.531298ms
Round took 5.519291ms
Round took 4.281586ms
Round took 4.830979ms
Round took 5.612225ms
Round took 4.673341ms
Round took 4.630614ms
Round took 5.252228ms
Round took 5.733014ms
Round took 5.093733ms
Round took 5.655498ms
Round took 4.747417ms
Round took 4.501258ms
Round took 5.021017ms
Round took 4.354565ms
Round took 5.239073ms
Round took 5.455923ms
Round took 5.073512ms
Round took 5.397423ms
Round took 5.306637ms
Round took 4.97196ms
Round took 4.650453ms
Round took 5.833454ms
Round took 4.565407ms
Round took 5.006054ms
Round took 4.704366ms
Round took 5.694496ms
Round took 5.14462ms
Round took 4.486095ms
Round took 4.887334ms
Round took 5.598693ms
Round took 5.260654ms
Round took 4.383439ms
Round took 5.341186ms
Round took 5.575588ms
Round took 4.305392ms
Round took 5.49505ms
Round took 4.609672ms
Round took 5.358073ms
Round took 4.759324ms
Round took 4.936988ms
Round took 5.283467ms
Round took 5.079791ms
Round took 5.037025ms
Round took 5.573552ms
Round took 5.093991ms
Round took 5.082697ms
Round took 4.77611ms
Round took 5.097044ms
Round took 6.067179ms
Round took 4.406509ms
Round took 5.381223ms
Round took 5.475212ms
Round took 4.321858ms
Round took 5.126592ms
Round took 4.814929ms
Round took 7.301581ms
Round took 4.860594ms
Round took 4.913208ms
Round took 4.322584ms
Round took 3.825555ms
Round took 5.230734ms
Round took 4.80531ms
Round took 6.448621ms
Round took 4.927728ms
Round took 5.230059ms
Round took 5.219024ms
Round took 3.720828ms
Round took 5.526395ms
Round took 5.367455ms
Round took 5.1661ms
Round took 5.248125ms
Round took 4.546763ms
Round took 6.110302ms
Round took 3.814854ms
Round took 5.39374ms
Round took 4.956296ms
Round took 5.419965ms
Round took 5.491523ms
Round took 4.225377ms
Round took 5.825427ms
Round took 7.146503ms
Round took 4.865046ms
Round took 5.195961ms
Round took 5.182259ms
Round took 5.161554ms
Round took 5.319435ms
Round took 4.361374ms
Round took 6.105638ms
Round took 5.066004ms
Round took 4.840579ms
Round took 4.93997ms
Round took 5.67229ms
Round took 5.229044ms
Round took 4.426761ms
Round took 5.380887ms
Round took 5.156131ms
Round took 4.953115ms
Round took 5.248269ms
Round took 5.468995ms
Round took 4.672425ms
Round took 5.113058ms
Round took 4.71432ms
Round took 5.862413ms
Round took 5.322294ms
Round took 4.767575ms
Round took 4.647463ms
Round took 5.377889ms
Round took 4.660572ms
Round took 6.869797ms
Round took 4.424983ms
Round took 4.350579ms
Round took 5.25084ms
Round took 5.15941ms
Round took 5.714733ms
Round took 4.755438ms
Round took 4.90934ms
Round took 6.357042ms
Round took 3.929066ms
Round took 5.14857ms
Round took 5.105537ms
Round took 5.082555ms
Round took 4.813188ms
Round took 6.066638ms
Round took 4.665982ms
Round took 5.204506ms
Round took 5.013033ms
Round took 5.9014ms
Round took 4.140908ms
Round took 5.861217ms
Round took 4.648333ms
Round took 5.397575ms
Round took 5.830987ms
Round took 6.430992ms
Round took 4.735667ms
Round took 5.851374ms
Round took 4.104602ms
Round took 5.365004ms
Round took 4.931376ms
Round took 5.561443ms
Round took 5.172693ms
Round took 4.535673ms
Round took 5.074041ms
Round took 5.278086ms
Round took 4.911675ms
Round took 4.805666ms
Round took 5.160254ms
Round took 5.082413ms
Round took 4.907913ms
Round took 5.312307ms
Round took 5.078077ms
Round took 5.988294ms
Round took 4.65248ms
Round took 4.881029ms
Round took 5.558302ms
Round took 4.960044ms
Round took 4.888926ms
Round took 5.038608ms
Round took 5.592521ms
Round took 4.881737ms
Round took 4.927182ms
Round took 5.732902ms
Round took 5.415247ms
Round took 4.618795ms
Round took 5.346968ms
Round took 5.052825ms
Round took 5.24312ms
Round took 5.230107ms
Round took 6.604233ms
Round took 5.616939ms
Round took 4.490854ms
Round took 4.583105ms
Round took 3.647307ms
Round took 5.206525ms
Round took 5.318139ms
Round took 6.089583ms
Round took 4.959494ms
Round took 6.972196ms
Round took 8.536556ms
Round took 4.28671ms
Round took 4.919629ms
Round took 5.515914ms
Round took 4.56305ms
Round took 4.854412ms
Round took 5.256323ms
Round took 5.411913ms
Round took 4.61467ms
Round took 5.193375ms
Round took 6.073061ms
Round took 4.614248ms
Round took 4.588851ms
Round took 4.677404ms
Round took 5.931951ms
Round took 4.620463ms
Round took 4.998364ms
Round took 5.622017ms
Round took 6.41782ms
Round took 4.578768ms
Round took 5.462831ms
Round took 5.096699ms
Round took 5.180967ms
Round took 4.645708ms
Round took 3.512504ms
Round took 5.760924ms
Round took 4.378974ms
Round took 5.722089ms
Round took 4.873075ms
Round took 7.399265ms
Round took 5.7995ms
Round took 4.615955ms
Round took 4.573002ms
Round took 4.755974ms
Round took 4.245424ms
Round took 3.573926ms
Round took 5.852637ms
Round took 5.230926ms
Round took 4.724016ms
Round took 5.156218ms
Round took 6.500729ms
Round took 6.629359ms
Round took 5.368952ms
Round took 4.715116ms
Round took 5.673393ms
Round took 4.476929ms
Round took 5.017231ms
Round took 5.586878ms
Round took 4.968981ms
Round took 5.029352ms
Round took 4.886454ms
Round took 4.923596ms
Round took 5.182883ms
Round took 5.135179ms
Round took 5.764087ms
Round took 4.370201ms
Round took 5.314981ms
Round took 4.757847ms
Round took 5.177357ms
Round took 5.097494ms
Round took 4.740087ms
Round took 5.138267ms
Round took 6.826239ms
Round took 4.185696ms
Round took 4.381905ms
Round took 6.228651ms
Round took 4.253816ms
Round took 5.309402ms
Round took 4.925663ms
Round took 5.538893ms
Round took 5.095971ms
Round took 4.707072ms
Round took 5.354588ms
Round took 4.897999ms
Round took 5.116919ms
Round took 5.070027ms
Round took 4.982372ms
Round took 5.879761ms
Round took 5.767118ms
Round took 5.735155ms
Round took 4.489485ms
Test took 5.20049423s
Successful: 10000
