Uniform distribution
2021/04/16 21:40:47 The leader is replica 0
Round took 6.831948ms
Round took 6.367161ms
Round took 6.53933ms
Round took 6.966135ms
Round took 9.645176ms
Round took 3.968636ms
Round took 3.956906ms
Round took 5.913157ms
Round took 5.11901ms
Round took 4.6206ms
Round took 4.800649ms
Round took 5.538447ms
Round took 3.896669ms
Round took 4.724451ms
Round took 5.001349ms
Round took 5.209969ms
Round took 5.593554ms
Round took 5.017171ms
Round took 4.914062ms
Round took 5.369672ms
Round took 4.965275ms
Round took 4.504972ms
Round took 5.214165ms
Round took 5.869942ms
Round took 4.651016ms
Round took 4.529294ms
Round took 4.974035ms
Round took 5.372279ms
Round took 4.880585ms
Round took 5.048441ms
Round took 5.71533ms
Round took 4.28671ms
Round took 5.248581ms
Round took 4.807732ms
Round took 5.438998ms
Round took 5.190575ms
Round took 4.888628ms
Round took 6.068235ms
Round took 6.263948ms
Round took 7.859298ms
Round took 7.24374ms
Round took 4.653353ms
Round took 4.027342ms
Round took 6.713264ms
Round took 5.176532ms
Round took 6.508242ms
Round took 4.217633ms
Round took 5.688187ms
Round took 5.289393ms
Round took 4.740927ms
Round took 4.540378ms
Round took 5.921322ms
Round took 6.15369ms
Round took 4.791384ms
Round took 5.807572ms
Round took 3.922544ms
Round took 3.50351ms
Round took 5.713826ms
Round took 5.206714ms
Round took 5.555369ms
Round took 5.059872ms
Round took 4.722045ms
Round took 5.173972ms
Round took 5.447006ms
Round took 4.519827ms
Round took 5.215874ms
Round took 5.573774ms
Round took 6.566422ms
Round took 5.268576ms
Round took 4.130142ms
Round took 5.031983ms
Round took 5.175629ms
Round took 4.742667ms
Round took 5.449436ms
Round took 5.081198ms
Round took 4.770055ms
Round took 4.743894ms
Round took 5.297197ms
Round took 4.912984ms
Round took 4.475219ms
Round took 4.604585ms
Round took 5.432672ms
Round took 4.835596ms
Round took 4.669068ms
Round took 5.505809ms
Round took 5.287778ms
Round took 5.179107ms
Round took 4.643514ms
Round took 4.886124ms
Round took 5.661808ms
Round took 5.081031ms
Round took 5.489498ms
Round took 4.799456ms
Round took 4.879148ms
Round took 4.998205ms
Round took 5.001122ms
Round took 5.727167ms
Round took 5.014797ms
Round took 5.115699ms
Round took 5.593149ms
Round took 4.552944ms
Round took 4.99182ms
Round took 4.785199ms
Round took 5.41016ms
Round took 4.906875ms
Round took 4.782265ms
Round took 5.767712ms
Round took 5.096173ms
Round took 3.960282ms
Round took 4.326703ms
Round took 5.165344ms
Round took 5.850295ms
Round took 5.010042ms
Round took 4.996935ms
Round took 5.008332ms
Round took 5.145317ms
Round took 4.968764ms
Round took 5.052701ms
Round took 5.295811ms
Round took 4.589879ms
Round took 4.55845ms
Round took 5.309301ms
Round took 5.61493ms
Round took 4.508098ms
Round took 5.027805ms
Round took 4.922906ms
Round took 5.392809ms
Round took 5.328927ms
Round took 4.533486ms
Round took 5.384459ms
Round took 5.528247ms
Round took 5.16509ms
Round took 4.701563ms
Round took 6.006728ms
Round took 4.313682ms
Round took 4.520641ms
Round took 5.352224ms
Round took 5.15812ms
Round took 4.717196ms
Round took 4.899137ms
Round took 5.105454ms
Round took 5.278688ms
Round took 5.063823ms
Round took 4.787725ms
Round took 5.828126ms
Round took 5.099523ms
Round took 5.862184ms
Round took 5.713901ms
Round took 5.029612ms
Round took 4.845159ms
Round took 3.816727ms
Round took 4.102906ms
Round took 5.886265ms
Round took 5.582938ms
Round took 5.618448ms
Round took 4.71504ms
Round took 4.010853ms
Round took 5.329208ms
Round took 4.521536ms
Round took 5.394588ms
Round took 5.120454ms
Round took 4.617417ms
Round took 5.205812ms
Round took 5.057891ms
Round took 5.498979ms
Round took 4.434813ms
Round took 5.01978ms
Round took 5.106109ms
Round took 5.106677ms
Round took 5.070714ms
Round took 5.625635ms
Round took 5.248718ms
Round took 4.348711ms
Round took 5.128093ms
Round took 5.602288ms
Round took 4.467501ms
Round took 5.502027ms
Round took 4.681486ms
Round took 5.225234ms
Round took 5.080404ms
Round took 5.319881ms
Round took 5.362269ms
Round took 5.058005ms
Round took 4.62358ms
Round took 5.210552ms
Round took 6.007974ms
Round took 4.334001ms
Round took 4.73499ms
Round took 6.369ms
Round took 5.17954ms
Round took 4.744545ms
Round took 5.774242ms
Round took 5.034844ms
Round took 5.285061ms
Round took 6.385436ms
Round took 6.595193ms
Round took 4.847002ms
Round took 4.913743ms
Round took 5.141025ms
Round took 5.197683ms
Round took 4.924215ms
Round took 5.320938ms
Round took 5.500963ms
Round took 5.156072ms
Round took 4.731645ms
Round took 5.82696ms
Round took 4.871424ms
Round took 4.56813ms
Round took 5.564637ms
Round took 4.596134ms
Round took 5.406682ms
Round took 4.683671ms
Round took 4.952531ms
Round took 5.675884ms
Round took 5.459338ms
Round took 4.719021ms
Round took 5.780182ms
Round took 5.032713ms
Round took 4.475499ms
Round took 4.574059ms
Round took 5.652267ms
Round took 5.187732ms
Round took 4.990361ms
Round took 4.634442ms
Round took 5.640122ms
Round took 4.994988ms
Round took 4.800237ms
Round took 5.266624ms
Round took 5.387787ms
Round took 4.46434ms
Round took 5.283649ms
Round took 5.483736ms
Round took 4.974771ms
Round took 4.617321ms
Round took 4.798524ms
Round took 6.367602ms
Round took 4.152702ms
Round took 5.23176ms
Round took 5.005296ms
Round took 5.225933ms
Round took 4.877859ms
Round took 4.925583ms
Round took 6.040814ms
Round took 4.555431ms
Round took 5.12094ms
Round took 4.720084ms
Round took 5.490549ms
Round took 4.648432ms
Round took 5.116664ms
Round took 5.678739ms
Round took 4.446267ms
Round took 5.267174ms
Round took 5.025207ms
Round took 5.2755ms
Round took 4.591206ms
Round took 5.425356ms
Round took 4.826377ms
Round took 4.988285ms
Round took 6.254152ms
Round took 6.367773ms
Round took 4.824079ms
Round took 3.841509ms
Round took 4.154241ms
Round took 4.846639ms
Round took 5.692804ms
Round took 4.734546ms
Round took 4.73623ms
Round took 5.119482ms
Round took 5.606763ms
Round took 4.520426ms
Round took 4.963512ms
Round took 5.100239ms
Round took 5.357288ms
Round took 4.85855ms
Round took 5.33856ms
Round took 5.270726ms
Round took 4.854444ms
Round took 5.631722ms
Round took 5.807825ms
Round took 4.117643ms
Round took 4.578048ms
Round took 5.003842ms
Round took 4.996274ms
Round took 5.464959ms
Round took 4.973384ms
Round took 5.159153ms
Round took 5.25033ms
Round took 4.70217ms
Round took 5.235366ms
Round took 5.163901ms
Round took 5.13058ms
Round took 5.313251ms
Round took 4.626166ms
Round took 5.33037ms
Round took 4.88588ms
Round took 5.039509ms
Round took 5.500749ms
Round took 5.376501ms
Round took 4.465415ms
Round took 4.647563ms
Round took 4.752941ms
Round took 5.698464ms
Round took 4.839219ms
Round took 4.698585ms
Round took 5.116964ms
Round took 5.496764ms
Round took 5.038279ms
Round took 5.496766ms
Round took 5.218864ms
Round took 5.088713ms
Round took 5.217277ms
Round took 5.01454ms
Round took 4.852136ms
Round took 5.682431ms
Round took 5.723646ms
Round took 5.073798ms
Round took 4.857538ms
Round took 5.177114ms
Round took 5.266824ms
Round took 4.880984ms
Round took 4.34733ms
Round took 6.14577ms
Round took 4.72128ms
Round took 5.629742ms
Round took 4.365156ms
Round took 5.885876ms
Round took 4.750514ms
Round took 4.767629ms
Round took 6.17385ms
Round took 4.207028ms
Round took 4.300672ms
Round took 5.028964ms
Round took 6.161559ms
Round took 4.291823ms
Round took 5.525478ms
Round took 4.455036ms
Round took 5.275801ms
Round took 4.831465ms
Round took 5.46428ms
Round took 5.075174ms
Round took 5.343589ms
Round took 4.815051ms
Round took 4.922302ms
Round took 5.639723ms
Round took 4.678468ms
Round took 4.677246ms
Round took 4.782291ms
Round took 4.608369ms
Round took 5.718828ms
Round took 4.6385ms
Round took 5.249111ms
Round took 5.939229ms
Round took 5.842443ms
Round took 4.482248ms
Round took 5.020776ms
Round took 5.915698ms
Round took 4.60324ms
Round took 5.818616ms
Round took 3.559302ms
Round took 5.84754ms
Round took 5.193052ms
Round took 5.27512ms
Round took 5.018472ms
Round took 4.738712ms
Round took 5.054781ms
Round took 5.069011ms
Round took 5.46602ms
Round took 3.964731ms
Round took 4.949815ms
Round took 5.725637ms
Round took 4.463493ms
Round took 5.032172ms
Round took 5.223148ms
Round took 5.287719ms
Round took 5.714495ms
Round took 4.178348ms
Round took 6.11715ms
Round took 3.986174ms
Round took 4.781525ms
Round took 5.503339ms
Round took 6.044513ms
Round took 4.999168ms
Round took 4.698826ms
Round took 5.789521ms
Round took 3.726885ms
Round took 5.549797ms
Round took 4.960627ms
Round took 5.633322ms
Round took 5.250011ms
Round took 6.284804ms
Round took 5.074292ms
Round took 5.073393ms
Round took 5.416381ms
Round took 4.779608ms
Round took 5.02208ms
Round took 4.861009ms
Round took 5.261934ms
Round took 5.38592ms
Round took 4.754302ms
Round took 6.291967ms
Round took 4.357541ms
Round took 5.144586ms
Round took 4.729714ms
Round took 5.799239ms
Round took 5.235652ms
Round took 5.003257ms
Round took 6.70014ms
Round took 5.32018ms
Round took 5.567293ms
Round took 3.750807ms
Round took 18.517281ms
Round took 4.612879ms
Round took 5.124776ms
Round took 4.943498ms
Round took 5.365309ms
Round took 5.915135ms
Round took 5.150544ms
Round took 4.952281ms
Round took 4.437276ms
Round took 5.010001ms
Round took 5.28579ms
Round took 5.727642ms
Round took 5.38164ms
Round took 4.924527ms
Round took 3.377456ms
Round took 5.750205ms
Round took 5.476355ms
Round took 4.974048ms
Round took 4.88393ms
Round took 4.881011ms
Round took 5.543273ms
Round took 4.81687ms
Round took 5.013562ms
Round took 4.995847ms
Round took 4.975833ms
Round took 5.341504ms
Round took 4.906011ms
Round took 5.036648ms
Round took 4.99317ms
Round took 4.957778ms
Round took 4.820836ms
Round took 5.550906ms
Round took 4.826445ms
Round took 5.192885ms
Round took 4.870819ms
Round took 5.184975ms
Round took 5.22502ms
Round took 4.688761ms
Round took 5.612732ms
Round took 4.551973ms
Round took 4.604907ms
Round took 5.478186ms
Round took 5.077235ms
Round took 5.228574ms
Round took 4.67504ms
Round took 5.188371ms
Round took 6.213597ms
Round took 4.266714ms
Round took 4.53606ms
Round took 5.273472ms
Round took 5.077399ms
Round took 4.973862ms
Round took 5.257108ms
Round took 5.005402ms
Round took 4.650245ms
Round took 4.622802ms
Round took 5.205289ms
Round took 5.207873ms
Round took 5.219569ms
Round took 5.044139ms
Round took 5.547373ms
Round took 4.826652ms
Round took 4.726841ms
Round took 5.238544ms
Round took 5.488359ms
Round took 4.922638ms
Round took 5.14121ms
Round took 4.750479ms
Round took 5.037188ms
Round took 5.492035ms
Round took 4.80856ms
Round took 5.534068ms
Round took 4.88972ms
Round took 4.764288ms
Round took 4.890266ms
Round took 5.445235ms
Round took 5.990357ms
Round took 4.532458ms
Round took 5.468158ms
Round took 4.910925ms
Round took 5.059574ms
Round took 4.522632ms
Round took 6.357629ms
Round took 3.47177ms
Round took 5.306286ms
Round took 4.632319ms
Round took 6.20088ms
Round took 4.271751ms
Round took 4.794354ms
Round took 5.374719ms
Round took 5.442909ms
Round took 4.847748ms
Round took 4.945532ms
Round took 5.554938ms
Round took 4.600998ms
Round took 5.159225ms
Round took 4.786661ms
Round took 5.727332ms
Round took 4.989051ms
Round took 4.463885ms
Round took 5.110767ms
Round took 5.66816ms
Round took 5.028433ms
Round took 4.695744ms
Round took 5.469879ms
Round took 4.810056ms
Round took 5.404442ms
Round took 4.283352ms
Round took 5.761208ms
Round took 4.839098ms
Round took 4.538607ms
Round took 5.219781ms
Round took 5.177383ms
Round took 4.791611ms
Round took 4.703566ms
Round took 5.098166ms
Round took 5.32315ms
Round took 4.70079ms
Round took 5.219554ms
Round took 4.93863ms
Round took 5.844524ms
Round took 4.380926ms
Round took 5.505141ms
Round took 5.28725ms
Round took 4.452889ms
Round took 4.700431ms
Round took 4.905269ms
Round took 5.915381ms
Round took 4.612388ms
Round took 5.134422ms
Round took 5.029573ms
Round took 5.679336ms
Round took 5.124382ms
Round took 4.823308ms
Round took 5.730656ms
Round took 4.435186ms
Round took 4.952146ms
Round took 5.828611ms
Round took 4.269394ms
Round took 5.042471ms
Round took 4.391262ms
Round took 5.302823ms
Round took 4.976709ms
Round took 5.401808ms
Round took 4.568358ms
Round took 5.588123ms
Round took 4.870415ms
Round took 5.329047ms
Round took 4.802381ms
Round took 6.058042ms
Round took 4.65349ms
Round took 4.625538ms
Round took 5.954794ms
Round took 4.676247ms
Round took 4.336471ms
Round took 5.401109ms
Round took 5.117205ms
Round took 4.870475ms
Round took 5.276796ms
Round took 4.731332ms
Round took 5.810772ms
Round took 5.164148ms
Round took 5.06618ms
Round took 5.590486ms
Round took 4.452644ms
Round took 5.119848ms
Round took 4.586779ms
Round took 5.650049ms
Round took 4.792376ms
Round took 4.741752ms
Round took 5.129501ms
Round took 5.876929ms
Round took 4.543715ms
Round took 4.914367ms
Round took 5.332087ms
Round took 5.679657ms
Round took 4.228805ms
Round took 4.983764ms
Round took 5.324801ms
Round took 4.900009ms
Round took 5.219453ms
Round took 4.435235ms
Round took 5.40712ms
Round took 5.201127ms
Round took 4.50725ms
Round took 5.299342ms
Round took 5.539067ms
Round took 4.591231ms
Round took 5.282194ms
Round took 5.750534ms
Round took 4.218246ms
Round took 5.243519ms
Round took 4.698408ms
Round took 6.259871ms
Round took 3.828472ms
Round took 5.218607ms
Round took 5.849423ms
Round took 4.704271ms
Round took 5.159493ms
Round took 4.827858ms
Round took 5.294831ms
Round took 4.719915ms
Round took 4.907749ms
Round took 5.423023ms
Round took 5.393804ms
Round took 5.5246ms
Round took 4.175582ms
Round took 4.999779ms
Round took 5.785952ms
Round took 4.490797ms
Round took 5.466213ms
Round took 4.808463ms
Round took 5.215965ms
Round took 5.117922ms
Round took 4.97161ms
Round took 5.971147ms
Round took 4.097654ms
Round took 5.240501ms
Round took 5.076768ms
Round took 5.434465ms
Round took 4.661773ms
Round took 5.224647ms
Round took 5.291311ms
Round took 4.847383ms
Round took 4.945699ms
Round took 5.769204ms
Round took 4.897751ms
Round took 5.0752ms
Round took 5.242334ms
Round took 5.321421ms
Round took 5.082432ms
Round took 4.577568ms
Round took 5.303589ms
Round took 4.904672ms
Round took 4.648071ms
Round took 4.931671ms
Round took 4.883355ms
Round took 5.676406ms
Round took 4.624369ms
Round took 5.038683ms
Round took 5.416769ms
Round took 5.582708ms
Round took 4.624958ms
Round took 4.802449ms
Round took 5.954594ms
Round took 5.131118ms
Round took 4.699219ms
Round took 5.619799ms
Round took 5.980687ms
Round took 4.095601ms
Round took 5.234294ms
Round took 4.508235ms
Round took 4.850127ms
Round took 4.588619ms
Round took 4.973438ms
Round took 6.007266ms
Round took 4.620429ms
Round took 4.690148ms
Round took 5.047141ms
Round took 5.370416ms
Round took 4.708813ms
Round took 5.039ms
Round took 5.78718ms
Round took 5.205628ms
Round took 3.97951ms
Round took 5.164123ms
Round took 4.657724ms
Round took 6.596562ms
Round took 5.188401ms
Round took 4.238816ms
Round took 5.781226ms
Round took 4.935968ms
Round took 4.60316ms
Round took 5.177437ms
Round took 5.452383ms
Round took 4.09571ms
Round took 5.309019ms
Round took 5.130406ms
Round took 5.222554ms
Round took 4.906468ms
Round took 5.134926ms
Round took 6.130031ms
Round took 3.993451ms
Round took 5.182501ms
Round took 5.301163ms
Round took 4.471176ms
Round took 5.602745ms
Round took 4.94874ms
Round took 5.625266ms
Round took 5.402462ms
Round took 4.250548ms
Round took 4.73591ms
Round took 5.608871ms
Round took 5.305942ms
Round took 4.863771ms
Round took 5.914193ms
Round took 5.894537ms
Round took 5.036078ms
Round took 5.268205ms
Round took 4.758678ms
Round took 4.273558ms
Round took 4.767584ms
Round took 4.309889ms
Round took 5.264904ms
Round took 4.831453ms
Round took 5.108007ms
Round took 5.765072ms
Round took 4.995735ms
Round took 5.057363ms
Round took 4.609467ms
Round took 5.660348ms
Round took 4.564565ms
Round took 4.81917ms
Round took 5.454431ms
Round took 5.382092ms
Round took 4.884432ms
Round took 4.458263ms
Round took 5.166871ms
Round took 5.322664ms
Round took 5.338832ms
Round took 4.397035ms
Round took 5.371532ms
Round took 5.615817ms
Round took 4.299279ms
Round took 6.001979ms
Round took 4.190325ms
Round took 5.446408ms
Round took 4.689307ms
Round took 5.268037ms
Round took 4.915021ms
Round took 4.516741ms
Round took 5.033544ms
Round took 5.608858ms
Round took 5.077115ms
Round took 4.725391ms
Round took 4.711671ms
Round took 5.540922ms
Round took 5.99065ms
Round took 4.422639ms
Round took 5.437866ms
Round took 5.472709ms
Round took 4.31527ms
Round took 5.074861ms
Round took 4.871416ms
Round took 8.051226ms
Round took 4.174126ms
Round took 4.728584ms
Round took 4.417136ms
Round took 3.889128ms
Round took 5.294509ms
Round took 5.174658ms
Round took 6.438832ms
Round took 4.709889ms
Round took 5.326476ms
Round took 4.362231ms
Round took 3.446267ms
Round took 5.553463ms
Round took 4.802282ms
Round took 5.532234ms
Round took 5.235559ms
Round took 4.649114ms
Round took 6.114552ms
Round took 3.898769ms
Round took 5.46406ms
Round took 4.953708ms
Round took 5.399486ms
Round took 5.544601ms
Round took 4.325336ms
Round took 5.835133ms
Round took 5.817834ms
Round took 4.407955ms
Round took 4.679ms
Round took 5.563613ms
Round took 5.266376ms
Round took 4.600863ms
Round took 5.832083ms
Round took 3.67084ms
Round took 6.167836ms
Round took 4.491815ms
Round took 5.191692ms
Round took 5.577869ms
Round took 4.650684ms
Round took 5.748984ms
Round took 3.865157ms
Round took 5.226383ms
Round took 4.918428ms
Round took 5.158733ms
Round took 5.891576ms
Round took 4.969973ms
Round took 4.751114ms
Round took 5.275026ms
Round took 4.591777ms
Round took 5.407446ms
Round took 5.383931ms
Round took 5.563219ms
Round took 3.693406ms
Round took 5.470811ms
Round took 4.765005ms
Round took 6.431929ms
Round took 4.548443ms
Round took 4.287695ms
Round took 5.70968ms
Round took 4.627315ms
Round took 4.64165ms
Round took 4.718905ms
Round took 4.942275ms
Round took 5.787354ms
Round took 4.259493ms
Round took 5.147664ms
Round took 5.547875ms
Round took 5.227167ms
Round took 4.820837ms
Round took 6.093312ms
Round took 4.13696ms
Round took 5.377858ms
Round took 5.053505ms
Round took 5.875061ms
Round took 4.252209ms
Round took 5.864641ms
Round took 4.677479ms
Round took 5.398356ms
Round took 4.649068ms
Round took 4.208672ms
Round took 6.617756ms
Round took 3.857244ms
Round took 6.008796ms
Round took 4.106651ms
Round took 5.653363ms
Round took 4.529437ms
Round took 5.462732ms
Round took 5.672448ms
Round took 4.416493ms
Round took 5.366929ms
Round took 4.389491ms
Round took 5.984927ms
Round took 3.960411ms
Round took 4.95291ms
Round took 5.117393ms
Round took 5.178922ms
Round took 5.692618ms
Round took 4.625231ms
Round took 5.183612ms
Round took 5.114328ms
Round took 4.664519ms
Round took 4.678598ms
Round took 5.005674ms
Round took 5.81332ms
Round took 4.139219ms
Round took 4.909616ms
Round took 5.29085ms
Round took 5.649737ms
Round took 5.158012ms
Round took 5.458736ms
Round took 4.752934ms
Round took 4.987089ms
Round took 4.412346ms
Round took 5.212712ms
Round took 5.127668ms
Round took 6.63184ms
Round took 5.868995ms
Round took 4.492241ms
Round took 4.215649ms
Round took 3.702398ms
Round took 5.279169ms
Round took 5.276366ms
Round took 6.085601ms
Round took 4.963133ms
Round took 5.88419ms
Round took 3.600984ms
Round took 5.77129ms
Round took 4.65738ms
Round took 4.881918ms
Round took 5.52028ms
Round took 4.593183ms
Round took 4.877617ms
Round took 5.133913ms
Round took 5.403337ms
Round took 4.694495ms
Round took 5.113821ms
Round took 6.060429ms
Round took 4.56583ms
Round took 4.613484ms
Round took 4.578335ms
Round took 5.536294ms
Round took 4.653849ms
Round took 5.016749ms
Round took 5.682049ms
Round took 6.455289ms
Round took 4.570109ms
Round took 5.579183ms
Round took 5.085849ms
Round took 5.138274ms
Round took 4.660555ms
Round took 3.540295ms
Round took 6.379547ms
Round took 4.022824ms
Round took 6.343551ms
Round took 4.513234ms
Round took 8.28387ms
Round took 4.492601ms
Round took 5.002268ms
Round took 4.592535ms
Round took 5.307675ms
Round took 3.485655ms
Round took 3.539407ms
Round took 5.868099ms
Round took 5.239774ms
Round took 5.060635ms
Round took 4.861969ms
Round took 5.271965ms
Round took 3.58045ms
Round took 5.847443ms
Round took 6.217937ms
Round took 4.083435ms
Round took 5.328975ms
Round took 4.806467ms
Round took 4.936041ms
Round took 5.635537ms
Round took 5.755364ms
Round took 4.5066ms
Round took 4.526012ms
Round took 4.503552ms
Round took 5.281719ms
Round took 5.46673ms
Round took 5.785988ms
Round took 4.199748ms
Round took 5.500677ms
Round took 4.36798ms
Round took 5.12393ms
Round took 5.128278ms
Round took 5.106006ms
Round took 6.195265ms
Round took 4.425735ms
Round took 5.3263ms
Round took 4.375053ms
Round took 5.437892ms
Round took 4.196809ms
Round took 5.842421ms
Round took 5.398085ms
Round took 4.853258ms
Round took 5.573796ms
Round took 4.219684ms
Round took 5.177721ms
Round took 5.035234ms
Round took 6.13918ms
Round took 6.158293ms
Round took 5.018917ms
Round took 5.22688ms
Round took 5.199565ms
Round took 5.616947ms
Round took 4.846338ms
Round took 4.485333ms
Round took 4.861668ms
Round took 6.313716ms
Round took 4.731137ms
Round took 5.947328ms
Round took 5.615021ms
Round took 4.157984ms
Round took 4.669513ms
Round took 4.763987ms
Round took 5.755439ms
Round took 4.752429ms
Round took 5.335947ms
Round took 6.348926ms
Round took 4.30447ms
Round took 5.103689ms
Round took 4.875941ms
Round took 5.124887ms
Round took 5.279695ms
Round took 4.872767ms
Round took 5.601767ms
Round took 4.817238ms
Round took 5.0929ms
Round took 5.035039ms
Round took 4.910504ms
Round took 5.172586ms
Round took 5.104102ms
Round took 5.021182ms
Round took 5.239423ms
Round took 5.054705ms
Round took 5.01348ms
Round took 5.230935ms
Round took 5.176655ms
Round took 5.230892ms
Round took 4.659256ms
Round took 5.216592ms
Round took 5.221491ms
Round took 5.079088ms
Round took 5.477766ms
Round took 6.75183ms
Test took 5.136980458s
Successful: 10000
