Uniform distribution
2021/04/16 21:40:47 The leader is replica 0
Round took 6.817017ms
Round took 4.166797ms
Round took 5.146984ms
Round took 5.220066ms
Round took 6.451735ms
Round took 4.397538ms
Round took 8.498108ms
Round took 8.205626ms
Round took 6.578944ms
Round took 3.273037ms
Round took 4.712554ms
Round took 5.709844ms
Round took 4.973394ms
Round took 4.301864ms
Round took 4.976207ms
Round took 5.339035ms
Round took 4.953286ms
Round took 5.19909ms
Round took 5.187094ms
Round took 4.817218ms
Round took 5.091702ms
Round took 4.942242ms
Round took 5.844311ms
Round took 4.525145ms
Round took 4.967827ms
Round took 5.102262ms
Round took 5.017043ms
Round took 5.260315ms
Round took 4.238849ms
Round took 5.135904ms
Round took 5.462948ms
Round took 5.22158ms
Round took 4.621317ms
Round took 5.203328ms
Round took 5.674704ms
Round took 4.703668ms
Round took 5.039854ms
Round took 4.993516ms
Round took 6.192124ms
Round took 4.272545ms
Round took 4.993286ms
Round took 7.525814ms
Round took 3.827671ms
Round took 6.013011ms
Round took 4.680388ms
Round took 4.461354ms
Round took 3.92191ms
Round took 5.195118ms
Round took 5.617765ms
Round took 4.438143ms
Round took 5.236054ms
Round took 4.715554ms
Round took 6.454871ms
Round took 6.695271ms
Round took 6.262146ms
Round took 5.491604ms
Round took 6.64113ms
Round took 6.832084ms
Round took 8.762192ms
Round took 4.081157ms
Round took 4.010358ms
Round took 6.479174ms
Round took 4.831292ms
Round took 4.360275ms
Round took 6.724001ms
Round took 4.668261ms
Round took 3.541335ms
Round took 5.052163ms
Round took 5.674392ms
Round took 4.907403ms
Round took 5.617615ms
Round took 6.306438ms
Round took 5.634523ms
Round took 5.150979ms
Round took 5.089141ms
Round took 5.156493ms
Round took 5.371465ms
Round took 5.130792ms
Round took 4.552959ms
Round took 5.093853ms
Round took 5.417705ms
Round took 4.924195ms
Round took 5.026447ms
Round took 5.202015ms
Round took 4.803962ms
Round took 5.184635ms
Round took 4.954669ms
Round took 5.367368ms
Round took 5.152864ms
Round took 4.872545ms
Round took 5.046785ms
Round took 6.42269ms
Round took 8.505541ms
Round took 6.631774ms
Round took 5.500566ms
Round took 3.980867ms
Round took 6.573387ms
Round took 5.691283ms
Round took 6.759773ms
Round took 4.26774ms
Round took 5.663379ms
Round took 5.019284ms
Round took 6.597848ms
Round took 4.68747ms
Round took 7.347896ms
Round took 4.650758ms
Round took 5.707516ms
Round took 4.800565ms
Round took 3.622628ms
Round took 3.904129ms
Round took 5.797529ms
Round took 5.890654ms
Round took 4.894808ms
Round took 4.963612ms
Round took 5.213334ms
Round took 4.492478ms
Round took 5.855698ms
Round took 4.162163ms
Round took 5.657008ms
Round took 8.618038ms
Round took 4.883822ms
Round took 4.495899ms
Round took 5.443807ms
Round took 5.132076ms
Round took 4.618177ms
Round took 5.062394ms
Round took 5.300287ms
Round took 4.773736ms
Round took 4.954231ms
Round took 5.167722ms
Round took 4.989556ms
Round took 5.355225ms
Round took 4.561637ms
Round took 5.264576ms
Round took 5.840884ms
Round took 4.947585ms
Round took 5.981081ms
Round took 4.928942ms
Round took 5.231843ms
Round took 4.668322ms
Round took 5.65611ms
Round took 5.860856ms
Round took 5.39274ms
Round took 5.41074ms
Round took 4.621505ms
Round took 4.772793ms
Round took 6.06093ms
Round took 6.291289ms
Round took 5.395056ms
Round took 4.833859ms
Round took 5.018271ms
Round took 5.282036ms
Round took 4.961776ms
Round took 4.897948ms
Round took 5.340009ms
Round took 5.090939ms
Round took 4.926771ms
Round took 5.223017ms
Round took 4.961843ms
Round took 6.339296ms
Round took 4.404838ms
Round took 5.178039ms
Round took 5.813186ms
Round took 5.074348ms
Round took 6.835651ms
Round took 3.765861ms
Round took 4.905612ms
Round took 5.047613ms
Round took 5.794957ms
Round took 4.739872ms
Round took 5.045107ms
Round took 4.836739ms
Round took 5.774035ms
Round took 4.923102ms
Round took 4.486432ms
Round took 5.226986ms
Round took 5.350121ms
Round took 4.912356ms
Round took 5.755754ms
Round took 3.99478ms
Round took 5.459296ms
Round took 5.462383ms
Round took 5.566869ms
Round took 5.037321ms
Round took 5.873539ms
Round took 4.491532ms
Round took 3.992138ms
Round took 5.297102ms
Round took 5.183475ms
Round took 4.993937ms
Round took 5.301473ms
Round took 5.527239ms
Round took 4.334017ms
Round took 6.24054ms
Round took 6.024412ms
Round took 5.664099ms
Round took 5.804536ms
Round took 5.636497ms
Round took 5.067168ms
Round took 4.881348ms
Round took 3.848568ms
Round took 4.141717ms
Round took 5.882503ms
Round took 5.615572ms
Round took 5.646549ms
Round took 4.957431ms
Round took 4.151607ms
Round took 5.492713ms
Round took 4.509216ms
Round took 5.697225ms
Round took 4.878225ms
Round took 4.593488ms
Round took 5.226222ms
Round took 5.661547ms
Round took 5.628895ms
Round took 4.81106ms
Round took 5.014625ms
Round took 5.102639ms
Round took 5.113142ms
Round took 5.686798ms
Round took 4.864057ms
Round took 5.212161ms
Round took 5.172135ms
Round took 4.340334ms
Round took 5.536499ms
Round took 4.579589ms
Round took 5.57729ms
Round took 5.639643ms
Round took 4.366468ms
Round took 5.57698ms
Round took 5.248548ms
Round took 4.884965ms
Round took 4.970831ms
Round took 4.567583ms
Round took 5.485076ms
Round took 5.575102ms
Round took 4.349311ms
Round took 5.027734ms
Round took 5.087308ms
Round took 5.255502ms
Round took 5.3001ms
Round took 5.277229ms
Round took 5.015605ms
Round took 6.258415ms
Round took 4.043105ms
Round took 6.556325ms
Round took 4.826028ms
Round took 4.961599ms
Round took 5.170849ms
Round took 5.245484ms
Round took 4.976699ms
Round took 5.375901ms
Round took 5.161432ms
Round took 4.883097ms
Round took 4.890534ms
Round took 5.546428ms
Round took 5.141287ms
Round took 4.769857ms
Round took 5.493544ms
Round took 4.563893ms
Round took 5.449236ms
Round took 4.731704ms
Round took 4.957788ms
Round took 5.685228ms
Round took 5.39642ms
Round took 4.768262ms
Round took 5.165915ms
Round took 6.464107ms
Round took 4.301408ms
Round took 4.642788ms
Round took 5.602288ms
Round took 5.090567ms
Round took 5.037005ms
Round took 4.843461ms
Round took 5.512004ms
Round took 4.96202ms
Round took 4.817467ms
Round took 5.265823ms
Round took 5.360676ms
Round took 4.428438ms
Round took 5.576278ms
Round took 4.807116ms
Round took 4.929123ms
Round took 4.724019ms
Round took 4.783247ms
Round took 6.384674ms
Round took 4.165203ms
Round took 5.229836ms
Round took 5.008334ms
Round took 5.274682ms
Round took 4.966675ms
Round took 4.896273ms
Round took 6.060109ms
Round took 4.583465ms
Round took 5.161609ms
Round took 4.636518ms
Round took 5.732433ms
Round took 4.677986ms
Round took 5.093512ms
Round took 5.736737ms
Round took 4.289906ms
Round took 5.204333ms
Round took 5.070291ms
Round took 5.290222ms
Round took 4.536579ms
Round took 5.43181ms
Round took 5.617819ms
Round took 6.466243ms
Round took 5.739667ms
Round took 5.269569ms
Round took 4.937205ms
Round took 4.158557ms
Round took 4.884449ms
Round took 5.599115ms
Round took 5.528339ms
Round took 4.719249ms
Round took 5.106351ms
Round took 5.573502ms
Round took 4.648484ms
Round took 5.007977ms
Round took 5.363888ms
Round took 5.032986ms
Round took 4.977786ms
Round took 5.332724ms
Round took 5.331933ms
Round took 4.849039ms
Round took 6.552078ms
Round took 4.967798ms
Round took 4.146216ms
Round took 4.652091ms
Round took 5.012678ms
Round took 6.208377ms
Round took 4.655788ms
Round took 5.001024ms
Round took 5.494301ms
Round took 4.77267ms
Round took 4.691108ms
Round took 5.191611ms
Round took 5.887274ms
Round took 4.600533ms
Round took 5.354854ms
Round took 4.629183ms
Round took 5.360897ms
Round took 4.752438ms
Round took 5.060796ms
Round took 6.160449ms
Round took 4.202344ms
Round took 5.087435ms
Round took 5.810498ms
Round took 5.183439ms
Round took 4.843058ms
Round took 4.999012ms
Round took 4.919498ms
Round took 5.195021ms
Round took 5.228132ms
Round took 7.16946ms
Round took 5.157367ms
Round took 5.779533ms
Round took 4.710905ms
Round took 4.876054ms
Round took 5.144399ms
Round took 5.62697ms
Round took 5.113703ms
Round took 5.401921ms
Round took 5.127038ms
Round took 5.122516ms
Round took 4.62364ms
Round took 5.271688ms
Round took 4.960703ms
Round took 5.245231ms
Round took 4.765059ms
Round took 6.215599ms
Round took 4.487505ms
Round took 4.554225ms
Round took 5.220627ms
Round took 4.996973ms
Round took 5.211927ms
Round took 4.757488ms
Round took 5.070566ms
Round took 4.988552ms
Round took 5.248118ms
Round took 4.672909ms
Round took 6.724384ms
Round took 4.381253ms
Round took 4.828358ms
Round took 5.275778ms
Round took 5.515798ms
Round took 5.058134ms
Round took 5.368911ms
Round took 5.075038ms
Round took 4.90644ms
Round took 5.223615ms
Round took 6.063364ms
Round took 4.79539ms
Round took 5.987906ms
Round took 3.993137ms
Round took 5.605281ms
Round took 4.699685ms
Round took 5.751568ms
Round took 4.350731ms
Round took 5.801881ms
Round took 4.478489ms
Round took 4.969668ms
Round took 5.942803ms
Round took 4.588786ms
Round took 6.299098ms
Round took 5.995459ms
Round took 5.202305ms
Round took 4.962241ms
Round took 4.766824ms
Round took 5.688522ms
Round took 4.693763ms
Round took 4.825004ms
Round took 5.527981ms
Round took 5.259297ms
Round took 4.992469ms
Round took 5.271708ms
Round took 4.630142ms
Round took 5.385177ms
Round took 5.260575ms
Round took 4.968317ms
Round took 7.425ms
Round took 3.84435ms
Round took 6.195143ms
Round took 4.066729ms
Round took 4.865771ms
Round took 5.487294ms
Round took 4.659568ms
Round took 5.723074ms
Round took 4.663078ms
Round took 5.440733ms
Round took 4.182267ms
Round took 5.556235ms
Round took 5.102661ms
Round took 4.887074ms
Round took 5.883654ms
Round took 4.379321ms
Round took 4.914901ms
Round took 5.012077ms
Round took 5.36377ms
Round took 5.112478ms
Round took 4.795483ms
Round took 5.870597ms
Round took 4.580888ms
Round took 5.131449ms
Round took 7.114159ms
Round took 6.212902ms
Round took 4.4012ms
Round took 5.155635ms
Round took 4.595248ms
Round took 5.873889ms
Round took 5.436567ms
Round took 5.065383ms
Round took 6.620433ms
Round took 5.303743ms
Round took 4.808167ms
Round took 4.632411ms
Round took 18.678856ms
Round took 4.348334ms
Round took 5.120486ms
Round took 4.94638ms
Round took 5.31832ms
Round took 5.81933ms
Round took 5.382379ms
Round took 4.808002ms
Round took 4.55ms
Round took 5.018458ms
Round took 5.279241ms
Round took 5.772304ms
Round took 5.733197ms
Round took 4.868577ms
Round took 3.362146ms
Round took 5.724853ms
Round took 5.769213ms
Round took 5.16994ms
Round took 5.027426ms
Round took 5.268214ms
Round took 5.163217ms
Round took 4.993132ms
Round took 4.910598ms
Round took 4.884514ms
Round took 4.629039ms
Round took 5.302379ms
Round took 4.906228ms
Round took 5.005664ms
Round took 5.972676ms
Round took 4.931945ms
Round took 4.833979ms
Round took 5.42909ms
Round took 4.722911ms
Round took 5.008297ms
Round took 4.977404ms
Round took 5.070936ms
Round took 5.274136ms
Round took 4.486807ms
Round took 5.699589ms
Round took 4.58342ms
Round took 4.765622ms
Round took 6.041339ms
Round took 4.904912ms
Round took 4.891551ms
Round took 4.537543ms
Round took 6.351266ms
Round took 5.100633ms
Round took 4.303064ms
Round took 4.528886ms
Round took 5.355909ms
Round took 4.971977ms
Round took 4.909893ms
Round took 5.899263ms
Round took 4.399422ms
Round took 5.060605ms
Round took 4.409066ms
Round took 5.108456ms
Round took 5.131455ms
Round took 5.17491ms
Round took 5.100359ms
Round took 5.576281ms
Round took 4.792085ms
Round took 4.71565ms
Round took 5.20284ms
Round took 5.439319ms
Round took 4.919383ms
Round took 5.069437ms
Round took 4.713459ms
Round took 4.896475ms
Round took 5.130988ms
Round took 5.008379ms
Round took 5.49171ms
Round took 5.934394ms
Round took 4.668779ms
Round took 4.861231ms
Round took 5.494907ms
Round took 5.891978ms
Round took 4.571139ms
Round took 5.414283ms
Round took 4.932533ms
Round took 5.090701ms
Round took 4.786528ms
Round took 6.010529ms
Round took 3.840242ms
Round took 5.368257ms
Round took 5.018921ms
Round took 5.636717ms
Round took 4.832339ms
Round took 4.690357ms
Round took 5.993ms
Round took 5.236218ms
Round took 4.757237ms
Round took 5.684897ms
Round took 4.856242ms
Round took 4.620227ms
Round took 5.903134ms
Round took 5.080071ms
Round took 5.074497ms
Round took 5.213155ms
Round took 4.859684ms
Round took 6.636134ms
Round took 4.874517ms
Round took 4.812696ms
Round took 5.188693ms
Round took 5.038578ms
Round took 5.252695ms
Round took 5.182911ms
Round took 5.423716ms
Round took 6.715116ms
Round took 4.129664ms
Round took 7.176403ms
Round took 4.157753ms
Round took 4.905958ms
Round took 4.325574ms
Round took 6.424789ms
Round took 4.665622ms
Round took 4.681598ms
Round took 6.708814ms
Round took 6.340969ms
Round took 4.915936ms
Round took 5.184223ms
Round took 5.533902ms
Round took 4.482665ms
Round took 4.892249ms
Round took 5.007845ms
Round took 5.30032ms
Round took 5.189324ms
Round took 4.915339ms
Round took 5.347672ms
Round took 5.519466ms
Round took 5.123563ms
Round took 4.87073ms
Round took 5.802667ms
Round took 5.044548ms
Round took 4.956117ms
Round took 5.928165ms
Round took 4.183103ms
Round took 5.123165ms
Round took 5.48412ms
Round took 5.22719ms
Round took 4.636805ms
Round took 5.405939ms
Round took 4.989777ms
Round took 4.945964ms
Round took 4.674313ms
Round took 6.343577ms
Round took 3.986631ms
Round took 6.074727ms
Round took 4.936681ms
Round took 6.050131ms
Round took 6.389786ms
Round took 4.85087ms
Round took 5.401157ms
Round took 4.843351ms
Round took 5.1156ms
Round took 5.267143ms
Round took 4.781563ms
Round took 5.63703ms
Round took 5.033255ms
Round took 5.08917ms
Round took 4.903547ms
Round took 5.2452ms
Round took 5.146026ms
Round took 4.630315ms
Round took 5.096534ms
Round took 5.259742ms
Round took 4.746382ms
Round took 5.08453ms
Round took 5.869984ms
Round took 4.574558ms
Round took 4.887368ms
Round took 5.113572ms
Round took 6.077665ms
Round took 4.426458ms
Round took 5.024713ms
Round took 5.653839ms
Round took 5.009135ms
Round took 5.229498ms
Round took 4.429652ms
Round took 5.323888ms
Round took 5.338353ms
Round took 4.415353ms
Round took 5.463042ms
Round took 5.324682ms
Round took 4.635064ms
Round took 5.492974ms
Round took 5.365031ms
Round took 4.346406ms
Round took 5.237505ms
Round took 4.64035ms
Round took 6.384793ms
Round took 3.905265ms
Round took 5.198182ms
Round took 6.21104ms
Round took 4.48055ms
Round took 5.182068ms
Round took 4.670565ms
Round took 5.332712ms
Round took 4.809499ms
Round took 5.006513ms
Round took 6.574532ms
Round took 4.43689ms
Round took 5.795383ms
Round took 4.082851ms
Round took 5.115937ms
Round took 5.342741ms
Round took 4.612634ms
Round took 5.758377ms
Round took 4.66369ms
Round took 5.352831ms
Round took 5.309566ms
Round took 4.640167ms
Round took 5.282074ms
Round took 4.067739ms
Round took 5.239495ms
Round took 4.935803ms
Round took 5.637456ms
Round took 4.706201ms
Round took 6.809974ms
Round took 6.072475ms
Round took 4.968051ms
Round took 5.235817ms
Round took 4.993827ms
Round took 4.973765ms
Round took 5.133279ms
Round took 5.211827ms
Round took 5.453115ms
Round took 6.093561ms
Round took 4.44139ms
Round took 5.192058ms
Round took 5.319036ms
Round took 4.797408ms
Round took 4.946164ms
Round took 5.692558ms
Round took 4.680303ms
Round took 5.035114ms
Round took 4.911871ms
Round took 6.085643ms
Round took 4.578371ms
Round took 4.855598ms
Round took 4.988135ms
Round took 5.09307ms
Round took 4.649095ms
Round took 5.062808ms
Round took 6.295914ms
Round took 4.210684ms
Round took 4.995134ms
Round took 4.71383ms
Round took 5.079056ms
Round took 5.204367ms
Round took 4.956718ms
Round took 5.980785ms
Round took 4.661813ms
Round took 4.938155ms
Round took 5.088958ms
Round took 6.316095ms
Round took 4.405385ms
Round took 5.041671ms
Round took 6.18137ms
Round took 5.255972ms
Round took 4.245225ms
Round took 6.56238ms
Round took 6.934092ms
Round took 5.024095ms
Round took 4.339526ms
Round took 5.179061ms
Round took 6.563656ms
Round took 4.316641ms
Round took 4.985063ms
Round took 5.50707ms
Round took 4.753376ms
Round took 5.271774ms
Round took 4.810254ms
Round took 5.428652ms
Round took 4.96246ms
Round took 5.070119ms
Round took 6.043824ms
Round took 4.041058ms
Round took 5.11108ms
Round took 4.974622ms
Round took 4.795041ms
Round took 5.616499ms
Round took 4.785338ms
Round took 5.488004ms
Round took 5.549198ms
Round took 4.325722ms
Round took 4.776227ms
Round took 5.629266ms
Round took 4.703622ms
Round took 4.579845ms
Round took 5.152184ms
Round took 5.724576ms
Round took 5.256344ms
Round took 5.680455ms
Round took 4.746453ms
Round took 4.555158ms
Round took 5.096505ms
Round took 4.411882ms
Round took 5.278228ms
Round took 5.357502ms
Round took 4.882144ms
Round took 5.339985ms
Round took 5.508349ms
Round took 4.990681ms
Round took 4.63367ms
Round took 5.736413ms
Round took 4.624233ms
Round took 5.355879ms
Round took 5.108323ms
Round took 6.001322ms
Round took 5.009584ms
Round took 4.375434ms
Round took 5.164272ms
Round took 5.346404ms
Round took 5.296868ms
Round took 4.41899ms
Round took 5.381561ms
Round took 5.58438ms
Round took 4.319154ms
Round took 6.010909ms
Round took 3.960961ms
Round took 5.318789ms
Round took 4.717601ms
Round took 4.974316ms
Round took 5.630523ms
Round took 4.539231ms
Round took 5.025892ms
Round took 5.644388ms
Round took 5.064692ms
Round took 4.962738ms
Round took 4.667004ms
Round took 5.110926ms
Round took 5.823587ms
Round took 4.189403ms
Round took 4.950742ms
Round took 5.986827ms
Round took 4.306761ms
Round took 5.083764ms
Round took 4.884293ms
Round took 6.945694ms
Round took 4.780552ms
Round took 5.104622ms
Round took 4.632668ms
Round took 3.55428ms
Round took 5.726241ms
Round took 4.866824ms
Round took 6.356038ms
Round took 5.011371ms
Round took 5.181084ms
Round took 5.328288ms
Round took 3.859862ms
Round took 5.467579ms
Round took 5.354151ms
Round took 5.177267ms
Round took 5.235854ms
Round took 4.553718ms
Round took 6.07735ms
Round took 3.786922ms
Round took 5.408932ms
Round took 4.964723ms
Round took 5.415072ms
Round took 5.423706ms
Round took 4.233952ms
Round took 5.788333ms
Round took 5.857753ms
Round took 4.302527ms
Round took 4.674488ms
Round took 5.783319ms
Round took 5.157284ms
Round took 4.602494ms
Round took 5.984611ms
Round took 6.371637ms
Round took 4.998945ms
Round took 4.87454ms
Round took 5.009945ms
Round took 5.094681ms
Round took 6.043307ms
Round took 4.578508ms
Round took 5.188422ms
Round took 5.100143ms
Round took 4.951239ms
Round took 5.037423ms
Round took 5.535717ms
Round took 4.641474ms
Round took 5.103532ms
Round took 4.738403ms
Round took 6.020356ms
Round took 5.303584ms
Round took 4.716554ms
Round took 4.665111ms
Round took 5.679394ms
Round took 4.817892ms
Round took 6.632439ms
Round took 4.378053ms
Round took 4.355409ms
Round took 5.160295ms
Round took 5.22079ms
Round took 5.48606ms
Round took 4.739649ms
Round took 4.928729ms
Round took 6.549413ms
Round took 4.095425ms
Round took 5.863779ms
Round took 4.463695ms
Round took 5.07213ms
Round took 4.798516ms
Round took 6.33662ms
Round took 6.198487ms
Round took 5.372079ms
Round took 5.029239ms
Round took 4.600225ms
Round took 5.791761ms
Round took 4.736946ms
Round took 5.276061ms
Round took 4.798245ms
Round took 5.161663ms
Round took 5.943205ms
Round took 4.745653ms
Round took 5.891017ms
Round took 4.643088ms
Round took 5.31441ms
Round took 4.82526ms
Round took 5.56958ms
Round took 5.332046ms
Round took 4.473387ms
Round took 6.438315ms
Round took 3.677332ms
Round took 4.998671ms
Round took 4.648735ms
Round took 5.212346ms
Round took 5.129405ms
Round took 4.87161ms
Round took 5.249105ms
Round took 6.199218ms
Round took 5.048161ms
Round took 5.194233ms
Round took 6.063717ms
Round took 4.394217ms
Round took 4.857034ms
Round took 5.855463ms
Round took 4.088749ms
Round took 4.931841ms
Round took 5.878393ms
Round took 4.793441ms
Round took 7.221647ms
Round took 4.82362ms
Round took 5.18625ms
Round took 5.313563ms
Round took 5.042383ms
Round took 4.80927ms
Round took 5.082082ms
Round took 7.192523ms
Round took 4.545816ms
Round took 4.609989ms
Round took 3.93672ms
Round took 5.250544ms
Round took 5.175212ms
Round took 5.548445ms
Round took 5.007564ms
Round took 5.698022ms
Round took 4.421807ms
Round took 8.190662ms
Round took 4.395118ms
Round took 4.903973ms
Round took 5.486528ms
Round took 4.627711ms
Round took 4.888167ms
Round took 5.174326ms
Round took 5.399472ms
Round took 4.709403ms
Round took 5.119544ms
Round took 6.019561ms
Round took 4.590606ms
Round took 4.651964ms
Round took 4.632755ms
Round took 5.811901ms
Round took 4.793364ms
Round took 4.97552ms
Round took 5.566916ms
Round took 8.943292ms
Round took 4.968457ms
Round took 4.937455ms
Round took 5.854802ms
Round took 4.891016ms
Round took 3.787053ms
Round took 5.29777ms
Round took 5.813105ms
Round took 5.584337ms
Round took 4.508419ms
Round took 7.276506ms
Round took 5.927142ms
Round took 4.462008ms
Round took 4.667865ms
Round took 4.753322ms
Round took 4.341061ms
Round took 3.646505ms
Round took 5.835841ms
Round took 5.348261ms
Round took 4.678868ms
Round took 5.165531ms
Round took 6.636908ms
Round took 6.565396ms
Round took 5.44334ms
Round took 4.694491ms
Round took 5.528304ms
Round took 4.505832ms
Round took 5.090018ms
Round took 5.561082ms
Round took 5.041361ms
Round took 5.006217ms
Round took 4.857201ms
Round took 4.971167ms
Round took 5.196551ms
Round took 5.149366ms
Round took 5.799997ms
Round took 4.305665ms
Round took 5.35414ms
Round took 4.846674ms
Round took 5.206983ms
Round took 5.13609ms
Round took 4.784557ms
Round took 5.080446ms
Round took 6.623685ms
Round took 4.202017ms
Round took 4.378992ms
Round took 6.227387ms
Round took 4.122406ms
Round took 5.373587ms
Round took 4.998982ms
Round took 5.472101ms
Round took 5.051676ms
Round took 4.700143ms
Round took 5.311195ms
Round took 4.914469ms
Round took 5.155089ms
Round took 5.063438ms
Round took 4.959311ms
Round took 6.049041ms
Round took 4.902696ms
Round took 6.672034ms
Round took 4.754806ms
Round took 5.130942ms
Round took 4.892052ms
Test took 5.225881126s
Successful: 10000
