Uniform distribution
2021/04/16 21:40:47 The leader is replica 0
Round took 5.215787ms
Round took 1.903974ms
Round took 6.343064ms
Round took 5.424893ms
Round took 7.054974ms
Round took 6.296329ms
Round took 4.89977ms
Round took 5.560863ms
Round took 5.305898ms
Round took 4.340417ms
Round took 5.178614ms
Round took 5.013292ms
Round took 5.102981ms
Round took 5.036303ms
Round took 5.085131ms
Round took 5.158695ms
Round took 5.241904ms
Round took 5.042223ms
Round took 5.500568ms
Round took 4.722336ms
Round took 5.103847ms
Round took 5.200907ms
Round took 4.887314ms
Round took 5.241683ms
Round took 4.918463ms
Round took 5.03994ms
Round took 5.013311ms
Round took 5.078683ms
Round took 5.490732ms
Round took 5.361942ms
Round took 4.645266ms
Round took 5.255977ms
Round took 6.223703ms
Round took 4.209166ms
Round took 5.064743ms
Round took 5.032849ms
Round took 6.116904ms
Round took 3.662716ms
Round took 5.189003ms
Round took 7.353458ms
Round took 3.805306ms
Round took 5.138392ms
Round took 6.392104ms
Round took 5.015268ms
Round took 3.627144ms
Round took 5.500144ms
Round took 5.394043ms
Round took 4.467721ms
Round took 5.209729ms
Round took 4.635959ms
Round took 5.939314ms
Round took 6.054125ms
Round took 6.547068ms
Round took 5.673352ms
Round took 6.630178ms
Round took 6.923991ms
Round took 8.83279ms
Round took 3.95606ms
Round took 4.014713ms
Round took 5.91862ms
Round took 5.087074ms
Round took 4.222765ms
Round took 4.9101ms
Round took 5.67081ms
Round took 7.769368ms
Round took 5.229877ms
Round took 5.051577ms
Round took 5.458337ms
Round took 5.031134ms
Round took 4.966717ms
Round took 5.207768ms
Round took 5.104056ms
Round took 5.066879ms
Round took 5.208865ms
Round took 5.452375ms
Round took 4.960845ms
Round took 4.587591ms
Round took 5.053015ms
Round took 5.493012ms
Round took 4.855979ms
Round took 4.994193ms
Round took 5.192323ms
Round took 4.90291ms
Round took 5.190432ms
Round took 4.868235ms
Round took 5.410779ms
Round took 5.215098ms
Round took 4.887011ms
Round took 5.309877ms
Round took 6.632785ms
Round took 8.060155ms
Round took 7.476746ms
Round took 4.668713ms
Round took 4.000179ms
Round took 7.776344ms
Round took 5.416878ms
Round took 6.381229ms
Round took 4.577012ms
Round took 5.799906ms
Round took 4.549162ms
Round took 5.543281ms
Round took 4.193436ms
Round took 6.945896ms
Round took 5.120372ms
Round took 5.579814ms
Round took 5.015072ms
Round took 3.601595ms
Round took 3.852616ms
Round took 5.76015ms
Round took 5.751064ms
Round took 5.083777ms
Round took 4.958361ms
Round took 4.718584ms
Round took 5.02594ms
Round took 6.448631ms
Round took 4.185275ms
Round took 7.5319ms
Round took 6.779708ms
Round took 4.851409ms
Round took 4.417082ms
Round took 5.446106ms
Round took 5.186558ms
Round took 4.703964ms
Round took 5.050342ms
Round took 5.239334ms
Round took 4.786114ms
Round took 4.921995ms
Round took 5.383834ms
Round took 5.054187ms
Round took 5.960478ms
Round took 4.237194ms
Round took 5.390623ms
Round took 5.041972ms
Round took 5.326255ms
Round took 5.909555ms
Round took 4.467234ms
Round took 5.331159ms
Round took 5.81402ms
Round took 6.085767ms
Round took 5.221022ms
Round took 5.450951ms
Round took 4.549653ms
Round took 5.095338ms
Round took 4.988511ms
Round took 5.023992ms
Round took 5.600179ms
Round took 5.166502ms
Round took 4.963391ms
Round took 4.837995ms
Round took 5.288437ms
Round took 4.97511ms
Round took 4.841791ms
Round took 5.357493ms
Round took 5.850083ms
Round took 4.614234ms
Round took 5.267931ms
Round took 6.267151ms
Round took 4.466763ms
Round took 4.329064ms
Round took 5.275145ms
Round took 5.744543ms
Round took 5.01107ms
Round took 6.63861ms
Round took 3.745513ms
Round took 4.949373ms
Round took 4.987314ms
Round took 5.768558ms
Round took 4.711211ms
Round took 5.033301ms
Round took 4.799946ms
Round took 6.143748ms
Round took 4.888307ms
Round took 4.478428ms
Round took 5.201858ms
Round took 5.341188ms
Round took 4.994923ms
Round took 5.705505ms
Round took 4.02376ms
Round took 5.426356ms
Round took 5.51785ms
Round took 5.543909ms
Round took 4.995548ms
Round took 5.559118ms
Round took 4.735916ms
Round took 3.983574ms
Round took 5.320518ms
Round took 5.197998ms
Round took 4.698344ms
Round took 5.516917ms
Round took 5.489831ms
Round took 4.274947ms
Round took 6.337716ms
Round took 6.045295ms
Round took 6.485255ms
Round took 7.520304ms
Round took 5.087485ms
Round took 5.013443ms
Round took 4.606837ms
Round took 3.490139ms
Round took 5.497844ms
Round took 4.802744ms
Round took 5.533287ms
Round took 5.921049ms
Round took 4.722475ms
Round took 3.95746ms
Round took 6.006908ms
Round took 4.839404ms
Round took 4.923767ms
Round took 4.985696ms
Round took 4.535439ms
Round took 6.369042ms
Round took 4.783501ms
Round took 5.758146ms
Round took 4.476272ms
Round took 5.049136ms
Round took 5.068999ms
Round took 5.934013ms
Round took 4.808961ms
Round took 5.043909ms
Round took 5.85147ms
Round took 5.875003ms
Round took 5.591386ms
Round took 4.542471ms
Round took 5.520275ms
Round took 4.691841ms
Round took 5.227998ms
Round took 5.016943ms
Round took 5.329824ms
Round took 5.301069ms
Round took 5.062577ms
Round took 4.620555ms
Round took 5.144474ms
Round took 6.043192ms
Round took 4.32241ms
Round took 4.791483ms
Round took 5.255887ms
Round took 5.662949ms
Round took 5.258948ms
Round took 5.79017ms
Round took 4.987938ms
Round took 5.216364ms
Round took 4.877157ms
Round took 4.760131ms
Round took 5.882135ms
Round took 4.878605ms
Round took 5.645625ms
Round took 4.785846ms
Round took 5.079048ms
Round took 5.538702ms
Round took 5.260325ms
Round took 5.100382ms
Round took 6.454286ms
Round took 5.893452ms
Round took 5.24033ms
Round took 4.789097ms
Round took 5.310331ms
Round took 4.693662ms
Round took 5.415324ms
Round took 4.776407ms
Round took 5.014496ms
Round took 5.707256ms
Round took 5.398368ms
Round took 4.764945ms
Round took 5.172863ms
Round took 6.57075ms
Round took 4.28686ms
Round took 4.623239ms
Round took 5.700505ms
Round took 5.307838ms
Round took 5.031254ms
Round took 4.852327ms
Round took 5.514208ms
Round took 5.001804ms
Round took 4.81815ms
Round took 5.919296ms
Round took 5.076209ms
Round took 4.52735ms
Round took 6.463553ms
Round took 4.238457ms
Round took 5.158236ms
Round took 6.227054ms
Round took 6.833529ms
Round took 4.261489ms
Round took 5.108881ms
Round took 5.080439ms
Round took 5.412626ms
Round took 4.883301ms
Round took 4.868902ms
Round took 5.445503ms
Round took 5.112623ms
Round took 5.089314ms
Round took 4.96046ms
Round took 5.263758ms
Round took 4.912741ms
Round took 5.023499ms
Round took 4.931624ms
Round took 5.179116ms
Round took 5.281011ms
Round took 5.037743ms
Round took 5.058107ms
Round took 4.816196ms
Round took 5.455824ms
Round took 4.757117ms
Round took 5.086787ms
Round took 6.209513ms
Round took 6.379428ms
Round took 6.004838ms
Round took 3.912601ms
Round took 4.127089ms
Round took 4.860987ms
Round took 5.648627ms
Round took 4.857782ms
Round took 5.309948ms
Round took 4.849318ms
Round took 5.537417ms
Round took 4.478101ms
Round took 4.983965ms
Round took 5.280955ms
Round took 5.053139ms
Round took 5.011093ms
Round took 5.349707ms
Round took 5.370911ms
Round took 4.806205ms
Round took 7.536329ms
Round took 4.653544ms
Round took 4.190009ms
Round took 4.466964ms
Round took 5.07447ms
Round took 5.631386ms
Round took 4.656778ms
Round took 4.989105ms
Round took 5.3812ms
Round took 4.82157ms
Round took 4.706002ms
Round took 5.424411ms
Round took 5.712152ms
Round took 4.60341ms
Round took 5.900079ms
Round took 4.012591ms
Round took 5.099749ms
Round took 4.869398ms
Round took 5.04037ms
Round took 6.186461ms
Round took 4.193567ms
Round took 5.178637ms
Round took 5.928666ms
Round took 4.760805ms
Round took 4.726935ms
Round took 5.017173ms
Round took 4.990146ms
Round took 5.195017ms
Round took 5.257446ms
Round took 7.09388ms
Round took 5.194624ms
Round took 5.877534ms
Round took 5.17581ms
Round took 4.808452ms
Round took 5.130424ms
Round took 5.673053ms
Round took 5.144983ms
Round took 5.337516ms
Round took 5.05155ms
Round took 5.147951ms
Round took 4.658339ms
Round took 7.468041ms
Round took 3.955619ms
Round took 7.580965ms
Round took 6.03408ms
Round took 5.071323ms
Round took 4.919357ms
Round took 5.2577ms
Round took 4.846909ms
Round took 5.456123ms
Round took 4.72909ms
Round took 5.015999ms
Round took 4.989831ms
Round took 5.445113ms
Round took 4.797273ms
Round took 6.089643ms
Round took 4.283317ms
Round took 4.844289ms
Round took 5.265679ms
Round took 5.52027ms
Round took 5.026175ms
Round took 5.363607ms
Round took 5.222525ms
Round took 4.726345ms
Round took 5.231147ms
Round took 5.200888ms
Round took 4.686368ms
Round took 5.317339ms
Round took 4.452152ms
Round took 5.503943ms
Round took 4.728431ms
Round took 5.233188ms
Round took 4.828395ms
Round took 5.615326ms
Round took 4.48071ms
Round took 4.977311ms
Round took 5.799086ms
Round took 4.68804ms
Round took 5.351204ms
Round took 4.28558ms
Round took 5.77437ms
Round took 5.196503ms
Round took 5.290685ms
Round took 5.038581ms
Round took 4.866702ms
Round took 4.69541ms
Round took 5.372159ms
Round took 6.110927ms
Round took 4.350151ms
Round took 5.266084ms
Round took 5.443442ms
Round took 4.166462ms
Round took 5.004749ms
Round took 5.889372ms
Round took 4.908954ms
Round took 5.426474ms
Round took 4.159703ms
Round took 6.118457ms
Round took 4.777386ms
Round took 4.25718ms
Round took 5.771285ms
Round took 4.472397ms
Round took 5.365056ms
Round took 4.674098ms
Round took 5.820756ms
Round took 3.747121ms
Round took 5.588023ms
Round took 4.971351ms
Round took 5.622422ms
Round took 5.277812ms
Round took 4.434457ms
Round took 4.922157ms
Round took 5.277096ms
Round took 4.812215ms
Round took 5.332569ms
Round took 4.756516ms
Round took 5.936178ms
Round took 4.011544ms
Round took 5.266627ms
Round took 7.270616ms
Round took 6.10611ms
Round took 4.382772ms
Round took 5.089056ms
Round took 4.66069ms
Round took 5.856319ms
Round took 5.331479ms
Round took 5.056135ms
Round took 6.530269ms
Round took 5.229977ms
Round took 4.986401ms
Round took 4.283719ms
Round took 18.675308ms
Round took 5.689482ms
Round took 5.293981ms
Round took 4.862856ms
Round took 5.912107ms
Round took 5.984413ms
Round took 4.818289ms
Round took 5.551306ms
Round took 3.768593ms
Round took 4.854319ms
Round took 5.79166ms
Round took 5.860755ms
Round took 5.106091ms
Round took 4.55431ms
Round took 3.405751ms
Round took 6.170796ms
Round took 5.071724ms
Round took 5.078099ms
Round took 4.924113ms
Round took 5.242872ms
Round took 5.444796ms
Round took 4.984ms
Round took 5.004784ms
Round took 5.291143ms
Round took 4.761857ms
Round took 5.032209ms
Round took 5.111125ms
Round took 4.564339ms
Round took 5.336079ms
Round took 4.6471ms
Round took 4.862998ms
Round took 5.523453ms
Round took 4.842218ms
Round took 5.033022ms
Round took 5.022667ms
Round took 4.977847ms
Round took 5.26085ms
Round took 4.535208ms
Round took 5.778271ms
Round took 4.575425ms
Round took 4.724261ms
Round took 6.012929ms
Round took 5.059262ms
Round took 5.043665ms
Round took 4.522389ms
Round took 6.561299ms
Round took 4.996645ms
Round took 4.312587ms
Round took 4.538684ms
Round took 5.67356ms
Round took 4.713152ms
Round took 4.871297ms
Round took 6.046691ms
Round took 4.376765ms
Round took 5.17581ms
Round took 4.24386ms
Round took 5.352131ms
Round took 4.899868ms
Round took 5.188765ms
Round took 5.10617ms
Round took 5.5166ms
Round took 4.799442ms
Round took 4.622093ms
Round took 5.268802ms
Round took 5.36845ms
Round took 4.934632ms
Round took 5.163308ms
Round took 4.690145ms
Round took 4.931503ms
Round took 5.443722ms
Round took 4.786945ms
Round took 5.508924ms
Round took 4.785808ms
Round took 4.620163ms
Round took 4.885726ms
Round took 5.433482ms
Round took 5.945957ms
Round took 4.557281ms
Round took 5.481659ms
Round took 4.908927ms
Round took 5.072175ms
Round took 4.463333ms
Round took 6.321742ms
Round took 3.839088ms
Round took 5.294479ms
Round took 4.554482ms
Round took 6.090161ms
Round took 4.764221ms
Round took 4.357624ms
Round took 5.454574ms
Round took 5.167295ms
Round took 4.8713ms
Round took 4.898629ms
Round took 5.853113ms
Round took 4.2545ms
Round took 5.131791ms
Round took 4.813512ms
Round took 5.615138ms
Round took 5.002504ms
Round took 4.38017ms
Round took 5.138275ms
Round took 6.175501ms
Round took 5.063991ms
Round took 4.992394ms
Round took 5.12837ms
Round took 4.77444ms
Round took 5.39047ms
Round took 4.33289ms
Round took 5.716453ms
Round took 5.281971ms
Round took 4.179341ms
Round took 7.52425ms
Round took 4.32326ms
Round took 4.891232ms
Round took 4.164884ms
Round took 5.694871ms
Round took 4.597114ms
Round took 4.684924ms
Round took 6.503966ms
Round took 3.32531ms
Round took 5.877461ms
Round took 5.300764ms
Round took 5.559491ms
Round took 5.249454ms
Round took 4.430471ms
Round took 4.989726ms
Round took 5.114663ms
Round took 4.610327ms
Round took 4.950742ms
Round took 8.155656ms
Round took 5.548957ms
Round took 5.160314ms
Round took 4.890299ms
Round took 6.385089ms
Round took 5.117211ms
Round took 5.470982ms
Round took 5.384205ms
Round took 4.181065ms
Round took 5.123405ms
Round took 5.471561ms
Round took 5.233226ms
Round took 4.636464ms
Round took 7.049719ms
Round took 5.583678ms
Round took 5.033706ms
Round took 5.335408ms
Round took 4.823021ms
Round took 6.047172ms
Round took 4.903408ms
Round took 4.685023ms
Round took 5.728412ms
Round took 5.904016ms
Round took 4.534313ms
Round took 5.399793ms
Round took 6.390002ms
Round took 4.797321ms
Round took 7.206316ms
Round took 5.344727ms
Round took 5.26308ms
Round took 5.098318ms
Round took 4.904931ms
Round took 5.244891ms
Round took 5.139974ms
Round took 4.626801ms
Round took 5.08291ms
Round took 5.255303ms
Round took 4.932094ms
Round took 5.412962ms
Round took 5.806452ms
Round took 4.672704ms
Round took 4.908156ms
Round took 5.039424ms
Round took 6.594619ms
Round took 4.172524ms
Round took 4.98714ms
Round took 5.317325ms
Round took 5.397235ms
Round took 5.337698ms
Round took 4.502174ms
Round took 5.3418ms
Round took 5.366223ms
Round took 4.398468ms
Round took 5.489813ms
Round took 5.272662ms
Round took 4.599991ms
Round took 5.271829ms
Round took 5.622976ms
Round took 4.333666ms
Round took 5.302029ms
Round took 4.667341ms
Round took 6.312745ms
Round took 3.875334ms
Round took 5.172365ms
Round took 6.17659ms
Round took 4.424837ms
Round took 5.125099ms
Round took 4.719305ms
Round took 5.293189ms
Round took 4.681759ms
Round took 4.979589ms
Round took 5.729178ms
Round took 5.187716ms
Round took 5.509281ms
Round took 4.131249ms
Round took 5.867427ms
Round took 5.328699ms
Round took 4.577629ms
Round took 5.782869ms
Round took 4.637835ms
Round took 5.34389ms
Round took 5.248571ms
Round took 4.732786ms
Round took 5.109714ms
Round took 4.098849ms
Round took 5.180322ms
Round took 5.075975ms
Round took 5.384364ms
Round took 4.789666ms
Round took 6.634438ms
Round took 6.021197ms
Round took 5.018176ms
Round took 5.184621ms
Round took 4.920179ms
Round took 5.077164ms
Round took 5.16366ms
Round took 5.201175ms
Round took 5.483405ms
Round took 5.588179ms
Round took 4.472278ms
Round took 5.000714ms
Round took 5.118146ms
Round took 5.149387ms
Round took 5.000284ms
Round took 5.757103ms
Round took 4.675062ms
Round took 5.010142ms
Round took 4.921717ms
Round took 5.968651ms
Round took 4.54214ms
Round took 4.799449ms
Round took 4.995813ms
Round took 5.31667ms
Round took 4.695539ms
Round took 5.083347ms
Round took 6.233995ms
Round took 4.271524ms
Round took 5.013971ms
Round took 4.87208ms
Round took 5.022302ms
Round took 5.126774ms
Round took 4.965511ms
Round took 5.324813ms
Round took 5.13418ms
Round took 5.315322ms
Round took 5.114478ms
Round took 5.307061ms
Round took 4.752006ms
Round took 4.995361ms
Round took 4.974492ms
Round took 6.413066ms
Round took 4.310345ms
Round took 5.103034ms
Round took 4.961479ms
Round took 6.326819ms
Round took 5.532893ms
Round took 4.452065ms
Round took 5.273779ms
Round took 4.93928ms
Round took 4.613419ms
Round took 5.015182ms
Round took 5.785704ms
Round took 4.08738ms
Round took 5.36188ms
Round took 4.897973ms
Round took 5.242928ms
Round took 4.939127ms
Round took 5.415442ms
Round took 5.928667ms
Round took 4.006774ms
Round took 5.173766ms
Round took 5.012633ms
Round took 4.758203ms
Round took 5.595519ms
Round took 5.231325ms
Round took 5.418649ms
Round took 5.502724ms
Round took 4.324491ms
Round took 4.738119ms
Round took 5.508954ms
Round took 4.739825ms
Round took 4.859366ms
Round took 5.967699ms
Round took 5.738191ms
Round took 4.587945ms
Round took 5.683375ms
Round took 4.746997ms
Round took 4.284435ms
Round took 4.787916ms
Round took 4.328449ms
Round took 5.890982ms
Round took 4.690583ms
Round took 5.157788ms
Round took 5.748549ms
Round took 5.055046ms
Round took 5.06239ms
Round took 5.058858ms
Round took 5.133976ms
Round took 4.622418ms
Round took 4.801984ms
Round took 5.405432ms
Round took 5.437915ms
Round took 4.969106ms
Round took 4.39964ms
Round took 5.078547ms
Round took 5.308857ms
Round took 5.308699ms
Round took 4.436771ms
Round took 6.036153ms
Round took 5.145131ms
Round took 4.361514ms
Round took 5.967005ms
Round took 4.030621ms
Round took 5.559978ms
Round took 4.743428ms
Round took 5.259124ms
Round took 4.879919ms
Round took 4.913377ms
Round took 5.044235ms
Round took 5.983739ms
Round took 4.849552ms
Round took 4.787792ms
Round took 5.250392ms
Round took 4.568655ms
Round took 5.487356ms
Round took 4.434142ms
Round took 5.451447ms
Round took 5.525989ms
Round took 4.30655ms
Round took 5.135332ms
Round took 4.772853ms
Round took 7.921529ms
Round took 4.251562ms
Round took 4.70455ms
Round took 4.191339ms
Round took 3.801003ms
Round took 5.258953ms
Round took 4.73911ms
Round took 6.310404ms
Round took 5.039718ms
Round took 4.922266ms
Round took 4.988345ms
Round took 3.948398ms
Round took 5.521334ms
Round took 4.845382ms
Round took 5.490893ms
Round took 5.305516ms
Round took 4.613406ms
Round took 6.083256ms
Round took 3.890577ms
Round took 5.493669ms
Round took 4.953812ms
Round took 5.310673ms
Round took 5.301177ms
Round took 4.444201ms
Round took 5.249442ms
Round took 6.067093ms
Round took 4.816389ms
Round took 4.730085ms
Round took 5.517562ms
Round took 5.375102ms
Round took 4.614162ms
Round took 5.874047ms
Round took 3.643027ms
Round took 6.170818ms
Round took 4.473559ms
Round took 4.893396ms
Round took 6.169155ms
Round took 4.569744ms
Round took 5.75323ms
Round took 3.796571ms
Round took 5.383714ms
Round took 4.813521ms
Round took 5.172291ms
Round took 5.852917ms
Round took 4.980573ms
Round took 4.78621ms
Round took 5.232782ms
Round took 6.245202ms
Round took 6.628945ms
Round took 4.727777ms
Round took 4.827606ms
Round took 5.469513ms
Round took 4.792859ms
Round took 5.524953ms
Round took 4.884149ms
Round took 4.933674ms
Round took 5.167903ms
Round took 4.963586ms
Round took 5.003337ms
Round took 6.246233ms
Round took 4.506464ms
Round took 4.98588ms
Round took 5.438565ms
Round took 4.921555ms
Round took 4.85849ms
Round took 5.419245ms
Round took 4.58472ms
Round took 5.555831ms
Round took 4.305953ms
Round took 6.22303ms
Round took 4.980491ms
Round took 5.042811ms
Round took 4.715423ms
Round took 5.98607ms
Round took 4.133936ms
Round took 5.238131ms
Round took 5.120596ms
Round took 4.78582ms
Round took 5.892722ms
Round took 4.694832ms
Round took 6.000237ms
Round took 4.035643ms
Round took 5.336735ms
Round took 4.84736ms
Round took 5.470993ms
Round took 5.361364ms
Round took 4.403194ms
Round took 6.409453ms
Round took 4.534193ms
Round took 5.079005ms
Round took 4.962503ms
Round took 4.885913ms
Round took 5.124187ms
Round took 4.926752ms
Round took 5.875102ms
Round took 4.648923ms
Round took 5.093368ms
Round took 5.106764ms
Round took 5.183067ms
Round took 4.41449ms
Round took 4.960627ms
Round took 5.842265ms
Round took 4.136526ms
Round took 4.929877ms
Round took 5.270404ms
Round took 4.934536ms
Round took 5.348621ms
Round took 5.458575ms
Round took 4.792741ms
Round took 5.355727ms
Round took 4.677558ms
Round took 5.321483ms
Round took 5.684833ms
Round took 7.292317ms
Round took 4.868267ms
Round took 4.721851ms
Round took 3.904207ms
Round took 3.967201ms
Round took 5.270225ms
Round took 5.133085ms
Round took 5.952985ms
Round took 4.948031ms
Round took 6.265152ms
Round took 6.640715ms
Round took 4.744713ms
Round took 4.923204ms
Round took 5.056931ms
Round took 5.177651ms
Round took 4.909185ms
Round took 5.200793ms
Round took 4.989284ms
Round took 5.631579ms
Round took 4.946287ms
Round took 5.010716ms
Round took 6.026878ms
Round took 4.421655ms
Round took 4.85979ms
Round took 5.534873ms
Round took 4.915385ms
Round took 5.04254ms
Round took 5.140945ms
Round took 5.926105ms
Round took 5.619238ms
Round took 5.177194ms
Round took 5.162407ms
Round took 5.191931ms
Round took 4.731265ms
Round took 3.76938ms
Round took 5.303237ms
Round took 5.111926ms
Round took 5.699043ms
Round took 4.840139ms
Round took 7.211056ms
Round took 6.19918ms
Round took 4.203517ms
Round took 4.650148ms
Round took 4.730682ms
Round took 4.327231ms
Round took 3.58142ms
Round took 5.824038ms
Round took 5.285008ms
Round took 4.425597ms
Round took 4.934734ms
Round took 5.085631ms
Round took 6.239743ms
Round took 5.221904ms
Round took 4.912038ms
Round took 5.245748ms
Round took 4.817676ms
Round took 5.167652ms
Round took 5.503325ms
Round took 4.999163ms
Round took 5.010631ms
Round took 4.92416ms
Round took 4.971925ms
Round took 5.148313ms
Round took 5.117524ms
Round took 5.290112ms
Round took 4.6989ms
Round took 5.513138ms
Round took 4.858857ms
Round took 5.224737ms
Round took 5.136ms
Round took 4.745189ms
Round took 5.095663ms
Round took 5.376581ms
Round took 4.835199ms
Round took 4.629741ms
Round took 5.761692ms
Round took 4.48397ms
Round took 5.309509ms
Round took 4.974618ms
Round took 5.162007ms
Round took 5.456648ms
Round took 4.402837ms
Round took 5.378207ms
Round took 5.146723ms
Round took 5.050401ms
Round took 4.992441ms
Round took 5.110334ms
Round took 5.028318ms
Round took 5.294896ms
Round took 5.267947ms
Round took 5.52463ms
Round took 5.06497ms
Round took 5.452587ms
Test took 5.208926271s
Successful: 10000
