Uniform distribution
2021/04/16 21:40:47 The leader is replica 0
Round took 6.850639ms
Round took 9.80738ms
Round took 3.835689ms
Round took 3.960504ms
Round took 6.02645ms
Round took 5.025861ms
Round took 4.723841ms
Round took 6.218701ms
Round took 4.595549ms
Round took 3.841425ms
Round took 4.898577ms
Round took 5.136446ms
Round took 5.285724ms
Round took 5.593967ms
Round took 4.977991ms
Round took 5.388046ms
Round took 4.779237ms
Round took 4.948564ms
Round took 5.378564ms
Round took 5.073974ms
Round took 5.662152ms
Round took 4.792999ms
Round took 4.949245ms
Round took 4.392521ms
Round took 5.389345ms
Round took 4.935779ms
Round took 5.427514ms
Round took 5.545057ms
Round took 4.364213ms
Round took 6.15825ms
Round took 3.659435ms
Round took 5.309024ms
Round took 4.507765ms
Round took 4.926537ms
Round took 6.448723ms
Round took 6.656285ms
Round took 7.257148ms
Round took 7.204722ms
Round took 4.483535ms
Round took 3.992111ms
Round took 7.009267ms
Round took 6.295916ms
Round took 5.917426ms
Round took 4.592329ms
Round took 5.690463ms
Round took 4.465009ms
Round took 5.126275ms
Round took 4.550489ms
Round took 7.289688ms
Round took 4.731489ms
Round took 5.623633ms
Round took 4.793578ms
Round took 3.606924ms
Round took 3.920504ms
Round took 5.813765ms
Round took 5.784847ms
Round took 5.013973ms
Round took 4.962824ms
Round took 4.648958ms
Round took 5.564772ms
Round took 5.02288ms
Round took 3.986438ms
Round took 5.440269ms
Round took 6.510275ms
Round took 5.893267ms
Round took 4.876018ms
Round took 4.100327ms
Round took 4.943205ms
Round took 5.198562ms
Round took 5.128384ms
Round took 5.237956ms
Round took 5.103543ms
Round took 4.729465ms
Round took 5.190432ms
Round took 4.766713ms
Round took 5.035429ms
Round took 6.188082ms
Round took 4.233204ms
Round took 4.768425ms
Round took 4.937661ms
Round took 5.307724ms
Round took 5.689978ms
Round took 4.13519ms
Round took 5.183082ms
Round took 5.150003ms
Round took 4.890109ms
Round took 5.076502ms
Round took 4.770139ms
Round took 5.607423ms
Round took 4.740732ms
Round took 5.109557ms
Round took 5.695292ms
Round took 4.791312ms
Round took 5.218519ms
Round took 4.97865ms
Round took 5.39473ms
Round took 5.442776ms
Round took 4.583232ms
Round took 5.698742ms
Round took 4.399118ms
Round took 5.013328ms
Round took 4.873809ms
Round took 5.440869ms
Round took 5.526759ms
Round took 5.151184ms
Round took 4.937561ms
Round took 5.233857ms
Round took 6.787853ms
Round took 5.017131ms
Round took 4.955343ms
Round took 4.875058ms
Round took 5.278044ms
Round took 5.140291ms
Round took 5.039149ms
Round took 5.028672ms
Round took 5.142101ms
Round took 4.67738ms
Round took 5.350464ms
Round took 5.530582ms
Round took 4.527086ms
Round took 4.795086ms
Round took 4.983391ms
Round took 5.374296ms
Round took 5.316188ms
Round took 4.524121ms
Round took 5.20904ms
Round took 5.493002ms
Round took 5.208671ms
Round took 4.643276ms
Round took 6.045074ms
Round took 4.406407ms
Round took 4.526167ms
Round took 5.393995ms
Round took 5.188361ms
Round took 4.804752ms
Round took 4.948339ms
Round took 5.163657ms
Round took 5.310446ms
Round took 5.43253ms
Round took 4.773734ms
Round took 5.8644ms
Round took 5.329693ms
Round took 6.820788ms
Round took 4.874768ms
Round took 5.083731ms
Round took 4.522472ms
Round took 3.815762ms
Round took 4.150195ms
Round took 5.922619ms
Round took 5.551639ms
Round took 5.840854ms
Round took 4.628809ms
Round took 4.11651ms
Round took 5.511303ms
Round took 5.298564ms
Round took 4.950445ms
Round took 5.03528ms
Round took 4.566463ms
Round took 5.273225ms
Round took 4.94903ms
Round took 5.009141ms
Round took 4.606369ms
Round took 5.420715ms
Round took 5.079247ms
Round took 5.067543ms
Round took 5.485164ms
Round took 5.224218ms
Round took 5.229995ms
Round took 4.375829ms
Round took 5.107041ms
Round took 5.608736ms
Round took 4.637017ms
Round took 5.587159ms
Round took 5.014074ms
Round took 4.202909ms
Round took 5.185032ms
Round took 5.527597ms
Round took 4.851052ms
Round took 4.832764ms
Round took 4.588834ms
Round took 5.443214ms
Round took 5.611322ms
Round took 4.352877ms
Round took 4.737415ms
Round took 6.197594ms
Round took 5.062752ms
Round took 4.668009ms
Round took 5.799914ms
Round took 5.010842ms
Round took 5.23921ms
Round took 6.213384ms
Round took 3.6418ms
Round took 5.804691ms
Round took 4.851275ms
Round took 5.644202ms
Round took 4.827717ms
Round took 5.073947ms
Round took 5.518782ms
Round took 4.872391ms
Round took 5.024058ms
Round took 5.983721ms
Round took 4.329863ms
Round took 4.733264ms
Round took 5.034693ms
Round took 4.718707ms
Round took 5.963965ms
Round took 4.208308ms
Round took 5.162933ms
Round took 4.619964ms
Round took 5.083902ms
Round took 5.413644ms
Round took 5.609524ms
Round took 4.748229ms
Round took 5.61143ms
Round took 5.016712ms
Round took 5.460452ms
Round took 3.770846ms
Round took 5.410986ms
Round took 5.425256ms
Round took 5.540081ms
Round took 4.417305ms
Round took 5.237253ms
Round took 4.997423ms
Round took 5.060157ms
Round took 5.080183ms
Round took 5.089231ms
Round took 4.436681ms
Round took 5.556921ms
Round took 4.704465ms
Round took 5.164968ms
Round took 5.536965ms
Round took 4.506776ms
Round took 6.1134ms
Round took 4.104109ms
Round took 5.670622ms
Round took 4.381868ms
Round took 5.149603ms
Round took 4.779371ms
Round took 5.686324ms
Round took 5.718162ms
Round took 4.570506ms
Round took 5.753884ms
Round took 4.322772ms
Round took 5.263218ms
Round took 4.785456ms
Round took 5.469266ms
Round took 5.413955ms
Round took 4.528728ms
Round took 5.618485ms
Round took 4.495653ms
Round took 5.261175ms
Round took 4.536275ms
Round took 5.898245ms
Round took 4.83608ms
Round took 3.942927ms
Round took 7.098297ms
Round took 5.680186ms
Round took 4.871501ms
Round took 4.772606ms
Round took 4.186107ms
Round took 4.837735ms
Round took 5.263587ms
Round took 4.702067ms
Round took 5.883871ms
Round took 4.377283ms
Round took 5.250305ms
Round took 4.532634ms
Round took 5.757618ms
Round took 4.471499ms
Round took 5.149702ms
Round took 4.825814ms
Round took 5.359044ms
Round took 5.276737ms
Round took 4.835844ms
Round took 6.659992ms
Round took 4.473263ms
Round took 4.148175ms
Round took 4.538815ms
Round took 5.514641ms
Round took 5.338227ms
Round took 4.673805ms
Round took 5.402222ms
Round took 4.791771ms
Round took 4.831301ms
Round took 4.756113ms
Round took 5.519279ms
Round took 5.72533ms
Round took 4.571417ms
Round took 5.889016ms
Round took 3.968227ms
Round took 5.07575ms
Round took 4.812258ms
Round took 5.071214ms
Round took 6.146296ms
Round took 4.225681ms
Round took 5.137201ms
Round took 5.930654ms
Round took 4.259862ms
Round took 4.765738ms
Round took 5.018789ms
Round took 5.070562ms
Round took 5.311041ms
Round took 5.218978ms
Round took 5.701585ms
Round took 5.026173ms
Round took 4.420869ms
Round took 5.298404ms
Round took 5.610087ms
Round took 4.447491ms
Round took 4.649982ms
Round took 6.859027ms
Round took 6.034048ms
Round took 5.441419ms
Round took 5.116842ms
Round took 4.595509ms
Round took 5.251918ms
Round took 4.810374ms
Round took 5.421025ms
Round took 4.673115ms
Round took 6.074258ms
Round took 4.309521ms
Round took 4.982363ms
Round took 4.999493ms
Round took 5.088811ms
Round took 5.411544ms
Round took 4.756367ms
Round took 5.141493ms
Round took 5.030721ms
Round took 5.318616ms
Round took 4.622309ms
Round took 5.725638ms
Round took 4.443384ms
Round took 4.976304ms
Round took 4.974844ms
Round took 5.660515ms
Round took 5.070987ms
Round took 5.366909ms
Round took 4.653254ms
Round took 5.116208ms
Round took 5.192617ms
Round took 5.039862ms
Round took 5.818569ms
Round took 5.480133ms
Round took 4.533626ms
Round took 5.655033ms
Round took 4.661843ms
Round took 5.144485ms
Round took 4.944096ms
Round took 5.782707ms
Round took 4.447662ms
Round took 5.150774ms
Round took 5.576922ms
Round took 4.707359ms
Round took 5.202176ms
Round took 4.52175ms
Round took 5.928435ms
Round took 5.097378ms
Round took 4.989723ms
Round took 4.612741ms
Round took 5.664826ms
Round took 4.693903ms
Round took 4.297322ms
Round took 5.774499ms
Round took 4.853414ms
Round took 5.036483ms
Round took 5.275451ms
Round took 5.098602ms
Round took 4.976809ms
Round took 5.24915ms
Round took 5.034744ms
Round took 6.018285ms
Round took 3.729491ms
Round took 5.763811ms
Round took 4.37383ms
Round took 5.145218ms
Round took 5.471899ms
Round took 4.596692ms
Round took 5.635748ms
Round took 4.774717ms
Round took 5.440389ms
Round took 4.320135ms
Round took 5.532462ms
Round took 5.064362ms
Round took 4.942405ms
Round took 5.801982ms
Round took 4.503224ms
Round took 4.84297ms
Round took 5.077999ms
Round took 5.30973ms
Round took 5.439549ms
Round took 4.8998ms
Round took 5.978494ms
Round took 3.988032ms
Round took 5.156ms
Round took 5.476874ms
Round took 6.196632ms
Round took 4.351123ms
Round took 4.516789ms
Round took 5.932445ms
Round took 4.400405ms
Round took 5.255695ms
Round took 6.394816ms
Round took 3.920205ms
Round took 7.547278ms
Round took 5.122973ms
Round took 4.754115ms
Round took 3.521474ms
Round took 18.084164ms
Round took 4.919447ms
Round took 4.729524ms
Round took 4.839441ms
Round took 5.857467ms
Round took 5.933315ms
Round took 4.828922ms
Round took 5.562334ms
Round took 4.576452ms
Round took 4.986115ms
Round took 6.561051ms
Round took 5.547794ms
Round took 5.901771ms
Round took 3.468807ms
Round took 3.509693ms
Round took 6.386858ms
Round took 4.858848ms
Round took 5.687096ms
Round took 4.649008ms
Round took 5.206448ms
Round took 5.082899ms
Round took 5.181836ms
Round took 5.116144ms
Round took 4.349726ms
Round took 5.17679ms
Round took 5.616696ms
Round took 4.563201ms
Round took 4.461514ms
Round took 5.089948ms
Round took 5.606819ms
Round took 4.331177ms
Round took 5.506691ms
Round took 4.75355ms
Round took 5.760545ms
Round took 4.448891ms
Round took 5.094463ms
Round took 6.084716ms
Round took 4.537721ms
Round took 5.407279ms
Round took 4.680537ms
Round took 5.139905ms
Round took 5.795664ms
Round took 4.573683ms
Round took 5.349051ms
Round took 4.207329ms
Round took 7.595688ms
Round took 4.302409ms
Round took 4.488296ms
Round took 4.223787ms
Round took 5.137311ms
Round took 4.914892ms
Round took 5.170737ms
Round took 5.916711ms
Round took 4.381063ms
Round took 5.597235ms
Round took 4.04022ms
Round took 4.795648ms
Round took 4.486415ms
Round took 5.320538ms
Round took 5.850452ms
Round took 4.875257ms
Round took 4.793619ms
Round took 4.517682ms
Round took 5.278495ms
Round took 5.405152ms
Round took 5.004234ms
Round took 6.024654ms
Round took 3.95255ms
Round took 4.558943ms
Round took 5.490212ms
Round took 5.043814ms
Round took 5.198981ms
Round took 4.89321ms
Round took 4.957624ms
Round took 5.03305ms
Round took 5.22749ms
Round took 5.909301ms
Round took 4.856795ms
Round took 5.24926ms
Round took 4.903737ms
Round took 5.576033ms
Round took 4.500645ms
Round took 5.721377ms
Round took 3.902722ms
Round took 5.897067ms
Round took 4.512517ms
Round took 5.562251ms
Round took 4.220627ms
Round took 4.588144ms
Round took 5.979293ms
Round took 4.753008ms
Round took 4.813043ms
Round took 5.733623ms
Round took 4.780163ms
Round took 4.654362ms
Round took 5.213162ms
Round took 5.235748ms
Round took 5.303676ms
Round took 5.002354ms
Round took 4.424895ms
Round took 5.278427ms
Round took 5.401634ms
Round took 5.173807ms
Round took 5.273238ms
Round took 4.803568ms
Round took 4.784128ms
Round took 5.370866ms
Round took 4.54294ms
Round took 5.474996ms
Round took 4.848214ms
Round took 3.968252ms
Round took 5.885121ms
Round took 4.543802ms
Round took 4.96571ms
Round took 4.61719ms
Round took 5.579185ms
Round took 4.934576ms
Round took 4.77816ms
Round took 5.261908ms
Round took 4.937331ms
Round took 5.887905ms
Round took 4.742147ms
Round took 5.896332ms
Round took 5.024321ms
Round took 4.439075ms
Round took 4.593594ms
Round took 5.1291ms
Round took 5.074229ms
Round took 4.654069ms
Round took 4.987758ms
Round took 5.886501ms
Round took 4.957818ms
Round took 5.156812ms
Round took 5.15912ms
Round took 5.37348ms
Round took 4.406566ms
Round took 4.911438ms
Round took 5.854625ms
Round took 4.191748ms
Round took 5.080392ms
Round took 4.852974ms
Round took 5.53581ms
Round took 4.620695ms
Round took 5.137251ms
Round took 4.537495ms
Round took 5.596317ms
Round took 4.779116ms
Round took 5.394362ms
Round took 4.917724ms
Round took 5.947327ms
Round took 4.624167ms
Round took 4.670201ms
Round took 5.869697ms
Round took 5.086561ms
Round took 4.669923ms
Round took 5.510911ms
Round took 5.015703ms
Round took 4.391918ms
Round took 5.306054ms
Round took 4.617276ms
Round took 5.806097ms
Round took 5.243983ms
Round took 5.357915ms
Round took 5.281074ms
Round took 4.451904ms
Round took 5.102515ms
Round took 4.548821ms
Round took 5.276572ms
Round took 4.940414ms
Round took 4.720493ms
Round took 5.130727ms
Round took 5.831961ms
Round took 4.569183ms
Round took 4.918967ms
Round took 5.434799ms
Round took 5.458927ms
Round took 4.644756ms
Round took 4.991362ms
Round took 5.253125ms
Round took 4.756951ms
Round took 5.099103ms
Round took 4.473107ms
Round took 5.399906ms
Round took 5.234488ms
Round took 4.431621ms
Round took 5.309191ms
Round took 5.528773ms
Round took 4.633905ms
Round took 5.210954ms
Round took 5.698424ms
Round took 4.2693ms
Round took 5.247836ms
Round took 4.694635ms
Round took 6.304183ms
Round took 3.904354ms
Round took 5.211194ms
Round took 5.869456ms
Round took 4.68757ms
Round took 5.133993ms
Round took 4.753656ms
Round took 5.304056ms
Round took 4.881378ms
Round took 4.966197ms
Round took 5.857187ms
Round took 5.211785ms
Round took 5.44307ms
Round took 4.125245ms
Round took 5.226226ms
Round took 5.530825ms
Round took 4.607303ms
Round took 5.755477ms
Round took 4.379864ms
Round took 5.432005ms
Round took 5.010083ms
Round took 5.551103ms
Round took 5.515719ms
Round took 4.077508ms
Round took 5.7105ms
Round took 4.517151ms
Round took 5.172143ms
Round took 4.664191ms
Round took 5.968921ms
Round took 4.450446ms
Round took 4.548775ms
Round took 4.901209ms
Round took 5.581254ms
Round took 4.639883ms
Round took 4.885734ms
Round took 5.203279ms
Round took 5.527445ms
Round took 5.059661ms
Round took 4.590744ms
Round took 4.350461ms
Round took 4.960813ms
Round took 5.075474ms
Round took 5.106949ms
Round took 4.874792ms
Round took 5.758148ms
Round took 4.625626ms
Round took 5.011109ms
Round took 4.963939ms
Round took 6.053307ms
Round took 4.60065ms
Round took 4.827336ms
Round took 6.622812ms
Round took 5.123143ms
Round took 4.652363ms
Round took 5.601646ms
Round took 5.989759ms
Round took 4.216912ms
Round took 5.119241ms
Round took 4.501624ms
Round took 4.821771ms
Round took 4.583071ms
Round took 5.02515ms
Round took 6.05603ms
Round took 4.637523ms
Round took 4.660019ms
Round took 6.582828ms
Round took 4.464678ms
Round took 4.799339ms
Round took 5.289914ms
Round took 5.504463ms
Round took 5.350397ms
Round took 4.279301ms
Round took 5.945423ms
Round took 3.439884ms
Round took 6.35315ms
Round took 5.465937ms
Round took 4.448977ms
Round took 5.198961ms
Round took 4.938236ms
Round took 5.360018ms
Round took 4.271918ms
Round took 5.756201ms
Round took 4.608703ms
Round took 6.18135ms
Round took 3.668825ms
Round took 5.283727ms
Round took 4.947024ms
Round took 5.39918ms
Round took 5.735211ms
Round took 4.019829ms
Round took 5.415618ms
Round took 4.666521ms
Round took 4.533035ms
Round took 5.489652ms
Round took 5.219561ms
Round took 5.47905ms
Round took 5.497318ms
Round took 4.281528ms
Round took 6.451813ms
Round took 6.076894ms
Round took 5.205302ms
Round took 5.121484ms
Round took 5.111106ms
Round took 5.840803ms
Round took 5.608889ms
Round took 4.533659ms
Round took 4.664899ms
Round took 5.170888ms
Round took 4.276115ms
Round took 5.284011ms
Round took 5.114381ms
Round took 5.108783ms
Round took 5.229222ms
Round took 4.886448ms
Round took 5.336095ms
Round took 4.701279ms
Round took 5.44761ms
Round took 4.603514ms
Round took 5.213449ms
Round took 5.095421ms
Round took 5.081332ms
Round took 5.792102ms
Round took 4.422607ms
Round took 5.040233ms
Round took 5.483489ms
Round took 5.073051ms
Round took 4.767586ms
Round took 5.02711ms
Round took 5.674996ms
Round took 4.379108ms
Round took 5.510389ms
Round took 4.718268ms
Round took 5.584791ms
Round took 4.722652ms
Round took 4.947608ms
Round took 5.156813ms
Round took 5.098587ms
Round took 5.05095ms
Round took 5.30247ms
Round took 5.694982ms
Round took 4.487966ms
Round took 4.467561ms
Round took 5.086117ms
Round took 5.941356ms
Round took 4.397347ms
Round took 4.979429ms
Round took 5.198671ms
Round took 4.973345ms
Round took 4.875186ms
Round took 5.071088ms
Round took 5.143791ms
Round took 6.458157ms
Round took 4.553678ms
Round took 4.748033ms
Round took 4.412427ms
Round took 5.118748ms
Round took 4.880196ms
Round took 5.233389ms
Round took 5.845477ms
Round took 4.644152ms
Round took 4.811693ms
Round took 4.716265ms
Round took 5.358318ms
Round took 5.007687ms
Round took 4.903073ms
Round took 5.36131ms
Round took 4.90246ms
Round took 5.32174ms
Round took 4.605356ms
Round took 5.671169ms
Round took 4.869694ms
Round took 5.294133ms
Round took 4.83405ms
Round took 4.897687ms
Round took 5.340376ms
Round took 4.818113ms
Round took 6.226685ms
Round took 4.45222ms
Round took 5.010417ms
Round took 5.159736ms
Round took 5.147587ms
Round took 5.278965ms
Round took 4.367551ms
Round took 6.053451ms
Round took 4.49249ms
Round took 4.674396ms
Round took 4.923615ms
Round took 5.066873ms
Round took 5.587435ms
Round took 4.41157ms
Round took 5.11755ms
Round took 5.084699ms
Round took 5.142677ms
Round took 4.989306ms
Round took 5.201802ms
Round took 5.055122ms
Round took 5.043189ms
Round took 4.957687ms
Round took 5.033044ms
Round took 6.081294ms
Round took 4.73725ms
Round took 4.830923ms
Round took 5.538154ms
Round took 4.786702ms
Round took 5.549731ms
Round took 5.30144ms
Round took 4.28327ms
Round took 5.172916ms
Round took 4.979955ms
Round took 4.980139ms
Round took 5.093645ms
Round took 4.754763ms
Round took 4.997102ms
Round took 5.354083ms
Round took 5.06499ms
Round took 4.954982ms
Round took 5.36803ms
Round took 4.866422ms
Round took 5.635857ms
Round took 4.254092ms
Round took 6.066166ms
Round took 5.052463ms
Round took 4.983441ms
Round took 4.629204ms
Round took 5.757365ms
Round took 4.113176ms
Round took 5.189854ms
Round took 4.79758ms
Round took 5.102562ms
Round took 5.918202ms
Round took 4.719554ms
Round took 5.846588ms
Round took 3.983679ms
Round took 5.228306ms
Round took 4.873731ms
Round took 5.574618ms
Round took 5.151134ms
Round took 4.50056ms
Round took 5.164204ms
Round took 5.129375ms
Round took 4.947216ms
Round took 4.802887ms
Round took 5.222825ms
Round took 5.037966ms
Round took 4.853936ms
Round took 5.305103ms
Round took 4.994712ms
Round took 5.026629ms
Round took 4.872549ms
Round took 4.961715ms
Round took 5.468115ms
Round took 4.970941ms
Round took 4.721377ms
Round took 4.892874ms
Round took 7.11702ms
Round took 5.334977ms
Round took 5.5622ms
Round took 5.071707ms
Round took 5.443603ms
Round took 4.75477ms
Round took 5.008126ms
Round took 4.796201ms
Round took 5.296135ms
Round took 5.166817ms
Round took 6.830551ms
Round took 5.370781ms
Round took 4.813327ms
Round took 3.846049ms
Round took 3.786825ms
Round took 5.258909ms
Round took 5.895703ms
Round took 6.174328ms
Round took 5.70482ms
Round took 4.840695ms
Round took 3.567942ms
Round took 5.79003ms
Round took 5.40301ms
Round took 4.611199ms
Round took 5.317478ms
Round took 4.591957ms
Round took 4.798169ms
Round took 5.147616ms
Round took 5.291596ms
Round took 4.707715ms
Round took 5.353457ms
Round took 5.880257ms
Round took 4.58915ms
Round took 4.628197ms
Round took 5.064713ms
Round took 5.385817ms
Round took 5.104918ms
Round took 5.453792ms
Round took 5.079716ms
Round took 6.080635ms
Round took 4.738163ms
Round took 5.108872ms
Round took 5.074856ms
Round took 5.932522ms
Round took 3.800426ms
Round took 4.030852ms
Round took 5.961304ms
Round took 4.070517ms
Round took 6.163324ms
Round took 4.640618ms
Round took 8.476979ms
Round took 4.222928ms
Round took 4.987681ms
Round took 4.566943ms
Round took 5.22821ms
Round took 3.473169ms
Round took 6.132127ms
Round took 5.28415ms
Round took 5.048218ms
Round took 5.041142ms
Round took 5.070149ms
Round took 5.135964ms
Round took 5.900344ms
Round took 5.480553ms
Round took 4.689685ms
Round took 5.346418ms
Round took 4.713902ms
Round took 5.016696ms
Round took 5.637114ms
Round took 4.552635ms
Round took 5.051792ms
Round took 4.884961ms
Round took 5.03247ms
Round took 5.166897ms
Round took 5.222694ms
Round took 5.84315ms
Round took 4.175454ms
Round took 5.411699ms
Round took 4.731837ms
Round took 5.20248ms
Round took 5.124692ms
Round took 4.744906ms
Round took 5.099208ms
Round took 5.519445ms
Round took 4.501831ms
Round took 4.564397ms
Round took 5.999989ms
Round took 4.392329ms
Round took 5.335776ms
Round took 4.885785ms
Round took 5.357037ms
Round took 5.123323ms
Round took 4.78347ms
Round took 5.374058ms
Round took 5.221979ms
Round took 5.104563ms
Round took 5.024704ms
Round took 5.111268ms
Round took 4.886349ms
Round took 4.997464ms
Round took 5.235241ms
Round took 5.501958ms
Round took 4.842713ms
Round took 4.693796ms
Round took 4.296503ms
Round took 6.287183ms
Round took 4.919741ms
Round took 6.018986ms
Round took 5.550459ms
Round took 4.225127ms
Round took 4.447674ms
Round took 4.765073ms
Round took 5.734224ms
Round took 4.728428ms
Round took 5.126073ms
Round took 6.443173ms
Round took 4.322122ms
Round took 5.172707ms
Round took 5.138512ms
Round took 4.941321ms
Round took 5.227855ms
Round took 4.858745ms
Round took 5.591768ms
Round took 4.69813ms
Round took 5.343502ms
Round took 4.791473ms
Round took 4.976712ms
Round took 5.134853ms
Round took 5.110491ms
Round took 5.793151ms
Round took 4.499781ms
Round took 5.018382ms
Round took 5.041494ms
Round took 5.045089ms
Round took 5.114109ms
Round took 5.207839ms
Round took 4.707499ms
Round took 5.173262ms
Round took 5.20365ms
Round took 5.070624ms
Round took 5.411252ms
Round took 6.487347ms
Round took 3.498483ms
Round took 4.833549ms
Round took 5.087008ms
Round took 4.690329ms
Test took 5.135094604s
Successful: 10000
