Uniform distribution
2021/04/16 21:40:47 The leader is replica 0
Round took 3.064114ms
Round took 4.758853ms
Round took 5.228579ms
Round took 6.234238ms
Round took 6.865588ms
Round took 6.540288ms
Round took 7.855305ms
Round took 6.524769ms
Round took 3.251515ms
Round took 4.700868ms
Round took 6.074343ms
Round took 4.680461ms
Round took 4.33578ms
Round took 5.002093ms
Round took 5.319464ms
Round took 5.067621ms
Round took 5.106586ms
Round took 5.504236ms
Round took 4.476308ms
Round took 5.114348ms
Round took 4.776467ms
Round took 6.665039ms
Round took 4.075099ms
Round took 4.914233ms
Round took 5.116849ms
Round took 4.954078ms
Round took 5.097874ms
Round took 4.402213ms
Round took 5.122798ms
Round took 5.454615ms
Round took 5.219576ms
Round took 4.650951ms
Round took 5.163171ms
Round took 6.23405ms
Round took 4.519228ms
Round took 5.062002ms
Round took 4.908857ms
Round took 5.79697ms
Round took 3.792976ms
Round took 5.042476ms
Round took 7.39544ms
Round took 3.79176ms
Round took 5.157294ms
Round took 6.322168ms
Round took 4.452418ms
Round took 3.982679ms
Round took 5.155513ms
Round took 5.618447ms
Round took 4.447086ms
Round took 5.222465ms
Round took 4.689409ms
Round took 6.274705ms
Round took 5.729212ms
Round took 6.75228ms
Round took 5.730487ms
Round took 6.671606ms
Round took 6.903265ms
Round took 8.823205ms
Round took 3.965685ms
Round took 4.041186ms
Round took 5.807178ms
Round took 5.176788ms
Round took 4.356814ms
Round took 4.910296ms
Round took 5.597836ms
Round took 4.588943ms
Round took 4.877664ms
Round took 5.175827ms
Round took 5.313604ms
Round took 5.597691ms
Round took 4.980183ms
Round took 5.357453ms
Round took 4.856491ms
Round took 4.934758ms
Round took 5.029677ms
Round took 5.16708ms
Round took 5.615364ms
Round took 4.722ms
Round took 4.94627ms
Round took 4.484186ms
Round took 5.358081ms
Round took 4.969314ms
Round took 5.394763ms
Round took 5.534845ms
Round took 4.365289ms
Round took 6.296762ms
Round took 3.525947ms
Round took 6.483938ms
Round took 4.342253ms
Round took 7.043381ms
Round took 6.354643ms
Round took 8.868839ms
Round took 5.798806ms
Round took 6.21274ms
Round took 4.020165ms
Round took 6.53106ms
Round took 5.739162ms
Round took 6.522293ms
Round took 4.206661ms
Round took 5.667423ms
Round took 5.064996ms
Round took 6.299055ms
Round took 4.476673ms
Round took 6.918869ms
Round took 5.136114ms
Round took 5.541677ms
Round took 5.045261ms
Round took 3.58566ms
Round took 3.791684ms
Round took 5.780926ms
Round took 5.727319ms
Round took 5.108207ms
Round took 4.99627ms
Round took 4.699921ms
Round took 5.002953ms
Round took 6.982517ms
Round took 4.437762ms
Round took 7.088529ms
Round took 7.138586ms
Round took 4.810251ms
Round took 4.32649ms
Round took 5.742427ms
Round took 4.857607ms
Round took 4.804626ms
Round took 5.372816ms
Round took 5.117581ms
Round took 4.774818ms
Round took 4.82169ms
Round took 5.252115ms
Round took 6.150211ms
Round took 6.195311ms
Round took 5.165957ms
Round took 4.202813ms
Round took 5.005286ms
Round took 5.352053ms
Round took 5.806602ms
Round took 4.516297ms
Round took 5.374104ms
Round took 5.690932ms
Round took 6.086039ms
Round took 5.216355ms
Round took 5.401771ms
Round took 4.516202ms
Round took 5.207016ms
Round took 4.954622ms
Round took 5.043421ms
Round took 5.619708ms
Round took 5.198618ms
Round took 5.027285ms
Round took 4.812669ms
Round took 5.243391ms
Round took 4.986422ms
Round took 4.808832ms
Round took 5.375437ms
Round took 5.846611ms
Round took 4.693201ms
Round took 5.770964ms
Round took 5.660644ms
Round took 4.478078ms
Round took 4.378313ms
Round took 5.198776ms
Round took 5.792093ms
Round took 5.005861ms
Round took 6.711706ms
Round took 3.998344ms
Round took 5.110792ms
Round took 5.615854ms
Round took 5.141103ms
Round took 4.837036ms
Round took 5.053185ms
Round took 5.988677ms
Round took 6.638469ms
Round took 5.097529ms
Round took 4.907431ms
Round took 4.931112ms
Round took 5.258326ms
Round took 5.304667ms
Round took 4.521336ms
Round took 5.473277ms
Round took 5.482511ms
Round took 5.156134ms
Round took 4.701344ms
Round took 6.013113ms
Round took 4.37456ms
Round took 4.550453ms
Round took 5.367643ms
Round took 5.128798ms
Round took 4.886319ms
Round took 5.134595ms
Round took 5.906204ms
Round took 4.549302ms
Round took 5.401888ms
Round took 4.717543ms
Round took 5.934634ms
Round took 5.63139ms
Round took 6.718708ms
Round took 5.019494ms
Round took 5.716203ms
Round took 3.767516ms
Round took 3.522285ms
Round took 5.38928ms
Round took 4.867001ms
Round took 6.623094ms
Round took 4.84643ms
Round took 4.667404ms
Round took 3.956397ms
Round took 5.966421ms
Round took 4.929121ms
Round took 4.896625ms
Round took 5.127408ms
Round took 4.537701ms
Round took 6.059457ms
Round took 4.695298ms
Round took 7.53804ms
Round took 4.973354ms
Round took 5.069162ms
Round took 5.099477ms
Round took 4.976553ms
Round took 5.575937ms
Round took 5.244428ms
Round took 4.433268ms
Round took 5.097034ms
Round took 5.590685ms
Round took 4.574142ms
Round took 5.460021ms
Round took 4.674992ms
Round took 5.238604ms
Round took 5.015542ms
Round took 5.376467ms
Round took 5.357971ms
Round took 4.959812ms
Round took 4.661166ms
Round took 5.133483ms
Round took 5.859076ms
Round took 4.315063ms
Round took 4.73639ms
Round took 5.380862ms
Round took 5.892022ms
Round took 4.952518ms
Round took 6.025103ms
Round took 4.894438ms
Round took 5.213481ms
Round took 5.075271ms
Round took 4.250529ms
Round took 5.97349ms
Round took 4.834459ms
Round took 5.687298ms
Round took 4.785259ms
Round took 5.076561ms
Round took 5.515969ms
Round took 5.004331ms
Round took 4.89478ms
Round took 5.155478ms
Round took 5.900039ms
Round took 4.491489ms
Round took 4.953381ms
Round took 4.733003ms
Round took 6.035452ms
Round took 4.167894ms
Round took 5.184614ms
Round took 5.21646ms
Round took 4.667105ms
Round took 5.207705ms
Round took 6.324023ms
Round took 3.970757ms
Round took 5.585627ms
Round took 5.065167ms
Round took 5.752863ms
Round took 6.04298ms
Round took 5.265463ms
Round took 5.092508ms
Round took 4.814872ms
Round took 5.156735ms
Round took 5.511513ms
Round took 4.939291ms
Round took 4.917537ms
Round took 5.649395ms
Round took 4.432389ms
Round took 5.404887ms
Round took 4.919818ms
Round took 5.186209ms
Round took 5.123476ms
Round took 4.807071ms
Round took 6.969729ms
Round took 4.062826ms
Round took 5.223698ms
Round took 4.794825ms
Round took 5.480627ms
Round took 4.882599ms
Round took 4.901405ms
Round took 5.934022ms
Round took 4.617085ms
Round took 5.117419ms
Round took 4.710468ms
Round took 6.360832ms
Round took 4.512639ms
Round took 5.068654ms
Round took 6.107155ms
Round took 4.31963ms
Round took 5.150433ms
Round took 5.010285ms
Round took 5.310689ms
Round took 4.56879ms
Round took 5.434508ms
Round took 5.819067ms
Round took 7.386918ms
Round took 5.637948ms
Round took 5.347279ms
Round took 5.015224ms
Round took 4.116265ms
Round took 4.90062ms
Round took 5.669372ms
Round took 5.718116ms
Round took 4.791573ms
Round took 5.081633ms
Round took 5.597579ms
Round took 4.510068ms
Round took 4.951509ms
Round took 5.340645ms
Round took 5.05686ms
Round took 4.915576ms
Round took 5.389627ms
Round took 5.260684ms
Round took 4.7693ms
Round took 5.848832ms
Round took 5.615674ms
Round took 4.165901ms
Round took 4.595943ms
Round took 4.987601ms
Round took 5.763542ms
Round took 4.745175ms
Round took 4.98339ms
Round took 5.101438ms
Round took 5.450589ms
Round took 4.633318ms
Round took 5.233528ms
Round took 5.65736ms
Round took 4.666935ms
Round took 5.356686ms
Round took 4.56785ms
Round took 5.305507ms
Round took 4.83858ms
Round took 5.071692ms
Round took 6.039011ms
Round took 4.475559ms
Round took 5.390177ms
Round took 4.963135ms
Round took 4.939715ms
Round took 5.272639ms
Round took 4.928545ms
Round took 4.691423ms
Round took 5.459614ms
Round took 5.188529ms
Round took 4.891626ms
Round took 5.619612ms
Round took 4.907139ms
Round took 4.962023ms
Round took 5.204141ms
Round took 4.962093ms
Round took 4.898271ms
Round took 5.771018ms
Round took 5.843989ms
Round took 4.904973ms
Round took 4.876896ms
Round took 5.657606ms
Round took 6.67223ms
Round took 4.83987ms
Round took 5.339937ms
Round took 5.128598ms
Round took 6.97467ms
Round took 4.68571ms
Round took 5.00759ms
Round took 6.185074ms
Round took 4.635929ms
Round took 6.193556ms
Round took 4.663442ms
Round took 4.214094ms
Round took 5.014125ms
Round took 6.225929ms
Round took 4.233912ms
Round took 5.518928ms
Round took 4.458062ms
Round took 5.234344ms
Round took 4.781331ms
Round took 5.473836ms
Round took 5.105506ms
Round took 5.298683ms
Round took 4.822399ms
Round took 4.878687ms
Round took 5.666046ms
Round took 5.126749ms
Round took 4.741107ms
Round took 5.968652ms
Round took 4.011463ms
Round took 5.604298ms
Round took 4.721875ms
Round took 5.733608ms
Round took 4.449272ms
Round took 5.79955ms
Round took 4.462711ms
Round took 4.99051ms
Round took 5.887344ms
Round took 4.597527ms
Round took 6.379444ms
Round took 6.016361ms
Round took 5.133814ms
Round took 4.982682ms
Round took 4.838988ms
Round took 5.643499ms
Round took 4.690726ms
Round took 4.864189ms
Round took 5.279115ms
Round took 5.45247ms
Round took 4.972608ms
Round took 5.227321ms
Round took 4.630657ms
Round took 5.383696ms
Round took 5.269942ms
Round took 4.957636ms
Round took 7.483413ms
Round took 3.661819ms
Round took 6.246212ms
Round took 4.104701ms
Round took 4.922321ms
Round took 5.442627ms
Round took 4.598345ms
Round took 5.647603ms
Round took 4.704969ms
Round took 5.487381ms
Round took 4.154578ms
Round took 5.502362ms
Round took 5.046808ms
Round took 4.909498ms
Round took 5.704178ms
Round took 4.460737ms
Round took 4.83843ms
Round took 4.847887ms
Round took 5.003017ms
Round took 5.659548ms
Round took 4.417494ms
Round took 5.080289ms
Round took 4.757045ms
Round took 5.229906ms
Round took 5.503589ms
Round took 5.474533ms
Round took 5.545122ms
Round took 4.449309ms
Round took 5.100965ms
Round took 5.164166ms
Round took 5.822607ms
Round took 5.075381ms
Round took 4.967061ms
Round took 7.160951ms
Round took 5.439727ms
Round took 4.715257ms
Round took 3.582273ms
Round took 18.564825ms
Round took 6.022401ms
Round took 4.49693ms
Round took 4.846088ms
Round took 6.045136ms
Round took 6.895081ms
Round took 4.205467ms
Round took 5.389076ms
Round took 3.463883ms
Round took 5.010197ms
Round took 6.658568ms
Round took 5.681828ms
Round took 5.658198ms
Round took 4.25558ms
Round took 5.683024ms
Round took 5.507331ms
Round took 5.010935ms
Round took 4.758334ms
Round took 4.917478ms
Round took 5.584323ms
Round took 4.803371ms
Round took 5.047393ms
Round took 5.016077ms
Round took 5.022386ms
Round took 5.289021ms
Round took 4.892414ms
Round took 5.007516ms
Round took 5.045249ms
Round took 5.161903ms
Round took 4.959176ms
Round took 5.503497ms
Round took 4.792878ms
Round took 5.151651ms
Round took 4.848122ms
Round took 5.172823ms
Round took 5.235723ms
Round took 4.736404ms
Round took 5.67063ms
Round took 4.689277ms
Round took 4.785335ms
Round took 5.326197ms
Round took 5.194877ms
Round took 5.054749ms
Round took 4.811279ms
Round took 5.235921ms
Round took 6.167676ms
Round took 4.260316ms
Round took 4.56632ms
Round took 5.30407ms
Round took 5.113932ms
Round took 4.963521ms
Round took 5.24198ms
Round took 4.990202ms
Round took 5.147154ms
Round took 4.669998ms
Round took 5.157217ms
Round took 5.133551ms
Round took 5.102041ms
Round took 5.001869ms
Round took 5.113051ms
Round took 5.320246ms
Round took 4.743185ms
Round took 5.161994ms
Round took 5.462107ms
Round took 4.917903ms
Round took 4.83345ms
Round took 5.017637ms
Round took 4.936415ms
Round took 5.368368ms
Round took 4.855984ms
Round took 5.217036ms
Round took 5.05241ms
Round took 4.950186ms
Round took 4.904225ms
Round took 5.386338ms
Round took 6.059143ms
Round took 4.437862ms
Round took 5.046623ms
Round took 5.942807ms
Round took 4.819934ms
Round took 4.493024ms
Round took 6.623139ms
Round took 3.723979ms
Round took 5.239436ms
Round took 4.601242ms
Round took 6.159677ms
Round took 5.059861ms
Round took 4.32702ms
Round took 5.515937ms
Round took 5.101302ms
Round took 4.876762ms
Round took 4.916861ms
Round took 6.065993ms
Round took 4.665092ms
Round took 5.147233ms
Round took 5.271533ms
Round took 5.314035ms
Round took 4.967318ms
Round took 4.451637ms
Round took 5.286273ms
Round took 5.333443ms
Round took 5.115574ms
Round took 5.329603ms
Round took 4.863118ms
Round took 4.732987ms
Round took 5.89555ms
Round took 4.072873ms
Round took 5.482429ms
Round took 5.04398ms
Round took 5.153007ms
Round took 5.890988ms
Round took 4.264243ms
Round took 4.903729ms
Round took 4.26472ms
Round took 5.85439ms
Round took 4.405682ms
Round took 4.743484ms
Round took 5.804742ms
Round took 4.517381ms
Round took 5.932251ms
Round took 5.347631ms
Round took 5.867631ms
Round took 4.998595ms
Round took 4.407961ms
Round took 4.905345ms
Round took 4.948833ms
Round took 4.545254ms
Round took 4.924991ms
Round took 8.132419ms
Round took 5.189573ms
Round took 5.208252ms
Round took 4.88749ms
Round took 5.753077ms
Round took 4.562905ms
Round took 5.002253ms
Round took 5.282631ms
Round took 4.751645ms
Round took 5.876893ms
Round took 4.714538ms
Round took 5.621757ms
Round took 4.895576ms
Round took 5.138915ms
Round took 4.51326ms
Round took 5.637483ms
Round took 4.756963ms
Round took 5.36389ms
Round took 4.841957ms
Round took 6.405673ms
Round took 4.847257ms
Round took 4.623136ms
Round took 5.55072ms
Round took 5.157644ms
Round took 4.790448ms
Round took 5.545783ms
Round took 5.193198ms
Round took 4.753722ms
Round took 5.70918ms
Round took 4.090735ms
Round took 5.738914ms
Round took 5.251961ms
Round took 5.893707ms
Round took 5.045658ms
Round took 4.524789ms
Round took 5.595063ms
Round took 4.513542ms
Round took 4.569374ms
Round took 5.42506ms
Round took 7.606143ms
Round took 5.922403ms
Round took 4.484137ms
Round took 4.887941ms
Round took 5.002065ms
Round took 6.99914ms
Round took 4.63173ms
Round took 5.515042ms
Round took 4.995488ms
Round took 5.072252ms
Round took 5.081885ms
Round took 4.52802ms
Round took 5.273441ms
Round took 5.353257ms
Round took 4.474362ms
Round took 5.695427ms
Round took 5.226091ms
Round took 4.657298ms
Round took 5.514697ms
Round took 5.349264ms
Round took 4.398427ms
Round took 5.158756ms
Round took 4.591065ms
Round took 6.296916ms
Round took 3.894679ms
Round took 5.159552ms
Round took 6.197519ms
Round took 4.404952ms
Round took 5.150296ms
Round took 4.704665ms
Round took 5.262981ms
Round took 4.787649ms
Round took 4.972457ms
Round took 7.004368ms
Round took 6.852044ms
Round took 4.216806ms
Round took 5.000229ms
Round took 5.739783ms
Round took 4.50013ms
Round took 5.3101ms
Round took 4.889214ms
Round took 5.183899ms
Round took 5.215021ms
Round took 4.955152ms
Round took 4.983732ms
Round took 5.066903ms
Round took 5.223831ms
Round took 5.044ms
Round took 5.588437ms
Round took 4.780108ms
Round took 5.208402ms
Round took 4.63612ms
Round took 5.519239ms
Round took 4.965962ms
Round took 5.303899ms
Round took 4.951396ms
Round took 5.456692ms
Round took 4.881382ms
Round took 5.26041ms
Round took 5.40744ms
Round took 5.465395ms
Round took 4.632349ms
Round took 5.236433ms
Round took 5.295935ms
Round took 5.011823ms
Round took 4.875121ms
Round took 5.708719ms
Round took 4.613913ms
Round took 5.047522ms
Round took 5.396136ms
Round took 5.606231ms
Round took 4.60557ms
Round took 4.812877ms
Round took 4.924552ms
Round took 5.04175ms
Round took 4.634638ms
Round took 5.13581ms
Round took 6.28495ms
Round took 4.142907ms
Round took 4.978836ms
Round took 4.711458ms
Round took 5.114238ms
Round took 5.212606ms
Round took 4.949364ms
Round took 6.230477ms
Round took 4.645843ms
Round took 4.673882ms
Round took 5.089329ms
Round took 6.202413ms
Round took 4.581386ms
Round took 5.087447ms
Round took 5.895019ms
Round took 4.971512ms
Round took 4.325988ms
Round took 6.799803ms
Round took 7.001ms
Round took 5.047525ms
Round took 4.223306ms
Round took 5.15158ms
Round took 5.687366ms
Round took 4.488861ms
Round took 4.945811ms
Round took 5.191536ms
Round took 5.010794ms
Round took 5.250768ms
Round took 4.911042ms
Round took 5.408157ms
Round took 5.031033ms
Round took 5.197433ms
Round took 6.035889ms
Round took 4.100756ms
Round took 5.064075ms
Round took 5.119068ms
Round took 4.766548ms
Round took 6.095286ms
Round took 4.93302ms
Round took 5.236597ms
Round took 5.75422ms
Round took 4.316595ms
Round took 4.866486ms
Round took 5.631118ms
Round took 4.69734ms
Round took 4.636472ms
Round took 5.145571ms
Round took 5.665068ms
Round took 5.231275ms
Round took 5.583761ms
Round took 4.807444ms
Round took 4.397111ms
Round took 5.043595ms
Round took 4.335995ms
Round took 5.248344ms
Round took 5.061312ms
Round took 5.104726ms
Round took 5.281232ms
Round took 5.253552ms
Round took 5.024566ms
Round took 4.67323ms
Round took 5.431832ms
Round took 5.017779ms
Round took 5.654785ms
Round took 4.380547ms
Round took 4.995545ms
Round took 5.803302ms
Round took 4.445386ms
Round took 4.977096ms
Round took 5.543889ms
Round took 5.103267ms
Round took 4.702852ms
Round took 5.016014ms
Round took 5.865473ms
Round took 4.338999ms
Round took 5.501705ms
Round took 4.5691ms
Round took 5.627787ms
Round took 4.7272ms
Round took 4.912169ms
Round took 5.386041ms
Round took 4.988711ms
Round took 5.109563ms
Round took 5.593681ms
Round took 5.061018ms
Round took 4.841446ms
Round took 4.67601ms
Round took 5.117212ms
Round took 6.197153ms
Round took 4.185299ms
Round took 4.939627ms
Round took 6.038454ms
Round took 4.266269ms
Round took 5.062665ms
Round took 4.85019ms
Round took 6.795097ms
Round took 4.921089ms
Round took 5.025334ms
Round took 5.005624ms
Round took 3.829275ms
Round took 5.087391ms
Round took 4.649975ms
Round took 6.591593ms
Round took 5.066782ms
Round took 4.840198ms
Round took 4.952296ms
Round took 3.982962ms
Round took 5.508931ms
Round took 4.778222ms
Round took 5.487182ms
Round took 5.291111ms
Round took 4.567875ms
Round took 6.140473ms
Round took 3.942562ms
Round took 5.503114ms
Round took 4.954924ms
Round took 5.294071ms
Round took 5.273661ms
Round took 4.505301ms
Round took 5.223852ms
Round took 6.078564ms
Round took 4.851246ms
Round took 4.429216ms
Round took 5.41922ms
Round took 5.404746ms
Round took 4.575281ms
Round took 5.362888ms
Round took 4.232044ms
Round took 6.166285ms
Round took 4.515052ms
Round took 4.857483ms
Round took 6.536953ms
Round took 4.462891ms
Round took 5.290917ms
Round took 4.287715ms
Round took 5.258134ms
Round took 4.625987ms
Round took 5.181005ms
Round took 5.812991ms
Round took 4.963244ms
Round took 4.789061ms
Round took 5.27542ms
Round took 6.409711ms
Round took 6.111712ms
Round took 5.087847ms
Round took 4.885784ms
Round took 5.469878ms
Round took 4.855904ms
Round took 5.501645ms
Round took 4.871161ms
Round took 4.81642ms
Round took 5.253066ms
Round took 4.957366ms
Round took 4.993276ms
Round took 5.106003ms
Round took 4.98191ms
Round took 5.012246ms
Round took 5.329782ms
Round took 5.086184ms
Round took 4.917615ms
Round took 5.42188ms
Round took 4.821147ms
Round took 5.534612ms
Round took 4.349583ms
Round took 6.132674ms
Round took 4.95579ms
Round took 4.997164ms
Round took 4.607466ms
Round took 6.478686ms
Round took 4.072275ms
Round took 5.326268ms
Round took 5.093454ms
Round took 4.913931ms
Round took 5.957139ms
Round took 4.685632ms
Round took 5.91195ms
Round took 4.049584ms
Round took 5.367024ms
Round took 4.867292ms
Round took 5.515324ms
Round took 5.386964ms
Round took 4.441298ms
Round took 6.267078ms
Round took 3.955994ms
Round took 5.022923ms
Round took 4.68455ms
Round took 5.658189ms
Round took 4.959357ms
Round took 4.987373ms
Round took 5.900807ms
Round took 4.590645ms
Round took 5.050873ms
Round took 5.182827ms
Round took 6.078056ms
Round took 4.24981ms
Round took 4.928191ms
Round took 5.833622ms
Round took 4.116004ms
Round took 4.950006ms
Round took 5.296381ms
Round took 4.873324ms
Round took 5.40624ms
Round took 5.481567ms
Round took 4.834578ms
Round took 5.310881ms
Round took 4.536807ms
Round took 5.359139ms
Round took 5.64942ms
Round took 6.928582ms
Round took 4.847174ms
Round took 4.428006ms
Round took 4.015469ms
Round took 3.497248ms
Round took 5.277326ms
Round took 5.240946ms
Round took 6.114111ms
Round took 4.884072ms
Round took 5.985828ms
Round took 6.944348ms
Round took 4.800065ms
Round took 4.846753ms
Round took 5.083039ms
Round took 5.146314ms
Round took 4.937449ms
Round took 5.100093ms
Round took 5.010471ms
Round took 5.171274ms
Round took 5.019687ms
Round took 5.07983ms
Round took 5.473381ms
Round took 4.567945ms
Round took 5.013693ms
Round took 5.346297ms
Round took 5.121672ms
Round took 4.935885ms
Round took 5.013358ms
Round took 5.003927ms
Round took 6.746236ms
Round took 4.955269ms
Round took 5.174072ms
Round took 5.458026ms
Round took 4.980759ms
Round took 3.839549ms
Round took 5.24905ms
Round took 5.653827ms
Round took 5.687767ms
Round took 4.500912ms
Round took 7.303997ms
Round took 6.843ms
Round took 4.744989ms
Round took 4.573671ms
Round took 5.413645ms
Round took 3.490229ms
Round took 3.550224ms
Round took 5.857692ms
Round took 5.221423ms
Round took 4.763618ms
Round took 5.153735ms
Round took 6.349347ms
Round took 6.189316ms
Round took 5.22194ms
Round took 4.87444ms
Round took 5.284395ms
Round took 4.788122ms
Round took 5.125452ms
Round took 5.477544ms
Round took 4.984195ms
Round took 4.989231ms
Round took 4.939203ms
Round took 5.019973ms
Round took 5.24466ms
Round took 5.079684ms
Round took 5.789632ms
Round took 4.192683ms
Round took 5.50552ms
Round took 4.855573ms
Round took 5.252473ms
Round took 5.06692ms
Round took 4.703505ms
Round took 5.050154ms
Round took 5.353227ms
Round took 4.872983ms
Round took 4.614756ms
Round took 5.789002ms
Round took 4.595664ms
Round took 5.340859ms
Round took 5.003831ms
Round took 5.175126ms
Round took 5.356181ms
Round took 4.644621ms
Round took 5.386583ms
Round took 5.234086ms
Round took 5.04348ms
Round took 5.080978ms
Round took 5.063877ms
Round took 6.09038ms
Round took 4.728557ms
Round took 5.488615ms
Round took 5.395732ms
Round took 4.952864ms
Test took 5.211311965s
Successful: 10000
