Uniform distribution
2021/04/16 21:40:47 The leader is replica 0
Round took 7.94983ms
Round took 6.961186ms
Round took 6.447765ms
Round took 4.055443ms
Round took 5.746567ms
Round took 4.8477ms
Round took 7.126225ms
Round took 4.97527ms
Round took 5.51527ms
Round took 3.820556ms
Round took 4.836937ms
Round took 4.820185ms
Round took 5.186775ms
Round took 5.594609ms
Round took 4.998393ms
Round took 4.897764ms
Round took 5.328635ms
Round took 4.923896ms
Round took 4.513117ms
Round took 5.27433ms
Round took 5.495326ms
Round took 4.948515ms
Round took 4.51915ms
Round took 4.974082ms
Round took 5.386644ms
Round took 4.880371ms
Round took 5.100256ms
Round took 5.61812ms
Round took 4.38253ms
Round took 5.222985ms
Round took 4.760827ms
Round took 5.379018ms
Round took 5.155807ms
Round took 4.882742ms
Round took 5.98783ms
Round took 6.212222ms
Round took 7.936264ms
Round took 7.173442ms
Round took 4.64755ms
Round took 4.001223ms
Round took 6.666717ms
Round took 5.418196ms
Round took 6.528951ms
Round took 4.119106ms
Round took 5.601305ms
Round took 4.962486ms
Round took 5.116984ms
Round took 4.702432ms
Round took 5.853232ms
Round took 6.161942ms
Round took 4.837779ms
Round took 5.841186ms
Round took 4.014767ms
Round took 3.460171ms
Round took 5.74541ms
Round took 5.234375ms
Round took 5.473307ms
Round took 4.953956ms
Round took 4.693289ms
Round took 5.149191ms
Round took 5.364965ms
Round took 4.597466ms
Round took 5.149651ms
Round took 4.894741ms
Round took 7.281393ms
Round took 4.817741ms
Round took 4.736944ms
Round took 4.978678ms
Round took 5.204501ms
Round took 4.770075ms
Round took 5.420414ms
Round took 4.978972ms
Round took 4.779031ms
Round took 4.78503ms
Round took 5.203354ms
Round took 4.960043ms
Round took 4.511984ms
Round took 4.57494ms
Round took 5.501388ms
Round took 4.802324ms
Round took 4.75859ms
Round took 5.494299ms
Round took 5.305888ms
Round took 5.173099ms
Round took 4.672341ms
Round took 4.779473ms
Round took 5.737822ms
Round took 5.071402ms
Round took 5.473271ms
Round took 4.76562ms
Round took 4.841775ms
Round took 5.05777ms
Round took 5.020908ms
Round took 5.631606ms
Round took 4.846877ms
Round took 5.110908ms
Round took 5.622408ms
Round took 4.507697ms
Round took 5.005981ms
Round took 4.768297ms
Round took 5.417771ms
Round took 4.992335ms
Round took 4.46694ms
Round took 5.260406ms
Round took 5.551136ms
Round took 4.358871ms
Round took 4.348253ms
Round took 5.138084ms
Round took 5.807112ms
Round took 5.023472ms
Round took 5.012558ms
Round took 4.799427ms
Round took 5.251883ms
Round took 5.060643ms
Round took 5.042501ms
Round took 5.677412ms
Round took 4.787979ms
Round took 4.6985ms
Round took 5.284363ms
Round took 5.468459ms
Round took 4.624887ms
Round took 5.032074ms
Round took 4.97728ms
Round took 5.399082ms
Round took 5.260358ms
Round took 4.510344ms
Round took 5.432535ms
Round took 5.466355ms
Round took 5.171946ms
Round took 4.705093ms
Round took 6.034021ms
Round took 4.413977ms
Round took 4.505251ms
Round took 5.595942ms
Round took 5.132945ms
Round took 4.717262ms
Round took 4.89902ms
Round took 6.074629ms
Round took 4.138403ms
Round took 5.076564ms
Round took 4.809238ms
Round took 5.906949ms
Round took 5.366695ms
Round took 6.847917ms
Round took 4.778412ms
Round took 5.062385ms
Round took 4.779884ms
Round took 3.523501ms
Round took 5.185686ms
Round took 4.91159ms
Round took 5.551248ms
Round took 5.734701ms
Round took 4.63786ms
Round took 4.114748ms
Round took 5.479709ms
Round took 5.21084ms
Round took 4.884568ms
Round took 5.025495ms
Round took 4.616948ms
Round took 5.240901ms
Round took 4.962499ms
Round took 4.994452ms
Round took 4.553261ms
Round took 5.298804ms
Round took 5.062597ms
Round took 5.190815ms
Round took 5.669724ms
Round took 5.029552ms
Round took 5.205347ms
Round took 4.334223ms
Round took 5.150369ms
Round took 5.534416ms
Round took 4.597039ms
Round took 5.459572ms
Round took 5.13559ms
Round took 4.457858ms
Round took 5.133149ms
Round took 6.000172ms
Round took 5.06352ms
Round took 4.98764ms
Round took 4.557441ms
Round took 5.56861ms
Round took 5.565535ms
Round took 4.343426ms
Round took 4.797882ms
Round took 5.651785ms
Round took 5.300802ms
Round took 4.683571ms
Round took 5.800328ms
Round took 4.931209ms
Round took 5.255002ms
Round took 5.912495ms
Round took 6.832151ms
Round took 4.815873ms
Round took 4.934184ms
Round took 5.254374ms
Round took 5.284769ms
Round took 4.884961ms
Round took 5.445228ms
Round took 5.248292ms
Round took 5.272753ms
Round took 4.724132ms
Round took 5.746809ms
Round took 4.847652ms
Round took 4.573135ms
Round took 5.534099ms
Round took 4.502313ms
Round took 5.441198ms
Round took 4.754954ms
Round took 4.883406ms
Round took 5.683982ms
Round took 5.372977ms
Round took 4.746872ms
Round took 5.662185ms
Round took 5.023421ms
Round took 4.390308ms
Round took 4.586274ms
Round took 5.294664ms
Round took 5.395803ms
Round took 4.710411ms
Round took 4.654551ms
Round took 5.123854ms
Round took 5.416942ms
Round took 4.858811ms
Round took 4.968399ms
Round took 5.677578ms
Round took 4.444687ms
Round took 5.546505ms
Round took 4.971979ms
Round took 5.176072ms
Round took 5.01934ms
Round took 4.865338ms
Round took 6.278317ms
Round took 4.05493ms
Round took 5.116572ms
Round took 4.930814ms
Round took 5.437456ms
Round took 4.891174ms
Round took 4.892352ms
Round took 5.871701ms
Round took 4.641803ms
Round took 5.093472ms
Round took 4.877636ms
Round took 5.326914ms
Round took 4.906886ms
Round took 5.044793ms
Round took 5.02082ms
Round took 5.148142ms
Round took 5.301046ms
Round took 5.041467ms
Round took 5.344036ms
Round took 4.62159ms
Round took 5.338725ms
Round took 4.800533ms
Round took 5.194183ms
Round took 6.264945ms
Round took 6.383315ms
Round took 4.786177ms
Round took 3.952192ms
Round took 4.090136ms
Round took 4.862941ms
Round took 5.730812ms
Round took 4.73646ms
Round took 4.800033ms
Round took 5.050978ms
Round took 5.626476ms
Round took 4.487668ms
Round took 5.010386ms
Round took 5.064079ms
Round took 5.305745ms
Round took 4.922571ms
Round took 5.422961ms
Round took 5.244171ms
Round took 4.732793ms
Round took 5.522529ms
Round took 6.004305ms
Round took 4.220472ms
Round took 4.580826ms
Round took 4.970375ms
Round took 4.97395ms
Round took 5.598296ms
Round took 4.983366ms
Round took 5.125868ms
Round took 5.097737ms
Round took 4.684804ms
Round took 5.254562ms
Round took 5.104392ms
Round took 5.216935ms
Round took 5.308202ms
Round took 4.667943ms
Round took 5.309155ms
Round took 4.898409ms
Round took 5.092423ms
Round took 6.016045ms
Round took 4.801572ms
Round took 4.562303ms
Round took 4.62328ms
Round took 4.748226ms
Round took 5.676822ms
Round took 4.841096ms
Round took 4.72623ms
Round took 5.133772ms
Round took 5.536848ms
Round took 4.968646ms
Round took 5.462763ms
Round took 5.177796ms
Round took 5.052694ms
Round took 5.204822ms
Round took 5.037615ms
Round took 4.867782ms
Round took 5.705132ms
Round took 5.673078ms
Round took 4.999128ms
Round took 4.811618ms
Round took 5.153636ms
Round took 4.940284ms
Round took 4.8539ms
Round took 4.384702ms
Round took 5.570089ms
Round took 5.208143ms
Round took 5.607854ms
Round took 4.360575ms
Round took 5.899146ms
Round took 4.773761ms
Round took 4.408227ms
Round took 5.445109ms
Round took 5.089647ms
Round took 4.452571ms
Round took 5.022154ms
Round took 5.421288ms
Round took 4.858902ms
Round took 5.208189ms
Round took 4.438917ms
Round took 4.841415ms
Round took 5.252366ms
Round took 5.500728ms
Round took 5.132479ms
Round took 5.317075ms
Round took 4.804717ms
Round took 4.470968ms
Round took 5.230116ms
Round took 5.190595ms
Round took 4.887758ms
Round took 5.238843ms
Round took 4.546713ms
Round took 5.64668ms
Round took 4.672951ms
Round took 5.190159ms
Round took 4.921555ms
Round took 5.805436ms
Round took 4.400532ms
Round took 4.918076ms
Round took 5.625414ms
Round took 4.707857ms
Round took 5.228437ms
Round took 4.403117ms
Round took 6.231373ms
Round took 5.108932ms
Round took 4.974558ms
Round took 4.603905ms
Round took 5.627546ms
Round took 4.986774ms
Round took 4.696307ms
Round took 5.984899ms
Round took 4.664524ms
Round took 4.9737ms
Round took 5.748273ms
Round took 4.66221ms
Round took 4.927831ms
Round took 5.188167ms
Round took 5.349619ms
Round took 5.766657ms
Round took 3.915939ms
Round took 6.206712ms
Round took 4.156578ms
Round took 4.855195ms
Round took 5.519346ms
Round took 4.725692ms
Round took 5.663225ms
Round took 4.696745ms
Round took 5.395272ms
Round took 4.158568ms
Round took 5.539733ms
Round took 5.013756ms
Round took 4.897861ms
Round took 5.913718ms
Round took 4.32647ms
Round took 4.878838ms
Round took 5.047838ms
Round took 5.076519ms
Round took 5.251848ms
Round took 4.799747ms
Round took 5.878423ms
Round took 3.998964ms
Round took 5.180974ms
Round took 5.398239ms
Round took 6.160923ms
Round took 4.523549ms
Round took 4.507042ms
Round took 5.085293ms
Round took 5.117315ms
Round took 5.21053ms
Round took 4.686885ms
Round took 5.038122ms
Round took 7.037925ms
Round took 5.64959ms
Round took 4.906393ms
Round took 3.644276ms
Round took 18.412461ms
Round took 5.006088ms
Round took 5.487868ms
Round took 4.869275ms
Round took 5.981081ms
Round took 6.106703ms
Round took 4.478565ms
Round took 5.657776ms
Round took 3.59349ms
Round took 4.825923ms
Round took 6.445611ms
Round took 5.3207ms
Round took 5.498865ms
Round took 4.098917ms
Round took 3.46353ms
Round took 6.253368ms
Round took 4.960919ms
Round took 5.226543ms
Round took 5.294714ms
Round took 4.817768ms
Round took 4.933357ms
Round took 4.966524ms
Round took 6.222837ms
Round took 4.370833ms
Round took 5.167341ms
Round took 5.612433ms
Round took 4.656575ms
Round took 4.483949ms
Round took 5.140346ms
Round took 5.591528ms
Round took 4.32368ms
Round took 5.505448ms
Round took 4.727582ms
Round took 5.755971ms
Round took 4.471714ms
Round took 5.076283ms
Round took 6.116564ms
Round took 4.442554ms
Round took 5.31855ms
Round took 4.652367ms
Round took 5.438013ms
Round took 5.737946ms
Round took 4.591873ms
Round took 5.390004ms
Round took 4.146617ms
Round took 7.593965ms
Round took 4.113588ms
Round took 4.48283ms
Round took 4.197489ms
Round took 4.954967ms
Round took 4.957214ms
Round took 5.201344ms
Round took 5.660964ms
Round took 4.404641ms
Round took 5.191561ms
Round took 4.044792ms
Round took 5.277832ms
Round took 4.7069ms
Round took 5.283248ms
Round took 5.748874ms
Round took 4.915993ms
Round took 4.857811ms
Round took 4.557468ms
Round took 5.320822ms
Round took 5.280139ms
Round took 4.926069ms
Round took 6.089584ms
Round took 4.052834ms
Round took 4.234511ms
Round took 5.453741ms
Round took 4.808337ms
Round took 5.405353ms
Round took 4.650256ms
Round took 4.764059ms
Round took 4.941409ms
Round took 5.498268ms
Round took 5.951171ms
Round took 4.527761ms
Round took 5.434111ms
Round took 4.92456ms
Round took 5.087189ms
Round took 4.489865ms
Round took 6.397148ms
Round took 3.532838ms
Round took 5.273785ms
Round took 4.622258ms
Round took 6.173833ms
Round took 4.235541ms
Round took 4.721406ms
Round took 5.425641ms
Round took 5.826782ms
Round took 4.900518ms
Round took 4.935052ms
Round took 5.595094ms
Round took 4.263183ms
Round took 5.156214ms
Round took 5.031462ms
Round took 5.51746ms
Round took 5.010868ms
Round took 4.361686ms
Round took 5.356263ms
Round took 5.364047ms
Round took 5.016956ms
Round took 4.647311ms
Round took 5.437436ms
Round took 4.679123ms
Round took 5.419386ms
Round took 4.318946ms
Round took 5.74021ms
Round took 4.805457ms
Round took 4.55629ms
Round took 5.147763ms
Round took 5.243289ms
Round took 4.795983ms
Round took 4.761575ms
Round took 5.121426ms
Round took 5.283188ms
Round took 4.74008ms
Round took 5.21016ms
Round took 4.951883ms
Round took 5.851552ms
Round took 4.400374ms
Round took 5.470884ms
Round took 5.310849ms
Round took 4.431739ms
Round took 4.567096ms
Round took 4.945489ms
Round took 6.018193ms
Round took 4.515997ms
Round took 5.080209ms
Round took 4.999267ms
Round took 5.584056ms
Round took 5.159498ms
Round took 4.892831ms
Round took 5.800014ms
Round took 4.582224ms
Round took 4.941541ms
Round took 5.814424ms
Round took 4.303438ms
Round took 5.040684ms
Round took 4.307105ms
Round took 5.297255ms
Round took 4.975536ms
Round took 5.321295ms
Round took 4.56859ms
Round took 5.396196ms
Round took 5.011407ms
Round took 5.370806ms
Round took 4.828651ms
Round took 5.945622ms
Round took 4.702588ms
Round took 4.645332ms
Round took 6.124034ms
Round took 4.574563ms
Round took 4.372872ms
Round took 5.339952ms
Round took 4.803264ms
Round took 5.234775ms
Round took 5.240666ms
Round took 4.704673ms
Round took 5.757964ms
Round took 5.048918ms
Round took 5.09883ms
Round took 5.566504ms
Round took 4.486663ms
Round took 5.127872ms
Round took 4.564779ms
Round took 5.083246ms
Round took 5.304511ms
Round took 4.710139ms
Round took 5.036178ms
Round took 5.676125ms
Round took 4.561647ms
Round took 4.889048ms
Round took 4.987415ms
Round took 5.63087ms
Round took 4.960697ms
Round took 4.986238ms
Round took 5.064372ms
Round took 5.179057ms
Round took 5.255062ms
Round took 4.492831ms
Round took 5.466183ms
Round took 5.213731ms
Round took 4.433499ms
Round took 5.284968ms
Round took 5.511215ms
Round took 4.694472ms
Round took 5.14925ms
Round took 4.977577ms
Round took 4.92428ms
Round took 5.326697ms
Round took 4.678359ms
Round took 6.237387ms
Round took 3.809915ms
Round took 5.254737ms
Round took 5.225228ms
Round took 5.249266ms
Round took 5.155779ms
Round took 4.850888ms
Round took 5.042586ms
Round took 5.097193ms
Round took 4.894279ms
Round took 5.289907ms
Round took 5.385229ms
Round took 5.566332ms
Round took 4.221536ms
Round took 5.035796ms
Round took 5.731051ms
Round took 4.298184ms
Round took 5.496551ms
Round took 4.718912ms
Round took 5.416246ms
Round took 4.799385ms
Round took 4.979398ms
Round took 4.945025ms
Round took 5.05193ms
Round took 5.175242ms
Round took 5.022364ms
Round took 5.801443ms
Round took 4.444841ms
Round took 5.272728ms
Round took 4.734052ms
Round took 5.452758ms
Round took 4.878286ms
Round took 5.286703ms
Round took 4.924319ms
Round took 4.945975ms
Round took 5.076745ms
Round took 5.245695ms
Round took 5.402558ms
Round took 4.577242ms
Round took 4.737944ms
Round took 4.935018ms
Round took 5.146158ms
Round took 5.174387ms
Round took 4.937978ms
Round took 5.328578ms
Round took 5.127925ms
Round took 4.952986ms
Round took 4.902033ms
Round took 6.055295ms
Round took 4.535429ms
Round took 4.842006ms
Round took 5.004472ms
Round took 5.373054ms
Round took 4.730301ms
Round took 5.057404ms
Round took 6.149152ms
Round took 4.196658ms
Round took 5.006579ms
Round took 4.905724ms
Round took 5.007412ms
Round took 5.223351ms
Round took 4.766877ms
Round took 5.249448ms
Round took 5.379406ms
Round took 4.778119ms
Round took 4.934323ms
Round took 5.277123ms
Round took 4.82944ms
Round took 5.033723ms
Round took 5.004186ms
Round took 5.803738ms
Round took 4.448309ms
Round took 5.14655ms
Round took 4.726526ms
Round took 6.644215ms
Round took 4.837594ms
Round took 4.219393ms
Round took 5.136528ms
Round took 5.687529ms
Round took 4.377251ms
Round took 4.898399ms
Round took 5.228721ms
Round took 4.931717ms
Round took 5.357345ms
Round took 4.819103ms
Round took 5.455403ms
Round took 4.896739ms
Round took 5.071004ms
Round took 6.077913ms
Round took 4.062221ms
Round took 4.999213ms
Round took 5.109739ms
Round took 4.78657ms
Round took 5.670921ms
Round took 4.510418ms
Round took 5.138933ms
Round took 5.694259ms
Round took 4.325795ms
Round took 4.823516ms
Round took 5.311798ms
Round took 6.352166ms
Round took 4.690127ms
Round took 5.199605ms
Round took 5.974743ms
Round took 5.01318ms
Round took 5.879177ms
Round took 4.609043ms
Round took 4.148673ms
Round took 4.977037ms
Round took 4.398878ms
Round took 5.920736ms
Round took 5.013949ms
Round took 5.112993ms
Round took 5.680853ms
Round took 5.055739ms
Round took 5.090259ms
Round took 4.638685ms
Round took 5.60973ms
Round took 4.596664ms
Round took 4.807215ms
Round took 5.139714ms
Round took 5.658607ms
Round took 4.863024ms
Round took 4.402898ms
Round took 4.905839ms
Round took 5.555873ms
Round took 5.179684ms
Round took 4.425703ms
Round took 5.378255ms
Round took 5.628932ms
Round took 4.325068ms
Round took 5.512219ms
Round took 5.003595ms
Round took 5.617514ms
Round took 4.77829ms
Round took 5.223014ms
Round took 4.978427ms
Round took 4.991046ms
Round took 5.08658ms
Round took 5.542919ms
Round took 4.836966ms
Round took 4.856884ms
Round took 4.690349ms
Round took 5.765159ms
Round took 6.017739ms
Round took 4.380477ms
Round took 5.269382ms
Round took 5.373246ms
Round took 4.314689ms
Round took 5.592783ms
Round took 4.236154ms
Round took 8.180568ms
Round took 4.214546ms
Round took 4.721435ms
Round took 4.365243ms
Round took 3.92224ms
Round took 5.280299ms
Round took 5.28509ms
Round took 6.531197ms
Round took 5.036625ms
Round took 4.796179ms
Round took 4.413714ms
Round took 3.83721ms
Round took 5.487187ms
Round took 4.831865ms
Round took 5.604844ms
Round took 5.262128ms
Round took 4.572808ms
Round took 6.006069ms
Round took 3.642866ms
Round took 5.455503ms
Round took 4.92218ms
Round took 5.271187ms
Round took 5.556377ms
Round took 4.353923ms
Round took 5.832077ms
Round took 5.787759ms
Round took 4.466647ms
Round took 4.612476ms
Round took 5.556159ms
Round took 5.259543ms
Round took 4.615482ms
Round took 5.839852ms
Round took 3.682576ms
Round took 6.14786ms
Round took 4.496806ms
Round took 5.146397ms
Round took 5.482551ms
Round took 4.130773ms
Round took 5.36816ms
Round took 4.347718ms
Round took 5.34086ms
Round took 4.721732ms
Round took 5.263488ms
Round took 5.755172ms
Round took 4.941204ms
Round took 4.798397ms
Round took 5.048936ms
Round took 4.9623ms
Round took 5.882882ms
Round took 5.327054ms
Round took 5.644525ms
Round took 3.742197ms
Round took 5.577872ms
Round took 4.785777ms
Round took 6.451243ms
Round took 4.608305ms
Round took 4.348967ms
Round took 5.749399ms
Round took 4.614343ms
Round took 4.702525ms
Round took 4.66345ms
Round took 4.933515ms
Round took 5.734477ms
Round took 4.222374ms
Round took 5.203245ms
Round took 5.438001ms
Round took 4.992424ms
Round took 4.811746ms
Round took 6.037509ms
Round took 4.176447ms
Round took 5.472217ms
Round took 4.987871ms
Round took 5.830767ms
Round took 4.223874ms
Round took 5.58025ms
Round took 4.502672ms
Round took 5.61201ms
Round took 4.536003ms
Round took 4.442026ms
Round took 6.612322ms
Round took 3.860089ms
Round took 5.973632ms
Round took 4.227637ms
Round took 5.714702ms
Round took 4.457012ms
Round took 5.531703ms
Round took 5.681698ms
Round took 4.380645ms
Round took 5.436818ms
Round took 4.20798ms
Round took 5.042548ms
Round took 4.963517ms
Round took 4.898834ms
Round took 4.896317ms
Round took 4.950788ms
Round took 5.811206ms
Round took 4.743393ms
Round took 4.554533ms
Round took 5.328263ms
Round took 4.729309ms
Round took 5.243933ms
Round took 4.941676ms
Round took 4.965458ms
Round took 5.103484ms
Round took 4.903617ms
Round took 5.232087ms
Round took 4.942923ms
Round took 5.758942ms
Round took 5.393556ms
Round took 4.52449ms
Round took 5.320206ms
Round took 4.77745ms
Round took 5.050084ms
Round took 4.836534ms
Round took 6.65777ms
Round took 6.509263ms
Round took 4.450894ms
Round took 3.99042ms
Round took 3.414135ms
Round took 5.190246ms
Round took 4.715782ms
Round took 5.923235ms
Round took 4.924049ms
Round took 5.640844ms
Round took 3.948267ms
Round took 6.627673ms
Round took 4.484457ms
Round took 4.877955ms
Round took 5.558475ms
Round took 4.592473ms
Round took 4.893213ms
Round took 5.102357ms
Round took 5.391905ms
Round took 4.682291ms
Round took 5.118693ms
Round took 5.959814ms
Round took 4.652544ms
Round took 4.537859ms
Round took 4.796238ms
Round took 5.776777ms
Round took 4.756864ms
Round took 4.967912ms
Round took 5.164261ms
Round took 6.221037ms
Round took 5.308413ms
Round took 5.258691ms
Round took 5.150261ms
Round took 5.219638ms
Round took 4.568566ms
Round took 3.837025ms
Round took 7.249763ms
Round took 4.053392ms
Round took 6.249222ms
Round took 4.644554ms
Round took 8.51981ms
Round took 4.138912ms
Round took 5.981973ms
Round took 4.690244ms
Round took 5.062586ms
Round took 3.545754ms
Round took 5.306701ms
Round took 5.965224ms
Round took 4.737518ms
Round took 5.030885ms
Round took 5.114589ms
Round took 5.019639ms
Round took 5.868012ms
Round took 5.967142ms
Round took 4.162786ms
Round took 5.310325ms
Round took 4.608152ms
Round took 5.451824ms
Round took 5.307251ms
Round took 4.316008ms
Round took 5.061222ms
Round took 5.251691ms
Round took 4.456317ms
Round took 5.206648ms
Round took 5.14763ms
Round took 5.863834ms
Round took 4.167724ms
Round took 5.407544ms
Round took 4.706577ms
Round took 5.248317ms
Round took 5.102188ms
Round took 4.725237ms
Round took 6.124729ms
Round took 4.520297ms
Round took 4.475458ms
Round took 4.487852ms
Round took 5.996791ms
Round took 4.243815ms
Round took 5.358337ms
Round took 4.892633ms
Round took 5.316591ms
Round took 5.157661ms
Round took 4.69122ms
Round took 5.376294ms
Round took 5.176957ms
Round took 5.071275ms
Round took 5.064863ms
Round took 5.213943ms
Round took 4.745525ms
Round took 4.991429ms
Round took 5.255871ms
Round took 5.53912ms
Round took 4.817824ms
Round took 4.744395ms
Round took 4.297616ms
Round took 6.277905ms
Round took 4.907393ms
Round took 5.961195ms
Round took 5.506742ms
Round took 4.140644ms
Round took 4.46787ms
Round took 4.665019ms
Round took 5.725389ms
Round took 4.663831ms
Round took 5.323802ms
Round took 6.169787ms
Round took 4.397193ms
Round took 5.127335ms
Round took 4.903127ms
Round took 5.214768ms
Round took 5.17089ms
Round took 4.774588ms
Round took 5.59888ms
Round took 4.681048ms
Round took 4.9636ms
Round took 5.098337ms
Round took 4.934096ms
Round took 5.143181ms
Round took 5.117309ms
Round took 5.009836ms
Round took 5.287808ms
Round took 5.154454ms
Round took 4.979675ms
Round took 5.087092ms
Round took 5.120893ms
Round took 5.296526ms
Round took 4.712061ms
Round took 5.22949ms
Round took 5.091352ms
Round took 5.012877ms
Round took 5.53628ms
Round took 6.881712ms
Round took 3.328384ms
Round took 4.943437ms
Test took 5.128170574s
Successful: 10000
