Uniform distribution
2021/04/16 21:40:47 The leader is replica 0
Round took 3.584449ms
Round took 5.032697ms
Round took 6.174751ms
Round took 8.387184ms
Round took 6.577814ms
Round took 3.303668ms
Round took 4.798802ms
Round took 5.665528ms
Round took 5.501088ms
Round took 4.584533ms
Round took 4.860696ms
Round took 5.85318ms
Round took 4.731031ms
Round took 5.041089ms
Round took 6.140824ms
Round took 4.302157ms
Round took 4.305532ms
Round took 4.744462ms
Round took 6.820369ms
Round took 4.048598ms
Round took 4.95605ms
Round took 5.593442ms
Round took 4.912855ms
Round took 4.909571ms
Round took 4.556878ms
Round took 5.38383ms
Round took 6.089915ms
Round took 4.351881ms
Round took 4.682ms
Round took 5.261229ms
Round took 5.205345ms
Round took 4.379028ms
Round took 5.090222ms
Round took 4.934406ms
Round took 6.146386ms
Round took 3.984945ms
Round took 5.035568ms
Round took 7.517684ms
Round took 3.812777ms
Round took 6.29839ms
Round took 4.849218ms
Round took 5.330052ms
Round took 3.405493ms
Round took 5.516162ms
Round took 5.411936ms
Round took 4.480053ms
Round took 5.224975ms
Round took 4.567141ms
Round took 6.001395ms
Round took 6.770379ms
Round took 6.253228ms
Round took 6.47757ms
Round took 5.826003ms
Round took 6.817125ms
Round took 8.732941ms
Round took 4.25477ms
Round took 4.054999ms
Round took 6.059708ms
Round took 4.793079ms
Round took 4.294144ms
Round took 6.418892ms
Round took 5.23077ms
Round took 3.793555ms
Round took 4.923405ms
Round took 7.453725ms
Round took 5.456022ms
Round took 5.043761ms
Round took 4.962241ms
Round took 5.221592ms
Round took 5.133218ms
Round took 5.064813ms
Round took 5.133838ms
Round took 5.50618ms
Round took 4.942716ms
Round took 4.556483ms
Round took 5.056674ms
Round took 5.47857ms
Round took 4.869659ms
Round took 5.049921ms
Round took 5.188249ms
Round took 4.788398ms
Round took 5.183744ms
Round took 4.916446ms
Round took 5.381727ms
Round took 5.138377ms
Round took 4.982802ms
Round took 5.252228ms
Round took 6.491506ms
Round took 8.112024ms
Round took 7.753996ms
Round took 4.589253ms
Round took 3.97472ms
Round took 7.335764ms
Round took 5.065304ms
Round took 6.501509ms
Round took 4.203868ms
Round took 5.720508ms
Round took 4.936548ms
Round took 6.107541ms
Round took 4.242541ms
Round took 6.937535ms
Round took 5.098739ms
Round took 5.550908ms
Round took 5.037967ms
Round took 3.596963ms
Round took 3.80757ms
Round took 5.777652ms
Round took 5.746213ms
Round took 5.120933ms
Round took 4.949177ms
Round took 4.679933ms
Round took 5.026744ms
Round took 6.681049ms
Round took 4.420648ms
Round took 7.144345ms
Round took 6.996009ms
Round took 4.828226ms
Round took 4.38489ms
Round took 5.539473ms
Round took 5.117738ms
Round took 4.757427ms
Round took 5.125488ms
Round took 5.259471ms
Round took 4.839732ms
Round took 4.836ms
Round took 5.230093ms
Round took 6.222943ms
Round took 4.719422ms
Round took 4.532898ms
Round took 5.772613ms
Round took 4.503423ms
Round took 4.908857ms
Round took 7.645835ms
Round took 4.500358ms
Round took 5.334412ms
Round took 5.698287ms
Round took 6.05792ms
Round took 5.187117ms
Round took 5.377742ms
Round took 4.684141ms
Round took 5.142787ms
Round took 5.009406ms
Round took 5.07711ms
Round took 5.652251ms
Round took 5.106365ms
Round took 4.963424ms
Round took 4.872093ms
Round took 5.289994ms
Round took 4.986849ms
Round took 4.834685ms
Round took 5.334489ms
Round took 5.549095ms
Round took 4.367652ms
Round took 5.254481ms
Round took 5.535729ms
Round took 4.789664ms
Round took 4.092303ms
Round took 5.145629ms
Round took 5.858958ms
Round took 4.984343ms
Round took 5.086293ms
Round took 4.9975ms
Round took 5.412228ms
Round took 4.801924ms
Round took 5.071274ms
Round took 5.287871ms
Round took 4.964051ms
Round took 4.91053ms
Round took 5.502959ms
Round took 5.174405ms
Round took 4.551219ms
Round took 5.014199ms
Round took 5.443502ms
Round took 4.979095ms
Round took 5.243977ms
Round took 4.50588ms
Round took 6.118445ms
Round took 5.264735ms
Round took 5.453995ms
Round took 5.003778ms
Round took 5.541731ms
Round took 4.281046ms
Round took 4.539373ms
Round took 5.396358ms
Round took 5.132382ms
Round took 4.722339ms
Round took 5.200788ms
Round took 5.798287ms
Round took 4.913066ms
Round took 6.612531ms
Round took 6.002349ms
Round took 6.094198ms
Round took 6.724307ms
Round took 5.11973ms
Round took 5.079397ms
Round took 4.692264ms
Round took 3.782652ms
Round took 4.11084ms
Round took 5.846759ms
Round took 5.613701ms
Round took 5.618777ms
Round took 4.767315ms
Round took 4.18218ms
Round took 5.412945ms
Round took 4.510688ms
Round took 5.813969ms
Round took 4.740208ms
Round took 4.627697ms
Round took 5.247369ms
Round took 5.835564ms
Round took 5.160485ms
Round took 4.394244ms
Round took 5.598651ms
Round took 5.036332ms
Round took 5.098755ms
Round took 5.976914ms
Round took 4.8017ms
Round took 5.231078ms
Round took 4.411258ms
Round took 5.068938ms
Round took 5.506867ms
Round took 4.584543ms
Round took 5.562426ms
Round took 5.575266ms
Round took 3.896411ms
Round took 5.155408ms
Round took 6.638106ms
Round took 5.15705ms
Round took 5.419026ms
Round took 4.063932ms
Round took 5.364602ms
Round took 5.525456ms
Round took 5.27929ms
Round took 5.324126ms
Round took 6.299737ms
Round took 5.239271ms
Round took 4.975815ms
Round took 5.731702ms
Round took 5.102334ms
Round took 5.018084ms
Round took 4.689186ms
Round took 5.99458ms
Round took 4.772077ms
Round took 5.030705ms
Round took 5.37116ms
Round took 5.031921ms
Round took 4.871864ms
Round took 5.366235ms
Round took 6.219148ms
Round took 5.269059ms
Round took 5.894856ms
Round took 4.576389ms
Round took 4.919284ms
Round took 5.096493ms
Round took 5.858143ms
Round took 4.530363ms
Round took 5.184226ms
Round took 5.955369ms
Round took 5.920045ms
Round took 5.736001ms
Round took 4.854658ms
Round took 5.137647ms
Round took 6.451803ms
Round took 4.396758ms
Round took 4.586128ms
Round took 5.518818ms
Round took 5.149566ms
Round took 5.021543ms
Round took 4.8575ms
Round took 5.48864ms
Round took 4.981311ms
Round took 4.82078ms
Round took 6.063217ms
Round took 4.977854ms
Round took 4.489469ms
Round took 6.687058ms
Round took 4.211579ms
Round took 5.111005ms
Round took 5.548047ms
Round took 7.459911ms
Round took 4.246944ms
Round took 5.18631ms
Round took 5.052626ms
Round took 5.406023ms
Round took 4.760577ms
Round took 4.937069ms
Round took 5.405139ms
Round took 5.091208ms
Round took 5.0863ms
Round took 4.97427ms
Round took 5.294186ms
Round took 4.999652ms
Round took 5.026849ms
Round took 4.979663ms
Round took 5.161498ms
Round took 5.315126ms
Round took 5.027867ms
Round took 5.061956ms
Round took 4.869108ms
Round took 5.345757ms
Round took 4.862293ms
Round took 5.065167ms
Round took 6.240007ms
Round took 6.368329ms
Round took 6.675185ms
Round took 4.337545ms
Round took 4.177342ms
Round took 5.131998ms
Round took 6.226385ms
Round took 5.089315ms
Round took 4.995375ms
Round took 5.682669ms
Round took 4.556681ms
Round took 4.940911ms
Round took 5.145549ms
Round took 5.247525ms
Round took 4.919141ms
Round took 5.291519ms
Round took 4.830221ms
Round took 5.201881ms
Round took 5.054921ms
Round took 6.493317ms
Round took 4.074818ms
Round took 4.645315ms
Round took 5.007919ms
Round took 5.065569ms
Round took 5.495313ms
Round took 4.974211ms
Round took 5.19ms
Round took 5.13406ms
Round took 4.671591ms
Round took 5.265615ms
Round took 5.098087ms
Round took 5.054873ms
Round took 5.379131ms
Round took 4.751226ms
Round took 5.085063ms
Round took 5.129459ms
Round took 5.070253ms
Round took 5.339406ms
Round took 4.778739ms
Round took 6.838403ms
Round took 5.116743ms
Round took 5.011946ms
Round took 4.794097ms
Round took 5.512753ms
Round took 5.593598ms
Round took 6.291626ms
Round took 4.9885ms
Round took 5.454818ms
Round took 5.139898ms
Round took 5.495264ms
Round took 5.203824ms
Round took 4.758629ms
Round took 5.139932ms
Round took 5.82284ms
Round took 5.931759ms
Round took 4.814349ms
Round took 4.882956ms
Round took 5.645392ms
Round took 4.091727ms
Round took 6.318939ms
Round took 3.997203ms
Round took 7.644133ms
Round took 6.57801ms
Round took 4.826948ms
Round took 4.320375ms
Round took 4.96ms
Round took 5.05794ms
Round took 5.441683ms
Round took 4.761111ms
Round took 5.089286ms
Round took 5.053446ms
Round took 5.256465ms
Round took 4.699766ms
Round took 6.427607ms
Round took 3.866317ms
Round took 4.882411ms
Round took 4.997233ms
Round took 5.938947ms
Round took 4.89796ms
Round took 5.359532ms
Round took 4.902202ms
Round took 4.844166ms
Round took 5.33883ms
Round took 4.951071ms
Round took 6.692369ms
Round took 5.202964ms
Round took 4.563888ms
Round took 5.460371ms
Round took 4.742864ms
Round took 5.191183ms
Round took 4.985364ms
Round took 5.649669ms
Round took 4.53621ms
Round took 4.943551ms
Round took 5.850295ms
Round took 4.688448ms
Round took 5.893187ms
Round took 3.671421ms
Round took 5.782508ms
Round took 5.228323ms
Round took 5.260688ms
Round took 5.066238ms
Round took 4.879512ms
Round took 4.998344ms
Round took 5.037048ms
Round took 6.26671ms
Round took 6.426897ms
Round took 5.280869ms
Round took 4.626249ms
Round took 5.395307ms
Round took 5.224802ms
Round took 4.993535ms
Round took 7.419325ms
Round took 3.600226ms
Round took 5.760423ms
Round took 4.569564ms
Round took 4.976098ms
Round took 5.406915ms
Round took 4.577618ms
Round took 5.626491ms
Round took 4.732313ms
Round took 5.41528ms
Round took 4.311325ms
Round took 5.514957ms
Round took 5.024705ms
Round took 4.879689ms
Round took 4.820204ms
Round took 5.287666ms
Round took 5.047717ms
Round took 4.771013ms
Round took 5.02525ms
Round took 5.727733ms
Round took 4.374885ms
Round took 5.118618ms
Round took 4.710403ms
Round took 5.253873ms
Round took 5.370854ms
Round took 5.369366ms
Round took 5.795112ms
Round took 4.220218ms
Round took 5.150467ms
Round took 5.17434ms
Round took 5.877259ms
Round took 5.065211ms
Round took 4.957989ms
Round took 7.177659ms
Round took 5.615556ms
Round took 4.747762ms
Round took 3.558868ms
Round took 18.720208ms
Round took 5.796249ms
Round took 4.499076ms
Round took 4.822947ms
Round took 6.003529ms
Round took 6.833879ms
Round took 4.19079ms
Round took 5.344477ms
Round took 3.570036ms
Round took 5.047944ms
Round took 6.683598ms
Round took 5.474313ms
Round took 5.772799ms
Round took 3.359933ms
Round took 3.444848ms
Round took 6.360436ms
Round took 4.90782ms
Round took 5.53064ms
Round took 5.715464ms
Round took 6.535175ms
Round took 4.822664ms
Round took 5.066152ms
Round took 5.00257ms
Round took 5.087877ms
Round took 5.243357ms
Round took 4.905287ms
Round took 4.96082ms
Round took 5.074452ms
Round took 5.240792ms
Round took 4.870386ms
Round took 5.488233ms
Round took 4.834908ms
Round took 5.119284ms
Round took 4.904721ms
Round took 5.215887ms
Round took 5.304989ms
Round took 4.680424ms
Round took 5.63537ms
Round took 4.642336ms
Round took 4.515357ms
Round took 5.394496ms
Round took 5.114034ms
Round took 5.126712ms
Round took 4.708597ms
Round took 5.221082ms
Round took 6.226072ms
Round took 4.240603ms
Round took 4.530533ms
Round took 5.283457ms
Round took 5.046967ms
Round took 4.906011ms
Round took 5.27835ms
Round took 4.947677ms
Round took 5.317311ms
Round took 4.648778ms
Round took 5.120206ms
Round took 5.159057ms
Round took 5.189746ms
Round took 4.939014ms
Round took 5.11554ms
Round took 5.14088ms
Round took 4.870534ms
Round took 5.181497ms
Round took 5.483723ms
Round took 4.953097ms
Round took 4.86517ms
Round took 4.95183ms
Round took 4.947347ms
Round took 5.360824ms
Round took 4.892342ms
Round took 5.228618ms
Round took 5.050248ms
Round took 4.94218ms
Round took 4.933714ms
Round took 5.458189ms
Round took 5.985553ms
Round took 4.44663ms
Round took 5.024309ms
Round took 5.844757ms
Round took 4.757662ms
Round took 4.471914ms
Round took 7.390436ms
Round took 3.755799ms
Round took 5.297497ms
Round took 4.582206ms
Round took 6.215839ms
Round took 4.972145ms
Round took 5.811368ms
Round took 6.81373ms
Round took 4.904807ms
Round took 5.065322ms
Round took 5.00614ms
Round took 5.129339ms
Round took 5.138469ms
Round took 4.803152ms
Round took 5.745223ms
Round took 4.764148ms
Round took 4.630202ms
Round took 5.23325ms
Round took 5.658687ms
Round took 5.073149ms
Round took 4.582972ms
Round took 5.231115ms
Round took 5.050082ms
Round took 5.427384ms
Round took 5.158207ms
Round took 5.644804ms
Round took 6.756113ms
Round took 5.194125ms
Round took 6.002864ms
Round took 4.455392ms
Round took 5.170111ms
Round took 3.823144ms
Round took 6.067253ms
Round took 4.638974ms
Round took 4.64236ms
Round took 6.70374ms
Round took 7.938421ms
Round took 4.436333ms
Round took 5.888388ms
Round took 5.129255ms
Round took 4.485626ms
Round took 4.628769ms
Round took 5.181758ms
Round took 5.873521ms
Round took 4.967321ms
Round took 5.689467ms
Round took 7.927576ms
Round took 5.199753ms
Round took 4.890053ms
Round took 5.786988ms
Round took 4.70159ms
Round took 4.961465ms
Round took 5.344348ms
Round took 4.830556ms
Round took 5.603824ms
Round took 5.177849ms
Round took 5.66193ms
Round took 4.461428ms
Round took 5.420084ms
Round took 4.505959ms
Round took 5.950858ms
Round took 4.695719ms
Round took 7.320742ms
Round took 6.390604ms
Round took 4.948189ms
Round took 4.652007ms
Round took 5.734415ms
Round took 5.10866ms
Round took 5.288913ms
Round took 5.453315ms
Round took 5.077242ms
Round took 4.823172ms
Round took 5.316308ms
Round took 4.624995ms
Round took 5.815672ms
Round took 5.186165ms
Round took 5.230154ms
Round took 5.524258ms
Round took 4.431099ms
Round took 5.112357ms
Round took 4.588944ms
Round took 5.00774ms
Round took 5.308601ms
Round took 4.711986ms
Round took 5.113282ms
Round took 5.897307ms
Round took 4.571567ms
Round took 4.902641ms
Round took 5.076017ms
Round took 6.165289ms
Round took 4.615511ms
Round took 5.538648ms
Round took 5.076249ms
Round took 5.130435ms
Round took 5.74383ms
Round took 3.957195ms
Round took 5.387792ms
Round took 5.395982ms
Round took 4.347579ms
Round took 5.507485ms
Round took 5.219957ms
Round took 4.682998ms
Round took 5.555347ms
Round took 5.329007ms
Round took 4.405283ms
Round took 5.194227ms
Round took 4.602016ms
Round took 6.253779ms
Round took 3.975691ms
Round took 5.201457ms
Round took 6.162199ms
Round took 4.380248ms
Round took 5.167695ms
Round took 4.631682ms
Round took 5.274421ms
Round took 4.807163ms
Round took 4.998478ms
Round took 7.001491ms
Round took 6.990522ms
Round took 4.249678ms
Round took 4.97934ms
Round took 5.752501ms
Round took 4.519722ms
Round took 5.469744ms
Round took 4.666606ms
Round took 5.417085ms
Round took 4.944453ms
Round took 4.995819ms
Round took 5.000243ms
Round took 5.043737ms
Round took 5.207232ms
Round took 5.035203ms
Round took 5.618409ms
Round took 4.727154ms
Round took 5.231269ms
Round took 4.643972ms
Round took 5.526542ms
Round took 5.00702ms
Round took 5.311947ms
Round took 4.972996ms
Round took 5.258305ms
Round took 4.71398ms
Round took 5.232873ms
Round took 5.42425ms
Round took 6.056722ms
Round took 5.408633ms
Round took 5.318703ms
Round took 4.616751ms
Round took 5.316865ms
Round took 5.044685ms
Round took 5.417041ms
Round took 4.616737ms
Round took 5.774528ms
Round took 5.221211ms
Round took 5.492634ms
Round took 4.67494ms
Round took 5.905321ms
Round took 3.708447ms
Round took 5.120183ms
Round took 4.616869ms
Round took 5.600184ms
Round took 5.919849ms
Round took 4.236269ms
Round took 5.194724ms
Round took 4.692377ms
Round took 5.296531ms
Round took 4.578294ms
Round took 5.396353ms
Round took 5.560344ms
Round took 4.649144ms
Round took 4.691539ms
Round took 5.073048ms
Round took 5.462585ms
Round took 4.730682ms
Round took 5.012683ms
Round took 5.783757ms
Round took 5.162869ms
Round took 4.287022ms
Round took 6.598479ms
Round took 6.986838ms
Round took 5.0828ms
Round took 4.227622ms
Round took 5.185015ms
Round took 6.513206ms
Round took 4.29524ms
Round took 4.94477ms
Round took 5.53689ms
Round took 4.761583ms
Round took 5.363172ms
Round took 4.722599ms
Round took 5.470928ms
Round took 4.934496ms
Round took 5.104893ms
Round took 6.0518ms
Round took 4.035565ms
Round took 5.089477ms
Round took 4.962447ms
Round took 4.802586ms
Round took 5.568595ms
Round took 4.706843ms
Round took 5.213016ms
Round took 5.823549ms
Round took 4.29388ms
Round took 4.873ms
Round took 5.665195ms
Round took 4.676309ms
Round took 4.642915ms
Round took 5.158213ms
Round took 5.647468ms
Round took 5.221949ms
Round took 5.661648ms
Round took 4.779992ms
Round took 4.325197ms
Round took 5.113057ms
Round took 4.357421ms
Round took 5.394312ms
Round took 4.998064ms
Round took 5.131057ms
Round took 5.283936ms
Round took 5.261495ms
Round took 5.021288ms
Round took 4.621365ms
Round took 5.39248ms
Round took 5.089316ms
Round took 5.497618ms
Round took 4.594582ms
Round took 5.709344ms
Round took 5.166563ms
Round took 4.436408ms
Round took 4.926473ms
Round took 5.513963ms
Round took 5.080514ms
Round took 4.703567ms
Round took 5.045661ms
Round took 5.882703ms
Round took 4.309426ms
Round took 5.508199ms
Round took 4.57897ms
Round took 5.58957ms
Round took 4.715082ms
Round took 4.977045ms
Round took 5.281095ms
Round took 4.839843ms
Round took 4.921022ms
Round took 5.314718ms
Round took 5.500913ms
Round took 4.735901ms
Round took 4.616039ms
Round took 5.147515ms
Round took 6.247558ms
Round took 4.164362ms
Round took 4.93234ms
Round took 6.05101ms
Round took 4.211638ms
Round took 5.105146ms
Round took 4.897693ms
Round took 6.624518ms
Round took 5.032482ms
Round took 4.980997ms
Round took 5.118687ms
Round took 3.619389ms
Round took 5.871624ms
Round took 4.782341ms
Round took 6.431151ms
Round took 4.924246ms
Round took 5.328894ms
Round took 5.502641ms
Round took 3.724678ms
Round took 5.48756ms
Round took 5.376597ms
Round took 5.078948ms
Round took 5.255576ms
Round took 4.522049ms
Round took 6.327022ms
Round took 6.402389ms
Round took 4.940449ms
Round took 5.252633ms
Round took 4.888315ms
Round took 4.896439ms
Round took 5.309236ms
Round took 4.791991ms
Round took 7.851726ms
Round took 4.364864ms
Round took 5.433789ms
Round took 5.43944ms
Round took 4.612059ms
Round took 5.342622ms
Round took 4.239441ms
Round took 6.169478ms
Round took 4.513318ms
Round took 4.836ms
Round took 6.645867ms
Round took 4.668762ms
Round took 5.718658ms
Round took 3.735185ms
Round took 5.332778ms
Round took 4.839829ms
Round took 5.160104ms
Round took 5.945729ms
Round took 4.966197ms
Round took 4.738176ms
Round took 5.268817ms
Round took 5.89549ms
Round took 6.751994ms
Round took 4.707464ms
Round took 4.828691ms
Round took 5.44827ms
Round took 4.842895ms
Round took 5.615704ms
Round took 5.3582ms
Round took 4.305288ms
Round took 5.132344ms
Round took 4.99922ms
Round took 5.034141ms
Round took 6.19236ms
Round took 4.750294ms
Round took 5.766289ms
Round took 4.51487ms
Round took 5.109208ms
Round took 4.894858ms
Round took 5.431519ms
Round took 4.905305ms
Round took 5.569547ms
Round took 4.301738ms
Round took 5.975445ms
Round took 4.999059ms
Round took 4.975803ms
Round took 4.797786ms
Round took 5.66778ms
Round took 4.318774ms
Round took 5.213057ms
Round took 5.137973ms
Round took 6.127395ms
Round took 4.819673ms
Round took 5.21897ms
Round took 4.952594ms
Round took 5.443217ms
Round took 4.855419ms
Round took 5.503536ms
Round took 5.157647ms
Round took 4.521282ms
Round took 5.10973ms
Round took 5.234537ms
Round took 4.879036ms
Round took 4.83275ms
Round took 5.237621ms
Round took 5.134698ms
Round took 5.050823ms
Round took 5.2522ms
Round took 5.104582ms
Round took 5.872146ms
Round took 5.181108ms
Round took 4.786042ms
Round took 5.22622ms
Round took 4.977727ms
Round took 4.949123ms
Round took 5.062961ms
Round took 5.152424ms
Round took 4.154055ms
Round took 4.949852ms
Round took 5.689971ms
Round took 5.303347ms
Round took 4.599534ms
Round took 5.009752ms
Round took 5.284125ms
Round took 5.167709ms
Round took 4.957479ms
Round took 6.173518ms
Round took 6.191764ms
Round took 4.376619ms
Round took 4.474634ms
Round took 3.909037ms
Round took 6.026064ms
Round took 4.764715ms
Round took 6.447623ms
Round took 4.590244ms
Round took 5.635324ms
Round took 3.886925ms
Round took 7.258045ms
Round took 4.691532ms
Round took 4.861726ms
Round took 5.481732ms
Round took 4.59039ms
Round took 4.873897ms
Round took 5.150273ms
Round took 5.407886ms
Round took 4.63589ms
Round took 5.138901ms
Round took 6.119869ms
Round took 4.630955ms
Round took 4.605376ms
Round took 4.632375ms
Round took 5.932169ms
Round took 5.056327ms
Round took 5.212492ms
Round took 6.427678ms
Round took 6.885106ms
Round took 4.646177ms
Round took 4.921109ms
Round took 5.181344ms
Round took 5.549233ms
Round took 3.831616ms
Round took 5.225924ms
Round took 5.246227ms
Round took 5.604039ms
Round took 4.236079ms
Round took 5.498693ms
Round took 7.75684ms
Round took 3.95585ms
Round took 5.149923ms
Round took 4.643ms
Round took 5.02371ms
Round took 3.543347ms
Round took 5.252034ms
Round took 5.422136ms
Round took 4.690078ms
Round took 5.011187ms
Round took 5.068747ms
Round took 5.11788ms
Round took 5.913621ms
Round took 5.498538ms
Round took 4.561845ms
Round took 5.279225ms
Round took 4.529369ms
Round took 4.981153ms
Round took 7.185846ms
Round took 4.810616ms
Round took 5.459242ms
Round took 4.661112ms
Round took 4.529699ms
Round took 5.23217ms
Round took 5.408842ms
Round took 5.841945ms
Round took 4.205988ms
Round took 5.642406ms
Round took 4.259305ms
Round took 5.047991ms
Round took 5.152738ms
Round took 4.755687ms
Round took 6.307407ms
Round took 4.573202ms
Round took 4.693988ms
Round took 4.347031ms
Round took 6.17887ms
Round took 4.259063ms
Round took 5.377954ms
Round took 5.759079ms
Round took 4.694556ms
Round took 5.413183ms
Round took 4.29853ms
Round took 6.00012ms
Round took 5.204028ms
Round took 5.41631ms
Round took 5.046999ms
Round took 4.937063ms
Round took 4.735426ms
Round took 6.449685ms
Round took 6.576194ms
Round took 5.5206ms
Round took 5.59199ms
Round took 5.156005ms
Round took 7.733688ms
Round took 7.143712ms
Round took 5.617221ms
Round took 4.265528ms
Round took 6.590726ms
Round took 5.169898ms
Round took 6.771824ms
Test took 5.247717303s
Successful: 10000
