Uniform distribution
2021/04/16 21:40:47 The leader is replica 0
Round took 5.380218ms
Round took 1.834356ms
Round took 6.847521ms
Round took 5.593289ms
Round took 6.29431ms
Round took 7.176727ms
Round took 6.865065ms
Round took 3.40749ms
Round took 5.2401ms
Round took 5.653825ms
Round took 5.33066ms
Round took 4.590562ms
Round took 4.91689ms
Round took 5.302988ms
Round took 5.1657ms
Round took 5.073321ms
Round took 5.537435ms
Round took 5.264604ms
Round took 4.366477ms
Round took 4.766168ms
Round took 6.309526ms
Round took 4.070361ms
Round took 4.944588ms
Round took 5.190774ms
Round took 4.925786ms
Round took 4.959532ms
Round took 4.448901ms
Round took 4.99701ms
Round took 5.478624ms
Round took 5.233305ms
Round took 4.650314ms
Round took 5.258419ms
Round took 5.982012ms
Round took 4.441329ms
Round took 5.072244ms
Round took 4.920401ms
Round took 6.015959ms
Round took 4.010201ms
Round took 5.035274ms
Round took 7.407705ms
Round took 3.814861ms
Round took 6.530482ms
Round took 4.825572ms
Round took 5.306812ms
Round took 3.470844ms
Round took 5.540591ms
Round took 5.415561ms
Round took 4.518422ms
Round took 5.231205ms
Round took 4.56468ms
Round took 5.932712ms
Round took 6.709795ms
Round took 6.298877ms
Round took 6.464849ms
Round took 5.647078ms
Round took 6.850085ms
Round took 8.757812ms
Round took 4.166701ms
Round took 4.023548ms
Round took 6.095062ms
Round took 4.835563ms
Round took 4.332139ms
Round took 6.478284ms
Round took 5.21507ms
Round took 3.791109ms
Round took 4.982736ms
Round took 7.477142ms
Round took 5.352846ms
Round took 5.076439ms
Round took 4.936091ms
Round took 5.203792ms
Round took 5.128897ms
Round took 5.098236ms
Round took 5.248654ms
Round took 5.45981ms
Round took 4.930163ms
Round took 4.513622ms
Round took 5.075246ms
Round took 5.47269ms
Round took 4.853885ms
Round took 4.9972ms
Round took 5.208636ms
Round took 4.81573ms
Round took 5.185333ms
Round took 4.942611ms
Round took 5.37941ms
Round took 5.264857ms
Round took 4.878242ms
Round took 5.188179ms
Round took 6.491764ms
Round took 8.229024ms
Round took 7.750522ms
Round took 4.665973ms
Round took 4.049077ms
Round took 7.471731ms
Round took 5.215631ms
Round took 6.488737ms
Round took 4.572909ms
Round took 5.745903ms
Round took 4.848487ms
Round took 5.543896ms
Round took 4.115515ms
Round took 6.926335ms
Round took 5.176291ms
Round took 5.506656ms
Round took 5.078255ms
Round took 3.595298ms
Round took 3.810314ms
Round took 5.790121ms
Round took 5.73416ms
Round took 5.074883ms
Round took 4.95796ms
Round took 4.740685ms
Round took 5.04819ms
Round took 5.587427ms
Round took 4.356301ms
Round took 5.702038ms
Round took 6.856844ms
Round took 5.774741ms
Round took 5.376013ms
Round took 5.415881ms
Round took 5.187241ms
Round took 4.626607ms
Round took 5.096791ms
Round took 5.269178ms
Round took 4.782382ms
Round took 4.964861ms
Round took 5.215652ms
Round took 4.978065ms
Round took 5.365708ms
Round took 4.557817ms
Round took 5.297827ms
Round took 5.034353ms
Round took 4.974842ms
Round took 5.478683ms
Round took 5.308379ms
Round took 5.104533ms
Round took 4.693094ms
Round took 4.854033ms
Round took 7.313218ms
Round took 5.155361ms
Round took 5.870058ms
Round took 4.699684ms
Round took 4.774808ms
Round took 6.196285ms
Round took 6.341113ms
Round took 5.383323ms
Round took 4.863547ms
Round took 4.951947ms
Round took 5.220451ms
Round took 4.988094ms
Round took 4.931265ms
Round took 5.356674ms
Round took 5.105728ms
Round took 4.922714ms
Round took 5.261954ms
Round took 4.914265ms
Round took 6.266483ms
Round took 4.111853ms
Round took 5.12982ms
Round took 5.901853ms
Round took 5.015357ms
Round took 5.089265ms
Round took 4.951071ms
Round took 5.334763ms
Round took 4.95542ms
Round took 5.531422ms
Round took 4.900925ms
Round took 4.997702ms
Round took 4.973206ms
Round took 6.577926ms
Round took 5.176571ms
Round took 4.477273ms
Round took 5.210251ms
Round took 4.459832ms
Round took 4.92964ms
Round took 7.110414ms
Round took 5.403249ms
Round took 5.45742ms
Round took 5.176498ms
Round took 4.724198ms
Round took 5.977103ms
Round took 4.37716ms
Round took 4.553995ms
Round took 5.412478ms
Round took 5.109708ms
Round took 4.825993ms
Round took 5.298566ms
Round took 5.953333ms
Round took 5.006165ms
Round took 5.046271ms
Round took 4.676463ms
Round took 6.189521ms
Round took 6.189437ms
Round took 6.069488ms
Round took 5.043958ms
Round took 5.51696ms
Round took 3.822071ms
Round took 3.467597ms
Round took 4.790578ms
Round took 4.797997ms
Round took 5.514488ms
Round took 5.808015ms
Round took 4.732943ms
Round took 3.969372ms
Round took 5.987068ms
Round took 4.880441ms
Round took 4.827916ms
Round took 5.002519ms
Round took 4.524039ms
Round took 6.409007ms
Round took 4.723571ms
Round took 5.742041ms
Round took 4.514913ms
Round took 5.049516ms
Round took 5.078762ms
Round took 5.935551ms
Round took 4.766642ms
Round took 5.039666ms
Round took 5.841572ms
Round took 5.801571ms
Round took 5.629186ms
Round took 4.539221ms
Round took 5.34913ms
Round took 4.790809ms
Round took 5.201607ms
Round took 4.999722ms
Round took 5.139805ms
Round took 5.532374ms
Round took 5.074588ms
Round took 4.659504ms
Round took 5.179704ms
Round took 5.948675ms
Round took 4.294768ms
Round took 4.734285ms
Round took 5.273312ms
Round took 5.26041ms
Round took 6.901044ms
Round took 5.806215ms
Round took 5.034933ms
Round took 5.22895ms
Round took 6.633728ms
Round took 6.390198ms
Round took 4.759084ms
Round took 4.985237ms
Round took 5.118212ms
Round took 5.862826ms
Round took 4.425283ms
Round took 5.327795ms
Round took 5.154223ms
Round took 5.098501ms
Round took 4.71302ms
Round took 5.769026ms
Round took 5.592519ms
Round took 4.588485ms
Round took 5.85578ms
Round took 4.769617ms
Round took 5.035474ms
Round took 4.690259ms
Round took 4.807177ms
Round took 5.767464ms
Round took 5.559478ms
Round took 4.746188ms
Round took 5.631387ms
Round took 5.1539ms
Round took 4.396361ms
Round took 4.550661ms
Round took 5.626553ms
Round took 5.397129ms
Round took 4.970332ms
Round took 4.87309ms
Round took 5.493638ms
Round took 4.992838ms
Round took 4.991664ms
Round took 5.464608ms
Round took 4.93335ms
Round took 4.500959ms
Round took 5.632678ms
Round took 4.818094ms
Round took 5.148476ms
Round took 5.536255ms
Round took 5.284591ms
Round took 5.80261ms
Round took 4.179522ms
Round took 5.776681ms
Round took 4.172475ms
Round took 5.321759ms
Round took 4.7661ms
Round took 5.590441ms
Round took 5.644628ms
Round took 4.561171ms
Round took 5.710464ms
Round took 3.847105ms
Round took 5.307751ms
Round took 4.803616ms
Round took 5.473304ms
Round took 5.464475ms
Round took 4.511895ms
Round took 5.603708ms
Round took 5.619716ms
Round took 4.514118ms
Round took 4.568863ms
Round took 5.945957ms
Round took 6.112201ms
Round took 6.530763ms
Round took 5.852906ms
Round took 6.976718ms
Round took 4.143791ms
Round took 4.125214ms
Round took 5.094839ms
Round took 5.419326ms
Round took 4.745851ms
Round took 5.325407ms
Round took 4.865611ms
Round took 5.608203ms
Round took 4.486895ms
Round took 4.981113ms
Round took 5.880773ms
Round took 4.979279ms
Round took 4.865529ms
Round took 5.676693ms
Round took 5.352205ms
Round took 4.814194ms
Round took 6.843863ms
Round took 4.676306ms
Round took 4.160826ms
Round took 4.571622ms
Round took 5.020972ms
Round took 5.662751ms
Round took 4.740095ms
Round took 5.425691ms
Round took 4.828176ms
Round took 4.81856ms
Round took 4.728925ms
Round took 5.477536ms
Round took 5.751732ms
Round took 4.593915ms
Round took 5.861588ms
Round took 5.747034ms
Round took 5.171618ms
Round took 5.024511ms
Round took 5.359183ms
Round took 4.779197ms
Round took 5.136787ms
Round took 5.171438ms
Round took 4.810604ms
Round took 5.176739ms
Round took 5.320219ms
Round took 4.80394ms
Round took 5.162432ms
Round took 5.496841ms
Round took 5.006095ms
Round took 5.427598ms
Round took 5.098021ms
Round took 5.377074ms
Round took 5.144866ms
Round took 4.780953ms
Round took 5.13058ms
Round took 5.749123ms
Round took 5.160106ms
Round took 5.440344ms
Round took 4.89892ms
Round took 5.168344ms
Round took 4.693993ms
Round took 7.173981ms
Round took 3.964458ms
Round took 6.826885ms
Round took 6.307517ms
Round took 4.53434ms
Round took 6.667634ms
Round took 6.606923ms
Round took 4.802826ms
Round took 7.522573ms
Round took 5.029282ms
Round took 5.041669ms
Round took 5.311937ms
Round took 4.673935ms
Round took 5.774915ms
Round took 4.451967ms
Round took 4.935096ms
Round took 4.993366ms
Round took 5.730086ms
Round took 5.037141ms
Round took 5.399313ms
Round took 4.64631ms
Round took 5.325684ms
Round took 5.194164ms
Round took 4.997826ms
Round took 5.172062ms
Round took 5.189925ms
Round took 4.575643ms
Round took 5.156244ms
Round took 5.209148ms
Round took 5.122494ms
Round took 5.019115ms
Round took 5.782784ms
Round took 4.864907ms
Round took 4.903858ms
Round took 5.218205ms
Round took 5.646147ms
Round took 5.292431ms
Round took 4.33528ms
Round took 6.300825ms
Round took 5.194578ms
Round took 4.949501ms
Round took 5.489399ms
Round took 4.703095ms
Round took 4.802277ms
Round took 4.78564ms
Round took 7.0645ms
Round took 4.329026ms
Round took 5.246598ms
Round took 5.444846ms
Round took 4.229734ms
Round took 4.987657ms
Round took 5.897955ms
Round took 6.068002ms
Round took 4.824568ms
Round took 5.737256ms
Round took 4.429655ms
Round took 5.121564ms
Round took 5.437846ms
Round took 4.588972ms
Round took 5.214449ms
Round took 5.123986ms
Round took 5.426333ms
Round took 4.391995ms
Round took 5.219989ms
Round took 5.603975ms
Round took 4.643585ms
Round took 5.102062ms
Round took 4.72774ms
Round took 6.248481ms
Round took 4.933289ms
Round took 5.012538ms
Round took 5.990764ms
Round took 4.764897ms
Round took 5.908952ms
Round took 4.01518ms
Round took 5.211489ms
Round took 5.458176ms
Round took 6.65409ms
Round took 4.216922ms
Round took 4.558036ms
Round took 5.877617ms
Round took 6.040285ms
Round took 5.389813ms
Round took 5.049799ms
Round took 6.519371ms
Round took 5.381481ms
Round took 4.898653ms
Round took 4.476491ms
Round took 18.376356ms
Round took 4.929872ms
Round took 5.054627ms
Round took 4.96528ms
Round took 5.316346ms
Round took 5.711902ms
Round took 5.479792ms
Round took 4.751621ms
Round took 4.633981ms
Round took 4.986233ms
Round took 5.199018ms
Round took 5.801951ms
Round took 5.84749ms
Round took 4.879473ms
Round took 3.403598ms
Round took 5.784722ms
Round took 5.750598ms
Round took 5.022075ms
Round took 4.857861ms
Round took 5.238412ms
Round took 5.201595ms
Round took 4.916913ms
Round took 4.944071ms
Round took 4.968047ms
Round took 4.687733ms
Round took 5.366202ms
Round took 4.897003ms
Round took 4.988065ms
Round took 5.581569ms
Round took 4.462107ms
Round took 4.857894ms
Round took 5.513364ms
Round took 4.820518ms
Round took 5.048081ms
Round took 5.008246ms
Round took 5.073104ms
Round took 5.248781ms
Round took 4.587806ms
Round took 5.976385ms
Round took 4.67223ms
Round took 4.800866ms
Round took 6.031208ms
Round took 5.082314ms
Round took 5.292145ms
Round took 4.469958ms
Round took 6.970827ms
Round took 4.606063ms
Round took 4.273425ms
Round took 4.875179ms
Round took 5.134975ms
Round took 4.966361ms
Round took 4.89017ms
Round took 6.028709ms
Round took 4.440718ms
Round took 5.252553ms
Round took 4.104052ms
Round took 6.011102ms
Round took 4.546851ms
Round took 5.327311ms
Round took 6.2281ms
Round took 4.877224ms
Round took 4.820228ms
Round took 4.912061ms
Round took 4.903067ms
Round took 5.349668ms
Round took 4.945918ms
Round took 6.027467ms
Round took 3.754885ms
Round took 4.828578ms
Round took 5.993506ms
Round took 4.514309ms
Round took 5.187644ms
Round took 5.042066ms
Round took 5.857761ms
Round took 5.705559ms
Round took 6.999687ms
Round took 4.411715ms
Round took 5.008338ms
Round took 5.485106ms
Round took 4.965324ms
Round took 4.530082ms
Round took 6.29345ms
Round took 3.871582ms
Round took 5.359314ms
Round took 4.682286ms
Round took 6.2254ms
Round took 6.515694ms
Round took 6.33023ms
Round took 6.594182ms
Round took 4.870688ms
Round took 5.100655ms
Round took 5.065581ms
Round took 5.169556ms
Round took 5.097989ms
Round took 4.807601ms
Round took 5.715575ms
Round took 5.040924ms
Round took 4.424792ms
Round took 5.208354ms
Round took 5.626524ms
Round took 5.137196ms
Round took 4.639554ms
Round took 5.210325ms
Round took 5.267578ms
Round took 5.417103ms
Round took 4.281053ms
Round took 5.622465ms
Round took 6.994696ms
Round took 5.188209ms
Round took 5.989688ms
Round took 4.499601ms
Round took 5.150686ms
Round took 3.826847ms
Round took 5.586529ms
Round took 4.70252ms
Round took 4.685013ms
Round took 7.152046ms
Round took 7.380351ms
Round took 4.668051ms
Round took 5.832313ms
Round took 5.152817ms
Round took 4.484201ms
Round took 4.680228ms
Round took 4.935899ms
Round took 6.070167ms
Round took 4.989481ms
Round took 5.643365ms
Round took 5.33936ms
Round took 4.96518ms
Round took 6.849988ms
Round took 6.047945ms
Round took 4.786842ms
Round took 4.98219ms
Round took 5.336523ms
Round took 4.882465ms
Round took 6.154618ms
Round took 4.489897ms
Round took 5.556294ms
Round took 5.139521ms
Round took 5.251327ms
Round took 4.52032ms
Round took 5.578333ms
Round took 4.773796ms
Round took 5.352226ms
Round took 4.932381ms
Round took 6.500425ms
Round took 4.812002ms
Round took 5.107689ms
Round took 5.080395ms
Round took 5.105377ms
Round took 4.91388ms
Round took 6.149913ms
Round took 4.788151ms
Round took 4.853992ms
Round took 7.12999ms
Round took 5.569442ms
Round took 5.04377ms
Round took 5.095568ms
Round took 4.93466ms
Round took 5.250888ms
Round took 5.137144ms
Round took 4.628522ms
Round took 5.092967ms
Round took 5.240519ms
Round took 4.984062ms
Round took 5.294759ms
Round took 5.597898ms
Round took 4.537995ms
Round took 4.907885ms
Round took 5.038005ms
Round took 5.621731ms
Round took 4.950883ms
Round took 4.997473ms
Round took 5.07688ms
Round took 5.987543ms
Round took 5.26906ms
Round took 4.404671ms
Round took 5.398728ms
Round took 5.385669ms
Round took 4.44168ms
Round took 5.451421ms
Round took 5.299189ms
Round took 4.698702ms
Round took 5.501144ms
Round took 5.440313ms
Round took 4.275232ms
Round took 5.232984ms
Round took 4.664788ms
Round took 6.268321ms
Round took 3.898685ms
Round took 5.200061ms
Round took 6.16395ms
Round took 4.414769ms
Round took 5.151841ms
Round took 4.746667ms
Round took 5.410857ms
Round took 4.806569ms
Round took 5.001319ms
Round took 5.69566ms
Round took 4.49578ms
Round took 5.826762ms
Round took 4.02064ms
Round took 5.248546ms
Round took 5.437763ms
Round took 4.647229ms
Round took 5.758971ms
Round took 4.463653ms
Round took 5.367074ms
Round took 5.299194ms
Round took 4.699704ms
Round took 5.263639ms
Round took 4.098179ms
Round took 5.715233ms
Round took 5.388728ms
Round took 4.932858ms
Round took 4.718064ms
Round took 6.518525ms
Round took 6.129303ms
Round took 4.897117ms
Round took 5.110501ms
Round took 4.977496ms
Round took 5.030801ms
Round took 5.144928ms
Round took 5.173903ms
Round took 5.492418ms
Round took 4.602524ms
Round took 5.348682ms
Round took 5.515445ms
Round took 4.717429ms
Round took 5.27131ms
Round took 5.125893ms
Round took 5.356186ms
Round took 4.627532ms
Round took 5.754225ms
Round took 4.810837ms
Round took 5.464778ms
Round took 4.676107ms
Round took 5.967016ms
Round took 3.596454ms
Round took 4.704785ms
Round took 4.717936ms
Round took 5.539629ms
Round took 5.89849ms
Round took 4.20188ms
Round took 4.982931ms
Round took 4.860231ms
Round took 6.1634ms
Round took 4.734585ms
Round took 5.429448ms
Round took 6.997928ms
Round took 4.998671ms
Round took 4.942398ms
Round took 5.358843ms
Round took 4.728109ms
Round took 5.015896ms
Round took 4.986927ms
Round took 6.470417ms
Round took 3.857999ms
Round took 5.121321ms
Round took 4.674151ms
Round took 6.622126ms
Round took 5.176531ms
Round took 4.224326ms
Round took 5.842604ms
Round took 4.957366ms
Round took 4.618147ms
Round took 4.959884ms
Round took 6.232823ms
Round took 4.070617ms
Round took 5.313644ms
Round took 4.858302ms
Round took 5.198266ms
Round took 4.921148ms
Round took 5.420282ms
Round took 5.880525ms
Round took 3.971267ms
Round took 5.182368ms
Round took 5.039611ms
Round took 4.404827ms
Round took 6.250725ms
Round took 5.215362ms
Round took 5.481744ms
Round took 5.460452ms
Round took 4.30568ms
Round took 4.651925ms
Round took 5.505833ms
Round took 4.705236ms
Round took 4.67104ms
Round took 6.117622ms
Round took 5.86977ms
Round took 4.536629ms
Round took 5.739693ms
Round took 4.790104ms
Round took 4.294452ms
Round took 4.797293ms
Round took 4.340948ms
Round took 5.719649ms
Round took 4.788307ms
Round took 5.103402ms
Round took 5.732477ms
Round took 5.039648ms
Round took 5.053998ms
Round took 5.08259ms
Round took 5.116922ms
Round took 4.621866ms
Round took 4.804628ms
Round took 5.381881ms
Round took 5.480667ms
Round took 5.065464ms
Round took 4.362126ms
Round took 5.149813ms
Round took 5.337991ms
Round took 5.367295ms
Round took 4.383546ms
Round took 6.315819ms
Round took 5.26182ms
Round took 4.281361ms
Round took 5.941426ms
Round took 3.969389ms
Round took 5.734275ms
Round took 4.993106ms
Round took 5.146379ms
Round took 4.559675ms
Round took 4.907995ms
Round took 5.563499ms
Round took 5.137656ms
Round took 4.635152ms
Round took 4.788983ms
Round took 4.670484ms
Round took 4.998301ms
Round took 5.529861ms
Round took 4.173143ms
Round took 4.938421ms
Round took 5.989329ms
Round took 4.248311ms
Round took 5.168488ms
Round took 4.862811ms
Round took 6.757063ms
Round took 4.909772ms
Round took 5.014726ms
Round took 4.984181ms
Round took 3.947752ms
Round took 5.240313ms
Round took 4.759288ms
Round took 6.337782ms
Round took 5.00687ms
Round took 5.147113ms
Round took 5.829246ms
Round took 3.692976ms
Round took 5.486308ms
Round took 5.42681ms
Round took 5.191916ms
Round took 5.200465ms
Round took 4.542278ms
Round took 5.96743ms
Round took 3.908418ms
Round took 5.44433ms
Round took 5.406646ms
Round took 4.893747ms
Round took 5.542609ms
Round took 4.432576ms
Round took 6.57541ms
Round took 6.614677ms
Round took 4.487772ms
Round took 5.053269ms
Round took 5.151437ms
Round took 5.202325ms
Round took 5.346044ms
Round took 4.322381ms
Round took 6.081468ms
Round took 5.234264ms
Round took 4.927784ms
Round took 4.90048ms
Round took 5.597312ms
Round took 5.238087ms
Round took 4.439155ms
Round took 5.361714ms
Round took 5.359566ms
Round took 5.138245ms
Round took 5.790113ms
Round took 4.919956ms
Round took 4.781714ms
Round took 5.064044ms
Round took 4.941994ms
Round took 5.812523ms
Round took 5.304791ms
Round took 5.934169ms
Round took 3.676615ms
Round took 5.177899ms
Round took 4.725985ms
Round took 6.411057ms
Round took 4.525348ms
Round took 4.360786ms
Round took 5.182642ms
Round took 5.756566ms
Round took 4.872554ms
Round took 4.68147ms
Round took 4.93187ms
Round took 6.41585ms
Round took 4.011306ms
Round took 5.147893ms
Round took 5.046511ms
Round took 5.246153ms
Round took 4.824986ms
Round took 6.542636ms
Round took 6.051408ms
Round took 5.381618ms
Round took 5.013985ms
Round took 4.603062ms
Round took 5.79725ms
Round took 4.762809ms
Round took 5.115162ms
Round took 4.819614ms
Round took 5.116389ms
Round took 5.894515ms
Round took 4.736468ms
Round took 6.119832ms
Round took 4.590201ms
Round took 5.22799ms
Round took 4.902937ms
Round took 5.535948ms
Round took 5.257634ms
Round took 4.47902ms
Round took 6.72638ms
Round took 4.116199ms
Round took 5.048752ms
Round took 4.934089ms
Round took 5.297958ms
Round took 5.01468ms
Round took 4.928572ms
Round took 5.948215ms
Round took 4.697673ms
Round took 5.070545ms
Round took 5.12993ms
Round took 6.183571ms
Round took 4.397249ms
Round took 5.12915ms
Round took 5.654499ms
Round took 4.121722ms
Round took 4.963995ms
Round took 5.836176ms
Round took 5.479272ms
Round took 7.254844ms
Round took 4.560334ms
Round took 5.03678ms
Round took 5.286955ms
Round took 5.164928ms
Round took 4.955188ms
Round took 6.055267ms
Round took 6.268895ms
Round took 4.407845ms
Round took 4.560506ms
Round took 3.875427ms
Round took 6.334068ms
Round took 5.169112ms
Round took 6.032942ms
Round took 4.812125ms
Round took 6.081293ms
Round took 3.307998ms
Round took 7.078394ms
Round took 5.261189ms
Round took 4.542937ms
Round took 5.47545ms
Round took 4.617175ms
Round took 4.84163ms
Round took 5.444187ms
Round took 5.411551ms
Round took 4.682156ms
Round took 5.347737ms
Round took 5.941055ms
Round took 4.621599ms
Round took 5.375745ms
Round took 6.267758ms
Round took 5.181798ms
Round took 4.858854ms
Round took 4.988781ms
Round took 5.015207ms
Round took 6.790743ms
Round took 4.893043ms
Round took 4.904249ms
Round took 5.844294ms
Round took 4.979053ms
Round took 3.762644ms
Round took 5.231343ms
Round took 5.673739ms
Round took 5.456727ms
Round took 4.493568ms
Round took 7.240381ms
Round took 6.029335ms
Round took 4.520952ms
Round took 4.713997ms
Round took 4.716914ms
Round took 4.502332ms
Round took 3.603659ms
Round took 5.772559ms
Round took 5.60247ms
Round took 4.527797ms
Round took 4.948675ms
Round took 4.94609ms
Round took 6.623417ms
Round took 5.374409ms
Round took 4.698554ms
Round took 5.79589ms
Round took 4.496876ms
Round took 5.024589ms
Round took 5.586124ms
Round took 4.986289ms
Round took 5.022514ms
Round took 4.865794ms
Round took 4.961065ms
Round took 5.196592ms
Round took 5.172803ms
Round took 5.890935ms
Round took 4.206604ms
Round took 5.361983ms
Round took 4.767705ms
Round took 5.162817ms
Round took 5.155978ms
Round took 4.773698ms
Round took 5.048959ms
Round took 6.74039ms
Round took 4.348205ms
Round took 4.331947ms
Round took 6.147522ms
Round took 4.308765ms
Round took 5.373874ms
Round took 5.639049ms
Round took 4.75969ms
Round took 5.074736ms
Round took 4.658817ms
Round took 5.339703ms
Round took 4.950649ms
Round took 5.187875ms
Round took 5.064796ms
Round took 5.001595ms
Round took 6.014469ms
Round took 5.433686ms
Round took 5.977738ms
Round took 4.712189ms
Round took 5.19079ms
Round took 4.939101ms
Round took 4.131125ms
Round took 7.078061ms
Round took 6.559785ms
Round took 5.912347ms
Round took 4.118631ms
Round took 7.151883ms
Round took 5.192605ms
Test took 5.25148446s
Successful: 10000
