Uniform distribution
2021/04/16 21:40:47 The leader is replica 0
Round took 6.617944ms
Round took 6.672609ms
Round took 6.941878ms
Round took 6.469565ms
Round took 4.068327ms
Round took 5.628127ms
Round took 4.904207ms
Round took 5.181874ms
Round took 5.229085ms
Round took 4.831816ms
Round took 4.831857ms
Round took 4.875537ms
Round took 5.179564ms
Round took 5.050318ms
Round took 5.609319ms
Round took 4.981349ms
Round took 4.881999ms
Round took 5.449996ms
Round took 4.940969ms
Round took 4.886506ms
Round took 5.203342ms
Round took 5.474699ms
Round took 4.956567ms
Round took 4.566054ms
Round took 5.052472ms
Round took 5.451338ms
Round took 4.82235ms
Round took 5.070078ms
Round took 5.710695ms
Round took 4.349265ms
Round took 5.272001ms
Round took 4.856459ms
Round took 5.408474ms
Round took 5.141724ms
Round took 4.865522ms
Round took 6.034235ms
Round took 6.204178ms
Round took 7.925622ms
Round took 7.096548ms
Round took 4.655974ms
Round took 4.013277ms
Round took 6.683128ms
Round took 5.406641ms
Round took 6.532687ms
Round took 4.174163ms
Round took 5.655624ms
Round took 5.480024ms
Round took 5.032878ms
Round took 4.491946ms
Round took 6.23016ms
Round took 5.790424ms
Round took 4.946993ms
Round took 5.666463ms
Round took 3.72217ms
Round took 3.554256ms
Round took 5.813584ms
Round took 5.158615ms
Round took 5.54473ms
Round took 4.931342ms
Round took 4.754946ms
Round took 5.077795ms
Round took 5.360278ms
Round took 4.600969ms
Round took 5.158415ms
Round took 4.921644ms
Round took 7.330165ms
Round took 5.271747ms
Round took 4.13998ms
Round took 4.966723ms
Round took 5.241373ms
Round took 4.790569ms
Round took 5.416565ms
Round took 4.941546ms
Round took 4.765595ms
Round took 4.868945ms
Round took 5.217797ms
Round took 4.987021ms
Round took 4.482467ms
Round took 4.559592ms
Round took 5.481693ms
Round took 4.845186ms
Round took 4.736052ms
Round took 5.534457ms
Round took 5.358197ms
Round took 5.229213ms
Round took 4.632296ms
Round took 4.818083ms
Round took 5.853145ms
Round took 5.013511ms
Round took 5.889285ms
Round took 4.796913ms
Round took 4.892332ms
Round took 5.01635ms
Round took 5.556912ms
Round took 5.125412ms
Round took 4.986047ms
Round took 5.422139ms
Round took 5.332678ms
Round took 4.554856ms
Round took 4.968844ms
Round took 5.39895ms
Round took 4.831044ms
Round took 5.01481ms
Round took 5.003397ms
Round took 5.907861ms
Round took 5.123757ms
Round took 4.56926ms
Round took 4.145628ms
Round took 5.282718ms
Round took 5.623212ms
Round took 4.99885ms
Round took 6.083477ms
Round took 4.048539ms
Round took 5.122112ms
Round took 5.527218ms
Round took 5.110005ms
Round took 4.824749ms
Round took 5.0697ms
Round took 5.306867ms
Round took 4.954463ms
Round took 4.615081ms
Round took 4.547735ms
Round took 5.258511ms
Round took 5.22535ms
Round took 4.951517ms
Round took 5.228699ms
Round took 4.664382ms
Round took 5.422048ms
Round took 5.540746ms
Round took 5.394049ms
Round took 5.0082ms
Round took 5.575805ms
Round took 4.330355ms
Round took 4.428335ms
Round took 5.385894ms
Round took 5.164924ms
Round took 4.683437ms
Round took 5.246962ms
Round took 5.739476ms
Round took 4.24317ms
Round took 4.971998ms
Round took 4.528548ms
Round took 6.221546ms
Round took 6.163775ms
Round took 6.103713ms
Round took 5.089511ms
Round took 5.480524ms
Round took 3.81917ms
Round took 3.656999ms
Round took 4.906635ms
Round took 5.053726ms
Round took 6.611787ms
Round took 4.848775ms
Round took 4.725227ms
Round took 3.849879ms
Round took 5.963085ms
Round took 4.941367ms
Round took 4.833355ms
Round took 5.72281ms
Round took 4.497999ms
Round took 4.512602ms
Round took 4.645662ms
Round took 6.007487ms
Round took 4.473974ms
Round took 5.044006ms
Round took 5.130667ms
Round took 5.908549ms
Round took 4.860179ms
Round took 5.046538ms
Round took 5.685784ms
Round took 4.687438ms
Round took 4.35722ms
Round took 5.48458ms
Round took 5.129042ms
Round took 5.074391ms
Round took 5.053691ms
Round took 4.354928ms
Round took 5.598612ms
Round took 4.876402ms
Round took 4.587465ms
Round took 5.026204ms
Round took 4.580994ms
Round took 5.500612ms
Round took 5.542146ms
Round took 4.317908ms
Round took 5.010708ms
Round took 5.04635ms
Round took 5.223802ms
Round took 4.699424ms
Round took 5.754482ms
Round took 4.980183ms
Round took 5.23269ms
Round took 6.333312ms
Round took 3.353526ms
Round took 5.868624ms
Round took 5.387488ms
Round took 5.104651ms
Round took 4.781582ms
Round took 5.144701ms
Round took 5.50024ms
Round took 4.900083ms
Round took 5.095419ms
Round took 5.930416ms
Round took 4.282237ms
Round took 4.737314ms
Round took 4.999288ms
Round took 4.735569ms
Round took 5.99206ms
Round took 4.619238ms
Round took 5.171064ms
Round took 5.110684ms
Round took 4.485659ms
Round took 5.349966ms
Round took 6.298953ms
Round took 3.830592ms
Round took 5.643614ms
Round took 5.098965ms
Round took 5.47535ms
Round took 3.750634ms
Round took 5.430698ms
Round took 5.43252ms
Round took 5.45995ms
Round took 4.482697ms
Round took 5.3116ms
Round took 5.420337ms
Round took 4.727209ms
Round took 4.986484ms
Round took 5.336348ms
Round took 4.929125ms
Round took 5.113181ms
Round took 4.280396ms
Round took 5.23655ms
Round took 5.516982ms
Round took 4.492674ms
Round took 6.153374ms
Round took 4.079709ms
Round took 5.607981ms
Round took 4.393832ms
Round took 5.293201ms
Round took 4.757706ms
Round took 5.493769ms
Round took 5.737115ms
Round took 4.60449ms
Round took 5.782426ms
Round took 4.205398ms
Round took 5.252035ms
Round took 4.8309ms
Round took 5.463815ms
Round took 5.422252ms
Round took 4.474182ms
Round took 5.606583ms
Round took 4.480697ms
Round took 5.169253ms
Round took 4.522419ms
Round took 5.927446ms
Round took 4.818447ms
Round took 3.940192ms
Round took 6.299713ms
Round took 6.298645ms
Round took 4.914525ms
Round took 4.422997ms
Round took 4.095686ms
Round took 5.105205ms
Round took 5.393127ms
Round took 4.667349ms
Round took 5.927243ms
Round took 4.371327ms
Round took 5.245463ms
Round took 4.587958ms
Round took 5.669355ms
Round took 4.541774ms
Round took 4.641933ms
Round took 4.990002ms
Round took 5.305352ms
Round took 5.304665ms
Round took 4.838385ms
Round took 6.536027ms
Round took 4.843977ms
Round took 4.379893ms
Round took 4.581119ms
Round took 6.054822ms
Round took 5.376353ms
Round took 4.700734ms
Round took 5.435221ms
Round took 4.891019ms
Round took 4.764732ms
Round took 4.703158ms
Round took 5.518667ms
Round took 5.870043ms
Round took 4.579989ms
Round took 5.896013ms
Round took 5.948772ms
Round took 5.135683ms
Round took 5.052194ms
Round took 5.25815ms
Round took 4.870579ms
Round took 5.146701ms
Round took 5.199932ms
Round took 4.810658ms
Round took 5.165341ms
Round took 5.143049ms
Round took 4.936697ms
Round took 5.151316ms
Round took 5.435903ms
Round took 4.969027ms
Round took 5.451364ms
Round took 4.857123ms
Round took 5.378202ms
Round took 4.730774ms
Round took 4.853648ms
Round took 5.769606ms
Round took 5.692291ms
Round took 5.158609ms
Round took 5.30282ms
Round took 5.088665ms
Round took 5.134753ms
Round took 4.65998ms
Round took 5.260656ms
Round took 4.657041ms
Round took 5.468419ms
Round took 5.333644ms
Round took 5.691462ms
Round took 4.364492ms
Round took 5.059636ms
Round took 5.336932ms
Round took 4.556522ms
Round took 5.488626ms
Round took 5.206804ms
Round took 4.493783ms
Round took 4.997624ms
Round took 5.45186ms
Round took 5.262784ms
Round took 5.30972ms
Round took 4.452946ms
Round took 4.849785ms
Round took 5.335937ms
Round took 5.510052ms
Round took 5.049742ms
Round took 5.365468ms
Round took 4.78031ms
Round took 4.817065ms
Round took 5.245725ms
Round took 5.220054ms
Round took 4.866757ms
Round took 4.771746ms
Round took 4.507682ms
Round took 5.676813ms
Round took 4.619778ms
Round took 5.225378ms
Round took 5.006657ms
Round took 5.711712ms
Round took 4.62426ms
Round took 5.10642ms
Round took 5.701549ms
Round took 4.659193ms
Round took 5.46247ms
Round took 4.326843ms
Round took 5.760004ms
Round took 5.013256ms
Round took 4.975132ms
Round took 4.622756ms
Round took 5.516623ms
Round took 4.696625ms
Round took 4.653547ms
Round took 6.046448ms
Round took 4.754101ms
Round took 5.000529ms
Round took 5.754545ms
Round took 4.611269ms
Round took 4.803804ms
Round took 5.236679ms
Round took 5.375583ms
Round took 5.603634ms
Round took 3.653064ms
Round took 5.770081ms
Round took 4.604541ms
Round took 4.901037ms
Round took 5.55009ms
Round took 4.658005ms
Round took 5.664329ms
Round took 4.731209ms
Round took 5.58956ms
Round took 4.257312ms
Round took 5.478078ms
Round took 5.038235ms
Round took 4.936839ms
Round took 5.944644ms
Round took 4.419743ms
Round took 4.85835ms
Round took 5.054055ms
Round took 5.143386ms
Round took 5.208255ms
Round took 4.690669ms
Round took 5.087777ms
Round took 4.727093ms
Round took 5.212086ms
Round took 5.44832ms
Round took 5.84041ms
Round took 4.938416ms
Round took 4.518071ms
Round took 5.090717ms
Round took 5.220295ms
Round took 5.276621ms
Round took 4.75649ms
Round took 5.031015ms
Round took 6.986821ms
Round took 5.708182ms
Round took 4.829273ms
Round took 3.603712ms
Round took 18.427938ms
Round took 4.943772ms
Round took 5.717538ms
Round took 4.819501ms
Round took 5.939807ms
Round took 6.116065ms
Round took 4.481527ms
Round took 5.658957ms
Round took 3.66869ms
Round took 4.88698ms
Round took 6.414727ms
Round took 5.502305ms
Round took 5.456505ms
Round took 4.057385ms
Round took 3.437231ms
Round took 6.275193ms
Round took 4.959607ms
Round took 5.25612ms
Round took 5.1568ms
Round took 4.970805ms
Round took 5.185375ms
Round took 5.503548ms
Round took 4.983652ms
Round took 4.195736ms
Round took 5.105267ms
Round took 4.986798ms
Round took 5.294853ms
Round took 4.572003ms
Round took 5.099921ms
Round took 5.575219ms
Round took 4.433233ms
Round took 5.537224ms
Round took 4.778083ms
Round took 5.741731ms
Round took 4.406275ms
Round took 5.147647ms
Round took 5.293529ms
Round took 5.563924ms
Round took 5.459949ms
Round took 4.685565ms
Round took 5.116925ms
Round took 5.812615ms
Round took 4.657239ms
Round took 5.401085ms
Round took 4.183952ms
Round took 7.527532ms
Round took 4.132841ms
Round took 4.535848ms
Round took 4.1601ms
Round took 4.888209ms
Round took 4.981102ms
Round took 5.225412ms
Round took 6.019543ms
Round took 4.332163ms
Round took 5.66235ms
Round took 4.002306ms
Round took 4.764141ms
Round took 4.628834ms
Round took 5.300324ms
Round took 5.852168ms
Round took 4.903925ms
Round took 4.821622ms
Round took 4.475075ms
Round took 5.356085ms
Round took 5.415316ms
Round took 4.895215ms
Round took 6.054933ms
Round took 4.130942ms
Round took 4.556992ms
Round took 5.470868ms
Round took 5.034196ms
Round took 5.15976ms
Round took 4.889527ms
Round took 4.90675ms
Round took 5.056381ms
Round took 5.229486ms
Round took 5.901735ms
Round took 4.856356ms
Round took 5.231582ms
Round took 4.979976ms
Round took 5.602558ms
Round took 4.482094ms
Round took 5.727637ms
Round took 3.923806ms
Round took 5.769252ms
Round took 4.57972ms
Round took 5.596865ms
Round took 4.204262ms
Round took 4.536789ms
Round took 6.000865ms
Round took 4.68046ms
Round took 4.835949ms
Round took 5.698581ms
Round took 4.742748ms
Round took 4.482834ms
Round took 5.099195ms
Round took 5.271118ms
Round took 5.28092ms
Round took 5.004577ms
Round took 4.393501ms
Round took 5.341054ms
Round took 5.37518ms
Round took 4.945795ms
Round took 4.677894ms
Round took 5.392334ms
Round took 4.779834ms
Round took 5.384679ms
Round took 4.296192ms
Round took 5.758875ms
Round took 4.855573ms
Round took 4.468328ms
Round took 5.20148ms
Round took 5.293042ms
Round took 5.013521ms
Round took 4.607537ms
Round took 5.653734ms
Round took 4.784572ms
Round took 4.807696ms
Round took 5.242464ms
Round took 5.0621ms
Round took 5.791898ms
Round took 4.529746ms
Round took 5.803009ms
Round took 5.185781ms
Round took 4.441009ms
Round took 4.616767ms
Round took 4.930118ms
Round took 5.345734ms
Round took 4.754648ms
Round took 5.07211ms
Round took 5.857493ms
Round took 4.963156ms
Round took 5.078244ms
Round took 4.797328ms
Round took 5.716824ms
Round took 4.401437ms
Round took 5.013131ms
Round took 5.858504ms
Round took 4.21801ms
Round took 5.0926ms
Round took 4.619288ms
Round took 5.577277ms
Round took 4.596411ms
Round took 5.327416ms
Round took 4.567552ms
Round took 5.584472ms
Round took 4.760207ms
Round took 5.411462ms
Round took 4.92838ms
Round took 5.983623ms
Round took 4.579311ms
Round took 4.621984ms
Round took 5.707443ms
Round took 4.948236ms
Round took 4.264877ms
Round took 5.412183ms
Round took 5.097906ms
Round took 4.796377ms
Round took 5.261753ms
Round took 4.68122ms
Round took 5.760291ms
Round took 5.123503ms
Round took 5.128117ms
Round took 5.588345ms
Round took 4.402277ms
Round took 5.152986ms
Round took 4.619487ms
Round took 5.50018ms
Round took 4.695836ms
Round took 4.576401ms
Round took 5.111572ms
Round took 5.938232ms
Round took 4.504008ms
Round took 4.89433ms
Round took 5.037752ms
Round took 5.60936ms
Round took 4.616791ms
Round took 4.995429ms
Round took 5.277906ms
Round took 4.89546ms
Round took 5.15678ms
Round took 4.485105ms
Round took 5.393021ms
Round took 5.208795ms
Round took 4.404142ms
Round took 5.264247ms
Round took 5.525105ms
Round took 4.651107ms
Round took 5.094794ms
Round took 4.986014ms
Round took 5.004898ms
Round took 5.296186ms
Round took 4.671313ms
Round took 6.296274ms
Round took 3.782838ms
Round took 5.243548ms
Round took 5.235036ms
Round took 5.235975ms
Round took 5.136647ms
Round took 4.90867ms
Round took 5.088636ms
Round took 5.041962ms
Round took 4.905058ms
Round took 5.259677ms
Round took 5.450814ms
Round took 5.53371ms
Round took 4.230211ms
Round took 5.008187ms
Round took 5.725498ms
Round took 4.247098ms
Round took 5.510819ms
Round took 4.681666ms
Round took 5.382917ms
Round took 4.824091ms
Round took 4.98289ms
Round took 4.970693ms
Round took 5.057924ms
Round took 5.263845ms
Round took 5.01021ms
Round took 5.699919ms
Round took 4.727271ms
Round took 5.23351ms
Round took 4.733145ms
Round took 5.416765ms
Round took 5.008184ms
Round took 5.364964ms
Round took 5.019778ms
Round took 5.015572ms
Round took 5.256338ms
Round took 5.825331ms
Round took 5.138926ms
Round took 4.639283ms
Round took 4.584925ms
Round took 5.229676ms
Round took 4.760122ms
Round took 4.920903ms
Round took 4.910109ms
Round took 5.743475ms
Round took 4.605336ms
Round took 4.953022ms
Round took 4.967103ms
Round took 6.073971ms
Round took 4.592555ms
Round took 4.807468ms
Round took 4.971475ms
Round took 5.27755ms
Round took 4.659177ms
Round took 5.07591ms
Round took 6.290444ms
Round took 4.204221ms
Round took 4.971137ms
Round took 4.780854ms
Round took 5.170591ms
Round took 5.170769ms
Round took 4.92017ms
Round took 5.909162ms
Round took 4.592517ms
Round took 4.550738ms
Round took 4.696136ms
Round took 5.353897ms
Round took 4.812597ms
Round took 5.018049ms
Round took 4.957268ms
Round took 5.84842ms
Round took 4.404879ms
Round took 5.110845ms
Round took 4.761736ms
Round took 6.612484ms
Round took 4.899059ms
Round took 4.49909ms
Round took 5.884985ms
Round took 4.794517ms
Round took 4.21357ms
Round took 4.876728ms
Round took 5.521402ms
Round took 4.783327ms
Round took 5.337545ms
Round took 4.829117ms
Round took 5.451562ms
Round took 4.886041ms
Round took 5.108568ms
Round took 6.091001ms
Round took 4.036123ms
Round took 5.098304ms
Round took 5.006878ms
Round took 4.830384ms
Round took 5.656338ms
Round took 4.713465ms
Round took 5.233397ms
Round took 5.829263ms
Round took 4.305834ms
Round took 4.858211ms
Round took 5.653111ms
Round took 6.349531ms
Round took 5.516667ms
Round took 5.666999ms
Round took 6.354227ms
Round took 6.4276ms
Round took 4.479797ms
Round took 4.678474ms
Round took 5.112935ms
Round took 4.396303ms
Round took 5.251664ms
Round took 5.081299ms
Round took 5.066186ms
Round took 5.048891ms
Round took 5.070177ms
Round took 5.233303ms
Round took 4.787769ms
Round took 5.372676ms
Round took 4.713757ms
Round took 5.164453ms
Round took 5.112508ms
Round took 5.04489ms
Round took 5.859023ms
Round took 4.440817ms
Round took 5.046271ms
Round took 5.412632ms
Round took 5.096633ms
Round took 4.808653ms
Round took 5.046149ms
Round took 5.221284ms
Round took 4.796115ms
Round took 5.512119ms
Round took 4.75143ms
Round took 5.57685ms
Round took 4.649489ms
Round took 4.921861ms
Round took 5.193126ms
Round took 5.063528ms
Round took 5.093434ms
Round took 5.04064ms
Round took 5.478087ms
Round took 4.864465ms
Round took 4.719136ms
Round took 5.049182ms
Round took 5.786978ms
Round took 4.447588ms
Round took 5.016326ms
Round took 5.150102ms
Round took 5.294306ms
Round took 5.371887ms
Round took 4.812911ms
Round took 5.752335ms
Round took 5.786253ms
Round took 4.650372ms
Round took 4.831306ms
Round took 4.8147ms
Round took 4.800475ms
Round took 4.375107ms
Round took 5.244849ms
Round took 5.885566ms
Round took 4.717272ms
Round took 4.794262ms
Round took 4.645558ms
Round took 5.464638ms
Round took 4.805708ms
Round took 4.98889ms
Round took 5.606605ms
Round took 4.61402ms
Round took 5.372473ms
Round took 4.467668ms
Round took 5.750674ms
Round took 4.841465ms
Round took 5.264031ms
Round took 4.864976ms
Round took 4.955343ms
Round took 5.30397ms
Round took 4.931323ms
Round took 6.074021ms
Round took 4.459535ms
Round took 5.242671ms
Round took 5.608486ms
Round took 4.585461ms
Round took 5.340795ms
Round took 4.349239ms
Round took 6.077082ms
Round took 4.44741ms
Round took 4.618807ms
Round took 4.918079ms
Round took 5.707625ms
Round took 4.858575ms
Round took 4.249193ms
Round took 5.103825ms
Round took 5.683037ms
Round took 4.998243ms
Round took 5.04014ms
Round took 6.26058ms
Round took 4.616253ms
Round took 5.126844ms
Round took 4.994157ms
Round took 5.841214ms
Round took 5.297685ms
Round took 4.785538ms
Round took 5.070506ms
Round took 5.024957ms
Round took 5.02772ms
Round took 6.415324ms
Round took 4.52432ms
Round took 4.383768ms
Round took 5.180573ms
Round took 5.170266ms
Round took 4.74201ms
Round took 4.948397ms
Round took 4.972128ms
Round took 5.700782ms
Round took 4.298021ms
Round took 5.164966ms
Round took 4.86521ms
Round took 5.399041ms
Round took 4.825094ms
Round took 5.581838ms
Round took 4.283662ms
Round took 5.978972ms
Round took 5.056628ms
Round took 5.757612ms
Round took 4.284387ms
Round took 5.514402ms
Round took 4.397036ms
Round took 5.663117ms
Round took 4.621826ms
Round took 4.511716ms
Round took 5.968088ms
Round took 4.60933ms
Round took 5.964316ms
Round took 4.03881ms
Round took 5.337301ms
Round took 4.978219ms
Round took 5.493661ms
Round took 5.407503ms
Round took 4.716209ms
Round took 5.426275ms
Round took 4.012497ms
Round took 5.040353ms
Round took 4.757668ms
Round took 5.226812ms
Round took 5.060373ms
Round took 4.947821ms
Round took 5.769281ms
Round took 4.893604ms
Round took 4.731394ms
Round took 5.256102ms
Round took 4.74738ms
Round took 5.261434ms
Round took 4.998533ms
Round took 5.753262ms
Round took 4.224171ms
Round took 4.799195ms
Round took 5.386632ms
Round took 4.932126ms
Round took 5.117527ms
Round took 5.45109ms
Round took 4.787153ms
Round took 4.983792ms
Round took 4.465091ms
Round took 5.335566ms
Round took 5.128908ms
Round took 6.607472ms
Round took 5.969992ms
Round took 4.859166ms
Round took 3.882242ms
Round took 3.749581ms
Round took 5.238117ms
Round took 5.705012ms
Round took 6.040863ms
Round took 4.89967ms
Round took 5.631885ms
Round took 3.604224ms
Round took 5.641994ms
Round took 4.476858ms
Round took 4.910371ms
Round took 5.436498ms
Round took 4.576585ms
Round took 4.890128ms
Round took 5.147256ms
Round took 5.360751ms
Round took 4.628513ms
Round took 5.167212ms
Round took 5.983587ms
Round took 4.605725ms
Round took 4.584126ms
Round took 4.652762ms
Round took 5.609034ms
Round took 4.8617ms
Round took 5.014106ms
Round took 5.716047ms
Round took 6.221001ms
Round took 4.742958ms
Round took 5.422866ms
Round took 5.040135ms
Round took 5.206991ms
Round took 4.454891ms
Round took 3.777682ms
Round took 6.733283ms
Round took 4.004048ms
Round took 6.143858ms
Round took 4.605176ms
Round took 8.338346ms
Round took 4.432629ms
Round took 4.86476ms
Round took 4.58552ms
Round took 5.33802ms
Round took 3.667551ms
Round took 3.473945ms
Round took 5.874677ms
Round took 5.230055ms
Round took 5.037138ms
Round took 4.866743ms
Round took 5.454701ms
Round took 3.618737ms
Round took 6.47786ms
Round took 5.582648ms
Round took 4.059729ms
Round took 5.308017ms
Round took 4.775164ms
Round took 4.94032ms
Round took 5.753212ms
Round took 5.752099ms
Round took 4.390679ms
Round took 4.438289ms
Round took 4.47995ms
Round took 5.267622ms
Round took 5.490772ms
Round took 5.873278ms
Round took 4.21777ms
Round took 5.534418ms
Round took 4.348131ms
Round took 5.129907ms
Round took 5.222486ms
Round took 5.196372ms
Round took 6.247661ms
Round took 4.439372ms
Round took 5.309499ms
Round took 6.444992ms
Round took 4.723235ms
Round took 5.312284ms
Round took 5.024743ms
Round took 5.065153ms
Round took 5.11528ms
Round took 4.970781ms
Round took 5.216213ms
Round took 5.360959ms
Round took 5.021756ms
Round took 5.001582ms
Round took 5.152425ms
Round took 5.05666ms
Round took 5.288929ms
Round took 5.274204ms
Round took 5.507654ms
Round took 4.860213ms
Round took 4.399254ms
Round took 4.83727ms
Round took 6.275773ms
Round took 4.991209ms
Round took 5.989097ms
Round took 5.490298ms
Round took 4.121181ms
Round took 4.567659ms
Round took 4.879917ms
Round took 5.62892ms
Round took 4.71851ms
Round took 5.178912ms
Round took 6.305313ms
Round took 4.291007ms
Round took 4.9316ms
Round took 5.007157ms
Round took 5.154998ms
Round took 5.092873ms
Round took 4.95461ms
Round took 5.575557ms
Round took 4.752768ms
Round took 4.930628ms
Round took 5.192572ms
Round took 4.995195ms
Round took 5.137819ms
Round took 5.053123ms
Round took 4.925562ms
Round took 5.236593ms
Round took 5.04587ms
Round took 5.045325ms
Round took 5.066541ms
Round took 5.131148ms
Round took 5.184595ms
Round took 4.805254ms
Round took 5.216323ms
Round took 5.102281ms
Round took 5.087859ms
Round took 5.401618ms
Round took 6.757057ms
Round took 3.431736ms
Round took 5.065593ms
Test took 5.13288703s
Successful: 10000
