Uniform distribution
2021/04/16 21:40:47 The leader is replica 0
Round took 5.889047ms
Round took 6.503583ms
Round took 6.925307ms
Round took 9.736157ms
Round took 3.952764ms
Round took 3.971088ms
Round took 5.892639ms
Round took 5.09469ms
Round took 4.77513ms
Round took 6.073653ms
Round took 4.548579ms
Round took 3.772722ms
Round took 4.916023ms
Round took 5.156127ms
Round took 5.28471ms
Round took 5.602335ms
Round took 4.974998ms
Round took 5.397749ms
Round took 4.806879ms
Round took 5.021229ms
Round took 4.989878ms
Round took 5.212546ms
Round took 5.717708ms
Round took 4.756977ms
Round took 4.519771ms
Round took 4.915593ms
Round took 5.369344ms
Round took 4.969608ms
Round took 5.386453ms
Round took 5.553033ms
Round took 4.390538ms
Round took 5.173461ms
Round took 4.793214ms
Round took 5.20481ms
Round took 4.434021ms
Round took 4.923949ms
Round took 6.318093ms
Round took 6.323359ms
Round took 7.818659ms
Round took 7.174076ms
Round took 4.45632ms
Round took 4.017344ms
Round took 6.788686ms
Round took 5.086204ms
Round took 6.60126ms
Round took 4.265428ms
Round took 5.801608ms
Round took 5.212851ms
Round took 4.961533ms
Round took 4.371781ms
Round took 6.448101ms
Round took 5.624167ms
Round took 5.161696ms
Round took 5.609878ms
Round took 3.527585ms
Round took 3.730159ms
Round took 5.765614ms
Round took 5.285904ms
Round took 5.539796ms
Round took 5.02939ms
Round took 4.621836ms
Round took 5.335622ms
Round took 5.042576ms
Round took 4.421237ms
Round took 5.290417ms
Round took 6.056734ms
Round took 6.123398ms
Round took 5.214484ms
Round took 4.111211ms
Round took 4.939405ms
Round took 5.259916ms
Round took 5.359764ms
Round took 5.227464ms
Round took 5.068813ms
Round took 4.703961ms
Round took 5.065229ms
Round took 4.837994ms
Round took 5.043364ms
Round took 6.115276ms
Round took 4.175773ms
Round took 4.834279ms
Round took 5.01332ms
Round took 4.915971ms
Round took 6.141855ms
Round took 4.181505ms
Round took 5.156413ms
Round took 5.124072ms
Round took 4.908142ms
Round took 5.081699ms
Round took 4.718147ms
Round took 5.594954ms
Round took 4.809141ms
Round took 4.800281ms
Round took 5.033387ms
Round took 5.523825ms
Round took 5.177058ms
Round took 4.967507ms
Round took 5.455101ms
Round took 5.351069ms
Round took 4.584065ms
Round took 4.989274ms
Round took 5.187698ms
Round took 4.908929ms
Round took 4.9624ms
Round took 4.987047ms
Round took 5.938392ms
Round took 5.126938ms
Round took 4.535554ms
Round took 4.169004ms
Round took 5.178512ms
Round took 5.586579ms
Round took 5.071857ms
Round took 6.032477ms
Round took 3.740242ms
Round took 4.964133ms
Round took 5.021218ms
Round took 5.666832ms
Round took 4.765464ms
Round took 5.040808ms
Round took 4.881445ms
Round took 5.520471ms
Round took 4.935234ms
Round took 4.535235ms
Round took 4.956014ms
Round took 5.446304ms
Round took 4.780177ms
Round took 5.263192ms
Round took 4.462339ms
Round took 5.463039ms
Round took 5.356868ms
Round took 5.442414ms
Round took 4.984618ms
Round took 5.568529ms
Round took 4.321422ms
Round took 4.600592ms
Round took 5.404406ms
Round took 5.117629ms
Round took 4.728307ms
Round took 5.231973ms
Round took 5.83515ms
Round took 4.197979ms
Round took 4.874098ms
Round took 4.701151ms
Round took 5.885231ms
Round took 5.682187ms
Round took 6.742977ms
Round took 5.059983ms
Round took 5.665816ms
Round took 3.829958ms
Round took 4.403438ms
Round took 4.994738ms
Round took 4.840712ms
Round took 6.593977ms
Round took 4.849709ms
Round took 4.755621ms
Round took 3.809803ms
Round took 5.922896ms
Round took 4.982157ms
Round took 4.837583ms
Round took 5.616194ms
Round took 4.659087ms
Round took 4.465765ms
Round took 4.582312ms
Round took 5.924988ms
Round took 4.437156ms
Round took 5.019026ms
Round took 5.097153ms
Round took 5.972813ms
Round took 4.809422ms
Round took 5.081805ms
Round took 5.717822ms
Round took 4.67876ms
Round took 4.32094ms
Round took 5.474487ms
Round took 5.161084ms
Round took 5.139354ms
Round took 5.099049ms
Round took 4.414692ms
Round took 5.551676ms
Round took 4.953204ms
Round took 4.840017ms
Round took 4.939056ms
Round took 4.593688ms
Round took 5.450637ms
Round took 5.55498ms
Round took 4.31375ms
Round took 5.029173ms
Round took 4.982165ms
Round took 5.308594ms
Round took 4.575333ms
Round took 5.758807ms
Round took 5.060371ms
Round took 5.308132ms
Round took 6.259723ms
Round took 3.250646ms
Round took 5.839028ms
Round took 4.798035ms
Round took 5.63054ms
Round took 4.792918ms
Round took 5.061962ms
Round took 5.477525ms
Round took 4.794114ms
Round took 5.08579ms
Round took 5.170686ms
Round took 5.067992ms
Round took 4.839122ms
Round took 4.984465ms
Round took 4.72604ms
Round took 5.948699ms
Round took 4.16734ms
Round took 5.179126ms
Round took 4.689597ms
Round took 5.093175ms
Round took 5.379117ms
Round took 5.578593ms
Round took 4.686703ms
Round took 5.479591ms
Round took 5.080181ms
Round took 4.640424ms
Round took 4.741023ms
Round took 5.399932ms
Round took 5.437162ms
Round took 5.501688ms
Round took 4.401953ms
Round took 5.222848ms
Round took 4.977686ms
Round took 5.012153ms
Round took 5.033221ms
Round took 4.889641ms
Round took 4.478336ms
Round took 5.62665ms
Round took 4.790086ms
Round took 5.13446ms
Round took 5.046217ms
Round took 5.037563ms
Round took 6.152387ms
Round took 4.091735ms
Round took 5.687555ms
Round took 4.466496ms
Round took 5.249683ms
Round took 4.767526ms
Round took 5.995508ms
Round took 5.718533ms
Round took 4.577479ms
Round took 5.702065ms
Round took 4.065283ms
Round took 5.161671ms
Round took 4.796577ms
Round took 5.416855ms
Round took 5.444233ms
Round took 4.494366ms
Round took 5.630633ms
Round took 4.527036ms
Round took 5.189431ms
Round took 4.552863ms
Round took 5.882211ms
Round took 4.900098ms
Round took 3.945828ms
Round took 6.319206ms
Round took 6.401556ms
Round took 4.934918ms
Round took 4.444584ms
Round took 4.163363ms
Round took 5.226772ms
Round took 5.296609ms
Round took 4.704987ms
Round took 5.955281ms
Round took 4.381938ms
Round took 5.235274ms
Round took 4.564105ms
Round took 5.737545ms
Round took 4.460895ms
Round took 4.666276ms
Round took 4.929996ms
Round took 5.346076ms
Round took 5.319987ms
Round took 4.819164ms
Round took 6.521833ms
Round took 4.758994ms
Round took 4.10575ms
Round took 4.633274ms
Round took 4.973093ms
Round took 5.88394ms
Round took 4.715384ms
Round took 4.929979ms
Round took 5.370012ms
Round took 4.880893ms
Round took 4.711232ms
Round took 5.163231ms
Round took 5.809582ms
Round took 4.477469ms
Round took 5.392611ms
Round took 4.419895ms
Round took 5.32629ms
Round took 4.839804ms
Round took 5.097089ms
Round took 6.074718ms
Round took 4.419792ms
Round took 5.212601ms
Round took 5.859085ms
Round took 4.254733ms
Round took 5.085864ms
Round took 4.954759ms
Round took 4.677748ms
Round took 5.502987ms
Round took 5.261042ms
Round took 4.917263ms
Round took 5.863533ms
Round took 4.708899ms
Round took 5.266259ms
Round took 5.651458ms
Round took 4.36563ms
Round took 4.658853ms
Round took 7.043513ms
Round took 6.030991ms
Round took 5.434457ms
Round took 5.161307ms
Round took 4.619399ms
Round took 5.238875ms
Round took 4.890218ms
Round took 5.477078ms
Round took 4.735952ms
Round took 6.290551ms
Round took 4.049204ms
Round took 4.975084ms
Round took 4.889939ms
Round took 5.103451ms
Round took 5.392563ms
Round took 4.774588ms
Round took 5.133204ms
Round took 5.104782ms
Round took 5.325726ms
Round took 4.657968ms
Round took 5.788804ms
Round took 4.396411ms
Round took 4.915954ms
Round took 5.091289ms
Round took 5.800032ms
Round took 4.899271ms
Round took 5.363131ms
Round took 5.158952ms
Round took 4.883296ms
Round took 5.230446ms
Round took 4.982117ms
Round took 5.312183ms
Round took 5.20416ms
Round took 4.576616ms
Round took 5.611464ms
Round took 4.716874ms
Round took 5.167423ms
Round took 4.956328ms
Round took 5.764976ms
Round took 4.457043ms
Round took 4.744155ms
Round took 5.243919ms
Round took 5.079778ms
Round took 5.442623ms
Round took 4.491028ms
Round took 6.070437ms
Round took 5.001626ms
Round took 5.071022ms
Round took 4.619618ms
Round took 5.612947ms
Round took 4.737832ms
Round took 4.314303ms
Round took 5.543881ms
Round took 5.298003ms
Round took 4.946702ms
Round took 5.229269ms
Round took 5.05701ms
Round took 4.961559ms
Round took 5.215255ms
Round took 5.004864ms
Round took 6.000474ms
Round took 3.80514ms
Round took 5.771942ms
Round took 4.356077ms
Round took 5.09396ms
Round took 5.503195ms
Round took 4.564692ms
Round took 5.559048ms
Round took 4.816883ms
Round took 5.453655ms
Round took 4.270703ms
Round took 5.553387ms
Round took 5.057022ms
Round took 5.09241ms
Round took 5.813094ms
Round took 4.456934ms
Round took 4.769547ms
Round took 4.841124ms
Round took 4.955856ms
Round took 5.366618ms
Round took 4.597126ms
Round took 5.127115ms
Round took 4.694075ms
Round took 5.19841ms
Round took 5.440855ms
Round took 5.032075ms
Round took 5.825485ms
Round took 4.434295ms
Round took 5.188122ms
Round took 4.679245ms
Round took 5.798466ms
Round took 5.19232ms
Round took 4.995071ms
Round took 6.839914ms
Round took 5.381691ms
Round took 5.312059ms
Round took 3.647333ms
Round took 18.275409ms
Round took 5.163349ms
Round took 5.033098ms
Round took 4.663076ms
Round took 5.448505ms
Round took 6.082624ms
Round took 5.067703ms
Round took 5.566893ms
Round took 4.064761ms
Round took 4.958864ms
Round took 6.433911ms
Round took 5.521172ms
Round took 5.432204ms
Round took 4.02112ms
Round took 3.469997ms
Round took 6.3332ms
Round took 4.89264ms
Round took 5.253183ms
Round took 5.130187ms
Round took 5.09654ms
Round took 5.05737ms
Round took 5.46003ms
Round took 4.913639ms
Round took 4.149134ms
Round took 4.437328ms
Round took 5.265412ms
Round took 5.796726ms
Round took 4.564242ms
Round took 4.999729ms
Round took 5.036199ms
Round took 4.859456ms
Round took 5.591298ms
Round took 4.756165ms
Round took 5.700215ms
Round took 4.52395ms
Round took 5.07903ms
Round took 5.342246ms
Round took 5.312248ms
Round took 5.109471ms
Round took 4.629969ms
Round took 4.735905ms
Round took 6.152088ms
Round took 3.968697ms
Round took 5.159692ms
Round took 4.478279ms
Round took 6.888683ms
Round took 4.782701ms
Round took 4.289947ms
Round took 4.748662ms
Round took 5.091088ms
Round took 4.684682ms
Round took 4.903846ms
Round took 6.0015ms
Round took 4.388079ms
Round took 5.138029ms
Round took 4.347895ms
Round took 5.443475ms
Round took 4.962845ms
Round took 5.259399ms
Round took 5.1736ms
Round took 5.547137ms
Round took 4.880164ms
Round took 4.571517ms
Round took 5.768368ms
Round took 5.327686ms
Round took 4.906151ms
Round took 6.076162ms
Round took 4.45034ms
Round took 4.815882ms
Round took 6.013293ms
Round took 4.55954ms
Round took 5.193655ms
Round took 5.008827ms
Round took 5.833627ms
Round took 4.120934ms
Round took 5.016259ms
Round took 6.114912ms
Round took 4.63104ms
Round took 5.261866ms
Round took 4.908606ms
Round took 5.55648ms
Round took 4.504656ms
Round took 5.694708ms
Round took 3.845588ms
Round took 5.806786ms
Round took 4.475205ms
Round took 5.654293ms
Round took 4.220711ms
Round took 5.439004ms
Round took 5.134169ms
Round took 5.043758ms
Round took 4.780794ms
Round took 5.661408ms
Round took 4.89292ms
Round took 4.600988ms
Round took 5.919902ms
Round took 4.503041ms
Round took 5.0727ms
Round took 5.000416ms
Round took 4.404671ms
Round took 5.286187ms
Round took 5.4506ms
Round took 5.119785ms
Round took 5.257876ms
Round took 4.842764ms
Round took 4.779107ms
Round took 5.943708ms
Round took 4.057433ms
Round took 5.436153ms
Round took 4.911433ms
Round took 4.423896ms
Round took 6.046376ms
Round took 4.049873ms
Round took 4.968676ms
Round took 4.522351ms
Round took 5.49738ms
Round took 5.034843ms
Round took 4.739543ms
Round took 5.315546ms
Round took 4.882861ms
Round took 5.892094ms
Round took 4.761848ms
Round took 5.978095ms
Round took 4.909426ms
Round took 4.477196ms
Round took 4.61137ms
Round took 5.103597ms
Round took 5.176112ms
Round took 4.707976ms
Round took 5.122753ms
Round took 5.966627ms
Round took 4.962607ms
Round took 5.113373ms
Round took 5.100974ms
Round took 5.552262ms
Round took 4.501442ms
Round took 5.505145ms
Round took 5.354279ms
Round took 4.219702ms
Round took 5.081516ms
Round took 5.518821ms
Round took 5.239839ms
Round took 4.648897ms
Round took 6.183731ms
Round took 4.185727ms
Round took 5.01825ms
Round took 4.768689ms
Round took 6.492781ms
Round took 3.73948ms
Round took 6.026797ms
Round took 5.974098ms
Round took 6.319552ms
Round took 5.181878ms
Round took 4.748591ms
Round took 5.367542ms
Round took 4.789057ms
Round took 5.152454ms
Round took 5.248693ms
Round took 4.728292ms
Round took 5.76732ms
Round took 5.066878ms
Round took 5.101812ms
Round took 4.92212ms
Round took 5.180008ms
Round took 5.119925ms
Round took 4.555057ms
Round took 5.095789ms
Round took 5.265025ms
Round took 4.703945ms
Round took 5.013722ms
Round took 5.605307ms
Round took 4.564382ms
Round took 4.937881ms
Round took 5.047979ms
Round took 5.618571ms
Round took 4.966899ms
Round took 4.999684ms
Round took 5.043142ms
Round took 5.153123ms
Round took 5.254144ms
Round took 4.481988ms
Round took 5.43337ms
Round took 5.221625ms
Round took 4.367194ms
Round took 5.3183ms
Round took 5.533891ms
Round took 4.66612ms
Round took 5.115996ms
Round took 4.980361ms
Round took 4.963297ms
Round took 5.348142ms
Round took 4.703443ms
Round took 6.372959ms
Round took 3.870956ms
Round took 5.233055ms
Round took 5.330649ms
Round took 5.211367ms
Round took 5.155477ms
Round took 4.86133ms
Round took 5.588301ms
Round took 4.904568ms
Round took 4.856526ms
Round took 5.396582ms
Round took 5.403918ms
Round took 5.532932ms
Round took 4.223513ms
Round took 5.231899ms
Round took 5.50316ms
Round took 4.587069ms
Round took 5.419325ms
Round took 4.726096ms
Round took 5.363461ms
Round took 5.093036ms
Round took 4.931594ms
Round took 5.963012ms
Round took 4.101089ms
Round took 5.232914ms
Round took 5.08108ms
Round took 5.460844ms
Round took 4.637393ms
Round took 5.273953ms
Round took 5.237689ms
Round took 4.706654ms
Round took 4.969453ms
Round took 5.856384ms
Round took 4.869546ms
Round took 5.009433ms
Round took 5.579493ms
Round took 5.020625ms
Round took 5.056386ms
Round took 4.561306ms
Round took 5.379071ms
Round took 4.855894ms
Round took 4.613914ms
Round took 5.120462ms
Round took 4.902229ms
Round took 5.703108ms
Round took 4.60167ms
Round took 5.071502ms
Round took 5.509492ms
Round took 5.568009ms
Round took 4.623493ms
Round took 4.841195ms
Round took 5.583923ms
Round took 4.826914ms
Round took 4.692108ms
Round took 5.616448ms
Round took 5.955629ms
Round took 4.139491ms
Round took 5.03837ms
Round took 4.774373ms
Round took 4.810207ms
Round took 4.638369ms
Round took 4.9583ms
Round took 6.018483ms
Round took 4.526563ms
Round took 4.749751ms
Round took 5.149029ms
Round took 5.312854ms
Round took 4.747986ms
Round took 5.006381ms
Round took 4.977237ms
Round took 5.827332ms
Round took 3.818477ms
Round took 5.178679ms
Round took 4.716811ms
Round took 6.595027ms
Round took 5.169825ms
Round took 4.283648ms
Round took 5.821752ms
Round took 4.963643ms
Round took 4.591887ms
Round took 4.950317ms
Round took 5.59853ms
Round took 4.397669ms
Round took 5.341046ms
Round took 5.219347ms
Round took 5.06084ms
Round took 4.938421ms
Round took 5.13253ms
Round took 6.093185ms
Round took 3.970156ms
Round took 5.115285ms
Round took 4.890491ms
Round took 4.930017ms
Round took 5.399337ms
Round took 4.943195ms
Round took 5.558337ms
Round took 5.583025ms
Round took 4.254028ms
Round took 4.736068ms
Round took 5.656237ms
Round took 5.166228ms
Round took 4.667311ms
Round took 5.743112ms
Round took 5.625813ms
Round took 4.881925ms
Round took 5.720032ms
Round took 4.719497ms
Round took 4.141078ms
Round took 4.883563ms
Round took 4.354063ms
Round took 5.503267ms
Round took 4.972548ms
Round took 5.124156ms
Round took 5.704791ms
Round took 5.020739ms
Round took 5.115492ms
Round took 4.611595ms
Round took 5.685731ms
Round took 4.522785ms
Round took 4.718911ms
Round took 4.83533ms
Round took 5.633522ms
Round took 5.189684ms
Round took 4.460872ms
Round took 4.916812ms
Round took 5.548275ms
Round took 4.911534ms
Round took 4.730296ms
Round took 5.057086ms
Round took 5.827585ms
Round took 4.344118ms
Round took 5.497326ms
Round took 4.578346ms
Round took 6.075986ms
Round took 4.754995ms
Round took 5.251581ms
Round took 4.893101ms
Round took 4.554633ms
Round took 5.066952ms
Round took 5.609359ms
Round took 5.003759ms
Round took 4.849418ms
Round took 4.675595ms
Round took 5.529799ms
Round took 5.529719ms
Round took 4.442041ms
Round took 5.369985ms
Round took 5.466401ms
Round took 4.299425ms
Round took 5.107025ms
Round took 4.816406ms
Round took 7.248784ms
Round took 4.860469ms
Round took 4.665959ms
Round took 4.337863ms
Round took 4.192906ms
Round took 5.14643ms
Round took 4.713826ms
Round took 6.245292ms
Round took 4.989917ms
Round took 4.860772ms
Round took 5.0106ms
Round took 3.973114ms
Round took 5.492322ms
Round took 4.822186ms
Round took 5.520135ms
Round took 5.320672ms
Round took 4.618028ms
Round took 6.095996ms
Round took 3.912425ms
Round took 5.516314ms
Round took 4.976098ms
Round took 5.466257ms
Round took 5.522674ms
Round took 4.388878ms
Round took 5.865467ms
Round took 5.685041ms
Round took 4.513618ms
Round took 4.717158ms
Round took 5.500122ms
Round took 5.309133ms
Round took 4.587043ms
Round took 5.830939ms
Round took 3.643181ms
Round took 6.213768ms
Round took 4.450146ms
Round took 5.15819ms
Round took 5.495683ms
Round took 4.133721ms
Round took 5.358083ms
Round took 4.343426ms
Round took 5.309271ms
Round took 4.774515ms
Round took 5.133561ms
Round took 5.807717ms
Round took 4.888443ms
Round took 4.823174ms
Round took 5.058911ms
Round took 4.943186ms
Round took 5.826433ms
Round took 5.257217ms
Round took 5.623077ms
Round took 3.662931ms
Round took 5.089492ms
Round took 4.764153ms
Round took 6.368772ms
Round took 4.38962ms
Round took 4.3709ms
Round took 5.119154ms
Round took 5.167236ms
Round took 4.670317ms
Round took 5.028636ms
Round took 4.406343ms
Round took 5.052208ms
Round took 5.273291ms
Round took 5.091887ms
Round took 4.956937ms
Round took 5.42143ms
Round took 4.710829ms
Round took 5.612204ms
Round took 4.303158ms
Round took 6.0094ms
Round took 4.965442ms
Round took 5.004564ms
Round took 4.699467ms
Round took 5.762864ms
Round took 4.12641ms
Round took 5.273069ms
Round took 5.291605ms
Round took 4.673032ms
Round took 5.941455ms
Round took 4.666073ms
Round took 5.99879ms
Round took 4.040117ms
Round took 5.312883ms
Round took 4.8388ms
Round took 5.549971ms
Round took 5.325675ms
Round took 4.443939ms
Round took 5.792861ms
Round took 4.17271ms
Round took 5.039481ms
Round took 4.711983ms
Round took 5.210216ms
Round took 5.067111ms
Round took 4.902446ms
Round took 5.282426ms
Round took 5.133898ms
Round took 5.008328ms
Round took 4.451456ms
Round took 4.955873ms
Round took 5.576284ms
Round took 4.953539ms
Round took 4.831443ms
Round took 4.788618ms
Round took 6.20252ms
Round took 5.328309ms
Round took 4.924136ms
Round took 5.759067ms
Round took 5.445776ms
Round took 4.53766ms
Round took 5.283105ms
Round took 4.724527ms
Round took 4.893808ms
Round took 4.960373ms
Round took 6.586527ms
Round took 6.582801ms
Round took 4.325668ms
Round took 4.022149ms
Round took 3.281783ms
Round took 5.138599ms
Round took 4.693872ms
Round took 5.839054ms
Round took 4.854213ms
Round took 5.763819ms
Round took 4.037329ms
Round took 6.603915ms
Round took 4.420768ms
Round took 4.90173ms
Round took 5.560338ms
Round took 4.715626ms
Round took 4.903052ms
Round took 5.1294ms
Round took 5.400772ms
Round took 4.685289ms
Round took 5.084505ms
Round took 5.005813ms
Round took 5.60222ms
Round took 4.678435ms
Round took 4.818093ms
Round took 5.962652ms
Round took 4.870999ms
Round took 4.945247ms
Round took 5.705758ms
Round took 6.147769ms
Round took 4.893931ms
Round took 5.368127ms
Round took 5.075589ms
Round took 5.213416ms
Round took 4.507882ms
Round took 3.81531ms
Round took 6.506384ms
Round took 3.849907ms
Round took 5.732929ms
Round took 4.975468ms
Round took 8.034562ms
Round took 4.703835ms
Round took 4.061067ms
Round took 4.652254ms
Round took 4.745706ms
Round took 4.428659ms
Round took 3.601022ms
Round took 5.792286ms
Round took 5.115167ms
Round took 4.360148ms
Round took 4.986013ms
Round took 6.146657ms
Round took 3.655013ms
Round took 5.822502ms
Round took 6.134688ms
Round took 4.128445ms
Round took 5.288001ms
Round took 4.598614ms
Round took 5.20674ms
Round took 5.684159ms
Round took 4.586549ms
Round took 5.452347ms
Round took 4.61654ms
Round took 4.463455ms
Round took 5.229359ms
Round took 5.429647ms
Round took 5.735723ms
Round took 4.221635ms
Round took 5.398384ms
Round took 5.053399ms
Round took 4.932398ms
Round took 5.175751ms
Round took 5.421001ms
Round took 6.027475ms
Round took 4.524282ms
Round took 5.360949ms
Round took 3.539334ms
Round took 6.112802ms
Round took 4.242436ms
Round took 5.361554ms
Round took 5.965173ms
Round took 4.664686ms
Round took 5.625709ms
Round took 4.207091ms
Round took 5.195643ms
Round took 4.535298ms
Round took 5.240542ms
Round took 5.214155ms
Round took 4.715264ms
Round took 4.757863ms
Round took 4.791204ms
Round took 5.492969ms
Round took 5.319866ms
Round took 4.915884ms
Round took 4.704752ms
Round took 5.172229ms
Round took 5.622035ms
Round took 4.635722ms
Round took 6.135099ms
Round took 5.523726ms
Round took 4.184105ms
Round took 4.4619ms
Round took 5.523358ms
Round took 5.061717ms
Round took 4.666194ms
Round took 5.197128ms
Round took 6.402972ms
Round took 4.490427ms
Round took 6.371055ms
Round took 3.657457ms
Round took 4.948692ms
Round took 5.240547ms
Round took 4.783977ms
Round took 5.695995ms
Round took 4.624174ms
Round took 5.667043ms
Round took 5.022242ms
Round took 4.41546ms
Round took 5.11052ms
Round took 5.202856ms
Round took 5.954762ms
Round took 4.579093ms
Round took 4.991969ms
Round took 5.273671ms
Round took 4.636414ms
Round took 5.224812ms
Round took 5.185797ms
Round took 6.145765ms
Round took 3.720086ms
Round took 5.179767ms
Round took 5.554924ms
Round took 5.118733ms
Round took 5.783119ms
Test took 5.129645815s
Successful: 10000
