Uniform distribution
2021/04/16 21:40:47 The leader is replica 0
Round took 6.800593ms
Round took 6.960479ms
Round took 6.492238ms
Round took 4.074505ms
Round took 5.700529ms
Round took 4.890007ms
Round took 7.164776ms
Round took 6.55787ms
Round took 4.405479ms
Round took 3.651684ms
Round took 5.100751ms
Round took 5.605874ms
Round took 4.914287ms
Round took 5.556149ms
Round took 5.672697ms
Round took 4.712381ms
Round took 4.816716ms
Round took 4.975848ms
Round took 5.329479ms
Round took 5.054645ms
Round took 5.68765ms
Round took 5.228515ms
Round took 4.484454ms
Round took 4.407234ms
Round took 5.388238ms
Round took 4.972342ms
Round took 5.440321ms
Round took 5.646426ms
Round took 4.296476ms
Round took 6.020082ms
Round took 3.610257ms
Round took 5.470403ms
Round took 4.367258ms
Round took 4.920362ms
Round took 6.622304ms
Round took 6.902404ms
Round took 7.923327ms
Round took 7.183636ms
Round took 3.320918ms
Round took 4.140779ms
Round took 7.034598ms
Round took 6.000378ms
Round took 6.082762ms
Round took 4.530494ms
Round took 5.713212ms
Round took 4.615386ms
Round took 5.170343ms
Round took 5.635276ms
Round took 7.601748ms
Round took 4.504875ms
Round took 5.264625ms
Round took 4.472951ms
Round took 3.676435ms
Round took 3.882571ms
Round took 6.322362ms
Round took 5.315864ms
Round took 5.098358ms
Round took 5.702904ms
Round took 4.36956ms
Round took 4.146149ms
Round took 5.369846ms
Round took 3.909071ms
Round took 5.756108ms
Round took 6.230439ms
Round took 5.768632ms
Round took 4.848634ms
Round took 4.123ms
Round took 5.004033ms
Round took 5.226131ms
Round took 5.105646ms
Round took 5.245416ms
Round took 5.042584ms
Round took 5.218061ms
Round took 4.667689ms
Round took 4.763445ms
Round took 4.994485ms
Round took 6.16486ms
Round took 4.225197ms
Round took 4.773763ms
Round took 4.92987ms
Round took 5.344532ms
Round took 5.705941ms
Round took 4.157109ms
Round took 5.188953ms
Round took 5.100778ms
Round took 4.871319ms
Round took 5.116169ms
Round took 4.713226ms
Round took 5.66846ms
Round took 4.65928ms
Round took 5.072539ms
Round took 4.802517ms
Round took 5.480177ms
Round took 5.179628ms
Round took 4.950145ms
Round took 5.425439ms
Round took 5.356165ms
Round took 4.574667ms
Round took 5.024068ms
Round took 5.148557ms
Round took 5.069785ms
Round took 4.91115ms
Round took 5.460389ms
Round took 5.56059ms
Round took 5.128592ms
Round took 4.482499ms
Round took 4.17382ms
Round took 5.173006ms
Round took 5.5319ms
Round took 4.996162ms
Round took 6.061612ms
Round took 3.870372ms
Round took 5.123682ms
Round took 5.53873ms
Round took 5.102059ms
Round took 4.864683ms
Round took 5.065104ms
Round took 5.348067ms
Round took 4.913608ms
Round took 4.653142ms
Round took 4.578011ms
Round took 5.237098ms
Round took 5.250005ms
Round took 4.98879ms
Round took 5.180868ms
Round took 4.661786ms
Round took 5.346588ms
Round took 5.411817ms
Round took 5.412833ms
Round took 5.003407ms
Round took 5.587338ms
Round took 4.306397ms
Round took 4.495101ms
Round took 5.394587ms
Round took 5.135938ms
Round took 4.744295ms
Round took 5.188107ms
Round took 5.852662ms
Round took 4.263977ms
Round took 4.950964ms
Round took 4.683709ms
Round took 6.151387ms
Round took 6.197865ms
Round took 6.074424ms
Round took 5.118237ms
Round took 5.412859ms
Round took 3.803296ms
Round took 3.869605ms
Round took 4.886847ms
Round took 4.879399ms
Round took 6.529211ms
Round took 4.845189ms
Round took 4.714656ms
Round took 3.868012ms
Round took 5.936465ms
Round took 4.910838ms
Round took 4.919122ms
Round took 4.923973ms
Round took 5.408637ms
Round took 4.46699ms
Round took 4.51335ms
Round took 5.545062ms
Round took 4.767748ms
Round took 5.024573ms
Round took 5.036023ms
Round took 5.091197ms
Round took 5.507925ms
Round took 4.788483ms
Round took 5.226121ms
Round took 4.377238ms
Round took 5.1838ms
Round took 5.522501ms
Round took 4.592446ms
Round took 5.581077ms
Round took 4.996992ms
Round took 4.146393ms
Round took 5.146347ms
Round took 5.480994ms
Round took 4.799192ms
Round took 4.780555ms
Round took 4.61202ms
Round took 5.081419ms
Round took 5.802672ms
Round took 4.348672ms
Round took 4.786987ms
Round took 5.932515ms
Round took 4.689297ms
Round took 4.77886ms
Round took 5.063126ms
Round took 5.694462ms
Round took 5.123052ms
Round took 4.900774ms
Round took 4.698428ms
Round took 5.998053ms
Round took 4.769761ms
Round took 5.594775ms
Round took 4.847533ms
Round took 4.95597ms
Round took 5.053944ms
Round took 5.322875ms
Round took 5.034042ms
Round took 4.508655ms
Round took 4.76113ms
Round took 5.728111ms
Round took 4.891041ms
Round took 4.33782ms
Round took 5.596283ms
Round took 4.772252ms
Round took 5.236497ms
Round took 4.672088ms
Round took 4.84964ms
Round took 5.653963ms
Round took 5.486051ms
Round took 4.768883ms
Round took 5.704549ms
Round took 4.988404ms
Round took 4.377416ms
Round took 4.646036ms
Round took 5.540992ms
Round took 4.950989ms
Round took 4.730656ms
Round took 4.636682ms
Round took 5.708946ms
Round took 4.990833ms
Round took 4.853719ms
Round took 4.999191ms
Round took 5.595ms
Round took 4.357339ms
Round took 5.383683ms
Round took 5.020199ms
Round took 5.13628ms
Round took 5.005714ms
Round took 4.851502ms
Round took 6.245036ms
Round took 4.059394ms
Round took 5.183474ms
Round took 4.879421ms
Round took 5.502217ms
Round took 4.879047ms
Round took 4.889194ms
Round took 5.967434ms
Round took 4.592946ms
Round took 5.110717ms
Round took 4.865086ms
Round took 5.342109ms
Round took 4.891226ms
Round took 5.181979ms
Round took 4.991753ms
Round took 5.145319ms
Round took 5.282533ms
Round took 4.969722ms
Round took 5.301321ms
Round took 4.600883ms
Round took 5.306316ms
Round took 4.796271ms
Round took 5.227817ms
Round took 6.101151ms
Round took 6.397083ms
Round took 4.811605ms
Round took 3.90302ms
Round took 4.149541ms
Round took 4.849837ms
Round took 5.667653ms
Round took 4.710222ms
Round took 4.773212ms
Round took 5.037357ms
Round took 5.64356ms
Round took 4.486321ms
Round took 4.99917ms
Round took 5.096604ms
Round took 5.347135ms
Round took 4.873966ms
Round took 5.338884ms
Round took 4.771992ms
Round took 5.229456ms
Round took 5.27937ms
Round took 6.203931ms
Round took 4.0921ms
Round took 4.657634ms
Round took 4.975296ms
Round took 5.070574ms
Round took 5.489101ms
Round took 4.97055ms
Round took 5.198348ms
Round took 5.266933ms
Round took 4.72421ms
Round took 5.213593ms
Round took 5.097393ms
Round took 5.144488ms
Round took 5.331145ms
Round took 4.692521ms
Round took 5.014226ms
Round took 5.086957ms
Round took 5.009139ms
Round took 5.420265ms
Round took 5.707766ms
Round took 4.482914ms
Round took 4.684824ms
Round took 4.750456ms
Round took 5.654965ms
Round took 4.864558ms
Round took 4.75101ms
Round took 5.143757ms
Round took 5.437022ms
Round took 5.014952ms
Round took 5.470809ms
Round took 5.131876ms
Round took 5.138479ms
Round took 5.176805ms
Round took 5.010468ms
Round took 4.853597ms
Round took 5.732982ms
Round took 5.601539ms
Round took 4.958555ms
Round took 4.837321ms
Round took 5.206574ms
Round took 5.112857ms
Round took 5.05286ms
Round took 4.348865ms
Round took 5.503012ms
Round took 5.287017ms
Round took 5.625735ms
Round took 4.375995ms
Round took 5.766029ms
Round took 4.814149ms
Round took 4.353597ms
Round took 5.449638ms
Round took 5.085852ms
Round took 4.449238ms
Round took 4.977561ms
Round took 5.435538ms
Round took 5.396439ms
Round took 5.421883ms
Round took 4.448069ms
Round took 4.827274ms
Round took 5.303712ms
Round took 5.457169ms
Round took 5.105049ms
Round took 5.359305ms
Round took 4.843533ms
Round took 5.148274ms
Round took 5.682781ms
Round took 4.681246ms
Round took 4.690155ms
Round took 4.794777ms
Round took 4.54796ms
Round took 5.661865ms
Round took 4.588767ms
Round took 5.246674ms
Round took 4.935487ms
Round took 5.822894ms
Round took 4.491283ms
Round took 5.008054ms
Round took 5.725563ms
Round took 4.650684ms
Round took 5.388226ms
Round took 4.289876ms
Round took 5.773752ms
Round took 4.987487ms
Round took 5.062007ms
Round took 5.41722ms
Round took 4.81522ms
Round took 4.756936ms
Round took 4.678884ms
Round took 6.081136ms
Round took 4.603057ms
Round took 5.026411ms
Round took 5.711296ms
Round took 4.642932ms
Round took 4.907422ms
Round took 5.229691ms
Round took 5.283724ms
Round took 5.770211ms
Round took 3.894115ms
Round took 6.239543ms
Round took 4.121289ms
Round took 4.827759ms
Round took 5.55114ms
Round took 4.662094ms
Round took 5.687186ms
Round took 4.689704ms
Round took 5.44306ms
Round took 4.220872ms
Round took 5.751916ms
Round took 5.0275ms
Round took 4.930161ms
Round took 5.853129ms
Round took 4.418418ms
Round took 4.881286ms
Round took 5.260194ms
Round took 4.786386ms
Round took 5.156674ms
Round took 4.822988ms
Round took 5.875986ms
Round took 3.982773ms
Round took 5.197735ms
Round took 5.455056ms
Round took 6.203992ms
Round took 4.343066ms
Round took 4.555171ms
Round took 5.837983ms
Round took 4.433231ms
Round took 5.27969ms
Round took 5.21118ms
Round took 4.937229ms
Round took 7.316051ms
Round took 5.320309ms
Round took 4.795232ms
Round took 3.54402ms
Round took 18.44486ms
Round took 3.436084ms
Round took 4.810583ms
Round took 4.797473ms
Round took 5.971625ms
Round took 6.177828ms
Round took 4.603142ms
Round took 5.622978ms
Round took 3.674855ms
Round took 4.663619ms
Round took 5.988985ms
Round took 5.642389ms
Round took 5.395395ms
Round took 4.328607ms
Round took 3.448343ms
Round took 6.166833ms
Round took 5.052231ms
Round took 5.113235ms
Round took 4.964121ms
Round took 5.18776ms
Round took 4.998199ms
Round took 4.985055ms
Round took 6.064913ms
Round took 3.935607ms
Round took 4.484262ms
Round took 5.281498ms
Round took 5.781672ms
Round took 4.545866ms
Round took 5.022484ms
Round took 4.860958ms
Round took 4.964202ms
Round took 5.528449ms
Round took 4.779226ms
Round took 5.055593ms
Round took 5.034824ms
Round took 5.116525ms
Round took 5.300424ms
Round took 4.44679ms
Round took 5.717127ms
Round took 4.692848ms
Round took 4.813252ms
Round took 6.056537ms
Round took 4.331283ms
Round took 4.808744ms
Round took 4.516519ms
Round took 6.259322ms
Round took 5.253044ms
Round took 4.26198ms
Round took 4.524904ms
Round took 5.369274ms
Round took 4.961053ms
Round took 4.904659ms
Round took 5.219352ms
Round took 5.489648ms
Round took 5.081495ms
Round took 4.332669ms
Round took 5.103588ms
Round took 5.224074ms
Round took 5.160075ms
Round took 5.077972ms
Round took 5.540764ms
Round took 4.785765ms
Round took 4.636952ms
Round took 5.209775ms
Round took 5.440385ms
Round took 4.911352ms
Round took 5.148399ms
Round took 4.637659ms
Round took 4.91707ms
Round took 5.311948ms
Round took 4.755769ms
Round took 5.505479ms
Round took 4.805824ms
Round took 4.785315ms
Round took 4.911383ms
Round took 5.434138ms
Round took 5.93935ms
Round took 4.553218ms
Round took 5.499655ms
Round took 4.986976ms
Round took 4.856329ms
Round took 4.569891ms
Round took 6.296609ms
Round took 3.607885ms
Round took 5.306086ms
Round took 4.614853ms
Round took 6.177929ms
Round took 4.339019ms
Round took 4.782338ms
Round took 5.311085ms
Round took 5.436655ms
Round took 4.861362ms
Round took 5.00748ms
Round took 5.496625ms
Round took 4.685667ms
Round took 5.201179ms
Round took 4.888091ms
Round took 5.717771ms
Round took 5.010004ms
Round took 4.374932ms
Round took 5.141346ms
Round took 5.640458ms
Round took 5.071391ms
Round took 4.666323ms
Round took 5.447165ms
Round took 4.716858ms
Round took 5.39085ms
Round took 4.306668ms
Round took 5.655835ms
Round took 4.809189ms
Round took 4.554721ms
Round took 5.11527ms
Round took 5.509547ms
Round took 4.75344ms
Round took 4.74981ms
Round took 5.227111ms
Round took 5.330798ms
Round took 4.72672ms
Round took 5.314637ms
Round took 4.952831ms
Round took 6.01725ms
Round took 4.42423ms
Round took 5.810026ms
Round took 5.129924ms
Round took 4.526951ms
Round took 4.648506ms
Round took 4.933372ms
Round took 5.558949ms
Round took 4.744526ms
Round took 5.083677ms
Round took 5.938094ms
Round took 4.925424ms
Round took 5.079494ms
Round took 5.352636ms
Round took 5.281245ms
Round took 4.449739ms
Round took 4.893208ms
Round took 5.889101ms
Round took 4.144743ms
Round took 5.094928ms
Round took 5.165738ms
Round took 5.518094ms
Round took 4.617042ms
Round took 5.425099ms
Round took 4.573978ms
Round took 5.545959ms
Round took 4.509094ms
Round took 5.61544ms
Round took 4.87839ms
Round took 5.917495ms
Round took 4.985873ms
Round took 5.293191ms
Round took 5.104011ms
Round took 5.152137ms
Round took 4.785538ms
Round took 5.585589ms
Round took 4.624562ms
Round took 4.429877ms
Round took 5.264072ms
Round took 4.635411ms
Round took 5.756055ms
Round took 5.255528ms
Round took 5.386799ms
Round took 5.159369ms
Round took 4.445066ms
Round took 5.114128ms
Round took 4.978593ms
Round took 4.644843ms
Round took 5.143019ms
Round took 4.927507ms
Round took 5.577943ms
Round took 5.386428ms
Round took 4.534623ms
Round took 5.494152ms
Round took 4.781114ms
Round took 5.65286ms
Round took 4.927811ms
Round took 5.502158ms
Round took 4.381598ms
Round took 4.984336ms
Round took 5.73162ms
Round took 3.957411ms
Round took 5.327925ms
Round took 5.386809ms
Round took 4.441792ms
Round took 5.475012ms
Round took 5.195224ms
Round took 4.656935ms
Round took 5.495927ms
Round took 5.370374ms
Round took 4.405306ms
Round took 5.180707ms
Round took 5.370424ms
Round took 5.992685ms
Round took 3.869951ms
Round took 5.454536ms
Round took 5.941397ms
Round took 4.406064ms
Round took 5.120723ms
Round took 4.690907ms
Round took 5.333732ms
Round took 4.77342ms
Round took 4.998315ms
Round took 5.718777ms
Round took 4.682598ms
Round took 5.535081ms
Round took 4.058293ms
Round took 5.279525ms
Round took 5.484417ms
Round took 4.576444ms
Round took 5.729162ms
Round took 4.439322ms
Round took 5.415418ms
Round took 5.031388ms
Round took 6.248748ms
Round took 4.895486ms
Round took 4.062509ms
Round took 5.711132ms
Round took 4.459231ms
Round took 5.182898ms
Round took 4.711671ms
Round took 5.961826ms
Round took 4.437926ms
Round took 4.51009ms
Round took 4.955659ms
Round took 5.479984ms
Round took 4.624301ms
Round took 5.023357ms
Round took 5.201952ms
Round took 5.412859ms
Round took 5.14803ms
Round took 4.54993ms
Round took 4.839429ms
Round took 5.215368ms
Round took 4.831627ms
Round took 4.805186ms
Round took 4.845587ms
Round took 5.738306ms
Round took 4.635014ms
Round took 5.004322ms
Round took 4.933809ms
Round took 6.097692ms
Round took 4.584543ms
Round took 4.80738ms
Round took 5.006743ms
Round took 6.232217ms
Round took 4.667863ms
Round took 5.559791ms
Round took 5.895436ms
Round took 4.125185ms
Round took 5.037651ms
Round took 4.841678ms
Round took 4.811555ms
Round took 4.628983ms
Round took 4.929622ms
Round took 5.988943ms
Round took 4.439799ms
Round took 4.744277ms
Round took 4.939515ms
Round took 5.474058ms
Round took 4.743656ms
Round took 5.00578ms
Round took 4.974237ms
Round took 5.815429ms
Round took 3.969225ms
Round took 5.211378ms
Round took 4.693144ms
Round took 6.610228ms
Round took 5.132383ms
Round took 4.177023ms
Round took 5.863579ms
Round took 4.955442ms
Round took 4.49577ms
Round took 4.929088ms
Round took 5.578109ms
Round took 4.575679ms
Round took 5.345631ms
Round took 4.748904ms
Round took 5.410755ms
Round took 4.954192ms
Round took 5.09715ms
Round took 6.080325ms
Round took 4.057265ms
Round took 5.087051ms
Round took 4.936389ms
Round took 5.208266ms
Round took 5.439839ms
Round took 5.023047ms
Round took 5.538831ms
Round took 5.548233ms
Round took 4.322117ms
Round took 4.768981ms
Round took 5.637567ms
Round took 5.108354ms
Round took 4.534878ms
Round took 5.691304ms
Round took 5.580141ms
Round took 4.892667ms
Round took 5.710341ms
Round took 4.633059ms
Round took 4.260199ms
Round took 4.957299ms
Round took 4.310086ms
Round took 5.632461ms
Round took 4.732347ms
Round took 5.055203ms
Round took 5.387587ms
Round took 5.219825ms
Round took 4.898427ms
Round took 4.636446ms
Round took 5.751654ms
Round took 4.588725ms
Round took 4.650857ms
Round took 4.506217ms
Round took 5.043701ms
Round took 5.80838ms
Round took 4.36523ms
Round took 5.028949ms
Round took 5.450048ms
Round took 5.124985ms
Round took 4.679302ms
Round took 5.025417ms
Round took 5.696542ms
Round took 4.355286ms
Round took 5.570671ms
Round took 4.65416ms
Round took 5.606848ms
Round took 4.775841ms
Round took 4.895179ms
Round took 5.134058ms
Round took 5.09317ms
Round took 5.051162ms
Round took 5.319703ms
Round took 5.734463ms
Round took 4.761875ms
Round took 4.61919ms
Round took 5.101397ms
Round took 6.046556ms
Round took 4.007815ms
Round took 5.005554ms
Round took 5.95692ms
Round took 4.243829ms
Round took 5.128922ms
Round took 4.925285ms
Round took 5.945306ms
Round took 5.626975ms
Round took 4.698692ms
Round took 5.018943ms
Round took 5.038115ms
Round took 4.825488ms
Round took 4.262252ms
Round took 5.59598ms
Round took 5.661139ms
Round took 4.812882ms
Round took 4.751567ms
Round took 4.554644ms
Round took 5.440101ms
Round took 4.833819ms
Round took 5.173772ms
Round took 5.524263ms
Round took 4.532187ms
Round took 5.394744ms
Round took 4.430261ms
Round took 5.759122ms
Round took 4.904631ms
Round took 5.32428ms
Round took 5.32583ms
Round took 4.463406ms
Round took 5.343729ms
Round took 5.698703ms
Round took 5.159083ms
Round took 4.482602ms
Round took 5.244682ms
Round took 5.654584ms
Round took 4.585561ms
Round took 5.359371ms
Round took 4.268254ms
Round took 6.132184ms
Round took 4.512716ms
Round took 4.92552ms
Round took 5.658018ms
Round took 4.770597ms
Round took 5.31732ms
Round took 4.305587ms
Round took 5.366302ms
Round took 4.781235ms
Round took 4.938479ms
Round took 5.216771ms
Round took 5.446294ms
Round took 4.548245ms
Round took 5.148763ms
Round took 4.730953ms
Round took 5.975222ms
Round took 5.256906ms
Round took 4.8215ms
Round took 5.111742ms
Round took 4.943833ms
Round took 4.660597ms
Round took 6.381844ms
Round took 4.477353ms
Round took 4.304779ms
Round took 5.085197ms
Round took 4.974628ms
Round took 5.168057ms
Round took 5.007827ms
Round took 4.344728ms
Round took 5.073604ms
Round took 5.263377ms
Round took 5.112035ms
Round took 4.890101ms
Round took 5.682432ms
Round took 4.714236ms
Round took 5.590807ms
Round took 4.28345ms
Round took 6.0127ms
Round took 4.954133ms
Round took 5.047966ms
Round took 4.772711ms
Round took 6.125741ms
Round took 4.399509ms
Round took 5.75972ms
Round took 4.582381ms
Round took 4.520939ms
Round took 5.973243ms
Round took 4.641539ms
Round took 5.951199ms
Round took 4.072104ms
Round took 5.360992ms
Round took 5.093102ms
Round took 5.440944ms
Round took 5.419864ms
Round took 4.574717ms
Round took 5.389571ms
Round took 3.788772ms
Round took 5.103826ms
Round took 4.695991ms
Round took 5.188205ms
Round took 5.2072ms
Round took 4.941107ms
Round took 5.760741ms
Round took 4.673615ms
Round took 4.898705ms
Round took 4.714674ms
Round took 4.863324ms
Round took 5.52483ms
Round took 5.010791ms
Round took 4.866791ms
Round took 5.033202ms
Round took 5.306771ms
Round took 4.967051ms
Round took 4.995074ms
Round took 5.712655ms
Round took 5.390253ms
Round took 4.604954ms
Round took 5.414381ms
Round took 4.810795ms
Round took 4.906914ms
Round took 4.965621ms
Round took 6.425618ms
Round took 5.958829ms
Round took 4.843155ms
Round took 4.400423ms
Round took 3.187376ms
Round took 5.233326ms
Round took 4.680594ms
Round took 5.846407ms
Round took 4.881941ms
Round took 5.683585ms
Round took 4.034631ms
Round took 6.653769ms
Round took 4.42981ms
Round took 4.905206ms
Round took 5.577462ms
Round took 4.58515ms
Round took 4.888862ms
Round took 5.134211ms
Round took 5.390219ms
Round took 4.651857ms
Round took 5.133334ms
Round took 4.975596ms
Round took 5.651832ms
Round took 4.466816ms
Round took 4.880019ms
Round took 5.953633ms
Round took 4.861312ms
Round took 4.938372ms
Round took 5.163569ms
Round took 6.37312ms
Round took 5.143748ms
Round took 5.282609ms
Round took 5.084355ms
Round took 5.247047ms
Round took 4.49423ms
Round took 3.821012ms
Round took 6.807055ms
Round took 3.71783ms
Round took 5.733894ms
Round took 4.9293ms
Round took 7.992805ms
Round took 4.764452ms
Round took 4.08236ms
Round took 4.688729ms
Round took 4.730344ms
Round took 4.470645ms
Round took 3.589289ms
Round took 5.772986ms
Round took 5.132116ms
Round took 4.329917ms
Round took 5.023675ms
Round took 7.295137ms
Round took 3.520894ms
Round took 6.379788ms
Round took 5.430573ms
Round took 4.055232ms
Round took 5.309457ms
Round took 4.818327ms
Round took 4.969453ms
Round took 5.673422ms
Round took 5.732516ms
Round took 4.532453ms
Round took 4.435883ms
Round took 4.493644ms
Round took 5.207472ms
Round took 5.448987ms
Round took 5.798539ms
Round took 4.162705ms
Round took 5.583787ms
Round took 4.438657ms
Round took 5.044566ms
Round took 5.116049ms
Round took 5.112561ms
Round took 5.972486ms
Round took 4.400116ms
Round took 4.892723ms
Round took 4.10177ms
Round took 6.206983ms
Round took 4.229882ms
Round took 5.32269ms
Round took 6.070943ms
Round took 4.659881ms
Round took 5.350561ms
Round took 4.49296ms
Round took 5.04973ms
Round took 4.419242ms
Round took 5.252253ms
Round took 5.309889ms
Round took 4.684639ms
Round took 4.716764ms
Round took 4.766023ms
Round took 5.486686ms
Round took 5.316282ms
Round took 4.91203ms
Round took 4.759016ms
Round took 4.164115ms
Round took 6.290564ms
Round took 4.98491ms
Round took 6.067717ms
Round took 5.484683ms
Round took 4.180714ms
Round took 4.487912ms
Round took 4.781848ms
Round took 5.791565ms
Round took 4.726497ms
Round took 5.214899ms
Round took 6.487027ms
Round took 4.386442ms
Round took 5.178795ms
Round took 5.000111ms
Round took 4.970111ms
Round took 5.192234ms
Round took 4.830678ms
Round took 5.67713ms
Round took 4.557244ms
Round took 5.646485ms
Round took 5.031068ms
Round took 4.433605ms
Round took 5.14082ms
Round took 5.105675ms
Round took 5.872513ms
Round took 4.560177ms
Round took 5.067911ms
Round took 5.282739ms
Round took 4.665655ms
Round took 5.210599ms
Round took 5.141526ms
Round took 6.136969ms
Round took 3.619399ms
Round took 5.164856ms
Round took 5.00156ms
Round took 5.639773ms
Round took 5.419472ms
Test took 5.118305004s
Successful: 10000
