Uniform distribution
2021/04/16 21:40:47 The leader is replica 0
Round took 1.823382ms
Round took 6.828466ms
Round took 3.19262ms
Round took 9.004339ms
Round took 7.928996ms
Round took 6.50049ms
Round took 3.264185ms
Round took 4.760796ms
Round took 4.932517ms
Round took 5.916ms
Round took 4.462866ms
Round took 4.966227ms
Round took 5.339876ms
Round took 5.088261ms
Round took 5.124293ms
Round took 5.541147ms
Round took 5.422728ms
Round took 4.33824ms
Round took 4.762245ms
Round took 6.433607ms
Round took 4.242622ms
Round took 4.896599ms
Round took 5.646039ms
Round took 4.944402ms
Round took 4.501192ms
Round took 4.713312ms
Round took 5.136399ms
Round took 5.578213ms
Round took 4.578321ms
Round took 4.603007ms
Round took 5.217169ms
Round took 5.827272ms
Round took 4.262831ms
Round took 5.063071ms
Round took 4.972026ms
Round took 6.039547ms
Round took 3.554918ms
Round took 5.065204ms
Round took 7.094472ms
Round took 3.967078ms
Round took 5.158234ms
Round took 5.42982ms
Round took 5.440621ms
Round took 4.115694ms
Round took 5.167208ms
Round took 5.64069ms
Round took 4.448568ms
Round took 5.262686ms
Round took 4.707981ms
Round took 6.013597ms
Round took 5.587492ms
Round took 6.683112ms
Round took 5.838488ms
Round took 6.536737ms
Round took 7.206461ms
Round took 8.757726ms
Round took 3.932547ms
Round took 3.994995ms
Round took 5.806294ms
Round took 5.118331ms
Round took 4.180834ms
Round took 4.904682ms
Round took 4.910341ms
Round took 4.81361ms
Round took 5.184402ms
Round took 4.80881ms
Round took 5.139667ms
Round took 5.668321ms
Round took 5.035463ms
Round took 4.915902ms
Round took 5.358431ms
Round took 5.288407ms
Round took 4.807939ms
Round took 5.244866ms
Round took 5.667697ms
Round took 4.726078ms
Round took 4.537517ms
Round took 5.015485ms
Round took 5.399643ms
Round took 4.850319ms
Round took 5.085403ms
Round took 5.744892ms
Round took 4.41448ms
Round took 5.188543ms
Round took 4.774717ms
Round took 7.039645ms
Round took 4.16299ms
Round took 5.380639ms
Round took 6.365632ms
Round took 7.160931ms
Round took 7.665905ms
Round took 6.929901ms
Round took 3.893107ms
Round took 6.929029ms
Round took 6.042623ms
Round took 6.503248ms
Round took 4.233956ms
Round took 5.716231ms
Round took 5.088868ms
Round took 5.199395ms
Round took 4.919171ms
Round took 5.195185ms
Round took 6.856544ms
Round took 4.783883ms
Round took 5.43845ms
Round took 4.215481ms
Round took 3.629459ms
Round took 6.172072ms
Round took 5.181888ms
Round took 5.491264ms
Round took 4.988197ms
Round took 4.680283ms
Round took 5.121627ms
Round took 5.34062ms
Round took 4.704711ms
Round took 5.270314ms
Round took 4.863654ms
Round took 7.275227ms
Round took 4.748981ms
Round took 4.666366ms
Round took 5.015314ms
Round took 5.1916ms
Round took 4.822736ms
Round took 5.626156ms
Round took 5.121006ms
Round took 4.688183ms
Round took 4.761315ms
Round took 5.416654ms
Round took 4.942275ms
Round took 4.964606ms
Round took 4.542554ms
Round took 5.724205ms
Round took 4.620937ms
Round took 4.967089ms
Round took 7.296206ms
Round took 4.220798ms
Round took 5.159723ms
Round took 6.316572ms
Round took 6.01457ms
Round took 5.177338ms
Round took 5.148628ms
Round took 4.799934ms
Round took 5.162297ms
Round took 5.014664ms
Round took 5.075875ms
Round took 5.713905ms
Round took 5.232974ms
Round took 5.013554ms
Round took 4.796962ms
Round took 5.312491ms
Round took 4.733811ms
Round took 4.97536ms
Round took 5.343929ms
Round took 5.478597ms
Round took 4.747168ms
Round took 5.81077ms
Round took 5.602581ms
Round took 4.453405ms
Round took 4.354103ms
Round took 5.215027ms
Round took 5.755591ms
Round took 4.992719ms
Round took 6.748683ms
Round took 3.879798ms
Round took 5.16065ms
Round took 5.553763ms
Round took 5.126962ms
Round took 4.855734ms
Round took 5.091229ms
Round took 6.036232ms
Round took 6.781011ms
Round took 5.074165ms
Round took 5.113419ms
Round took 4.978292ms
Round took 5.376731ms
Round took 5.280237ms
Round took 4.594463ms
Round took 5.45408ms
Round took 5.427171ms
Round took 5.174153ms
Round took 4.693138ms
Round took 6.145056ms
Round took 4.354629ms
Round took 4.532816ms
Round took 5.40131ms
Round took 5.152603ms
Round took 4.358047ms
Round took 5.194206ms
Round took 6.085479ms
Round took 5.357445ms
Round took 4.841965ms
Round took 4.626644ms
Round took 6.15202ms
Round took 6.034401ms
Round took 6.176541ms
Round took 5.123216ms
Round took 5.547938ms
Round took 3.792928ms
Round took 3.510365ms
Round took 4.694665ms
Round took 4.82034ms
Round took 5.487732ms
Round took 5.867724ms
Round took 4.72008ms
Round took 3.969623ms
Round took 5.988763ms
Round took 5.004315ms
Round took 4.939984ms
Round took 4.958062ms
Round took 4.53561ms
Round took 6.311828ms
Round took 4.739172ms
Round took 7.293713ms
Round took 4.969665ms
Round took 5.061235ms
Round took 5.130781ms
Round took 4.990989ms
Round took 5.571229ms
Round took 5.249433ms
Round took 4.409132ms
Round took 5.163796ms
Round took 5.592859ms
Round took 4.958532ms
Round took 5.516395ms
Round took 5.126891ms
Round took 4.667532ms
Round took 5.067706ms
Round took 5.252588ms
Round took 5.299515ms
Round took 5.00631ms
Round took 4.62704ms
Round took 5.345072ms
Round took 5.834918ms
Round took 4.311561ms
Round took 4.837263ms
Round took 5.275028ms
Round took 7.207362ms
Round took 6.247522ms
Round took 6.726455ms
Round took 5.091503ms
Round took 5.074378ms
Round took 4.696393ms
Round took 6.057255ms
Round took 4.775435ms
Round took 5.051053ms
Round took 5.346245ms
Round took 4.997104ms
Round took 4.662179ms
Round took 5.331883ms
Round took 5.125383ms
Round took 6.799762ms
Round took 6.13237ms
Round took 4.536785ms
Round took 4.897428ms
Round took 5.084764ms
Round took 5.578907ms
Round took 4.387796ms
Round took 5.202226ms
Round took 5.145001ms
Round took 4.442458ms
Round took 5.253179ms
Round took 6.332968ms
Round took 6.114132ms
Round took 5.34675ms
Round took 4.857445ms
Round took 4.780598ms
Round took 5.384155ms
Round took 6.027122ms
Round took 4.903326ms
Round took 4.657974ms
Round took 5.679436ms
Round took 4.962409ms
Round took 4.877879ms
Round took 5.009531ms
Round took 6.013512ms
Round took 4.484813ms
Round took 5.343846ms
Round took 5.104834ms
Round took 5.518743ms
Round took 5.061492ms
Round took 5.026012ms
Round took 6.132908ms
Round took 4.13465ms
Round took 5.213327ms
Round took 4.872714ms
Round took 5.243465ms
Round took 4.826341ms
Round took 4.982433ms
Round took 6.090356ms
Round took 4.592697ms
Round took 5.110306ms
Round took 4.582374ms
Round took 5.398348ms
Round took 4.705031ms
Round took 5.11825ms
Round took 5.878102ms
Round took 4.316618ms
Round took 5.198848ms
Round took 5.060193ms
Round took 5.264073ms
Round took 4.574214ms
Round took 5.478562ms
Round took 7.427619ms
Round took 6.551855ms
Round took 5.800813ms
Round took 5.453211ms
Round took 3.797296ms
Round took 4.151574ms
Round took 4.837321ms
Round took 5.692637ms
Round took 4.791982ms
Round took 4.891383ms
Round took 5.114106ms
Round took 5.590347ms
Round took 4.500843ms
Round took 4.960059ms
Round took 5.313843ms
Round took 5.037238ms
Round took 5.027501ms
Round took 5.364471ms
Round took 5.287882ms
Round took 4.83666ms
Round took 6.453826ms
Round took 5.008278ms
Round took 4.141625ms
Round took 4.644101ms
Round took 5.27405ms
Round took 5.744681ms
Round took 4.705713ms
Round took 4.950704ms
Round took 5.388494ms
Round took 4.868128ms
Round took 4.706299ms
Round took 5.216365ms
Round took 5.833834ms
Round took 4.541951ms
Round took 5.381313ms
Round took 4.41607ms
Round took 5.566177ms
Round took 4.549004ms
Round took 5.097843ms
Round took 6.057246ms
Round took 4.230032ms
Round took 5.47309ms
Round took 5.850814ms
Round took 5.271355ms
Round took 4.823338ms
Round took 4.968199ms
Round took 4.941954ms
Round took 6.21529ms
Round took 4.970803ms
Round took 5.322487ms
Round took 4.959541ms
Round took 5.823762ms
Round took 5.108643ms
Round took 4.794201ms
Round took 5.132664ms
Round took 5.624172ms
Round took 5.170767ms
Round took 5.364757ms
Round took 5.313319ms
Round took 5.18842ms
Round took 4.627318ms
Round took 6.968036ms
Round took 3.919617ms
Round took 7.005383ms
Round took 6.204742ms
Round took 4.597226ms
Round took 5.182308ms
Round took 4.887219ms
Round took 5.1335ms
Round took 5.151375ms
Round took 5.264589ms
Round took 4.948048ms
Round took 5.0668ms
Round took 5.316432ms
Round took 4.570837ms
Round took 5.203882ms
Round took 4.983115ms
Round took 4.992815ms
Round took 4.98531ms
Round took 5.67703ms
Round took 5.044548ms
Round took 5.452873ms
Round took 4.703513ms
Round took 5.078105ms
Round took 5.179733ms
Round took 5.066712ms
Round took 5.065953ms
Round took 5.414471ms
Round took 4.56853ms
Round took 5.164586ms
Round took 5.213756ms
Round took 5.112764ms
Round took 4.996774ms
Round took 5.779323ms
Round took 5.200667ms
Round took 5.075708ms
Round took 5.537109ms
Round took 5.032237ms
Round took 5.444411ms
Round took 4.333505ms
Round took 6.188718ms
Round took 4.988511ms
Round took 5.020649ms
Round took 5.385214ms
Round took 4.542044ms
Round took 4.784315ms
Round took 4.730951ms
Round took 6.980545ms
Round took 4.084497ms
Round took 4.998122ms
Round took 6.140447ms
Round took 4.437336ms
Round took 4.919172ms
Round took 6.459616ms
Round took 6.191186ms
Round took 4.819442ms
Round took 5.706999ms
Round took 4.457407ms
Round took 5.129769ms
Round took 5.442172ms
Round took 4.645001ms
Round took 5.174088ms
Round took 5.140064ms
Round took 5.456473ms
Round took 4.359222ms
Round took 5.245035ms
Round took 5.56719ms
Round took 4.669764ms
Round took 5.091384ms
Round took 4.703696ms
Round took 6.165133ms
Round took 4.516264ms
Round took 5.012271ms
Round took 6.348299ms
Round took 4.581984ms
Round took 5.114818ms
Round took 4.725332ms
Round took 5.250748ms
Round took 5.437412ms
Round took 6.917265ms
Round took 4.532094ms
Round took 4.501057ms
Round took 6.980181ms
Round took 6.010028ms
Round took 5.344253ms
Round took 5.122028ms
Round took 6.535593ms
Round took 5.449143ms
Round took 4.918933ms
Round took 4.577256ms
Round took 18.088396ms
Round took 4.973647ms
Round took 5.068921ms
Round took 4.913805ms
Round took 5.298984ms
Round took 5.714498ms
Round took 5.483327ms
Round took 4.769224ms
Round took 4.637153ms
Round took 4.976107ms
Round took 5.111241ms
Round took 5.740274ms
Round took 5.385659ms
Round took 5.015673ms
Round took 3.363194ms
Round took 5.745992ms
Round took 5.520512ms
Round took 4.869761ms
Round took 4.862701ms
Round took 4.930516ms
Round took 5.558523ms
Round took 4.834586ms
Round took 5.063551ms
Round took 4.977304ms
Round took 5.053305ms
Round took 5.337767ms
Round took 4.870545ms
Round took 5.037336ms
Round took 5.823016ms
Round took 4.840561ms
Round took 4.830217ms
Round took 5.564163ms
Round took 4.688819ms
Round took 5.096464ms
Round took 4.974895ms
Round took 5.144363ms
Round took 5.251927ms
Round took 4.622675ms
Round took 5.643783ms
Round took 4.707126ms
Round took 4.808866ms
Round took 5.464039ms
Round took 5.073795ms
Round took 5.50574ms
Round took 4.542361ms
Round took 6.201175ms
Round took 5.234672ms
Round took 4.281642ms
Round took 4.480409ms
Round took 5.274038ms
Round took 4.775184ms
Round took 4.965241ms
Round took 5.192584ms
Round took 5.017737ms
Round took 4.940739ms
Round took 4.633098ms
Round took 5.112523ms
Round took 5.08608ms
Round took 5.093924ms
Round took 5.075484ms
Round took 5.142901ms
Round took 5.479521ms
Round took 4.529007ms
Round took 5.223942ms
Round took 5.493645ms
Round took 4.921116ms
Round took 5.041384ms
Round took 4.787287ms
Round took 4.915007ms
Round took 5.349471ms
Round took 4.860794ms
Round took 5.267443ms
Round took 5.990651ms
Round took 4.594603ms
Round took 4.885713ms
Round took 5.446569ms
Round took 5.905848ms
Round took 4.537754ms
Round took 5.436323ms
Round took 4.965746ms
Round took 5.083038ms
Round took 4.470768ms
Round took 6.413681ms
Round took 3.676814ms
Round took 5.285486ms
Round took 4.571306ms
Round took 6.150846ms
Round took 4.929955ms
Round took 4.563491ms
Round took 6.269107ms
Round took 4.926241ms
Round took 4.748521ms
Round took 5.720791ms
Round took 4.795208ms
Round took 4.641358ms
Round took 5.175ms
Round took 5.90866ms
Round took 4.837457ms
Round took 4.993801ms
Round took 4.969083ms
Round took 4.746367ms
Round took 5.419364ms
Round took 5.125501ms
Round took 5.375273ms
Round took 4.824578ms
Round took 4.782224ms
Round took 5.925263ms
Round took 4.051892ms
Round took 5.251989ms
Round took 4.966901ms
Round took 5.239842ms
Round took 5.951828ms
Round took 4.341697ms
Round took 5.173428ms
Round took 3.914117ms
Round took 5.811762ms
Round took 4.67048ms
Round took 4.666255ms
Round took 7.094904ms
Round took 7.934171ms
Round took 4.768094ms
Round took 6.391482ms
Round took 5.129798ms
Round took 4.417379ms
Round took 4.562527ms
Round took 5.791452ms
Round took 4.452735ms
Round took 4.981677ms
Round took 5.644088ms
Round took 7.597666ms
Round took 5.207337ms
Round took 4.805832ms
Round took 5.789778ms
Round took 4.688711ms
Round took 5.015472ms
Round took 5.267065ms
Round took 4.802005ms
Round took 6.022624ms
Round took 4.839473ms
Round took 5.590761ms
Round took 4.819745ms
Round took 5.428387ms
Round took 4.53465ms
Round took 5.849083ms
Round took 4.61474ms
Round took 5.710268ms
Round took 4.811073ms
Round took 6.086416ms
Round took 4.933598ms
Round took 5.107007ms
Round took 4.701758ms
Round took 5.15156ms
Round took 5.334218ms
Round took 5.101729ms
Round took 4.695467ms
Round took 4.805433ms
Round took 5.591141ms
Round took 5.306596ms
Round took 5.28577ms
Round took 5.008482ms
Round took 4.915551ms
Round took 5.245852ms
Round took 4.939343ms
Round took 4.829913ms
Round took 5.073096ms
Round took 5.198359ms
Round took 4.950804ms
Round took 5.617311ms
Round took 5.709016ms
Round took 4.560865ms
Round took 4.916984ms
Round took 5.047946ms
Round took 6.879877ms
Round took 4.500779ms
Round took 4.996549ms
Round took 5.726547ms
Round took 5.070036ms
Round took 5.714411ms
Round took 3.999957ms
Round took 5.399324ms
Round took 5.315571ms
Round took 4.378247ms
Round took 5.599001ms
Round took 5.290197ms
Round took 4.678261ms
Round took 5.517766ms
Round took 5.353409ms
Round took 4.421391ms
Round took 5.201003ms
Round took 4.577493ms
Round took 6.206444ms
Round took 3.896993ms
Round took 5.182781ms
Round took 6.258453ms
Round took 4.394239ms
Round took 5.171204ms
Round took 4.672658ms
Round took 5.270638ms
Round took 4.835268ms
Round took 4.954053ms
Round took 6.767166ms
Round took 4.334275ms
Round took 5.763813ms
Round took 4.033636ms
Round took 5.046098ms
Round took 5.278408ms
Round took 4.577243ms
Round took 5.748277ms
Round took 4.644592ms
Round took 5.136261ms
Round took 5.252766ms
Round took 4.615692ms
Round took 5.35181ms
Round took 4.086997ms
Round took 5.277984ms
Round took 5.016592ms
Round took 5.431392ms
Round took 4.669263ms
Round took 5.935806ms
Round took 4.970079ms
Round took 4.843227ms
Round took 4.975966ms
Round took 5.629031ms
Round took 4.903875ms
Round took 5.074425ms
Round took 5.547524ms
Round took 7.215077ms
Round took 4.655588ms
Round took 5.164387ms
Round took 4.96213ms
Round took 5.128115ms
Round took 5.071774ms
Round took 4.980713ms
Round took 5.331552ms
Round took 5.162308ms
Round took 4.963529ms
Round took 4.920313ms
Round took 6.010869ms
Round took 4.544269ms
Round took 4.916139ms
Round took 5.019144ms
Round took 5.355749ms
Round took 4.710329ms
Round took 5.064121ms
Round took 5.407544ms
Round took 4.958441ms
Round took 5.015651ms
Round took 4.936082ms
Round took 5.009594ms
Round took 5.443729ms
Round took 4.895486ms
Round took 5.274257ms
Round took 5.187584ms
Round took 5.42633ms
Round took 5.011067ms
Round took 5.368377ms
Round took 4.765028ms
Round took 5.13413ms
Round took 5.015563ms
Round took 6.364446ms
Round took 3.879695ms
Round took 5.132684ms
Round took 4.714558ms
Round took 6.619861ms
Round took 5.179656ms
Round took 4.261061ms
Round took 5.810311ms
Round took 4.93253ms
Round took 4.616333ms
Round took 4.965133ms
Round took 6.199959ms
Round took 4.006946ms
Round took 5.441161ms
Round took 4.893862ms
Round took 5.328725ms
Round took 4.956698ms
Round took 5.407038ms
Round took 5.886198ms
Round took 3.998545ms
Round took 5.19317ms
Round took 4.953357ms
Round took 5.910087ms
Round took 4.268717ms
Round took 5.324552ms
Round took 5.495487ms
Round took 5.616166ms
Round took 4.2665ms
Round took 4.69799ms
Round took 5.384609ms
Round took 4.683813ms
Round took 5.050694ms
Round took 5.955249ms
Round took 5.945249ms
Round took 5.156609ms
Round took 4.711717ms
Round took 4.788214ms
Round took 4.282584ms
Round took 4.692868ms
Round took 4.788125ms
Round took 4.94366ms
Round took 4.926952ms
Round took 5.12167ms
Round took 5.829146ms
Round took 5.011846ms
Round took 5.108291ms
Round took 5.027675ms
Round took 5.180712ms
Round took 4.577776ms
Round took 4.882087ms
Round took 5.33196ms
Round took 5.43939ms
Round took 5.226348ms
Round took 5.058436ms
Round took 4.550898ms
Round took 5.083653ms
Round took 5.331131ms
Round took 4.945889ms
Round took 5.388933ms
Round took 5.243381ms
Round took 4.236778ms
Round took 5.92153ms
Round took 3.92345ms
Round took 5.743153ms
Round took 5.007774ms
Round took 5.24439ms
Round took 4.864888ms
Round took 4.839273ms
Round took 5.572744ms
Round took 5.104347ms
Round took 5.005471ms
Round took 4.722607ms
Round took 5.184631ms
Round took 8.230064ms
Round took 4.222562ms
Round took 4.936229ms
Round took 6.01476ms
Round took 4.300168ms
Round took 5.101147ms
Round took 4.836589ms
Round took 6.876977ms
Round took 4.785235ms
Round took 5.098686ms
Round took 4.75496ms
Round took 3.57791ms
Round took 5.354455ms
Round took 4.573483ms
Round took 6.287723ms
Round took 4.919998ms
Round took 4.847374ms
Round took 5.147293ms
Round took 3.976018ms
Round took 5.444231ms
Round took 4.837869ms
Round took 5.444498ms
Round took 5.235642ms
Round took 4.623042ms
Round took 5.392232ms
Round took 4.619517ms
Round took 5.479027ms
Round took 4.990951ms
Round took 5.286944ms
Round took 5.401642ms
Round took 4.431255ms
Round took 5.26296ms
Round took 5.897213ms
Round took 5.045265ms
Round took 4.442387ms
Round took 5.477029ms
Round took 5.434312ms
Round took 4.628713ms
Round took 5.353616ms
Round took 4.181628ms
Round took 6.145955ms
Round took 4.542288ms
Round took 4.933062ms
Round took 6.382325ms
Round took 4.641379ms
Round took 5.798588ms
Round took 3.74837ms
Round took 5.259295ms
Round took 4.744745ms
Round took 5.144217ms
Round took 5.860214ms
Round took 4.940997ms
Round took 4.779536ms
Round took 5.249458ms
Round took 5.965298ms
Round took 6.736538ms
Round took 4.742282ms
Round took 4.851397ms
Round took 5.482096ms
Round took 4.853475ms
Round took 5.524768ms
Round took 4.865977ms
Round took 4.766391ms
Round took 5.170224ms
Round took 5.011402ms
Round took 5.045668ms
Round took 6.417334ms
Round took 4.967306ms
Round took 7.236189ms
Round took 4.08748ms
Round took 5.862683ms
Round took 4.541685ms
Round took 5.150303ms
Round took 4.798411ms
Round took 6.324901ms
Round took 6.235503ms
Round took 5.486691ms
Round took 5.008655ms
Round took 4.571597ms
Round took 5.694847ms
Round took 4.618478ms
Round took 5.354972ms
Round took 4.85813ms
Round took 5.099885ms
Round took 5.983401ms
Round took 4.70805ms
Round took 5.942171ms
Round took 4.583918ms
Round took 5.317009ms
Round took 4.872249ms
Round took 5.519567ms
Round took 5.29018ms
Round took 4.443153ms
Round took 6.71156ms
Round took 4.128399ms
Round took 5.09521ms
Round took 4.94051ms
Round took 5.025444ms
Round took 4.972581ms
Round took 4.935332ms
Round took 5.856412ms
Round took 4.807087ms
Round took 5.188139ms
Round took 5.095913ms
Round took 5.850132ms
Round took 4.367847ms
Round took 4.903416ms
Round took 5.915272ms
Round took 4.117743ms
Round took 4.933735ms
Round took 5.903287ms
Round took 5.897589ms
Round took 7.082128ms
Round took 4.610803ms
Round took 5.08654ms
Round took 5.290152ms
Round took 5.109814ms
Round took 4.933587ms
Round took 6.196426ms
Round took 6.199583ms
Round took 4.396674ms
Round took 4.482439ms
Round took 3.884087ms
Round took 6.317514ms
Round took 5.242008ms
Round took 6.112822ms
Round took 4.911553ms
Round took 5.984936ms
Round took 3.283946ms
Round took 6.642981ms
Round took 4.264197ms
Round took 4.941877ms
Round took 5.52809ms
Round took 4.612747ms
Round took 4.90539ms
Round took 5.157454ms
Round took 5.392133ms
Round took 4.676863ms
Round took 5.15296ms
Round took 6.03181ms
Round took 4.625155ms
Round took 4.613254ms
Round took 4.676856ms
Round took 5.987063ms
Round took 4.90439ms
Round took 4.980292ms
Round took 7.302545ms
Round took 6.962997ms
Round took 4.869402ms
Round took 4.948719ms
Round took 5.127863ms
Round took 5.48534ms
Round took 3.804883ms
Round took 5.282544ms
Round took 5.276938ms
Round took 5.651693ms
Round took 4.431324ms
Round took 6.862597ms
Round took 6.504963ms
Round took 4.211047ms
Round took 4.77144ms
Round took 4.727899ms
Round took 4.770117ms
Round took 3.50036ms
Round took 5.270005ms
Round took 6.876486ms
Round took 4.571188ms
Round took 5.219789ms
Round took 7.075842ms
Round took 6.375353ms
Round took 5.413777ms
Round took 4.694078ms
Round took 5.617033ms
Round took 4.488625ms
Round took 5.038411ms
Round took 5.584299ms
Round took 4.962251ms
Round took 5.021348ms
Round took 4.828927ms
Round took 4.954476ms
Round took 5.136118ms
Round took 5.166372ms
Round took 5.837044ms
Round took 4.355079ms
Round took 5.289489ms
Round took 4.794597ms
Round took 5.153559ms
Round took 5.092971ms
Round took 4.759604ms
Round took 5.071663ms
Round took 7.255565ms
Round took 4.775489ms
Round took 4.117549ms
Round took 6.122711ms
Round took 4.296801ms
Round took 5.380889ms
Round took 5.874812ms
Round took 4.803639ms
Round took 5.398813ms
Round took 4.515186ms
Round took 5.445957ms
Round took 4.813155ms
Round took 5.328889ms
Round took 5.324966ms
Round took 4.984979ms
Round took 4.647405ms
Round took 5.486713ms
Round took 5.716695ms
Round took 4.551842ms
Round took 4.890716ms
Round took 5.525989ms
Round took 4.19491ms
Round took 7.231731ms
Round took 6.93092ms
Round took 5.633518ms
Round took 4.180517ms
Test took 5.234073345s
Successful: 10000
