Uniform distribution
2021/04/16 21:40:47 The leader is replica 0
Round took 6.673085ms
Round took 6.434253ms
Round took 6.663649ms
Round took 6.952761ms
Round took 6.302974ms
Round took 4.060021ms
Round took 5.633915ms
Round took 5.386483ms
Round took 5.987427ms
Round took 6.20225ms
Round took 4.524527ms
Round took 3.700295ms
Round took 4.911838ms
Round took 5.168142ms
Round took 5.308379ms
Round took 5.565811ms
Round took 5.047075ms
Round took 5.406503ms
Round took 4.756943ms
Round took 4.965555ms
Round took 5.195022ms
Round took 5.155202ms
Round took 5.614132ms
Round took 4.731505ms
Round took 4.968865ms
Round took 4.407741ms
Round took 5.39543ms
Round took 4.961974ms
Round took 5.386313ms
Round took 5.598883ms
Round took 4.421283ms
Round took 6.096207ms
Round took 3.568784ms
Round took 5.342674ms
Round took 4.422998ms
Round took 4.920934ms
Round took 6.461103ms
Round took 6.646647ms
Round took 7.293526ms
Round took 7.225975ms
Round took 4.275898ms
Round took 3.986934ms
Round took 7.000845ms
Round took 5.876956ms
Round took 6.088957ms
Round took 4.515703ms
Round took 5.761217ms
Round took 4.502069ms
Round took 5.101015ms
Round took 4.31053ms
Round took 6.503926ms
Round took 5.526712ms
Round took 5.078228ms
Round took 5.496114ms
Round took 3.594954ms
Round took 3.683016ms
Round took 5.813987ms
Round took 5.206109ms
Round took 5.545662ms
Round took 4.983444ms
Round took 4.700043ms
Round took 5.106042ms
Round took 5.359433ms
Round took 4.567718ms
Round took 5.244448ms
Round took 5.923303ms
Round took 6.282306ms
Round took 5.227434ms
Round took 4.101046ms
Round took 4.967015ms
Round took 5.194401ms
Round took 5.318661ms
Round took 5.192023ms
Round took 5.024705ms
Round took 4.760787ms
Round took 5.129281ms
Round took 4.769083ms
Round took 5.01851ms
Round took 5.021283ms
Round took 4.945632ms
Round took 4.873498ms
Round took 4.790378ms
Round took 4.901728ms
Round took 5.95204ms
Round took 4.730947ms
Round took 5.182985ms
Round took 4.66514ms
Round took 5.469549ms
Round took 4.863248ms
Round took 4.84717ms
Round took 5.601336ms
Round took 4.714091ms
Round took 4.785944ms
Round took 5.015443ms
Round took 5.587058ms
Round took 5.103258ms
Round took 5.01805ms
Round took 5.384822ms
Round took 5.364402ms
Round took 4.58938ms
Round took 4.994277ms
Round took 4.728073ms
Round took 5.441244ms
Round took 4.978069ms
Round took 4.829793ms
Round took 5.93347ms
Round took 5.190019ms
Round took 4.512897ms
Round took 4.321028ms
Round took 5.227938ms
Round took 5.695655ms
Round took 5.036878ms
Round took 6.069739ms
Round took 3.547591ms
Round took 5.121163ms
Round took 5.052191ms
Round took 5.568357ms
Round took 4.87555ms
Round took 5.017846ms
Round took 4.861605ms
Round took 5.540836ms
Round took 4.928356ms
Round took 4.533178ms
Round took 5.007243ms
Round took 5.448889ms
Round took 4.853585ms
Round took 5.218225ms
Round took 4.502561ms
Round took 5.446393ms
Round took 5.36661ms
Round took 5.184765ms
Round took 5.139399ms
Round took 5.601513ms
Round took 4.254696ms
Round took 4.461096ms
Round took 5.409385ms
Round took 5.122172ms
Round took 4.758129ms
Round took 4.888567ms
Round took 6.042517ms
Round took 4.180931ms
Round took 4.878088ms
Round took 4.840007ms
Round took 5.860648ms
Round took 5.602851ms
Round took 6.750109ms
Round took 5.08747ms
Round took 5.799401ms
Round took 3.834536ms
Round took 4.197056ms
Round took 4.73315ms
Round took 4.845962ms
Round took 6.5006ms
Round took 4.744086ms
Round took 4.739908ms
Round took 3.952065ms
Round took 5.993807ms
Round took 4.890472ms
Round took 4.80533ms
Round took 4.971133ms
Round took 4.528032ms
Round took 5.283405ms
Round took 4.724688ms
Round took 4.923022ms
Round took 4.471831ms
Round took 5.160205ms
Round took 4.919637ms
Round took 4.972988ms
Round took 5.321978ms
Round took 5.268388ms
Round took 5.25282ms
Round took 4.379135ms
Round took 5.130065ms
Round took 5.600817ms
Round took 4.318167ms
Round took 5.500737ms
Round took 5.216636ms
Round took 4.629925ms
Round took 5.029945ms
Round took 5.290866ms
Round took 5.311741ms
Round took 5.016864ms
Round took 4.674222ms
Round took 5.181216ms
Round took 5.865838ms
Round took 4.407642ms
Round took 4.757682ms
Round took 5.98739ms
Round took 4.782193ms
Round took 4.769667ms
Round took 5.098853ms
Round took 5.677979ms
Round took 5.211797ms
Round took 4.927993ms
Round took 4.726696ms
Round took 5.98164ms
Round took 4.867254ms
Round took 5.618396ms
Round took 4.941783ms
Round took 5.097451ms
Round took 5.494965ms
Round took 4.879394ms
Round took 4.988098ms
Round took 5.078559ms
Round took 5.233419ms
Round took 4.924038ms
Round took 4.949346ms
Round took 4.702695ms
Round took 5.95802ms
Round took 4.252391ms
Round took 5.136096ms
Round took 4.673636ms
Round took 5.038347ms
Round took 5.482936ms
Round took 5.529293ms
Round took 4.877628ms
Round took 5.573802ms
Round took 5.011826ms
Round took 4.531043ms
Round took 4.813839ms
Round took 5.428214ms
Round took 5.47009ms
Round took 5.509401ms
Round took 4.394528ms
Round took 5.160652ms
Round took 5.001281ms
Round took 5.015281ms
Round took 5.004366ms
Round took 4.843775ms
Round took 4.510556ms
Round took 5.632855ms
Round took 4.773856ms
Round took 5.141668ms
Round took 5.146482ms
Round took 4.9493ms
Round took 6.199179ms
Round took 4.101617ms
Round took 5.696335ms
Round took 4.351987ms
Round took 5.271261ms
Round took 4.880121ms
Round took 5.729165ms
Round took 5.60711ms
Round took 4.54097ms
Round took 5.750056ms
Round took 4.259686ms
Round took 5.070388ms
Round took 4.822494ms
Round took 5.467653ms
Round took 5.501872ms
Round took 4.506548ms
Round took 5.607382ms
Round took 4.522669ms
Round took 5.203981ms
Round took 4.578606ms
Round took 5.885254ms
Round took 4.855776ms
Round took 3.928227ms
Round took 6.255289ms
Round took 6.374593ms
Round took 4.88206ms
Round took 4.277786ms
Round took 4.141409ms
Round took 5.10085ms
Round took 5.45599ms
Round took 4.710576ms
Round took 5.884785ms
Round took 4.419185ms
Round took 5.321409ms
Round took 4.50704ms
Round took 5.743608ms
Round took 4.528704ms
Round took 4.655776ms
Round took 4.955013ms
Round took 5.322549ms
Round took 5.274339ms
Round took 4.870382ms
Round took 6.534726ms
Round took 4.760558ms
Round took 4.149822ms
Round took 4.635756ms
Round took 4.976524ms
Round took 5.770823ms
Round took 4.709298ms
Round took 4.959318ms
Round took 5.405239ms
Round took 4.881371ms
Round took 4.694155ms
Round took 5.198998ms
Round took 5.765707ms
Round took 4.414803ms
Round took 5.347978ms
Round took 4.523135ms
Round took 5.337905ms
Round took 4.816177ms
Round took 5.060727ms
Round took 6.038602ms
Round took 4.571845ms
Round took 4.670317ms
Round took 4.661709ms
Round took 4.774308ms
Round took 5.625231ms
Round took 4.864204ms
Round took 4.730219ms
Round took 5.373121ms
Round took 5.232436ms
Round took 4.974138ms
Round took 6.068514ms
Round took 4.781056ms
Round took 4.879411ms
Round took 5.183109ms
Round took 5.002783ms
Round took 4.86996ms
Round took 5.745162ms
Round took 5.719683ms
Round took 4.860715ms
Round took 4.894009ms
Round took 5.665789ms
Round took 4.481417ms
Round took 4.616823ms
Round took 4.405591ms
Round took 5.585695ms
Round took 5.278194ms
Round took 5.654339ms
Round took 4.356793ms
Round took 5.85648ms
Round took 4.704233ms
Round took 4.419089ms
Round took 5.474804ms
Round took 5.126788ms
Round took 4.469555ms
Round took 4.986558ms
Round took 5.524322ms
Round took 5.025779ms
Round took 5.432602ms
Round took 4.455727ms
Round took 4.820335ms
Round took 5.282142ms
Round took 5.502909ms
Round took 5.179009ms
Round took 5.368197ms
Round took 4.794381ms
Round took 4.920532ms
Round took 5.684852ms
Round took 4.73182ms
Round took 4.704312ms
Round took 4.755283ms
Round took 4.494321ms
Round took 5.691361ms
Round took 4.680339ms
Round took 5.136845ms
Round took 4.918217ms
Round took 5.765884ms
Round took 4.559221ms
Round took 4.984603ms
Round took 5.614486ms
Round took 4.664164ms
Round took 5.125575ms
Round took 4.33946ms
Round took 5.898044ms
Round took 4.775431ms
Round took 4.9877ms
Round took 4.630217ms
Round took 5.646721ms
Round took 4.693999ms
Round took 4.36502ms
Round took 5.647659ms
Round took 5.232709ms
Round took 5.009222ms
Round took 5.213685ms
Round took 4.595096ms
Round took 5.386795ms
Round took 5.194952ms
Round took 4.960948ms
Round took 5.972738ms
Round took 3.791047ms
Round took 5.734369ms
Round took 4.351095ms
Round took 5.178548ms
Round took 5.544111ms
Round took 4.576095ms
Round took 5.573102ms
Round took 4.800813ms
Round took 5.463547ms
Round took 4.263192ms
Round took 5.571385ms
Round took 5.098251ms
Round took 4.90129ms
Round took 5.0562ms
Round took 5.192772ms
Round took 4.834542ms
Round took 4.669741ms
Round took 4.937383ms
Round took 5.397875ms
Round took 4.915784ms
Round took 5.122802ms
Round took 4.633811ms
Round took 5.219285ms
Round took 5.40422ms
Round took 4.853317ms
Round took 6.027209ms
Round took 4.381434ms
Round took 5.146069ms
Round took 4.687583ms
Round took 5.816872ms
Round took 5.190413ms
Round took 5.012528ms
Round took 6.7515ms
Round took 5.360387ms
Round took 5.46875ms
Round took 3.701667ms
Round took 18.406317ms
Round took 4.677532ms
Round took 5.128192ms
Round took 4.89553ms
Round took 5.323913ms
Round took 5.937536ms
Round took 5.147168ms
Round took 4.928681ms
Round took 4.465389ms
Round took 5.018206ms
Round took 5.334113ms
Round took 5.780981ms
Round took 5.377985ms
Round took 4.851173ms
Round took 3.363461ms
Round took 5.733474ms
Round took 5.432482ms
Round took 4.996165ms
Round took 4.927025ms
Round took 4.896372ms
Round took 5.603659ms
Round took 4.875171ms
Round took 4.988765ms
Round took 4.977553ms
Round took 4.758244ms
Round took 5.281872ms
Round took 5.909147ms
Round took 4.527661ms
Round took 5.021366ms
Round took 4.926065ms
Round took 4.841293ms
Round took 5.616909ms
Round took 4.784325ms
Round took 5.671995ms
Round took 4.547902ms
Round took 5.083096ms
Round took 5.37645ms
Round took 5.441445ms
Round took 4.853048ms
Round took 4.706607ms
Round took 4.578359ms
Round took 6.155622ms
Round took 4.219204ms
Round took 4.993542ms
Round took 4.42318ms
Round took 6.435235ms
Round took 5.025562ms
Round took 4.317976ms
Round took 4.541727ms
Round took 5.366825ms
Round took 4.947148ms
Round took 4.87071ms
Round took 6.002876ms
Round took 4.407881ms
Round took 5.09603ms
Round took 4.37772ms
Round took 5.121045ms
Round took 5.042083ms
Round took 5.226369ms
Round took 5.095735ms
Round took 5.575414ms
Round took 4.824932ms
Round took 4.608783ms
Round took 5.181254ms
Round took 5.43009ms
Round took 4.894544ms
Round took 5.166414ms
Round took 4.663203ms
Round took 4.973767ms
Round took 5.370329ms
Round took 4.771714ms
Round took 5.497142ms
Round took 4.857984ms
Round took 4.823204ms
Round took 4.907355ms
Round took 5.420628ms
Round took 5.917752ms
Round took 4.5336ms
Round took 5.44933ms
Round took 4.945563ms
Round took 5.097059ms
Round took 4.49395ms
Round took 6.292321ms
Round took 3.533289ms
Round took 5.300748ms
Round took 4.571713ms
Round took 6.169933ms
Round took 4.246885ms
Round took 4.807613ms
Round took 5.34617ms
Round took 5.451735ms
Round took 4.824162ms
Round took 5.000081ms
Round took 5.493116ms
Round took 4.609441ms
Round took 5.127232ms
Round took 4.806843ms
Round took 5.671132ms
Round took 5.073022ms
Round took 4.330158ms
Round took 5.240784ms
Round took 5.61113ms
Round took 5.174993ms
Round took 4.671243ms
Round took 5.497757ms
Round took 4.737166ms
Round took 5.552368ms
Round took 4.410304ms
Round took 5.738349ms
Round took 4.821131ms
Round took 4.497096ms
Round took 5.12935ms
Round took 5.336122ms
Round took 4.88873ms
Round took 4.668939ms
Round took 5.186054ms
Round took 5.291996ms
Round took 4.741447ms
Round took 5.288407ms
Round took 4.907649ms
Round took 5.988104ms
Round took 4.378889ms
Round took 5.81721ms
Round took 5.174071ms
Round took 4.462313ms
Round took 4.631283ms
Round took 4.911478ms
Round took 5.35201ms
Round took 4.450546ms
Round took 5.039786ms
Round took 4.889272ms
Round took 5.05621ms
Round took 5.05629ms
Round took 4.844197ms
Round took 6.235623ms
Round took 4.607647ms
Round took 4.948085ms
Round took 5.346328ms
Round took 4.785357ms
Round took 5.030772ms
Round took 4.493336ms
Round took 5.32274ms
Round took 5.099473ms
Round took 5.378234ms
Round took 4.547651ms
Round took 5.317934ms
Round took 5.027827ms
Round took 5.324775ms
Round took 4.787495ms
Round took 6.010313ms
Round took 4.77557ms
Round took 4.661481ms
Round took 6.304323ms
Round took 4.857153ms
Round took 4.236478ms
Round took 5.445789ms
Round took 5.165142ms
Round took 4.800797ms
Round took 5.226757ms
Round took 4.678552ms
Round took 5.897661ms
Round took 5.158922ms
Round took 5.103108ms
Round took 5.534562ms
Round took 4.429416ms
Round took 5.097958ms
Round took 4.561463ms
Round took 5.754017ms
Round took 5.032676ms
Round took 4.924293ms
Round took 5.591497ms
Round took 5.422948ms
Round took 4.548526ms
Round took 4.970952ms
Round took 5.090403ms
Round took 5.603476ms
Round took 4.552001ms
Round took 5.488215ms
Round took 4.753545ms
Round took 4.692733ms
Round took 5.138056ms
Round took 4.552213ms
Round took 5.330182ms
Round took 5.340599ms
Round took 4.412984ms
Round took 5.493147ms
Round took 5.279432ms
Round took 4.637409ms
Round took 5.296732ms
Round took 5.663669ms
Round took 4.289118ms
Round took 5.218284ms
Round took 4.70788ms
Round took 6.278566ms
Round took 3.861077ms
Round took 5.192434ms
Round took 5.839633ms
Round took 4.724639ms
Round took 5.159693ms
Round took 4.785482ms
Round took 5.321245ms
Round took 4.901474ms
Round took 4.929746ms
Round took 5.781848ms
Round took 5.122155ms
Round took 5.538757ms
Round took 4.116732ms
Round took 5.249683ms
Round took 5.529361ms
Round took 4.553883ms
Round took 5.812888ms
Round took 4.410986ms
Round took 5.412601ms
Round took 5.028753ms
Round took 6.489079ms
Round took 4.827929ms
Round took 4.054512ms
Round took 5.663919ms
Round took 4.473423ms
Round took 5.177534ms
Round took 4.67929ms
Round took 5.965731ms
Round took 4.439052ms
Round took 4.5451ms
Round took 4.92673ms
Round took 5.653849ms
Round took 4.874491ms
Round took 5.051519ms
Round took 5.31257ms
Round took 5.286883ms
Round took 5.110989ms
Round took 4.522894ms
Round took 5.425084ms
Round took 4.847968ms
Round took 4.655505ms
Round took 5.178998ms
Round took 5.351377ms
Round took 5.281383ms
Round took 4.594779ms
Round took 5.074456ms
Round took 5.491764ms
Round took 5.478108ms
Round took 4.592385ms
Round took 4.794338ms
Round took 5.634803ms
Round took 5.028114ms
Round took 4.656243ms
Round took 5.585453ms
Round took 5.908572ms
Round took 4.105549ms
Round took 5.03001ms
Round took 4.736336ms
Round took 4.880207ms
Round took 4.652414ms
Round took 4.931754ms
Round took 6.003083ms
Round took 4.37387ms
Round took 4.748672ms
Round took 5.06739ms
Round took 5.313244ms
Round took 4.738745ms
Round took 5.039355ms
Round took 4.97028ms
Round took 5.832445ms
Round took 3.924508ms
Round took 5.164738ms
Round took 4.780822ms
Round took 6.569454ms
Round took 5.119725ms
Round took 4.299543ms
Round took 5.787908ms
Round took 4.80531ms
Round took 4.371908ms
Round took 4.96035ms
Round took 5.561582ms
Round took 4.682942ms
Round took 5.293714ms
Round took 4.737685ms
Round took 5.440548ms
Round took 5.005782ms
Round took 5.165003ms
Round took 6.127535ms
Round took 3.975787ms
Round took 5.121552ms
Round took 4.985084ms
Round took 5.101098ms
Round took 5.349731ms
Round took 5.051291ms
Round took 5.554195ms
Round took 5.558584ms
Round took 4.256464ms
Round took 4.789907ms
Round took 5.640284ms
Round took 5.174471ms
Round took 4.271677ms
Round took 5.211429ms
Round took 5.958119ms
Round took 4.96692ms
Round took 5.945876ms
Round took 4.529486ms
Round took 4.136251ms
Round took 4.961743ms
Round took 4.358143ms
Round took 5.223954ms
Round took 5.032555ms
Round took 5.065701ms
Round took 5.287668ms
Round took 5.290105ms
Round took 5.03791ms
Round took 4.658077ms
Round took 5.314826ms
Round took 5.126187ms
Round took 4.641599ms
Round took 4.518998ms
Round took 5.014883ms
Round took 5.888242ms
Round took 4.363319ms
Round took 5.02043ms
Round took 5.43848ms
Round took 5.06947ms
Round took 4.702224ms
Round took 5.027462ms
Round took 5.704842ms
Round took 4.350438ms
Round took 5.490911ms
Round took 4.716796ms
Round took 5.58994ms
Round took 4.73388ms
Round took 4.923983ms
Round took 5.150212ms
Round took 5.161292ms
Round took 5.028689ms
Round took 5.321567ms
Round took 5.621ms
Round took 4.857113ms
Round took 4.646758ms
Round took 5.078706ms
Round took 6.115431ms
Round took 4.047523ms
Round took 5.017379ms
Round took 5.13965ms
Round took 4.988773ms
Round took 5.098454ms
Round took 4.816479ms
Round took 5.755762ms
Round took 5.86114ms
Round took 4.717792ms
Round took 5.070925ms
Round took 4.685535ms
Round took 4.631342ms
Round took 4.295742ms
Round took 5.231818ms
Round took 5.890086ms
Round took 4.706641ms
Round took 4.809734ms
Round took 4.643828ms
Round took 5.475708ms
Round took 4.802027ms
Round took 5.047099ms
Round took 5.610142ms
Round took 4.641834ms
Round took 5.369952ms
Round took 4.480558ms
Round took 5.764324ms
Round took 4.875482ms
Round took 5.282509ms
Round took 5.335172ms
Round took 4.469781ms
Round took 5.29827ms
Round took 5.089352ms
Round took 5.852908ms
Round took 4.425733ms
Round took 5.201639ms
Round took 5.63743ms
Round took 4.576799ms
Round took 5.323903ms
Round took 4.351868ms
Round took 6.0652ms
Round took 4.455184ms
Round took 4.606236ms
Round took 4.931708ms
Round took 5.579677ms
Round took 4.982927ms
Round took 4.307513ms
Round took 5.119463ms
Round took 5.524061ms
Round took 4.968506ms
Round took 5.102279ms
Round took 5.833271ms
Round took 4.272725ms
Round took 5.036468ms
Round took 4.699496ms
Round took 4.988129ms
Round took 6.160739ms
Round took 4.750228ms
Round took 4.734735ms
Round took 5.501271ms
Round took 4.725967ms
Round took 5.540082ms
Round took 5.374651ms
Round took 4.280924ms
Round took 5.072978ms
Round took 4.967688ms
Round took 5.019292ms
Round took 5.127799ms
Round took 4.696903ms
Round took 5.031874ms
Round took 5.366197ms
Round took 5.116121ms
Round took 4.930973ms
Round took 5.431014ms
Round took 4.814183ms
Round took 5.567737ms
Round took 4.243306ms
Round took 6.074107ms
Round took 4.982686ms
Round took 5.028696ms
Round took 4.670573ms
Round took 5.806166ms
Round took 4.09747ms
Round took 5.26671ms
Round took 4.737936ms
Round took 5.14979ms
Round took 5.870246ms
Round took 4.761404ms
Round took 5.85741ms
Round took 3.884105ms
Round took 5.253076ms
Round took 4.936793ms
Round took 5.543737ms
Round took 5.17187ms
Round took 4.493548ms
Round took 5.137181ms
Round took 5.186235ms
Round took 4.933762ms
Round took 4.844655ms
Round took 5.263947ms
Round took 5.106997ms
Round took 4.91629ms
Round took 5.372698ms
Round took 5.072271ms
Round took 5.006489ms
Round took 4.713251ms
Round took 4.929471ms
Round took 5.530617ms
Round took 4.880695ms
Round took 4.828871ms
Round took 4.879559ms
Round took 6.441411ms
Round took 5.09613ms
Round took 4.944575ms
Round took 5.69489ms
Round took 5.402191ms
Round took 4.660366ms
Round took 5.363435ms
Round took 4.754279ms
Round took 4.937445ms
Round took 4.998665ms
Round took 6.727066ms
Round took 6.70037ms
Round took 4.638629ms
Round took 3.858978ms
Round took 3.528499ms
Round took 5.235234ms
Round took 5.234103ms
Round took 6.12376ms
Round took 4.936342ms
Round took 5.919778ms
Round took 4.214916ms
Round took 5.810068ms
Round took 4.885675ms
Round took 4.83794ms
Round took 5.443995ms
Round took 4.626885ms
Round took 4.855851ms
Round took 5.120679ms
Round took 5.339613ms
Round took 4.724293ms
Round took 5.373361ms
Round took 5.832251ms
Round took 4.609728ms
Round took 4.618405ms
Round took 4.630219ms
Round took 5.558322ms
Round took 4.879984ms
Round took 4.963567ms
Round took 5.616628ms
Round took 6.42583ms
Round took 4.880492ms
Round took 5.047039ms
Round took 5.103834ms
Round took 5.208074ms
Round took 4.561754ms
Round took 4.008677ms
Round took 5.913971ms
Round took 3.996613ms
Round took 6.101836ms
Round took 4.512986ms
Round took 8.302227ms
Round took 4.391676ms
Round took 4.396208ms
Round took 4.629194ms
Round took 4.765788ms
Round took 4.239423ms
Round took 3.558827ms
Round took 5.816965ms
Round took 5.213879ms
Round took 4.614897ms
Round took 5.198714ms
Round took 5.228753ms
Round took 3.591564ms
Round took 5.759456ms
Round took 6.129467ms
Round took 4.096814ms
Round took 5.138384ms
Round took 4.625687ms
Round took 5.257218ms
Round took 5.605734ms
Round took 4.155452ms
Round took 5.030053ms
Round took 5.237853ms
Round took 4.48913ms
Round took 5.206593ms
Round took 5.301586ms
Round took 5.780454ms
Round took 4.307963ms
Round took 5.353178ms
Round took 4.674867ms
Round took 5.226155ms
Round took 5.102281ms
Round took 4.783078ms
Round took 6.205152ms
Round took 4.505213ms
Round took 4.348644ms
Round took 4.505499ms
Round took 6.061204ms
Round took 4.325369ms
Round took 5.287247ms
Round took 4.92671ms
Round took 5.320965ms
Round took 5.110519ms
Round took 4.684605ms
Round took 6.143323ms
Round took 4.697011ms
Round took 5.205963ms
Round took 5.367421ms
Round took 4.676207ms
Round took 4.777834ms
Round took 4.732028ms
Round took 5.48702ms
Round took 5.357605ms
Round took 4.935874ms
Round took 4.724324ms
Round took 4.25658ms
Round took 6.323941ms
Round took 4.901377ms
Round took 6.05125ms
Round took 5.504982ms
Round took 4.145281ms
Round took 4.496968ms
Round took 4.735776ms
Round took 5.708517ms
Round took 4.726555ms
Round took 5.153278ms
Round took 6.48189ms
Round took 4.357684ms
Round took 5.130679ms
Round took 5.041453ms
Round took 4.966434ms
Round took 5.202903ms
Round took 4.877818ms
Round took 5.692122ms
Round took 4.636567ms
Round took 5.603062ms
Round took 5.029643ms
Round took 4.358801ms
Round took 5.149647ms
Round took 5.171478ms
Round took 5.811554ms
Round took 4.526452ms
Round took 5.003455ms
Round took 4.990718ms
Round took 4.912874ms
Round took 5.236306ms
Round took 5.165569ms
Round took 4.818097ms
Round took 5.153963ms
Round took 5.18403ms
Round took 5.091849ms
Test took 5.118944858s
Successful: 10000
