Uniform distribution
2021/04/16 21:40:47 The leader is replica 0
Round took 6.429943ms
Round took 6.679725ms
Round took 6.969196ms
Round took 6.514417ms
Round took 4.010354ms
Round took 5.678751ms
Round took 5.193259ms
Round took 6.611219ms
Round took 6.356283ms
Round took 4.494117ms
Round took 3.797607ms
Round took 4.963126ms
Round took 5.205723ms
Round took 5.323401ms
Round took 5.541132ms
Round took 4.957885ms
Round took 5.402151ms
Round took 4.887902ms
Round took 4.979027ms
Round took 5.322164ms
Round took 4.995765ms
Round took 5.693683ms
Round took 4.692801ms
Round took 4.928904ms
Round took 4.423551ms
Round took 5.386563ms
Round took 4.932475ms
Round took 5.40402ms
Round took 5.528643ms
Round took 4.394458ms
Round took 6.11361ms
Round took 3.655777ms
Round took 5.272997ms
Round took 4.427926ms
Round took 4.925079ms
Round took 6.560571ms
Round took 6.717142ms
Round took 8.300586ms
Round took 6.568314ms
Round took 4.05375ms
Round took 4.031254ms
Round took 6.995845ms
Round took 6.276716ms
Round took 5.845783ms
Round took 4.56879ms
Round took 5.779063ms
Round took 4.488488ms
Round took 5.177758ms
Round took 4.392148ms
Round took 7.196117ms
Round took 4.813044ms
Round took 5.623089ms
Round took 4.881264ms
Round took 3.618342ms
Round took 3.910047ms
Round took 5.775489ms
Round took 5.74951ms
Round took 5.051691ms
Round took 4.959051ms
Round took 4.665508ms
Round took 5.834146ms
Round took 5.403816ms
Round took 4.048947ms
Round took 5.673889ms
Round took 7.060644ms
Round took 5.239262ms
Round took 4.850469ms
Round took 5.90608ms
Round took 5.285928ms
Round took 4.68437ms
Round took 5.130272ms
Round took 5.231897ms
Round took 4.803355ms
Round took 4.980443ms
Round took 5.118994ms
Round took 5.094885ms
Round took 5.246238ms
Round took 4.668274ms
Round took 5.292088ms
Round took 5.064718ms
Round took 4.978032ms
Round took 5.410169ms
Round took 5.595299ms
Round took 5.037861ms
Round took 4.719674ms
Round took 4.85247ms
Round took 5.801719ms
Round took 5.140613ms
Round took 5.45678ms
Round took 4.752754ms
Round took 4.905647ms
Round took 5.019544ms
Round took 5.00751ms
Round took 5.635816ms
Round took 4.937737ms
Round took 5.086758ms
Round took 5.563201ms
Round took 4.508327ms
Round took 4.878062ms
Round took 4.844404ms
Round took 5.549129ms
Round took 4.887899ms
Round took 4.75318ms
Round took 5.273483ms
Round took 5.670996ms
Round took 4.124276ms
Round took 4.312405ms
Round took 5.205176ms
Round took 5.827802ms
Round took 4.994303ms
Round took 5.048432ms
Round took 5.024425ms
Round took 5.032714ms
Round took 4.984613ms
Round took 5.031464ms
Round took 5.343031ms
Round took 4.831157ms
Round took 4.562556ms
Round took 5.266318ms
Round took 5.554774ms
Round took 4.622319ms
Round took 4.899965ms
Round took 4.978651ms
Round took 5.339801ms
Round took 5.298837ms
Round took 4.518232ms
Round took 5.417346ms
Round took 5.519261ms
Round took 5.123209ms
Round took 4.698568ms
Round took 6.025192ms
Round took 4.372786ms
Round took 4.513732ms
Round took 5.3509ms
Round took 5.12762ms
Round took 4.651592ms
Round took 4.901987ms
Round took 5.125944ms
Round took 5.268008ms
Round took 5.108252ms
Round took 4.808778ms
Round took 5.826168ms
Round took 5.231069ms
Round took 6.898361ms
Round took 4.928011ms
Round took 5.042405ms
Round took 4.640161ms
Round took 3.768362ms
Round took 4.134142ms
Round took 5.890408ms
Round took 5.577299ms
Round took 5.691398ms
Round took 4.683774ms
Round took 4.040367ms
Round took 5.429863ms
Round took 4.517401ms
Round took 5.495342ms
Round took 4.912423ms
Round took 4.703456ms
Round took 5.245356ms
Round took 5.01884ms
Round took 5.380614ms
Round took 4.518967ms
Round took 4.959314ms
Round took 5.037828ms
Round took 5.102985ms
Round took 5.305055ms
Round took 5.306669ms
Round took 5.209397ms
Round took 4.324175ms
Round took 5.111913ms
Round took 5.610571ms
Round took 4.491107ms
Round took 5.548375ms
Round took 4.649982ms
Round took 5.179166ms
Round took 5.018132ms
Round took 5.333916ms
Round took 5.331115ms
Round took 5.025535ms
Round took 4.660798ms
Round took 5.190226ms
Round took 5.881609ms
Round took 4.305733ms
Round took 4.733791ms
Round took 5.248486ms
Round took 5.234404ms
Round took 4.976454ms
Round took 5.025396ms
Round took 5.72478ms
Round took 5.088698ms
Round took 4.875709ms
Round took 4.659004ms
Round took 6.035749ms
Round took 4.823193ms
Round took 5.124865ms
Round took 5.465945ms
Round took 4.933582ms
Round took 5.022806ms
Round took 5.302278ms
Round took 5.06372ms
Round took 4.548765ms
Round took 4.754779ms
Round took 5.708898ms
Round took 4.982817ms
Round took 4.351717ms
Round took 5.568425ms
Round took 4.935808ms
Round took 5.191483ms
Round took 4.680134ms
Round took 4.892574ms
Round took 5.711845ms
Round took 5.439018ms
Round took 4.70281ms
Round took 5.7353ms
Round took 5.037566ms
Round took 4.352678ms
Round took 4.573353ms
Round took 5.554217ms
Round took 5.229229ms
Round took 5.024596ms
Round took 4.632451ms
Round took 5.749077ms
Round took 4.955165ms
Round took 4.819103ms
Round took 5.250846ms
Round took 5.370234ms
Round took 4.4396ms
Round took 5.333308ms
Round took 5.197935ms
Round took 4.829078ms
Round took 4.576872ms
Round took 4.803279ms
Round took 6.359093ms
Round took 4.081419ms
Round took 5.175109ms
Round took 4.830391ms
Round took 5.462629ms
Round took 4.941388ms
Round took 4.915594ms
Round took 5.904403ms
Round took 4.602008ms
Round took 5.112247ms
Round took 4.789701ms
Round took 5.439035ms
Round took 4.761308ms
Round took 5.212697ms
Round took 5.673527ms
Round took 4.460077ms
Round took 5.277227ms
Round took 4.981984ms
Round took 5.272208ms
Round took 4.554895ms
Round took 5.384267ms
Round took 4.866456ms
Round took 4.99641ms
Round took 6.260088ms
Round took 6.326983ms
Round took 4.8312ms
Round took 3.94485ms
Round took 4.109185ms
Round took 4.850038ms
Round took 5.679437ms
Round took 4.714289ms
Round took 4.773041ms
Round took 5.0349ms
Round took 5.65776ms
Round took 4.514046ms
Round took 4.980961ms
Round took 5.08225ms
Round took 5.301087ms
Round took 4.901443ms
Round took 5.332138ms
Round took 5.262941ms
Round took 4.825345ms
Round took 5.582812ms
Round took 5.906756ms
Round took 4.112303ms
Round took 4.604299ms
Round took 4.986213ms
Round took 5.018917ms
Round took 5.515007ms
Round took 4.980636ms
Round took 5.169467ms
Round took 5.174538ms
Round took 4.702345ms
Round took 5.224719ms
Round took 5.08669ms
Round took 5.130593ms
Round took 5.333541ms
Round took 4.65154ms
Round took 5.33068ms
Round took 4.878526ms
Round took 5.069001ms
Round took 5.478442ms
Round took 5.670913ms
Round took 5.144475ms
Round took 4.985008ms
Round took 5.030509ms
Round took 5.222466ms
Round took 4.977336ms
Round took 4.679413ms
Round took 5.509674ms
Round took 5.216527ms
Round took 4.937907ms
Round took 5.697801ms
Round took 4.907244ms
Round took 5.243931ms
Round took 5.644341ms
Round took 4.448123ms
Round took 4.654576ms
Round took 6.002365ms
Round took 5.53428ms
Round took 4.832851ms
Round took 4.892525ms
Round took 5.661218ms
Round took 4.032347ms
Round took 4.836539ms
Round took 4.37774ms
Round took 5.452262ms
Round took 5.341246ms
Round took 5.659677ms
Round took 4.360542ms
Round took 5.876797ms
Round took 4.7983ms
Round took 4.674016ms
Round took 6.200317ms
Round took 4.232576ms
Round took 4.315824ms
Round took 5.034898ms
Round took 6.179843ms
Round took 4.217982ms
Round took 5.453377ms
Round took 4.490072ms
Round took 4.811825ms
Round took 5.29333ms
Round took 5.489318ms
Round took 5.053634ms
Round took 5.370998ms
Round took 4.850712ms
Round took 4.890485ms
Round took 5.654296ms
Round took 4.729448ms
Round took 4.671655ms
Round took 4.727506ms
Round took 4.492886ms
Round took 5.682736ms
Round took 4.633369ms
Round took 5.167321ms
Round took 4.968974ms
Round took 5.794968ms
Round took 4.498176ms
Round took 5.03674ms
Round took 5.603023ms
Round took 4.685432ms
Round took 5.260651ms
Round took 4.311351ms
Round took 5.954864ms
Round took 5.05187ms
Round took 4.984734ms
Round took 4.668901ms
Round took 5.621694ms
Round took 4.802829ms
Round took 4.629636ms
Round took 6.04765ms
Round took 4.673634ms
Round took 4.964617ms
Round took 5.73867ms
Round took 4.623922ms
Round took 4.820041ms
Round took 5.22492ms
Round took 5.307066ms
Round took 5.581078ms
Round took 3.676424ms
Round took 5.738683ms
Round took 4.647424ms
Round took 4.999147ms
Round took 5.428556ms
Round took 4.582286ms
Round took 5.709666ms
Round took 4.699821ms
Round took 5.410017ms
Round took 4.253489ms
Round took 5.509147ms
Round took 5.03593ms
Round took 5.0736ms
Round took 5.844621ms
Round took 4.458671ms
Round took 4.773462ms
Round took 5.069348ms
Round took 5.727491ms
Round took 5.202237ms
Round took 4.83251ms
Round took 5.878479ms
Round took 4.015627ms
Round took 5.177529ms
Round took 5.476003ms
Round took 6.221296ms
Round took 4.33155ms
Round took 4.55498ms
Round took 5.878744ms
Round took 4.366017ms
Round took 5.285027ms
Round took 5.116935ms
Round took 4.939445ms
Round took 7.243754ms
Round took 5.323701ms
Round took 4.762016ms
Round took 3.582352ms
Round took 20.206811ms
Round took 3.473365ms
Round took 4.82164ms
Round took 4.844573ms
Round took 5.941105ms
Round took 6.185121ms
Round took 4.535136ms
Round took 5.619256ms
Round took 3.696503ms
Round took 4.909629ms
Round took 6.459532ms
Round took 5.342237ms
Round took 5.489619ms
Round took 4.092705ms
Round took 3.476745ms
Round took 6.240835ms
Round took 4.989147ms
Round took 5.287874ms
Round took 5.164516ms
Round took 5.174583ms
Round took 5.090819ms
Round took 5.344364ms
Round took 4.930392ms
Round took 4.328551ms
Round took 5.173967ms
Round took 5.562641ms
Round took 4.608189ms
Round took 4.509538ms
Round took 5.115448ms
Round took 5.63504ms
Round took 4.361855ms
Round took 5.531505ms
Round took 4.733274ms
Round took 5.694277ms
Round took 4.340273ms
Round took 5.069531ms
Round took 5.327956ms
Round took 5.275172ms
Round took 5.263532ms
Round took 4.706156ms
Round took 5.503084ms
Round took 5.638551ms
Round took 4.539163ms
Round took 5.415175ms
Round took 4.173259ms
Round took 7.191046ms
Round took 4.623657ms
Round took 4.475115ms
Round took 4.202946ms
Round took 4.894309ms
Round took 4.948798ms
Round took 4.821555ms
Round took 6.032851ms
Round took 4.456354ms
Round took 5.16118ms
Round took 4.069127ms
Round took 5.287012ms
Round took 4.890678ms
Round took 5.306595ms
Round took 5.765409ms
Round took 4.945155ms
Round took 4.815894ms
Round took 4.529134ms
Round took 5.562648ms
Round took 5.287031ms
Round took 4.960751ms
Round took 6.087137ms
Round took 4.192045ms
Round took 4.409219ms
Round took 5.45982ms
Round took 5.047226ms
Round took 5.155692ms
Round took 4.692953ms
Round took 4.793856ms
Round took 5.174398ms
Round took 5.190804ms
Round took 5.969165ms
Round took 4.855281ms
Round took 5.260615ms
Round took 4.911284ms
Round took 5.069887ms
Round took 5.035884ms
Round took 5.771073ms
Round took 3.877011ms
Round took 5.321272ms
Round took 5.03569ms
Round took 5.687385ms
Round took 4.24588ms
Round took 4.6737ms
Round took 5.904514ms
Round took 4.79641ms
Round took 4.817408ms
Round took 5.687334ms
Round took 4.778541ms
Round took 4.587834ms
Round took 5.15869ms
Round took 5.32098ms
Round took 5.312878ms
Round took 4.973496ms
Round took 4.429374ms
Round took 5.297089ms
Round took 5.422544ms
Round took 5.113623ms
Round took 5.250381ms
Round took 4.885257ms
Round took 4.825473ms
Round took 5.401581ms
Round took 4.629792ms
Round took 5.506654ms
Round took 4.862947ms
Round took 4.494406ms
Round took 6.012191ms
Round took 4.188042ms
Round took 4.956538ms
Round took 4.518134ms
Round took 5.438631ms
Round took 4.937477ms
Round took 4.836461ms
Round took 5.293563ms
Round took 4.884568ms
Round took 5.863639ms
Round took 4.709504ms
Round took 5.89069ms
Round took 4.956506ms
Round took 4.456976ms
Round took 4.637547ms
Round took 5.158448ms
Round took 5.123309ms
Round took 4.658607ms
Round took 5.023888ms
Round took 5.845057ms
Round took 4.931674ms
Round took 5.071355ms
Round took 5.24719ms
Round took 5.536838ms
Round took 4.360786ms
Round took 4.956724ms
Round took 5.859404ms
Round took 4.207113ms
Round took 5.107391ms
Round took 5.187019ms
Round took 5.500568ms
Round took 4.412007ms
Round took 5.425281ms
Round took 4.493837ms
Round took 5.551575ms
Round took 4.552498ms
Round took 5.587102ms
Round took 4.647941ms
Round took 5.956836ms
Round took 4.823936ms
Round took 4.675785ms
Round took 5.560108ms
Round took 5.109495ms
Round took 4.777419ms
Round took 5.503072ms
Round took 5.065247ms
Round took 4.232667ms
Round took 5.30848ms
Round took 4.593617ms
Round took 5.760272ms
Round took 5.20472ms
Round took 5.305454ms
Round took 5.349678ms
Round took 4.507615ms
Round took 5.119581ms
Round took 4.557769ms
Round took 5.151368ms
Round took 5.01033ms
Round took 4.875938ms
Round took 5.606073ms
Round took 5.363ms
Round took 4.513845ms
Round took 4.872509ms
Round took 5.327525ms
Round took 5.396625ms
Round took 4.40136ms
Round took 5.005302ms
Round took 5.246562ms
Round took 4.965242ms
Round took 5.130056ms
Round took 4.476415ms
Round took 5.423217ms
Round took 5.248009ms
Round took 4.43081ms
Round took 5.253649ms
Round took 5.569028ms
Round took 4.600648ms
Round took 5.149112ms
Round took 5.693221ms
Round took 4.215488ms
Round took 5.309099ms
Round took 4.644462ms
Round took 6.322632ms
Round took 3.825582ms
Round took 5.222396ms
Round took 5.862236ms
Round took 4.718761ms
Round took 5.162241ms
Round took 4.831089ms
Round took 5.275798ms
Round took 4.692299ms
Round took 4.927297ms
Round took 5.337681ms
Round took 5.366177ms
Round took 5.532397ms
Round took 4.247643ms
Round took 5.045793ms
Round took 5.765851ms
Round took 4.521917ms
Round took 5.499956ms
Round took 4.936828ms
Round took 5.368707ms
Round took 5.068687ms
Round took 4.952776ms
Round took 5.925047ms
Round took 4.046131ms
Round took 5.246712ms
Round took 5.123397ms
Round took 5.375483ms
Round took 4.64911ms
Round took 5.247931ms
Round took 5.312043ms
Round took 4.739824ms
Round took 4.952951ms
Round took 5.677056ms
Round took 4.926523ms
Round took 4.983955ms
Round took 5.242724ms
Round took 5.366128ms
Round took 5.100128ms
Round took 4.580698ms
Round took 5.031816ms
Round took 5.160589ms
Round took 4.677633ms
Round took 4.820321ms
Round took 4.929317ms
Round took 5.699263ms
Round took 4.62101ms
Round took 5.062087ms
Round took 4.910603ms
Round took 6.107169ms
Round took 4.58277ms
Round took 4.830895ms
Round took 6.214957ms
Round took 5.172969ms
Round took 4.681271ms
Round took 5.653495ms
Round took 6.024797ms
Round took 4.244092ms
Round took 5.088823ms
Round took 4.480214ms
Round took 4.841155ms
Round took 4.639675ms
Round took 4.969398ms
Round took 6.129913ms
Round took 4.650681ms
Round took 4.675224ms
Round took 6.386735ms
Round took 4.347176ms
Round took 4.575614ms
Round took 5.032464ms
Round took 5.685713ms
Round took 4.87324ms
Round took 4.357755ms
Round took 5.146929ms
Round took 4.881017ms
Round took 6.316443ms
Round took 5.516296ms
Round took 4.411234ms
Round took 5.295439ms
Round took 4.891995ms
Round took 4.643968ms
Round took 4.995291ms
Round took 5.641244ms
Round took 4.384402ms
Round took 6.189196ms
Round took 3.713983ms
Round took 5.285255ms
Round took 4.972644ms
Round took 5.352634ms
Round took 5.91851ms
Round took 4.033763ms
Round took 5.144273ms
Round took 4.965167ms
Round took 4.524177ms
Round took 5.565401ms
Round took 5.064092ms
Round took 5.736758ms
Round took 5.532796ms
Round took 4.295264ms
Round took 6.481724ms
Round took 6.421175ms
Round took 5.319012ms
Round took 5.140642ms
Round took 5.73991ms
Round took 5.192946ms
Round took 5.702544ms
Round took 4.709812ms
Round took 4.350035ms
Round took 5.013523ms
Round took 4.346584ms
Round took 5.328392ms
Round took 5.025277ms
Round took 5.075667ms
Round took 5.279908ms
Round took 5.253425ms
Round took 4.953647ms
Round took 4.724289ms
Round took 5.324214ms
Round took 5.055322ms
Round took 4.7249ms
Round took 4.753752ms
Round took 5.050276ms
Round took 5.818769ms
Round took 4.419788ms
Round took 5.023143ms
Round took 5.479961ms
Round took 5.142696ms
Round took 4.665652ms
Round took 5.040335ms
Round took 5.738353ms
Round took 4.373836ms
Round took 5.520561ms
Round took 4.684052ms
Round took 5.608951ms
Round took 4.712408ms
Round took 4.907934ms
Round took 5.147746ms
Round took 5.10485ms
Round took 5.097563ms
Round took 5.32913ms
Round took 5.673424ms
Round took 4.790787ms
Round took 4.686014ms
Round took 5.092704ms
Round took 6.03444ms
Round took 4.046885ms
Round took 4.984313ms
Round took 5.996041ms
Round took 4.182678ms
Round took 5.153108ms
Round took 4.954203ms
Round took 6.038372ms
Round took 5.59635ms
Round took 4.782457ms
Round took 4.972986ms
Round took 4.923502ms
Round took 4.818417ms
Round took 4.259128ms
Round took 5.334357ms
Round took 5.831765ms
Round took 4.753129ms
Round took 4.737438ms
Round took 4.577613ms
Round took 5.475342ms
Round took 4.754919ms
Round took 5.052005ms
Round took 5.601209ms
Round took 4.60472ms
Round took 5.371066ms
Round took 4.454448ms
Round took 5.737828ms
Round took 4.927331ms
Round took 5.302017ms
Round took 5.31533ms
Round took 4.458934ms
Round took 5.288208ms
Round took 5.188118ms
Round took 5.738645ms
Round took 4.472423ms
Round took 5.259947ms
Round took 5.605919ms
Round took 4.58192ms
Round took 5.353999ms
Round took 4.342563ms
Round took 6.106121ms
Round took 4.413179ms
Round took 4.816059ms
Round took 4.900124ms
Round took 5.46365ms
Round took 5.261656ms
Round took 4.454801ms
Round took 5.143796ms
Round took 5.100369ms
Round took 5.091843ms
Round took 5.149363ms
Round took 5.485977ms
Round took 4.349248ms
Round took 5.083894ms
Round took 4.77235ms
Round took 5.934555ms
Round took 5.21267ms
Round took 4.791453ms
Round took 4.737645ms
Round took 5.505307ms
Round took 4.519331ms
Round took 5.561926ms
Round took 5.434851ms
Round took 4.272913ms
Round took 5.030926ms
Round took 4.9373ms
Round took 5.50381ms
Round took 4.899873ms
Round took 4.451424ms
Round took 5.048085ms
Round took 5.35483ms
Round took 5.07925ms
Round took 4.920397ms
Round took 5.399416ms
Round took 4.840221ms
Round took 5.600918ms
Round took 4.280921ms
Round took 6.106413ms
Round took 5.013483ms
Round took 4.971774ms
Round took 4.685502ms
Round took 5.725117ms
Round took 4.11034ms
Round took 5.322727ms
Round took 4.792552ms
Round took 5.073995ms
Round took 5.931797ms
Round took 4.738415ms
Round took 5.968759ms
Round took 4.024244ms
Round took 4.894478ms
Round took 4.89118ms
Round took 5.558328ms
Round took 5.15774ms
Round took 4.498727ms
Round took 5.084579ms
Round took 5.141117ms
Round took 4.954302ms
Round took 4.787181ms
Round took 5.322487ms
Round took 5.02634ms
Round took 4.83705ms
Round took 5.288422ms
Round took 5.087771ms
Round took 5.009835ms
Round took 4.758351ms
Round took 4.968821ms
Round took 5.403528ms
Round took 4.832503ms
Round took 4.778899ms
Round took 4.893133ms
Round took 6.528397ms
Round took 4.042453ms
Round took 4.87406ms
Round took 5.743532ms
Round took 5.349118ms
Round took 4.598469ms
Round took 5.030996ms
Round took 5.26087ms
Round took 5.126654ms
Round took 4.940056ms
Round took 6.135259ms
Round took 6.243826ms
Round took 4.409176ms
Round took 4.497289ms
Round took 3.932671ms
Round took 5.253997ms
Round took 4.828032ms
Round took 5.603595ms
Round took 5.206327ms
Round took 5.668033ms
Round took 4.192702ms
Round took 6.558021ms
Round took 4.376715ms
Round took 4.864313ms
Round took 5.688557ms
Round took 4.57989ms
Round took 4.891186ms
Round took 5.152942ms
Round took 5.416792ms
Round took 4.680145ms
Round took 5.202519ms
Round took 4.95477ms
Round took 5.576116ms
Round took 4.349055ms
Round took 4.893401ms
Round took 5.520902ms
Round took 5.026936ms
Round took 4.907648ms
Round took 5.191874ms
Round took 5.476639ms
Round took 5.921894ms
Round took 5.279164ms
Round took 5.129363ms
Round took 5.161434ms
Round took 4.773955ms
Round took 3.780195ms
Round took 5.289436ms
Round took 5.743213ms
Round took 5.698946ms
Round took 4.845341ms
Round took 7.425089ms
Round took 5.40856ms
Round took 4.139094ms
Round took 4.651434ms
Round took 4.731383ms
Round took 4.492448ms
Round took 3.583392ms
Round took 5.796541ms
Round took 5.108398ms
Round took 4.272332ms
Round took 5.017937ms
Round took 7.02224ms
Round took 3.587966ms
Round took 5.756567ms
Round took 6.214947ms
Round took 4.092458ms
Round took 5.368179ms
Round took 4.714217ms
Round took 5.062939ms
Round took 5.662114ms
Round took 4.897306ms
Round took 5.290582ms
Round took 4.484999ms
Round took 4.513261ms
Round took 5.272086ms
Round took 5.409922ms
Round took 5.884021ms
Round took 4.219383ms
Round took 5.615117ms
Round took 4.312949ms
Round took 5.110927ms
Round took 5.140576ms
Round took 5.233553ms
Round took 6.079794ms
Round took 4.421056ms
Round took 5.404395ms
Round took 3.466012ms
Round took 6.148892ms
Round took 4.281328ms
Round took 5.370634ms
Round took 6.028764ms
Round took 4.69503ms
Round took 5.606016ms
Round took 4.23493ms
Round took 5.075202ms
Round took 4.51135ms
Round took 5.33982ms
Round took 5.314216ms
Round took 4.622269ms
Round took 4.797994ms
Round took 4.714225ms
Round took 5.58659ms
Round took 5.293181ms
Round took 5.030835ms
Round took 4.749406ms
Round took 5.104756ms
Round took 5.633162ms
Round took 4.661062ms
Round took 6.254597ms
Round took 5.415241ms
Round took 4.13338ms
Round took 4.442081ms
Round took 5.534431ms
Round took 5.127599ms
Round took 4.659789ms
Round took 5.409445ms
Round took 6.149309ms
Round took 4.491914ms
Round took 6.436805ms
Round took 3.588313ms
Round took 4.930361ms
Round took 5.238902ms
Round took 5.772907ms
Round took 4.653343ms
Round took 4.639043ms
Round took 6.549116ms
Round took 4.318003ms
Round took 4.325411ms
Round took 5.13699ms
Round took 5.694109ms
Round took 5.289912ms
Round took 4.694819ms
Round took 5.006672ms
Round took 5.347389ms
Round took 4.57266ms
Round took 5.251023ms
Round took 5.788721ms
Round took 5.256349ms
Round took 3.719403ms
Round took 5.147996ms
Round took 5.568685ms
Round took 5.135645ms
Round took 5.605833ms
Round took 3.631242ms
Test took 5.128394092s
Successful: 10000
