Uniform distribution
2021/04/16 21:40:47 The leader is replica 0
Round took 4.824714ms
Round took 4.797553ms
Round took 6.003373ms
Round took 7.140689ms
Round took 4.948407ms
Round took 5.453053ms
Round took 5.441935ms
Round took 4.475682ms
Round took 5.129591ms
Round took 5.074263ms
Round took 5.010169ms
Round took 5.061633ms
Round took 5.057242ms
Round took 5.136074ms
Round took 5.2785ms
Round took 5.042627ms
Round took 5.238032ms
Round took 4.458133ms
Round took 5.1415ms
Round took 5.168865ms
Round took 5.406517ms
Round took 5.033545ms
Round took 4.984027ms
Round took 5.030791ms
Round took 5.074074ms
Round took 5.01474ms
Round took 5.481778ms
Round took 5.344685ms
Round took 4.35498ms
Round took 5.147438ms
Round took 5.368093ms
Round took 4.857173ms
Round took 5.193649ms
Round took 4.974663ms
Round took 5.089968ms
Round took 5.048174ms
Round took 5.193989ms
Round took 7.01517ms
Round took 3.992578ms
Round took 5.141909ms
Round took 5.420661ms
Round took 5.256461ms
Round took 4.331272ms
Round took 5.222938ms
Round took 5.582822ms
Round took 4.484504ms
Round took 5.246765ms
Round took 4.681448ms
Round took 6.526149ms
Round took 6.36216ms
Round took 6.349459ms
Round took 5.592716ms
Round took 6.623154ms
Round took 6.875811ms
Round took 8.776768ms
Round took 3.932854ms
Round took 3.952544ms
Round took 5.833536ms
Round took 5.099761ms
Round took 4.217593ms
Round took 4.974175ms
Round took 4.883982ms
Round took 4.752359ms
Round took 5.141837ms
Round took 5.004697ms
Round took 5.240416ms
Round took 5.610397ms
Round took 5.066293ms
Round took 4.942291ms
Round took 5.337408ms
Round took 5.157126ms
Round took 4.830771ms
Round took 5.208001ms
Round took 5.62238ms
Round took 4.832414ms
Round took 4.521732ms
Round took 4.893992ms
Round took 5.448188ms
Round took 4.961913ms
Round took 5.36504ms
Round took 5.60042ms
Round took 4.29722ms
Round took 5.164339ms
Round took 4.669627ms
Round took 7.003799ms
Round took 4.37635ms
Round took 7.167496ms
Round took 6.008595ms
Round took 9.222599ms
Round took 5.840682ms
Round took 6.260545ms
Round took 3.907288ms
Round took 6.512333ms
Round took 5.671744ms
Round took 6.5396ms
Round took 4.273932ms
Round took 5.697721ms
Round took 5.145381ms
Round took 6.291744ms
Round took 4.319663ms
Round took 6.784038ms
Round took 5.327948ms
Round took 5.447257ms
Round took 5.127682ms
Round took 3.614498ms
Round took 3.762556ms
Round took 5.735695ms
Round took 5.469255ms
Round took 5.233685ms
Round took 4.983423ms
Round took 4.614266ms
Round took 5.088578ms
Round took 6.876045ms
Round took 4.143324ms
Round took 7.545588ms
Round took 6.683014ms
Round took 4.888374ms
Round took 4.418735ms
Round took 5.465295ms
Round took 5.157877ms
Round took 4.632273ms
Round took 5.139314ms
Round took 5.252258ms
Round took 4.766633ms
Round took 4.916449ms
Round took 5.176696ms
Round took 5.046707ms
Round took 5.347688ms
Round took 4.550312ms
Round took 5.26088ms
Round took 5.835579ms
Round took 4.867727ms
Round took 5.892731ms
Round took 4.938383ms
Round took 5.222813ms
Round took 4.661511ms
Round took 5.513002ms
Round took 5.485517ms
Round took 4.641688ms
Round took 6.373583ms
Round took 4.482358ms
Round took 4.710425ms
Round took 4.818009ms
Round took 5.487404ms
Round took 5.176883ms
Round took 4.99319ms
Round took 5.653604ms
Round took 5.346212ms
Round took 4.563858ms
Round took 5.710009ms
Round took 3.938919ms
Round took 4.983777ms
Round took 4.932531ms
Round took 4.988277ms
Round took 5.949595ms
Round took 5.125323ms
Round took 4.572701ms
Round took 4.201342ms
Round took 7.309201ms
Round took 6.340245ms
Round took 4.886607ms
Round took 4.88732ms
Round took 5.270301ms
Round took 5.116573ms
Round took 4.938093ms
Round took 5.058352ms
Round took 5.300997ms
Round took 4.615711ms
Round took 5.253179ms
Round took 5.495142ms
Round took 4.555054ms
Round took 4.905104ms
Round took 4.96604ms
Round took 5.376336ms
Round took 5.294477ms
Round took 4.540971ms
Round took 5.448409ms
Round took 5.472837ms
Round took 5.201774ms
Round took 4.705192ms
Round took 5.99891ms
Round took 4.364842ms
Round took 4.535204ms
Round took 5.336055ms
Round took 5.493082ms
Round took 4.386411ms
Round took 5.002286ms
Round took 5.754016ms
Round took 5.829603ms
Round took 4.868089ms
Round took 4.661962ms
Round took 5.882712ms
Round took 6.188729ms
Round took 6.29723ms
Round took 5.07312ms
Round took 5.573986ms
Round took 3.854335ms
Round took 3.452976ms
Round took 4.856735ms
Round took 4.596778ms
Round took 5.579944ms
Round took 5.766822ms
Round took 4.667653ms
Round took 4.082874ms
Round took 5.499885ms
Round took 5.452461ms
Round took 4.819365ms
Round took 4.976841ms
Round took 4.56881ms
Round took 6.460697ms
Round took 4.555047ms
Round took 5.80568ms
Round took 4.364157ms
Round took 4.986574ms
Round took 5.047582ms
Round took 5.818422ms
Round took 4.822541ms
Round took 5.031385ms
Round took 5.210924ms
Round took 5.239869ms
Round took 4.423672ms
Round took 5.524886ms
Round took 4.632437ms
Round took 5.589715ms
Round took 5.085877ms
Round took 4.077009ms
Round took 5.11787ms
Round took 5.847225ms
Round took 4.505699ms
Round took 5.051492ms
Round took 4.560791ms
Round took 5.489266ms
Round took 5.565072ms
Round took 4.310278ms
Round took 5.035273ms
Round took 5.021158ms
Round took 5.420683ms
Round took 4.502506ms
Round took 5.791657ms
Round took 4.961476ms
Round took 5.308476ms
Round took 5.052784ms
Round took 4.086258ms
Round took 5.966536ms
Round took 4.853947ms
Round took 5.676474ms
Round took 4.767093ms
Round took 5.102452ms
Round took 5.539481ms
Round took 4.852552ms
Round took 4.888017ms
Round took 5.183482ms
Round took 5.851741ms
Round took 4.481456ms
Round took 4.918647ms
Round took 4.700014ms
Round took 6.209429ms
Round took 4.394738ms
Round took 5.24459ms
Round took 5.836044ms
Round took 5.904953ms
Round took 5.652412ms
Round took 4.825107ms
Round took 5.174998ms
Round took 5.302492ms
Round took 4.969724ms
Round took 4.625429ms
Round took 5.325318ms
Round took 5.790593ms
Round took 4.900691ms
Round took 4.608973ms
Round took 5.732036ms
Round took 5.144197ms
Round took 4.874888ms
Round took 5.289266ms
Round took 5.385363ms
Round took 4.408097ms
Round took 5.415053ms
Round took 5.011142ms
Round took 5.470292ms
Round took 4.884985ms
Round took 4.806634ms
Round took 6.353064ms
Round took 4.160431ms
Round took 5.281376ms
Round took 4.959916ms
Round took 5.200523ms
Round took 4.881222ms
Round took 4.864633ms
Round took 6.052725ms
Round took 4.575107ms
Round took 5.087934ms
Round took 4.685968ms
Round took 5.803103ms
Round took 4.540088ms
Round took 5.115606ms
Round took 5.941489ms
Round took 4.001741ms
Round took 5.24376ms
Round took 4.978426ms
Round took 5.286128ms
Round took 4.558672ms
Round took 5.471772ms
Round took 5.354054ms
Round took 4.443267ms
Round took 6.336465ms
Round took 6.343672ms
Round took 5.031251ms
Round took 3.907198ms
Round took 4.142114ms
Round took 4.889305ms
Round took 5.631966ms
Round took 4.795633ms
Round took 5.243766ms
Round took 4.850721ms
Round took 5.559679ms
Round took 4.499141ms
Round took 4.967466ms
Round took 5.293338ms
Round took 5.092416ms
Round took 4.905556ms
Round took 5.274486ms
Round took 5.240924ms
Round took 4.83023ms
Round took 6.499729ms
Round took 4.950627ms
Round took 4.115896ms
Round took 4.62402ms
Round took 4.98606ms
Round took 5.760078ms
Round took 4.713119ms
Round took 4.959315ms
Round took 5.384712ms
Round took 4.929475ms
Round took 4.705565ms
Round took 5.172784ms
Round took 5.648788ms
Round took 4.62821ms
Round took 5.353057ms
Round took 4.557606ms
Round took 5.373777ms
Round took 4.824293ms
Round took 5.099406ms
Round took 6.015376ms
Round took 4.427663ms
Round took 5.275506ms
Round took 4.678213ms
Round took 5.0247ms
Round took 5.359023ms
Round took 4.878342ms
Round took 4.718574ms
Round took 5.34494ms
Round took 5.286564ms
Round took 4.922876ms
Round took 5.568763ms
Round took 5.202056ms
Round took 5.117152ms
Round took 5.697129ms
Round took 6.376584ms
Round took 6.272782ms
Round took 5.022216ms
Round took 5.300876ms
Round took 5.665352ms
Round took 5.22709ms
Round took 4.600118ms
Round took 5.226223ms
Round took 5.048379ms
Round took 5.438119ms
Round took 4.746349ms
Round took 6.191983ms
Round took 4.447347ms
Round took 4.487373ms
Round took 4.936915ms
Round took 5.03214ms
Round took 5.452284ms
Round took 4.786558ms
Round took 5.022406ms
Round took 5.02322ms
Round took 5.220757ms
Round took 4.69867ms
Round took 6.195143ms
Round took 3.712282ms
Round took 4.910524ms
Round took 5.001518ms
Round took 6.413248ms
Round took 4.99177ms
Round took 5.361861ms
Round took 5.367786ms
Round took 4.613865ms
Round took 5.189263ms
Round took 5.237442ms
Round took 5.235725ms
Round took 4.868122ms
Round took 4.550991ms
Round took 5.664735ms
Round took 4.669891ms
Round took 5.221697ms
Round took 4.876669ms
Round took 5.672625ms
Round took 4.518473ms
Round took 4.977452ms
Round took 5.765298ms
Round took 4.641511ms
Round took 5.404911ms
Round took 4.312616ms
Round took 5.833604ms
Round took 5.227148ms
Round took 4.95826ms
Round took 5.543988ms
Round took 4.725247ms
Round took 4.7669ms
Round took 4.833669ms
Round took 6.809136ms
Round took 4.100721ms
Round took 4.97032ms
Round took 5.950588ms
Round took 4.177306ms
Round took 4.934953ms
Round took 5.912472ms
Round took 4.974937ms
Round took 5.298742ms
Round took 4.142088ms
Round took 6.281222ms
Round took 4.663006ms
Round took 4.357899ms
Round took 5.80782ms
Round took 4.457186ms
Round took 5.456968ms
Round took 4.654635ms
Round took 5.820148ms
Round took 3.768436ms
Round took 5.575617ms
Round took 4.990476ms
Round took 5.603508ms
Round took 5.321916ms
Round took 4.431152ms
Round took 4.90979ms
Round took 5.30056ms
Round took 4.792442ms
Round took 5.356641ms
Round took 5.615452ms
Round took 5.217684ms
Round took 3.923708ms
Round took 5.309021ms
Round took 7.04916ms
Round took 6.2694ms
Round took 4.352742ms
Round took 5.09793ms
Round took 4.660036ms
Round took 7.05696ms
Round took 5.203315ms
Round took 5.018123ms
Round took 7.000829ms
Round took 5.442618ms
Round took 4.856102ms
Round took 3.700713ms
Round took 18.37374ms
Round took 4.824752ms
Round took 5.195726ms
Round took 4.826552ms
Round took 5.878346ms
Round took 5.866509ms
Round took 4.87449ms
Round took 5.571233ms
Round took 3.760574ms
Round took 4.910036ms
Round took 5.682186ms
Round took 5.672163ms
Round took 5.271989ms
Round took 4.626063ms
Round took 3.414ms
Round took 5.742354ms
Round took 5.498648ms
Round took 5.062885ms
Round took 4.901614ms
Round took 5.235668ms
Round took 5.149784ms
Round took 4.922059ms
Round took 4.940119ms
Round took 4.934757ms
Round took 4.685316ms
Round took 5.3041ms
Round took 4.856159ms
Round took 5.061067ms
Round took 6.136801ms
Round took 5.607845ms
Round took 4.408178ms
Round took 5.299814ms
Round took 4.767787ms
Round took 5.78835ms
Round took 4.426405ms
Round took 5.050338ms
Round took 6.167123ms
Round took 3.606173ms
Round took 5.134747ms
Round took 5.111892ms
Round took 5.073534ms
Round took 5.896968ms
Round took 4.354191ms
Round took 5.233703ms
Round took 4.409025ms
Round took 7.109235ms
Round took 4.486286ms
Round took 4.829729ms
Round took 4.782921ms
Round took 4.972094ms
Round took 4.934725ms
Round took 5.169668ms
Round took 5.882568ms
Round took 4.38404ms
Round took 5.635281ms
Round took 4.034508ms
Round took 5.150837ms
Round took 4.5276ms
Round took 5.313871ms
Round took 6.167335ms
Round took 4.895504ms
Round took 4.780709ms
Round took 4.458909ms
Round took 5.239706ms
Round took 5.354121ms
Round took 4.94116ms
Round took 6.051925ms
Round took 3.732371ms
Round took 4.619757ms
Round took 5.511909ms
Round took 5.025248ms
Round took 5.149195ms
Round took 4.911128ms
Round took 4.923243ms
Round took 5.066226ms
Round took 5.196712ms
Round took 5.936731ms
Round took 4.881869ms
Round took 5.29401ms
Round took 4.887092ms
Round took 5.542748ms
Round took 4.89965ms
Round took 5.786406ms
Round took 3.879039ms
Round took 7.250373ms
Round took 5.888562ms
Round took 4.30437ms
Round took 4.995567ms
Round took 5.229071ms
Round took 5.538009ms
Round took 4.858748ms
Round took 5.01344ms
Round took 4.982219ms
Round took 5.14428ms
Round took 5.116538ms
Round took 4.866337ms
Round took 5.703796ms
Round took 4.897171ms
Round took 4.508154ms
Round took 5.259655ms
Round took 5.621301ms
Round took 5.104418ms
Round took 4.570674ms
Round took 5.190004ms
Round took 5.00931ms
Round took 5.427164ms
Round took 4.675999ms
Round took 5.217069ms
Round took 7.445372ms
Round took 5.179177ms
Round took 6.071869ms
Round took 4.399238ms
Round took 5.127996ms
Round took 3.87644ms
Round took 5.744628ms
Round took 4.639774ms
Round took 4.69181ms
Round took 7.275388ms
Round took 7.295419ms
Round took 4.513809ms
Round took 5.769815ms
Round took 5.099322ms
Round took 4.547282ms
Round took 4.639203ms
Round took 4.929124ms
Round took 5.317223ms
Round took 5.658124ms
Round took 4.999447ms
Round took 5.897684ms
Round took 4.871411ms
Round took 5.087869ms
Round took 5.037757ms
Round took 5.941647ms
Round took 4.665099ms
Round took 5.459089ms
Round took 5.388492ms
Round took 4.158563ms
Round took 5.136287ms
Round took 5.474764ms
Round took 5.261828ms
Round took 4.694274ms
Round took 7.034621ms
Round took 5.48367ms
Round took 5.048277ms
Round took 5.330656ms
Round took 4.758794ms
Round took 6.017008ms
Round took 4.927446ms
Round took 4.591484ms
Round took 5.735502ms
Round took 6.166504ms
Round took 4.680055ms
Round took 5.425679ms
Round took 5.692196ms
Round took 4.474163ms
Round took 5.263738ms
Round took 4.579918ms
Round took 5.700372ms
Round took 5.277882ms
Round took 5.292825ms
Round took 5.206789ms
Round took 4.52983ms
Round took 5.083142ms
Round took 5.037523ms
Round took 4.890492ms
Round took 5.234986ms
Round took 4.886888ms
Round took 5.593709ms
Round took 5.398353ms
Round took 4.482634ms
Round took 5.253611ms
Round took 4.678473ms
Round took 5.651059ms
Round took 4.924897ms
Round took 6.162366ms
Round took 4.348098ms
Round took 5.129055ms
Round took 5.882172ms
Round took 3.885294ms
Round took 5.291776ms
Round took 5.375986ms
Round took 4.824409ms
Round took 4.988863ms
Round took 5.209328ms
Round took 4.641178ms
Round took 5.989212ms
Round took 4.986076ms
Round took 4.364982ms
Round took 5.658011ms
Round took 4.079381ms
Round took 6.059266ms
Round took 3.899824ms
Round took 5.510964ms
Round took 5.975895ms
Round took 4.397877ms
Round took 5.6588ms
Round took 4.201317ms
Round took 5.263651ms
Round took 4.837271ms
Round took 4.956677ms
Round took 6.430363ms
Round took 4.474825ms
Round took 5.747301ms
Round took 3.957855ms
Round took 5.172505ms
Round took 5.397475ms
Round took 4.603263ms
Round took 5.791004ms
Round took 4.325074ms
Round took 5.168205ms
Round took 5.301392ms
Round took 4.855051ms
Round took 5.194298ms
Round took 4.124729ms
Round took 5.238492ms
Round took 6.033453ms
Round took 4.908479ms
Round took 4.709961ms
Round took 6.611352ms
Round took 6.02053ms
Round took 4.961151ms
Round took 5.078843ms
Round took 4.955729ms
Round took 5.059173ms
Round took 5.171115ms
Round took 5.221714ms
Round took 5.526875ms
Round took 4.843097ms
Round took 4.893663ms
Round took 4.935307ms
Round took 5.102633ms
Round took 5.112811ms
Round took 4.905519ms
Round took 5.316962ms
Round took 5.38481ms
Round took 5.065659ms
Round took 4.925842ms
Round took 6.030356ms
Round took 4.615067ms
Round took 4.777915ms
Round took 5.015297ms
Round took 5.252478ms
Round took 4.696409ms
Round took 5.085263ms
Round took 6.195748ms
Round took 4.150186ms
Round took 4.977333ms
Round took 4.845148ms
Round took 5.025695ms
Round took 5.193941ms
Round took 4.994164ms
Round took 5.367391ms
Round took 5.154683ms
Round took 5.257678ms
Round took 4.85014ms
Round took 5.362407ms
Round took 4.763679ms
Round took 5.039733ms
Round took 4.961101ms
Round took 6.741185ms
Round took 3.7391ms
Round took 5.139952ms
Round took 4.714975ms
Round took 6.608874ms
Round took 5.246219ms
Round took 4.197183ms
Round took 5.790052ms
Round took 4.918431ms
Round took 4.578791ms
Round took 4.937693ms
Round took 6.33799ms
Round took 3.864916ms
Round took 5.381549ms
Round took 4.81287ms
Round took 4.961162ms
Round took 4.901275ms
Round took 5.108254ms
Round took 6.07937ms
Round took 3.989167ms
Round took 5.127383ms
Round took 4.952679ms
Round took 4.777213ms
Round took 5.572323ms
Round took 4.928157ms
Round took 5.565852ms
Round took 5.569094ms
Round took 4.236737ms
Round took 4.809948ms
Round took 5.632029ms
Round took 5.171327ms
Round took 4.203549ms
Round took 5.238706ms
Round took 5.886514ms
Round took 5.055499ms
Round took 5.724697ms
Round took 5.703187ms
Round took 4.023254ms
Round took 4.847832ms
Round took 4.303786ms
Round took 5.261867ms
Round took 4.900696ms
Round took 4.973909ms
Round took 5.307581ms
Round took 5.467771ms
Round took 4.873775ms
Round took 4.693247ms
Round took 5.747559ms
Round took 4.661298ms
Round took 5.204691ms
Round took 4.942506ms
Round took 6.25864ms
Round took 5.104252ms
Round took 4.391233ms
Round took 5.21276ms
Round took 5.335541ms
Round took 5.355221ms
Round took 4.435707ms
Round took 6.220284ms
Round took 5.03674ms
Round took 4.326811ms
Round took 5.926263ms
Round took 3.974539ms
Round took 5.626342ms
Round took 4.75516ms
Round took 5.542172ms
Round took 4.72417ms
Round took 4.91654ms
Round took 5.596576ms
Round took 5.357882ms
Round took 4.881748ms
Round took 4.782636ms
Round took 5.277883ms
Round took 4.520231ms
Round took 5.592394ms
Round took 4.454699ms
Round took 5.889588ms
Round took 5.194824ms
Round took 4.264802ms
Round took 5.569702ms
Round took 4.21046ms
Round took 8.299957ms
Round took 5.270243ms
Round took 4.708423ms
Round took 4.503229ms
Round took 5.121925ms
Round took 4.976838ms
Round took 5.174508ms
Round took 6.112955ms
Round took 4.653082ms
Round took 4.797898ms
Round took 4.688209ms
Round took 5.493758ms
Round took 5.427176ms
Round took 5.038455ms
Round took 5.860932ms
Round took 4.503409ms
Round took 5.387249ms
Round took 4.419128ms
Round took 5.755945ms
Round took 4.923191ms
Round took 5.307435ms
Round took 5.551738ms
Round took 4.413632ms
Round took 5.262845ms
Round took 5.812189ms
Round took 5.44998ms
Round took 4.342502ms
Round took 5.415856ms
Round took 5.471605ms
Round took 4.558439ms
Round took 5.387822ms
Round took 4.219831ms
Round took 6.204459ms
Round took 4.517891ms
Round took 4.863038ms
Round took 6.218596ms
Round took 4.510208ms
Round took 5.315201ms
Round took 4.316018ms
Round took 5.499733ms
Round took 4.800752ms
Round took 5.171127ms
Round took 5.825009ms
Round took 4.95019ms
Round took 4.829741ms
Round took 5.229837ms
Round took 5.526593ms
Round took 7.267977ms
Round took 4.638781ms
Round took 4.877707ms
Round took 5.43289ms
Round took 4.803392ms
Round took 5.472002ms
Round took 4.821594ms
Round took 4.855653ms
Round took 5.167596ms
Round took 5.021839ms
Round took 4.965753ms
Round took 5.158062ms
Round took 5.061336ms
Round took 6.928999ms
Round took 3.739622ms
Round took 5.187153ms
Round took 5.154718ms
Round took 4.93681ms
Round took 4.872545ms
Round took 6.121913ms
Round took 4.276677ms
Round took 5.518359ms
Round took 5.000526ms
Round took 5.858641ms
Round took 4.1718ms
Round took 5.643268ms
Round took 4.443579ms
Round took 5.698246ms
Round took 6.154551ms
Round took 6.142821ms
Round took 4.813746ms
Round took 5.094378ms
Round took 4.902638ms
Round took 5.364402ms
Round took 4.932112ms
Round took 5.572937ms
Round took 5.096685ms
Round took 4.496655ms
Round took 5.145534ms
Round took 5.208089ms
Round took 4.840854ms
Round took 4.882716ms
Round took 5.241102ms
Round took 5.070227ms
Round took 4.959909ms
Round took 5.239478ms
Round took 5.031161ms
Round took 6.336996ms
Round took 4.529802ms
Round took 4.924426ms
Round took 5.591498ms
Round took 4.920615ms
Round took 4.950824ms
Round took 5.047884ms
Round took 5.458595ms
Round took 4.256251ms
Round took 4.98667ms
Round took 5.749854ms
Round took 5.361303ms
Round took 4.581344ms
Round took 4.981649ms
Round took 6.242128ms
Round took 5.131896ms
Round took 5.125223ms
Round took 6.55837ms
Round took 5.679918ms
Round took 4.580604ms
Round took 4.569435ms
Round took 3.822069ms
Round took 5.272973ms
Round took 5.248116ms
Round took 6.143312ms
Round took 4.885643ms
Round took 6.868173ms
Round took 6.783192ms
Round took 4.225061ms
Round took 4.917502ms
Round took 5.521954ms
Round took 4.700432ms
Round took 4.8722ms
Round took 5.159292ms
Round took 5.365841ms
Round took 4.663636ms
Round took 5.159801ms
Round took 6.024133ms
Round took 4.610969ms
Round took 4.652634ms
Round took 4.687565ms
Round took 6.070917ms
Round took 5.078984ms
Round took 4.91183ms
Round took 6.03567ms
Round took 7.300516ms
Round took 4.5329ms
Round took 5.132861ms
Round took 5.212708ms
Round took 5.597668ms
Round took 3.828895ms
Round took 5.240113ms
Round took 5.259242ms
Round took 5.646935ms
Round took 4.258531ms
Round took 5.552071ms
Round took 7.732333ms
Round took 3.969853ms
Round took 5.141149ms
Round took 4.652614ms
Round took 5.028588ms
Round took 3.512655ms
Round took 5.269811ms
Round took 5.525694ms
Round took 4.658929ms
Round took 5.075449ms
Round took 5.098341ms
Round took 5.12055ms
Round took 5.870923ms
Round took 5.976725ms
Round took 4.184854ms
Round took 5.315302ms
Round took 4.630776ms
Round took 4.999126ms
Round took 6.390792ms
Round took 4.176899ms
Round took 4.99313ms
Round took 5.230447ms
Round took 4.510216ms
Round took 5.182349ms
Round took 5.28348ms
Round took 5.781843ms
Round took 4.224829ms
Round took 5.410252ms
Round took 4.681611ms
Round took 5.155092ms
Round took 5.072106ms
Round took 4.716148ms
Round took 6.184796ms
Round took 5.116207ms
Round took 4.21627ms
Round took 4.377608ms
Round took 6.221172ms
Round took 4.086474ms
Round took 5.354412ms
Round took 4.927427ms
Round took 5.423493ms
Round took 5.082694ms
Round took 4.721535ms
Round took 5.351111ms
Round took 4.953283ms
Round took 5.11006ms
Round took 5.143522ms
Round took 4.93794ms
Round took 6.243487ms
Round took 5.023143ms
Round took 6.717311ms
Round took 7.055282ms
Round took 5.650128ms
Round took 4.317781ms
Test took 5.204054777s
Successful: 10000
