Uniform distribution
2021/04/16 21:40:47 The leader is replica 0
Round took 4.555503ms
Round took 2.409077ms
Round took 7.7871ms
Round took 8.037266ms
Round took 6.814134ms
Round took 3.470714ms
Round took 5.10432ms
Round took 4.79285ms
Round took 5.088727ms
Round took 5.074823ms
Round took 5.044763ms
Round took 5.324342ms
Round took 4.972555ms
Round took 5.141892ms
Round took 5.179248ms
Round took 4.853176ms
Round took 5.172966ms
Round took 4.80149ms
Round took 5.187307ms
Round took 5.498927ms
Round took 4.747391ms
Round took 5.152553ms
Round took 5.058317ms
Round took 5.457215ms
Round took 4.46282ms
Round took 5.027569ms
Round took 5.452109ms
Round took 5.193454ms
Round took 4.629035ms
Round took 5.194797ms
Round took 5.805183ms
Round took 4.023969ms
Round took 5.040774ms
Round took 4.831441ms
Round took 6.767985ms
Round took 3.987346ms
Round took 4.966801ms
Round took 7.428069ms
Round took 3.809186ms
Round took 6.225846ms
Round took 4.72926ms
Round took 5.139843ms
Round took 3.540062ms
Round took 5.450551ms
Round took 5.397215ms
Round took 4.506776ms
Round took 5.236445ms
Round took 4.618132ms
Round took 6.212483ms
Round took 6.785523ms
Round took 6.355537ms
Round took 6.339939ms
Round took 5.712527ms
Round took 6.835352ms
Round took 8.721973ms
Round took 4.227922ms
Round took 4.003669ms
Round took 6.052458ms
Round took 4.813303ms
Round took 4.258679ms
Round took 4.731266ms
Round took 7.04699ms
Round took 3.621647ms
Round took 4.942481ms
Round took 5.750393ms
Round took 7.342709ms
Round took 5.063294ms
Round took 4.93978ms
Round took 5.267581ms
Round took 5.178102ms
Round took 5.124452ms
Round took 5.212455ms
Round took 5.484111ms
Round took 4.932743ms
Round took 4.523249ms
Round took 4.979839ms
Round took 5.440023ms
Round took 4.843914ms
Round took 5.016711ms
Round took 5.195436ms
Round took 4.810335ms
Round took 5.160383ms
Round took 4.907973ms
Round took 5.35715ms
Round took 5.179925ms
Round took 4.889094ms
Round took 5.102746ms
Round took 6.685872ms
Round took 8.059738ms
Round took 5.9082ms
Round took 6.080198ms
Round took 3.94545ms
Round took 6.517543ms
Round took 5.700767ms
Round took 6.499379ms
Round took 4.284659ms
Round took 5.588039ms
Round took 5.085078ms
Round took 7.566717ms
Round took 5.677286ms
Round took 7.336748ms
Round took 4.399459ms
Round took 5.376438ms
Round took 4.540916ms
Round took 3.693227ms
Round took 3.896998ms
Round took 6.310417ms
Round took 5.351802ms
Round took 5.104508ms
Round took 5.950671ms
Round took 5.868726ms
Round took 5.422186ms
Round took 4.695874ms
Round took 5.1421ms
Round took 4.962344ms
Round took 7.214744ms
Round took 4.734835ms
Round took 4.289259ms
Round took 5.585583ms
Round took 5.301923ms
Round took 4.803282ms
Round took 5.336669ms
Round took 5.037118ms
Round took 4.807485ms
Round took 4.796294ms
Round took 5.202308ms
Round took 5.585283ms
Round took 5.487499ms
Round took 4.959632ms
Round took 4.926096ms
Round took 4.917009ms
Round took 4.873188ms
Round took 6.91856ms
Round took 6.786374ms
Round took 4.685448ms
Round took 4.827046ms
Round took 5.71329ms
Round took 5.229816ms
Round took 5.419232ms
Round took 4.558405ms
Round took 5.375996ms
Round took 4.706779ms
Round took 5.006557ms
Round took 5.665848ms
Round took 5.178957ms
Round took 5.031575ms
Round took 4.797688ms
Round took 5.726808ms
Round took 4.763688ms
Round took 4.776462ms
Round took 5.352331ms
Round took 5.334555ms
Round took 4.595955ms
Round took 5.279354ms
Round took 6.318332ms
Round took 4.512511ms
Round took 4.319567ms
Round took 5.200891ms
Round took 5.766416ms
Round took 5.080272ms
Round took 6.724049ms
Round took 3.822706ms
Round took 5.083184ms
Round took 5.014119ms
Round took 5.673083ms
Round took 4.818381ms
Round took 5.044968ms
Round took 5.432422ms
Round took 5.332136ms
Round took 4.762343ms
Round took 4.519253ms
Round took 5.20568ms
Round took 5.272422ms
Round took 4.961813ms
Round took 5.706782ms
Round took 4.004427ms
Round took 5.453175ms
Round took 5.414052ms
Round took 5.680217ms
Round took 4.797765ms
Round took 5.650393ms
Round took 4.813872ms
Round took 3.968808ms
Round took 5.32771ms
Round took 5.144608ms
Round took 4.694139ms
Round took 5.64565ms
Round took 5.468902ms
Round took 4.299213ms
Round took 6.399248ms
Round took 6.028432ms
Round took 6.288706ms
Round took 6.577307ms
Round took 5.135888ms
Round took 5.029632ms
Round took 4.691785ms
Round took 3.81614ms
Round took 4.08911ms
Round took 5.911497ms
Round took 5.541658ms
Round took 5.655705ms
Round took 4.817945ms
Round took 4.08514ms
Round took 5.451662ms
Round took 4.504544ms
Round took 5.861609ms
Round took 4.788814ms
Round took 4.556692ms
Round took 5.242341ms
Round took 5.818816ms
Round took 5.107042ms
Round took 4.431163ms
Round took 5.662401ms
Round took 4.866908ms
Round took 5.124859ms
Round took 5.417887ms
Round took 5.158263ms
Round took 5.193582ms
Round took 4.328691ms
Round took 5.097952ms
Round took 5.540124ms
Round took 4.611965ms
Round took 5.496656ms
Round took 6.574797ms
Round took 4.505462ms
Round took 5.57923ms
Round took 5.02692ms
Round took 4.923148ms
Round took 4.919013ms
Round took 4.579271ms
Round took 5.448068ms
Round took 5.60571ms
Round took 4.298855ms
Round took 5.116829ms
Round took 6.225379ms
Round took 5.048503ms
Round took 5.078126ms
Round took 5.772751ms
Round took 5.080174ms
Round took 5.041415ms
Round took 4.725515ms
Round took 6.008463ms
Round took 4.744674ms
Round took 5.038436ms
Round took 5.411677ms
Round took 5.224746ms
Round took 4.680199ms
Round took 5.40274ms
Round took 6.067939ms
Round took 4.487139ms
Round took 4.710527ms
Round took 5.710284ms
Round took 5.02368ms
Round took 4.658646ms
Round took 5.912964ms
Round took 4.660731ms
Round took 5.083353ms
Round took 4.70743ms
Round took 4.77402ms
Round took 5.727954ms
Round took 5.550644ms
Round took 4.72851ms
Round took 5.67024ms
Round took 5.166402ms
Round took 4.727975ms
Round took 4.566095ms
Round took 5.439947ms
Round took 5.352414ms
Round took 5.430295ms
Round took 4.351978ms
Round took 5.512121ms
Round took 4.97444ms
Round took 5.040771ms
Round took 5.451148ms
Round took 5.221669ms
Round took 4.495188ms
Round took 6.057126ms
Round took 4.007705ms
Round took 5.156285ms
Round took 5.541641ms
Round took 5.082315ms
Round took 5.827381ms
Round took 4.05351ms
Round took 5.788214ms
Round took 4.161319ms
Round took 5.270148ms
Round took 4.735086ms
Round took 5.068398ms
Round took 5.585682ms
Round took 4.650319ms
Round took 5.79249ms
Round took 3.836699ms
Round took 5.534001ms
Round took 4.795565ms
Round took 5.41959ms
Round took 5.534025ms
Round took 4.481209ms
Round took 5.160663ms
Round took 4.974171ms
Round took 5.315978ms
Round took 4.569674ms
Round took 5.852921ms
Round took 6.531521ms
Round took 6.627693ms
Round took 5.794309ms
Round took 7.572341ms
Round took 4.346071ms
Round took 4.173477ms
Round took 5.103432ms
Round took 5.433065ms
Round took 4.681767ms
Round took 5.8522ms
Round took 5.294529ms
Round took 5.251186ms
Round took 4.540281ms
Round took 5.660507ms
Round took 4.484277ms
Round took 5.151108ms
Round took 5.428476ms
Round took 4.849839ms
Round took 5.405384ms
Round took 4.824122ms
Round took 6.849856ms
Round took 4.555703ms
Round took 4.220671ms
Round took 4.772984ms
Round took 6.287722ms
Round took 5.728341ms
Round took 4.977403ms
Round took 5.250852ms
Round took 5.125631ms
Round took 4.738864ms
Round took 5.282622ms
Round took 5.110606ms
Round took 5.010857ms
Round took 5.349684ms
Round took 4.850979ms
Round took 5.054132ms
Round took 5.133822ms
Round took 5.041296ms
Round took 5.3484ms
Round took 4.773692ms
Round took 5.147766ms
Round took 5.231403ms
Round took 4.741409ms
Round took 5.679342ms
Round took 4.847747ms
Round took 4.775473ms
Round took 5.151382ms
Round took 5.408439ms
Round took 4.981227ms
Round took 5.444155ms
Round took 5.113168ms
Round took 5.112844ms
Round took 4.982411ms
Round took 4.817858ms
Round took 5.099616ms
Round took 5.64993ms
Round took 5.151849ms
Round took 5.396839ms
Round took 5.092239ms
Round took 5.176678ms
Round took 4.585542ms
Round took 6.905286ms
Round took 4.194392ms
Round took 7.028685ms
Round took 6.52471ms
Round took 6.135639ms
Round took 5.049179ms
Round took 6.095182ms
Round took 4.800848ms
Round took 6.184961ms
Round took 5.083625ms
Round took 5.06867ms
Round took 5.233608ms
Round took 4.698169ms
Round took 5.25704ms
Round took 4.901884ms
Round took 5.019707ms
Round took 4.987176ms
Round took 5.675676ms
Round took 5.031586ms
Round took 5.422416ms
Round took 4.604814ms
Round took 5.10703ms
Round took 5.125203ms
Round took 5.057301ms
Round took 5.071778ms
Round took 5.420698ms
Round took 4.548974ms
Round took 5.173166ms
Round took 5.218118ms
Round took 5.132166ms
Round took 5.030166ms
Round took 5.674513ms
Round took 4.54879ms
Round took 5.117889ms
Round took 5.164195ms
Round took 5.050346ms
Round took 5.370082ms
Round took 4.531372ms
Round took 5.62887ms
Round took 5.540714ms
Round took 5.066088ms
Round took 4.58154ms
Round took 5.63564ms
Round took 5.085982ms
Round took 4.635194ms
Round took 5.934574ms
Round took 4.736291ms
Round took 4.988912ms
Round took 5.249319ms
Round took 5.072073ms
Round took 4.931695ms
Round took 5.259653ms
Round took 5.245275ms
Round took 6.062464ms
Round took 3.653546ms
Round took 5.759118ms
Round took 4.612175ms
Round took 4.951195ms
Round took 5.474695ms
Round took 4.632299ms
Round took 5.70058ms
Round took 4.686979ms
Round took 5.472256ms
Round took 4.222942ms
Round took 5.542923ms
Round took 5.066848ms
Round took 4.945122ms
Round took 6.055399ms
Round took 4.414072ms
Round took 4.882297ms
Round took 5.041972ms
Round took 5.348267ms
Round took 5.188668ms
Round took 4.790625ms
Round took 5.892105ms
Round took 4.327602ms
Round took 4.922684ms
Round took 5.44666ms
Round took 6.322968ms
Round took 4.26407ms
Round took 4.529655ms
Round took 7.102266ms
Round took 5.951597ms
Round took 5.399363ms
Round took 5.138094ms
Round took 6.498099ms
Round took 5.052504ms
Round took 5.017689ms
Round took 4.384474ms
Round took 18.946381ms
Round took 5.276502ms
Round took 5.647536ms
Round took 4.85663ms
Round took 5.85384ms
Round took 6.003671ms
Round took 4.771084ms
Round took 5.852223ms
Round took 3.608633ms
Round took 4.739143ms
Round took 5.818624ms
Round took 5.831396ms
Round took 5.20131ms
Round took 4.495892ms
Round took 3.408379ms
Round took 6.147572ms
Round took 5.104674ms
Round took 5.104926ms
Round took 4.948626ms
Round took 5.66161ms
Round took 4.938278ms
Round took 5.024378ms
Round took 5.057142ms
Round took 5.195456ms
Round took 5.029256ms
Round took 4.995594ms
Round took 6.355426ms
Round took 4.240664ms
Round took 5.114553ms
Round took 5.58105ms
Round took 4.565238ms
Round took 5.306355ms
Round took 4.78149ms
Round took 5.805277ms
Round took 4.40094ms
Round took 5.124583ms
Round took 6.011323ms
Round took 3.549009ms
Round took 5.181125ms
Round took 4.883529ms
Round took 4.606512ms
Round took 6.493409ms
Round took 4.393355ms
Round took 5.165275ms
Round took 4.438152ms
Round took 6.98371ms
Round took 4.53432ms
Round took 4.777169ms
Round took 4.291171ms
Round took 5.109542ms
Round took 4.985956ms
Round took 4.865119ms
Round took 6.044059ms
Round took 4.449506ms
Round took 5.164312ms
Round took 4.139229ms
Round took 6.060387ms
Round took 4.521856ms
Round took 5.293027ms
Round took 6.420614ms
Round took 4.87785ms
Round took 4.803736ms
Round took 4.923689ms
Round took 4.946869ms
Round took 5.330798ms
Round took 5.443324ms
Round took 5.618539ms
Round took 3.750123ms
Round took 4.931487ms
Round took 6.000566ms
Round took 4.56478ms
Round took 5.123574ms
Round took 5.016256ms
Round took 5.835406ms
Round took 5.336002ms
Round took 6.903373ms
Round took 4.471461ms
Round took 5.051592ms
Round took 5.484849ms
Round took 4.942343ms
Round took 4.548753ms
Round took 6.226412ms
Round took 3.8849ms
Round took 5.349114ms
Round took 4.643051ms
Round took 5.912362ms
Round took 4.258359ms
Round took 5.046293ms
Round took 5.257471ms
Round took 5.487224ms
Round took 4.906244ms
Round took 5.010744ms
Round took 4.972151ms
Round took 5.131283ms
Round took 5.121346ms
Round took 4.787695ms
Round took 5.747886ms
Round took 4.977609ms
Round took 4.233918ms
Round took 5.24167ms
Round took 5.646762ms
Round took 5.126245ms
Round took 4.538325ms
Round took 5.190775ms
Round took 4.980623ms
Round took 5.365779ms
Round took 4.899467ms
Round took 5.288141ms
Round took 6.56967ms
Round took 4.265475ms
Round took 5.940371ms
Round took 4.571869ms
Round took 4.954773ms
Round took 4.52703ms
Round took 5.432321ms
Round took 4.857119ms
Round took 4.821071ms
Round took 5.249909ms
Round took 4.940488ms
Round took 6.332953ms
Round took 4.798758ms
Round took 6.403481ms
Round took 5.145246ms
Round took 4.477766ms
Round took 4.974769ms
Round took 4.855466ms
Round took 4.666607ms
Round took 4.987563ms
Round took 8.309019ms
Round took 5.57566ms
Round took 5.159753ms
Round took 4.864731ms
Round took 7.213928ms
Round took 4.64919ms
Round took 5.471621ms
Round took 5.365642ms
Round took 4.171566ms
Round took 5.159568ms
Round took 5.488971ms
Round took 5.223118ms
Round took 4.642353ms
Round took 6.971113ms
Round took 5.592856ms
Round took 5.01943ms
Round took 5.312781ms
Round took 4.767301ms
Round took 6.040626ms
Round took 4.919258ms
Round took 4.683433ms
Round took 5.717857ms
Round took 6.168404ms
Round took 4.805813ms
Round took 5.494688ms
Round took 5.457192ms
Round took 4.644712ms
Round took 5.728926ms
Round took 4.071498ms
Round took 5.745646ms
Round took 5.256531ms
Round took 5.801236ms
Round took 5.005511ms
Round took 4.527175ms
Round took 5.593353ms
Round took 4.582723ms
Round took 4.537261ms
Round took 5.439434ms
Round took 7.636684ms
Round took 5.369177ms
Round took 4.617563ms
Round took 4.886542ms
Round took 5.019973ms
Round took 5.630075ms
Round took 4.949752ms
Round took 5.004165ms
Round took 5.043226ms
Round took 5.231193ms
Round took 4.938604ms
Round took 4.434352ms
Round took 5.382822ms
Round took 5.336287ms
Round took 4.398ms
Round took 5.455264ms
Round took 5.304634ms
Round took 4.612287ms
Round took 5.228167ms
Round took 5.694528ms
Round took 4.288154ms
Round took 5.311797ms
Round took 4.619077ms
Round took 6.286695ms
Round took 3.853027ms
Round took 5.212796ms
Round took 6.108593ms
Round took 4.556786ms
Round took 5.13327ms
Round took 4.721323ms
Round took 5.548086ms
Round took 4.691207ms
Round took 4.992568ms
Round took 5.656916ms
Round took 5.219573ms
Round took 5.506365ms
Round took 4.11001ms
Round took 5.298052ms
Round took 5.539016ms
Round took 4.566348ms
Round took 5.747982ms
Round took 4.401848ms
Round took 5.442493ms
Round took 5.031125ms
Round took 4.930014ms
Round took 5.642152ms
Round took 4.074122ms
Round took 5.241212ms
Round took 5.006675ms
Round took 5.417281ms
Round took 4.632921ms
Round took 5.224807ms
Round took 5.847643ms
Round took 4.668012ms
Round took 4.954063ms
Round took 5.494157ms
Round took 5.008504ms
Round took 5.068614ms
Round took 5.510379ms
Round took 5.028721ms
Round took 5.234113ms
Round took 4.592376ms
Round took 5.735068ms
Round took 4.783825ms
Round took 4.778063ms
Round took 5.975798ms
Round took 4.375152ms
Round took 5.405105ms
Round took 4.579768ms
Round took 5.745167ms
Round took 4.813727ms
Round took 5.48112ms
Round took 4.648071ms
Round took 5.927084ms
Round took 3.769173ms
Round took 5.189695ms
Round took 4.649915ms
Round took 5.579424ms
Round took 5.998975ms
Round took 4.156279ms
Round took 5.108732ms
Round took 4.748785ms
Round took 5.3316ms
Round took 4.661676ms
Round took 5.41306ms
Round took 5.555487ms
Round took 4.59922ms
Round took 4.70253ms
Round took 5.052138ms
Round took 5.338457ms
Round took 4.723543ms
Round took 5.027533ms
Round took 5.735939ms
Round took 5.217561ms
Round took 4.287823ms
Round took 6.731449ms
Round took 7.760333ms
Round took 4.918658ms
Round took 4.125801ms
Round took 5.888907ms
Round took 5.276915ms
Round took 4.367721ms
Round took 4.950752ms
Round took 5.488413ms
Round took 5.801107ms
Round took 6.704319ms
Round took 3.571348ms
Round took 5.240738ms
Round took 4.942449ms
Round took 5.403493ms
Round took 5.859662ms
Round took 3.986893ms
Round took 5.169775ms
Round took 4.954189ms
Round took 6.137605ms
Round took 4.319008ms
Round took 5.238157ms
Round took 5.486727ms
Round took 5.48146ms
Round took 4.276785ms
Round took 4.690533ms
Round took 5.426495ms
Round took 4.69773ms
Round took 4.921417ms
Round took 5.941415ms
Round took 5.890503ms
Round took 4.495165ms
Round took 5.725514ms
Round took 4.766718ms
Round took 4.252371ms
Round took 4.799315ms
Round took 4.309928ms
Round took 5.717215ms
Round took 4.858596ms
Round took 5.149907ms
Round took 5.715723ms
Round took 5.02742ms
Round took 5.131675ms
Round took 5.048046ms
Round took 5.180345ms
Round took 4.543052ms
Round took 4.859023ms
Round took 5.37841ms
Round took 5.463784ms
Round took 5.217356ms
Round took 4.348267ms
Round took 5.377609ms
Round took 5.062553ms
Round took 5.337568ms
Round took 4.950707ms
Round took 5.46109ms
Round took 5.246448ms
Round took 4.241669ms
Round took 5.955538ms
Round took 3.976884ms
Round took 5.724596ms
Round took 5.088273ms
Round took 5.081353ms
Round took 4.624222ms
Round took 4.872533ms
Round took 5.600068ms
Round took 5.229176ms
Round took 4.998659ms
Round took 4.774551ms
Round took 5.191941ms
Round took 9.234801ms
Round took 3.754673ms
Round took 5.006546ms
Round took 6.285569ms
Round took 4.013214ms
Round took 4.988245ms
Round took 4.927986ms
Round took 6.216457ms
Round took 5.453705ms
Round took 4.750122ms
Round took 4.935013ms
Round took 3.963457ms
Round took 5.754665ms
Round took 4.43764ms
Round took 5.807739ms
Round took 5.499112ms
Round took 4.812127ms
Round took 4.765807ms
Round took 4.414735ms
Round took 5.487415ms
Round took 4.814072ms
Round took 5.146686ms
Round took 5.496979ms
Round took 4.654752ms
Round took 5.322157ms
Round took 4.406577ms
Round took 5.76867ms
Round took 4.918337ms
Round took 5.265125ms
Round took 5.353006ms
Round took 4.404083ms
Round took 5.247079ms
Round took 5.746266ms
Round took 5.659871ms
Round took 4.276242ms
Round took 5.357084ms
Round took 5.511855ms
Round took 4.565517ms
Round took 5.399277ms
Round took 4.219569ms
Round took 6.112562ms
Round took 4.503294ms
Round took 4.854744ms
Round took 6.505091ms
Round took 4.371357ms
Round took 5.31151ms
Round took 4.315892ms
Round took 5.817187ms
Round took 4.746247ms
Round took 5.158424ms
Round took 5.878666ms
Round took 4.960052ms
Round took 4.759399ms
Round took 5.293854ms
Round took 6.344891ms
Round took 6.689742ms
Round took 4.751584ms
Round took 4.840794ms
Round took 5.393637ms
Round took 4.770333ms
Round took 5.503144ms
Round took 4.833218ms
Round took 4.830026ms
Round took 5.167526ms
Round took 4.960772ms
Round took 5.04243ms
Round took 6.297572ms
Round took 4.33352ms
Round took 5.065994ms
Round took 5.629038ms
Round took 5.084267ms
Round took 4.840185ms
Round took 5.433714ms
Round took 4.850875ms
Round took 5.569991ms
Round took 4.286744ms
Round took 6.026597ms
Round took 4.993442ms
Round took 4.964955ms
Round took 4.765721ms
Round took 5.813247ms
Round took 4.315507ms
Round took 5.199901ms
Round took 5.037908ms
Round took 4.876357ms
Round took 5.906461ms
Round took 4.630118ms
Round took 5.945286ms
Round took 4.040483ms
Round took 5.349ms
Round took 4.852277ms
Round took 5.469971ms
Round took 5.324653ms
Round took 4.394618ms
Round took 6.369938ms
Round took 4.253086ms
Round took 5.058599ms
Round took 4.949271ms
Round took 5.099717ms
Round took 4.927292ms
Round took 4.919956ms
Round took 5.836489ms
Round took 4.713654ms
Round took 4.79423ms
Round took 5.225113ms
Round took 4.747826ms
Round took 5.250149ms
Round took 4.955276ms
Round took 5.75267ms
Round took 4.637314ms
Round took 4.999676ms
Round took 5.308174ms
Round took 4.917029ms
Round took 5.385022ms
Round took 5.464134ms
Round took 4.821732ms
Round took 5.398537ms
Round took 4.844074ms
Round took 5.466241ms
Round took 5.210343ms
Round took 6.966129ms
Round took 4.963349ms
Round took 4.783285ms
Round took 3.885485ms
Round took 3.956378ms
Round took 5.20664ms
Round took 5.205426ms
Round took 5.976894ms
Round took 4.931787ms
Round took 6.457017ms
Round took 6.631111ms
Round took 4.75534ms
Round took 4.899278ms
Round took 5.029982ms
Round took 5.133586ms
Round took 4.984492ms
Round took 5.104949ms
Round took 4.963727ms
Round took 5.156396ms
Round took 4.977634ms
Round took 5.055142ms
Round took 5.471481ms
Round took 5.02239ms
Round took 4.892939ms
Round took 5.560953ms
Round took 5.259079ms
Round took 4.86427ms
Round took 5.155766ms
Round took 5.931814ms
Round took 5.498627ms
Round took 5.234531ms
Round took 5.169378ms
Round took 5.150744ms
Round took 4.739095ms
Round took 3.774734ms
Round took 5.242911ms
Round took 5.597044ms
Round took 5.568648ms
Round took 4.820505ms
Round took 7.254367ms
Round took 6.28303ms
Round took 4.384222ms
Round took 4.662117ms
Round took 4.794124ms
Round took 4.298077ms
Round took 3.609861ms
Round took 5.902315ms
Round took 5.244219ms
Round took 4.752762ms
Round took 5.155727ms
Round took 6.60135ms
Round took 6.573334ms
Round took 5.435953ms
Round took 4.774164ms
Round took 5.534314ms
Round took 4.674637ms
Round took 5.015349ms
Round took 6.183772ms
Round took 4.690089ms
Round took 5.458971ms
Round took 4.744127ms
Round took 4.480983ms
Round took 5.205157ms
Round took 5.397631ms
Round took 5.817946ms
Round took 4.180299ms
Round took 5.693501ms
Round took 4.28928ms
Round took 5.026465ms
Round took 5.106204ms
Round took 4.742261ms
Round took 6.342419ms
Round took 5.01225ms
Round took 4.81011ms
Round took 4.064429ms
Round took 6.105467ms
Round took 4.269653ms
Round took 5.360102ms
Round took 5.732635ms
Round took 4.67097ms
Round took 5.417575ms
Round took 4.28639ms
Round took 5.946249ms
Round took 4.808466ms
Round took 5.319385ms
Round took 5.412526ms
Round took 4.912072ms
Round took 4.741435ms
Round took 5.658382ms
Round took 5.899031ms
Round took 7.038865ms
Round took 5.644454ms
Round took 4.401889ms
Round took 7.106443ms
Round took 8.150894ms
Round took 5.75537ms
Round took 4.128655ms
Test took 5.229168548s
Successful: 10000
