Uniform distribution
2021/04/16 21:40:47 The leader is replica 0
Round took 6.451658ms
Round took 6.663831ms
Round took 6.954238ms
Round took 6.29968ms
Round took 3.985797ms
Round took 5.63284ms
Round took 5.314988ms
Round took 5.840098ms
Round took 6.576349ms
Round took 4.369111ms
Round took 3.616687ms
Round took 4.941972ms
Round took 5.189344ms
Round took 5.397408ms
Round took 5.5425ms
Round took 4.94888ms
Round took 5.442933ms
Round took 4.797464ms
Round took 4.929494ms
Round took 5.309197ms
Round took 4.98297ms
Round took 5.620618ms
Round took 4.813247ms
Round took 4.961623ms
Round took 4.3729ms
Round took 5.422913ms
Round took 4.971073ms
Round took 5.421401ms
Round took 5.612153ms
Round took 4.296858ms
Round took 6.051212ms
Round took 3.618609ms
Round took 5.280391ms
Round took 4.430279ms
Round took 5.065135ms
Round took 6.523494ms
Round took 6.759337ms
Round took 8.267629ms
Round took 6.659005ms
Round took 3.902156ms
Round took 4.101603ms
Round took 7.014895ms
Round took 6.151466ms
Round took 6.18684ms
Round took 4.554635ms
Round took 5.745711ms
Round took 4.610587ms
Round took 5.166172ms
Round took 5.789782ms
Round took 7.291551ms
Round took 4.440009ms
Round took 5.319681ms
Round took 4.463979ms
Round took 3.617112ms
Round took 3.876837ms
Round took 6.320292ms
Round took 5.276958ms
Round took 5.097484ms
Round took 5.657959ms
Round took 4.443074ms
Round took 4.441549ms
Round took 5.343649ms
Round took 4.111693ms
Round took 5.646673ms
Round took 7.004602ms
Round took 5.219369ms
Round took 4.889014ms
Round took 6.099958ms
Round took 5.249289ms
Round took 4.666787ms
Round took 5.139571ms
Round took 5.229834ms
Round took 4.823797ms
Round took 4.977189ms
Round took 5.138875ms
Round took 5.004626ms
Round took 5.389209ms
Round took 4.546347ms
Round took 5.318987ms
Round took 5.073521ms
Round took 4.993108ms
Round took 5.473139ms
Round took 5.393374ms
Round took 5.221173ms
Round took 4.674183ms
Round took 4.815351ms
Round took 5.708758ms
Round took 5.109295ms
Round took 5.590479ms
Round took 4.71518ms
Round took 4.887848ms
Round took 5.03526ms
Round took 5.043459ms
Round took 5.588187ms
Round took 4.965468ms
Round took 5.12096ms
Round took 5.594966ms
Round took 4.460328ms
Round took 4.982563ms
Round took 4.793322ms
Round took 5.392126ms
Round took 4.993667ms
Round took 4.616295ms
Round took 5.284082ms
Round took 5.571989ms
Round took 4.152218ms
Round took 4.329536ms
Round took 5.231852ms
Round took 5.820124ms
Round took 5.01092ms
Round took 5.035047ms
Round took 4.765504ms
Round took 5.317696ms
Round took 5.003319ms
Round took 5.050827ms
Round took 5.664736ms
Round took 4.917718ms
Round took 4.945154ms
Round took 5.526625ms
Round took 5.240197ms
Round took 4.559179ms
Round took 4.994532ms
Round took 5.45025ms
Round took 5.036014ms
Round took 5.204537ms
Round took 4.516886ms
Round took 5.464937ms
Round took 5.371154ms
Round took 5.140032ms
Round took 5.225397ms
Round took 5.579918ms
Round took 4.309567ms
Round took 4.505095ms
Round took 5.442ms
Round took 5.011382ms
Round took 4.77627ms
Round took 4.934069ms
Round took 6.025692ms
Round took 4.186567ms
Round took 5.020166ms
Round took 4.713621ms
Round took 5.901911ms
Round took 5.498738ms
Round took 6.77103ms
Round took 5.093809ms
Round took 4.992023ms
Round took 4.686135ms
Round took 3.580625ms
Round took 4.609565ms
Round took 4.907979ms
Round took 6.506737ms
Round took 4.807184ms
Round took 4.717926ms
Round took 3.993031ms
Round took 5.989932ms
Round took 4.933455ms
Round took 4.873154ms
Round took 4.987386ms
Round took 4.540561ms
Round took 5.236677ms
Round took 4.712804ms
Round took 5.56635ms
Round took 4.388227ms
Round took 5.382118ms
Round took 4.986661ms
Round took 5.101515ms
Round took 5.472238ms
Round took 5.105221ms
Round took 5.216222ms
Round took 4.375818ms
Round took 5.155484ms
Round took 5.534136ms
Round took 4.535853ms
Round took 5.561736ms
Round took 4.991092ms
Round took 4.258501ms
Round took 5.164783ms
Round took 5.535708ms
Round took 4.93142ms
Round took 4.903191ms
Round took 4.594497ms
Round took 5.489093ms
Round took 5.619182ms
Round took 4.309404ms
Round took 4.79152ms
Round took 6.030325ms
Round took 5.235207ms
Round took 4.712638ms
Round took 5.718551ms
Round took 4.94123ms
Round took 5.227923ms
Round took 6.523042ms
Round took 6.588485ms
Round took 4.838993ms
Round took 4.912992ms
Round took 5.085613ms
Round took 5.228178ms
Round took 4.980381ms
Round took 5.354817ms
Round took 5.457588ms
Round took 4.887869ms
Round took 4.79494ms
Round took 5.531657ms
Round took 5.145999ms
Round took 4.66095ms
Round took 5.493549ms
Round took 4.476122ms
Round took 5.503283ms
Round took 4.70006ms
Round took 5.030463ms
Round took 5.72133ms
Round took 5.445418ms
Round took 4.744156ms
Round took 5.738971ms
Round took 5.004046ms
Round took 4.383847ms
Round took 4.624269ms
Round took 5.893753ms
Round took 5.594178ms
Round took 5.071249ms
Round took 4.587339ms
Round took 5.702151ms
Round took 4.896271ms
Round took 4.807133ms
Round took 5.394543ms
Round took 5.377586ms
Round took 4.590153ms
Round took 5.56672ms
Round took 4.814045ms
Round took 5.053127ms
Round took 5.174196ms
Round took 4.976258ms
Round took 6.155886ms
Round took 4.206278ms
Round took 5.663179ms
Round took 4.369599ms
Round took 5.290984ms
Round took 4.783573ms
Round took 5.860868ms
Round took 5.739842ms
Round took 4.629323ms
Round took 5.686837ms
Round took 4.430946ms
Round took 5.227813ms
Round took 4.784704ms
Round took 5.464967ms
Round took 5.41988ms
Round took 4.559547ms
Round took 5.565296ms
Round took 4.50159ms
Round took 5.196272ms
Round took 4.531054ms
Round took 5.88797ms
Round took 4.809679ms
Round took 3.930269ms
Round took 7.119748ms
Round took 5.634868ms
Round took 4.939073ms
Round took 4.725875ms
Round took 4.094809ms
Round took 4.84764ms
Round took 5.283758ms
Round took 4.806327ms
Round took 5.913264ms
Round took 4.409479ms
Round took 5.231998ms
Round took 4.524344ms
Round took 5.741105ms
Round took 4.49062ms
Round took 4.894953ms
Round took 4.895285ms
Round took 5.393917ms
Round took 5.301078ms
Round took 4.820232ms
Round took 6.664798ms
Round took 4.489401ms
Round took 4.213678ms
Round took 4.584155ms
Round took 5.956133ms
Round took 5.395838ms
Round took 4.712501ms
Round took 5.438563ms
Round took 4.876393ms
Round took 4.834195ms
Round took 4.667421ms
Round took 5.467579ms
Round took 5.794921ms
Round took 4.570951ms
Round took 5.851813ms
Round took 3.937624ms
Round took 5.019751ms
Round took 4.849742ms
Round took 5.799439ms
Round took 5.506718ms
Round took 4.261905ms
Round took 5.135972ms
Round took 5.948541ms
Round took 4.255493ms
Round took 4.527555ms
Round took 4.958119ms
Round took 5.040615ms
Round took 4.98276ms
Round took 5.268903ms
Round took 4.932885ms
Round took 5.832107ms
Round took 4.614319ms
Round took 5.164299ms
Round took 5.723609ms
Round took 4.341949ms
Round took 4.80936ms
Round took 6.875628ms
Round took 6.17664ms
Round took 5.410713ms
Round took 5.088956ms
Round took 4.695014ms
Round took 5.225969ms
Round took 4.86417ms
Round took 5.370896ms
Round took 4.736049ms
Round took 6.204121ms
Round took 4.157978ms
Round took 4.922146ms
Round took 4.980708ms
Round took 5.034928ms
Round took 5.388124ms
Round took 4.759663ms
Round took 4.930755ms
Round took 5.030734ms
Round took 5.359607ms
Round took 4.622629ms
Round took 5.243697ms
Round took 5.001939ms
Round took 4.927369ms
Round took 5.01921ms
Round took 5.6994ms
Round took 5.040032ms
Round took 5.392183ms
Round took 4.614453ms
Round took 5.084607ms
Round took 5.190974ms
Round took 5.038368ms
Round took 5.085447ms
Round took 5.397033ms
Round took 4.569599ms
Round took 5.125302ms
Round took 5.210557ms
Round took 5.172406ms
Round took 4.991408ms
Round took 5.762087ms
Round took 4.518353ms
Round took 4.990795ms
Round took 5.186524ms
Round took 5.313719ms
Round took 5.407972ms
Round took 4.412115ms
Round took 5.732345ms
Round took 5.247174ms
Round took 5.007237ms
Round took 4.578121ms
Round took 5.64224ms
Round took 4.735749ms
Round took 4.533066ms
Round took 5.56779ms
Round took 5.161821ms
Round took 4.908238ms
Round took 5.226678ms
Round took 4.591191ms
Round took 5.440667ms
Round took 5.205256ms
Round took 5.021043ms
Round took 5.983776ms
Round took 3.888253ms
Round took 5.753953ms
Round took 4.415963ms
Round took 5.13416ms
Round took 5.572646ms
Round took 4.554443ms
Round took 5.552486ms
Round took 4.814011ms
Round took 5.435505ms
Round took 4.253881ms
Round took 5.530091ms
Round took 5.050025ms
Round took 5.174659ms
Round took 4.957861ms
Round took 5.179871ms
Round took 4.797555ms
Round took 4.836694ms
Round took 4.917304ms
Round took 5.398854ms
Round took 4.7184ms
Round took 5.140089ms
Round took 4.740271ms
Round took 5.202908ms
Round took 5.467617ms
Round took 5.146045ms
Round took 5.724221ms
Round took 4.482997ms
Round took 5.133582ms
Round took 4.620681ms
Round took 5.819179ms
Round took 5.164542ms
Round took 5.045823ms
Round took 6.806488ms
Round took 5.324361ms
Round took 5.256878ms
Round took 3.706535ms
Round took 18.357057ms
Round took 5.048021ms
Round took 5.142068ms
Round took 4.835981ms
Round took 5.454791ms
Round took 6.23762ms
Round took 4.933587ms
Round took 5.572066ms
Round took 4.710589ms
Round took 4.959435ms
Round took 6.587844ms
Round took 5.52489ms
Round took 5.98383ms
Round took 3.418851ms
Round took 3.460401ms
Round took 6.409131ms
Round took 4.839905ms
Round took 5.763059ms
Round took 4.654219ms
Round took 5.162837ms
Round took 5.06279ms
Round took 5.306649ms
Round took 4.82449ms
Round took 4.38692ms
Round took 5.284991ms
Round took 5.587634ms
Round took 4.60481ms
Round took 4.437353ms
Round took 5.09557ms
Round took 5.649383ms
Round took 4.342814ms
Round took 5.531796ms
Round took 4.799903ms
Round took 5.782923ms
Round took 4.435854ms
Round took 5.095703ms
Round took 6.065659ms
Round took 4.191244ms
Round took 5.131845ms
Round took 4.667062ms
Round took 5.634294ms
Round took 5.555729ms
Round took 4.553521ms
Round took 5.417063ms
Round took 4.184212ms
Round took 7.153326ms
Round took 4.675184ms
Round took 4.513581ms
Round took 4.208388ms
Round took 4.892986ms
Round took 4.97124ms
Round took 5.45826ms
Round took 5.639781ms
Round took 4.479643ms
Round took 5.155003ms
Round took 4.093513ms
Round took 5.239174ms
Round took 4.683953ms
Round took 5.381284ms
Round took 5.776809ms
Round took 4.913539ms
Round took 4.826684ms
Round took 4.552134ms
Round took 5.457078ms
Round took 5.350616ms
Round took 4.933624ms
Round took 6.044155ms
Round took 3.996959ms
Round took 4.375359ms
Round took 5.448907ms
Round took 5.063737ms
Round took 5.199155ms
Round took 4.810363ms
Round took 4.834634ms
Round took 5.092227ms
Round took 5.292679ms
Round took 5.88203ms
Round took 4.811282ms
Round took 5.228485ms
Round took 4.863684ms
Round took 5.091299ms
Round took 5.035093ms
Round took 5.760625ms
Round took 3.811599ms
Round took 5.300632ms
Round took 5.044597ms
Round took 5.619532ms
Round took 4.216103ms
Round took 4.380002ms
Round took 6.563416ms
Round took 4.646388ms
Round took 4.89288ms
Round took 5.69821ms
Round took 4.744491ms
Round took 4.304709ms
Round took 5.071114ms
Round took 5.144446ms
Round took 5.434461ms
Round took 4.981968ms
Round took 4.378754ms
Round took 5.378075ms
Round took 5.348029ms
Round took 5.000628ms
Round took 4.661737ms
Round took 5.446416ms
Round took 4.757548ms
Round took 5.458533ms
Round took 4.370593ms
Round took 5.682765ms
Round took 4.904152ms
Round took 4.446452ms
Round took 5.164572ms
Round took 5.182976ms
Round took 4.814969ms
Round took 4.712017ms
Round took 5.142241ms
Round took 5.339542ms
Round took 4.696126ms
Round took 5.273029ms
Round took 4.918576ms
Round took 5.861867ms
Round took 4.43235ms
Round took 5.802543ms
Round took 5.07469ms
Round took 4.538837ms
Round took 4.658516ms
Round took 4.948262ms
Round took 5.707385ms
Round took 4.795379ms
Round took 5.018209ms
Round took 5.849161ms
Round took 4.987354ms
Round took 5.136106ms
Round took 5.510103ms
Round took 5.522011ms
Round took 4.410272ms
Round took 4.928543ms
Round took 5.847692ms
Round took 4.175293ms
Round took 5.124312ms
Round took 5.473899ms
Round took 5.18585ms
Round took 4.550427ms
Round took 5.471377ms
Round took 5.075233ms
Round took 5.297127ms
Round took 4.695674ms
Round took 6.466255ms
Round took 3.731252ms
Round took 6.070354ms
Round took 4.966598ms
Round took 5.035884ms
Round took 4.968894ms
Round took 5.136143ms
Round took 5.300241ms
Round took 5.121726ms
Round took 4.988567ms
Round took 4.891008ms
Round took 5.519725ms
Round took 3.873696ms
Round took 5.645901ms
Round took 5.317264ms
Round took 5.3315ms
Round took 4.912045ms
Round took 4.543984ms
Round took 5.613717ms
Round took 4.558941ms
Round took 4.56846ms
Round took 5.381935ms
Round took 4.85284ms
Round took 5.676647ms
Round took 5.359229ms
Round took 4.554611ms
Round took 5.315848ms
Round took 4.751038ms
Round took 5.655738ms
Round took 5.445042ms
Round took 5.00464ms
Round took 4.233968ms
Round took 5.082579ms
Round took 5.751523ms
Round took 3.964574ms
Round took 5.337922ms
Round took 5.352935ms
Round took 4.825484ms
Round took 5.045899ms
Round took 5.2249ms
Round took 4.678539ms
Round took 5.554399ms
Round took 5.286786ms
Round took 4.3759ms
Round took 5.202442ms
Round took 5.062588ms
Round took 6.054608ms
Round took 3.946036ms
Round took 5.54618ms
Round took 5.95999ms
Round took 4.43175ms
Round took 5.625919ms
Round took 4.164454ms
Round took 5.286636ms
Round took 4.845399ms
Round took 5.647418ms
Round took 5.113385ms
Round took 4.324632ms
Round took 5.539069ms
Round took 4.086017ms
Round took 5.335757ms
Round took 5.386768ms
Round took 4.615885ms
Round took 5.746709ms
Round took 4.366596ms
Round took 5.443384ms
Round took 5.361022ms
Round took 5.969797ms
Round took 6.061319ms
Round took 5.221464ms
Round took 5.050614ms
Round took 5.624335ms
Round took 4.622457ms
Round took 5.00574ms
Round took 4.927695ms
Round took 5.608241ms
Round took 4.914313ms
Round took 5.155073ms
Round took 4.988005ms
Round took 5.046343ms
Round took 5.177056ms
Round took 5.186808ms
Round took 5.483661ms
Round took 4.554128ms
Round took 4.966967ms
Round took 4.936121ms
Round took 5.076945ms
Round took 5.205176ms
Round took 4.916351ms
Round took 5.315196ms
Round took 5.197357ms
Round took 4.985872ms
Round took 4.896208ms
Round took 6.038963ms
Round took 4.527414ms
Round took 4.859306ms
Round took 5.024419ms
Round took 5.306383ms
Round took 4.729654ms
Round took 5.057875ms
Round took 5.419659ms
Round took 4.940419ms
Round took 4.961956ms
Round took 4.909294ms
Round took 4.984976ms
Round took 5.264255ms
Round took 4.912459ms
Round took 5.326553ms
Round took 5.240797ms
Round took 4.647672ms
Round took 4.97737ms
Round took 5.350618ms
Round took 4.846745ms
Round took 5.080945ms
Round took 4.968279ms
Round took 5.718858ms
Round took 4.39399ms
Round took 5.204294ms
Round took 4.784488ms
Round took 6.643733ms
Round took 4.852627ms
Round took 4.215635ms
Round took 5.148703ms
Round took 5.716631ms
Round took 4.361012ms
Round took 4.924038ms
Round took 5.202434ms
Round took 5.045157ms
Round took 5.35116ms
Round took 4.774675ms
Round took 5.507795ms
Round took 4.883215ms
Round took 5.105372ms
Round took 6.096377ms
Round took 4.056401ms
Round took 5.095662ms
Round took 5.084957ms
Round took 4.75523ms
Round took 5.691625ms
Round took 4.49141ms
Round took 5.19814ms
Round took 5.724392ms
Round took 4.249378ms
Round took 4.804645ms
Round took 5.331464ms
Round took 5.997482ms
Round took 4.611366ms
Round took 5.873721ms
Round took 5.611899ms
Round took 4.811364ms
Round took 5.660218ms
Round took 4.710001ms
Round took 4.099187ms
Round took 4.872345ms
Round took 4.374329ms
Round took 5.434474ms
Round took 4.525208ms
Round took 4.990777ms
Round took 5.362266ms
Round took 5.282901ms
Round took 4.969847ms
Round took 4.647968ms
Round took 5.296812ms
Round took 5.170395ms
Round took 4.637074ms
Round took 4.552219ms
Round took 5.0378ms
Round took 5.84911ms
Round took 4.468066ms
Round took 4.8828ms
Round took 5.854912ms
Round took 4.940067ms
Round took 4.720772ms
Round took 5.018199ms
Round took 5.749959ms
Round took 4.248565ms
Round took 5.490056ms
Round took 4.600451ms
Round took 5.612574ms
Round took 4.685796ms
Round took 4.964635ms
Round took 5.065523ms
Round took 5.177143ms
Round took 5.042164ms
Round took 5.308035ms
Round took 5.340143ms
Round took 4.474347ms
Round took 4.484116ms
Round took 5.00174ms
Round took 5.929401ms
Round took 4.361321ms
Round took 4.98291ms
Round took 5.196386ms
Round took 5.081322ms
Round took 5.443443ms
Round took 4.874991ms
Round took 5.739913ms
Round took 5.829836ms
Round took 4.709459ms
Round took 5.011883ms
Round took 4.462376ms
Round took 4.739761ms
Round took 4.373198ms
Round took 5.297733ms
Round took 5.881329ms
Round took 4.684108ms
Round took 4.783618ms
Round took 4.685141ms
Round took 5.467859ms
Round took 4.799418ms
Round took 4.960039ms
Round took 5.65544ms
Round took 4.622684ms
Round took 5.426646ms
Round took 4.490477ms
Round took 5.757497ms
Round took 4.851697ms
Round took 5.338052ms
Round took 5.351686ms
Round took 4.466201ms
Round took 5.29019ms
Round took 4.949907ms
Round took 5.96965ms
Round took 4.436351ms
Round took 5.160448ms
Round took 5.632077ms
Round took 4.556087ms
Round took 5.29484ms
Round took 4.367664ms
Round took 6.06699ms
Round took 4.481412ms
Round took 4.606002ms
Round took 4.905231ms
Round took 5.889198ms
Round took 4.94177ms
Round took 4.510159ms
Round took 5.106444ms
Round took 5.478404ms
Round took 5.04329ms
Round took 5.189085ms
Round took 5.588709ms
Round took 4.405312ms
Round took 5.087994ms
Round took 4.760383ms
Round took 6.012062ms
Round took 5.248452ms
Round took 4.802032ms
Round took 4.727971ms
Round took 5.518532ms
Round took 4.517398ms
Round took 5.558022ms
Round took 5.380555ms
Round took 4.319567ms
Round took 5.037193ms
Round took 4.986463ms
Round took 5.288353ms
Round took 5.065408ms
Round took 4.380833ms
Round took 5.084964ms
Round took 5.31817ms
Round took 5.148355ms
Round took 4.888807ms
Round took 5.640349ms
Round took 4.589678ms
Round took 5.643019ms
Round took 4.313963ms
Round took 6.018986ms
Round took 4.919472ms
Round took 5.078695ms
Round took 4.659013ms
Round took 5.762261ms
Round took 4.108468ms
Round took 5.28562ms
Round took 4.832379ms
Round took 4.984463ms
Round took 5.950761ms
Round took 4.712608ms
Round took 6.013622ms
Round took 4.020913ms
Round took 5.156306ms
Round took 4.839845ms
Round took 5.545815ms
Round took 5.213283ms
Round took 4.463141ms
Round took 5.841562ms
Round took 4.406776ms
Round took 5.006053ms
Round took 4.739486ms
Round took 5.192647ms
Round took 5.047211ms
Round took 4.934371ms
Round took 5.253ms
Round took 5.123208ms
Round took 5.024011ms
Round took 4.570478ms
Round took 4.938282ms
Round took 5.391662ms
Round took 4.944035ms
Round took 4.812279ms
Round took 4.90869ms
Round took 5.986076ms
Round took 4.066157ms
Round took 4.976796ms
Round took 5.733186ms
Round took 5.300054ms
Round took 4.478447ms
Round took 5.106815ms
Round took 5.207736ms
Round took 5.122415ms
Round took 4.879898ms
Round took 5.367363ms
Round took 6.914417ms
Round took 4.449341ms
Round took 4.520139ms
Round took 3.919914ms
Round took 5.231692ms
Round took 5.079706ms
Round took 5.589346ms
Round took 4.994443ms
Round took 5.713521ms
Round took 4.318026ms
Round took 6.527723ms
Round took 4.449669ms
Round took 4.924524ms
Round took 4.987053ms
Round took 5.139725ms
Round took 4.903257ms
Round took 5.145541ms
Round took 4.92175ms
Round took 5.204365ms
Round took 4.862523ms
Round took 5.016203ms
Round took 5.542929ms
Round took 4.574861ms
Round took 4.849209ms
Round took 5.526051ms
Round took 5.020895ms
Round took 4.99069ms
Round took 5.089705ms
Round took 5.005828ms
Round took 6.479812ms
Round took 5.068591ms
Round took 5.131117ms
Round took 5.199623ms
Round took 4.88522ms
Round took 3.742514ms
Round took 5.245089ms
Round took 5.257314ms
Round took 5.661475ms
Round took 4.438658ms
Round took 6.988385ms
Round took 6.35992ms
Round took 4.373514ms
Round took 4.74178ms
Round took 4.735459ms
Round took 4.687984ms
Round took 3.565068ms
Round took 5.293091ms
Round took 5.483198ms
Round took 4.470411ms
Round took 5.024638ms
Round took 5.095522ms
Round took 5.018543ms
Round took 5.877626ms
Round took 6.031307ms
Round took 4.205412ms
Round took 5.208752ms
Round took 4.704288ms
Round took 5.294796ms
Round took 5.233332ms
Round took 4.321941ms
Round took 5.052779ms
Round took 5.317236ms
Round took 4.503319ms
Round took 5.229316ms
Round took 5.239215ms
Round took 5.777343ms
Round took 4.239376ms
Round took 5.438756ms
Round took 4.691731ms
Round took 5.193011ms
Round took 5.111241ms
Round took 4.702253ms
Round took 6.113967ms
Round took 4.618697ms
Round took 4.419276ms
Round took 4.488807ms
Round took 6.021245ms
Round took 4.32273ms
Round took 5.316036ms
Round took 4.882335ms
Round took 5.248725ms
Round took 5.104582ms
Round took 4.724386ms
Round took 5.421153ms
Round took 5.175896ms
Round took 5.139489ms
Round took 5.054858ms
Round took 5.120604ms
Round took 4.769767ms
Round took 5.009109ms
Round took 5.214882ms
Round took 5.52455ms
Round took 4.817479ms
Round took 4.810878ms
Round took 4.272832ms
Round took 6.240264ms
Round took 4.947298ms
Round took 6.066088ms
Round took 5.561524ms
Round took 4.167961ms
Round took 4.441497ms
Round took 4.744512ms
Round took 5.725857ms
Round took 4.791569ms
Round took 5.17505ms
Round took 6.386577ms
Round took 4.366158ms
Round took 5.053832ms
Round took 4.872266ms
Round took 5.282603ms
Round took 5.152195ms
Round took 4.853667ms
Round took 5.571837ms
Round took 4.705022ms
Round took 5.176244ms
Round took 4.928249ms
Round took 4.954229ms
Round took 5.130336ms
Round took 5.115739ms
Round took 4.942241ms
Round took 5.252529ms
Round took 5.004441ms
Round took 4.995538ms
Round took 5.234871ms
Round took 5.070611ms
Round took 5.280458ms
Round took 4.664111ms
Round took 5.185801ms
Round took 5.18437ms
Round took 5.063713ms
Round took 5.457269ms
Round took 5.288417ms
Round took 4.098646ms
Round took 5.000518ms
Round took 5.348533ms
Test took 5.136810932s
Successful: 10000
