Uniform distribution
2021/04/16 21:40:47 The leader is replica 0
Round took 5.642543ms
Round took 2.855157ms
Round took 8.655449ms
Round took 7.703041ms
Round took 6.518253ms
Round took 3.297113ms
Round took 4.722965ms
Round took 4.888648ms
Round took 5.003285ms
Round took 5.104904ms
Round took 4.977459ms
Round took 5.352789ms
Round took 5.002743ms
Round took 5.167031ms
Round took 5.23305ms
Round took 4.837255ms
Round took 5.155028ms
Round took 4.777908ms
Round took 5.188907ms
Round took 5.405168ms
Round took 4.83165ms
Round took 5.116893ms
Round took 5.045849ms
Round took 5.551255ms
Round took 4.56025ms
Round took 5.054043ms
Round took 6.229084ms
Round took 4.656709ms
Round took 4.626036ms
Round took 5.259535ms
Round took 5.936135ms
Round took 4.701558ms
Round took 5.493301ms
Round took 4.90458ms
Round took 5.415781ms
Round took 4.254522ms
Round took 7.859244ms
Round took 5.900013ms
Round took 5.132931ms
Round took 5.345044ms
Round took 5.222266ms
Round took 4.576901ms
Round took 5.098683ms
Round took 5.571775ms
Round took 4.482076ms
Round took 5.201444ms
Round took 4.899215ms
Round took 5.333432ms
Round took 6.374951ms
Round took 6.484673ms
Round took 6.044519ms
Round took 6.447511ms
Round took 6.672864ms
Round took 6.980808ms
Round took 6.329798ms
Round took 4.019556ms
Round took 5.742354ms
Round took 5.822054ms
Round took 4.262766ms
Round took 4.899614ms
Round took 4.858216ms
Round took 4.755186ms
Round took 5.572134ms
Round took 5.15539ms
Round took 5.266431ms
Round took 5.58888ms
Round took 5.022892ms
Round took 5.416623ms
Round took 4.826549ms
Round took 4.954708ms
Round took 4.867508ms
Round took 5.189809ms
Round took 5.622458ms
Round took 4.745421ms
Round took 4.476342ms
Round took 4.909388ms
Round took 5.378131ms
Round took 4.896704ms
Round took 5.094009ms
Round took 5.71786ms
Round took 4.410889ms
Round took 5.14429ms
Round took 4.716707ms
Round took 7.134143ms
Round took 4.204127ms
Round took 5.428878ms
Round took 6.371388ms
Round took 7.250108ms
Round took 7.645058ms
Round took 7.067171ms
Round took 4.435679ms
Round took 6.033436ms
Round took 6.124617ms
Round took 6.527424ms
Round took 4.238066ms
Round took 5.69034ms
Round took 5.089121ms
Round took 5.24698ms
Round took 4.940025ms
Round took 5.25757ms
Round took 6.753648ms
Round took 4.709346ms
Round took 5.520223ms
Round took 4.143007ms
Round took 3.60115ms
Round took 6.009167ms
Round took 5.164806ms
Round took 5.459675ms
Round took 4.952014ms
Round took 4.737746ms
Round took 5.135816ms
Round took 5.367183ms
Round took 4.70423ms
Round took 5.157565ms
Round took 4.866648ms
Round took 7.348027ms
Round took 4.749006ms
Round took 4.219257ms
Round took 5.500413ms
Round took 5.021047ms
Round took 4.763256ms
Round took 5.413126ms
Round took 5.036535ms
Round took 4.788885ms
Round took 4.777277ms
Round took 5.238484ms
Round took 5.642511ms
Round took 4.618248ms
Round took 4.546524ms
Round took 5.423155ms
Round took 4.993997ms
Round took 4.809564ms
Round took 5.915396ms
Round took 4.975482ms
Round took 5.215118ms
Round took 4.654549ms
Round took 5.728253ms
Round took 6.015178ms
Round took 5.430492ms
Round took 5.278752ms
Round took 4.681809ms
Round took 4.750779ms
Round took 6.082734ms
Round took 6.593313ms
Round took 5.23544ms
Round took 5.049475ms
Round took 4.745842ms
Round took 5.315789ms
Round took 4.931108ms
Round took 4.87609ms
Round took 5.348451ms
Round took 5.819774ms
Round took 4.432851ms
Round took 5.27863ms
Round took 6.367699ms
Round took 4.232164ms
Round took 4.199539ms
Round took 5.181345ms
Round took 5.875121ms
Round took 5.029334ms
Round took 5.094549ms
Round took 4.977106ms
Round took 5.194522ms
Round took 4.8769ms
Round took 5.574423ms
Round took 4.909214ms
Round took 5.013733ms
Round took 4.906052ms
Round took 5.486321ms
Round took 6.044731ms
Round took 4.489905ms
Round took 5.292885ms
Round took 5.341555ms
Round took 4.956177ms
Round took 5.693083ms
Round took 4.038907ms
Round took 5.456867ms
Round took 5.477589ms
Round took 5.397375ms
Round took 5.012631ms
Round took 5.515693ms
Round took 4.757324ms
Round took 4.001637ms
Round took 5.309973ms
Round took 5.198246ms
Round took 4.722905ms
Round took 5.724882ms
Round took 5.475382ms
Round took 6.311203ms
Round took 5.033196ms
Round took 5.342762ms
Round took 6.150368ms
Round took 6.791429ms
Round took 5.251884ms
Round took 5.031483ms
Round took 4.669473ms
Round took 3.508515ms
Round took 5.543984ms
Round took 4.731755ms
Round took 5.516725ms
Round took 5.833092ms
Round took 4.660876ms
Round took 4.015706ms
Round took 5.517079ms
Round took 5.469467ms
Round took 4.84664ms
Round took 5.000482ms
Round took 4.519623ms
Round took 6.403028ms
Round took 4.660269ms
Round took 5.718893ms
Round took 4.518657ms
Round took 5.033015ms
Round took 5.062965ms
Round took 5.884086ms
Round took 4.807228ms
Round took 5.023501ms
Round took 5.700924ms
Round took 4.662233ms
Round took 4.36862ms
Round took 5.488417ms
Round took 5.14038ms
Round took 5.099796ms
Round took 5.373635ms
Round took 4.509307ms
Round took 6.169806ms
Round took 6.553442ms
Round took 4.984839ms
Round took 4.654729ms
Round took 5.174664ms
Round took 5.744422ms
Round took 4.454525ms
Round took 4.831644ms
Round took 5.373003ms
Round took 6.77227ms
Round took 4.927026ms
Round took 5.832427ms
Round took 5.01938ms
Round took 5.319098ms
Round took 5.015438ms
Round took 4.109026ms
Round took 5.933333ms
Round took 4.884997ms
Round took 5.706757ms
Round took 4.805714ms
Round took 5.10168ms
Round took 5.514941ms
Round took 4.843853ms
Round took 4.983691ms
Round took 5.151505ms
Round took 5.956866ms
Round took 4.537923ms
Round took 4.889504ms
Round took 5.15552ms
Round took 5.678974ms
Round took 4.518084ms
Round took 5.512218ms
Round took 5.680679ms
Round took 5.964701ms
Round took 5.6769ms
Round took 4.750023ms
Round took 5.142015ms
Round took 5.308722ms
Round took 4.952207ms
Round took 4.704459ms
Round took 5.341727ms
Round took 5.76431ms
Round took 5.055997ms
Round took 4.619479ms
Round took 5.820712ms
Round took 4.827588ms
Round took 4.810389ms
Round took 5.005028ms
Round took 5.625105ms
Round took 4.447394ms
Round took 5.272483ms
Round took 5.068135ms
Round took 5.765163ms
Round took 4.997542ms
Round took 5.029457ms
Round took 6.126055ms
Round took 4.163954ms
Round took 5.216165ms
Round took 4.863577ms
Round took 5.2183ms
Round took 4.866021ms
Round took 4.937829ms
Round took 6.057026ms
Round took 4.60204ms
Round took 5.119231ms
Round took 4.610997ms
Round took 6.074812ms
Round took 4.870966ms
Round took 5.423921ms
Round took 5.426857ms
Round took 4.500602ms
Round took 5.233547ms
Round took 5.024833ms
Round took 5.036205ms
Round took 4.511924ms
Round took 5.932187ms
Round took 5.902134ms
Round took 6.657384ms
Round took 5.800588ms
Round took 5.841039ms
Round took 3.980844ms
Round took 4.098136ms
Round took 4.868442ms
Round took 5.681348ms
Round took 5.009656ms
Round took 5.395722ms
Round took 4.868183ms
Round took 5.556101ms
Round took 4.460953ms
Round took 4.969804ms
Round took 5.839441ms
Round took 4.802145ms
Round took 4.919964ms
Round took 5.376109ms
Round took 5.361879ms
Round took 4.841063ms
Round took 7.234681ms
Round took 4.651054ms
Round took 4.304282ms
Round took 4.51795ms
Round took 4.945128ms
Round took 5.605707ms
Round took 4.691277ms
Round took 5.439555ms
Round took 4.826326ms
Round took 4.846736ms
Round took 4.694707ms
Round took 5.438194ms
Round took 5.745364ms
Round took 4.663108ms
Round took 5.891243ms
Round took 3.983892ms
Round took 5.075768ms
Round took 4.870196ms
Round took 5.774127ms
Round took 5.515402ms
Round took 4.278221ms
Round took 5.141139ms
Round took 5.97455ms
Round took 4.466995ms
Round took 4.770726ms
Round took 4.987743ms
Round took 6.186106ms
Round took 6.209182ms
Round took 5.032323ms
Round took 5.265281ms
Round took 5.004378ms
Round took 5.87571ms
Round took 5.13721ms
Round took 4.840265ms
Round took 5.089933ms
Round took 5.672154ms
Round took 5.100344ms
Round took 5.321813ms
Round took 4.958809ms
Round took 5.167636ms
Round took 4.646549ms
Round took 6.796523ms
Round took 3.87744ms
Round took 7.834958ms
Round took 6.117606ms
Round took 5.65428ms
Round took 5.072797ms
Round took 6.210068ms
Round took 4.465699ms
Round took 5.515832ms
Round took 5.732325ms
Round took 4.250028ms
Round took 5.024875ms
Round took 6.213462ms
Round took 4.245183ms
Round took 5.504222ms
Round took 4.492887ms
Round took 5.249589ms
Round took 4.807187ms
Round took 5.458936ms
Round took 5.126851ms
Round took 5.305697ms
Round took 4.831517ms
Round took 4.870177ms
Round took 6.141873ms
Round took 4.501787ms
Round took 4.818068ms
Round took 5.968254ms
Round took 4.008135ms
Round took 5.602825ms
Round took 4.720363ms
Round took 7.130157ms
Round took 5.628029ms
Round took 4.554706ms
Round took 5.084919ms
Round took 5.168235ms
Round took 5.033464ms
Round took 5.374427ms
Round took 4.604326ms
Round took 5.633194ms
Round took 5.155681ms
Round took 4.957391ms
Round took 4.758393ms
Round took 5.660277ms
Round took 4.715468ms
Round took 5.865934ms
Round took 6.659409ms
Round took 4.266881ms
Round took 4.957702ms
Round took 5.684713ms
Round took 4.651314ms
Round took 4.884865ms
Round took 5.227618ms
Round took 5.256241ms
Round took 5.947026ms
Round took 4.133936ms
Round took 6.639326ms
Round took 4.608362ms
Round took 4.210008ms
Round took 5.518197ms
Round took 4.549957ms
Round took 5.371946ms
Round took 4.695358ms
Round took 5.873842ms
Round took 3.724217ms
Round took 5.515096ms
Round took 5.013413ms
Round took 4.911715ms
Round took 5.960131ms
Round took 4.412208ms
Round took 4.898111ms
Round took 5.234483ms
Round took 5.059264ms
Round took 5.281245ms
Round took 4.821533ms
Round took 5.888801ms
Round took 4.15437ms
Round took 5.150062ms
Round took 7.215154ms
Round took 6.149146ms
Round took 4.416141ms
Round took 5.133462ms
Round took 4.678618ms
Round took 5.818541ms
Round took 5.190658ms
Round took 5.031075ms
Round took 6.602819ms
Round took 5.352531ms
Round took 5.618288ms
Round took 3.716232ms
Round took 17.883617ms
Round took 5.014598ms
Round took 5.076041ms
Round took 4.892342ms
Round took 5.253729ms
Round took 5.633925ms
Round took 5.595248ms
Round took 4.629822ms
Round took 4.787522ms
Round took 4.979133ms
Round took 5.078817ms
Round took 5.725254ms
Round took 5.349725ms
Round took 5.063253ms
Round took 3.376047ms
Round took 5.701458ms
Round took 5.469663ms
Round took 4.936179ms
Round took 4.829765ms
Round took 4.948702ms
Round took 5.606513ms
Round took 4.817549ms
Round took 5.066735ms
Round took 4.972342ms
Round took 5.02889ms
Round took 5.289861ms
Round took 4.901721ms
Round took 5.062992ms
Round took 6.73489ms
Round took 5.581968ms
Round took 4.357589ms
Round took 5.589314ms
Round took 4.78662ms
Round took 5.67336ms
Round took 4.404591ms
Round took 5.061378ms
Round took 6.071858ms
Round took 3.635971ms
Round took 5.46215ms
Round took 4.958079ms
Round took 4.767558ms
Round took 6.673141ms
Round took 4.488098ms
Round took 5.419664ms
Round took 4.143829ms
Round took 7.128699ms
Round took 4.674036ms
Round took 4.515751ms
Round took 4.61541ms
Round took 5.151158ms
Round took 4.923053ms
Round took 5.185362ms
Round took 5.980748ms
Round took 4.383883ms
Round took 5.573732ms
Round took 4.048317ms
Round took 5.69084ms
Round took 4.181195ms
Round took 5.622873ms
Round took 5.653157ms
Round took 4.897989ms
Round took 4.922579ms
Round took 4.804647ms
Round took 4.852941ms
Round took 5.295965ms
Round took 4.951549ms
Round took 6.037824ms
Round took 3.769752ms
Round took 4.891259ms
Round took 5.999628ms
Round took 4.59101ms
Round took 5.154674ms
Round took 4.981973ms
Round took 5.811321ms
Round took 5.388092ms
Round took 7.057668ms
Round took 4.48529ms
Round took 5.13143ms
Round took 5.430398ms
Round took 5.214316ms
Round took 4.50061ms
Round took 7.35602ms
Round took 3.993543ms
Round took 5.335841ms
Round took 4.574989ms
Round took 6.057838ms
Round took 4.68611ms
Round took 4.33815ms
Round took 5.469369ms
Round took 5.086949ms
Round took 4.835808ms
Round took 4.963576ms
Round took 5.92715ms
Round took 4.419878ms
Round took 5.223256ms
Round took 4.772752ms
Round took 5.636796ms
Round took 5.021156ms
Round took 4.545435ms
Round took 5.386638ms
Round took 5.473331ms
Round took 5.007663ms
Round took 4.698568ms
Round took 5.412571ms
Round took 4.786837ms
Round took 5.397867ms
Round took 4.34379ms
Round took 5.672675ms
Round took 6.002154ms
Round took 5.214166ms
Round took 5.961787ms
Round took 4.486748ms
Round took 5.210725ms
Round took 3.87523ms
Round took 5.457485ms
Round took 4.495512ms
Round took 4.702499ms
Round took 6.556366ms
Round took 3.194175ms
Round took 5.894079ms
Round took 5.361846ms
Round took 5.827618ms
Round took 4.940554ms
Round took 4.447357ms
Round took 4.873988ms
Round took 5.089824ms
Round took 4.631518ms
Round took 4.956652ms
Round took 8.021811ms
Round took 5.342951ms
Round took 5.141755ms
Round took 4.863127ms
Round took 5.746097ms
Round took 4.72105ms
Round took 4.954369ms
Round took 5.318783ms
Round took 4.793869ms
Round took 5.93192ms
Round took 5.115731ms
Round took 5.753638ms
Round took 4.48906ms
Round took 5.385444ms
Round took 5.090248ms
Round took 5.036049ms
Round took 4.700516ms
Round took 6.11078ms
Round took 4.098175ms
Round took 5.908237ms
Round took 4.713614ms
Round took 4.631299ms
Round took 5.549273ms
Round took 5.16037ms
Round took 4.828683ms
Round took 6.231331ms
Round took 4.801557ms
Round took 4.916618ms
Round took 7.222671ms
Round took 5.556536ms
Round took 4.991656ms
Round took 5.067954ms
Round took 4.855098ms
Round took 5.254178ms
Round took 5.117973ms
Round took 4.649756ms
Round took 5.104196ms
Round took 5.225762ms
Round took 4.901203ms
Round took 5.506885ms
Round took 5.561403ms
Round took 4.495431ms
Round took 4.8945ms
Round took 5.027614ms
Round took 5.603247ms
Round took 4.963488ms
Round took 5.001485ms
Round took 5.080838ms
Round took 6.013624ms
Round took 5.288049ms
Round took 4.488984ms
Round took 5.380086ms
Round took 5.312521ms
Round took 4.378512ms
Round took 5.485107ms
Round took 5.28153ms
Round took 4.595842ms
Round took 5.19848ms
Round took 5.732998ms
Round took 4.287848ms
Round took 5.257643ms
Round took 4.719793ms
Round took 6.338948ms
Round took 3.858556ms
Round took 5.189422ms
Round took 5.887845ms
Round took 4.691027ms
Round took 5.116031ms
Round took 4.764227ms
Round took 5.264105ms
Round took 4.851998ms
Round took 4.910285ms
Round took 5.330429ms
Round took 5.438511ms
Round took 5.575305ms
Round took 4.216201ms
Round took 5.309575ms
Round took 5.530906ms
Round took 4.559988ms
Round took 5.719307ms
Round took 4.426191ms
Round took 5.386099ms
Round took 5.049697ms
Round took 4.912935ms
Round took 5.905259ms
Round took 4.05816ms
Round took 5.234948ms
Round took 5.082371ms
Round took 5.418992ms
Round took 4.631739ms
Round took 5.244743ms
Round took 5.902617ms
Round took 4.726717ms
Round took 4.978381ms
Round took 5.683832ms
Round took 4.810237ms
Round took 5.082517ms
Round took 5.531433ms
Round took 5.070786ms
Round took 5.215605ms
Round took 4.52169ms
Round took 5.598295ms
Round took 4.885763ms
Round took 4.82516ms
Round took 6.598973ms
Round took 5.733541ms
Round took 4.997627ms
Round took 5.1797ms
Round took 4.862612ms
Round took 6.056534ms
Round took 4.578926ms
Round took 4.858929ms
Round took 5.074365ms
Round took 5.298134ms
Round took 4.7528ms
Round took 5.005465ms
Round took 5.401201ms
Round took 4.942784ms
Round took 5.021609ms
Round took 4.886239ms
Round took 5.057673ms
Round took 5.484869ms
Round took 4.849905ms
Round took 5.287742ms
Round took 5.173123ms
Round took 5.652841ms
Round took 4.986523ms
Round took 5.384836ms
Round took 4.696288ms
Round took 5.006055ms
Round took 5.001521ms
Round took 6.474326ms
Round took 4.090507ms
Round took 5.153538ms
Round took 4.764136ms
Round took 6.53165ms
Round took 5.224393ms
Round took 4.182497ms
Round took 5.818424ms
Round took 4.899692ms
Round took 4.584766ms
Round took 4.97039ms
Round took 6.043103ms
Round took 3.962667ms
Round took 5.300182ms
Round took 4.890146ms
Round took 5.069854ms
Round took 4.928097ms
Round took 5.141027ms
Round took 6.094518ms
Round took 3.978671ms
Round took 5.22157ms
Round took 5.082457ms
Round took 4.58958ms
Round took 5.632572ms
Round took 4.945918ms
Round took 5.948823ms
Round took 5.462834ms
Round took 4.301648ms
Round took 4.705351ms
Round took 5.705498ms
Round took 4.751978ms
Round took 4.648786ms
Round took 5.808952ms
Round took 5.66197ms
Round took 4.656679ms
Round took 5.756075ms
Round took 4.742287ms
Round took 4.297495ms
Round took 4.778697ms
Round took 4.325685ms
Round took 5.850678ms
Round took 4.744113ms
Round took 5.145798ms
Round took 5.77789ms
Round took 5.035399ms
Round took 5.064281ms
Round took 5.072477ms
Round took 5.142658ms
Round took 4.590422ms
Round took 4.839471ms
Round took 5.376833ms
Round took 5.498685ms
Round took 5.17416ms
Round took 4.356833ms
Round took 5.130747ms
Round took 5.262022ms
Round took 5.303874ms
Round took 4.458661ms
Round took 6.101526ms
Round took 5.210965ms
Round took 4.289437ms
Round took 5.906889ms
Round took 4.003569ms
Round took 5.71773ms
Round took 4.998534ms
Round took 5.34181ms
Round took 4.72393ms
Round took 4.817036ms
Round took 5.610401ms
Round took 5.099547ms
Round took 4.988792ms
Round took 4.762076ms
Round took 7.132856ms
Round took 5.8755ms
Round took 4.364563ms
Round took 5.033201ms
Round took 5.160927ms
Round took 4.926602ms
Round took 5.040143ms
Round took 5.054191ms
Round took 5.147475ms
Round took 6.484374ms
Round took 4.595526ms
Round took 4.769198ms
Round took 4.441908ms
Round took 6.631189ms
Round took 4.685702ms
Round took 6.443812ms
Round took 4.981305ms
Round took 4.863253ms
Round took 5.075267ms
Round took 4.042214ms
Round took 5.480529ms
Round took 4.797723ms
Round took 5.483096ms
Round took 5.288778ms
Round took 4.567402ms
Round took 5.350544ms
Round took 4.614481ms
Round took 5.441659ms
Round took 4.964663ms
Round took 5.282222ms
Round took 5.358175ms
Round took 4.369852ms
Round took 5.303083ms
Round took 5.921476ms
Round took 5.389096ms
Round took 4.613832ms
Round took 5.507808ms
Round took 5.64067ms
Round took 4.593739ms
Round took 6.065856ms
Round took 6.389086ms
Round took 4.936838ms
Round took 4.93448ms
Round took 4.980896ms
Round took 5.014495ms
Round took 5.314368ms
Round took 5.314717ms
Round took 5.123004ms
Round took 5.15592ms
Round took 4.977294ms
Round took 5.065111ms
Round took 5.297032ms
Round took 4.935782ms
Round took 5.769999ms
Round took 4.724786ms
Round took 5.96293ms
Round took 5.213853ms
Round took 4.791019ms
Round took 4.684635ms
Round took 5.605993ms
Round took 4.593267ms
Round took 6.345963ms
Round took 4.645404ms
Round took 4.435682ms
Round took 5.151558ms
Round took 5.201938ms
Round took 6.281009ms
Round took 4.944576ms
Round took 4.892961ms
Round took 6.013845ms
Round took 3.806834ms
Round took 5.199028ms
Round took 5.077236ms
Round took 5.013715ms
Round took 4.845641ms
Round took 6.128559ms
Round took 4.716107ms
Round took 5.162451ms
Round took 5.026326ms
Round took 5.904732ms
Round took 4.144563ms
Round took 5.837988ms
Round took 4.665164ms
Round took 5.387321ms
Round took 5.939194ms
Round took 6.383223ms
Round took 4.788881ms
Round took 5.817562ms
Round took 4.126838ms
Round took 5.732314ms
Round took 4.900119ms
Round took 5.50556ms
Round took 5.256287ms
Round took 4.449412ms
Round took 5.890288ms
Round took 4.372216ms
Round took 5.033142ms
Round took 4.720722ms
Round took 5.272143ms
Round took 5.05637ms
Round took 4.956712ms
Round took 5.25648ms
Round took 5.131157ms
Round took 5.64043ms
Round took 5.114951ms
Round took 4.555537ms
Round took 5.464687ms
Round took 4.988639ms
Round took 5.028953ms
Round took 4.998026ms
Round took 5.099234ms
Round took 4.412449ms
Round took 4.9663ms
Round took 5.719979ms
Round took 5.393206ms
Round took 4.592785ms
Round took 4.98065ms
Round took 6.084697ms
Round took 5.087989ms
Round took 5.181682ms
Round took 6.486349ms
Round took 5.673849ms
Round took 4.637032ms
Round took 4.098032ms
Round took 4.271709ms
Round took 5.281785ms
Round took 5.233292ms
Round took 6.062533ms
Round took 4.928546ms
Round took 6.583201ms
Round took 6.567458ms
Round took 4.760916ms
Round took 4.912133ms
Round took 5.071026ms
Round took 5.172395ms
Round took 4.918942ms
Round took 5.099442ms
Round took 5.025803ms
Round took 5.174439ms
Round took 4.994042ms
Round took 5.057744ms
Round took 5.473387ms
Round took 5.054087ms
Round took 4.879682ms
Round took 5.525906ms
Round took 5.305872ms
Round took 4.896886ms
Round took 5.167852ms
Round took 5.843456ms
Round took 5.568247ms
Round took 5.302625ms
Round took 5.245044ms
Round took 5.166999ms
Round took 4.719757ms
Round took 3.817967ms
Round took 5.31251ms
Round took 5.241703ms
Round took 5.739421ms
Round took 4.84646ms
Round took 7.308662ms
Round took 6.189497ms
Round took 4.821313ms
Round took 4.573817ms
Round took 5.394756ms
Round took 3.469828ms
Round took 3.589075ms
Round took 5.846002ms
Round took 5.223726ms
Round took 4.764892ms
Round took 6.326618ms
Round took 6.191826ms
Round took 5.894257ms
Round took 5.459747ms
Round took 4.601958ms
Round took 5.344523ms
Round took 4.675833ms
Round took 5.032991ms
Round took 6.971154ms
Round took 4.246821ms
Round took 5.003509ms
Round took 5.436697ms
Round took 4.479917ms
Round took 5.241845ms
Round took 5.352871ms
Round took 5.764589ms
Round took 4.267901ms
Round took 5.389272ms
Round took 4.599798ms
Round took 5.150468ms
Round took 5.108678ms
Round took 4.830473ms
Round took 6.329732ms
Round took 4.467747ms
Round took 4.549974ms
Round took 4.216081ms
Round took 6.105662ms
Round took 4.253647ms
Round took 5.347559ms
Round took 5.992895ms
Round took 4.710395ms
Round took 5.131866ms
Round took 4.504261ms
Round took 6.25827ms
Round took 4.954486ms
Round took 5.302934ms
Round took 5.220183ms
Round took 4.764354ms
Round took 4.797433ms
Round took 5.731706ms
Round took 5.389209ms
Round took 4.63528ms
Round took 4.921882ms
Round took 5.392476ms
Round took 4.223911ms
Round took 6.951566ms
Round took 6.636061ms
Round took 5.82318ms
Round took 3.989268ms
Test took 5.229693534s
Successful: 10000
