Uniform distribution
2021/04/16 21:40:47 The leader is replica 0
Round took 5.271455ms
Round took 1.887912ms
Round took 5.468508ms
Round took 4.002198ms
Round took 9.035594ms
Round took 7.535153ms
Round took 6.874727ms
Round took 3.286648ms
Round took 4.680619ms
Round took 4.693402ms
Round took 5.077202ms
Round took 5.04904ms
Round took 5.084248ms
Round took 5.003328ms
Round took 5.138276ms
Round took 4.94996ms
Round took 5.219786ms
Round took 4.931015ms
Round took 5.283874ms
Round took 4.743626ms
Round took 5.167159ms
Round took 5.192148ms
Round took 4.829997ms
Round took 4.91469ms
Round took 5.003885ms
Round took 5.013161ms
Round took 5.067261ms
Round took 5.106987ms
Round took 5.502191ms
Round took 5.316501ms
Round took 4.486134ms
Round took 5.092449ms
Round took 5.366449ms
Round took 4.876152ms
Round took 5.059252ms
Round took 4.960547ms
Round took 5.109051ms
Round took 5.127487ms
Round took 5.130729ms
Round took 7.014615ms
Round took 3.964534ms
Round took 5.147404ms
Round took 5.452645ms
Round took 5.243696ms
Round took 4.38155ms
Round took 5.204719ms
Round took 5.476454ms
Round took 4.504764ms
Round took 5.404618ms
Round took 4.693976ms
Round took 5.777982ms
Round took 5.666968ms
Round took 6.56097ms
Round took 5.938784ms
Round took 6.596759ms
Round took 7.160748ms
Round took 8.59599ms
Round took 4.019343ms
Round took 3.995366ms
Round took 5.83265ms
Round took 5.172191ms
Round took 4.19325ms
Round took 4.851597ms
Round took 4.866615ms
Round took 4.810272ms
Round took 5.611056ms
Round took 4.882259ms
Round took 5.19605ms
Round took 5.59925ms
Round took 5.059135ms
Round took 4.894415ms
Round took 5.323517ms
Round took 5.265647ms
Round took 4.82931ms
Round took 5.214589ms
Round took 5.659704ms
Round took 4.695158ms
Round took 4.490438ms
Round took 4.931612ms
Round took 5.368107ms
Round took 4.884202ms
Round took 5.083664ms
Round took 5.752536ms
Round took 4.409557ms
Round took 5.240816ms
Round took 4.814847ms
Round took 7.134853ms
Round took 4.214369ms
Round took 5.431004ms
Round took 6.370486ms
Round took 7.235545ms
Round took 7.646679ms
Round took 6.853257ms
Round took 4.249468ms
Round took 6.015247ms
Round took 6.176324ms
Round took 6.500523ms
Round took 4.221359ms
Round took 5.679085ms
Round took 5.071875ms
Round took 5.229477ms
Round took 4.968331ms
Round took 5.531347ms
Round took 6.592029ms
Round took 4.777711ms
Round took 5.871599ms
Round took 3.70372ms
Round took 3.611236ms
Round took 6.015984ms
Round took 5.212761ms
Round took 5.488299ms
Round took 5.02925ms
Round took 4.690746ms
Round took 5.188753ms
Round took 7.422522ms
Round took 4.133749ms
Round took 5.628249ms
Round took 7.070471ms
Round took 5.447858ms
Round took 5.350731ms
Round took 5.466213ms
Round took 5.222557ms
Round took 4.647733ms
Round took 5.07796ms
Round took 5.298759ms
Round took 4.778825ms
Round took 4.913202ms
Round took 5.20978ms
Round took 4.971737ms
Round took 5.37114ms
Round took 4.604419ms
Round took 5.613009ms
Round took 5.451323ms
Round took 4.546548ms
Round took 5.54338ms
Round took 5.216279ms
Round took 5.170074ms
Round took 4.689058ms
Round took 4.769841ms
Round took 7.263844ms
Round took 4.813231ms
Round took 5.869419ms
Round took 4.435421ms
Round took 4.719144ms
Round took 4.802319ms
Round took 5.432039ms
Round took 5.181665ms
Round took 5.004852ms
Round took 5.390926ms
Round took 5.360371ms
Round took 4.568357ms
Round took 5.011777ms
Round took 4.738963ms
Round took 5.138883ms
Round took 5.005945ms
Round took 4.962928ms
Round took 5.955323ms
Round took 5.176583ms
Round took 4.523166ms
Round took 4.194532ms
Round took 7.335871ms
Round took 6.248549ms
Round took 4.881092ms
Round took 4.957253ms
Round took 5.299361ms
Round took 5.092043ms
Round took 4.962896ms
Round took 5.130889ms
Round took 5.970167ms
Round took 4.631315ms
Round took 5.243805ms
Round took 5.507829ms
Round took 4.56731ms
Round took 4.960874ms
Round took 4.962211ms
Round took 5.420639ms
Round took 5.29316ms
Round took 4.560266ms
Round took 5.416346ms
Round took 5.453326ms
Round took 5.180842ms
Round took 4.671346ms
Round took 6.042422ms
Round took 4.357764ms
Round took 4.530791ms
Round took 5.392166ms
Round took 5.350874ms
Round took 4.64665ms
Round took 4.912161ms
Round took 5.967526ms
Round took 5.165314ms
Round took 5.197037ms
Round took 4.662393ms
Round took 5.888478ms
Round took 6.311525ms
Round took 6.277278ms
Round took 5.004478ms
Round took 5.561607ms
Round took 3.827904ms
Round took 3.483137ms
Round took 4.810228ms
Round took 4.720081ms
Round took 5.461405ms
Round took 5.830444ms
Round took 4.724403ms
Round took 4.058621ms
Round took 5.529634ms
Round took 5.306365ms
Round took 4.698277ms
Round took 4.97592ms
Round took 4.549454ms
Round took 5.217033ms
Round took 5.410296ms
Round took 5.620591ms
Round took 4.859765ms
Round took 5.02105ms
Round took 5.058391ms
Round took 5.172567ms
Round took 5.594539ms
Round took 5.010717ms
Round took 5.201807ms
Round took 5.388435ms
Round took 4.343635ms
Round took 5.505309ms
Round took 4.66328ms
Round took 5.575065ms
Round took 5.004018ms
Round took 3.845351ms
Round took 5.132798ms
Round took 5.507069ms
Round took 5.14223ms
Round took 5.064068ms
Round took 4.508147ms
Round took 5.554404ms
Round took 5.530189ms
Round took 4.277455ms
Round took 4.831247ms
Round took 5.070442ms
Round took 6.018355ms
Round took 4.57902ms
Round took 5.772301ms
Round took 5.004497ms
Round took 5.281856ms
Round took 5.048022ms
Round took 4.080507ms
Round took 6.249493ms
Round took 5.377733ms
Round took 5.116653ms
Round took 4.782893ms
Round took 5.113495ms
Round took 5.541801ms
Round took 4.87214ms
Round took 5.153973ms
Round took 6.241065ms
Round took 6.085115ms
Round took 5.180742ms
Round took 4.721977ms
Round took 5.296421ms
Round took 4.645484ms
Round took 5.478136ms
Round took 4.701307ms
Round took 5.013913ms
Round took 5.764106ms
Round took 5.434659ms
Round took 4.772704ms
Round took 5.184373ms
Round took 6.452451ms
Round took 4.195728ms
Round took 4.631573ms
Round took 5.712627ms
Round took 5.332622ms
Round took 4.940171ms
Round took 4.873458ms
Round took 5.535679ms
Round took 4.915595ms
Round took 4.828012ms
Round took 5.909511ms
Round took 5.203128ms
Round took 4.480131ms
Round took 6.364464ms
Round took 4.155066ms
Round took 5.109382ms
Round took 5.534134ms
Round took 4.845556ms
Round took 5.786493ms
Round took 4.084143ms
Round took 5.847535ms
Round took 4.11872ms
Round took 5.281093ms
Round took 4.763976ms
Round took 5.053396ms
Round took 5.632859ms
Round took 4.598894ms
Round took 5.789099ms
Round took 3.874607ms
Round took 5.257216ms
Round took 4.516444ms
Round took 5.137304ms
Round took 5.817314ms
Round took 4.296861ms
Round took 5.197782ms
Round took 4.896198ms
Round took 5.367501ms
Round took 4.588558ms
Round took 5.456723ms
Round took 5.357926ms
Round took 4.482188ms
Round took 6.269509ms
Round took 6.450801ms
Round took 4.870397ms
Round took 4.195599ms
Round took 4.141731ms
Round took 5.126819ms
Round took 5.274653ms
Round took 4.742778ms
Round took 5.31818ms
Round took 4.868281ms
Round took 5.613417ms
Round took 4.50623ms
Round took 5.000204ms
Round took 5.810222ms
Round took 4.977351ms
Round took 4.908486ms
Round took 5.546224ms
Round took 5.226782ms
Round took 4.857634ms
Round took 6.80417ms
Round took 4.693867ms
Round took 4.149729ms
Round took 4.480111ms
Round took 5.033125ms
Round took 5.635017ms
Round took 4.616576ms
Round took 4.993843ms
Round took 5.425299ms
Round took 4.805891ms
Round took 4.687171ms
Round took 5.456292ms
Round took 5.704231ms
Round took 4.628502ms
Round took 5.817657ms
Round took 4.021476ms
Round took 5.097012ms
Round took 4.823768ms
Round took 5.121298ms
Round took 6.149494ms
Round took 4.275907ms
Round took 5.160237ms
Round took 5.946664ms
Round took 4.595796ms
Round took 4.702516ms
Round took 5.014219ms
Round took 4.974465ms
Round took 5.081658ms
Round took 5.226928ms
Round took 5.398304ms
Round took 6.114143ms
Round took 6.166867ms
Round took 5.164283ms
Round took 4.856054ms
Round took 5.156484ms
Round took 5.669389ms
Round took 5.128636ms
Round took 5.430828ms
Round took 5.169098ms
Round took 5.092813ms
Round took 4.622912ms
Round took 5.206289ms
Round took 4.936013ms
Round took 5.215877ms
Round took 4.786515ms
Round took 6.198144ms
Round took 4.662177ms
Round took 4.72233ms
Round took 5.296781ms
Round took 4.7364ms
Round took 5.294233ms
Round took 4.775166ms
Round took 5.060248ms
Round took 5.011515ms
Round took 5.330759ms
Round took 4.731602ms
Round took 6.089281ms
Round took 4.066069ms
Round took 4.869175ms
Round took 5.021965ms
Round took 5.842103ms
Round took 4.913153ms
Round took 5.383814ms
Round took 4.805011ms
Round took 4.861791ms
Round took 5.247926ms
Round took 4.961291ms
Round took 6.482037ms
Round took 5.17972ms
Round took 4.532095ms
Round took 5.663623ms
Round took 4.846444ms
Round took 5.213688ms
Round took 4.766389ms
Round took 5.632158ms
Round took 4.463838ms
Round took 4.980642ms
Round took 5.761194ms
Round took 4.630977ms
Round took 5.395939ms
Round took 4.245701ms
Round took 5.798037ms
Round took 5.2002ms
Round took 5.262675ms
Round took 4.994654ms
Round took 4.861595ms
Round took 4.745283ms
Round took 4.80927ms
Round took 6.239781ms
Round took 3.870829ms
Round took 4.956037ms
Round took 6.590355ms
Round took 4.320162ms
Round took 4.956255ms
Round took 6.858914ms
Round took 6.802404ms
Round took 4.104416ms
Round took 5.706193ms
Round took 4.553465ms
Round took 5.11778ms
Round took 5.333551ms
Round took 4.614298ms
Round took 5.159499ms
Round took 5.086183ms
Round took 5.461122ms
Round took 4.364856ms
Round took 5.321225ms
Round took 5.752158ms
Round took 4.883291ms
Round took 5.056473ms
Round took 5.231399ms
Round took 5.26543ms
Round took 4.703052ms
Round took 4.926013ms
Round took 6.107576ms
Round took 4.205529ms
Round took 5.081999ms
Round took 4.722154ms
Round took 5.451259ms
Round took 5.336254ms
Round took 5.368548ms
Round took 5.802578ms
Round took 4.251811ms
Round took 5.087544ms
Round took 4.705474ms
Round took 6.380082ms
Round took 5.151348ms
Round took 4.979782ms
Round took 7.155157ms
Round took 5.563018ms
Round took 4.813665ms
Round took 3.571859ms
Round took 18.585616ms
Round took 5.583821ms
Round took 4.468564ms
Round took 4.842686ms
Round took 6.02871ms
Round took 6.425321ms
Round took 4.47911ms
Round took 5.316475ms
Round took 3.601795ms
Round took 4.932769ms
Round took 6.511116ms
Round took 5.560307ms
Round took 5.431805ms
Round took 3.918298ms
Round took 3.449604ms
Round took 6.327868ms
Round took 4.905377ms
Round took 5.274158ms
Round took 4.941968ms
Round took 5.019865ms
Round took 5.132311ms
Round took 5.199649ms
Round took 5.258082ms
Round took 4.250407ms
Round took 4.834172ms
Round took 5.009104ms
Round took 5.133849ms
Round took 4.45661ms
Round took 5.036584ms
Round took 4.505039ms
Round took 4.785755ms
Round took 5.481532ms
Round took 4.852725ms
Round took 5.077046ms
Round took 4.969684ms
Round took 5.079572ms
Round took 5.292811ms
Round took 4.569978ms
Round took 5.9101ms
Round took 4.499086ms
Round took 4.716855ms
Round took 6.02353ms
Round took 5.280076ms
Round took 5.111672ms
Round took 4.48609ms
Round took 6.628005ms
Round took 4.872533ms
Round took 4.286686ms
Round took 4.510389ms
Round took 5.606215ms
Round took 4.665202ms
Round took 4.908576ms
Round took 6.018071ms
Round took 4.385971ms
Round took 5.283776ms
Round took 4.258288ms
Round took 5.352041ms
Round took 4.957648ms
Round took 5.243736ms
Round took 5.683498ms
Round took 5.035073ms
Round took 4.866682ms
Round took 4.558161ms
Round took 5.240469ms
Round took 5.293464ms
Round took 4.980334ms
Round took 5.138035ms
Round took 4.638031ms
Round took 4.751849ms
Round took 5.397381ms
Round took 4.75407ms
Round took 5.512043ms
Round took 5.363513ms
Round took 4.718947ms
Round took 4.879514ms
Round took 5.529945ms
Round took 5.881835ms
Round took 4.580737ms
Round took 5.458832ms
Round took 4.877637ms
Round took 5.109246ms
Round took 4.453003ms
Round took 6.414713ms
Round took 3.887684ms
Round took 5.35514ms
Round took 5.039537ms
Round took 5.662762ms
Round took 4.534039ms
Round took 4.476179ms
Round took 6.29726ms
Round took 4.997319ms
Round took 4.830692ms
Round took 5.673452ms
Round took 4.826245ms
Round took 4.609834ms
Round took 5.133471ms
Round took 5.845744ms
Round took 5.012113ms
Round took 4.997867ms
Round took 4.890916ms
Round took 4.758527ms
Round took 5.435519ms
Round took 5.628857ms
Round took 4.943504ms
Round took 4.786071ms
Round took 4.85183ms
Round took 7.474563ms
Round took 5.054013ms
Round took 5.030142ms
Round took 5.293045ms
Round took 5.103593ms
Round took 5.190396ms
Round took 4.970668ms
Round took 4.727488ms
Round took 5.13184ms
Round took 5.318319ms
Round took 4.768855ms
Round took 5.233888ms
Round took 4.964154ms
Round took 6.697154ms
Round took 4.746918ms
Round took 6.536762ms
Round took 5.02324ms
Round took 4.479965ms
Round took 4.54442ms
Round took 5.857972ms
Round took 4.756592ms
Round took 5.022652ms
Round took 8.142904ms
Round took 5.666765ms
Round took 5.077137ms
Round took 4.850918ms
Round took 6.193358ms
Round took 5.131474ms
Round took 4.93052ms
Round took 5.903222ms
Round took 4.234653ms
Round took 5.140181ms
Round took 5.485112ms
Round took 5.245555ms
Round took 4.692115ms
Round took 6.198667ms
Round took 4.195872ms
Round took 5.028285ms
Round took 4.757261ms
Round took 7.081402ms
Round took 6.546283ms
Round took 4.862875ms
Round took 4.684949ms
Round took 5.783686ms
Round took 6.060485ms
Round took 4.750779ms
Round took 5.432415ms
Round took 5.949897ms
Round took 4.927145ms
Round took 5.638827ms
Round took 4.067093ms
Round took 5.19354ms
Round took 5.293295ms
Round took 5.450632ms
Round took 5.049897ms
Round took 4.512689ms
Round took 5.568365ms
Round took 4.52476ms
Round took 4.578994ms
Round took 5.475339ms
Round took 7.56945ms
Round took 5.873403ms
Round took 4.519322ms
Round took 4.905881ms
Round took 5.122024ms
Round took 6.70253ms
Round took 4.278923ms
Round took 5.104127ms
Round took 5.979754ms
Round took 4.897919ms
Round took 5.107768ms
Round took 4.48744ms
Round took 5.308966ms
Round took 5.351165ms
Round took 4.398012ms
Round took 5.49286ms
Round took 5.372764ms
Round took 4.611177ms
Round took 5.471438ms
Round took 5.320562ms
Round took 4.357751ms
Round took 5.266023ms
Round took 4.661034ms
Round took 6.266214ms
Round took 3.858511ms
Round took 5.189764ms
Round took 6.246468ms
Round took 4.511258ms
Round took 5.127448ms
Round took 4.710459ms
Round took 5.283671ms
Round took 4.823837ms
Round took 5.016748ms
Round took 6.957321ms
Round took 7.061022ms
Round took 4.319851ms
Round took 4.966077ms
Round took 5.818928ms
Round took 4.486236ms
Round took 5.534034ms
Round took 4.684917ms
Round took 5.414996ms
Round took 5.034398ms
Round took 4.976965ms
Round took 4.951322ms
Round took 5.090176ms
Round took 5.245018ms
Round took 4.967241ms
Round took 5.615157ms
Round took 4.701699ms
Round took 5.252875ms
Round took 4.690978ms
Round took 5.753253ms
Round took 5.005557ms
Round took 5.337439ms
Round took 4.940453ms
Round took 5.040575ms
Round took 5.211353ms
Round took 5.429966ms
Round took 5.034441ms
Round took 5.283802ms
Round took 4.859625ms
Round took 5.208986ms
Round took 4.95944ms
Round took 4.906219ms
Round took 4.879536ms
Round took 5.713279ms
Round took 4.606661ms
Round took 5.011579ms
Round took 4.910337ms
Round took 6.048894ms
Round took 4.601034ms
Round took 4.821613ms
Round took 4.941787ms
Round took 5.138803ms
Round took 4.654737ms
Round took 5.070489ms
Round took 6.30178ms
Round took 4.207292ms
Round took 4.977666ms
Round took 4.749799ms
Round took 5.089767ms
Round took 5.27063ms
Round took 4.958302ms
Round took 5.984685ms
Round took 4.739641ms
Round took 4.729258ms
Round took 5.056908ms
Round took 5.345435ms
Round took 4.844924ms
Round took 4.989146ms
Round took 4.978293ms
Round took 6.171534ms
Round took 4.271831ms
Round took 5.112976ms
Round took 4.960338ms
Round took 6.295919ms
Round took 5.257297ms
Round took 4.673571ms
Round took 5.315778ms
Round took 4.962633ms
Round took 4.616242ms
Round took 4.993761ms
Round took 5.809771ms
Round took 4.021961ms
Round took 5.300487ms
Round took 4.840437ms
Round took 5.232329ms
Round took 4.91766ms
Round took 5.140311ms
Round took 6.104315ms
Round took 4.008217ms
Round took 5.109538ms
Round took 5.06181ms
Round took 4.557062ms
Round took 5.597159ms
Round took 4.965556ms
Round took 5.929805ms
Round took 5.404983ms
Round took 4.256909ms
Round took 4.748642ms
Round took 5.762279ms
Round took 4.604968ms
Round took 4.407973ms
Round took 5.203418ms
Round took 5.922584ms
Round took 5.053038ms
Round took 5.704759ms
Round took 5.363545ms
Round took 4.064701ms
Round took 4.863394ms
Round took 4.333827ms
Round took 5.25889ms
Round took 4.817976ms
Round took 5.07832ms
Round took 5.405988ms
Round took 5.293643ms
Round took 5.005659ms
Round took 4.643457ms
Round took 5.777068ms
Round took 4.561452ms
Round took 4.948182ms
Round took 4.440736ms
Round took 5.000837ms
Round took 5.878421ms
Round took 4.415947ms
Round took 4.945618ms
Round took 5.509917ms
Round took 4.900146ms
Round took 4.682597ms
Round took 5.030775ms
Round took 5.995663ms
Round took 4.198594ms
Round took 5.548517ms
Round took 4.643887ms
Round took 5.568931ms
Round took 4.709877ms
Round took 4.956367ms
Round took 5.319931ms
Round took 5.173958ms
Round took 4.85836ms
Round took 5.350219ms
Round took 5.543843ms
Round took 4.79367ms
Round took 4.669432ms
Round took 5.057218ms
Round took 6.481378ms
Round took 4.079732ms
Round took 4.937619ms
Round took 6.000976ms
Round took 4.160153ms
Round took 5.007755ms
Round took 4.913456ms
Round took 6.368457ms
Round took 5.266814ms
Round took 4.924394ms
Round took 5.33612ms
Round took 3.4723ms
Round took 5.41977ms
Round took 4.353961ms
Round took 5.624316ms
Round took 5.647216ms
Round took 4.75435ms
Round took 4.773141ms
Round took 4.476612ms
Round took 5.602102ms
Round took 4.901194ms
Round took 5.132791ms
Round took 5.453188ms
Round took 4.444023ms
Round took 5.370358ms
Round took 4.451387ms
Round took 5.758323ms
Round took 4.92756ms
Round took 5.367139ms
Round took 5.389564ms
Round took 4.457239ms
Round took 5.344292ms
Round took 5.728748ms
Round took 5.778973ms
Round took 4.594988ms
Round took 5.499981ms
Round took 5.348139ms
Round took 4.608891ms
Round took 5.841556ms
Round took 3.69075ms
Round took 6.156948ms
Round took 4.503354ms
Round took 4.875362ms
Round took 6.257885ms
Round took 4.338571ms
Round took 5.353075ms
Round took 4.29917ms
Round took 5.345709ms
Round took 4.89611ms
Round took 5.147739ms
Round took 5.904266ms
Round took 4.943956ms
Round took 4.775547ms
Round took 5.291555ms
Round took 6.152851ms
Round took 6.697026ms
Round took 4.566968ms
Round took 4.907257ms
Round took 5.493545ms
Round took 4.827253ms
Round took 5.497008ms
Round took 4.870092ms
Round took 4.848359ms
Round took 5.176644ms
Round took 4.980092ms
Round took 5.055841ms
Round took 6.367616ms
Round took 4.481454ms
Round took 5.064161ms
Round took 5.495968ms
Round took 4.927182ms
Round took 4.891926ms
Round took 5.458932ms
Round took 4.859586ms
Round took 5.597594ms
Round took 4.361233ms
Round took 6.097829ms
Round took 5.000925ms
Round took 5.010042ms
Round took 4.90734ms
Round took 5.688829ms
Round took 4.357197ms
Round took 5.25142ms
Round took 7.573539ms
Round took 6.445007ms
Round took 4.706747ms
Round took 5.871294ms
Round took 4.210083ms
Round took 6.423378ms
Round took 4.847822ms
Round took 5.563154ms
Round took 5.3229ms
Round took 4.427812ms
Round took 6.462825ms
Round took 4.553229ms
Round took 5.082422ms
Round took 4.929075ms
Round took 4.898797ms
Round took 5.00561ms
Round took 4.909143ms
Round took 5.878764ms
Round took 4.618966ms
Round took 4.985955ms
Round took 5.277693ms
Round took 5.719425ms
Round took 4.283124ms
Round took 4.966316ms
Round took 5.88569ms
Round took 4.195486ms
Round took 4.956207ms
Round took 5.87048ms
Round took 4.981344ms
Round took 7.095893ms
Round took 4.352133ms
Round took 5.147096ms
Round took 5.296288ms
Round took 5.11683ms
Round took 5.040483ms
Round took 5.931296ms
Round took 6.383521ms
Round took 4.458917ms
Round took 4.475807ms
Round took 3.917683ms
Round took 6.124265ms
Round took 5.282498ms
Round took 5.994696ms
Round took 4.712013ms
Round took 5.669318ms
Round took 3.791047ms
Round took 7.361653ms
Round took 5.382652ms
Round took 4.967854ms
Round took 5.143191ms
Round took 4.627407ms
Round took 5.344346ms
Round took 4.645117ms
Round took 5.338015ms
Round took 4.688302ms
Round took 5.350566ms
Round took 5.882817ms
Round took 4.60752ms
Round took 4.596762ms
Round took 4.486316ms
Round took 5.518963ms
Round took 5.040038ms
Round took 5.424311ms
Round took 6.128327ms
Round took 6.754071ms
Round took 4.673994ms
Round took 4.909485ms
Round took 5.232295ms
Round took 5.550632ms
Round took 3.836994ms
Round took 5.268674ms
Round took 5.234493ms
Round took 5.674714ms
Round took 4.326903ms
Round took 5.561271ms
Round took 7.626128ms
Round took 3.981844ms
Round took 5.170113ms
Round took 4.630542ms
Round took 4.996896ms
Round took 3.515485ms
Round took 5.319363ms
Round took 5.469993ms
Round took 4.651237ms
Round took 5.043959ms
Round took 5.037034ms
Round took 5.111752ms
Round took 5.823727ms
Round took 5.918158ms
Round took 4.208267ms
Round took 5.336048ms
Round took 4.738617ms
Round took 5.02372ms
Round took 6.995538ms
Round took 4.73799ms
Round took 6.043188ms
Round took 4.489601ms
Round took 4.445043ms
Round took 5.75633ms
Round took 5.049737ms
Round took 5.881267ms
Round took 4.192492ms
Round took 5.826211ms
Round took 6.47896ms
Round took 5.04023ms
Round took 4.78464ms
Round took 5.072468ms
Round took 5.284744ms
Round took 4.860036ms
Round took 4.715939ms
Round took 5.708012ms
Round took 4.622539ms
Round took 5.282179ms
Round took 5.03685ms
Round took 5.057699ms
Round took 5.218492ms
Round took 4.825077ms
Round took 5.356002ms
Round took 5.222964ms
Round took 5.054828ms
Round took 5.001585ms
Round took 5.130922ms
Round took 4.998462ms
Round took 5.252439ms
Round took 5.25956ms
Round took 5.484711ms
Round took 5.16569ms
Test took 5.203439995s
Successful: 10000
