Uniform distribution
2021/04/16 21:40:47 The leader is replica 0
Round took 1.896895ms
Round took 5.941821ms
Round took 5.273351ms
Round took 6.966099ms
Round took 7.448146ms
Round took 6.807163ms
Round took 3.318437ms
Round took 4.809018ms
Round took 4.353624ms
Round took 5.048678ms
Round took 5.099993ms
Round took 4.94346ms
Round took 5.095691ms
Round took 5.0597ms
Round took 5.134528ms
Round took 5.197307ms
Round took 5.115931ms
Round took 5.313243ms
Round took 4.470228ms
Round took 5.246841ms
Round took 5.090384ms
Round took 5.402099ms
Round took 5.135536ms
Round took 4.932131ms
Round took 4.97704ms
Round took 5.062111ms
Round took 5.110699ms
Round took 5.453039ms
Round took 5.52881ms
Round took 4.635916ms
Round took 5.172546ms
Round took 6.125308ms
Round took 4.387867ms
Round took 5.042736ms
Round took 4.976373ms
Round took 5.694983ms
Round took 3.801993ms
Round took 5.129404ms
Round took 7.197035ms
Round took 3.875817ms
Round took 5.170671ms
Round took 6.394855ms
Round took 4.634673ms
Round took 3.921993ms
Round took 5.130404ms
Round took 5.771161ms
Round took 4.456759ms
Round took 5.284492ms
Round took 4.606708ms
Round took 6.175057ms
Round took 6.551671ms
Round took 6.253283ms
Round took 5.542064ms
Round took 6.59955ms
Round took 6.876879ms
Round took 8.815929ms
Round took 4.261243ms
Round took 4.031086ms
Round took 5.864993ms
Round took 4.978401ms
Round took 4.291221ms
Round took 4.70442ms
Round took 5.59761ms
Round took 5.0935ms
Round took 5.024504ms
Round took 5.699638ms
Round took 4.912332ms
Round took 5.607301ms
Round took 6.395622ms
Round took 5.729599ms
Round took 5.154266ms
Round took 5.100767ms
Round took 5.170625ms
Round took 5.428316ms
Round took 4.976704ms
Round took 4.548456ms
Round took 5.100779ms
Round took 5.392343ms
Round took 4.874625ms
Round took 5.000489ms
Round took 5.202758ms
Round took 4.794554ms
Round took 5.194765ms
Round took 4.946192ms
Round took 5.395618ms
Round took 5.17252ms
Round took 4.893445ms
Round took 5.122032ms
Round took 6.741836ms
Round took 8.026175ms
Round took 6.511877ms
Round took 5.548304ms
Round took 3.917419ms
Round took 6.574221ms
Round took 5.657755ms
Round took 6.501565ms
Round took 4.259322ms
Round took 5.612292ms
Round took 5.061004ms
Round took 7.052371ms
Round took 4.842065ms
Round took 7.496438ms
Round took 4.563375ms
Round took 5.737277ms
Round took 4.758647ms
Round took 3.619533ms
Round took 3.903354ms
Round took 5.743898ms
Round took 5.889799ms
Round took 4.955308ms
Round took 4.921655ms
Round took 5.246083ms
Round took 4.488292ms
Round took 5.926569ms
Round took 4.337051ms
Round took 7.515623ms
Round took 7.099228ms
Round took 4.816312ms
Round took 4.319857ms
Round took 5.778115ms
Round took 4.981588ms
Round took 4.747378ms
Round took 5.403379ms
Round took 5.070065ms
Round took 4.818279ms
Round took 4.850531ms
Round took 5.189115ms
Round took 5.730068ms
Round took 4.720272ms
Round took 4.564207ms
Round took 6.299709ms
Round took 4.998245ms
Round took 4.84705ms
Round took 6.910013ms
Round took 6.64235ms
Round took 4.716958ms
Round took 4.829526ms
Round took 5.685473ms
Round took 5.322015ms
Round took 5.442363ms
Round took 4.753967ms
Round took 5.011747ms
Round took 4.981298ms
Round took 5.012759ms
Round took 5.627716ms
Round took 4.879408ms
Round took 5.068826ms
Round took 5.806253ms
Round took 4.401878ms
Round took 4.975313ms
Round took 4.825041ms
Round took 5.681821ms
Round took 4.753136ms
Round took 4.946038ms
Round took 6.055118ms
Round took 5.014091ms
Round took 4.539495ms
Round took 4.357347ms
Round took 5.20279ms
Round took 5.795538ms
Round took 5.029724ms
Round took 6.442309ms
Round took 3.733522ms
Round took 5.142296ms
Round took 5.044386ms
Round took 5.680743ms
Round took 4.875352ms
Round took 5.033601ms
Round took 5.32118ms
Round took 5.240813ms
Round took 4.595845ms
Round took 4.460658ms
Round took 5.232115ms
Round took 5.284674ms
Round took 5.013149ms
Round took 5.236037ms
Round took 4.456921ms
Round took 5.389488ms
Round took 5.400348ms
Round took 5.412682ms
Round took 4.976833ms
Round took 5.535421ms
Round took 4.292839ms
Round took 4.545132ms
Round took 5.379855ms
Round took 5.149163ms
Round took 4.69428ms
Round took 5.205638ms
Round took 5.803594ms
Round took 4.540072ms
Round took 4.781259ms
Round took 4.8028ms
Round took 6.182207ms
Round took 6.220367ms
Round took 6.07702ms
Round took 5.031615ms
Round took 5.427733ms
Round took 3.815561ms
Round took 3.423174ms
Round took 4.707333ms
Round took 4.941248ms
Round took 6.692087ms
Round took 4.805831ms
Round took 4.719869ms
Round took 3.99033ms
Round took 5.98222ms
Round took 4.933878ms
Round took 5.145748ms
Round took 4.940784ms
Round took 4.531234ms
Round took 5.802885ms
Round took 4.752927ms
Round took 5.791846ms
Round took 4.491867ms
Round took 5.063803ms
Round took 5.036982ms
Round took 5.959289ms
Round took 4.746219ms
Round took 5.054084ms
Round took 5.898362ms
Round took 5.80682ms
Round took 5.551704ms
Round took 4.585195ms
Round took 5.423177ms
Round took 4.790545ms
Round took 5.229889ms
Round took 5.029129ms
Round took 5.354266ms
Round took 5.285522ms
Round took 5.018212ms
Round took 4.608255ms
Round took 5.173206ms
Round took 6.128812ms
Round took 4.346512ms
Round took 4.772886ms
Round took 5.259982ms
Round took 6.624383ms
Round took 5.515593ms
Round took 5.243401ms
Round took 5.043291ms
Round took 6.276795ms
Round took 5.104192ms
Round took 6.418366ms
Round took 4.788319ms
Round took 5.003755ms
Round took 5.438942ms
Round took 5.39939ms
Round took 4.612369ms
Round took 5.363696ms
Round took 5.115701ms
Round took 5.090155ms
Round took 4.68204ms
Round took 5.789396ms
Round took 5.598741ms
Round took 4.701463ms
Round took 5.874881ms
Round took 4.627513ms
Round took 5.175029ms
Round took 4.655354ms
Round took 5.058758ms
Round took 5.490507ms
Round took 5.512592ms
Round took 4.716862ms
Round took 5.712626ms
Round took 5.28118ms
Round took 4.68086ms
Round took 4.562485ms
Round took 5.411734ms
Round took 5.39238ms
Round took 5.513889ms
Round took 4.874274ms
Round took 5.254642ms
Round took 4.992962ms
Round took 4.963942ms
Round took 6.463243ms
Round took 4.617724ms
Round took 5.194496ms
Round took 5.037511ms
Round took 5.351151ms
Round took 5.035529ms
Round took 4.824109ms
Round took 6.218941ms
Round took 4.197683ms
Round took 5.126428ms
Round took 5.002287ms
Round took 5.503438ms
Round took 4.854917ms
Round took 4.857384ms
Round took 5.384166ms
Round took 5.168596ms
Round took 5.047396ms
Round took 4.978017ms
Round took 5.290457ms
Round took 4.912258ms
Round took 5.013909ms
Round took 5.031532ms
Round took 5.141401ms
Round took 5.273965ms
Round took 5.02487ms
Round took 5.359478ms
Round took 4.560017ms
Round took 5.406552ms
Round took 4.75846ms
Round took 5.119876ms
Round took 6.152478ms
Round took 6.406703ms
Round took 5.914445ms
Round took 4.017063ms
Round took 4.088205ms
Round took 4.860711ms
Round took 5.687888ms
Round took 4.866325ms
Round took 5.281513ms
Round took 4.875937ms
Round took 5.58179ms
Round took 4.451986ms
Round took 4.977415ms
Round took 5.260826ms
Round took 4.97183ms
Round took 4.967657ms
Round took 5.312334ms
Round took 5.268195ms
Round took 4.869901ms
Round took 7.600681ms
Round took 4.662006ms
Round took 4.171369ms
Round took 4.523209ms
Round took 5.041362ms
Round took 5.633766ms
Round took 4.67099ms
Round took 4.924391ms
Round took 5.390181ms
Round took 4.832322ms
Round took 4.690292ms
Round took 5.188177ms
Round took 5.974994ms
Round took 4.622828ms
Round took 5.376857ms
Round took 4.525828ms
Round took 5.262518ms
Round took 4.875966ms
Round took 5.081848ms
Round took 6.213575ms
Round took 4.248713ms
Round took 5.135728ms
Round took 5.922328ms
Round took 4.611471ms
Round took 4.489492ms
Round took 4.941124ms
Round took 4.971216ms
Round took 4.863979ms
Round took 5.309288ms
Round took 4.885927ms
Round took 6.769374ms
Round took 6.049933ms
Round took 5.20503ms
Round took 4.893776ms
Round took 5.125873ms
Round took 5.587249ms
Round took 5.140469ms
Round took 5.17245ms
Round took 5.377009ms
Round took 4.977369ms
Round took 4.561282ms
Round took 5.236623ms
Round took 5.358972ms
Round took 4.977988ms
Round took 4.684629ms
Round took 6.372709ms
Round took 4.407546ms
Round took 5.309437ms
Round took 5.380893ms
Round took 4.788926ms
Round took 5.429256ms
Round took 4.734905ms
Round took 4.985447ms
Round took 5.023289ms
Round took 5.522036ms
Round took 4.823799ms
Round took 5.594886ms
Round took 3.953367ms
Round took 4.892696ms
Round took 4.94911ms
Round took 5.805167ms
Round took 4.882611ms
Round took 5.356959ms
Round took 4.907264ms
Round took 4.850957ms
Round took 5.305324ms
Round took 5.048048ms
Round took 5.691486ms
Round took 5.728895ms
Round took 4.570142ms
Round took 5.629601ms
Round took 4.786767ms
Round took 5.244722ms
Round took 4.832843ms
Round took 5.65612ms
Round took 4.4423ms
Round took 4.98131ms
Round took 5.93083ms
Round took 4.629466ms
Round took 5.368658ms
Round took 4.19188ms
Round took 5.84522ms
Round took 5.267981ms
Round took 5.283584ms
Round took 5.017773ms
Round took 4.821575ms
Round took 4.719252ms
Round took 4.764123ms
Round took 6.777734ms
Round took 4.295013ms
Round took 5.255927ms
Round took 5.821171ms
Round took 6.295132ms
Round took 5.191821ms
Round took 5.082727ms
Round took 6.077674ms
Round took 4.120431ms
Round took 5.985679ms
Round took 4.457661ms
Round took 5.153676ms
Round took 5.497422ms
Round took 4.61537ms
Round took 5.553291ms
Round took 4.80487ms
Round took 5.403929ms
Round took 4.30667ms
Round took 5.537537ms
Round took 5.108289ms
Round took 4.895583ms
Round took 5.077499ms
Round took 5.208408ms
Round took 5.284321ms
Round took 5.310758ms
Round took 5.029299ms
Round took 5.335247ms
Round took 4.261773ms
Round took 5.078046ms
Round took 4.683546ms
Round took 5.456479ms
Round took 5.416747ms
Round took 5.344448ms
Round took 5.77704ms
Round took 4.455386ms
Round took 5.050568ms
Round took 5.182022ms
Round took 5.721007ms
Round took 6.244559ms
Round took 4.146383ms
Round took 9.046725ms
Round took 5.232432ms
Round took 4.466523ms
Round took 19.134508ms
Round took 5.03646ms
Round took 5.640239ms
Round took 4.808693ms
Round took 5.479649ms
Round took 6.231107ms
Round took 4.904877ms
Round took 5.597032ms
Round took 3.806303ms
Round took 4.892768ms
Round took 5.752016ms
Round took 5.628753ms
Round took 5.284246ms
Round took 4.62126ms
Round took 3.398397ms
Round took 6.180783ms
Round took 5.160472ms
Round took 5.05543ms
Round took 4.98433ms
Round took 5.751847ms
Round took 5.09103ms
Round took 5.008975ms
Round took 5.084883ms
Round took 5.052125ms
Round took 4.814289ms
Round took 4.982792ms
Round took 5.124136ms
Round took 4.503821ms
Round took 5.435706ms
Round took 5.135423ms
Round took 4.836304ms
Round took 5.566926ms
Round took 4.758363ms
Round took 5.669325ms
Round took 4.492329ms
Round took 5.080118ms
Round took 5.314787ms
Round took 4.464203ms
Round took 5.665603ms
Round took 4.956543ms
Round took 4.552598ms
Round took 6.523834ms
Round took 4.191145ms
Round took 5.206402ms
Round took 4.460222ms
Round took 6.899025ms
Round took 4.609143ms
Round took 4.276668ms
Round took 4.758136ms
Round took 5.081727ms
Round took 4.823101ms
Round took 4.880383ms
Round took 6.024119ms
Round took 4.398577ms
Round took 5.179166ms
Round took 4.224255ms
Round took 5.315916ms
Round took 4.986472ms
Round took 5.279187ms
Round took 5.726037ms
Round took 4.987807ms
Round took 4.860974ms
Round took 4.509678ms
Round took 5.212992ms
Round took 5.297998ms
Round took 4.954953ms
Round took 5.138842ms
Round took 4.640801ms
Round took 4.748988ms
Round took 5.430592ms
Round took 4.757914ms
Round took 5.95366ms
Round took 4.891537ms
Round took 4.864069ms
Round took 5.110015ms
Round took 5.178644ms
Round took 5.901452ms
Round took 4.818917ms
Round took 5.281618ms
Round took 4.87103ms
Round took 5.094408ms
Round took 4.996487ms
Round took 5.841684ms
Round took 3.878883ms
Round took 5.327291ms
Round took 4.977229ms
Round took 5.686157ms
Round took 4.279765ms
Round took 4.414567ms
Round took 5.461432ms
Round took 5.154918ms
Round took 4.861066ms
Round took 4.968291ms
Round took 5.734258ms
Round took 4.188553ms
Round took 5.112794ms
Round took 4.7995ms
Round took 5.693697ms
Round took 4.979357ms
Round took 4.393949ms
Round took 5.134121ms
Round took 6.076468ms
Round took 4.916392ms
Round took 4.718587ms
Round took 5.414229ms
Round took 4.758202ms
Round took 5.404254ms
Round took 4.285754ms
Round took 5.722756ms
Round took 5.862177ms
Round took 5.007329ms
Round took 6.038621ms
Round took 3.755454ms
Round took 4.923907ms
Round took 4.415678ms
Round took 5.751917ms
Round took 4.592444ms
Round took 4.774947ms
Round took 5.805368ms
Round took 4.373706ms
Round took 5.94658ms
Round took 5.390263ms
Round took 5.55581ms
Round took 5.250579ms
Round took 4.457764ms
Round took 4.976585ms
Round took 5.091003ms
Round took 4.682203ms
Round took 4.98519ms
Round took 8.042342ms
Round took 5.464621ms
Round took 5.105349ms
Round took 4.896145ms
Round took 7.17745ms
Round took 4.617051ms
Round took 5.484934ms
Round took 5.363603ms
Round took 4.189174ms
Round took 5.20883ms
Round took 5.480624ms
Round took 5.216314ms
Round took 4.658671ms
Round took 7.044571ms
Round took 5.53293ms
Round took 5.033891ms
Round took 5.322661ms
Round took 4.753441ms
Round took 6.014718ms
Round took 4.918707ms
Round took 4.623918ms
Round took 5.781775ms
Round took 6.151597ms
Round took 4.726056ms
Round took 5.533952ms
Round took 5.615899ms
Round took 4.438355ms
Round took 5.216955ms
Round took 4.556693ms
Round took 5.682503ms
Round took 5.28548ms
Round took 5.3429ms
Round took 5.280862ms
Round took 4.507277ms
Round took 5.216335ms
Round took 4.926871ms
Round took 4.709349ms
Round took 5.162026ms
Round took 4.900076ms
Round took 5.586562ms
Round took 5.416562ms
Round took 4.525253ms
Round took 5.154437ms
Round took 4.715865ms
Round took 5.625768ms
Round took 4.879589ms
Round took 6.405032ms
Round took 4.375223ms
Round took 5.065138ms
Round took 5.705008ms
Round took 3.887454ms
Round took 5.286273ms
Round took 5.406339ms
Round took 4.864133ms
Round took 4.950332ms
Round took 5.233006ms
Round took 4.660484ms
Round took 6.059078ms
Round took 4.784807ms
Round took 4.327017ms
Round took 5.656684ms
Round took 4.121408ms
Round took 6.039548ms
Round took 3.925181ms
Round took 5.484974ms
Round took 5.943411ms
Round took 4.43589ms
Round took 5.212735ms
Round took 4.643506ms
Round took 5.317019ms
Round took 4.836579ms
Round took 4.967456ms
Round took 6.684831ms
Round took 6.998158ms
Round took 4.298096ms
Round took 5.042753ms
Round took 5.768074ms
Round took 4.531213ms
Round took 5.527168ms
Round took 4.690477ms
Round took 5.430366ms
Round took 5.31182ms
Round took 5.01011ms
Round took 5.949061ms
Round took 4.004822ms
Round took 5.230109ms
Round took 4.969835ms
Round took 5.606415ms
Round took 4.640838ms
Round took 5.249594ms
Round took 4.682296ms
Round took 5.512873ms
Round took 4.962828ms
Round took 5.303535ms
Round took 4.933293ms
Round took 5.257168ms
Round took 5.225418ms
Round took 5.384552ms
Round took 5.060078ms
Round took 5.375655ms
Round took 5.031698ms
Round took 5.782765ms
Round took 4.448655ms
Round took 5.267274ms
Round took 5.097376ms
Round took 5.389659ms
Round took 4.601658ms
Round took 5.03675ms
Round took 5.796953ms
Round took 5.233432ms
Round took 4.605474ms
Round took 6.023441ms
Round took 3.626318ms
Round took 4.916693ms
Round took 4.667242ms
Round took 5.031957ms
Round took 6.306304ms
Round took 4.16299ms
Round took 4.972137ms
Round took 4.656188ms
Round took 6.037173ms
Round took 4.573211ms
Round took 5.40679ms
Round took 5.588877ms
Round took 4.657858ms
Round took 4.644624ms
Round took 5.178249ms
Round took 5.28944ms
Round took 4.423529ms
Round took 5.072376ms
Round took 5.979311ms
Round took 5.102407ms
Round took 4.346754ms
Round took 6.689242ms
Round took 6.894237ms
Round took 5.008145ms
Round took 4.203201ms
Round took 5.214699ms
Round took 5.499442ms
Round took 4.700252ms
Round took 4.888663ms
Round took 5.237163ms
Round took 5.002818ms
Round took 5.174146ms
Round took 5.083742ms
Round took 5.423531ms
Round took 5.064257ms
Round took 5.081321ms
Round took 5.518964ms
Round took 4.628957ms
Round took 4.970547ms
Round took 5.121827ms
Round took 4.794008ms
Round took 6.212357ms
Round took 4.827845ms
Round took 5.25052ms
Round took 5.72684ms
Round took 4.328909ms
Round took 4.862544ms
Round took 5.661029ms
Round took 4.652327ms
Round took 4.721716ms
Round took 5.159121ms
Round took 5.627535ms
Round took 5.286186ms
Round took 5.616199ms
Round took 4.724649ms
Round took 4.333419ms
Round took 5.121812ms
Round took 4.361555ms
Round took 5.242579ms
Round took 5.054077ms
Round took 5.108089ms
Round took 5.259051ms
Round took 5.219265ms
Round took 5.031778ms
Round took 4.712045ms
Round took 5.494724ms
Round took 5.071548ms
Round took 5.596919ms
Round took 4.649655ms
Round took 4.947192ms
Round took 5.892671ms
Round took 4.421276ms
Round took 4.941884ms
Round took 5.525207ms
Round took 5.150316ms
Round took 4.773988ms
Round took 5.018701ms
Round took 5.864756ms
Round took 4.292116ms
Round took 5.544623ms
Round took 4.632437ms
Round took 5.639372ms
Round took 4.74675ms
Round took 4.958395ms
Round took 5.267724ms
Round took 4.909146ms
Round took 5.030412ms
Round took 5.57916ms
Round took 4.984094ms
Round took 4.913034ms
Round took 4.656012ms
Round took 5.107522ms
Round took 6.167792ms
Round took 4.226657ms
Round took 4.951793ms
Round took 6.02574ms
Round took 4.356775ms
Round took 5.021673ms
Round took 4.866181ms
Round took 6.730203ms
Round took 4.953338ms
Round took 5.122495ms
Round took 5.004148ms
Round took 3.730949ms
Round took 5.240209ms
Round took 4.776483ms
Round took 6.32208ms
Round took 5.061173ms
Round took 4.87004ms
Round took 5.808316ms
Round took 3.780357ms
Round took 5.456937ms
Round took 4.813247ms
Round took 5.675763ms
Round took 5.237277ms
Round took 4.57694ms
Round took 6.098373ms
Round took 3.806879ms
Round took 5.433743ms
Round took 4.975699ms
Round took 5.470707ms
Round took 5.616627ms
Round took 4.304291ms
Round took 6.739561ms
Round took 6.501787ms
Round took 4.753823ms
Round took 4.883407ms
Round took 5.194965ms
Round took 5.19301ms
Round took 5.339539ms
Round took 4.382416ms
Round took 5.575562ms
Round took 5.832546ms
Round took 4.884721ms
Round took 4.896097ms
Round took 5.623357ms
Round took 5.257547ms
Round took 4.405463ms
Round took 5.380007ms
Round took 5.10844ms
Round took 5.064277ms
Round took 5.257927ms
Round took 5.497881ms
Round took 4.733794ms
Round took 5.121473ms
Round took 4.971786ms
Round took 5.806697ms
Round took 5.293674ms
Round took 6.081262ms
Round took 3.752174ms
Round took 5.479897ms
Round took 4.806447ms
Round took 6.440563ms
Round took 4.552384ms
Round took 4.343382ms
Round took 5.678734ms
Round took 4.823191ms
Round took 5.142462ms
Round took 4.981761ms
Round took 4.935993ms
Round took 5.896966ms
Round took 3.963566ms
Round took 5.095484ms
Round took 5.064637ms
Round took 5.029956ms
Round took 4.865368ms
Round took 6.117978ms
Round took 4.659273ms
Round took 5.124824ms
Round took 4.978128ms
Round took 5.875947ms
Round took 4.115023ms
Round took 5.775685ms
Round took 4.443412ms
Round took 5.613716ms
Round took 5.908228ms
Round took 6.507686ms
Round took 4.708994ms
Round took 5.233829ms
Round took 4.722169ms
Round took 5.37404ms
Round took 4.88673ms
Round took 5.525054ms
Round took 5.162836ms
Round took 4.451835ms
Round took 5.11474ms
Round took 5.210381ms
Round took 4.95517ms
Round took 4.811538ms
Round took 5.202492ms
Round took 5.0893ms
Round took 4.944445ms
Round took 5.277141ms
Round took 5.059344ms
Round took 6.113196ms
Round took 4.628551ms
Round took 4.89475ms
Round took 5.500399ms
Round took 4.865155ms
Round took 4.862113ms
Round took 4.796204ms
Round took 5.072484ms
Round took 4.559712ms
Round took 4.980041ms
Round took 5.422634ms
Round took 5.579724ms
Round took 4.143858ms
Round took 5.162926ms
Round took 5.321176ms
Round took 5.122054ms
Round took 4.864573ms
Round took 5.1871ms
Round took 7.118531ms
Round took 4.406257ms
Round took 4.578503ms
Round took 4.007401ms
Round took 5.273656ms
Round took 5.185412ms
Round took 5.61185ms
Round took 5.039513ms
Round took 5.722771ms
Round took 4.286951ms
Round took 8.12456ms
Round took 4.804274ms
Round took 4.828084ms
Round took 5.518561ms
Round took 4.545923ms
Round took 4.875678ms
Round took 5.148457ms
Round took 5.34729ms
Round took 4.704137ms
Round took 5.40778ms
Round took 5.832557ms
Round took 4.615635ms
Round took 4.662447ms
Round took 4.606241ms
Round took 5.582044ms
Round took 4.939432ms
Round took 4.918858ms
Round took 6.374397ms
Round took 6.843236ms
Round took 4.676237ms
Round took 4.993145ms
Round took 5.2049ms
Round took 5.587343ms
Round took 3.831857ms
Round took 5.289578ms
Round took 5.281233ms
Round took 5.574685ms
Round took 4.242439ms
Round took 5.546728ms
Round took 7.769132ms
Round took 3.964057ms
Round took 5.117202ms
Round took 4.632143ms
Round took 5.032435ms
Round took 3.564274ms
Round took 5.272191ms
Round took 5.440097ms
Round took 4.69704ms
Round took 5.056778ms
Round took 5.056071ms
Round took 5.10593ms
Round took 5.894648ms
Round took 5.445585ms
Round took 4.67559ms
Round took 5.298896ms
Round took 4.696164ms
Round took 5.007866ms
Round took 6.291584ms
Round took 4.625771ms
Round took 5.447527ms
Round took 4.678907ms
Round took 4.402329ms
Round took 5.256307ms
Round took 5.364614ms
Round took 5.778104ms
Round took 4.254946ms
Round took 5.40617ms
Round took 4.645942ms
Round took 5.154394ms
Round took 5.078676ms
Round took 4.723331ms
Round took 6.318063ms
Round took 4.904457ms
Round took 4.808911ms
Round took 4.086846ms
Round took 6.100145ms
Round took 4.258842ms
Round took 5.376075ms
Round took 5.744335ms
Round took 4.582889ms
Round took 5.136511ms
Round took 4.630374ms
Round took 5.984014ms
Round took 4.995937ms
Round took 5.351824ms
Round took 5.265812ms
Round took 5.007282ms
Round took 4.837308ms
Round took 5.67788ms
Round took 7.392229ms
Round took 5.389941ms
Round took 5.716345ms
Round took 5.216978ms
Test took 5.209295412s
Successful: 10000
