Uniform distribution
2021/04/16 21:40:47 The leader is replica 0
Round took 5.162983ms
Round took 1.816703ms
Round took 6.793923ms
Round took 3.538622ms
Round took 8.725571ms
Round took 7.244656ms
Round took 6.843532ms
Round took 3.402543ms
Round took 4.865354ms
Round took 4.542826ms
Round took 5.088609ms
Round took 5.051041ms
Round took 5.005336ms
Round took 5.037589ms
Round took 5.120928ms
Round took 5.133518ms
Round took 5.239718ms
Round took 5.011276ms
Round took 5.127474ms
Round took 4.57174ms
Round took 5.160938ms
Round took 5.11382ms
Round took 5.268907ms
Round took 4.822241ms
Round took 5.008649ms
Round took 5.023699ms
Round took 5.060376ms
Round took 5.001856ms
Round took 5.269659ms
Round took 5.669727ms
Round took 4.572551ms
Round took 5.090452ms
Round took 5.34652ms
Round took 4.839238ms
Round took 5.101638ms
Round took 4.965635ms
Round took 5.105309ms
Round took 5.046843ms
Round took 5.151446ms
Round took 6.959042ms
Round took 4.059806ms
Round took 5.128841ms
Round took 5.514395ms
Round took 5.20666ms
Round took 4.36962ms
Round took 5.1965ms
Round took 5.495989ms
Round took 4.578377ms
Round took 5.193781ms
Round took 4.794464ms
Round took 5.894727ms
Round took 5.715509ms
Round took 6.712121ms
Round took 5.81147ms
Round took 6.538396ms
Round took 7.199164ms
Round took 8.831549ms
Round took 3.903719ms
Round took 4.023696ms
Round took 5.84474ms
Round took 5.225065ms
Round took 4.282194ms
Round took 4.908576ms
Round took 4.938562ms
Round took 4.739335ms
Round took 5.067178ms
Round took 4.69621ms
Round took 5.212535ms
Round took 5.585616ms
Round took 5.010494ms
Round took 4.935663ms
Round took 5.387405ms
Round took 5.508066ms
Round took 4.647554ms
Round took 5.265562ms
Round took 5.688819ms
Round took 4.745999ms
Round took 4.536894ms
Round took 4.92455ms
Round took 5.37513ms
Round took 4.900343ms
Round took 5.112159ms
Round took 5.777329ms
Round took 4.372611ms
Round took 5.136713ms
Round took 4.687937ms
Round took 7.441243ms
Round took 4.315811ms
Round took 7.250932ms
Round took 6.459838ms
Round took 8.701853ms
Round took 7.858678ms
Round took 4.622919ms
Round took 4.004765ms
Round took 7.380364ms
Round took 5.026384ms
Round took 6.482419ms
Round took 4.200537ms
Round took 5.685218ms
Round took 4.926282ms
Round took 6.411384ms
Round took 5.693985ms
Round took 7.092568ms
Round took 4.686668ms
Round took 5.301619ms
Round took 4.621036ms
Round took 3.771456ms
Round took 3.886657ms
Round took 6.266057ms
Round took 5.37727ms
Round took 5.09914ms
Round took 5.732735ms
Round took 6.13381ms
Round took 5.392807ms
Round took 4.733736ms
Round took 5.185843ms
Round took 4.87664ms
Round took 7.179606ms
Round took 4.768434ms
Round took 4.318623ms
Round took 5.593998ms
Round took 5.01434ms
Round took 4.745388ms
Round took 5.385443ms
Round took 5.00801ms
Round took 4.754352ms
Round took 4.896115ms
Round took 5.245791ms
Round took 5.771799ms
Round took 4.719821ms
Round took 4.522776ms
Round took 6.040565ms
Round took 4.507386ms
Round took 5.017394ms
Round took 7.395984ms
Round took 4.410301ms
Round took 5.37945ms
Round took 5.886996ms
Round took 5.921303ms
Round took 5.275024ms
Round took 5.373158ms
Round took 4.643178ms
Round took 5.173587ms
Round took 5.038792ms
Round took 5.03636ms
Round took 5.65768ms
Round took 5.230196ms
Round took 5.063606ms
Round took 4.78194ms
Round took 5.811105ms
Round took 4.810716ms
Round took 4.812503ms
Round took 5.413749ms
Round took 5.375586ms
Round took 4.73129ms
Round took 5.737871ms
Round took 5.933986ms
Round took 4.572144ms
Round took 4.332175ms
Round took 5.490671ms
Round took 5.598787ms
Round took 5.000965ms
Round took 6.235578ms
Round took 3.893514ms
Round took 5.114114ms
Round took 5.01714ms
Round took 5.774002ms
Round took 4.850818ms
Round took 5.013249ms
Round took 5.363145ms
Round took 6.74868ms
Round took 5.25517ms
Round took 5.041814ms
Round took 4.964663ms
Round took 5.393194ms
Round took 5.25215ms
Round took 4.554744ms
Round took 5.408614ms
Round took 5.46282ms
Round took 5.236954ms
Round took 4.727966ms
Round took 5.920284ms
Round took 4.378439ms
Round took 4.533173ms
Round took 5.376802ms
Round took 5.240685ms
Round took 4.585847ms
Round took 4.947409ms
Round took 5.880807ms
Round took 5.281618ms
Round took 5.143473ms
Round took 4.819067ms
Round took 6.124088ms
Round took 6.239447ms
Round took 6.09314ms
Round took 5.06386ms
Round took 5.413837ms
Round took 3.837894ms
Round took 4.432074ms
Round took 6.540537ms
Round took 5.462176ms
Round took 5.076186ms
Round took 5.234301ms
Round took 4.335325ms
Round took 5.466079ms
Round took 4.608139ms
Round took 5.383546ms
Round took 5.103798ms
Round took 4.649484ms
Round took 5.146843ms
Round took 5.148763ms
Round took 5.39485ms
Round took 4.941754ms
Round took 5.397793ms
Round took 5.325624ms
Round took 4.861078ms
Round took 5.296744ms
Round took 5.302288ms
Round took 5.196216ms
Round took 4.290587ms
Round took 5.126819ms
Round took 6.154642ms
Round took 4.51429ms
Round took 5.519358ms
Round took 6.785134ms
Round took 4.493511ms
Round took 5.623188ms
Round took 5.067371ms
Round took 5.139569ms
Round took 5.414284ms
Round took 4.074821ms
Round took 5.48962ms
Round took 5.472717ms
Round took 5.33352ms
Round took 5.316037ms
Round took 6.308222ms
Round took 5.207895ms
Round took 4.980586ms
Round took 5.772811ms
Round took 5.119276ms
Round took 5.006504ms
Round took 4.659844ms
Round took 6.064042ms
Round took 4.776068ms
Round took 4.996354ms
Round took 5.358476ms
Round took 5.1997ms
Round took 4.826982ms
Round took 5.368112ms
Round took 5.926216ms
Round took 4.647866ms
Round took 4.631861ms
Round took 5.714502ms
Round took 4.952816ms
Round took 4.679924ms
Round took 5.898323ms
Round took 4.566643ms
Round took 5.173052ms
Round took 4.704271ms
Round took 5.042656ms
Round took 5.446872ms
Round took 5.550624ms
Round took 4.783766ms
Round took 5.651856ms
Round took 5.100059ms
Round took 4.43145ms
Round took 4.585014ms
Round took 5.545672ms
Round took 5.32437ms
Round took 4.958402ms
Round took 4.897408ms
Round took 5.548105ms
Round took 5.000987ms
Round took 5.055898ms
Round took 5.411492ms
Round took 5.117565ms
Round took 4.466892ms
Round took 6.648983ms
Round took 6.372133ms
Round took 5.062198ms
Round took 4.842395ms
Round took 6.267451ms
Round took 4.250712ms
Round took 5.156344ms
Round took 4.953671ms
Round took 5.428128ms
Round took 4.89352ms
Round took 4.819627ms
Round took 5.41066ms
Round took 5.077802ms
Round took 5.071278ms
Round took 4.906111ms
Round took 5.326841ms
Round took 4.95696ms
Round took 5.057434ms
Round took 5.031577ms
Round took 5.148357ms
Round took 5.272447ms
Round took 4.972813ms
Round took 5.354623ms
Round took 4.564172ms
Round took 5.397024ms
Round took 4.817836ms
Round took 5.060698ms
Round took 6.198938ms
Round took 6.380621ms
Round took 6.522159ms
Round took 4.462462ms
Round took 4.076984ms
Round took 6.431052ms
Round took 6.30242ms
Round took 5.002561ms
Round took 4.941091ms
Round took 5.14321ms
Round took 5.085327ms
Round took 4.958725ms
Round took 5.14286ms
Round took 5.173566ms
Round took 5.029185ms
Round took 5.415437ms
Round took 4.760532ms
Round took 5.210577ms
Round took 5.095992ms
Round took 6.441047ms
Round took 4.077117ms
Round took 4.697694ms
Round took 4.978581ms
Round took 5.05532ms
Round took 5.544374ms
Round took 4.958019ms
Round took 5.236004ms
Round took 5.11372ms
Round took 4.77735ms
Round took 5.084ms
Round took 5.07305ms
Round took 5.044994ms
Round took 5.406014ms
Round took 4.720511ms
Round took 5.075373ms
Round took 5.133559ms
Round took 5.084654ms
Round took 5.345577ms
Round took 4.823323ms
Round took 6.852033ms
Round took 5.847795ms
Round took 5.523983ms
Round took 4.722673ms
Round took 5.443383ms
Round took 5.623823ms
Round took 6.323094ms
Round took 4.965105ms
Round took 5.39216ms
Round took 4.874053ms
Round took 5.566383ms
Round took 4.899365ms
Round took 4.879515ms
Round took 5.144154ms
Round took 5.632367ms
Round took 5.13822ms
Round took 5.427301ms
Round took 5.117421ms
Round took 5.167676ms
Round took 4.575157ms
Round took 5.252624ms
Round took 4.790074ms
Round took 5.369876ms
Round took 4.730031ms
Round took 6.24143ms
Round took 4.379744ms
Round took 4.995248ms
Round took 5.273628ms
Round took 4.747755ms
Round took 5.385988ms
Round took 4.711488ms
Round took 5.034763ms
Round took 4.990338ms
Round took 5.386487ms
Round took 4.849181ms
Round took 5.830872ms
Round took 4.428617ms
Round took 4.848517ms
Round took 5.238305ms
Round took 5.508362ms
Round took 5.085393ms
Round took 5.366401ms
Round took 5.068287ms
Round took 4.843931ms
Round took 5.223434ms
Round took 6.109961ms
Round took 4.781074ms
Round took 5.869967ms
Round took 4.013079ms
Round took 5.585949ms
Round took 4.745008ms
Round took 5.776352ms
Round took 4.442028ms
Round took 5.658452ms
Round took 4.454311ms
Round took 4.992106ms
Round took 5.757971ms
Round took 4.662076ms
Round took 5.851781ms
Round took 3.683359ms
Round took 5.86607ms
Round took 5.194494ms
Round took 5.296314ms
Round took 5.03521ms
Round took 4.776165ms
Round took 5.001736ms
Round took 5.025097ms
Round took 5.834699ms
Round took 4.345927ms
Round took 5.292125ms
Round took 5.461819ms
Round took 4.412656ms
Round took 4.928137ms
Round took 6.212316ms
Round took 6.011678ms
Round took 4.870187ms
Round took 5.826824ms
Round took 4.485758ms
Round took 5.240762ms
Round took 5.425282ms
Round took 4.645451ms
Round took 5.196624ms
Round took 5.071755ms
Round took 5.446979ms
Round took 4.37994ms
Round took 5.280588ms
Round took 5.611351ms
Round took 4.820228ms
Round took 5.097889ms
Round took 5.247094ms
Round took 5.609873ms
Round took 4.962781ms
Round took 5.032268ms
Round took 5.453612ms
Round took 4.779062ms
Round took 5.147073ms
Round took 4.751294ms
Round took 5.20999ms
Round took 5.504611ms
Round took 6.893149ms
Round took 4.24815ms
Round took 4.516979ms
Round took 5.918869ms
Round took 6.886619ms
Round took 5.357446ms
Round took 5.176401ms
Round took 6.479766ms
Round took 5.265649ms
Round took 5.124892ms
Round took 4.42912ms
Round took 18.969783ms
Round took 5.379647ms
Round took 5.326747ms
Round took 4.766458ms
Round took 5.462034ms
Round took 6.134185ms
Round took 4.995068ms
Round took 5.542621ms
Round took 3.81994ms
Round took 5.207683ms
Round took 5.867415ms
Round took 5.802222ms
Round took 5.374842ms
Round took 4.38252ms
Round took 3.480967ms
Round took 6.237417ms
Round took 5.038164ms
Round took 5.122109ms
Round took 4.983984ms
Round took 5.457562ms
Round took 5.028252ms
Round took 4.980031ms
Round took 5.077044ms
Round took 5.181456ms
Round took 5.139191ms
Round took 5.581574ms
Round took 5.519556ms
Round took 4.182664ms
Round took 5.118811ms
Round took 5.582838ms
Round took 4.460102ms
Round took 5.304379ms
Round took 4.75416ms
Round took 5.805257ms
Round took 4.411309ms
Round took 5.112005ms
Round took 6.051513ms
Round took 3.566121ms
Round took 5.16484ms
Round took 4.861175ms
Round took 4.559864ms
Round took 6.514089ms
Round took 4.242131ms
Round took 5.293455ms
Round took 4.449715ms
Round took 7.038638ms
Round took 4.554516ms
Round took 4.789771ms
Round took 4.28711ms
Round took 5.157594ms
Round took 4.983092ms
Round took 4.823561ms
Round took 6.132051ms
Round took 4.468539ms
Round took 5.185017ms
Round took 4.087941ms
Round took 6.754715ms
Round took 4.119618ms
Round took 5.641648ms
Round took 5.708025ms
Round took 4.942721ms
Round took 4.773859ms
Round took 4.931131ms
Round took 4.875606ms
Round took 5.308159ms
Round took 5.438241ms
Round took 5.620446ms
Round took 3.76995ms
Round took 4.96038ms
Round took 5.984284ms
Round took 4.585094ms
Round took 5.142802ms
Round took 4.998286ms
Round took 5.833971ms
Round took 5.231168ms
Round took 6.815278ms
Round took 4.433328ms
Round took 5.04666ms
Round took 5.451207ms
Round took 5.024786ms
Round took 4.596116ms
Round took 6.302913ms
Round took 3.905929ms
Round took 5.335655ms
Round took 4.654418ms
Round took 6.015007ms
Round took 4.284827ms
Round took 5.135641ms
Round took 5.280629ms
Round took 5.456831ms
Round took 4.890762ms
Round took 5.018063ms
Round took 4.97971ms
Round took 5.176917ms
Round took 5.299042ms
Round took 4.782843ms
Round took 5.713965ms
Round took 5.032039ms
Round took 4.356303ms
Round took 5.186303ms
Round took 6.579844ms
Round took 5.331483ms
Round took 5.183337ms
Round took 4.8947ms
Round took 4.777524ms
Round took 5.398678ms
Round took 4.555489ms
Round took 5.497918ms
Round took 5.122035ms
Round took 4.290219ms
Round took 6.737955ms
Round took 3.875345ms
Round took 4.906966ms
Round took 4.424607ms
Round took 6.228033ms
Round took 4.621054ms
Round took 4.70501ms
Round took 7.450304ms
Round took 7.68669ms
Round took 4.599972ms
Round took 5.845972ms
Round took 5.186298ms
Round took 4.463611ms
Round took 4.572774ms
Round took 5.176221ms
Round took 5.717671ms
Round took 4.871788ms
Round took 5.56371ms
Round took 5.407292ms
Round took 4.960569ms
Round took 5.87724ms
Round took 4.611181ms
Round took 5.287723ms
Round took 4.699908ms
Round took 5.436242ms
Round took 5.017877ms
Round took 6.374225ms
Round took 5.102053ms
Round took 5.327449ms
Round took 4.851091ms
Round took 5.320739ms
Round took 4.768031ms
Round took 5.397255ms
Round took 5.089533ms
Round took 5.35549ms
Round took 4.769167ms
Round took 7.241987ms
Round took 4.744725ms
Round took 4.642532ms
Round took 5.541968ms
Round took 5.157651ms
Round took 4.804441ms
Round took 5.514863ms
Round took 5.298817ms
Round took 4.531153ms
Round took 5.746791ms
Round took 4.0122ms
Round took 5.723615ms
Round took 5.271806ms
Round took 5.37118ms
Round took 5.280319ms
Round took 4.503637ms
Round took 5.137443ms
Round took 4.93901ms
Round took 4.798017ms
Round took 5.421757ms
Round took 5.617321ms
Round took 4.893374ms
Round took 5.369541ms
Round took 4.506916ms
Round took 5.234884ms
Round took 4.804432ms
Round took 5.675672ms
Round took 5.384541ms
Round took 5.336083ms
Round took 4.44305ms
Round took 5.067876ms
Round took 5.834977ms
Round took 3.952082ms
Round took 5.351796ms
Round took 5.796671ms
Round took 4.383578ms
Round took 4.972804ms
Round took 5.250837ms
Round took 4.947146ms
Round took 5.576855ms
Round took 4.836999ms
Round took 4.431801ms
Round took 5.677727ms
Round took 4.617483ms
Round took 5.836014ms
Round took 3.90479ms
Round took 5.549448ms
Round took 5.946756ms
Round took 4.404835ms
Round took 5.597463ms
Round took 4.227791ms
Round took 5.215469ms
Round took 4.850582ms
Round took 5.66299ms
Round took 5.619931ms
Round took 6.890903ms
Round took 4.30019ms
Round took 4.988134ms
Round took 5.666226ms
Round took 4.474892ms
Round took 5.386874ms
Round took 4.809542ms
Round took 5.281112ms
Round took 5.090139ms
Round took 5.033292ms
Round took 4.992912ms
Round took 4.999084ms
Round took 5.245511ms
Round took 5.02307ms
Round took 5.603558ms
Round took 4.80279ms
Round took 5.139157ms
Round took 4.673387ms
Round took 5.52215ms
Round took 5.000876ms
Round took 5.287563ms
Round took 4.976386ms
Round took 5.469356ms
Round took 5.174627ms
Round took 5.152911ms
Round took 5.404692ms
Round took 5.401957ms
Round took 4.496826ms
Round took 5.233604ms
Round took 5.472681ms
Round took 5.204224ms
Round took 5.096693ms
Round took 5.39808ms
Round took 4.590319ms
Round took 5.080058ms
Round took 5.440127ms
Round took 5.839478ms
Round took 4.610864ms
Round took 6.010092ms
Round took 3.632908ms
Round took 4.837738ms
Round took 4.723797ms
Round took 5.050973ms
Round took 6.292523ms
Round took 4.20192ms
Round took 5.001575ms
Round took 4.910694ms
Round took 5.685682ms
Round took 5.057327ms
Round took 4.877416ms
Round took 6.065796ms
Round took 4.615256ms
Round took 4.6973ms
Round took 5.112538ms
Round took 5.429537ms
Round took 4.385209ms
Round took 5.035982ms
Round took 6.043142ms
Round took 4.850588ms
Round took 4.288753ms
Round took 5.134251ms
Round took 4.878918ms
Round took 6.299659ms
Round took 5.478428ms
Round took 4.68541ms
Round took 5.269535ms
Round took 4.952464ms
Round took 5.386002ms
Round took 4.267803ms
Round took 5.736547ms
Round took 4.604696ms
Round took 6.180008ms
Round took 3.817713ms
Round took 5.277614ms
Round took 4.925793ms
Round took 5.5125ms
Round took 5.832837ms
Round took 4.023723ms
Round took 5.397141ms
Round took 6.272063ms
Round took 6.881829ms
Round took 4.810221ms
Round took 5.503481ms
Round took 5.506847ms
Round took 4.313653ms
Round took 4.86022ms
Round took 5.646668ms
Round took 4.672225ms
Round took 4.55282ms
Round took 5.178442ms
Round took 5.617495ms
Round took 5.246885ms
Round took 5.625201ms
Round took 4.776543ms
Round took 4.616058ms
Round took 4.939805ms
Round took 4.333196ms
Round took 5.232824ms
Round took 5.063815ms
Round took 5.125115ms
Round took 5.364329ms
Round took 5.523899ms
Round took 4.868925ms
Round took 4.676029ms
Round took 5.763178ms
Round took 4.661712ms
Round took 5.34473ms
Round took 5.041754ms
Round took 6.083178ms
Round took 4.940426ms
Round took 4.405928ms
Round took 5.141559ms
Round took 5.368076ms
Round took 5.310092ms
Round took 4.406606ms
Round took 5.374021ms
Round took 5.603048ms
Round took 4.358951ms
Round took 6.031088ms
Round took 3.983044ms
Round took 5.347342ms
Round took 4.734351ms
Round took 5.238122ms
Round took 5.393861ms
Round took 4.731377ms
Round took 5.081341ms
Round took 6.200471ms
Round took 4.808443ms
Round took 4.787902ms
Round took 5.201295ms
Round took 4.728285ms
Round took 5.499941ms
Round took 4.346508ms
Round took 5.406296ms
Round took 5.482077ms
Round took 4.358749ms
Round took 5.123245ms
Round took 4.840399ms
Round took 7.258719ms
Round took 4.887701ms
Round took 4.970841ms
Round took 4.310182ms
Round took 3.853053ms
Round took 5.232171ms
Round took 4.829425ms
Round took 6.615341ms
Round took 4.892688ms
Round took 5.226763ms
Round took 5.226047ms
Round took 3.804101ms
Round took 5.542167ms
Round took 5.346143ms
Round took 5.167593ms
Round took 5.268098ms
Round took 4.516505ms
Round took 6.186411ms
Round took 6.534851ms
Round took 4.959597ms
Round took 5.182512ms
Round took 4.97942ms
Round took 4.884476ms
Round took 5.303402ms
Round took 4.764794ms
Round took 7.045579ms
Round took 4.348421ms
Round took 5.315762ms
Round took 5.506385ms
Round took 4.557454ms
Round took 5.342442ms
Round took 4.215171ms
Round took 6.178879ms
Round took 4.451903ms
Round took 4.916198ms
Round took 4.944033ms
Round took 5.548327ms
Round took 5.347829ms
Round took 4.342877ms
Round took 5.38028ms
Round took 4.929163ms
Round took 4.849786ms
Round took 5.277655ms
Round took 5.400958ms
Round took 4.616844ms
Round took 5.121251ms
Round took 4.71654ms
Round took 5.971974ms
Round took 5.256485ms
Round took 4.790259ms
Round took 4.681117ms
Round took 5.364111ms
Round took 4.569881ms
Round took 6.078407ms
Round took 4.858698ms
Round took 4.327776ms
Round took 5.139506ms
Round took 4.914472ms
Round took 4.980997ms
Round took 5.547942ms
Round took 4.83912ms
Round took 7.278616ms
Round took 3.943431ms
Round took 5.136899ms
Round took 5.046086ms
Round took 4.968441ms
Round took 4.849416ms
Round took 6.070762ms
Round took 4.205211ms
Round took 5.49451ms
Round took 4.986936ms
Round took 5.869852ms
Round took 4.133502ms
Round took 5.466969ms
Round took 4.437441ms
Round took 5.886441ms
Round took 6.175683ms
Round took 6.478114ms
Round took 4.741713ms
Round took 5.198513ms
Round took 4.797497ms
Round took 5.450389ms
Round took 4.886214ms
Round took 5.537786ms
Round took 5.14456ms
Round took 4.457314ms
Round took 5.150098ms
Round took 5.132414ms
Round took 5.004264ms
Round took 4.855328ms
Round took 5.156641ms
Round took 5.181523ms
Round took 4.893721ms
Round took 5.33971ms
Round took 5.034526ms
Round took 6.167268ms
Round took 5.260577ms
Round took 4.76542ms
Round took 5.207024ms
Round took 5.021067ms
Round took 4.976319ms
Round took 5.015861ms
Round took 5.124056ms
Round took 4.995351ms
Round took 4.913923ms
Round took 5.721416ms
Round took 5.370846ms
Round took 4.575425ms
Round took 5.677778ms
Round took 4.708478ms
Round took 5.256945ms
Round took 5.152336ms
Round took 6.751098ms
Round took 5.512245ms
Round took 4.544247ms
Round took 4.131023ms
Round took 3.653164ms
Round took 5.225987ms
Round took 5.275926ms
Round took 6.139999ms
Round took 4.921727ms
Round took 6.735617ms
Round took 6.55826ms
Round took 4.718924ms
Round took 4.902037ms
Round took 5.04662ms
Round took 5.116029ms
Round took 4.957446ms
Round took 5.130306ms
Round took 4.974503ms
Round took 5.205035ms
Round took 4.960996ms
Round took 5.081403ms
Round took 5.468415ms
Round took 4.620944ms
Round took 5.037016ms
Round took 5.407492ms
Round took 5.080361ms
Round took 5.040939ms
Round took 4.954792ms
Round took 4.968718ms
Round took 6.695649ms
Round took 4.993023ms
Round took 5.175399ms
Round took 5.34795ms
Round took 4.828065ms
Round took 3.780852ms
Round took 5.294043ms
Round took 5.855691ms
Round took 5.560762ms
Round took 4.589056ms
Round took 7.56788ms
Round took 6.497973ms
Round took 4.857039ms
Round took 4.590259ms
Round took 6.452172ms
Round took 3.703007ms
Round took 5.254826ms
Round took 5.395193ms
Round took 4.862178ms
Round took 5.13178ms
Round took 5.079613ms
Round took 5.13308ms
Round took 5.859973ms
Round took 6.04217ms
Round took 4.179995ms
Round took 5.353526ms
Round took 4.669656ms
Round took 4.966136ms
Round took 6.827566ms
Round took 4.681247ms
Round took 5.391113ms
Round took 4.631009ms
Round took 4.524255ms
Round took 5.227355ms
Round took 5.430051ms
Round took 5.835539ms
Round took 4.199555ms
Round took 5.649599ms
Round took 4.273262ms
Round took 5.031984ms
Round took 5.102984ms
Round took 4.713571ms
Round took 6.433857ms
Round took 4.479818ms
Round took 4.654724ms
Round took 4.269801ms
Round took 6.099751ms
Round took 4.268231ms
Round took 5.372237ms
Round took 5.925193ms
Round took 4.707021ms
Round took 5.443816ms
Round took 4.412005ms
Round took 5.758339ms
Round took 5.141737ms
Round took 5.371919ms
Round took 5.15252ms
Round took 4.953411ms
Round took 4.799601ms
Round took 6.336067ms
Round took 6.732062ms
Round took 5.321147ms
Round took 5.901179ms
Round took 5.139739ms
Round took 7.659717ms
Round took 6.448721ms
Round took 5.931257ms
Test took 5.234866546s
Successful: 10000
