Uniform distribution
2021/04/16 21:40:47 The leader is replica 0
Round took 5.87302ms
Round took 6.495703ms
Round took 6.932906ms
Round took 9.631049ms
Round took 4.132227ms
Round took 4.038146ms
Round took 5.653878ms
Round took 5.083949ms
Round took 4.677699ms
Round took 4.96436ms
Round took 5.516861ms
Round took 3.799044ms
Round took 4.871178ms
Round took 5.02823ms
Round took 5.227785ms
Round took 5.579177ms
Round took 5.035647ms
Round took 4.860885ms
Round took 5.276213ms
Round took 4.997297ms
Round took 4.414208ms
Round took 5.236543ms
Round took 5.750431ms
Round took 4.673245ms
Round took 4.533331ms
Round took 4.953226ms
Round took 5.464297ms
Round took 4.851613ms
Round took 5.059837ms
Round took 5.691527ms
Round took 4.29696ms
Round took 5.237022ms
Round took 4.780996ms
Round took 5.328333ms
Round took 5.267534ms
Round took 4.871925ms
Round took 6.106813ms
Round took 6.247598ms
Round took 7.891153ms
Round took 7.217563ms
Round took 4.693797ms
Round took 4.007727ms
Round took 6.734076ms
Round took 5.184931ms
Round took 6.555079ms
Round took 4.160401ms
Round took 5.674425ms
Round took 5.246492ms
Round took 5.018175ms
Round took 4.476559ms
Round took 6.211527ms
Round took 5.749853ms
Round took 4.861182ms
Round took 5.73374ms
Round took 4.097731ms
Round took 3.754816ms
Round took 5.787066ms
Round took 5.281821ms
Round took 5.623186ms
Round took 4.999738ms
Round took 4.706103ms
Round took 6.127796ms
Round took 5.074805ms
Round took 4.031643ms
Round took 5.897867ms
Round took 6.2504ms
Round took 5.81987ms
Round took 4.841649ms
Round took 4.070766ms
Round took 4.985584ms
Round took 5.273852ms
Round took 5.149572ms
Round took 5.270324ms
Round took 5.064911ms
Round took 5.127452ms
Round took 4.604897ms
Round took 4.810038ms
Round took 5.003814ms
Round took 6.134078ms
Round took 4.228419ms
Round took 4.801763ms
Round took 5.008814ms
Round took 5.377052ms
Round took 5.740261ms
Round took 4.176261ms
Round took 5.155053ms
Round took 5.062631ms
Round took 4.959124ms
Round took 5.093619ms
Round took 4.720476ms
Round took 5.608646ms
Round took 4.710526ms
Round took 5.000944ms
Round took 5.412709ms
Round took 4.974208ms
Round took 5.225186ms
Round took 5.005158ms
Round took 5.333876ms
Round took 5.310835ms
Round took 4.561167ms
Round took 5.787307ms
Round took 4.38763ms
Round took 5.077343ms
Round took 4.949877ms
Round took 5.435155ms
Round took 5.541545ms
Round took 5.201726ms
Round took 4.94537ms
Round took 3.629729ms
Round took 5.205806ms
Round took 5.562213ms
Round took 4.973206ms
Round took 5.99185ms
Round took 3.973724ms
Round took 5.188067ms
Round took 5.609222ms
Round took 5.201399ms
Round took 4.871426ms
Round took 5.065313ms
Round took 5.356739ms
Round took 4.746747ms
Round took 4.663984ms
Round took 4.518975ms
Round took 5.232566ms
Round took 5.273313ms
Round took 4.964502ms
Round took 5.750689ms
Round took 4.017062ms
Round took 5.41619ms
Round took 5.466084ms
Round took 5.358662ms
Round took 5.033473ms
Round took 5.627916ms
Round took 4.286536ms
Round took 4.492074ms
Round took 5.338557ms
Round took 5.182272ms
Round took 4.696304ms
Round took 5.244426ms
Round took 5.705216ms
Round took 4.202583ms
Round took 4.72062ms
Round took 4.683911ms
Round took 6.160983ms
Round took 5.976333ms
Round took 6.27341ms
Round took 5.031186ms
Round took 5.526133ms
Round took 3.861524ms
Round took 3.770028ms
Round took 4.952054ms
Round took 4.896723ms
Round took 6.571095ms
Round took 4.846521ms
Round took 4.747605ms
Round took 3.84928ms
Round took 5.914003ms
Round took 4.950751ms
Round took 4.857728ms
Round took 4.903555ms
Round took 5.431575ms
Round took 4.5217ms
Round took 4.541228ms
Round took 5.513253ms
Round took 4.881776ms
Round took 5.027301ms
Round took 5.067038ms
Round took 5.87736ms
Round took 4.800763ms
Round took 5.205412ms
Round took 5.691936ms
Round took 4.60412ms
Round took 4.421524ms
Round took 5.506167ms
Round took 4.617904ms
Round took 5.604347ms
Round took 4.940753ms
Round took 4.018472ms
Round took 5.139485ms
Round took 5.522588ms
Round took 5.026581ms
Round took 5.011623ms
Round took 4.56861ms
Round took 5.497252ms
Round took 5.670662ms
Round took 4.352743ms
Round took 5.021097ms
Round took 5.049164ms
Round took 5.083059ms
Round took 4.761208ms
Round took 5.729924ms
Round took 4.940131ms
Round took 5.205004ms
Round took 6.635809ms
Round took 6.519242ms
Round took 4.834318ms
Round took 4.957437ms
Round took 5.124347ms
Round took 5.197804ms
Round took 4.99891ms
Round took 5.25625ms
Round took 5.583553ms
Round took 4.83213ms
Round took 4.8002ms
Round took 5.546728ms
Round took 5.172711ms
Round took 4.673328ms
Round took 5.454526ms
Round took 4.459425ms
Round took 5.481663ms
Round took 4.73935ms
Round took 4.99413ms
Round took 5.671636ms
Round took 5.371854ms
Round took 4.757846ms
Round took 5.158278ms
Round took 5.300616ms
Round took 4.785644ms
Round took 4.683709ms
Round took 5.300556ms
Round took 5.436411ms
Round took 4.601415ms
Round took 4.65082ms
Round took 5.127517ms
Round took 5.437651ms
Round took 4.962036ms
Round took 5.00024ms
Round took 5.623211ms
Round took 4.431192ms
Round took 5.424279ms
Round took 5.090592ms
Round took 5.150558ms
Round took 4.982957ms
Round took 4.870603ms
Round took 6.23613ms
Round took 4.059777ms
Round took 5.179724ms
Round took 4.918254ms
Round took 5.457766ms
Round took 4.853817ms
Round took 4.835377ms
Round took 5.902422ms
Round took 4.629351ms
Round took 5.123376ms
Round took 4.890922ms
Round took 5.351778ms
Round took 4.88976ms
Round took 5.056768ms
Round took 5.055426ms
Round took 5.084546ms
Round took 5.23538ms
Round took 4.981112ms
Round took 5.352312ms
Round took 4.556489ms
Round took 5.445421ms
Round took 4.74974ms
Round took 5.072181ms
Round took 6.252056ms
Round took 6.369608ms
Round took 4.803169ms
Round took 4.030735ms
Round took 4.118321ms
Round took 4.910645ms
Round took 5.692766ms
Round took 4.759891ms
Round took 4.839483ms
Round took 4.990781ms
Round took 5.648891ms
Round took 4.526214ms
Round took 5.031844ms
Round took 5.111029ms
Round took 5.322781ms
Round took 4.897531ms
Round took 5.377138ms
Round took 4.714272ms
Round took 5.279986ms
Round took 5.066355ms
Round took 6.298559ms
Round took 4.078205ms
Round took 4.656995ms
Round took 4.976393ms
Round took 5.091047ms
Round took 5.464109ms
Round took 4.988069ms
Round took 5.210535ms
Round took 5.361054ms
Round took 4.601452ms
Round took 5.174359ms
Round took 5.134115ms
Round took 5.102686ms
Round took 5.391927ms
Round took 4.662134ms
Round took 5.053643ms
Round took 5.175072ms
Round took 5.039659ms
Round took 5.424206ms
Round took 5.934903ms
Round took 4.965982ms
Round took 4.57907ms
Round took 4.822741ms
Round took 5.636117ms
Round took 4.877063ms
Round took 4.761924ms
Round took 5.483959ms
Round took 5.229683ms
Round took 4.94026ms
Round took 5.811134ms
Round took 5.034306ms
Round took 5.241646ms
Round took 5.678793ms
Round took 4.400745ms
Round took 4.715859ms
Round took 6.027419ms
Round took 5.537455ms
Round took 4.913942ms
Round took 4.892215ms
Round took 5.657843ms
Round took 4.069609ms
Round took 4.981524ms
Round took 4.371333ms
Round took 6.084074ms
Round took 4.850439ms
Round took 5.642993ms
Round took 4.400585ms
Round took 5.937259ms
Round took 4.74259ms
Round took 4.888002ms
Round took 6.051781ms
Round took 4.102786ms
Round took 4.342106ms
Round took 5.031503ms
Round took 6.188199ms
Round took 4.198815ms
Round took 5.587967ms
Round took 4.461725ms
Round took 5.213652ms
Round took 4.879327ms
Round took 5.469806ms
Round took 5.413129ms
Round took 4.980238ms
Round took 4.838607ms
Round took 4.88683ms
Round took 5.740354ms
Round took 4.638041ms
Round took 4.632353ms
Round took 5.245802ms
Round took 4.712223ms
Round took 5.596168ms
Round took 4.727706ms
Round took 5.716762ms
Round took 4.610762ms
Round took 5.478236ms
Round took 4.481867ms
Round took 5.251521ms
Round took 5.685455ms
Round took 4.608901ms
Round took 5.847147ms
Round took 3.646972ms
Round took 5.842175ms
Round took 5.166433ms
Round took 5.268117ms
Round took 5.379034ms
Round took 4.876103ms
Round took 5.311959ms
Round took 4.792074ms
Round took 5.395843ms
Round took 3.951693ms
Round took 4.986982ms
Round took 5.737808ms
Round took 4.449819ms
Round took 4.917862ms
Round took 5.152519ms
Round took 5.26851ms
Round took 5.741486ms
Round took 4.152233ms
Round took 6.118372ms
Round took 4.043253ms
Round took 4.764789ms
Round took 5.509821ms
Round took 5.916974ms
Round took 5.037567ms
Round took 4.637834ms
Round took 5.784221ms
Round took 3.680189ms
Round took 5.551304ms
Round took 4.972303ms
Round took 5.685542ms
Round took 5.273743ms
Round took 4.473925ms
Round took 4.885262ms
Round took 5.276829ms
Round took 4.826137ms
Round took 5.324628ms
Round took 5.555592ms
Round took 5.17465ms
Round took 3.971381ms
Round took 5.31833ms
Round took 6.104542ms
Round took 5.237937ms
Round took 4.424223ms
Round took 4.489038ms
Round took 5.935058ms
Round took 3.985299ms
Round took 5.389434ms
Round took 6.388044ms
Round took 4.359486ms
Round took 6.70108ms
Round took 5.274277ms
Round took 4.649435ms
Round took 19.566607ms
Round took 5.248181ms
Round took 5.072293ms
Round took 4.983957ms
Round took 5.300608ms
Round took 5.664239ms
Round took 5.522076ms
Round took 4.669056ms
Round took 4.754024ms
Round took 4.980875ms
Round took 4.959375ms
Round took 5.571246ms
Round took 5.976477ms
Round took 5.01076ms
Round took 3.358657ms
Round took 5.743156ms
Round took 5.521015ms
Round took 4.911198ms
Round took 4.928578ms
Round took 4.880032ms
Round took 5.608514ms
Round took 4.860849ms
Round took 5.127367ms
Round took 5.725255ms
Round took 4.686627ms
Round took 5.326076ms
Round took 5.916605ms
Round took 4.286452ms
Round took 4.868847ms
Round took 4.49363ms
Round took 4.840976ms
Round took 5.586679ms
Round took 4.69653ms
Round took 5.172861ms
Round took 4.974402ms
Round took 5.140642ms
Round took 5.263831ms
Round took 4.612719ms
Round took 5.615615ms
Round took 4.68038ms
Round took 4.786763ms
Round took 5.423752ms
Round took 5.031827ms
Round took 5.221852ms
Round took 4.637135ms
Round took 5.26693ms
Round took 6.193499ms
Round took 4.290528ms
Round took 4.49639ms
Round took 5.635229ms
Round took 4.968952ms
Round took 4.99731ms
Round took 5.242416ms
Round took 5.310873ms
Round took 5.04642ms
Round took 4.357535ms
Round took 5.147984ms
Round took 5.145828ms
Round took 5.211809ms
Round took 5.077447ms
Round took 5.558659ms
Round took 4.767384ms
Round took 4.657319ms
Round took 5.212927ms
Round took 5.464174ms
Round took 4.920085ms
Round took 5.089992ms
Round took 4.686954ms
Round took 4.928948ms
Round took 5.205572ms
Round took 4.834499ms
Round took 5.526123ms
Round took 4.827432ms
Round took 4.805932ms
Round took 4.957867ms
Round took 5.41719ms
Round took 5.987207ms
Round took 4.482386ms
Round took 5.512873ms
Round took 4.922905ms
Round took 4.655117ms
Round took 4.530468ms
Round took 6.299084ms
Round took 3.828832ms
Round took 5.326439ms
Round took 4.626176ms
Round took 6.207448ms
Round took 4.19241ms
Round took 4.814442ms
Round took 5.339749ms
Round took 5.502473ms
Round took 4.871851ms
Round took 5.01645ms
Round took 5.559186ms
Round took 4.547864ms
Round took 5.11315ms
Round took 4.831772ms
Round took 5.696471ms
Round took 5.028063ms
Round took 4.381752ms
Round took 5.160952ms
Round took 5.602439ms
Round took 5.103499ms
Round took 4.584492ms
Round took 5.458918ms
Round took 4.717865ms
Round took 5.368344ms
Round took 4.229765ms
Round took 5.007036ms
Round took 4.997387ms
Round took 5.158923ms
Round took 5.159663ms
Round took 5.64214ms
Round took 4.626181ms
Round took 4.725134ms
Round took 5.187418ms
Round took 5.335067ms
Round took 4.799593ms
Round took 5.288099ms
Round took 4.978506ms
Round took 5.835966ms
Round took 4.357627ms
Round took 5.463699ms
Round took 5.350331ms
Round took 4.426814ms
Round took 4.611668ms
Round took 4.974712ms
Round took 6.108089ms
Round took 4.669956ms
Round took 5.082997ms
Round took 5.825896ms
Round took 4.957612ms
Round took 5.103929ms
Round took 4.780636ms
Round took 5.756866ms
Round took 4.375055ms
Round took 4.970418ms
Round took 5.852886ms
Round took 4.212771ms
Round took 5.048583ms
Round took 5.270786ms
Round took 5.491178ms
Round took 4.569745ms
Round took 5.179812ms
Round took 4.496371ms
Round took 5.658704ms
Round took 4.754572ms
Round took 5.340684ms
Round took 4.954989ms
Round took 5.990066ms
Round took 4.49595ms
Round took 4.69353ms
Round took 5.594318ms
Round took 4.946666ms
Round took 4.682273ms
Round took 5.438625ms
Round took 5.123549ms
Round took 4.710973ms
Round took 5.29348ms
Round took 4.619688ms
Round took 5.780543ms
Round took 5.213216ms
Round took 5.350761ms
Round took 5.279861ms
Round took 4.414187ms
Round took 5.161022ms
Round took 4.575756ms
Round took 5.347919ms
Round took 4.898728ms
Round took 4.760459ms
Round took 5.616631ms
Round took 5.409358ms
Round took 4.57188ms
Round took 4.903705ms
Round took 5.392166ms
Round took 5.429527ms
Round took 4.337067ms
Round took 5.004547ms
Round took 5.238568ms
Round took 4.993347ms
Round took 5.098661ms
Round took 4.447679ms
Round took 5.473714ms
Round took 5.291825ms
Round took 4.429541ms
Round took 5.508278ms
Round took 5.306302ms
Round took 4.646099ms
Round took 5.221345ms
Round took 5.652457ms
Round took 4.314768ms
Round took 5.249697ms
Round took 4.684156ms
Round took 6.277775ms
Round took 3.923591ms
Round took 5.199262ms
Round took 5.890128ms
Round took 4.675745ms
Round took 5.172384ms
Round took 4.762593ms
Round took 5.295245ms
Round took 4.830254ms
Round took 5.045719ms
Round took 5.674104ms
Round took 5.049151ms
Round took 5.4677ms
Round took 4.217787ms
Round took 5.26419ms
Round took 5.512713ms
Round took 4.54202ms
Round took 5.742993ms
Round took 4.383417ms
Round took 5.440994ms
Round took 5.044824ms
Round took 6.955308ms
Round took 6.033076ms
Round took 5.188978ms
Round took 5.092208ms
Round took 5.603238ms
Round took 4.623053ms
Round took 4.935263ms
Round took 4.95014ms
Round took 5.574161ms
Round took 5.030179ms
Round took 5.285693ms
Round took 4.935027ms
Round took 5.069189ms
Round took 5.126812ms
Round took 5.256057ms
Round took 5.433784ms
Round took 4.617639ms
Round took 4.735019ms
Round took 5.080487ms
Round took 5.108816ms
Round took 5.184411ms
Round took 4.906301ms
Round took 5.273393ms
Round took 5.170036ms
Round took 4.943778ms
Round took 4.882371ms
Round took 6.050255ms
Round took 4.578098ms
Round took 4.865572ms
Round took 5.006528ms
Round took 5.33359ms
Round took 4.732948ms
Round took 5.137046ms
Round took 6.153036ms
Round took 4.178236ms
Round took 5.011337ms
Round took 4.852456ms
Round took 5.071512ms
Round took 5.234014ms
Round took 4.994101ms
Round took 5.406149ms
Round took 5.119985ms
Round took 4.725411ms
Round took 4.696674ms
Round took 5.315669ms
Round took 4.848392ms
Round took 5.02993ms
Round took 5.005554ms
Round took 5.727769ms
Round took 4.425939ms
Round took 5.180686ms
Round took 4.761096ms
Round took 6.621878ms
Round took 4.876051ms
Round took 4.208562ms
Round took 5.125727ms
Round took 5.663128ms
Round took 4.367926ms
Round took 4.898809ms
Round took 5.525231ms
Round took 4.718935ms
Round took 5.299518ms
Round took 4.843003ms
Round took 5.443609ms
Round took 4.880351ms
Round took 5.076192ms
Round took 5.996293ms
Round took 4.056926ms
Round took 5.017112ms
Round took 5.099566ms
Round took 4.785934ms
Round took 5.683293ms
Round took 4.537483ms
Round took 5.099844ms
Round took 5.71947ms
Round took 4.336456ms
Round took 4.872168ms
Round took 5.475311ms
Round took 6.367474ms
Round took 4.555321ms
Round took 5.683182ms
Round took 5.531902ms
Round took 4.978718ms
Round took 5.780187ms
Round took 4.682756ms
Round took 4.133393ms
Round took 4.932873ms
Round took 4.313659ms
Round took 5.679588ms
Round took 4.649115ms
Round took 4.890019ms
Round took 5.361684ms
Round took 5.299949ms
Round took 4.952587ms
Round took 4.676125ms
Round took 5.336397ms
Round took 5.044309ms
Round took 4.626056ms
Round took 4.507029ms
Round took 5.051638ms
Round took 5.872452ms
Round took 4.563559ms
Round took 4.981461ms
Round took 5.723474ms
Round took 5.039743ms
Round took 4.708044ms
Round took 4.989328ms
Round took 5.796953ms
Round took 4.25728ms
Round took 5.506582ms
Round took 4.610022ms
Round took 5.621494ms
Round took 4.69956ms
Round took 5.002828ms
Round took 5.31879ms
Round took 4.879597ms
Round took 4.950019ms
Round took 5.313504ms
Round took 5.345984ms
Round took 4.805148ms
Round took 4.560468ms
Round took 5.11957ms
Round took 6.025778ms
Round took 4.126613ms
Round took 5.033768ms
Round took 5.171023ms
Round took 4.977736ms
Round took 5.168786ms
Round took 4.948319ms
Round took 5.95999ms
Round took 5.678691ms
Round took 4.681088ms
Round took 5.028987ms
Round took 5.230654ms
Round took 5.005272ms
Round took 4.607949ms
Round took 5.821088ms
Round took 5.284718ms
Round took 4.874909ms
Round took 5.169233ms
Round took 3.92986ms
Round took 5.473311ms
Round took 4.844244ms
Round took 5.444263ms
Round took 5.244512ms
Round took 4.637305ms
Round took 5.435141ms
Round took 4.855737ms
Round took 5.387366ms
Round took 4.937338ms
Round took 5.344477ms
Round took 5.298949ms
Round took 4.434981ms
Round took 5.257749ms
Round took 6.0635ms
Round took 4.701833ms
Round took 4.05737ms
Round took 5.30385ms
Round took 5.489861ms
Round took 4.568446ms
Round took 5.354452ms
Round took 4.275477ms
Round took 6.094957ms
Round took 4.458741ms
Round took 4.96081ms
Round took 4.92469ms
Round took 5.475542ms
Round took 5.276252ms
Round took 4.357653ms
Round took 5.394131ms
Round took 4.790142ms
Round took 4.942389ms
Round took 5.21531ms
Round took 5.432374ms
Round took 4.514546ms
Round took 5.063837ms
Round took 4.703554ms
Round took 5.995109ms
Round took 5.245902ms
Round took 4.883544ms
Round took 4.721391ms
Round took 5.244976ms
Round took 4.793369ms
Round took 6.336854ms
Round took 4.415565ms
Round took 4.363618ms
Round took 5.174859ms
Round took 5.253669ms
Round took 4.669547ms
Round took 5.033162ms
Round took 4.390275ms
Round took 5.060245ms
Round took 5.290942ms
Round took 5.114388ms
Round took 5.001044ms
Round took 5.492256ms
Round took 4.815086ms
Round took 5.614654ms
Round took 4.286723ms
Round took 6.042975ms
Round took 4.982602ms
Round took 4.993588ms
Round took 5.789606ms
Round took 5.483802ms
Round took 4.409643ms
Round took 5.748119ms
Round took 4.626186ms
Round took 4.453157ms
Round took 6.616725ms
Round took 3.897743ms
Round took 5.972684ms
Round took 4.109238ms
Round took 5.727976ms
Round took 4.388815ms
Round took 5.541737ms
Round took 5.660637ms
Round took 4.431917ms
Round took 5.453839ms
Round took 3.899302ms
Round took 5.000877ms
Round took 4.700753ms
Round took 5.137247ms
Round took 5.153108ms
Round took 4.923604ms
Round took 5.761457ms
Round took 4.707614ms
Round took 4.55492ms
Round took 5.250206ms
Round took 4.774622ms
Round took 5.187345ms
Round took 5.05196ms
Round took 4.937139ms
Round took 5.065045ms
Round took 4.766577ms
Round took 4.092865ms
Round took 4.91766ms
Round took 5.690271ms
Round took 5.332873ms
Round took 4.606885ms
Round took 5.052235ms
Round took 5.382115ms
Round took 5.135431ms
Round took 4.932106ms
Round took 6.14887ms
Round took 6.1974ms
Round took 4.398708ms
Round took 5.556258ms
Round took 3.173569ms
Round took 5.147335ms
Round took 4.618176ms
Round took 5.543836ms
Round took 5.112696ms
Round took 5.722454ms
Round took 4.220916ms
Round took 6.582704ms
Round took 4.371415ms
Round took 4.917932ms
Round took 5.564202ms
Round took 4.645691ms
Round took 4.92928ms
Round took 5.15423ms
Round took 5.388861ms
Round took 4.682393ms
Round took 4.833741ms
Round took 5.043877ms
Round took 5.599631ms
Round took 4.480697ms
Round took 4.81776ms
Round took 5.531396ms
Round took 4.99898ms
Round took 5.042058ms
Round took 5.357275ms
Round took 5.596134ms
Round took 5.847333ms
Round took 5.323566ms
Round took 5.137138ms
Round took 5.085619ms
Round took 4.798581ms
Round took 3.765103ms
Round took 7.390768ms
Round took 3.993901ms
Round took 6.195974ms
Round took 4.516065ms
Round took 8.285965ms
Round took 4.490744ms
Round took 4.909028ms
Round took 4.551861ms
Round took 5.374696ms
Round took 3.519732ms
Round took 3.579266ms
Round took 5.819757ms
Round took 5.237866ms
Round took 4.80062ms
Round took 5.164702ms
Round took 5.253572ms
Round took 3.55531ms
Round took 5.816678ms
Round took 6.248336ms
Round took 4.079273ms
Round took 5.357975ms
Round took 4.806436ms
Round took 4.962344ms
Round took 5.67809ms
Round took 5.650884ms
Round took 4.565078ms
Round took 4.481462ms
Round took 4.45711ms
Round took 5.238974ms
Round took 5.393552ms
Round took 5.837321ms
Round took 4.137901ms
Round took 5.617639ms
Round took 4.317352ms
Round took 5.004891ms
Round took 5.109467ms
Round took 5.30701ms
Round took 6.235513ms
Round took 4.467691ms
Round took 5.355109ms
Round took 3.499906ms
Round took 6.146807ms
Round took 4.281ms
Round took 5.823097ms
Round took 5.464598ms
Round took 4.625401ms
Round took 5.350541ms
Round took 4.443715ms
Round took 5.23334ms
Round took 4.564229ms
Round took 5.276535ms
Round took 5.348129ms
Round took 4.65474ms
Round took 4.772032ms
Round took 4.773262ms
Round took 5.496733ms
Round took 5.285187ms
Round took 5.004387ms
Round took 4.782447ms
Round took 5.210151ms
Round took 5.586871ms
Round took 4.579314ms
Round took 6.233264ms
Round took 5.498339ms
Round took 4.141272ms
Round took 4.42403ms
Round took 5.615297ms
Round took 5.122269ms
Round took 4.654791ms
Round took 5.4656ms
Round took 6.148757ms
Round took 4.430513ms
Round took 6.344522ms
Round took 3.709141ms
Round took 4.968175ms
Round took 5.315339ms
Round took 5.678323ms
Round took 4.853351ms
Round took 4.630102ms
Round took 6.43415ms
Round took 4.263766ms
Round took 4.364457ms
Round took 5.095068ms
Round took 5.740688ms
Round took 5.417043ms
Round took 4.530096ms
Round took 5.007101ms
Round took 5.217924ms
Round took 4.654796ms
Round took 5.244453ms
Round took 5.72364ms
Round took 6.025127ms
Round took 3.458128ms
Round took 5.22263ms
Round took 5.503315ms
Round took 5.2169ms
Round took 4.982282ms
Round took 3.560791ms
Test took 5.132741637s
Successful: 10000
