Uniform distribution
2021/04/16 21:40:47 The leader is replica 0
Round took 6.368268ms
Round took 6.532419ms
Round took 5.987594ms
Round took 6.444018ms
Round took 6.672381ms
Round took 6.942327ms
Round took 6.262277ms
Round took 3.993571ms
Round took 5.60639ms
Round took 5.313842ms
Round took 6.011697ms
Round took 6.499578ms
Round took 4.368807ms
Round took 3.63643ms
Round took 5.021988ms
Round took 5.163617ms
Round took 5.39761ms
Round took 5.597814ms
Round took 4.938844ms
Round took 5.376844ms
Round took 4.84152ms
Round took 5.040996ms
Round took 5.343075ms
Round took 5.002363ms
Round took 5.768523ms
Round took 5.25679ms
Round took 4.538512ms
Round took 4.378082ms
Round took 5.409446ms
Round took 5.401858ms
Round took 4.999994ms
Round took 5.636055ms
Round took 4.336121ms
Round took 6.007646ms
Round took 3.623925ms
Round took 5.334136ms
Round took 4.35284ms
Round took 4.922652ms
Round took 6.687899ms
Round took 6.857827ms
Round took 7.983977ms
Round took 7.129066ms
Round took 3.294482ms
Round took 4.106848ms
Round took 7.075548ms
Round took 6.033116ms
Round took 5.871252ms
Round took 4.546211ms
Round took 5.745061ms
Round took 4.469314ms
Round took 5.111958ms
Round took 4.430838ms
Round took 7.24728ms
Round took 4.797474ms
Round took 5.669595ms
Round took 4.825458ms
Round took 3.636219ms
Round took 3.910868ms
Round took 5.715776ms
Round took 5.743008ms
Round took 5.042724ms
Round took 4.945436ms
Round took 4.730101ms
Round took 5.405776ms
Round took 4.823356ms
Round took 4.160612ms
Round took 5.264097ms
Round took 6.21388ms
Round took 5.982157ms
Round took 5.289196ms
Round took 4.117538ms
Round took 4.92706ms
Round took 5.240916ms
Round took 5.070816ms
Round took 5.258543ms
Round took 5.059978ms
Round took 4.74349ms
Round took 5.093214ms
Round took 4.80381ms
Round took 5.008563ms
Round took 6.214741ms
Round took 4.183896ms
Round took 4.768265ms
Round took 4.96833ms
Round took 4.87581ms
Round took 6.086605ms
Round took 4.219027ms
Round took 5.162842ms
Round took 5.132387ms
Round took 4.949622ms
Round took 5.041802ms
Round took 4.655956ms
Round took 5.59343ms
Round took 4.769048ms
Round took 4.757237ms
Round took 5.006236ms
Round took 5.511208ms
Round took 5.124683ms
Round took 5.046468ms
Round took 5.336943ms
Round took 5.348893ms
Round took 4.58081ms
Round took 4.959501ms
Round took 5.534409ms
Round took 4.977343ms
Round took 4.93775ms
Round took 5.469004ms
Round took 5.509381ms
Round took 5.087745ms
Round took 4.522888ms
Round took 4.172664ms
Round took 5.203968ms
Round took 5.553595ms
Round took 4.947624ms
Round took 6.03634ms
Round took 3.510708ms
Round took 5.113016ms
Round took 5.029417ms
Round took 5.629045ms
Round took 4.886131ms
Round took 5.059976ms
Round took 4.861797ms
Round took 5.493625ms
Round took 4.94247ms
Round took 4.531013ms
Round took 5.053824ms
Round took 5.449782ms
Round took 4.788362ms
Round took 5.258011ms
Round took 4.501964ms
Round took 5.452283ms
Round took 5.357201ms
Round took 5.429963ms
Round took 5.069512ms
Round took 5.57951ms
Round took 4.303264ms
Round took 4.610862ms
Round took 5.433441ms
Round took 5.098823ms
Round took 4.723449ms
Round took 5.281382ms
Round took 5.787523ms
Round took 4.211085ms
Round took 4.843361ms
Round took 4.692317ms
Round took 5.898023ms
Round took 5.857476ms
Round took 6.625223ms
Round took 5.079786ms
Round took 5.61501ms
Round took 3.846426ms
Round took 3.969323ms
Round took 4.912837ms
Round took 4.853546ms
Round took 6.547805ms
Round took 4.852027ms
Round took 4.747596ms
Round took 3.904654ms
Round took 5.937424ms
Round took 4.972832ms
Round took 4.906055ms
Round took 5.416308ms
Round took 4.76985ms
Round took 4.305391ms
Round took 4.517231ms
Round took 5.465533ms
Round took 4.916753ms
Round took 4.975333ms
Round took 5.068334ms
Round took 5.086046ms
Round took 5.484356ms
Round took 4.918057ms
Round took 5.229162ms
Round took 4.421558ms
Round took 5.088806ms
Round took 5.577987ms
Round took 4.574556ms
Round took 5.543817ms
Round took 4.99445ms
Round took 4.18457ms
Round took 5.182737ms
Round took 5.480704ms
Round took 4.798355ms
Round took 4.803423ms
Round took 4.631391ms
Round took 5.471438ms
Round took 5.627351ms
Round took 4.293574ms
Round took 4.772905ms
Round took 6.216348ms
Round took 5.281992ms
Round took 4.68657ms
Round took 5.75536ms
Round took 4.950347ms
Round took 5.217446ms
Round took 6.335489ms
Round took 3.290617ms
Round took 5.862525ms
Round took 4.841735ms
Round took 5.649065ms
Round took 4.812375ms
Round took 5.077397ms
Round took 5.475088ms
Round took 4.91151ms
Round took 5.146925ms
Round took 5.940621ms
Round took 4.298693ms
Round took 4.687915ms
Round took 4.93656ms
Round took 4.735945ms
Round took 5.911642ms
Round took 4.125102ms
Round took 5.238647ms
Round took 4.674848ms
Round took 5.017922ms
Round took 5.448425ms
Round took 5.589376ms
Round took 4.73699ms
Round took 5.651463ms
Round took 5.028961ms
Round took 5.47868ms
Round took 3.833529ms
Round took 5.415746ms
Round took 5.460865ms
Round took 5.483074ms
Round took 4.433103ms
Round took 5.306342ms
Round took 4.972825ms
Round took 5.067149ms
Round took 5.08861ms
Round took 5.330888ms
Round took 4.44129ms
Round took 5.664132ms
Round took 4.290272ms
Round took 5.137893ms
Round took 5.533273ms
Round took 4.523853ms
Round took 6.130344ms
Round took 4.064902ms
Round took 5.624685ms
Round took 4.397668ms
Round took 5.17653ms
Round took 4.829524ms
Round took 5.875282ms
Round took 5.627472ms
Round took 4.653336ms
Round took 5.717822ms
Round took 3.98942ms
Round took 4.943658ms
Round took 4.810524ms
Round took 5.413838ms
Round took 5.43996ms
Round took 4.459018ms
Round took 5.245623ms
Round took 4.963618ms
Round took 5.273553ms
Round took 4.600813ms
Round took 5.874871ms
Round took 4.886665ms
Round took 3.962946ms
Round took 6.318577ms
Round took 6.576384ms
Round took 4.918224ms
Round took 4.830079ms
Round took 4.107208ms
Round took 4.827957ms
Round took 5.271324ms
Round took 4.726457ms
Round took 5.931928ms
Round took 4.38533ms
Round took 5.245563ms
Round took 4.545612ms
Round took 5.693018ms
Round took 4.441186ms
Round took 4.717343ms
Round took 5.006451ms
Round took 5.317417ms
Round took 5.465618ms
Round took 4.847352ms
Round took 6.649459ms
Round took 4.595204ms
Round took 4.195558ms
Round took 4.588038ms
Round took 5.000907ms
Round took 5.794687ms
Round took 4.705504ms
Round took 4.921683ms
Round took 5.390249ms
Round took 4.773851ms
Round took 4.741268ms
Round took 5.197304ms
Round took 5.873974ms
Round took 4.612992ms
Round took 5.382488ms
Round took 4.799153ms
Round took 4.906863ms
Round took 4.559391ms
Round took 5.076478ms
Round took 6.028011ms
Round took 4.169767ms
Round took 4.547309ms
Round took 4.601803ms
Round took 4.786715ms
Round took 5.738407ms
Round took 4.881486ms
Round took 4.773441ms
Round took 5.439944ms
Round took 5.239492ms
Round took 5.002005ms
Round took 5.544829ms
Round took 5.102861ms
Round took 5.069733ms
Round took 5.135634ms
Round took 4.98166ms
Round took 4.950222ms
Round took 5.694772ms
Round took 5.68646ms
Round took 4.97419ms
Round took 4.805403ms
Round took 5.191122ms
Round took 5.095182ms
Round took 4.621039ms
Round took 4.382183ms
Round took 5.465696ms
Round took 5.281051ms
Round took 5.621435ms
Round took 4.320756ms
Round took 5.777633ms
Round took 4.751204ms
Round took 4.449086ms
Round took 5.4857ms
Round took 5.142252ms
Round took 4.536114ms
Round took 4.985663ms
Round took 5.462456ms
Round took 5.081503ms
Round took 5.144645ms
Round took 4.03286ms
Round took 4.892119ms
Round took 4.938793ms
Round took 5.743665ms
Round took 4.877421ms
Round took 5.409629ms
Round took 4.892448ms
Round took 4.846654ms
Round took 5.250584ms
Round took 4.99981ms
Round took 5.085456ms
Round took 5.063782ms
Round took 4.550301ms
Round took 5.119616ms
Round took 5.159811ms
Round took 5.133958ms
Round took 4.993371ms
Round took 5.770043ms
Round took 4.46359ms
Round took 4.691062ms
Round took 5.191869ms
Round took 5.08333ms
Round took 5.477651ms
Round took 4.505644ms
Round took 6.163081ms
Round took 4.992452ms
Round took 4.992885ms
Round took 4.574821ms
Round took 5.6666ms
Round took 4.645781ms
Round took 4.322735ms
Round took 5.566135ms
Round took 5.241726ms
Round took 4.920659ms
Round took 5.301175ms
Round took 4.557224ms
Round took 5.556077ms
Round took 5.142153ms
Round took 5.009586ms
Round took 5.962356ms
Round took 3.828845ms
Round took 5.775251ms
Round took 4.372514ms
Round took 5.133067ms
Round took 5.513099ms
Round took 4.566169ms
Round took 5.540243ms
Round took 4.843158ms
Round took 5.433547ms
Round took 4.324123ms
Round took 5.527992ms
Round took 5.066772ms
Round took 5.217051ms
Round took 4.756197ms
Round took 5.231342ms
Round took 4.81513ms
Round took 4.540013ms
Round took 5.033926ms
Round took 5.346433ms
Round took 4.857389ms
Round took 5.170671ms
Round took 4.658562ms
Round took 5.186754ms
Round took 5.466391ms
Round took 4.88646ms
Round took 5.997167ms
Round took 4.367952ms
Round took 5.151964ms
Round took 4.608394ms
Round took 5.846498ms
Round took 5.206295ms
Round took 4.960178ms
Round took 6.781009ms
Round took 5.366448ms
Round took 5.452413ms
Round took 3.6403ms
Round took 18.229913ms
Round took 4.896276ms
Round took 5.240085ms
Round took 4.858497ms
Round took 5.367597ms
Round took 5.961799ms
Round took 5.040664ms
Round took 4.954647ms
Round took 4.411479ms
Round took 5.026462ms
Round took 5.409492ms
Round took 5.744065ms
Round took 5.415273ms
Round took 4.876956ms
Round took 3.367092ms
Round took 5.834127ms
Round took 5.41556ms
Round took 4.972226ms
Round took 4.945715ms
Round took 4.854872ms
Round took 5.583464ms
Round took 4.889582ms
Round took 5.026463ms
Round took 5.537552ms
Round took 4.597888ms
Round took 5.281575ms
Round took 4.9526ms
Round took 5.003203ms
Round took 5.003941ms
Round took 4.556649ms
Round took 4.808089ms
Round took 5.573309ms
Round took 4.709417ms
Round took 5.199286ms
Round took 5.005071ms
Round took 5.134025ms
Round took 5.306649ms
Round took 4.62083ms
Round took 5.637011ms
Round took 4.661347ms
Round took 4.814249ms
Round took 5.435894ms
Round took 5.050183ms
Round took 5.184152ms
Round took 4.6224ms
Round took 5.238641ms
Round took 6.148961ms
Round took 4.258526ms
Round took 4.512368ms
Round took 5.322773ms
Round took 5.020685ms
Round took 4.866271ms
Round took 5.227331ms
Round took 5.782565ms
Round took 5.228647ms
Round took 4.413198ms
Round took 5.373412ms
Round took 5.018388ms
Round took 5.224988ms
Round took 5.197108ms
Round took 5.53451ms
Round took 4.809773ms
Round took 4.59027ms
Round took 5.254831ms
Round took 5.375495ms
Round took 4.974074ms
Round took 5.155775ms
Round took 5.369278ms
Round took 4.229354ms
Round took 5.472208ms
Round took 4.822176ms
Round took 5.394076ms
Round took 4.590831ms
Round took 4.797748ms
Round took 4.912626ms
Round took 5.484063ms
Round took 5.942411ms
Round took 4.5794ms
Round took 5.502381ms
Round took 4.92491ms
Round took 5.067518ms
Round took 4.450496ms
Round took 6.322562ms
Round took 3.49709ms
Round took 5.341538ms
Round took 4.615597ms
Round took 6.195916ms
Round took 4.249383ms
Round took 4.724309ms
Round took 5.437197ms
Round took 5.849408ms
Round took 4.883052ms
Round took 4.93563ms
Round took 5.484171ms
Round took 4.244662ms
Round took 5.133399ms
Round took 4.783183ms
Round took 6.051032ms
Round took 4.996097ms
Round took 4.401084ms
Round took 5.336159ms
Round took 5.353168ms
Round took 4.908298ms
Round took 4.706765ms
Round took 5.457913ms
Round took 4.830425ms
Round took 5.442216ms
Round took 4.324003ms
Round took 5.733098ms
Round took 4.894573ms
Round took 4.43427ms
Round took 5.238534ms
Round took 5.228631ms
Round took 4.948586ms
Round took 4.621732ms
Round took 5.71254ms
Round took 5.033974ms
Round took 4.799614ms
Round took 5.291615ms
Round took 4.979858ms
Round took 5.936137ms
Round took 4.871564ms
Round took 6.023971ms
Round took 4.838795ms
Round took 4.538037ms
Round took 4.601287ms
Round took 5.105157ms
Round took 4.96865ms
Round took 4.66285ms
Round took 5.076017ms
Round took 5.947784ms
Round took 4.962498ms
Round took 5.12653ms
Round took 5.111353ms
Round took 5.576068ms
Round took 4.388308ms
Round took 4.938376ms
Round took 5.890985ms
Round took 4.18774ms
Round took 5.144972ms
Round took 5.503478ms
Round took 5.223877ms
Round took 4.655003ms
Round took 5.417744ms
Round took 5.084418ms
Round took 5.01763ms
Round took 4.82122ms
Round took 6.538825ms
Round took 3.657966ms
Round took 6.02602ms
Round took 4.910588ms
Round took 5.022898ms
Round took 4.961761ms
Round took 5.151275ms
Round took 5.384415ms
Round took 5.103744ms
Round took 4.811978ms
Round took 4.756547ms
Round took 5.581044ms
Round took 4.019241ms
Round took 5.715749ms
Round took 5.357666ms
Round took 5.305744ms
Round took 4.90788ms
Round took 4.507797ms
Round took 5.626276ms
Round took 4.476663ms
Round took 4.600244ms
Round took 5.338058ms
Round took 4.91583ms
Round took 5.55135ms
Round took 5.371139ms
Round took 4.516249ms
Round took 5.298964ms
Round took 4.843131ms
Round took 5.674984ms
Round took 5.423974ms
Round took 5.000693ms
Round took 4.243192ms
Round took 5.081305ms
Round took 5.711222ms
Round took 3.981679ms
Round took 5.348621ms
Round took 5.354662ms
Round took 4.347735ms
Round took 5.491207ms
Round took 5.259687ms
Round took 4.634967ms
Round took 5.632601ms
Round took 5.28957ms
Round took 4.383815ms
Round took 5.483067ms
Round took 4.889861ms
Round took 6.112518ms
Round took 3.866296ms
Round took 5.552999ms
Round took 5.952566ms
Round took 4.491137ms
Round took 5.608875ms
Round took 4.203147ms
Round took 5.205956ms
Round took 4.890427ms
Round took 5.657939ms
Round took 5.119437ms
Round took 4.321788ms
Round took 5.548522ms
Round took 4.283683ms
Round took 5.022252ms
Round took 5.403117ms
Round took 4.643138ms
Round took 5.769623ms
Round took 4.411506ms
Round took 5.428166ms
Round took 5.310991ms
Round took 5.759636ms
Round took 5.157385ms
Round took 4.043091ms
Round took 5.625629ms
Round took 4.45171ms
Round took 5.247457ms
Round took 4.735133ms
Round took 5.989553ms
Round took 4.380294ms
Round took 4.80572ms
Round took 4.963205ms
Round took 5.503911ms
Round took 4.926371ms
Round took 5.102508ms
Round took 5.526228ms
Round took 5.044129ms
Round took 5.18634ms
Round took 4.56215ms
Round took 5.472094ms
Round took 4.715116ms
Round took 4.766069ms
Round took 5.933579ms
Round took 4.363349ms
Round took 5.437661ms
Round took 4.625266ms
Round took 5.739128ms
Round took 4.777213ms
Round took 5.501906ms
Round took 4.622689ms
Round took 6.037904ms
Round took 3.877914ms
Round took 5.188216ms
Round took 4.672416ms
Round took 5.605968ms
Round took 5.985447ms
Round took 4.161202ms
Round took 5.10152ms
Round took 4.513772ms
Round took 4.851981ms
Round took 4.572067ms
Round took 4.932488ms
Round took 6.003555ms
Round took 4.632742ms
Round took 4.753988ms
Round took 5.074868ms
Round took 4.424349ms
Round took 4.665127ms
Round took 5.037487ms
Round took 5.749478ms
Round took 5.201651ms
Round took 4.308793ms
Round took 6.036258ms
Round took 3.681021ms
Round took 6.353267ms
Round took 5.46896ms
Round took 4.426478ms
Round took 5.20814ms
Round took 4.898845ms
Round took 5.33383ms
Round took 4.298819ms
Round took 5.681156ms
Round took 4.370599ms
Round took 6.196909ms
Round took 3.659434ms
Round took 5.252887ms
Round took 4.942605ms
Round took 5.421019ms
Round took 5.92739ms
Round took 4.020696ms
Round took 5.187633ms
Round took 4.953535ms
Round took 4.592842ms
Round took 5.536161ms
Round took 5.367097ms
Round took 5.515858ms
Round took 5.520921ms
Round took 4.278202ms
Round took 6.294454ms
Round took 6.091364ms
Round took 5.223465ms
Round took 5.185241ms
Round took 5.100222ms
Round took 5.80661ms
Round took 5.631039ms
Round took 4.50015ms
Round took 4.660875ms
Round took 5.190535ms
Round took 4.297552ms
Round took 5.2796ms
Round took 5.097459ms
Round took 5.093058ms
Round took 5.208667ms
Round took 4.909117ms
Round took 5.336618ms
Round took 4.645244ms
Round took 5.454091ms
Round took 4.603564ms
Round took 5.193545ms
Round took 5.116244ms
Round took 5.035053ms
Round took 5.860344ms
Round took 4.436449ms
Round took 5.006545ms
Round took 5.49763ms
Round took 5.059124ms
Round took 4.756607ms
Round took 5.034474ms
Round took 5.739323ms
Round took 4.315981ms
Round took 5.532027ms
Round took 4.684312ms
Round took 5.565417ms
Round took 4.670871ms
Round took 4.92368ms
Round took 5.17257ms
Round took 5.130646ms
Round took 5.085883ms
Round took 5.405908ms
Round took 5.598963ms
Round took 4.702043ms
Round took 4.499996ms
Round took 5.130627ms
Round took 6.010279ms
Round took 4.262657ms
Round took 4.985309ms
Round took 5.166584ms
Round took 5.036253ms
Round took 5.206318ms
Round took 4.822891ms
Round took 5.767456ms
Round took 5.809054ms
Round took 4.651666ms
Round took 4.769102ms
Round took 4.257082ms
Round took 4.775667ms
Round took 4.303573ms
Round took 5.284121ms
Round took 5.884187ms
Round took 4.793903ms
Round took 4.764999ms
Round took 4.552407ms
Round took 5.488041ms
Round took 4.793672ms
Round took 5.022176ms
Round took 5.543745ms
Round took 4.592832ms
Round took 5.373667ms
Round took 4.495092ms
Round took 5.73819ms
Round took 4.884581ms
Round took 5.288654ms
Round took 5.346551ms
Round took 4.454262ms
Round took 5.319006ms
Round took 5.014843ms
Round took 5.946869ms
Round took 4.422171ms
Round took 5.274201ms
Round took 5.627604ms
Round took 4.548433ms
Round took 5.321631ms
Round took 4.303576ms
Round took 6.078244ms
Round took 4.462468ms
Round took 4.626019ms
Round took 4.936962ms
Round took 5.658137ms
Round took 5.146513ms
Round took 4.518928ms
Round took 5.17544ms
Round took 5.17667ms
Round took 5.018021ms
Round took 5.090313ms
Round took 5.935475ms
Round took 4.547394ms
Round took 5.011468ms
Round took 4.725135ms
Round took 6.021822ms
Round took 5.245868ms
Round took 4.8028ms
Round took 5.924346ms
Round took 5.453926ms
Round took 4.765782ms
Round took 6.435142ms
Round took 4.531085ms
Round took 4.321456ms
Round took 5.736309ms
Round took 4.594883ms
Round took 4.472144ms
Round took 4.893274ms
Round took 4.984013ms
Round took 5.729022ms
Round took 4.33204ms
Round took 5.165607ms
Round took 4.843144ms
Round took 5.381997ms
Round took 4.844699ms
Round took 5.561409ms
Round took 4.691656ms
Round took 5.554409ms
Round took 5.010841ms
Round took 5.76559ms
Round took 4.380843ms
Round took 5.278856ms
Round took 4.402054ms
Round took 5.690209ms
Round took 4.630294ms
Round took 4.458359ms
Round took 5.956432ms
Round took 4.684653ms
Round took 5.952659ms
Round took 4.070149ms
Round took 5.376735ms
Round took 4.793717ms
Round took 5.384016ms
Round took 5.474738ms
Round took 4.663249ms
Round took 5.424601ms
Round took 3.780407ms
Round took 5.127778ms
Round took 4.785094ms
Round took 5.207152ms
Round took 5.150695ms
Round took 4.928193ms
Round took 5.840746ms
Round took 4.692169ms
Round took 4.85668ms
Round took 5.238396ms
Round took 4.771377ms
Round took 5.225193ms
Round took 5.014175ms
Round took 4.938071ms
Round took 5.002337ms
Round took 4.901958ms
Round took 4.922202ms
Round took 4.93307ms
Round took 5.791707ms
Round took 5.401978ms
Round took 4.59758ms
Round took 5.418586ms
Round took 4.842027ms
Round took 4.920725ms
Round took 4.968416ms
Round took 6.421185ms
Round took 6.088805ms
Round took 4.824688ms
Round took 4.541283ms
Round took 3.361167ms
Round took 5.164396ms
Round took 4.703504ms
Round took 5.937289ms
Round took 4.889549ms
Round took 5.702194ms
Round took 3.969961ms
Round took 6.613474ms
Round took 4.475487ms
Round took 4.902554ms
Round took 5.583838ms
Round took 4.578479ms
Round took 4.907745ms
Round took 5.115061ms
Round took 5.446259ms
Round took 4.646116ms
Round took 5.104119ms
Round took 4.934699ms
Round took 5.614889ms
Round took 4.515432ms
Round took 4.822548ms
Round took 5.938413ms
Round took 4.891613ms
Round took 4.898721ms
Round took 5.21106ms
Round took 6.379231ms
Round took 5.06868ms
Round took 5.287228ms
Round took 5.0651ms
Round took 5.226687ms
Round took 4.523541ms
Round took 3.785273ms
Round took 6.941906ms
Round took 4.036561ms
Round took 6.084974ms
Round took 4.601377ms
Round took 8.360281ms
Round took 4.356934ms
Round took 4.932265ms
Round took 4.602604ms
Round took 5.341478ms
Round took 3.548665ms
Round took 3.558804ms
Round took 5.88121ms
Round took 5.254325ms
Round took 5.060012ms
Round took 4.832964ms
Round took 5.158203ms
Round took 3.628706ms
Round took 5.779145ms
Round took 6.107128ms
Round took 4.120293ms
Round took 5.317629ms
Round took 4.763016ms
Round took 4.954895ms
Round took 5.666619ms
Round took 5.674939ms
Round took 4.583554ms
Round took 4.440305ms
Round took 4.521466ms
Round took 5.272041ms
Round took 5.464595ms
Round took 5.803892ms
Round took 4.196974ms
Round took 5.560883ms
Round took 4.211781ms
Round took 4.926779ms
Round took 5.135875ms
Round took 4.753713ms
Round took 6.402151ms
Round took 4.502463ms
Round took 4.776757ms
Round took 4.093854ms
Round took 6.065778ms
Round took 4.27817ms
Round took 5.319355ms
Round took 5.668037ms
Round took 4.714208ms
Round took 5.139908ms
Round took 4.593337ms
Round took 5.916896ms
Round took 4.440666ms
Round took 5.25453ms
Round took 5.31708ms
Round took 4.724313ms
Round took 4.770554ms
Round took 4.776865ms
Round took 5.486991ms
Round took 5.380839ms
Round took 4.9402ms
Round took 4.731174ms
Round took 5.143847ms
Round took 5.617753ms
Round took 4.694269ms
Round took 6.144597ms
Round took 5.486194ms
Round took 4.153865ms
Round took 4.439519ms
Round took 5.533828ms
Round took 5.041539ms
Round took 4.716747ms
Round took 5.171154ms
Round took 6.414016ms
Round took 4.457069ms
Round took 5.065552ms
Round took 4.99218ms
Round took 4.951293ms
Round took 5.1793ms
Round took 4.814795ms
Round took 5.756817ms
Round took 4.705671ms
Round took 5.594907ms
Round took 5.03985ms
Round took 4.382007ms
Round took 5.119615ms
Round took 5.186023ms
Round took 5.844025ms
Round took 4.510795ms
Round took 5.006509ms
Round took 5.323903ms
Round took 4.632875ms
Round took 5.229226ms
Round took 5.135304ms
Round took 6.351122ms
Round took 3.55315ms
Round took 5.187207ms
Test took 5.125978743s
Successful: 10000
