Uniform distribution
2021/04/16 21:40:47 The leader is replica 0
Round took 6.821775ms
Round took 10.000771ms
Round took 4.314035ms
Round took 4.035306ms
Round took 5.647761ms
Round took 4.969861ms
Round took 4.652597ms
Round took 5.024989ms
Round took 5.530513ms
Round took 3.780006ms
Round took 4.855781ms
Round took 5.123132ms
Round took 5.26962ms
Round took 5.564234ms
Round took 5.029804ms
Round took 5.364443ms
Round took 4.808622ms
Round took 4.939827ms
Round took 4.739272ms
Round took 5.592876ms
Round took 5.709723ms
Round took 4.739534ms
Round took 4.502715ms
Round took 4.870235ms
Round took 5.386314ms
Round took 4.92993ms
Round took 5.424975ms
Round took 5.525917ms
Round took 4.393696ms
Round took 5.23207ms
Round took 4.928812ms
Round took 5.468098ms
Round took 4.406525ms
Round took 4.957111ms
Round took 6.591587ms
Round took 6.77547ms
Round took 8.202806ms
Round took 6.681937ms
Round took 3.960357ms
Round took 4.045287ms
Round took 7.071431ms
Round took 6.167182ms
Round took 5.938721ms
Round took 4.512203ms
Round took 5.752259ms
Round took 4.601294ms
Round took 5.092425ms
Round took 4.656872ms
Round took 7.709658ms
Round took 4.322124ms
Round took 5.734651ms
Round took 4.736369ms
Round took 3.644124ms
Round took 3.937097ms
Round took 5.744905ms
Round took 5.819476ms
Round took 5.061561ms
Round took 4.899608ms
Round took 5.236571ms
Round took 4.668568ms
Round took 5.128359ms
Round took 3.955667ms
Round took 5.778603ms
Round took 6.49384ms
Round took 5.70565ms
Round took 4.794076ms
Round took 4.106999ms
Round took 5.003828ms
Round took 5.232092ms
Round took 5.123827ms
Round took 5.226376ms
Round took 5.093276ms
Round took 5.150939ms
Round took 4.643338ms
Round took 4.750794ms
Round took 5.026722ms
Round took 6.140173ms
Round took 4.159469ms
Round took 4.825739ms
Round took 4.930388ms
Round took 5.357404ms
Round took 5.750631ms
Round took 4.167365ms
Round took 5.153992ms
Round took 5.114663ms
Round took 4.908511ms
Round took 5.046525ms
Round took 4.738837ms
Round took 5.660764ms
Round took 4.684746ms
Round took 5.080189ms
Round took 5.749218ms
Round took 4.690775ms
Round took 5.159509ms
Round took 5.029889ms
Round took 5.368663ms
Round took 5.347678ms
Round took 4.557214ms
Round took 5.698651ms
Round took 4.246026ms
Round took 4.92909ms
Round took 4.91608ms
Round took 5.012901ms
Round took 5.978405ms
Round took 5.167605ms
Round took 4.544647ms
Round took 4.168411ms
Round took 5.216477ms
Round took 5.63009ms
Round took 5.10899ms
Round took 6.071974ms
Round took 3.917386ms
Round took 5.153176ms
Round took 5.518134ms
Round took 5.11756ms
Round took 4.890608ms
Round took 5.056466ms
Round took 5.487594ms
Round took 4.756494ms
Round took 4.992441ms
Round took 4.444241ms
Round took 5.195829ms
Round took 5.33533ms
Round took 4.913725ms
Round took 5.731837ms
Round took 4.04012ms
Round took 5.393628ms
Round took 5.445221ms
Round took 5.349305ms
Round took 4.917926ms
Round took 5.55219ms
Round took 4.268178ms
Round took 4.549086ms
Round took 5.341284ms
Round took 5.20222ms
Round took 4.72606ms
Round took 5.282267ms
Round took 5.718614ms
Round took 4.23017ms
Round took 5.632199ms
Round took 3.894726ms
Round took 6.135982ms
Round took 6.616594ms
Round took 5.833965ms
Round took 5.12609ms
Round took 5.256312ms
Round took 3.788758ms
Round took 3.55431ms
Round took 5.009647ms
Round took 4.896115ms
Round took 6.610488ms
Round took 4.862844ms
Round took 4.770605ms
Round took 3.845202ms
Round took 5.897268ms
Round took 4.978326ms
Round took 4.882235ms
Round took 5.65816ms
Round took 4.744787ms
Round took 4.386361ms
Round took 4.638442ms
Round took 5.936038ms
Round took 4.513026ms
Round took 5.028261ms
Round took 5.073755ms
Round took 5.90789ms
Round took 4.794129ms
Round took 5.072887ms
Round took 5.676174ms
Round took 4.656684ms
Round took 4.320867ms
Round took 5.510086ms
Round took 5.135952ms
Round took 5.070315ms
Round took 5.159147ms
Round took 4.517925ms
Round took 5.578272ms
Round took 5.004845ms
Round took 5.067843ms
Round took 5.393561ms
Round took 4.08586ms
Round took 5.432349ms
Round took 5.505234ms
Round took 4.316092ms
Round took 5.046861ms
Round took 4.956521ms
Round took 5.263903ms
Round took 4.713927ms
Round took 5.75544ms
Round took 5.068842ms
Round took 6.912204ms
Round took 5.299249ms
Round took 6.087865ms
Round took 4.818983ms
Round took 4.967999ms
Round took 5.373702ms
Round took 4.966314ms
Round took 4.510798ms
Round took 5.414594ms
Round took 5.261697ms
Round took 5.175161ms
Round took 4.732971ms
Round took 5.480014ms
Round took 5.160858ms
Round took 4.581012ms
Round took 5.500987ms
Round took 4.522868ms
Round took 5.470301ms
Round took 4.676864ms
Round took 4.931332ms
Round took 5.686028ms
Round took 5.405139ms
Round took 4.77614ms
Round took 5.718779ms
Round took 5.037892ms
Round took 4.373343ms
Round took 4.610699ms
Round took 5.837578ms
Round took 5.30603ms
Round took 4.983063ms
Round took 4.580264ms
Round took 5.770576ms
Round took 4.954145ms
Round took 4.756672ms
Round took 5.305354ms
Round took 5.427374ms
Round took 4.55197ms
Round took 5.676386ms
Round took 4.748587ms
Round took 5.021594ms
Round took 5.148949ms
Round took 5.049576ms
Round took 6.126672ms
Round took 4.126055ms
Round took 5.727291ms
Round took 4.406543ms
Round took 5.262624ms
Round took 4.834996ms
Round took 4.994777ms
Round took 5.935564ms
Round took 4.566236ms
Round took 5.801912ms
Round took 4.550508ms
Round took 5.077369ms
Round took 4.825311ms
Round took 5.434955ms
Round took 5.476219ms
Round took 4.596239ms
Round took 5.625889ms
Round took 4.497533ms
Round took 5.202635ms
Round took 4.548223ms
Round took 5.871905ms
Round took 4.890168ms
Round took 3.946688ms
Round took 6.223531ms
Round took 6.463797ms
Round took 4.944145ms
Round took 4.429072ms
Round took 4.112785ms
Round took 5.140414ms
Round took 5.312251ms
Round took 4.693607ms
Round took 5.868077ms
Round took 4.35392ms
Round took 5.249179ms
Round took 4.519417ms
Round took 5.691263ms
Round took 4.519947ms
Round took 4.673066ms
Round took 4.947072ms
Round took 5.37555ms
Round took 5.272048ms
Round took 4.843412ms
Round took 6.576391ms
Round took 4.743206ms
Round took 4.096057ms
Round took 4.601708ms
Round took 4.996808ms
Round took 5.700473ms
Round took 4.725395ms
Round took 4.953729ms
Round took 5.385465ms
Round took 4.874848ms
Round took 4.649884ms
Round took 5.195235ms
Round took 5.793467ms
Round took 4.540127ms
Round took 5.325488ms
Round took 4.534683ms
Round took 5.297822ms
Round took 4.849599ms
Round took 5.122711ms
Round took 5.982131ms
Round took 4.510538ms
Round took 4.736336ms
Round took 4.618056ms
Round took 4.762212ms
Round took 5.669732ms
Round took 4.814403ms
Round took 4.728752ms
Round took 5.40717ms
Round took 5.207158ms
Round took 4.970532ms
Round took 5.491477ms
Round took 5.159526ms
Round took 5.098503ms
Round took 5.217681ms
Round took 5.006993ms
Round took 4.863852ms
Round took 5.691411ms
Round took 5.606773ms
Round took 4.917958ms
Round took 4.858587ms
Round took 5.182803ms
Round took 5.60159ms
Round took 4.870681ms
Round took 4.251445ms
Round took 6.017002ms
Round took 4.694913ms
Round took 5.633242ms
Round took 4.338267ms
Round took 5.860086ms
Round took 4.765661ms
Round took 4.783484ms
Round took 6.139266ms
Round took 4.203466ms
Round took 4.252904ms
Round took 5.036815ms
Round took 6.178664ms
Round took 4.235452ms
Round took 5.481265ms
Round took 4.604612ms
Round took 5.265536ms
Round took 4.840666ms
Round took 5.494135ms
Round took 5.102964ms
Round took 5.338617ms
Round took 4.909836ms
Round took 4.829827ms
Round took 5.612218ms
Round took 4.721763ms
Round took 4.610495ms
Round took 4.748639ms
Round took 4.651408ms
Round took 5.635011ms
Round took 4.666032ms
Round took 5.22238ms
Round took 4.924514ms
Round took 6.372669ms
Round took 4.527685ms
Round took 4.965763ms
Round took 5.799596ms
Round took 4.650874ms
Round took 5.372663ms
Round took 4.069184ms
Round took 5.777879ms
Round took 5.238604ms
Round took 5.193755ms
Round took 4.962856ms
Round took 4.587924ms
Round took 4.728958ms
Round took 4.78073ms
Round took 6.058528ms
Round took 4.490031ms
Round took 4.94987ms
Round took 5.736682ms
Round took 4.664239ms
Round took 4.924817ms
Round took 5.191568ms
Round took 5.333809ms
Round took 5.736977ms
Round took 4.043648ms
Round took 6.160799ms
Round took 4.138175ms
Round took 4.783689ms
Round took 5.503591ms
Round took 4.749875ms
Round took 6.14808ms
Round took 4.640239ms
Round took 5.829889ms
Round took 3.747736ms
Round took 5.573865ms
Round took 4.953284ms
Round took 5.64197ms
Round took 5.280358ms
Round took 4.418019ms
Round took 4.902733ms
Round took 5.262286ms
Round took 4.841468ms
Round took 5.331608ms
Round took 4.803734ms
Round took 5.917192ms
Round took 4.002348ms
Round took 5.261775ms
Round took 6.162874ms
Round took 5.378125ms
Round took 4.505433ms
Round took 4.550837ms
Round took 5.815905ms
Round took 4.022928ms
Round took 5.353449ms
Round took 6.360239ms
Round took 4.325447ms
Round took 8.139005ms
Round took 5.257188ms
Round took 4.350443ms
Round took 18.721928ms
Round took 5.015297ms
Round took 5.066127ms
Round took 4.979427ms
Round took 5.225894ms
Round took 5.152427ms
Round took 6.078116ms
Round took 4.492851ms
Round took 4.90915ms
Round took 5.02562ms
Round took 4.864119ms
Round took 5.631718ms
Round took 6.313463ms
Round took 4.935176ms
Round took 3.350336ms
Round took 5.681197ms
Round took 5.492824ms
Round took 4.910566ms
Round took 4.833599ms
Round took 4.885667ms
Round took 5.59837ms
Round took 4.873408ms
Round took 5.053073ms
Round took 4.929117ms
Round took 5.033725ms
Round took 5.328456ms
Round took 4.853091ms
Round took 5.048659ms
Round took 4.985289ms
Round took 5.010948ms
Round took 4.83135ms
Round took 5.576694ms
Round took 4.783659ms
Round took 5.139724ms
Round took 4.873969ms
Round took 5.176814ms
Round took 5.257139ms
Round took 4.691017ms
Round took 5.817965ms
Round took 4.706434ms
Round took 4.684896ms
Round took 5.448346ms
Round took 5.028998ms
Round took 5.173099ms
Round took 4.628548ms
Round took 5.225544ms
Round took 6.201534ms
Round took 4.23213ms
Round took 4.564878ms
Round took 5.310805ms
Round took 5.022775ms
Round took 4.947288ms
Round took 5.264198ms
Round took 5.799268ms
Round took 4.918469ms
Round took 4.471707ms
Round took 5.154551ms
Round took 5.161433ms
Round took 5.192768ms
Round took 5.057987ms
Round took 5.551199ms
Round took 4.831062ms
Round took 4.676984ms
Round took 5.192485ms
Round took 5.458741ms
Round took 4.908226ms
Round took 5.018662ms
Round took 4.754137ms
Round took 5.167972ms
Round took 5.356238ms
Round took 4.772259ms
Round took 5.510424ms
Round took 4.835333ms
Round took 4.883646ms
Round took 4.952372ms
Round took 5.451284ms
Round took 6.022295ms
Round took 4.544359ms
Round took 5.440786ms
Round took 4.909891ms
Round took 5.080268ms
Round took 4.512621ms
Round took 6.329368ms
Round took 3.577958ms
Round took 5.258892ms
Round took 4.584423ms
Round took 6.154588ms
Round took 4.232614ms
Round took 4.837835ms
Round took 5.408585ms
Round took 5.395111ms
Round took 4.865534ms
Round took 4.958118ms
Round took 5.548987ms
Round took 4.648706ms
Round took 5.153597ms
Round took 4.770951ms
Round took 5.669554ms
Round took 5.049518ms
Round took 4.384165ms
Round took 5.156363ms
Round took 5.565676ms
Round took 5.073677ms
Round took 4.605344ms
Round took 5.432424ms
Round took 4.70472ms
Round took 5.348672ms
Round took 4.275552ms
Round took 5.848339ms
Round took 5.010012ms
Round took 4.613156ms
Round took 5.176291ms
Round took 5.407595ms
Round took 4.890148ms
Round took 4.717643ms
Round took 5.181685ms
Round took 5.307432ms
Round took 4.72679ms
Round took 5.273797ms
Round took 4.9706ms
Round took 5.730485ms
Round took 4.405024ms
Round took 5.802241ms
Round took 5.150699ms
Round took 4.481133ms
Round took 4.658807ms
Round took 4.905021ms
Round took 5.378185ms
Round took 4.680475ms
Round took 5.070561ms
Round took 5.886366ms
Round took 4.990659ms
Round took 5.225188ms
Round took 4.806703ms
Round took 5.8086ms
Round took 4.402968ms
Round took 4.929795ms
Round took 5.865805ms
Round took 4.189886ms
Round took 5.050752ms
Round took 4.473054ms
Round took 5.555952ms
Round took 4.597294ms
Round took 5.469178ms
Round took 4.533925ms
Round took 5.59251ms
Round took 4.801552ms
Round took 5.313504ms
Round took 4.878353ms
Round took 6.026656ms
Round took 4.604402ms
Round took 4.669558ms
Round took 5.684291ms
Round took 4.791244ms
Round took 4.290327ms
Round took 5.38455ms
Round took 5.079651ms
Round took 4.830155ms
Round took 5.25694ms
Round took 4.710764ms
Round took 5.788119ms
Round took 5.122086ms
Round took 5.088267ms
Round took 5.660352ms
Round took 4.433485ms
Round took 5.133413ms
Round took 4.616928ms
Round took 5.920757ms
Round took 4.999414ms
Round took 4.876963ms
Round took 5.599511ms
Round took 5.441359ms
Round took 4.54648ms
Round took 4.953171ms
Round took 5.104426ms
Round took 5.485916ms
Round took 4.271347ms
Round took 4.932949ms
Round took 5.266011ms
Round took 4.972894ms
Round took 5.134542ms
Round took 4.424043ms
Round took 5.449454ms
Round took 5.207085ms
Round took 4.390996ms
Round took 5.312997ms
Round took 5.525715ms
Round took 4.633441ms
Round took 5.169839ms
Round took 5.602584ms
Round took 4.226079ms
Round took 5.305541ms
Round took 4.660393ms
Round took 6.379062ms
Round took 3.802942ms
Round took 5.269456ms
Round took 5.807899ms
Round took 4.684536ms
Round took 5.12803ms
Round took 4.812646ms
Round took 5.356778ms
Round took 4.706314ms
Round took 4.920804ms
Round took 5.352305ms
Round took 5.492096ms
Round took 5.493432ms
Round took 4.200584ms
Round took 5.043366ms
Round took 5.814573ms
Round took 4.531692ms
Round took 5.488223ms
Round took 4.691304ms
Round took 5.250271ms
Round took 4.507441ms
Round took 4.968944ms
Round took 5.968144ms
Round took 4.138013ms
Round took 5.190373ms
Round took 4.951667ms
Round took 5.635664ms
Round took 4.66192ms
Round took 5.231719ms
Round took 5.305344ms
Round took 4.847095ms
Round took 4.962636ms
Round took 5.39962ms
Round took 4.998258ms
Round took 4.979835ms
Round took 5.247671ms
Round took 5.660428ms
Round took 4.928226ms
Round took 4.567133ms
Round took 4.283144ms
Round took 4.985906ms
Round took 5.09228ms
Round took 5.201709ms
Round took 4.849098ms
Round took 5.702782ms
Round took 4.639063ms
Round took 4.97887ms
Round took 4.861147ms
Round took 6.00784ms
Round took 4.549052ms
Round took 4.887772ms
Round took 5.08797ms
Round took 5.319664ms
Round took 4.690513ms
Round took 5.104745ms
Round took 6.276144ms
Round took 4.182051ms
Round took 5.000961ms
Round took 4.790111ms
Round took 5.249893ms
Round took 5.061944ms
Round took 4.915459ms
Round took 5.947554ms
Round took 4.602708ms
Round took 4.586714ms
Round took 4.662217ms
Round took 5.347874ms
Round took 4.737102ms
Round took 4.994121ms
Round took 4.939922ms
Round took 5.699948ms
Round took 4.427792ms
Round took 5.156627ms
Round took 4.786132ms
Round took 6.66159ms
Round took 4.801978ms
Round took 4.208178ms
Round took 5.134397ms
Round took 5.685001ms
Round took 4.345988ms
Round took 4.900321ms
Round took 5.211902ms
Round took 5.02033ms
Round took 5.409928ms
Round took 4.800922ms
Round took 5.451574ms
Round took 4.899411ms
Round took 5.075865ms
Round took 6.042896ms
Round took 4.058419ms
Round took 5.043082ms
Round took 5.106302ms
Round took 4.826492ms
Round took 5.729865ms
Round took 4.462218ms
Round took 5.146798ms
Round took 5.713139ms
Round took 4.397041ms
Round took 4.851177ms
Round took 5.31324ms
Round took 6.38716ms
Round took 4.253052ms
Round took 5.207441ms
Round took 6.003348ms
Round took 4.958842ms
Round took 5.995217ms
Round took 4.531827ms
Round took 4.156504ms
Round took 4.965453ms
Round took 4.327439ms
Round took 5.281738ms
Round took 5.009519ms
Round took 5.023039ms
Round took 5.348958ms
Round took 5.249993ms
Round took 4.982718ms
Round took 4.695836ms
Round took 5.304241ms
Round took 5.124083ms
Round took 4.655548ms
Round took 4.538609ms
Round took 5.008677ms
Round took 5.949868ms
Round took 4.392524ms
Round took 5.051025ms
Round took 5.522555ms
Round took 5.071325ms
Round took 4.761889ms
Round took 5.002207ms
Round took 5.719856ms
Round took 4.364717ms
Round took 5.522868ms
Round took 4.64788ms
Round took 5.559448ms
Round took 4.732972ms
Round took 4.949539ms
Round took 5.077723ms
Round took 5.0474ms
Round took 5.052143ms
Round took 5.321563ms
Round took 5.42577ms
Round took 4.345979ms
Round took 4.532996ms
Round took 5.037811ms
Round took 5.683115ms
Round took 4.531633ms
Round took 5.050644ms
Round took 5.194799ms
Round took 5.256356ms
Round took 5.324858ms
Round took 4.81116ms
Round took 6.006448ms
Round took 5.741303ms
Round took 4.683859ms
Round took 5.01897ms
Round took 4.486354ms
Round took 4.692708ms
Round took 4.403001ms
Round took 5.220381ms
Round took 5.87713ms
Round took 4.753738ms
Round took 4.745163ms
Round took 4.678525ms
Round took 5.50001ms
Round took 4.78014ms
Round took 4.993705ms
Round took 5.57901ms
Round took 4.646762ms
Round took 5.37618ms
Round took 4.487371ms
Round took 5.702218ms
Round took 4.883525ms
Round took 5.275144ms
Round took 4.825252ms
Round took 4.899942ms
Round took 5.332542ms
Round took 4.849056ms
Round took 6.155852ms
Round took 4.389058ms
Round took 5.217819ms
Round took 5.190794ms
Round took 5.124137ms
Round took 5.288314ms
Round took 4.32788ms
Round took 6.058852ms
Round took 4.467924ms
Round took 4.616631ms
Round took 4.93061ms
Round took 5.945783ms
Round took 5.145939ms
Round took 4.470949ms
Round took 5.130328ms
Round took 5.118301ms
Round took 5.335659ms
Round took 5.15712ms
Round took 5.992279ms
Round took 4.651227ms
Round took 5.127125ms
Round took 4.770524ms
Round took 6.017727ms
Round took 5.254304ms
Round took 5.696736ms
Round took 4.139245ms
Round took 5.089882ms
Round took 4.764294ms
Round took 6.341354ms
Round took 4.320813ms
Round took 4.390904ms
Round took 5.133238ms
Round took 5.242884ms
Round took 4.720933ms
Round took 5.068319ms
Round took 4.772574ms
Round took 5.794014ms
Round took 4.389098ms
Round took 5.207086ms
Round took 4.883187ms
Round took 5.367783ms
Round took 4.871446ms
Round took 5.595458ms
Round took 4.278019ms
Round took 5.973115ms
Round took 5.04331ms
Round took 5.009357ms
Round took 5.837618ms
Round took 5.778007ms
Round took 4.427863ms
Round took 5.759365ms
Round took 4.649363ms
Round took 4.369416ms
Round took 6.639025ms
Round took 3.848948ms
Round took 6.005197ms
Round took 4.043802ms
Round took 5.618579ms
Round took 4.451608ms
Round took 5.521567ms
Round took 5.692911ms
Round took 4.370079ms
Round took 5.40773ms
Round took 4.392077ms
Round took 5.549633ms
Round took 4.355721ms
Round took 5.014156ms
Round took 5.137451ms
Round took 5.220012ms
Round took 5.656093ms
Round took 4.62612ms
Round took 5.192693ms
Round took 5.068666ms
Round took 4.710045ms
Round took 4.681158ms
Round took 5.028048ms
Round took 5.782048ms
Round took 4.138342ms
Round took 4.885017ms
Round took 5.153026ms
Round took 5.836534ms
Round took 5.274969ms
Round took 5.732427ms
Round took 4.48692ms
Round took 5.002749ms
Round took 4.542324ms
Round took 5.368857ms
Round took 5.200325ms
Round took 6.860986ms
Round took 5.330293ms
Round took 4.567266ms
Round took 3.910794ms
Round took 4.024751ms
Round took 5.294183ms
Round took 5.856709ms
Round took 6.198722ms
Round took 5.661304ms
Round took 4.790388ms
Round took 3.525955ms
Round took 5.72511ms
Round took 4.864264ms
Round took 4.83261ms
Round took 5.528274ms
Round took 4.549365ms
Round took 4.860552ms
Round took 5.119818ms
Round took 5.390377ms
Round took 4.699774ms
Round took 5.373929ms
Round took 5.850902ms
Round took 4.594856ms
Round took 4.649985ms
Round took 4.595596ms
Round took 5.525673ms
Round took 4.803391ms
Round took 4.956124ms
Round took 5.616521ms
Round took 6.583146ms
Round took 4.353499ms
Round took 5.564948ms
Round took 5.106965ms
Round took 5.167546ms
Round took 4.596801ms
Round took 3.49707ms
Round took 6.272168ms
Round took 3.852424ms
Round took 5.723766ms
Round took 4.911099ms
Round took 8.119229ms
Round took 4.714422ms
Round took 4.022175ms
Round took 4.679033ms
Round took 4.75292ms
Round took 4.391497ms
Round took 3.612869ms
Round took 5.771809ms
Round took 5.074919ms
Round took 4.260826ms
Round took 5.004933ms
Round took 6.645053ms
Round took 3.408973ms
Round took 5.805088ms
Round took 6.135455ms
Round took 4.078821ms
Round took 5.310714ms
Round took 4.547417ms
Round took 5.216265ms
Round took 5.673708ms
Round took 4.267569ms
Round took 4.977034ms
Round took 5.203009ms
Round took 4.29739ms
Round took 5.29164ms
Round took 5.324421ms
Round took 5.785852ms
Round took 4.199086ms
Round took 5.382446ms
Round took 4.657345ms
Round took 5.662994ms
Round took 5.099866ms
Round took 4.762571ms
Round took 6.337099ms
Round took 4.538135ms
Round took 4.631909ms
Round took 4.182675ms
Round took 6.098648ms
Round took 4.239628ms
Round took 5.376907ms
Round took 5.633406ms
Round took 4.731672ms
Round took 5.098772ms
Round took 4.608138ms
Round took 6.059454ms
Round took 4.312266ms
Round took 5.183323ms
Round took 5.322973ms
Round took 4.683171ms
Round took 4.744712ms
Round took 4.794513ms
Round took 5.209896ms
Round took 5.619165ms
Round took 4.882806ms
Round took 4.752592ms
Round took 4.202004ms
Round took 6.275865ms
Round took 4.966561ms
Round took 6.039537ms
Round took 5.506767ms
Round took 4.193149ms
Round took 4.384154ms
Round took 4.730375ms
Round took 5.761817ms
Round took 4.79555ms
Round took 5.251774ms
Round took 6.434826ms
Round took 4.381624ms
Round took 5.104462ms
Round took 5.06064ms
Round took 4.942864ms
Round took 5.229324ms
Round took 4.783876ms
Round took 5.652567ms
Round took 4.661239ms
Round took 5.422613ms
Round took 5.197766ms
Round took 4.452021ms
Round took 5.119161ms
Round took 5.141543ms
Round took 5.827423ms
Round took 4.450162ms
Round took 5.00877ms
Round took 5.066318ms
Round took 4.950788ms
Round took 5.27721ms
Round took 5.217435ms
Round took 4.751281ms
Round took 5.212108ms
Round took 5.178783ms
Round took 5.075883ms
Round took 5.417099ms
Round took 6.441978ms
Round took 3.577645ms
Round took 4.840788ms
Test took 5.12559961s
Successful: 10000
