Uniform distribution
2021/04/16 21:40:47 The leader is replica 0
Round took 8.696963ms
Round took 6.85867ms
Round took 6.688976ms
Round took 4.118375ms
Round took 5.65577ms
Round took 4.826911ms
Round took 7.249788ms
Round took 4.766875ms
Round took 5.5703ms
Round took 3.915142ms
Round took 4.883899ms
Round took 4.720443ms
Round took 5.179194ms
Round took 5.602027ms
Round took 5.029313ms
Round took 4.909962ms
Round took 5.334414ms
Round took 4.986486ms
Round took 4.560428ms
Round took 5.219516ms
Round took 5.462305ms
Round took 4.96857ms
Round took 4.456605ms
Round took 4.984468ms
Round took 5.462264ms
Round took 4.917791ms
Round took 5.012964ms
Round took 5.637114ms
Round took 4.376335ms
Round took 5.217347ms
Round took 4.778683ms
Round took 5.366384ms
Round took 5.145803ms
Round took 4.86673ms
Round took 5.898402ms
Round took 6.151539ms
Round took 7.997886ms
Round took 7.126232ms
Round took 4.594458ms
Round took 4.028096ms
Round took 6.733595ms
Round took 5.517804ms
Round took 6.487435ms
Round took 4.371407ms
Round took 5.680494ms
Round took 5.557406ms
Round took 5.026265ms
Round took 4.439542ms
Round took 6.376471ms
Round took 5.629696ms
Round took 5.056058ms
Round took 5.639872ms
Round took 3.916359ms
Round took 3.790696ms
Round took 5.747269ms
Round took 5.737286ms
Round took 5.106696ms
Round took 4.971746ms
Round took 4.694138ms
Round took 6.240438ms
Round took 5.385447ms
Round took 4.143915ms
Round took 5.659654ms
Round took 7.117307ms
Round took 5.157022ms
Round took 4.792982ms
Round took 6.099205ms
Round took 5.197485ms
Round took 4.657191ms
Round took 5.173337ms
Round took 5.205573ms
Round took 4.827759ms
Round took 4.947925ms
Round took 5.145631ms
Round took 5.026676ms
Round took 5.149762ms
Round took 4.714426ms
Round took 5.356289ms
Round took 5.063367ms
Round took 5.009957ms
Round took 5.440173ms
Round took 5.437781ms
Round took 5.080934ms
Round took 4.648553ms
Round took 4.857554ms
Round took 5.728099ms
Round took 5.124289ms
Round took 5.501701ms
Round took 4.806091ms
Round took 4.8634ms
Round took 5.073695ms
Round took 4.95377ms
Round took 5.593139ms
Round took 4.849407ms
Round took 5.079018ms
Round took 5.549469ms
Round took 4.508443ms
Round took 4.63915ms
Round took 4.855245ms
Round took 5.802142ms
Round took 4.881691ms
Round took 4.283042ms
Round took 5.282421ms
Round took 5.536058ms
Round took 4.37143ms
Round took 4.526845ms
Round took 5.232871ms
Round took 5.851426ms
Round took 5.017698ms
Round took 5.054075ms
Round took 4.791694ms
Round took 5.36316ms
Round took 5.043905ms
Round took 5.032257ms
Round took 5.5201ms
Round took 4.837789ms
Round took 4.808284ms
Round took 5.230558ms
Round took 5.556635ms
Round took 4.572494ms
Round took 4.991575ms
Round took 4.974454ms
Round took 5.369479ms
Round took 5.348782ms
Round took 4.504393ms
Round took 5.412232ms
Round took 5.427074ms
Round took 5.187871ms
Round took 4.68865ms
Round took 5.921974ms
Round took 4.352478ms
Round took 4.503167ms
Round took 5.353943ms
Round took 5.121307ms
Round took 4.53085ms
Round took 4.911226ms
Round took 5.1165ms
Round took 5.155667ms
Round took 5.234259ms
Round took 4.813763ms
Round took 5.830357ms
Round took 5.03132ms
Round took 6.636803ms
Round took 5.154415ms
Round took 5.070276ms
Round took 4.696856ms
Round took 3.825825ms
Round took 4.140892ms
Round took 5.895921ms
Round took 5.553874ms
Round took 5.684969ms
Round took 4.664869ms
Round took 3.868646ms
Round took 5.294216ms
Round took 4.537961ms
Round took 5.479277ms
Round took 5.07439ms
Round took 4.612732ms
Round took 5.236465ms
Round took 5.065311ms
Round took 5.504413ms
Round took 4.440809ms
Round took 5.065199ms
Round took 5.153937ms
Round took 5.112699ms
Round took 5.014182ms
Round took 5.600292ms
Round took 5.187803ms
Round took 4.385563ms
Round took 5.093196ms
Round took 5.576915ms
Round took 4.499295ms
Round took 5.518261ms
Round took 4.602541ms
Round took 5.219236ms
Round took 4.976125ms
Round took 5.318151ms
Round took 5.330644ms
Round took 5.043998ms
Round took 4.644656ms
Round took 5.239972ms
Round took 5.886722ms
Round took 4.301501ms
Round took 4.780857ms
Round took 5.254981ms
Round took 5.219093ms
Round took 5.04613ms
Round took 5.17064ms
Round took 5.727344ms
Round took 5.168312ms
Round took 4.950898ms
Round took 4.709173ms
Round took 5.99544ms
Round took 4.828464ms
Round took 5.573506ms
Round took 4.881511ms
Round took 5.070174ms
Round took 4.970343ms
Round took 5.328671ms
Round took 5.0405ms
Round took 4.382377ms
Round took 4.751229ms
Round took 5.678325ms
Round took 4.948032ms
Round took 4.432624ms
Round took 5.557787ms
Round took 4.757323ms
Round took 5.192916ms
Round took 4.714565ms
Round took 4.850329ms
Round took 5.712936ms
Round took 5.471164ms
Round took 4.715839ms
Round took 5.720972ms
Round took 5.001118ms
Round took 4.355061ms
Round took 4.61501ms
Round took 5.538297ms
Round took 5.363596ms
Round took 5.102092ms
Round took 4.588244ms
Round took 5.785828ms
Round took 5.009791ms
Round took 4.785672ms
Round took 5.308735ms
Round took 5.366303ms
Round took 4.418704ms
Round took 5.664364ms
Round took 4.819379ms
Round took 4.98003ms
Round took 5.051108ms
Round took 5.040581ms
Round took 6.106435ms
Round took 4.201165ms
Round took 5.213062ms
Round took 4.89953ms
Round took 5.238374ms
Round took 4.841827ms
Round took 4.920494ms
Round took 6.095016ms
Round took 4.571502ms
Round took 5.102956ms
Round took 5.882588ms
Round took 5.194515ms
Round took 4.868645ms
Round took 5.457228ms
Round took 5.467327ms
Round took 4.50666ms
Round took 5.588296ms
Round took 4.504807ms
Round took 5.169008ms
Round took 4.532518ms
Round took 5.896101ms
Round took 4.841802ms
Round took 4.005129ms
Round took 7.192723ms
Round took 5.551363ms
Round took 4.908917ms
Round took 4.83936ms
Round took 4.091342ms
Round took 4.847446ms
Round took 5.175575ms
Round took 4.704506ms
Round took 5.869564ms
Round took 4.359882ms
Round took 5.239033ms
Round took 4.566601ms
Round took 5.697915ms
Round took 4.51839ms
Round took 4.681523ms
Round took 4.95426ms
Round took 5.322404ms
Round took 5.321647ms
Round took 4.852326ms
Round took 6.576631ms
Round took 4.686724ms
Round took 4.123642ms
Round took 4.610401ms
Round took 5.026397ms
Round took 5.828509ms
Round took 4.732414ms
Round took 4.896555ms
Round took 5.438958ms
Round took 4.786324ms
Round took 4.708706ms
Round took 5.215854ms
Round took 5.873623ms
Round took 4.644861ms
Round took 5.397233ms
Round took 4.823053ms
Round took 4.913451ms
Round took 4.62332ms
Round took 5.081842ms
Round took 6.052322ms
Round took 4.18366ms
Round took 4.66722ms
Round took 4.636835ms
Round took 4.774409ms
Round took 5.703898ms
Round took 4.870823ms
Round took 4.734325ms
Round took 5.414764ms
Round took 5.303782ms
Round took 4.89438ms
Round took 5.548331ms
Round took 5.248638ms
Round took 5.055258ms
Round took 5.245942ms
Round took 4.946531ms
Round took 4.865313ms
Round took 5.795959ms
Round took 5.675982ms
Round took 4.815775ms
Round took 4.924935ms
Round took 5.615896ms
Round took 5.091266ms
Round took 4.809823ms
Round took 4.252886ms
Round took 6.056757ms
Round took 4.730182ms
Round took 5.624466ms
Round took 4.348492ms
Round took 5.980714ms
Round took 4.702637ms
Round took 4.836236ms
Round took 6.089474ms
Round took 4.154629ms
Round took 4.320181ms
Round took 5.062724ms
Round took 6.209446ms
Round took 4.209635ms
Round took 5.489602ms
Round took 4.495034ms
Round took 5.252941ms
Round took 4.8729ms
Round took 5.473191ms
Round took 5.119978ms
Round took 5.36181ms
Round took 4.850147ms
Round took 4.876816ms
Round took 5.650763ms
Round took 4.739457ms
Round took 4.656331ms
Round took 4.846404ms
Round took 4.563621ms
Round took 5.65193ms
Round took 4.678672ms
Round took 5.196797ms
Round took 5.84754ms
Round took 5.548194ms
Round took 4.490159ms
Round took 5.180287ms
Round took 5.765913ms
Round took 4.638693ms
Round took 5.805279ms
Round took 3.691566ms
Round took 5.853141ms
Round took 5.156453ms
Round took 5.310766ms
Round took 5.153446ms
Round took 4.87403ms
Round took 5.032848ms
Round took 5.016585ms
Round took 5.382796ms
Round took 4.003441ms
Round took 4.982184ms
Round took 5.746844ms
Round took 4.513561ms
Round took 5.028423ms
Round took 5.963089ms
Round took 4.534245ms
Round took 5.695968ms
Round took 4.234311ms
Round took 6.049938ms
Round took 4.012987ms
Round took 4.74653ms
Round took 5.542427ms
Round took 5.854538ms
Round took 5.047533ms
Round took 4.699854ms
Round took 5.742286ms
Round took 3.715214ms
Round took 5.599812ms
Round took 4.916908ms
Round took 5.595992ms
Round took 5.298451ms
Round took 4.431898ms
Round took 4.875754ms
Round took 5.31958ms
Round took 4.805504ms
Round took 5.318998ms
Round took 4.831244ms
Round took 5.881837ms
Round took 3.99317ms
Round took 5.271129ms
Round took 6.117519ms
Round took 5.282549ms
Round took 4.45067ms
Round took 4.491098ms
Round took 5.799001ms
Round took 4.021326ms
Round took 5.392498ms
Round took 6.365893ms
Round took 3.928858ms
Round took 7.427834ms
Round took 5.116694ms
Round took 4.702758ms
Round took 3.496897ms
Round took 17.924287ms
Round took 4.993231ms
Round took 5.054223ms
Round took 4.842351ms
Round took 5.932261ms
Round took 6.063255ms
Round took 4.685322ms
Round took 5.623333ms
Round took 3.798916ms
Round took 4.877637ms
Round took 6.217729ms
Round took 5.617482ms
Round took 5.439246ms
Round took 4.18463ms
Round took 3.465293ms
Round took 6.215187ms
Round took 4.91963ms
Round took 5.279075ms
Round took 5.35287ms
Round took 5.050107ms
Round took 5.107856ms
Round took 5.507931ms
Round took 5.065128ms
Round took 4.328798ms
Round took 5.179982ms
Round took 5.5864ms
Round took 4.581931ms
Round took 4.482501ms
Round took 5.119107ms
Round took 5.622012ms
Round took 4.299667ms
Round took 5.529006ms
Round took 4.750359ms
Round took 5.746225ms
Round took 4.360688ms
Round took 5.138839ms
Round took 6.065522ms
Round took 4.539733ms
Round took 5.33081ms
Round took 4.68827ms
Round took 5.350555ms
Round took 5.534917ms
Round took 4.558287ms
Round took 5.404921ms
Round took 4.195468ms
Round took 7.056533ms
Round took 4.689487ms
Round took 4.509007ms
Round took 4.254442ms
Round took 4.927049ms
Round took 5.014389ms
Round took 5.413605ms
Round took 6.066152ms
Round took 4.381091ms
Round took 5.606877ms
Round took 4.091075ms
Round took 4.791549ms
Round took 4.571866ms
Round took 5.351452ms
Round took 5.86012ms
Round took 4.923008ms
Round took 4.805179ms
Round took 4.497518ms
Round took 5.379203ms
Round took 5.328891ms
Round took 4.960934ms
Round took 6.001231ms
Round took 3.927622ms
Round took 4.394338ms
Round took 5.485462ms
Round took 5.019581ms
Round took 5.126095ms
Round took 4.504257ms
Round took 4.814737ms
Round took 4.914554ms
Round took 5.444759ms
Round took 5.943956ms
Round took 4.628874ms
Round took 5.521184ms
Round took 4.885935ms
Round took 5.095939ms
Round took 4.488017ms
Round took 6.318156ms
Round took 3.697881ms
Round took 5.312183ms
Round took 4.543623ms
Round took 6.138299ms
Round took 4.22541ms
Round took 4.616153ms
Round took 6.644406ms
Round took 4.699013ms
Round took 4.808173ms
Round took 5.688704ms
Round took 4.801692ms
Round took 4.671902ms
Round took 5.149931ms
Round took 5.268073ms
Round took 5.300548ms
Round took 4.946039ms
Round took 4.510153ms
Round took 5.315931ms
Round took 5.465919ms
Round took 5.099209ms
Round took 5.190253ms
Round took 4.796606ms
Round took 4.793661ms
Round took 5.365634ms
Round took 4.530595ms
Round took 5.503575ms
Round took 4.919698ms
Round took 4.059105ms
Round took 5.936932ms
Round took 4.529448ms
Round took 4.950518ms
Round took 4.602059ms
Round took 5.630073ms
Round took 4.81523ms
Round took 4.815099ms
Round took 5.282071ms
Round took 5.085645ms
Round took 5.989662ms
Round took 4.718328ms
Round took 5.951421ms
Round took 4.948248ms
Round took 4.498488ms
Round took 4.596532ms
Round took 5.109659ms
Round took 5.026528ms
Round took 4.654291ms
Round took 5.042045ms
Round took 5.869795ms
Round took 4.952344ms
Round took 5.103413ms
Round took 5.465144ms
Round took 5.533545ms
Round took 4.477808ms
Round took 4.96698ms
Round took 5.922273ms
Round took 4.204276ms
Round took 5.106266ms
Round took 5.485012ms
Round took 5.196708ms
Round took 4.613802ms
Round took 6.228492ms
Round took 4.237031ms
Round took 5.104415ms
Round took 4.753761ms
Round took 6.479444ms
Round took 3.694539ms
Round took 6.048859ms
Round took 4.946086ms
Round took 7.264408ms
Round took 5.141823ms
Round took 4.725739ms
Round took 5.352462ms
Round took 4.830475ms
Round took 5.08382ms
Round took 5.232981ms
Round took 4.82404ms
Round took 5.6065ms
Round took 4.986855ms
Round took 5.115576ms
Round took 4.891808ms
Round took 5.203375ms
Round took 5.112405ms
Round took 4.631041ms
Round took 5.145602ms
Round took 5.286087ms
Round took 4.935032ms
Round took 5.208652ms
Round took 5.570523ms
Round took 4.556648ms
Round took 4.906389ms
Round took 5.019041ms
Round took 5.583651ms
Round took 4.950554ms
Round took 5.030507ms
Round took 5.057366ms
Round took 5.210475ms
Round took 5.266917ms
Round took 4.500238ms
Round took 5.429256ms
Round took 5.257566ms
Round took 4.39461ms
Round took 5.35699ms
Round took 5.599005ms
Round took 4.635577ms
Round took 5.168101ms
Round took 4.968698ms
Round took 4.969909ms
Round took 5.317054ms
Round took 4.699538ms
Round took 6.229515ms
Round took 3.829878ms
Round took 5.202303ms
Round took 5.230556ms
Round took 5.233991ms
Round took 5.196723ms
Round took 4.831036ms
Round took 5.12318ms
Round took 5.125089ms
Round took 4.930332ms
Round took 5.32978ms
Round took 5.418528ms
Round took 5.6135ms
Round took 4.209335ms
Round took 5.000127ms
Round took 5.77679ms
Round took 4.274322ms
Round took 5.496119ms
Round took 4.692168ms
Round took 5.387848ms
Round took 4.812744ms
Round took 5.006324ms
Round took 5.991437ms
Round took 4.085991ms
Round took 5.236841ms
Round took 4.953818ms
Round took 5.626169ms
Round took 4.804631ms
Round took 5.207141ms
Round took 5.35108ms
Round took 4.915671ms
Round took 4.970988ms
Round took 5.412425ms
Round took 4.872818ms
Round took 5.033752ms
Round took 5.240716ms
Round took 5.644544ms
Round took 4.778891ms
Round took 4.609151ms
Round took 4.315922ms
Round took 4.993101ms
Round took 5.08525ms
Round took 5.183778ms
Round took 4.867121ms
Round took 5.712782ms
Round took 4.707523ms
Round took 4.993798ms
Round took 4.867023ms
Round took 5.998716ms
Round took 4.540866ms
Round took 4.845546ms
Round took 5.030969ms
Round took 5.294526ms
Round took 4.693361ms
Round took 5.071039ms
Round took 6.241607ms
Round took 4.254766ms
Round took 4.972195ms
Round took 4.81824ms
Round took 5.380424ms
Round took 5.016745ms
Round took 4.945793ms
Round took 5.422463ms
Round took 5.027051ms
Round took 4.715587ms
Round took 4.741398ms
Round took 5.297073ms
Round took 4.824381ms
Round took 5.03049ms
Round took 5.009072ms
Round took 5.77023ms
Round took 4.414127ms
Round took 5.130508ms
Round took 4.778205ms
Round took 6.636383ms
Round took 4.888692ms
Round took 4.216553ms
Round took 5.113398ms
Round took 5.654215ms
Round took 4.337918ms
Round took 4.881714ms
Round took 5.544884ms
Round took 4.817296ms
Round took 5.401385ms
Round took 4.773894ms
Round took 5.504603ms
Round took 4.894653ms
Round took 5.093537ms
Round took 6.053881ms
Round took 4.023131ms
Round took 5.060884ms
Round took 5.010497ms
Round took 4.800266ms
Round took 5.702898ms
Round took 4.715796ms
Round took 5.229859ms
Round took 5.766468ms
Round took 4.374474ms
Round took 4.880327ms
Round took 5.659037ms
Round took 5.865852ms
Round took 4.843348ms
Round took 5.906004ms
Round took 5.741945ms
Round took 4.664425ms
Round took 5.722176ms
Round took 4.730819ms
Round took 4.296911ms
Round took 4.777636ms
Round took 4.279945ms
Round took 5.386861ms
Round took 5.084396ms
Round took 5.113608ms
Round took 5.779868ms
Round took 4.960137ms
Round took 5.128324ms
Round took 4.599071ms
Round took 5.63045ms
Round took 4.527895ms
Round took 4.745916ms
Round took 5.13464ms
Round took 5.616163ms
Round took 4.83121ms
Round took 4.473319ms
Round took 4.891081ms
Round took 5.549933ms
Round took 4.820066ms
Round took 4.645608ms
Round took 5.056167ms
Round took 5.912813ms
Round took 4.342592ms
Round took 5.542076ms
Round took 5.229788ms
Round took 5.543951ms
Round took 4.707307ms
Round took 5.272952ms
Round took 4.881797ms
Round took 4.510842ms
Round took 5.064765ms
Round took 5.631117ms
Round took 5.080986ms
Round took 4.767332ms
Round took 4.68129ms
Round took 5.963076ms
Round took 5.606426ms
Round took 4.413779ms
Round took 5.413706ms
Round took 5.453952ms
Round took 4.300572ms
Round took 5.100679ms
Round took 4.781327ms
Round took 7.999206ms
Round took 4.253593ms
Round took 4.71541ms
Round took 4.218147ms
Round took 3.844709ms
Round took 5.105421ms
Round took 4.668522ms
Round took 6.025825ms
Round took 5.012346ms
Round took 4.823192ms
Round took 5.210847ms
Round took 3.981045ms
Round took 5.503277ms
Round took 4.843422ms
Round took 5.479927ms
Round took 5.331537ms
Round took 4.606384ms
Round took 5.370036ms
Round took 4.674402ms
Round took 5.475182ms
Round took 4.987809ms
Round took 5.504439ms
Round took 5.393327ms
Round took 4.367845ms
Round took 5.243505ms
Round took 6.108021ms
Round took 4.700813ms
Round took 4.3827ms
Round took 5.40602ms
Round took 5.437701ms
Round took 4.597857ms
Round took 5.344009ms
Round took 4.184199ms
Round took 6.14642ms
Round took 4.54433ms
Round took 4.871019ms
Round took 5.659456ms
Round took 4.540776ms
Round took 5.363417ms
Round took 4.322997ms
Round took 5.395517ms
Round took 4.830518ms
Round took 5.026108ms
Round took 5.778831ms
Round took 4.987297ms
Round took 4.729483ms
Round took 5.087968ms
Round took 4.934954ms
Round took 5.741016ms
Round took 5.27602ms
Round took 5.718734ms
Round took 4.136691ms
Round took 5.535862ms
Round took 4.80393ms
Round took 6.396492ms
Round took 4.533308ms
Round took 4.343953ms
Round took 5.716725ms
Round took 4.57311ms
Round took 4.529599ms
Round took 4.910478ms
Round took 4.924188ms
Round took 5.736198ms
Round took 4.327434ms
Round took 5.157578ms
Round took 4.875735ms
Round took 5.427526ms
Round took 4.86833ms
Round took 5.553892ms
Round took 4.72711ms
Round took 5.544174ms
Round took 4.962555ms
Round took 5.743ms
Round took 4.231181ms
Round took 5.199611ms
Round took 4.464029ms
Round took 5.690736ms
Round took 4.6589ms
Round took 4.506439ms
Round took 5.951844ms
Round took 4.718227ms
Round took 6.015073ms
Round took 4.048496ms
Round took 5.832011ms
Round took 4.367029ms
Round took 5.46302ms
Round took 5.4558ms
Round took 4.709645ms
Round took 5.349387ms
Round took 3.845919ms
Round took 5.053754ms
Round took 4.697498ms
Round took 5.204689ms
Round took 5.191067ms
Round took 4.918603ms
Round took 5.783396ms
Round took 4.675665ms
Round took 4.869352ms
Round took 5.164582ms
Round took 4.777778ms
Round took 5.210156ms
Round took 5.037724ms
Round took 4.923871ms
Round took 5.03464ms
Round took 5.051404ms
Round took 4.608651ms
Round took 4.89973ms
Round took 5.770034ms
Round took 5.372587ms
Round took 4.620295ms
Round took 5.457876ms
Round took 4.799577ms
Round took 5.079942ms
Round took 4.971523ms
Round took 6.303773ms
Round took 6.06111ms
Round took 4.802845ms
Round took 4.644864ms
Round took 3.129653ms
Round took 5.195437ms
Round took 4.702268ms
Round took 5.574194ms
Round took 5.111509ms
Round took 5.746093ms
Round took 4.156365ms
Round took 6.589672ms
Round took 4.466488ms
Round took 4.878169ms
Round took 5.58651ms
Round took 4.555281ms
Round took 4.898147ms
Round took 5.156073ms
Round took 5.426569ms
Round took 4.662859ms
Round took 4.820088ms
Round took 5.021139ms
Round took 5.611395ms
Round took 4.465622ms
Round took 4.754338ms
Round took 5.519735ms
Round took 5.033346ms
Round took 4.985768ms
Round took 5.133523ms
Round took 5.317817ms
Round took 6.197105ms
Round took 5.100179ms
Round took 5.172156ms
Round took 5.311672ms
Round took 4.847197ms
Round took 3.803146ms
Round took 6.174213ms
Round took 4.874704ms
Round took 5.795954ms
Round took 5.036088ms
Round took 8.086127ms
Round took 4.64371ms
Round took 4.091587ms
Round took 4.705648ms
Round took 4.730261ms
Round took 4.377602ms
Round took 3.622264ms
Round took 5.802601ms
Round took 5.127845ms
Round took 4.341082ms
Round took 4.968418ms
Round took 6.966893ms
Round took 3.619867ms
Round took 6.588819ms
Round took 5.631416ms
Round took 6.36299ms
Round took 4.783946ms
Round took 5.027723ms
Round took 5.175354ms
Round took 5.250533ms
Round took 5.025034ms
Round took 4.954447ms
Round took 5.30283ms
Round took 5.057447ms
Round took 5.119821ms
Round took 5.823108ms
Round took 4.189909ms
Round took 5.528097ms
Round took 4.815894ms
Round took 5.201856ms
Round took 5.01602ms
Round took 4.828059ms
Round took 5.071305ms
Round took 5.363896ms
Round took 4.863827ms
Round took 4.58217ms
Round took 5.724712ms
Round took 4.805143ms
Round took 5.379139ms
Round took 4.935045ms
Round took 5.390835ms
Round took 5.004764ms
Round took 4.779096ms
Round took 5.359ms
Round took 5.162561ms
Round took 5.056617ms
Round took 5.024862ms
Round took 5.039379ms
Round took 4.938022ms
Round took 5.189774ms
Round took 5.267147ms
Round took 5.534531ms
Round took 4.844315ms
Round took 4.76127ms
Round took 4.320562ms
Round took 6.289114ms
Round took 4.863471ms
Round took 6.012481ms
Round took 5.540814ms
Round took 4.229043ms
Round took 4.43248ms
Round took 4.775577ms
Round took 5.715336ms
Round took 4.702792ms
Round took 5.182909ms
Round took 6.363859ms
Round took 4.37117ms
Round took 5.053433ms
Round took 4.898795ms
Round took 5.289679ms
Round took 5.176836ms
Round took 4.845225ms
Round took 5.52738ms
Round took 4.740357ms
Round took 5.10976ms
Round took 4.995897ms
Round took 5.077616ms
Round took 5.103136ms
Round took 5.05717ms
Round took 5.815152ms
Round took 4.493405ms
Round took 5.092529ms
Round took 5.052918ms
Round took 5.050089ms
Round took 5.00885ms
Round took 5.238591ms
Round took 4.702568ms
Round took 5.168237ms
Round took 5.148064ms
Round took 5.049527ms
Round took 5.456355ms
Round took 5.639968ms
Round took 3.580678ms
Round took 7.591341ms
Round took 1.998013ms
Test took 5.134543924s
Successful: 10000
