Uniform distribution
2021/04/16 21:40:47 The leader is replica 0
Round took 7.486775ms
Round took 6.938555ms
Round took 6.532177ms
Round took 4.109696ms
Round took 5.693212ms
Round took 4.859434ms
Round took 5.284129ms
Round took 5.086455ms
Round took 4.88403ms
Round took 4.86562ms
Round took 4.890083ms
Round took 5.229158ms
Round took 5.072122ms
Round took 5.489303ms
Round took 5.120272ms
Round took 4.930588ms
Round took 5.18067ms
Round took 5.145103ms
Round took 4.987557ms
Round took 5.22643ms
Round took 5.471519ms
Round took 5.00879ms
Round took 4.503715ms
Round took 5.001276ms
Round took 5.482627ms
Round took 4.89477ms
Round took 5.057233ms
Round took 5.631013ms
Round took 4.386432ms
Round took 5.234889ms
Round took 4.849522ms
Round took 5.417456ms
Round took 5.196336ms
Round took 4.933441ms
Round took 5.903834ms
Round took 6.239852ms
Round took 7.915666ms
Round took 7.133388ms
Round took 4.584686ms
Round took 3.978563ms
Round took 6.629955ms
Round took 5.469581ms
Round took 6.511375ms
Round took 4.044138ms
Round took 5.6563ms
Round took 5.034817ms
Round took 5.179347ms
Round took 4.728055ms
Round took 5.864257ms
Round took 6.275182ms
Round took 4.807488ms
Round took 5.833687ms
Round took 4.201305ms
Round took 3.693621ms
Round took 5.786893ms
Round took 5.24282ms
Round took 5.496124ms
Round took 5.004683ms
Round took 4.744795ms
Round took 5.787119ms
Round took 4.999111ms
Round took 4.250749ms
Round took 5.318087ms
Round took 6.113836ms
Round took 6.033246ms
Round took 5.222932ms
Round took 4.153287ms
Round took 5.002919ms
Round took 5.136507ms
Round took 5.079504ms
Round took 5.156624ms
Round took 5.058445ms
Round took 4.711085ms
Round took 5.127563ms
Round took 4.859817ms
Round took 5.037097ms
Round took 4.934367ms
Round took 4.984935ms
Round took 4.920243ms
Round took 4.983978ms
Round took 4.942913ms
Round took 5.971024ms
Round took 4.538071ms
Round took 5.154436ms
Round took 4.659817ms
Round took 5.361186ms
Round took 4.896465ms
Round took 4.891717ms
Round took 5.787237ms
Round took 4.840629ms
Round took 4.766005ms
Round took 5.044641ms
Round took 5.558426ms
Round took 5.180353ms
Round took 5.002088ms
Round took 5.405784ms
Round took 5.368442ms
Round took 4.564357ms
Round took 4.986765ms
Round took 5.434746ms
Round took 5.108023ms
Round took 4.910442ms
Round took 5.451067ms
Round took 5.525725ms
Round took 5.254876ms
Round took 4.99703ms
Round took 3.639846ms
Round took 3.685986ms
Round took 5.554078ms
Round took 4.97327ms
Round took 6.148996ms
Round took 4.013883ms
Round took 5.127717ms
Round took 5.52737ms
Round took 5.131472ms
Round took 4.809202ms
Round took 5.046815ms
Round took 5.321868ms
Round took 4.807441ms
Round took 4.727533ms
Round took 4.506452ms
Round took 5.264674ms
Round took 5.262139ms
Round took 4.953368ms
Round took 5.7441ms
Round took 3.981255ms
Round took 5.34686ms
Round took 5.456379ms
Round took 5.377836ms
Round took 4.999501ms
Round took 5.61497ms
Round took 4.241474ms
Round took 4.550811ms
Round took 5.379667ms
Round took 5.197314ms
Round took 4.731835ms
Round took 5.257027ms
Round took 5.746496ms
Round took 4.212271ms
Round took 4.743236ms
Round took 4.634916ms
Round took 5.855586ms
Round took 6.302265ms
Round took 6.25898ms
Round took 5.056772ms
Round took 5.55947ms
Round took 3.817125ms
Round took 4.003424ms
Round took 4.97676ms
Round took 4.850719ms
Round took 6.576839ms
Round took 4.884517ms
Round took 4.691895ms
Round took 3.81995ms
Round took 6.129193ms
Round took 4.904527ms
Round took 4.836049ms
Round took 5.622919ms
Round took 4.536038ms
Round took 4.4375ms
Round took 4.591161ms
Round took 5.53871ms
Round took 4.762972ms
Round took 5.049111ms
Round took 5.039448ms
Round took 5.863577ms
Round took 4.825558ms
Round took 5.01263ms
Round took 5.230656ms
Round took 5.256168ms
Round took 4.185556ms
Round took 5.519672ms
Round took 4.733288ms
Round took 5.610646ms
Round took 4.835413ms
Round took 3.966103ms
Round took 5.234441ms
Round took 5.460208ms
Round took 5.087542ms
Round took 4.987768ms
Round took 4.57141ms
Round took 5.569273ms
Round took 5.55431ms
Round took 4.306891ms
Round took 4.880779ms
Round took 5.272949ms
Round took 5.021717ms
Round took 4.868749ms
Round took 5.777598ms
Round took 4.952103ms
Round took 5.255127ms
Round took 6.291719ms
Round took 3.416093ms
Round took 5.844628ms
Round took 4.843119ms
Round took 5.67418ms
Round took 4.821534ms
Round took 5.094822ms
Round took 5.483426ms
Round took 4.860895ms
Round took 5.019128ms
Round took 5.996177ms
Round took 4.373233ms
Round took 4.710554ms
Round took 5.007569ms
Round took 4.731395ms
Round took 5.922762ms
Round took 4.199635ms
Round took 5.151199ms
Round took 4.719971ms
Round took 5.024541ms
Round took 5.42737ms
Round took 5.593644ms
Round took 4.740488ms
Round took 5.557929ms
Round took 5.017323ms
Round took 4.713074ms
Round took 4.536433ms
Round took 5.359326ms
Round took 5.399537ms
Round took 5.500025ms
Round took 4.37004ms
Round took 5.267694ms
Round took 4.948989ms
Round took 5.018449ms
Round took 5.012478ms
Round took 4.853672ms
Round took 4.478313ms
Round took 5.512745ms
Round took 4.756069ms
Round took 4.960527ms
Round took 5.056466ms
Round took 5.022901ms
Round took 6.12754ms
Round took 4.138589ms
Round took 5.262375ms
Round took 4.867598ms
Round took 5.265741ms
Round took 4.798437ms
Round took 4.968854ms
Round took 6.017608ms
Round took 4.569949ms
Round took 5.103797ms
Round took 4.636584ms
Round took 5.57321ms
Round took 4.364977ms
Round took 5.145203ms
Round took 5.678012ms
Round took 4.440073ms
Round took 5.273185ms
Round took 5.033406ms
Round took 5.209764ms
Round took 4.601685ms
Round took 5.487774ms
Round took 5.367182ms
Round took 4.437807ms
Round took 6.297541ms
Round took 6.323872ms
Round took 4.932988ms
Round took 3.791677ms
Round took 4.14319ms
Round took 4.916034ms
Round took 5.663897ms
Round took 4.76479ms
Round took 4.909617ms
Round took 5.08533ms
Round took 5.62735ms
Round took 4.482742ms
Round took 4.981435ms
Round took 5.279031ms
Round took 5.06053ms
Round took 4.919449ms
Round took 5.328644ms
Round took 5.2774ms
Round took 4.85388ms
Round took 5.853621ms
Round took 5.58223ms
Round took 4.105826ms
Round took 4.718553ms
Round took 5.034432ms
Round took 5.761072ms
Round took 4.745384ms
Round took 4.997801ms
Round took 5.40699ms
Round took 4.939088ms
Round took 4.581758ms
Round took 5.241995ms
Round took 5.603852ms
Round took 4.686413ms
Round took 5.367488ms
Round took 4.591377ms
Round took 5.286927ms
Round took 4.865677ms
Round took 5.043544ms
Round took 6.001209ms
Round took 4.702261ms
Round took 4.513895ms
Round took 4.637412ms
Round took 4.779862ms
Round took 5.675603ms
Round took 4.835705ms
Round took 4.759178ms
Round took 5.149433ms
Round took 5.455293ms
Round took 4.977532ms
Round took 5.472508ms
Round took 5.130604ms
Round took 5.104969ms
Round took 5.210672ms
Round took 4.979292ms
Round took 4.831327ms
Round took 5.66487ms
Round took 5.671857ms
Round took 4.984604ms
Round took 4.77118ms
Round took 5.186011ms
Round took 4.648676ms
Round took 4.918436ms
Round took 4.344016ms
Round took 5.548775ms
Round took 5.271551ms
Round took 5.67673ms
Round took 4.347428ms
Round took 5.832689ms
Round took 4.758697ms
Round took 4.434287ms
Round took 5.472833ms
Round took 5.148954ms
Round took 4.543699ms
Round took 5.022792ms
Round took 5.460255ms
Round took 5.053101ms
Round took 5.370185ms
Round took 4.440474ms
Round took 4.821083ms
Round took 5.284456ms
Round took 5.429034ms
Round took 5.107232ms
Round took 5.426277ms
Round took 4.836549ms
Round took 5.073862ms
Round took 5.668007ms
Round took 4.732245ms
Round took 4.694947ms
Round took 4.841461ms
Round took 4.571898ms
Round took 5.652213ms
Round took 4.645057ms
Round took 5.19905ms
Round took 4.957746ms
Round took 5.811705ms
Round took 4.484868ms
Round took 5.059151ms
Round took 5.667538ms
Round took 4.677363ms
Round took 5.359845ms
Round took 4.300242ms
Round took 5.786388ms
Round took 5.051927ms
Round took 5.05045ms
Round took 5.380775ms
Round took 4.817377ms
Round took 4.721746ms
Round took 4.62141ms
Round took 6.013162ms
Round took 4.723963ms
Round took 5.038386ms
Round took 5.726243ms
Round took 4.658575ms
Round took 4.853877ms
Round took 5.186687ms
Round took 5.32638ms
Round took 5.661517ms
Round took 3.619571ms
Round took 5.802982ms
Round took 4.581525ms
Round took 5.010491ms
Round took 5.425693ms
Round took 4.621083ms
Round took 5.619799ms
Round took 4.72066ms
Round took 5.516306ms
Round took 4.214592ms
Round took 5.528574ms
Round took 5.091018ms
Round took 4.997445ms
Round took 5.884243ms
Round took 4.405858ms
Round took 4.900082ms
Round took 5.047926ms
Round took 5.151014ms
Round took 5.019512ms
Round took 4.375331ms
Round took 5.116672ms
Round took 4.637758ms
Round took 5.216566ms
Round took 5.305467ms
Round took 5.261756ms
Round took 5.574201ms
Round took 4.39176ms
Round took 5.070241ms
Round took 4.627466ms
Round took 5.790286ms
Round took 5.175886ms
Round took 5.001422ms
Round took 6.893823ms
Round took 5.330912ms
Round took 5.34501ms
Round took 3.709844ms
Round took 18.511878ms
Round took 4.806998ms
Round took 5.197358ms
Round took 4.850175ms
Round took 5.879742ms
Round took 5.868673ms
Round took 4.914882ms
Round took 5.598191ms
Round took 4.133983ms
Round took 4.848521ms
Round took 6.226996ms
Round took 5.637134ms
Round took 5.459662ms
Round took 4.144976ms
Round took 3.478105ms
Round took 6.195321ms
Round took 4.946678ms
Round took 5.23901ms
Round took 5.456947ms
Round took 4.944957ms
Round took 5.103587ms
Round took 4.968255ms
Round took 5.590082ms
Round took 4.383589ms
Round took 5.103891ms
Round took 5.642678ms
Round took 4.560857ms
Round took 4.551349ms
Round took 5.015099ms
Round took 5.543267ms
Round took 4.347181ms
Round took 5.60643ms
Round took 4.756002ms
Round took 5.700032ms
Round took 4.485783ms
Round took 5.06793ms
Round took 5.316048ms
Round took 5.456567ms
Round took 5.000961ms
Round took 4.652226ms
Round took 4.818599ms
Round took 6.093624ms
Round took 3.93641ms
Round took 5.080327ms
Round took 4.47154ms
Round took 6.555618ms
Round took 4.929708ms
Round took 4.283502ms
Round took 4.506414ms
Round took 5.375531ms
Round took 4.857342ms
Round took 4.96816ms
Round took 5.970313ms
Round took 4.366376ms
Round took 5.182846ms
Round took 4.290779ms
Round took 5.358812ms
Round took 4.937176ms
Round took 5.26155ms
Round took 5.17152ms
Round took 5.570559ms
Round took 4.824364ms
Round took 4.640514ms
Round took 5.297131ms
Round took 5.36693ms
Round took 4.90317ms
Round took 5.178176ms
Round took 5.605158ms
Round took 5.068627ms
Round took 5.571174ms
Round took 4.941452ms
Round took 5.15461ms
Round took 4.973819ms
Round took 5.868636ms
Round took 4.089194ms
Round took 5.074891ms
Round took 6.133175ms
Round took 4.633394ms
Round took 5.212184ms
Round took 4.918847ms
Round took 5.611603ms
Round took 4.429271ms
Round took 5.687018ms
Round took 3.852428ms
Round took 5.793239ms
Round took 4.53279ms
Round took 5.576877ms
Round took 4.206966ms
Round took 4.530163ms
Round took 6.029497ms
Round took 4.775723ms
Round took 4.819803ms
Round took 5.670591ms
Round took 4.719039ms
Round took 4.561807ms
Round took 5.153922ms
Round took 5.276943ms
Round took 5.294171ms
Round took 4.967561ms
Round took 4.410615ms
Round took 5.344015ms
Round took 5.391748ms
Round took 4.979284ms
Round took 4.677625ms
Round took 5.37306ms
Round took 4.781422ms
Round took 5.395765ms
Round took 4.306639ms
Round took 5.700158ms
Round took 4.884597ms
Round took 4.396809ms
Round took 5.961078ms
Round took 4.618903ms
Round took 5.015129ms
Round took 4.559795ms
Round took 5.544277ms
Round took 4.955414ms
Round took 4.786646ms
Round took 5.349824ms
Round took 4.933647ms
Round took 5.953462ms
Round took 4.734435ms
Round took 5.93309ms
Round took 4.908271ms
Round took 4.505189ms
Round took 4.65721ms
Round took 5.06868ms
Round took 5.163489ms
Round took 4.794884ms
Round took 5.085808ms
Round took 5.941837ms
Round took 4.937659ms
Round took 5.151444ms
Round took 5.10441ms
Round took 5.546417ms
Round took 4.378314ms
Round took 4.96797ms
Round took 5.888556ms
Round took 4.179119ms
Round took 5.129822ms
Round took 5.492433ms
Round took 5.225409ms
Round took 4.636818ms
Round took 5.460544ms
Round took 4.939282ms
Round took 5.132683ms
Round took 4.726833ms
Round took 6.484746ms
Round took 3.734111ms
Round took 6.070199ms
Round took 4.986046ms
Round took 7.401754ms
Round took 5.125412ms
Round took 4.724719ms
Round took 5.298882ms
Round took 4.833709ms
Round took 5.057426ms
Round took 5.279273ms
Round took 4.724172ms
Round took 5.779418ms
Round took 5.120069ms
Round took 5.105352ms
Round took 4.877563ms
Round took 5.21682ms
Round took 5.159332ms
Round took 4.578787ms
Round took 5.061442ms
Round took 5.28971ms
Round took 4.76493ms
Round took 5.034563ms
Round took 5.280983ms
Round took 4.695912ms
Round took 4.894634ms
Round took 5.079042ms
Round took 5.644346ms
Round took 4.941047ms
Round took 4.978747ms
Round took 5.074424ms
Round took 5.211825ms
Round took 5.361737ms
Round took 4.500006ms
Round took 5.149013ms
Round took 5.519294ms
Round took 4.412039ms
Round took 5.294367ms
Round took 5.51947ms
Round took 4.663297ms
Round took 5.130967ms
Round took 4.973906ms
Round took 5.029736ms
Round took 5.273809ms
Round took 4.725891ms
Round took 6.275811ms
Round took 3.847534ms
Round took 5.236908ms
Round took 5.269518ms
Round took 5.206964ms
Round took 5.205998ms
Round took 4.79869ms
Round took 5.080604ms
Round took 5.142747ms
Round took 4.934097ms
Round took 5.358773ms
Round took 5.380122ms
Round took 5.593468ms
Round took 4.298023ms
Round took 5.04867ms
Round took 5.831464ms
Round took 4.114376ms
Round took 5.451112ms
Round took 4.731712ms
Round took 5.419485ms
Round took 4.82968ms
Round took 4.994935ms
Round took 5.997221ms
Round took 4.031467ms
Round took 5.156203ms
Round took 5.006345ms
Round took 5.630824ms
Round took 4.6294ms
Round took 5.246919ms
Round took 4.780626ms
Round took 5.416773ms
Round took 4.911441ms
Round took 5.354562ms
Round took 5.039597ms
Round took 5.096767ms
Round took 5.217914ms
Round took 6.011527ms
Round took 5.006935ms
Round took 4.562364ms
Round took 4.348312ms
Round took 4.980628ms
Round took 5.114142ms
Round took 5.072354ms
Round took 4.870773ms
Round took 5.758459ms
Round took 4.637295ms
Round took 4.992617ms
Round took 4.985326ms
Round took 6.012624ms
Round took 4.589518ms
Round took 4.792503ms
Round took 4.997069ms
Round took 5.316113ms
Round took 4.649143ms
Round took 5.095845ms
Round took 6.255268ms
Round took 4.225271ms
Round took 4.997066ms
Round took 4.750483ms
Round took 5.107799ms
Round took 5.195948ms
Round took 4.966268ms
Round took 6.016642ms
Round took 4.588779ms
Round took 4.555689ms
Round took 4.710232ms
Round took 5.363702ms
Round took 4.769495ms
Round took 5.043089ms
Round took 4.97226ms
Round took 5.784698ms
Round took 4.463628ms
Round took 5.114353ms
Round took 4.748832ms
Round took 6.630965ms
Round took 5.204544ms
Round took 4.216298ms
Round took 5.930284ms
Round took 4.755283ms
Round took 4.273051ms
Round took 4.96709ms
Round took 5.554988ms
Round took 4.703674ms
Round took 5.322528ms
Round took 4.753382ms
Round took 5.455835ms
Round took 4.913042ms
Round took 5.104994ms
Round took 6.079635ms
Round took 4.030385ms
Round took 5.097824ms
Round took 4.989804ms
Round took 4.790363ms
Round took 5.8718ms
Round took 4.929297ms
Round took 5.526319ms
Round took 5.553558ms
Round took 4.309497ms
Round took 4.824959ms
Round took 5.650159ms
Round took 5.28558ms
Round took 4.434646ms
Round took 5.72157ms
Round took 5.523646ms
Round took 4.990593ms
Round took 5.759537ms
Round took 4.650758ms
Round took 4.14437ms
Round took 4.930252ms
Round took 4.331932ms
Round took 5.753662ms
Round took 4.66703ms
Round took 4.88449ms
Round took 5.374259ms
Round took 5.285848ms
Round took 4.901453ms
Round took 4.674248ms
Round took 5.256586ms
Round took 5.071117ms
Round took 4.668873ms
Round took 4.537464ms
Round took 5.008342ms
Round took 5.817534ms
Round took 4.350386ms
Round took 5.003823ms
Round took 5.502881ms
Round took 5.127071ms
Round took 4.690509ms
Round took 5.027717ms
Round took 5.7496ms
Round took 4.357571ms
Round took 5.460085ms
Round took 4.645084ms
Round took 5.595895ms
Round took 4.71875ms
Round took 4.961535ms
Round took 5.121621ms
Round took 5.083023ms
Round took 5.064962ms
Round took 5.296255ms
Round took 5.705816ms
Round took 4.696557ms
Round took 4.595325ms
Round took 5.130839ms
Round took 5.962443ms
Round took 4.074738ms
Round took 4.966085ms
Round took 5.173929ms
Round took 5.016247ms
Round took 5.434695ms
Round took 4.893207ms
Round took 6.110096ms
Round took 5.524038ms
Round took 4.830101ms
Round took 4.976227ms
Round took 4.821663ms
Round took 4.926134ms
Round took 4.332992ms
Round took 5.648773ms
Round took 5.623368ms
Round took 4.770671ms
Round took 4.766749ms
Round took 4.526516ms
Round took 5.42328ms
Round took 4.723555ms
Round took 5.098163ms
Round took 5.506546ms
Round took 4.630406ms
Round took 5.377821ms
Round took 4.454871ms
Round took 5.751613ms
Round took 4.900633ms
Round took 5.317583ms
Round took 5.327734ms
Round took 4.45043ms
Round took 5.264818ms
Round took 5.704261ms
Round took 5.252256ms
Round took 4.449607ms
Round took 5.255129ms
Round took 5.629148ms
Round took 4.557604ms
Round took 5.301919ms
Round took 4.268287ms
Round took 6.132853ms
Round took 4.394832ms
Round took 4.928587ms
Round took 4.913238ms
Round took 5.491506ms
Round took 5.204826ms
Round took 4.427915ms
Round took 5.109448ms
Round took 5.03191ms
Round took 5.019432ms
Round took 5.147213ms
Round took 5.51246ms
Round took 4.491472ms
Round took 5.043593ms
Round took 4.754488ms
Round took 6.018541ms
Round took 5.246806ms
Round took 4.799964ms
Round took 4.70509ms
Round took 5.511025ms
Round took 4.556853ms
Round took 5.564755ms
Round took 5.346137ms
Round took 4.277469ms
Round took 5.098382ms
Round took 4.955691ms
Round took 5.091397ms
Round took 4.772783ms
Round took 4.451104ms
Round took 4.976562ms
Round took 5.333349ms
Round took 5.087301ms
Round took 4.923421ms
Round took 5.410106ms
Round took 4.923622ms
Round took 5.6489ms
Round took 4.272422ms
Round took 6.152154ms
Round took 4.953259ms
Round took 5.007968ms
Round took 4.657054ms
Round took 5.755014ms
Round took 4.110064ms
Round took 5.268514ms
Round took 4.833194ms
Round took 5.123976ms
Round took 5.950933ms
Round took 4.706948ms
Round took 5.894257ms
Round took 3.966885ms
Round took 5.015765ms
Round took 4.924952ms
Round took 5.632136ms
Round took 5.184227ms
Round took 4.516106ms
Round took 5.099997ms
Round took 5.160512ms
Round took 4.968307ms
Round took 4.777338ms
Round took 5.242258ms
Round took 5.058755ms
Round took 4.934624ms
Round took 5.256767ms
Round took 5.181657ms
Round took 5.029618ms
Round took 4.62327ms
Round took 4.944327ms
Round took 5.406137ms
Round took 4.954311ms
Round took 4.82423ms
Round took 4.909954ms
Round took 6.358957ms
Round took 5.53096ms
Round took 5.830648ms
Round took 5.219676ms
Round took 5.430478ms
Round took 4.805987ms
Round took 4.985163ms
Round took 4.571324ms
Round took 5.367794ms
Round took 5.12246ms
Round took 6.768287ms
Round took 5.441074ms
Round took 4.330329ms
Round took 3.945521ms
Round took 3.224369ms
Round took 5.070023ms
Round took 4.730307ms
Round took 5.816895ms
Round took 4.860903ms
Round took 5.750598ms
Round took 4.122884ms
Round took 6.596863ms
Round took 4.476101ms
Round took 4.874114ms
Round took 5.533948ms
Round took 4.624166ms
Round took 4.91006ms
Round took 5.144936ms
Round took 5.402224ms
Round took 4.662094ms
Round took 5.007323ms
Round took 4.98766ms
Round took 5.560974ms
Round took 4.41651ms
Round took 4.904113ms
Round took 5.541974ms
Round took 4.99306ms
Round took 4.859279ms
Round took 5.169469ms
Round took 5.419626ms
Round took 5.975737ms
Round took 5.368513ms
Round took 5.065006ms
Round took 5.119999ms
Round took 4.806083ms
Round took 3.771239ms
Round took 5.309626ms
Round took 5.254444ms
Round took 5.402298ms
Round took 4.533219ms
Round took 7.126785ms
Round took 6.138967ms
Round took 4.456535ms
Round took 4.674463ms
Round took 4.735649ms
Round took 4.614392ms
Round took 3.609183ms
Round took 5.828757ms
Round took 5.111673ms
Round took 4.40961ms
Round took 5.014931ms
Round took 7.149999ms
Round took 3.551587ms
Round took 5.798895ms
Round took 6.152416ms
Round took 4.077276ms
Round took 5.325553ms
Round took 4.75666ms
Round took 4.981152ms
Round took 5.654637ms
Round took 4.818994ms
Round took 5.320529ms
Round took 4.537039ms
Round took 4.483926ms
Round took 5.252496ms
Round took 5.403947ms
Round took 5.809161ms
Round took 4.196365ms
Round took 5.648081ms
Round took 4.585431ms
Round took 4.977417ms
Round took 5.138672ms
Round took 5.222657ms
Round took 5.827525ms
Round took 4.475754ms
Round took 4.906412ms
Round took 4.049478ms
Round took 6.125839ms
Round took 4.245184ms
Round took 5.386278ms
Round took 5.719286ms
Round took 4.688596ms
Round took 5.413555ms
Round took 4.283379ms
Round took 5.909046ms
Round took 4.667032ms
Round took 5.370315ms
Round took 5.263506ms
Round took 4.631308ms
Round took 4.808861ms
Round took 4.714197ms
Round took 5.535269ms
Round took 5.2499ms
Round took 4.993241ms
Round took 4.68504ms
Round took 5.13068ms
Round took 5.583545ms
Round took 4.585311ms
Round took 6.212398ms
Round took 5.455597ms
Round took 4.166562ms
Round took 4.403032ms
Round took 5.527281ms
Round took 5.064264ms
Round took 4.666646ms
Round took 5.2188ms
Round took 6.517253ms
Round took 4.447944ms
Round took 6.396774ms
Round took 3.660878ms
Round took 4.947175ms
Round took 5.206852ms
Round took 5.124256ms
Round took 5.322811ms
Round took 4.647135ms
Round took 5.645891ms
Round took 4.400332ms
Round took 4.404909ms
Round took 5.142869ms
Round took 5.721688ms
Round took 5.332954ms
Round took 4.624523ms
Round took 4.967931ms
Round took 5.213486ms
Round took 4.619889ms
Round took 5.243362ms
Round took 5.728631ms
Round took 5.370545ms
Round took 3.680255ms
Round took 5.12531ms
Round took 5.059782ms
Round took 5.665988ms
Round took 5.253637ms
Round took 3.350806ms
Test took 5.122681278s
Successful: 10000
