Uniform distribution
2021/04/16 21:40:47 The leader is replica 0
Round took 6.555756ms
Round took 6.461054ms
Round took 6.623362ms
Round took 7.013048ms
Round took 6.319601ms
Round took 4.046626ms
Round took 5.665883ms
Round took 5.434986ms
Round took 5.93482ms
Round took 6.515182ms
Round took 4.497795ms
Round took 3.666165ms
Round took 4.974524ms
Round took 5.167606ms
Round took 5.381715ms
Round took 5.477166ms
Round took 4.966272ms
Round took 5.42355ms
Round took 4.81164ms
Round took 5.035138ms
Round took 5.342125ms
Round took 5.028612ms
Round took 5.676823ms
Round took 5.239256ms
Round took 4.495012ms
Round took 4.337849ms
Round took 5.430888ms
Round took 4.904537ms
Round took 5.436628ms
Round took 5.587409ms
Round took 4.312491ms
Round took 6.034391ms
Round took 3.603533ms
Round took 5.386849ms
Round took 4.36656ms
Round took 4.941562ms
Round took 6.58486ms
Round took 6.719242ms
Round took 8.108684ms
Round took 6.268769ms
Round took 4.184994ms
Round took 4.054822ms
Round took 6.995179ms
Round took 5.944301ms
Round took 6.114262ms
Round took 4.528687ms
Round took 5.732476ms
Round took 4.458713ms
Round took 5.142541ms
Round took 4.075829ms
Round took 6.649698ms
Round took 5.379211ms
Round took 5.427263ms
Round took 5.16767ms
Round took 3.641764ms
Round took 3.681815ms
Round took 5.815104ms
Round took 5.770806ms
Round took 5.080153ms
Round took 5.042183ms
Round took 4.68517ms
Round took 5.663395ms
Round took 5.032819ms
Round took 4.076372ms
Round took 5.309777ms
Round took 6.317225ms
Round took 5.833374ms
Round took 5.144201ms
Round took 4.075933ms
Round took 4.918983ms
Round took 5.244241ms
Round took 5.156754ms
Round took 5.090881ms
Round took 5.02597ms
Round took 4.722629ms
Round took 5.127752ms
Round took 4.78801ms
Round took 5.041643ms
Round took 5.386372ms
Round took 4.904439ms
Round took 4.877207ms
Round took 4.789501ms
Round took 4.91458ms
Round took 6.026038ms
Round took 4.457874ms
Round took 5.201027ms
Round took 4.687478ms
Round took 5.412596ms
Round took 4.960558ms
Round took 4.813024ms
Round took 5.489191ms
Round took 4.661933ms
Round took 4.891122ms
Round took 5.041817ms
Round took 5.495766ms
Round took 5.108836ms
Round took 5.022705ms
Round took 5.381986ms
Round took 5.382547ms
Round took 4.522706ms
Round took 4.929582ms
Round took 4.788898ms
Round took 5.472039ms
Round took 4.86832ms
Round took 4.925059ms
Round took 5.850027ms
Round took 5.022043ms
Round took 4.569909ms
Round took 4.328647ms
Round took 5.198158ms
Round took 5.809162ms
Round took 5.044555ms
Round took 6.01748ms
Round took 3.645886ms
Round took 5.126376ms
Round took 5.023053ms
Round took 5.58683ms
Round took 4.898928ms
Round took 5.001754ms
Round took 4.869767ms
Round took 5.511018ms
Round took 4.990313ms
Round took 4.549472ms
Round took 5.007181ms
Round took 5.438777ms
Round took 4.84629ms
Round took 5.234425ms
Round took 4.47995ms
Round took 5.451521ms
Round took 5.32256ms
Round took 5.174909ms
Round took 5.204737ms
Round took 5.567842ms
Round took 4.301077ms
Round took 4.601947ms
Round took 5.435981ms
Round took 5.125838ms
Round took 4.740309ms
Round took 4.934995ms
Round took 6.066867ms
Round took 4.192967ms
Round took 4.878118ms
Round took 4.720475ms
Round took 5.932665ms
Round took 5.560168ms
Round took 6.748677ms
Round took 5.118264ms
Round took 5.738257ms
Round took 3.874598ms
Round took 4.108482ms
Round took 4.728438ms
Round took 4.884832ms
Round took 6.579365ms
Round took 4.733421ms
Round took 4.71032ms
Round took 3.975761ms
Round took 5.949522ms
Round took 4.910166ms
Round took 4.885086ms
Round took 4.931812ms
Round took 4.561373ms
Round took 5.261843ms
Round took 4.65396ms
Round took 5.190152ms
Round took 4.346421ms
Round took 5.430985ms
Round took 4.991093ms
Round took 5.130931ms
Round took 5.471375ms
Round took 5.116631ms
Round took 5.254271ms
Round took 4.35983ms
Round took 5.148885ms
Round took 5.571516ms
Round took 4.557026ms
Round took 5.539638ms
Round took 5.062668ms
Round took 4.282294ms
Round took 5.14398ms
Round took 5.677543ms
Round took 5.062815ms
Round took 5.042479ms
Round took 4.531584ms
Round took 5.473055ms
Round took 5.544701ms
Round took 4.319407ms
Round took 4.819445ms
Round took 5.563566ms
Round took 5.021044ms
Round took 4.807518ms
Round took 4.950337ms
Round took 5.699919ms
Round took 5.175245ms
Round took 4.88957ms
Round took 4.746186ms
Round took 5.977122ms
Round took 4.895904ms
Round took 5.607841ms
Round took 4.761501ms
Round took 5.058169ms
Round took 4.979782ms
Round took 5.334232ms
Round took 4.960155ms
Round took 4.743258ms
Round took 4.607344ms
Round took 5.675971ms
Round took 4.975221ms
Round took 4.671672ms
Round took 5.900176ms
Round took 4.542954ms
Round took 5.160325ms
Round took 4.687339ms
Round took 5.050369ms
Round took 5.453153ms
Round took 5.569096ms
Round took 4.679194ms
Round took 5.682707ms
Round took 5.088266ms
Round took 4.44186ms
Round took 4.545467ms
Round took 5.494635ms
Round took 5.381943ms
Round took 4.959989ms
Round took 4.912626ms
Round took 5.501953ms
Round took 4.981346ms
Round took 5.057752ms
Round took 5.000714ms
Round took 4.945659ms
Round took 4.504528ms
Round took 5.526945ms
Round took 4.845909ms
Round took 4.994446ms
Round took 5.00019ms
Round took 5.006684ms
Round took 6.174271ms
Round took 4.167513ms
Round took 5.752198ms
Round took 4.366611ms
Round took 5.250598ms
Round took 4.857384ms
Round took 5.008751ms
Round took 6.08757ms
Round took 4.573143ms
Round took 5.109348ms
Round took 5.95621ms
Round took 5.161494ms
Round took 4.820766ms
Round took 5.464061ms
Round took 5.393472ms
Round took 4.524067ms
Round took 5.616609ms
Round took 4.487222ms
Round took 5.187338ms
Round took 4.598681ms
Round took 5.94077ms
Round took 4.8345ms
Round took 3.956071ms
Round took 7.359121ms
Round took 5.420812ms
Round took 4.912621ms
Round took 4.766865ms
Round took 4.153046ms
Round took 4.840314ms
Round took 5.158204ms
Round took 4.709982ms
Round took 5.927404ms
Round took 4.373934ms
Round took 5.245321ms
Round took 4.510744ms
Round took 5.705387ms
Round took 4.491794ms
Round took 5.101298ms
Round took 4.84198ms
Round took 5.402461ms
Round took 5.294181ms
Round took 4.833554ms
Round took 6.781688ms
Round took 4.657969ms
Round took 4.173215ms
Round took 4.511238ms
Round took 5.721704ms
Round took 5.499415ms
Round took 4.672391ms
Round took 5.409158ms
Round took 4.870255ms
Round took 4.833615ms
Round took 4.673454ms
Round took 5.491719ms
Round took 5.786523ms
Round took 4.582218ms
Round took 5.848917ms
Round took 6.003116ms
Round took 5.121803ms
Round took 5.056532ms
Round took 5.159327ms
Round took 4.938481ms
Round took 5.151633ms
Round took 5.236292ms
Round took 4.746384ms
Round took 5.174448ms
Round took 5.307903ms
Round took 4.857772ms
Round took 5.160666ms
Round took 5.423892ms
Round took 5.004618ms
Round took 5.444269ms
Round took 5.344864ms
Round took 5.13883ms
Round took 5.074559ms
Round took 4.788691ms
Round took 5.201802ms
Round took 5.720762ms
Round took 5.174619ms
Round took 5.278294ms
Round took 5.063015ms
Round took 5.162732ms
Round took 4.594006ms
Round took 5.203068ms
Round took 4.66656ms
Round took 5.45329ms
Round took 5.318039ms
Round took 5.60884ms
Round took 4.390057ms
Round took 4.869963ms
Round took 5.242688ms
Round took 4.693998ms
Round took 5.357491ms
Round took 4.708048ms
Round took 5.228163ms
Round took 4.969863ms
Round took 5.375229ms
Round took 4.846738ms
Round took 5.496605ms
Round took 3.839661ms
Round took 4.91876ms
Round took 5.059871ms
Round took 5.756209ms
Round took 4.927019ms
Round took 5.379953ms
Round took 5.036132ms
Round took 4.805413ms
Round took 5.241944ms
Round took 5.030348ms
Round took 5.336509ms
Round took 5.119821ms
Round took 4.59738ms
Round took 5.114991ms
Round took 5.240808ms
Round took 5.110284ms
Round took 4.950149ms
Round took 5.761367ms
Round took 4.423655ms
Round took 4.764845ms
Round took 5.233733ms
Round took 5.050412ms
Round took 5.287381ms
Round took 4.454143ms
Round took 5.664183ms
Round took 5.262413ms
Round took 4.879462ms
Round took 4.600519ms
Round took 5.72451ms
Round took 4.495041ms
Round took 4.691071ms
Round took 5.274822ms
Round took 5.444321ms
Round took 4.971767ms
Round took 5.279122ms
Round took 4.631336ms
Round took 5.362192ms
Round took 5.257241ms
Round took 4.947548ms
Round took 6.016579ms
Round took 3.887979ms
Round took 5.557308ms
Round took 4.426991ms
Round took 5.165709ms
Round took 5.548899ms
Round took 4.57291ms
Round took 5.161018ms
Round took 5.11619ms
Round took 5.457504ms
Round took 4.356511ms
Round took 5.28089ms
Round took 5.306001ms
Round took 4.682844ms
Round took 5.099365ms
Round took 4.723681ms
Round took 5.326967ms
Round took 5.129727ms
Round took 4.907414ms
Round took 5.388872ms
Round took 4.90674ms
Round took 5.070447ms
Round took 4.632796ms
Round took 5.340147ms
Round took 5.417695ms
Round took 4.806204ms
Round took 6.140267ms
Round took 4.450542ms
Round took 5.110981ms
Round took 4.675044ms
Round took 5.816363ms
Round took 5.13705ms
Round took 5.022905ms
Round took 6.783974ms
Round took 5.263904ms
Round took 5.49709ms
Round took 3.717523ms
Round took 18.404571ms
Round took 4.57031ms
Round took 5.030369ms
Round took 4.933595ms
Round took 5.330689ms
Round took 5.822596ms
Round took 5.342483ms
Round took 4.901047ms
Round took 4.518711ms
Round took 5.001068ms
Round took 5.292692ms
Round took 5.756529ms
Round took 5.411101ms
Round took 4.965918ms
Round took 3.489818ms
Round took 5.741954ms
Round took 5.477278ms
Round took 5.065918ms
Round took 4.875167ms
Round took 4.865521ms
Round took 5.675769ms
Round took 4.921381ms
Round took 4.951761ms
Round took 5.547155ms
Round took 4.752774ms
Round took 5.304758ms
Round took 5.840263ms
Round took 4.334311ms
Round took 4.953948ms
Round took 4.525998ms
Round took 4.807421ms
Round took 5.513716ms
Round took 4.734434ms
Round took 5.096581ms
Round took 5.021509ms
Round took 5.118505ms
Round took 5.256305ms
Round took 4.617486ms
Round took 5.704194ms
Round took 4.708509ms
Round took 4.833449ms
Round took 5.983326ms
Round took 4.560781ms
Round took 5.135005ms
Round took 4.553551ms
Round took 6.13734ms
Round took 5.301002ms
Round took 4.244013ms
Round took 4.456699ms
Round took 5.520299ms
Round took 4.820559ms
Round took 4.934169ms
Round took 5.203896ms
Round took 5.490883ms
Round took 4.969205ms
Round took 4.448355ms
Round took 5.176838ms
Round took 5.178817ms
Round took 5.254614ms
Round took 5.135818ms
Round took 5.526077ms
Round took 4.850783ms
Round took 4.69773ms
Round took 5.208568ms
Round took 5.442837ms
Round took 4.959518ms
Round took 5.145014ms
Round took 4.68537ms
Round took 4.985064ms
Round took 5.385326ms
Round took 4.801526ms
Round took 5.477229ms
Round took 4.812958ms
Round took 4.825848ms
Round took 4.911973ms
Round took 5.401953ms
Round took 5.944069ms
Round took 4.570317ms
Round took 5.49064ms
Round took 4.933806ms
Round took 5.104671ms
Round took 4.476146ms
Round took 6.339711ms
Round took 3.39903ms
Round took 5.308009ms
Round took 4.691439ms
Round took 6.107743ms
Round took 4.277675ms
Round took 4.779004ms
Round took 5.350541ms
Round took 5.411503ms
Round took 4.848962ms
Round took 4.980141ms
Round took 5.555202ms
Round took 4.600638ms
Round took 5.294263ms
Round took 5.102628ms
Round took 5.662144ms
Round took 5.019987ms
Round took 4.384366ms
Round took 5.317423ms
Round took 5.392219ms
Round took 4.931126ms
Round took 4.697652ms
Round took 5.392965ms
Round took 4.759742ms
Round took 5.354357ms
Round took 4.283889ms
Round took 5.726455ms
Round took 4.873444ms
Round took 4.447203ms
Round took 5.174307ms
Round took 5.321144ms
Round took 4.765518ms
Round took 4.724272ms
Round took 5.178401ms
Round took 5.271038ms
Round took 4.741986ms
Round took 5.271574ms
Round took 4.928372ms
Round took 5.875725ms
Round took 4.356509ms
Round took 5.476049ms
Round took 5.317731ms
Round took 4.457162ms
Round took 4.742445ms
Round took 4.916585ms
Round took 5.71853ms
Round took 4.665725ms
Round took 5.08981ms
Round took 4.964062ms
Round took 5.71736ms
Round took 5.133927ms
Round took 4.873993ms
Round took 5.724754ms
Round took 4.422852ms
Round took 4.984291ms
Round took 5.84918ms
Round took 4.271125ms
Round took 5.039062ms
Round took 4.444213ms
Round took 5.289442ms
Round took 4.843786ms
Round took 5.404655ms
Round took 4.570139ms
Round took 5.595808ms
Round took 4.73415ms
Round took 5.344941ms
Round took 4.812119ms
Round took 6.017896ms
Round took 4.704863ms
Round took 4.673268ms
Round took 5.982637ms
Round took 4.672985ms
Round took 4.358628ms
Round took 5.374686ms
Round took 5.077194ms
Round took 4.855938ms
Round took 5.284508ms
Round took 4.699714ms
Round took 5.737124ms
Round took 5.085211ms
Round took 5.085714ms
Round took 5.671628ms
Round took 4.392704ms
Round took 5.169669ms
Round took 4.541398ms
Round took 5.075776ms
Round took 5.249967ms
Round took 4.691317ms
Round took 5.066201ms
Round took 5.930872ms
Round took 4.529573ms
Round took 4.921349ms
Round took 5.052209ms
Round took 5.617666ms
Round took 4.710293ms
Round took 4.975596ms
Round took 5.343852ms
Round took 4.986791ms
Round took 5.215926ms
Round took 4.472333ms
Round took 5.385639ms
Round took 5.249419ms
Round took 4.425185ms
Round took 5.269744ms
Round took 5.51127ms
Round took 4.612997ms
Round took 5.207629ms
Round took 5.687292ms
Round took 4.257263ms
Round took 5.30398ms
Round took 4.622235ms
Round took 6.279257ms
Round took 3.809447ms
Round took 5.22292ms
Round took 5.197223ms
Round took 5.229782ms
Round took 5.189575ms
Round took 4.812213ms
Round took 4.985715ms
Round took 5.182458ms
Round took 4.933069ms
Round took 5.338829ms
Round took 5.396419ms
Round took 5.584262ms
Round took 4.213939ms
Round took 5.035916ms
Round took 5.779377ms
Round took 4.442437ms
Round took 5.483495ms
Round took 5.007788ms
Round took 5.428302ms
Round took 4.9929ms
Round took 4.919311ms
Round took 5.890402ms
Round took 4.067763ms
Round took 5.208197ms
Round took 5.127913ms
Round took 5.383769ms
Round took 4.626116ms
Round took 5.25117ms
Round took 5.315126ms
Round took 4.7999ms
Round took 4.932272ms
Round took 5.425443ms
Round took 4.886088ms
Round took 4.999766ms
Round took 5.271971ms
Round took 5.516156ms
Round took 4.818034ms
Round took 4.596513ms
Round took 4.281103ms
Round took 4.967003ms
Round took 5.091435ms
Round took 5.17964ms
Round took 4.866744ms
Round took 5.708043ms
Round took 4.641672ms
Round took 4.895724ms
Round took 4.925996ms
Round took 5.960803ms
Round took 4.547873ms
Round took 4.773025ms
Round took 5.000151ms
Round took 5.296383ms
Round took 4.735287ms
Round took 5.031315ms
Round took 6.200655ms
Round took 4.19271ms
Round took 5.015489ms
Round took 4.882066ms
Round took 5.036336ms
Round took 5.216371ms
Round took 4.833529ms
Round took 5.273916ms
Round took 5.29324ms
Round took 4.759336ms
Round took 5.064379ms
Round took 5.370376ms
Round took 4.845567ms
Round took 5.000372ms
Round took 4.964663ms
Round took 5.745027ms
Round took 4.507538ms
Round took 5.181451ms
Round took 4.809903ms
Round took 6.577213ms
Round took 4.852265ms
Round took 4.39423ms
Round took 5.89481ms
Round took 4.844013ms
Round took 4.293459ms
Round took 4.944013ms
Round took 5.543708ms
Round took 4.719239ms
Round took 5.33345ms
Round took 4.775155ms
Round took 5.451692ms
Round took 4.928566ms
Round took 5.106659ms
Round took 6.039362ms
Round took 4.049502ms
Round took 5.106773ms
Round took 4.963402ms
Round took 4.806055ms
Round took 5.901081ms
Round took 4.904096ms
Round took 5.540383ms
Round took 5.552183ms
Round took 4.254556ms
Round took 4.836879ms
Round took 5.650579ms
Round took 5.374178ms
Round took 4.529661ms
Round took 5.775859ms
Round took 5.599904ms
Round took 4.950836ms
Round took 5.738168ms
Round took 4.658087ms
Round took 4.091707ms
Round took 4.904304ms
Round took 4.311278ms
Round took 5.912753ms
Round took 4.904688ms
Round took 5.1057ms
Round took 5.642513ms
Round took 4.99911ms
Round took 5.096488ms
Round took 4.607516ms
Round took 5.678309ms
Round took 4.463235ms
Round took 4.765703ms
Round took 4.790726ms
Round took 5.680018ms
Round took 5.150947ms
Round took 4.453809ms
Round took 4.92817ms
Round took 5.53668ms
Round took 4.917623ms
Round took 4.743146ms
Round took 5.056756ms
Round took 5.854027ms
Round took 4.306269ms
Round took 5.515173ms
Round took 4.589345ms
Round took 5.603863ms
Round took 4.719362ms
Round took 4.969416ms
Round took 5.281236ms
Round took 4.823776ms
Round took 5.01041ms
Round took 5.824088ms
Round took 4.934291ms
Round took 4.794191ms
Round took 4.621382ms
Round took 5.035104ms
Round took 6.051959ms
Round took 3.811587ms
Round took 5.035229ms
Round took 5.941633ms
Round took 4.301103ms
Round took 5.087892ms
Round took 4.917137ms
Round took 6.123148ms
Round took 5.484151ms
Round took 4.739605ms
Round took 4.978109ms
Round took 4.141943ms
Round took 4.933288ms
Round took 4.28618ms
Round took 5.250283ms
Round took 5.888637ms
Round took 4.749184ms
Round took 4.757677ms
Round took 4.67846ms
Round took 5.483543ms
Round took 4.762998ms
Round took 4.977117ms
Round took 5.617852ms
Round took 4.647128ms
Round took 5.354788ms
Round took 4.457773ms
Round took 5.7335ms
Round took 4.873131ms
Round took 5.299284ms
Round took 4.839136ms
Round took 4.995841ms
Round took 5.289068ms
Round took 4.976725ms
Round took 5.981608ms
Round took 4.462492ms
Round took 5.215315ms
Round took 5.707254ms
Round took 4.540272ms
Round took 5.339792ms
Round took 4.33663ms
Round took 6.115781ms
Round took 4.457354ms
Round took 4.565793ms
Round took 4.933118ms
Round took 5.871689ms
Round took 5.189047ms
Round took 4.466066ms
Round took 5.117126ms
Round took 5.220518ms
Round took 5.026321ms
Round took 5.13077ms
Round took 5.531807ms
Round took 4.459339ms
Round took 5.051484ms
Round took 4.708099ms
Round took 5.985439ms
Round took 5.263596ms
Round took 4.75531ms
Round took 4.745573ms
Round took 5.489528ms
Round took 4.555726ms
Round took 5.60207ms
Round took 5.348626ms
Round took 4.28248ms
Round took 5.029443ms
Round took 4.943571ms
Round took 5.380137ms
Round took 4.968589ms
Round took 4.425494ms
Round took 4.989779ms
Round took 5.3315ms
Round took 5.055237ms
Round took 4.916287ms
Round took 5.433792ms
Round took 4.85662ms
Round took 5.61223ms
Round took 4.379576ms
Round took 6.054395ms
Round took 4.923334ms
Round took 5.024904ms
Round took 4.729016ms
Round took 5.782902ms
Round took 4.114089ms
Round took 5.290524ms
Round took 4.7278ms
Round took 5.069758ms
Round took 5.97559ms
Round took 4.699935ms
Round took 5.929182ms
Round took 4.035067ms
Round took 4.906105ms
Round took 4.917958ms
Round took 5.584739ms
Round took 5.132155ms
Round took 4.462628ms
Round took 5.109691ms
Round took 5.121111ms
Round took 4.99267ms
Round took 4.772855ms
Round took 5.185182ms
Round took 5.049155ms
Round took 4.893677ms
Round took 5.274235ms
Round took 5.085729ms
Round took 4.989539ms
Round took 4.758779ms
Round took 4.99294ms
Round took 5.432063ms
Round took 4.989585ms
Round took 4.748488ms
Round took 4.878728ms
Round took 6.257283ms
Round took 4.60649ms
Round took 4.986814ms
Round took 5.71616ms
Round took 5.357244ms
Round took 4.562593ms
Round took 4.984866ms
Round took 5.271511ms
Round took 5.056909ms
Round took 4.936791ms
Round took 6.244469ms
Round took 6.151059ms
Round took 4.390229ms
Round took 5.282119ms
Round took 3.430938ms
Round took 5.07682ms
Round took 4.716178ms
Round took 5.807269ms
Round took 4.886921ms
Round took 5.753845ms
Round took 4.088608ms
Round took 6.514891ms
Round took 4.416362ms
Round took 4.911009ms
Round took 5.579877ms
Round took 4.571273ms
Round took 4.865785ms
Round took 5.140399ms
Round took 5.412566ms
Round took 4.689891ms
Round took 5.040496ms
Round took 5.047263ms
Round took 5.606169ms
Round took 4.362309ms
Round took 4.871989ms
Round took 5.549077ms
Round took 5.019041ms
Round took 4.874819ms
Round took 5.056089ms
Round took 5.299533ms
Round took 6.170746ms
Round took 5.405416ms
Round took 4.966522ms
Round took 5.201548ms
Round took 4.845677ms
Round took 3.808135ms
Round took 5.268392ms
Round took 5.219646ms
Round took 5.419706ms
Round took 4.5792ms
Round took 7.202541ms
Round took 6.106714ms
Round took 4.46238ms
Round took 4.68044ms
Round took 4.74012ms
Round took 4.5808ms
Round took 3.581014ms
Round took 5.758879ms
Round took 5.040254ms
Round took 4.468429ms
Round took 5.007669ms
Round took 6.202214ms
Round took 3.962086ms
Round took 5.848306ms
Round took 6.141424ms
Round took 4.125041ms
Round took 5.063234ms
Round took 4.636521ms
Round took 5.208578ms
Round took 5.351477ms
Round took 4.296947ms
Round took 5.060405ms
Round took 5.280452ms
Round took 4.491658ms
Round took 5.271185ms
Round took 5.208742ms
Round took 5.753906ms
Round took 4.237807ms
Round took 5.362505ms
Round took 4.723184ms
Round took 5.199463ms
Round took 5.171558ms
Round took 4.731011ms
Round took 6.167852ms
Round took 4.57767ms
Round took 4.440558ms
Round took 4.473511ms
Round took 5.984274ms
Round took 4.308825ms
Round took 5.332965ms
Round took 4.956787ms
Round took 5.335751ms
Round took 5.141473ms
Round took 4.697145ms
Round took 5.384294ms
Round took 5.101752ms
Round took 5.10788ms
Round took 5.064616ms
Round took 5.152575ms
Round took 4.808187ms
Round took 5.037187ms
Round took 5.25165ms
Round took 5.522905ms
Round took 4.846419ms
Round took 4.701871ms
Round took 4.352054ms
Round took 6.248112ms
Round took 4.912635ms
Round took 6.075067ms
Round took 5.537071ms
Round took 4.173216ms
Round took 4.46836ms
Round took 4.754449ms
Round took 5.700053ms
Round took 4.741498ms
Round took 5.207097ms
Round took 6.505046ms
Round took 4.416491ms
Round took 5.090249ms
Round took 5.012511ms
Round took 4.944501ms
Round took 5.15783ms
Round took 4.831619ms
Round took 5.592575ms
Round took 4.716858ms
Round took 5.265818ms
Round took 4.82777ms
Round took 4.974677ms
Round took 5.164349ms
Round took 5.147135ms
Round took 5.77437ms
Round took 4.471728ms
Round took 5.017453ms
Round took 5.057646ms
Round took 5.023752ms
Round took 4.906882ms
Round took 5.331656ms
Round took 4.689907ms
Round took 5.202673ms
Round took 5.140727ms
Round took 5.025249ms
Round took 5.446816ms
Test took 5.123660649s
Successful: 10000
