Uniform distribution
2021/04/16 21:40:47 The leader is replica 0
Round took 6.880686ms
Round took 9.85918ms
Round took 4.172626ms
Round took 3.998474ms
Round took 5.663232ms
Round took 5.058696ms
Round took 4.813145ms
Round took 6.270281ms
Round took 4.530901ms
Round took 3.722278ms
Round took 5.008142ms
Round took 5.16231ms
Round took 5.350516ms
Round took 5.564226ms
Round took 5.049014ms
Round took 5.353912ms
Round took 4.83331ms
Round took 4.979629ms
Round took 5.322739ms
Round took 4.996083ms
Round took 5.627977ms
Round took 4.733236ms
Round took 4.985786ms
Round took 4.3908ms
Round took 5.355857ms
Round took 4.940045ms
Round took 5.404935ms
Round took 5.521671ms
Round took 4.318021ms
Round took 6.099187ms
Round took 3.622436ms
Round took 5.298461ms
Round took 4.462712ms
Round took 4.920404ms
Round took 6.434704ms
Round took 6.787907ms
Round took 8.443885ms
Round took 6.519346ms
Round took 4.08043ms
Round took 4.089942ms
Round took 7.002159ms
Round took 6.241787ms
Round took 6.047758ms
Round took 4.504792ms
Round took 5.753505ms
Round took 4.539703ms
Round took 5.089244ms
Round took 4.571903ms
Round took 7.48499ms
Round took 4.574957ms
Round took 5.729898ms
Round took 4.800562ms
Round took 3.604561ms
Round took 3.830613ms
Round took 5.785842ms
Round took 5.737775ms
Round took 4.850519ms
Round took 5.011389ms
Round took 4.67215ms
Round took 5.485876ms
Round took 5.174789ms
Round took 4.016254ms
Round took 5.826668ms
Round took 6.630307ms
Round took 5.574353ms
Round took 4.785881ms
Round took 4.156073ms
Round took 4.982312ms
Round took 5.702162ms
Round took 4.689193ms
Round took 5.236507ms
Round took 5.103276ms
Round took 5.098444ms
Round took 4.671358ms
Round took 4.648844ms
Round took 4.988771ms
Round took 6.15456ms
Round took 4.193567ms
Round took 4.804472ms
Round took 5.001063ms
Round took 5.335675ms
Round took 5.721504ms
Round took 4.172728ms
Round took 5.164823ms
Round took 5.142224ms
Round took 4.904611ms
Round took 5.135314ms
Round took 4.913764ms
Round took 5.674443ms
Round took 4.508505ms
Round took 5.026634ms
Round took 5.914819ms
Round took 4.515215ms
Round took 5.251548ms
Round took 5.026371ms
Round took 5.372128ms
Round took 5.445108ms
Round took 4.609522ms
Round took 5.67314ms
Round took 3.978446ms
Round took 4.972744ms
Round took 4.923471ms
Round took 5.445416ms
Round took 5.534596ms
Round took 5.151054ms
Round took 4.503014ms
Round took 4.164606ms
Round took 5.190347ms
Round took 5.565418ms
Round took 5.020614ms
Round took 6.033349ms
Round took 3.718468ms
Round took 5.023852ms
Round took 5.025881ms
Round took 5.589293ms
Round took 4.748965ms
Round took 5.10292ms
Round took 4.88014ms
Round took 5.399952ms
Round took 5.031419ms
Round took 4.541115ms
Round took 5.237025ms
Round took 5.301283ms
Round took 5.041042ms
Round took 5.277756ms
Round took 4.65707ms
Round took 5.477706ms
Round took 5.502993ms
Round took 5.389244ms
Round took 4.973477ms
Round took 5.616405ms
Round took 4.801394ms
Round took 4.054678ms
Round took 5.380365ms
Round took 5.155234ms
Round took 4.708212ms
Round took 5.311092ms
Round took 5.663507ms
Round took 4.239093ms
Round took 5.895892ms
Round took 3.867803ms
Round took 6.156351ms
Round took 6.443473ms
Round took 5.928021ms
Round took 5.103579ms
Round took 5.223218ms
Round took 3.825552ms
Round took 3.484537ms
Round took 4.922672ms
Round took 4.896882ms
Round took 6.584693ms
Round took 4.871468ms
Round took 4.728313ms
Round took 3.851278ms
Round took 5.93927ms
Round took 4.928284ms
Round took 4.899935ms
Round took 4.934215ms
Round took 5.633731ms
Round took 4.515345ms
Round took 4.562414ms
Round took 5.829676ms
Round took 4.434773ms
Round took 5.00332ms
Round took 5.062198ms
Round took 5.867538ms
Round took 4.809681ms
Round took 5.102835ms
Round took 5.717481ms
Round took 4.687159ms
Round took 4.383506ms
Round took 5.599935ms
Round took 5.167485ms
Round took 5.050658ms
Round took 5.007284ms
Round took 4.528635ms
Round took 5.561282ms
Round took 5.043444ms
Round took 5.077737ms
Round took 5.413206ms
Round took 4.071583ms
Round took 5.42241ms
Round took 5.543789ms
Round took 5.329261ms
Round took 4.04786ms
Round took 4.873676ms
Round took 5.329469ms
Round took 5.416813ms
Round took 5.302579ms
Round took 5.031526ms
Round took 6.564368ms
Round took 5.301858ms
Round took 6.075069ms
Round took 4.770276ms
Round took 5.00833ms
Round took 5.38474ms
Round took 5.053313ms
Round took 4.492313ms
Round took 5.349575ms
Round took 5.222046ms
Round took 4.913967ms
Round took 4.765471ms
Round took 5.521359ms
Round took 5.148672ms
Round took 4.641024ms
Round took 5.558233ms
Round took 4.522501ms
Round took 5.551792ms
Round took 4.717729ms
Round took 4.949761ms
Round took 5.771683ms
Round took 5.473774ms
Round took 4.748597ms
Round took 5.787101ms
Round took 5.000106ms
Round took 4.310077ms
Round took 4.612788ms
Round took 5.650885ms
Round took 4.924116ms
Round took 4.655555ms
Round took 4.666888ms
Round took 5.734642ms
Round took 4.963934ms
Round took 4.886542ms
Round took 5.052046ms
Round took 5.542714ms
Round took 4.369811ms
Round took 5.39344ms
Round took 5.080863ms
Round took 5.146924ms
Round took 4.973083ms
Round took 4.862099ms
Round took 6.308032ms
Round took 4.044021ms
Round took 5.16377ms
Round took 4.940807ms
Round took 5.567163ms
Round took 4.874546ms
Round took 4.814464ms
Round took 5.907851ms
Round took 4.627977ms
Round took 5.117062ms
Round took 4.866206ms
Round took 5.347001ms
Round took 4.900805ms
Round took 5.11136ms
Round took 5.715879ms
Round took 4.419456ms
Round took 5.239702ms
Round took 5.05591ms
Round took 5.308319ms
Round took 4.531842ms
Round took 5.360433ms
Round took 4.869756ms
Round took 5.063826ms
Round took 6.173028ms
Round took 6.335128ms
Round took 4.868042ms
Round took 3.854149ms
Round took 4.125967ms
Round took 4.884434ms
Round took 5.678946ms
Round took 4.690623ms
Round took 4.752727ms
Round took 5.058026ms
Round took 5.770112ms
Round took 4.547067ms
Round took 4.963993ms
Round took 5.336183ms
Round took 5.088098ms
Round took 4.896424ms
Round took 5.315894ms
Round took 5.312811ms
Round took 4.820664ms
Round took 5.753422ms
Round took 5.674888ms
Round took 4.135313ms
Round took 4.623243ms
Round took 5.077137ms
Round took 5.766389ms
Round took 4.741786ms
Round took 4.993474ms
Round took 5.107191ms
Round took 5.140455ms
Round took 4.689681ms
Round took 5.289947ms
Round took 5.634218ms
Round took 4.680097ms
Round took 5.328371ms
Round took 4.598998ms
Round took 5.285788ms
Round took 4.86451ms
Round took 5.161065ms
Round took 6.055029ms
Round took 4.928105ms
Round took 5.253241ms
Round took 5.895939ms
Round took 4.24464ms
Round took 5.032068ms
Round took 4.954662ms
Round took 4.669593ms
Round took 5.383437ms
Round took 5.245774ms
Round took 4.871276ms
Round took 5.72302ms
Round took 4.783581ms
Round took 5.199023ms
Round took 5.698564ms
Round took 4.36719ms
Round took 4.736734ms
Round took 5.965658ms
Round took 5.513682ms
Round took 4.884818ms
Round took 4.854301ms
Round took 5.655249ms
Round took 4.04717ms
Round took 4.783148ms
Round took 4.361839ms
Round took 5.5074ms
Round took 5.268945ms
Round took 5.64927ms
Round took 4.382931ms
Round took 5.841707ms
Round took 4.7125ms
Round took 4.392115ms
Round took 5.518631ms
Round took 5.056901ms
Round took 4.5286ms
Round took 5.050023ms
Round took 5.392233ms
Round took 4.901164ms
Round took 5.431026ms
Round took 4.50591ms
Round took 4.817469ms
Round took 5.26118ms
Round took 5.435061ms
Round took 5.068025ms
Round took 5.365706ms
Round took 4.830507ms
Round took 4.79348ms
Round took 5.180095ms
Round took 5.252989ms
Round took 4.77044ms
Round took 4.832305ms
Round took 4.57192ms
Round took 5.705209ms
Round took 4.639617ms
Round took 5.163866ms
Round took 4.945517ms
Round took 5.801536ms
Round took 4.496911ms
Round took 5.06733ms
Round took 5.682778ms
Round took 4.665283ms
Round took 5.260566ms
Round took 4.315373ms
Round took 5.852901ms
Round took 5.047259ms
Round took 5.002629ms
Round took 4.662801ms
Round took 5.579939ms
Round took 4.760933ms
Round took 4.360558ms
Round took 6.004899ms
Round took 4.762601ms
Round took 4.988718ms
Round took 5.28463ms
Round took 5.110219ms
Round took 4.981787ms
Round took 5.202676ms
Round took 5.514562ms
Round took 5.726616ms
Round took 3.638703ms
Round took 5.781327ms
Round took 4.57533ms
Round took 4.956184ms
Round took 5.584204ms
Round took 4.637763ms
Round took 5.669765ms
Round took 4.72179ms
Round took 5.506339ms
Round took 4.206556ms
Round took 5.523193ms
Round took 5.061792ms
Round took 4.940975ms
Round took 5.907672ms
Round took 4.404027ms
Round took 4.847267ms
Round took 5.050176ms
Round took 5.321839ms
Round took 5.204286ms
Round took 4.839301ms
Round took 5.829062ms
Round took 3.979168ms
Round took 5.231058ms
Round took 5.413365ms
Round took 6.173315ms
Round took 4.42074ms
Round took 4.560112ms
Round took 5.848968ms
Round took 4.4062ms
Round took 5.30156ms
Round took 5.277137ms
Round took 4.937261ms
Round took 7.297122ms
Round took 5.29668ms
Round took 4.825045ms
Round took 3.525704ms
Round took 18.408058ms
Round took 5.159856ms
Round took 4.575811ms
Round took 4.808736ms
Round took 5.893888ms
Round took 5.991987ms
Round took 4.763139ms
Round took 5.594131ms
Round took 3.92638ms
Round took 4.778831ms
Round took 6.130234ms
Round took 5.59376ms
Round took 5.485719ms
Round took 4.215184ms
Round took 3.468911ms
Round took 6.217847ms
Round took 4.988087ms
Round took 5.225562ms
Round took 5.760231ms
Round took 5.143419ms
Round took 5.093419ms
Round took 5.218056ms
Round took 4.913895ms
Round took 4.063624ms
Round took 4.465218ms
Round took 5.272033ms
Round took 5.558505ms
Round took 4.263589ms
Round took 4.960476ms
Round took 4.561573ms
Round took 4.819162ms
Round took 5.54252ms
Round took 4.91322ms
Round took 5.07219ms
Round took 5.493341ms
Round took 5.139805ms
Round took 5.241262ms
Round took 4.499958ms
Round took 5.740536ms
Round took 4.694264ms
Round took 4.762815ms
Round took 5.999251ms
Round took 4.577435ms
Round took 4.788133ms
Round took 4.574753ms
Round took 6.203787ms
Round took 5.294735ms
Round took 4.302125ms
Round took 4.497938ms
Round took 5.435041ms
Round took 5.036132ms
Round took 4.898902ms
Round took 5.256902ms
Round took 5.458108ms
Round took 5.066664ms
Round took 4.341411ms
Round took 5.364602ms
Round took 4.973815ms
Round took 5.208638ms
Round took 5.160091ms
Round took 5.564684ms
Round took 4.846169ms
Round took 4.609575ms
Round took 5.289931ms
Round took 5.459996ms
Round took 4.943636ms
Round took 5.169562ms
Round took 5.585066ms
Round took 4.95591ms
Round took 5.525252ms
Round took 5.056087ms
Round took 5.195233ms
Round took 4.981671ms
Round took 5.87154ms
Round took 4.108516ms
Round took 5.083406ms
Round took 6.162128ms
Round took 4.583347ms
Round took 5.190904ms
Round took 4.869654ms
Round took 5.566209ms
Round took 4.484196ms
Round took 5.719081ms
Round took 3.87873ms
Round took 5.885528ms
Round took 4.511097ms
Round took 5.673694ms
Round took 4.25919ms
Round took 5.457323ms
Round took 4.978554ms
Round took 5.154621ms
Round took 4.745705ms
Round took 5.705048ms
Round took 4.846616ms
Round took 4.600273ms
Round took 5.97626ms
Round took 4.440417ms
Round took 5.0581ms
Round took 5.01594ms
Round took 4.403667ms
Round took 5.249744ms
Round took 5.423145ms
Round took 5.206926ms
Round took 5.297434ms
Round took 4.859914ms
Round took 4.776594ms
Round took 5.955671ms
Round took 4.053243ms
Round took 5.460715ms
Round took 4.933618ms
Round took 4.996661ms
Round took 5.781644ms
Round took 3.821485ms
Round took 4.945162ms
Round took 4.494724ms
Round took 5.456469ms
Round took 5.041377ms
Round took 4.71949ms
Round took 5.829569ms
Round took 4.354936ms
Round took 5.941666ms
Round took 4.879002ms
Round took 5.999956ms
Round took 5.089517ms
Round took 4.468466ms
Round took 5.066443ms
Round took 4.592735ms
Round took 4.825772ms
Round took 5.036334ms
Round took 5.589561ms
Round took 5.402091ms
Round took 4.959029ms
Round took 5.855153ms
Round took 4.358913ms
Round took 5.431614ms
Round took 4.708851ms
Round took 5.461656ms
Round took 5.365378ms
Round took 4.184425ms
Round took 5.133556ms
Round took 5.482583ms
Round took 5.202809ms
Round took 4.682062ms
Round took 6.144571ms
Round took 4.027309ms
Round took 5.001999ms
Round took 4.784445ms
Round took 6.532076ms
Round took 3.628911ms
Round took 6.076651ms
Round took 5.881099ms
Round took 6.200361ms
Round took 5.125693ms
Round took 4.751706ms
Round took 5.39665ms
Round took 4.822674ms
Round took 5.114441ms
Round took 5.323572ms
Round took 4.73495ms
Round took 5.744117ms
Round took 5.06378ms
Round took 5.114704ms
Round took 4.930972ms
Round took 5.147268ms
Round took 5.151556ms
Round took 4.565576ms
Round took 5.133784ms
Round took 5.263201ms
Round took 4.740747ms
Round took 5.201682ms
Round took 6.068949ms
Round took 4.477514ms
Round took 4.931146ms
Round took 5.016038ms
Round took 5.634069ms
Round took 4.685608ms
Round took 4.994083ms
Round took 5.336203ms
Round took 4.926217ms
Round took 5.137071ms
Round took 4.639318ms
Round took 5.411481ms
Round took 5.263834ms
Round took 4.376978ms
Round took 5.337649ms
Round took 5.517644ms
Round took 4.600202ms
Round took 5.247192ms
Round took 5.7165ms
Round took 4.25415ms
Round took 5.274909ms
Round took 4.66179ms
Round took 6.305854ms
Round took 3.788875ms
Round took 5.186432ms
Round took 5.910791ms
Round took 4.76766ms
Round took 5.165815ms
Round took 4.757958ms
Round took 5.306352ms
Round took 4.834871ms
Round took 4.945265ms
Round took 5.33767ms
Round took 5.323935ms
Round took 5.531806ms
Round took 4.168692ms
Round took 5.241504ms
Round took 5.564581ms
Round took 4.55644ms
Round took 5.439321ms
Round took 4.765216ms
Round took 5.36587ms
Round took 5.081499ms
Round took 4.957095ms
Round took 5.994619ms
Round took 4.138708ms
Round took 5.234722ms
Round took 5.020882ms
Round took 5.421557ms
Round took 4.708828ms
Round took 6.018233ms
Round took 4.48343ms
Round took 4.621757ms
Round took 4.938606ms
Round took 5.617746ms
Round took 4.717743ms
Round took 4.994818ms
Round took 5.300831ms
Round took 5.430314ms
Round took 5.122795ms
Round took 4.542994ms
Round took 4.877208ms
Round took 5.204826ms
Round took 4.815012ms
Round took 4.765767ms
Round took 4.919595ms
Round took 5.694179ms
Round took 4.629848ms
Round took 5.019783ms
Round took 4.946016ms
Round took 6.125398ms
Round took 4.562745ms
Round took 4.845302ms
Round took 6.205012ms
Round took 5.064456ms
Round took 4.637142ms
Round took 5.599116ms
Round took 5.913473ms
Round took 4.113684ms
Round took 5.236269ms
Round took 4.510387ms
Round took 4.842153ms
Round took 4.572792ms
Round took 4.900258ms
Round took 6.001669ms
Round took 4.645935ms
Round took 4.719157ms
Round took 5.058056ms
Round took 5.352423ms
Round took 4.686222ms
Round took 5.064855ms
Round took 5.007517ms
Round took 5.908698ms
Round took 3.795815ms
Round took 5.184299ms
Round took 4.743836ms
Round took 6.601221ms
Round took 5.151818ms
Round took 4.283698ms
Round took 5.792823ms
Round took 4.922263ms
Round took 4.580394ms
Round took 4.987755ms
Round took 5.578608ms
Round took 4.36664ms
Round took 5.364084ms
Round took 5.07052ms
Round took 5.404727ms
Round took 4.948857ms
Round took 5.422835ms
Round took 5.873185ms
Round took 3.996875ms
Round took 5.161178ms
Round took 5.093002ms
Round took 4.480726ms
Round took 5.637726ms
Round took 5.017043ms
Round took 5.676196ms
Round took 5.512138ms
Round took 4.301727ms
Round took 4.698873ms
Round took 5.665308ms
Round took 4.807771ms
Round took 4.842767ms
Round took 5.909399ms
Round took 5.714596ms
Round took 4.611692ms
Round took 5.78852ms
Round took 4.765493ms
Round took 4.284372ms
Round took 4.757136ms
Round took 4.320252ms
Round took 5.293783ms
Round took 4.919525ms
Round took 5.106709ms
Round took 5.722681ms
Round took 5.047016ms
Round took 5.073167ms
Round took 4.623815ms
Round took 5.691324ms
Round took 4.545566ms
Round took 4.834484ms
Round took 5.100826ms
Round took 5.596737ms
Round took 4.796322ms
Round took 4.418583ms
Round took 4.918156ms
Round took 5.558204ms
Round took 4.795975ms
Round took 4.756814ms
Round took 5.080151ms
Round took 5.868825ms
Round took 4.324183ms
Round took 5.481846ms
Round took 5.237893ms
Round took 5.314584ms
Round took 4.718863ms
Round took 5.255995ms
Round took 4.928855ms
Round took 4.54874ms
Round took 5.039816ms
Round took 5.709895ms
Round took 4.967547ms
Round took 4.823776ms
Round took 4.648605ms
Round took 5.092343ms
Round took 6.001166ms
Round took 4.108158ms
Round took 4.99961ms
Round took 5.980649ms
Round took 4.146144ms
Round took 5.03915ms
Round took 4.919474ms
Round took 6.29412ms
Round took 5.360989ms
Round took 4.941629ms
Round took 4.807766ms
Round took 4.435276ms
Round took 4.752617ms
Round took 4.333108ms
Round took 5.259296ms
Round took 5.940737ms
Round took 4.76375ms
Round took 4.7589ms
Round took 4.583588ms
Round took 5.530526ms
Round took 4.783685ms
Round took 5.079706ms
Round took 5.600558ms
Round took 4.629611ms
Round took 5.352444ms
Round took 4.46126ms
Round took 5.770982ms
Round took 4.929754ms
Round took 5.325543ms
Round took 5.341561ms
Round took 4.459147ms
Round took 5.278433ms
Round took 5.616861ms
Round took 5.315471ms
Round took 4.443761ms
Round took 5.308316ms
Round took 5.621232ms
Round took 4.582716ms
Round took 5.369889ms
Round took 4.287606ms
Round took 6.117446ms
Round took 4.414354ms
Round took 4.887794ms
Round took 4.895064ms
Round took 5.509269ms
Round took 5.223637ms
Round took 4.393723ms
Round took 5.38429ms
Round took 4.836471ms
Round took 5.001636ms
Round took 5.125355ms
Round took 5.571329ms
Round took 4.264278ms
Round took 5.097231ms
Round took 4.769185ms
Round took 5.971595ms
Round took 5.215166ms
Round took 4.817222ms
Round took 4.732928ms
Round took 5.484487ms
Round took 4.560798ms
Round took 5.548266ms
Round took 5.34074ms
Round took 4.225735ms
Round took 5.073897ms
Round took 4.941381ms
Round took 5.271114ms
Round took 5.113186ms
Round took 4.433176ms
Round took 5.018057ms
Round took 5.338508ms
Round took 5.096989ms
Round took 4.947213ms
Round took 5.600248ms
Round took 4.625697ms
Round took 5.568052ms
Round took 4.279139ms
Round took 6.072826ms
Round took 4.940996ms
Round took 5.086869ms
Round took 4.781098ms
Round took 5.792837ms
Round took 4.119498ms
Round took 5.2654ms
Round took 5.271417ms
Round took 4.881975ms
Round took 5.953706ms
Round took 4.617329ms
Round took 5.986123ms
Round took 4.092455ms
Round took 5.369923ms
Round took 5.2509ms
Round took 5.391598ms
Round took 5.399766ms
Round took 4.64344ms
Round took 5.40525ms
Round took 3.826673ms
Round took 5.034685ms
Round took 4.705964ms
Round took 5.244766ms
Round took 5.161861ms
Round took 4.929167ms
Round took 5.744172ms
Round took 4.639063ms
Round took 4.923081ms
Round took 4.438541ms
Round took 4.907921ms
Round took 5.453109ms
Round took 5.022862ms
Round took 4.839784ms
Round took 4.875204ms
Round took 5.755214ms
Round took 4.262909ms
Round took 5.014914ms
Round took 5.711047ms
Round took 5.402773ms
Round took 4.570499ms
Round took 4.994082ms
Round took 5.303131ms
Round took 5.169227ms
Round took 4.930741ms
Round took 6.213028ms
Round took 6.157038ms
Round took 4.357819ms
Round took 5.625899ms
Round took 3.516178ms
Round took 5.154115ms
Round took 4.834057ms
Round took 5.938668ms
Round took 4.780158ms
Round took 5.65115ms
Round took 3.911542ms
Round took 6.624658ms
Round took 4.455253ms
Round took 4.911449ms
Round took 5.565117ms
Round took 4.549111ms
Round took 4.956751ms
Round took 5.09728ms
Round took 5.41039ms
Round took 4.750983ms
Round took 5.147607ms
Round took 5.933019ms
Round took 4.607594ms
Round took 4.588163ms
Round took 4.77128ms
Round took 5.652043ms
Round took 4.896989ms
Round took 4.946773ms
Round took 5.185571ms
Round took 6.308691ms
Round took 5.21318ms
Round took 5.3075ms
Round took 5.055382ms
Round took 5.24808ms
Round took 4.62826ms
Round took 3.771765ms
Round took 5.893788ms
Round took 3.966403ms
Round took 5.729728ms
Round took 4.851928ms
Round took 7.25406ms
Round took 5.471242ms
Round took 4.163258ms
Round took 4.747387ms
Round took 4.730567ms
Round took 4.500322ms
Round took 3.566044ms
Round took 5.804707ms
Round took 5.084684ms
Round took 4.332215ms
Round took 5.128565ms
Round took 6.154864ms
Round took 3.608823ms
Round took 5.809092ms
Round took 6.138444ms
Round took 4.099076ms
Round took 5.133371ms
Round took 4.641855ms
Round took 5.236282ms
Round took 5.562591ms
Round took 4.175261ms
Round took 5.039598ms
Round took 5.232104ms
Round took 4.49231ms
Round took 5.214295ms
Round took 5.281106ms
Round took 5.756334ms
Round took 4.212852ms
Round took 5.410039ms
Round took 4.708934ms
Round took 5.220576ms
Round took 5.102725ms
Round took 4.740233ms
Round took 6.262045ms
Round took 4.539013ms
Round took 4.391103ms
Round took 4.480374ms
Round took 6.008043ms
Round took 4.301069ms
Round took 5.371688ms
Round took 4.950682ms
Round took 5.40414ms
Round took 5.131225ms
Round took 4.718173ms
Round took 6.648243ms
Round took 4.507116ms
Round took 5.405998ms
Round took 5.39185ms
Round took 4.691321ms
Round took 4.740084ms
Round took 4.761752ms
Round took 5.606126ms
Round took 5.30508ms
Round took 4.966644ms
Round took 5.543246ms
Round took 4.391745ms
Round took 5.610915ms
Round took 4.647194ms
Round took 6.20068ms
Round took 5.461209ms
Round took 4.159346ms
Round took 4.399633ms
Round took 5.561491ms
Round took 5.127631ms
Round took 4.653166ms
Round took 5.409957ms
Round took 6.232827ms
Round took 4.472635ms
Round took 6.439532ms
Round took 3.584008ms
Round took 4.995108ms
Round took 5.253379ms
Round took 5.608925ms
Round took 4.801424ms
Round took 4.613488ms
Round took 6.271815ms
Round took 4.312955ms
Round took 4.411434ms
Round took 5.168572ms
Round took 5.619653ms
Round took 5.363581ms
Round took 4.578709ms
Round took 5.002334ms
Round took 5.233028ms
Round took 4.631407ms
Round took 5.249485ms
Round took 5.153497ms
Round took 6.177942ms
Round took 3.680222ms
Round took 5.151026ms
Round took 5.596782ms
Round took 5.153163ms
Round took 5.699365ms
Round took 3.605015ms
Round took 4.783829ms
Test took 5.125652571s
Successful: 10000
