Uniform distribution
2021/04/16 21:40:47 The leader is replica 0
Round took 7.84205ms
Round took 6.900113ms
Round took 6.625154ms
Round took 4.071048ms
Round took 5.74623ms
Round took 4.854556ms
Round took 5.446647ms
Round took 5.16048ms
Round took 4.827792ms
Round took 4.82106ms
Round took 4.902229ms
Round took 5.20069ms
Round took 5.025154ms
Round took 5.612063ms
Round took 5.002891ms
Round took 4.945035ms
Round took 5.484015ms
Round took 4.865673ms
Round took 4.890519ms
Round took 5.213468ms
Round took 5.537878ms
Round took 5.01101ms
Round took 4.558227ms
Round took 4.946917ms
Round took 5.459896ms
Round took 4.892382ms
Round took 5.063931ms
Round took 5.599692ms
Round took 4.355112ms
Round took 5.171485ms
Round took 4.852905ms
Round took 5.427072ms
Round took 5.142061ms
Round took 4.9228ms
Round took 5.388971ms
Round took 6.652879ms
Round took 8.048474ms
Round took 7.135176ms
Round took 4.635215ms
Round took 4.032387ms
Round took 6.649409ms
Round took 5.541838ms
Round took 6.568479ms
Round took 4.103927ms
Round took 5.63834ms
Round took 5.666162ms
Round took 4.810765ms
Round took 4.537386ms
Round took 6.355057ms
Round took 5.802614ms
Round took 4.909221ms
Round took 5.718104ms
Round took 3.745196ms
Round took 3.525981ms
Round took 5.72085ms
Round took 5.207303ms
Round took 5.548426ms
Round took 4.913684ms
Round took 4.679155ms
Round took 5.113794ms
Round took 5.431226ms
Round took 4.616325ms
Round took 5.136593ms
Round took 4.909507ms
Round took 7.305676ms
Round took 4.733737ms
Round took 4.612192ms
Round took 5.007927ms
Round took 5.227602ms
Round took 4.812224ms
Round took 5.387588ms
Round took 5.008493ms
Round took 4.78117ms
Round took 4.752751ms
Round took 5.1845ms
Round took 4.988022ms
Round took 4.51389ms
Round took 4.546427ms
Round took 5.491871ms
Round took 4.804171ms
Round took 4.733913ms
Round took 5.485159ms
Round took 5.383311ms
Round took 5.220306ms
Round took 4.694728ms
Round took 4.831088ms
Round took 5.788655ms
Round took 5.17664ms
Round took 5.784572ms
Round took 4.910624ms
Round took 4.816249ms
Round took 5.162048ms
Round took 5.497844ms
Round took 5.169235ms
Round took 5.031562ms
Round took 5.423092ms
Round took 5.373318ms
Round took 4.53725ms
Round took 4.980881ms
Round took 5.500145ms
Round took 5.064062ms
Round took 4.935429ms
Round took 5.423877ms
Round took 5.569119ms
Round took 5.178593ms
Round took 4.511215ms
Round took 4.06164ms
Round took 5.193817ms
Round took 5.586088ms
Round took 4.995307ms
Round took 6.20109ms
Round took 6.139922ms
Round took 5.133557ms
Round took 4.945299ms
Round took 5.092086ms
Round took 5.308016ms
Round took 4.897385ms
Round took 5.133166ms
Round took 5.658876ms
Round took 4.566621ms
Round took 4.919018ms
Round took 4.985843ms
Round took 5.349809ms
Round took 5.302721ms
Round took 4.461866ms
Round took 5.170222ms
Round took 5.570415ms
Round took 5.128579ms
Round took 4.72774ms
Round took 5.996352ms
Round took 4.452472ms
Round took 4.543971ms
Round took 5.526333ms
Round took 5.153658ms
Round took 4.741388ms
Round took 4.948018ms
Round took 5.202748ms
Round took 5.449301ms
Round took 4.976262ms
Round took 4.849714ms
Round took 5.869969ms
Round took 4.966486ms
Round took 5.851563ms
Round took 5.565437ms
Round took 4.987437ms
Round took 4.942833ms
Round took 3.784656ms
Round took 4.076425ms
Round took 5.938654ms
Round took 5.529764ms
Round took 5.08212ms
Round took 5.256338ms
Round took 4.199684ms
Round took 5.354791ms
Round took 4.542668ms
Round took 5.384279ms
Round took 5.103609ms
Round took 4.64317ms
Round took 5.24826ms
Round took 5.094864ms
Round took 5.440724ms
Round took 4.44804ms
Round took 5.017864ms
Round took 5.048509ms
Round took 5.097182ms
Round took 4.976357ms
Round took 5.592295ms
Round took 5.227535ms
Round took 4.417174ms
Round took 5.132868ms
Round took 5.546161ms
Round took 4.57325ms
Round took 5.50416ms
Round took 4.605261ms
Round took 5.191273ms
Round took 5.059925ms
Round took 5.280754ms
Round took 5.28502ms
Round took 5.031788ms
Round took 4.693428ms
Round took 5.202097ms
Round took 5.884022ms
Round took 4.356707ms
Round took 4.782112ms
Round took 5.271104ms
Round took 5.305614ms
Round took 5.002654ms
Round took 5.055622ms
Round took 5.72005ms
Round took 5.168516ms
Round took 4.965182ms
Round took 4.725343ms
Round took 6.062885ms
Round took 4.804165ms
Round took 5.520911ms
Round took 4.906768ms
Round took 5.102988ms
Round took 5.097089ms
Round took 5.347008ms
Round took 5.025069ms
Round took 4.402754ms
Round took 4.783229ms
Round took 5.737529ms
Round took 4.895122ms
Round took 4.528173ms
Round took 5.778767ms
Round took 4.566646ms
Round took 5.204808ms
Round took 4.688457ms
Round took 4.878334ms
Round took 5.760152ms
Round took 5.529207ms
Round took 4.951217ms
Round took 5.780072ms
Round took 5.04087ms
Round took 4.360475ms
Round took 4.569789ms
Round took 5.542805ms
Round took 5.31347ms
Round took 4.983628ms
Round took 4.804586ms
Round took 5.492615ms
Round took 4.954811ms
Round took 4.786661ms
Round took 5.267152ms
Round took 5.24894ms
Round took 4.506789ms
Round took 5.687315ms
Round took 4.768192ms
Round took 5.106553ms
Round took 5.091349ms
Round took 4.96018ms
Round took 6.153987ms
Round took 4.092904ms
Round took 5.682621ms
Round took 4.430144ms
Round took 5.245833ms
Round took 4.858241ms
Round took 5.022854ms
Round took 6.063222ms
Round took 4.577068ms
Round took 5.833329ms
Round took 4.314942ms
Round took 5.29291ms
Round took 4.865903ms
Round took 5.433507ms
Round took 5.508916ms
Round took 4.563257ms
Round took 5.149129ms
Round took 4.874501ms
Round took 5.289653ms
Round took 4.603839ms
Round took 5.833262ms
Round took 4.933496ms
Round took 3.876639ms
Round took 6.322163ms
Round took 6.508932ms
Round took 4.906287ms
Round took 4.432696ms
Round took 4.142774ms
Round took 5.092905ms
Round took 5.296829ms
Round took 4.720726ms
Round took 5.863441ms
Round took 4.487648ms
Round took 5.271822ms
Round took 4.53747ms
Round took 5.703018ms
Round took 4.497394ms
Round took 4.705909ms
Round took 4.918269ms
Round took 5.303955ms
Round took 5.299121ms
Round took 4.833443ms
Round took 6.588809ms
Round took 4.744749ms
Round took 4.097978ms
Round took 4.595571ms
Round took 5.06594ms
Round took 5.837764ms
Round took 4.737913ms
Round took 4.898456ms
Round took 5.455419ms
Round took 4.803686ms
Round took 4.724596ms
Round took 5.243045ms
Round took 5.894533ms
Round took 4.663801ms
Round took 5.367357ms
Round took 4.660606ms
Round took 5.013063ms
Round took 4.889736ms
Round took 4.986733ms
Round took 6.147803ms
Round took 4.242809ms
Round took 5.198404ms
Round took 5.949499ms
Round took 4.276762ms
Round took 4.934973ms
Round took 4.935877ms
Round took 5.206549ms
Round took 4.884437ms
Round took 5.2672ms
Round took 4.896502ms
Round took 5.77384ms
Round took 4.679074ms
Round took 5.200432ms
Round took 5.683158ms
Round took 4.368567ms
Round took 4.682317ms
Round took 5.876519ms
Round took 5.497809ms
Round took 4.869502ms
Round took 4.812245ms
Round took 5.688413ms
Round took 4.340212ms
Round took 4.986001ms
Round took 4.312095ms
Round took 6.009682ms
Round took 4.69935ms
Round took 5.629207ms
Round took 4.376115ms
Round took 6.152146ms
Round took 4.753386ms
Round took 4.849142ms
Round took 6.070693ms
Round took 5.85106ms
Round took 5.089229ms
Round took 5.206327ms
Round took 4.757372ms
Round took 5.220619ms
Round took 4.947647ms
Round took 5.02473ms
Round took 4.987501ms
Round took 5.688041ms
Round took 5.033383ms
Round took 5.458578ms
Round took 4.641729ms
Round took 5.07596ms
Round took 5.228471ms
Round took 5.037492ms
Round took 5.138948ms
Round took 5.397962ms
Round took 4.631098ms
Round took 5.146507ms
Round took 5.188294ms
Round took 5.166697ms
Round took 4.959218ms
Round took 5.780167ms
Round took 4.549261ms
Round took 5.008885ms
Round took 5.144753ms
Round took 5.334698ms
Round took 5.247502ms
Round took 4.428117ms
Round took 5.663981ms
Round took 5.246897ms
Round took 4.748267ms
Round took 4.584817ms
Round took 5.917489ms
Round took 4.501409ms
Round took 4.670516ms
Round took 5.40829ms
Round took 5.324139ms
Round took 4.986013ms
Round took 5.22572ms
Round took 4.663441ms
Round took 5.385022ms
Round took 5.266211ms
Round took 5.017133ms
Round took 6.026107ms
Round took 3.885988ms
Round took 5.528234ms
Round took 4.423124ms
Round took 5.148678ms
Round took 5.363785ms
Round took 4.57821ms
Round took 5.150138ms
Round took 5.185348ms
Round took 5.430377ms
Round took 4.326669ms
Round took 5.311733ms
Round took 5.290495ms
Round took 4.719607ms
Round took 5.093319ms
Round took 4.680557ms
Round took 5.27687ms
Round took 5.17957ms
Round took 4.905732ms
Round took 5.393274ms
Round took 4.708212ms
Round took 5.07223ms
Round took 4.827755ms
Round took 5.307969ms
Round took 5.381748ms
Round took 4.759838ms
Round took 6.245987ms
Round took 4.40402ms
Round took 5.158886ms
Round took 4.698551ms
Round took 5.772503ms
Round took 5.190249ms
Round took 5.015603ms
Round took 6.751016ms
Round took 5.279119ms
Round took 5.565392ms
Round took 3.734339ms
Round took 18.490456ms
Round took 4.535168ms
Round took 5.023039ms
Round took 4.917931ms
Round took 5.326484ms
Round took 5.779602ms
Round took 5.393827ms
Round took 4.797011ms
Round took 4.597674ms
Round took 5.025509ms
Round took 5.239691ms
Round took 5.768994ms
Round took 5.389466ms
Round took 4.952263ms
Round took 3.403865ms
Round took 5.752996ms
Round took 5.525906ms
Round took 5.075286ms
Round took 4.854495ms
Round took 4.852705ms
Round took 5.563217ms
Round took 4.920936ms
Round took 4.975199ms
Round took 5.687751ms
Round took 4.61399ms
Round took 5.311019ms
Round took 4.859403ms
Round took 4.996985ms
Round took 5.06497ms
Round took 4.580349ms
Round took 4.810917ms
Round took 5.63259ms
Round took 4.721004ms
Round took 5.158945ms
Round took 4.963043ms
Round took 5.127599ms
Round took 5.269062ms
Round took 4.644435ms
Round took 5.698893ms
Round took 4.677858ms
Round took 4.798861ms
Round took 5.46987ms
Round took 5.074773ms
Round took 5.20356ms
Round took 4.617332ms
Round took 5.291892ms
Round took 6.038779ms
Round took 4.25954ms
Round took 4.491564ms
Round took 5.314979ms
Round took 5.018969ms
Round took 4.858639ms
Round took 5.261513ms
Round took 5.774912ms
Round took 4.856869ms
Round took 4.483717ms
Round took 5.129384ms
Round took 5.174703ms
Round took 5.180533ms
Round took 5.111011ms
Round took 5.522435ms
Round took 4.765716ms
Round took 4.711128ms
Round took 5.285083ms
Round took 5.428693ms
Round took 4.891951ms
Round took 5.205882ms
Round took 4.66367ms
Round took 4.941579ms
Round took 5.261238ms
Round took 4.769956ms
Round took 5.502886ms
Round took 4.777489ms
Round took 4.827684ms
Round took 4.99189ms
Round took 5.461624ms
Round took 5.941998ms
Round took 4.522449ms
Round took 5.492856ms
Round took 4.931938ms
Round took 5.011503ms
Round took 4.500287ms
Round took 6.327175ms
Round took 3.503546ms
Round took 5.310959ms
Round took 4.664591ms
Round took 6.201952ms
Round took 4.273131ms
Round took 4.841264ms
Round took 5.354968ms
Round took 5.474157ms
Round took 4.861153ms
Round took 4.979742ms
Round took 5.581886ms
Round took 4.570105ms
Round took 5.153327ms
Round took 4.767788ms
Round took 5.641624ms
Round took 5.04236ms
Round took 4.403523ms
Round took 5.141829ms
Round took 5.59982ms
Round took 5.056314ms
Round took 4.633037ms
Round took 5.467779ms
Round took 4.679743ms
Round took 5.340968ms
Round took 4.217633ms
Round took 5.964743ms
Round took 4.714251ms
Round took 4.620944ms
Round took 5.170288ms
Round took 5.489601ms
Round took 4.780818ms
Round took 4.798899ms
Round took 5.159757ms
Round took 5.261389ms
Round took 4.813504ms
Round took 5.199595ms
Round took 4.925088ms
Round took 5.901205ms
Round took 4.391219ms
Round took 5.534467ms
Round took 5.334263ms
Round took 4.525066ms
Round took 4.693575ms
Round took 4.958612ms
Round took 5.964653ms
Round took 4.714853ms
Round took 5.101633ms
Round took 5.85836ms
Round took 4.987326ms
Round took 5.133296ms
Round took 5.180663ms
Round took 5.582348ms
Round took 4.418079ms
Round took 4.943954ms
Round took 5.87221ms
Round took 4.153888ms
Round took 5.137365ms
Round took 5.19665ms
Round took 5.429742ms
Round took 4.379823ms
Round took 5.405906ms
Round took 4.496559ms
Round took 5.59638ms
Round took 4.541864ms
Round took 5.641838ms
Round took 4.937503ms
Round took 5.851304ms
Round took 4.934173ms
Round took 5.340947ms
Round took 4.88878ms
Round took 5.149949ms
Round took 4.859466ms
Round took 5.567755ms
Round took 4.676581ms
Round took 4.367907ms
Round took 5.258133ms
Round took 4.82653ms
Round took 5.714691ms
Round took 5.277368ms
Round took 5.311862ms
Round took 5.227649ms
Round took 4.583758ms
Round took 5.194786ms
Round took 4.978342ms
Round took 4.612574ms
Round took 5.147189ms
Round took 4.915205ms
Round took 5.628161ms
Round took 5.439494ms
Round took 4.530775ms
Round took 5.314601ms
Round took 4.789174ms
Round took 5.675868ms
Round took 5.395261ms
Round took 5.016116ms
Round took 4.274564ms
Round took 5.052726ms
Round took 5.688795ms
Round took 4.002536ms
Round took 5.351143ms
Round took 5.384551ms
Round took 4.365484ms
Round took 5.514215ms
Round took 5.235123ms
Round took 4.668913ms
Round took 5.535549ms
Round took 5.366605ms
Round took 4.408797ms
Round took 5.176376ms
Round took 5.19055ms
Round took 6.026216ms
Round took 3.910558ms
Round took 5.512676ms
Round took 5.94431ms
Round took 4.495961ms
Round took 5.614992ms
Round took 4.201227ms
Round took 5.230228ms
Round took 4.880355ms
Round took 5.706013ms
Round took 5.085405ms
Round took 4.388086ms
Round took 5.584805ms
Round took 4.051521ms
Round took 5.279116ms
Round took 5.374594ms
Round took 4.592246ms
Round took 5.741484ms
Round took 4.392493ms
Round took 5.441365ms
Round took 5.041101ms
Round took 6.136699ms
Round took 5.285066ms
Round took 4.087524ms
Round took 5.618742ms
Round took 4.462686ms
Round took 5.180165ms
Round took 4.654309ms
Round took 5.960515ms
Round took 4.329051ms
Round took 4.62162ms
Round took 4.984813ms
Round took 5.461955ms
Round took 4.907045ms
Round took 5.107741ms
Round took 5.53745ms
Round took 5.080591ms
Round took 5.143213ms
Round took 4.55618ms
Round took 5.431159ms
Round took 4.827032ms
Round took 4.408095ms
Round took 5.224101ms
Round took 5.205101ms
Round took 5.380842ms
Round took 4.629779ms
Round took 5.060262ms
Round took 5.451403ms
Round took 5.466692ms
Round took 4.601057ms
Round took 6.014804ms
Round took 4.358158ms
Round took 5.103729ms
Round took 4.643264ms
Round took 5.618375ms
Round took 5.907118ms
Round took 4.100131ms
Round took 5.317374ms
Round took 4.519266ms
Round took 4.90589ms
Round took 4.672344ms
Round took 4.935155ms
Round took 6.014021ms
Round took 4.597473ms
Round took 4.680356ms
Round took 5.053494ms
Round took 5.304857ms
Round took 4.692537ms
Round took 5.022567ms
Round took 5.447969ms
Round took 5.354333ms
Round took 3.770968ms
Round took 5.161994ms
Round took 4.685901ms
Round took 6.635036ms
Round took 5.162103ms
Round took 4.243458ms
Round took 5.801963ms
Round took 4.954224ms
Round took 4.597339ms
Round took 4.924748ms
Round took 5.589687ms
Round took 4.37765ms
Round took 5.32561ms
Round took 5.196031ms
Round took 5.079779ms
Round took 4.938851ms
Round took 5.123614ms
Round took 6.150169ms
Round took 3.953831ms
Round took 5.157233ms
Round took 4.837437ms
Round took 4.890637ms
Round took 5.517076ms
Round took 4.996415ms
Round took 5.669488ms
Round took 5.45825ms
Round took 4.259925ms
Round took 4.769399ms
Round took 5.619652ms
Round took 5.120926ms
Round took 5.011503ms
Round took 5.972584ms
Round took 5.89327ms
Round took 4.579878ms
Round took 5.783064ms
Round took 4.748141ms
Round took 4.256538ms
Round took 4.812229ms
Round took 4.291872ms
Round took 5.317935ms
Round took 4.933238ms
Round took 5.148528ms
Round took 5.757577ms
Round took 5.022126ms
Round took 5.08223ms
Round took 4.589951ms
Round took 5.637058ms
Round took 4.592447ms
Round took 4.827153ms
Round took 5.439976ms
Round took 5.383833ms
Round took 4.877568ms
Round took 4.385393ms
Round took 5.194231ms
Round took 5.305999ms
Round took 5.31773ms
Round took 4.416191ms
Round took 5.370956ms
Round took 5.562644ms
Round took 4.348489ms
Round took 5.99712ms
Round took 4.297173ms
Round took 5.302065ms
Round took 4.739018ms
Round took 5.279523ms
Round took 4.905396ms
Round took 4.548543ms
Round took 5.048306ms
Round took 5.615091ms
Round took 5.047319ms
Round took 4.740761ms
Round took 4.677677ms
Round took 6.163506ms
Round took 5.528623ms
Round took 4.414526ms
Round took 5.403467ms
Round took 5.458204ms
Round took 4.285642ms
Round took 5.086618ms
Round took 4.767501ms
Round took 7.279041ms
Round took 4.894822ms
Round took 4.723309ms
Round took 4.227786ms
Round took 3.904359ms
Round took 4.786175ms
Round took 4.261946ms
Round took 5.278972ms
Round took 6.044669ms
Round took 4.793305ms
Round took 4.754128ms
Round took 4.541453ms
Round took 5.446282ms
Round took 4.769591ms
Round took 5.053003ms
Round took 5.546626ms
Round took 4.642147ms
Round took 5.354634ms
Round took 4.495189ms
Round took 5.748829ms
Round took 4.923222ms
Round took 5.313785ms
Round took 5.296182ms
Round took 4.45442ms
Round took 5.254007ms
Round took 5.328582ms
Round took 5.587098ms
Round took 4.456278ms
Round took 5.187826ms
Round took 5.660019ms
Round took 4.568738ms
Round took 5.348224ms
Round took 4.269478ms
Round took 6.112266ms
Round took 4.409106ms
Round took 4.650048ms
Round took 4.964096ms
Round took 5.738149ms
Round took 5.227616ms
Round took 4.437793ms
Round took 5.111357ms
Round took 5.34668ms
Round took 4.977678ms
Round took 5.225559ms
Round took 5.756472ms
Round took 4.643134ms
Round took 5.119604ms
Round took 5.020152ms
Round took 5.624993ms
Round took 5.293796ms
Round took 4.759842ms
Round took 5.193338ms
Round took 5.059598ms
Round took 4.807028ms
Round took 6.358343ms
Round took 4.328499ms
Round took 4.337032ms
Round took 5.153656ms
Round took 5.25722ms
Round took 4.7191ms
Round took 5.15705ms
Round took 5.051355ms
Round took 5.801511ms
Round took 4.285808ms
Round took 5.213129ms
Round took 4.892801ms
Round took 5.417573ms
Round took 4.871284ms
Round took 5.54074ms
Round took 4.761074ms
Round took 5.549116ms
Round took 4.995719ms
Round took 5.779315ms
Round took 4.440856ms
Round took 5.347288ms
Round took 4.446246ms
Round took 5.651024ms
Round took 4.641946ms
Round took 4.478688ms
Round took 5.936676ms
Round took 4.547429ms
Round took 6.021718ms
Round took 4.054675ms
Round took 6.022981ms
Round took 4.45113ms
Round took 5.501982ms
Round took 5.643226ms
Round took 4.424716ms
Round took 5.379325ms
Round took 4.002151ms
Round took 5.063741ms
Round took 4.932575ms
Round took 4.910821ms
Round took 4.998671ms
Round took 4.911146ms
Round took 5.744146ms
Round took 4.654988ms
Round took 4.587573ms
Round took 5.25191ms
Round took 4.756991ms
Round took 5.200808ms
Round took 4.998632ms
Round took 4.984853ms
Round took 5.044544ms
Round took 4.804272ms
Round took 4.710954ms
Round took 4.939354ms
Round took 5.741303ms
Round took 5.338409ms
Round took 4.604381ms
Round took 5.401901ms
Round took 4.815734ms
Round took 5.065589ms
Round took 4.960614ms
Round took 6.318554ms
Round took 6.104853ms
Round took 4.802493ms
Round took 4.532185ms
Round took 3.272959ms
Round took 5.087882ms
Round took 4.688269ms
Round took 5.827707ms
Round took 4.905918ms
Round took 5.748951ms
Round took 4.095507ms
Round took 6.693073ms
Round took 4.404294ms
Round took 4.949992ms
Round took 5.568579ms
Round took 4.608553ms
Round took 4.930277ms
Round took 5.118568ms
Round took 5.437981ms
Round took 4.662218ms
Round took 5.136001ms
Round took 4.964533ms
Round took 5.611587ms
Round took 4.355804ms
Round took 4.895713ms
Round took 6.04354ms
Round took 4.732657ms
Round took 4.98012ms
Round took 5.239686ms
Round took 6.271406ms
Round took 5.285407ms
Round took 5.266793ms
Round took 5.125568ms
Round took 5.179201ms
Round took 4.547233ms
Round took 3.772677ms
Round took 6.964606ms
Round took 3.83315ms
Round took 5.750572ms
Round took 4.930477ms
Round took 8.088479ms
Round took 4.640754ms
Round took 4.0565ms
Round took 4.714799ms
Round took 4.784942ms
Round took 4.416181ms
Round took 3.593472ms
Round took 5.802715ms
Round took 5.129218ms
Round took 4.27758ms
Round took 4.954387ms
Round took 6.741749ms
Round took 3.506641ms
Round took 5.823875ms
Round took 6.131145ms
Round took 4.078798ms
Round took 5.296335ms
Round took 4.581241ms
Round took 5.20684ms
Round took 5.687717ms
Round took 4.573541ms
Round took 5.429463ms
Round took 4.602879ms
Round took 4.515291ms
Round took 5.273031ms
Round took 5.388504ms
Round took 5.806509ms
Round took 4.180774ms
Round took 5.617192ms
Round took 4.751527ms
Round took 4.995817ms
Round took 5.101231ms
Round took 5.307765ms
Round took 6.511291ms
Round took 4.42724ms
Round took 5.265176ms
Round took 4.222679ms
Round took 5.530885ms
Round took 4.222216ms
Round took 5.839288ms
Round took 5.43505ms
Round took 4.777851ms
Round took 5.55016ms
Round took 4.190179ms
Round took 5.105311ms
Round took 5.032462ms
Round took 6.321357ms
Round took 6.225891ms
Round took 5.045043ms
Round took 5.209312ms
Round took 5.299664ms
Round took 5.515616ms
Round took 4.91237ms
Round took 4.454229ms
Round took 4.891118ms
Round took 6.241703ms
Round took 4.964735ms
Round took 5.771659ms
Round took 5.867401ms
Round took 4.132396ms
Round took 4.479819ms
Round took 4.773703ms
Round took 5.660022ms
Round took 4.688863ms
Round took 5.242356ms
Round took 6.167231ms
Round took 4.369288ms
Round took 4.940197ms
Round took 5.059561ms
Round took 5.174218ms
Round took 5.045756ms
Round took 4.98639ms
Round took 5.568346ms
Round took 4.735165ms
Round took 4.974503ms
Round took 5.184542ms
Round took 4.971273ms
Round took 5.166556ms
Round took 5.031924ms
Round took 4.98923ms
Round took 5.248985ms
Round took 5.061584ms
Round took 5.023017ms
Round took 5.175197ms
Round took 5.180856ms
Round took 5.175534ms
Round took 4.793186ms
Round took 5.221678ms
Round took 5.21668ms
Round took 5.059474ms
Round took 5.420129ms
Round took 5.877052ms
Round took 4.517054ms
Round took 6.698339ms
Round took 1.964928ms
Test took 5.133650402s
Successful: 10000
