Uniform distribution
2021/04/16 21:40:47 The leader is replica 0
Round took 5.657395ms
Round took 6.675582ms
Round took 7.134735ms
Round took 6.851476ms
Round took 3.296534ms
Round took 4.901757ms
Round took 4.901102ms
Round took 5.049935ms
Round took 5.090875ms
Round took 4.972867ms
Round took 5.268039ms
Round took 4.943463ms
Round took 5.191968ms
Round took 5.203823ms
Round took 4.884714ms
Round took 5.10217ms
Round took 4.818157ms
Round took 5.199397ms
Round took 5.433377ms
Round took 4.639255ms
Round took 5.081154ms
Round took 4.894277ms
Round took 5.444781ms
Round took 4.519418ms
Round took 5.030412ms
Round took 5.480512ms
Round took 5.101781ms
Round took 4.568412ms
Round took 5.172289ms
Round took 5.316851ms
Round took 4.915451ms
Round took 5.049734ms
Round took 4.974659ms
Round took 5.138543ms
Round took 4.757365ms
Round took 5.096225ms
Round took 7.053636ms
Round took 3.993364ms
Round took 5.175729ms
Round took 5.406939ms
Round took 5.371125ms
Round took 4.228386ms
Round took 5.167207ms
Round took 5.586535ms
Round took 4.455406ms
Round took 5.305593ms
Round took 4.709176ms
Round took 6.730292ms
Round took 6.830897ms
Round took 6.268514ms
Round took 6.310933ms
Round took 5.752297ms
Round took 6.781912ms
Round took 8.73535ms
Round took 4.293412ms
Round took 3.985842ms
Round took 5.871424ms
Round took 4.775098ms
Round took 4.248297ms
Round took 4.710001ms
Round took 7.105789ms
Round took 3.845887ms
Round took 4.973815ms
Round took 7.49446ms
Round took 5.32476ms
Round took 5.067397ms
Round took 4.974858ms
Round took 5.248626ms
Round took 5.125451ms
Round took 5.148045ms
Round took 5.174341ms
Round took 5.499088ms
Round took 4.949948ms
Round took 4.531566ms
Round took 5.022792ms
Round took 5.399594ms
Round took 4.856708ms
Round took 4.984025ms
Round took 5.194848ms
Round took 4.804434ms
Round took 5.177665ms
Round took 4.965229ms
Round took 5.476649ms
Round took 5.124058ms
Round took 4.851471ms
Round took 5.173352ms
Round took 6.55754ms
Round took 7.994857ms
Round took 6.72698ms
Round took 5.470103ms
Round took 3.973476ms
Round took 6.589307ms
Round took 5.642197ms
Round took 6.72446ms
Round took 4.056326ms
Round took 5.721322ms
Round took 5.042016ms
Round took 6.708206ms
Round took 4.853788ms
Round took 7.529318ms
Round took 4.505204ms
Round took 5.715326ms
Round took 4.74503ms
Round took 3.651386ms
Round took 4.014347ms
Round took 5.813917ms
Round took 6.003437ms
Round took 5.108956ms
Round took 4.9273ms
Round took 5.754649ms
Round took 3.880185ms
Round took 5.698083ms
Round took 4.37804ms
Round took 7.19049ms
Round took 6.983029ms
Round took 4.779317ms
Round took 4.364361ms
Round took 5.422469ms
Round took 5.175895ms
Round took 4.673724ms
Round took 5.11442ms
Round took 5.280807ms
Round took 4.732207ms
Round took 4.890461ms
Round took 5.148901ms
Round took 4.980203ms
Round took 5.345514ms
Round took 4.576638ms
Round took 5.299164ms
Round took 5.931811ms
Round took 4.885753ms
Round took 5.979815ms
Round took 4.977736ms
Round took 5.247332ms
Round took 4.655925ms
Round took 5.46805ms
Round took 5.788387ms
Round took 5.437351ms
Round took 5.461701ms
Round took 4.629004ms
Round took 4.735999ms
Round took 6.166762ms
Round took 6.514951ms
Round took 5.200438ms
Round took 4.991339ms
Round took 4.816665ms
Round took 5.25193ms
Round took 4.927985ms
Round took 4.982163ms
Round took 5.377441ms
Round took 5.055414ms
Round took 4.847268ms
Round took 5.263227ms
Round took 5.400687ms
Round took 5.271533ms
Round took 4.107845ms
Round took 5.144145ms
Round took 5.819116ms
Round took 4.9734ms
Round took 5.017241ms
Round took 4.991704ms
Round took 5.593024ms
Round took 4.795087ms
Round took 5.029026ms
Round took 5.424689ms
Round took 4.999821ms
Round took 4.932214ms
Round took 5.537481ms
Round took 5.203104ms
Round took 4.537737ms
Round took 4.990987ms
Round took 5.936285ms
Round took 5.007385ms
Round took 5.216161ms
Round took 4.542806ms
Round took 5.660858ms
Round took 5.424188ms
Round took 5.423431ms
Round took 5.007397ms
Round took 5.574898ms
Round took 4.347745ms
Round took 4.478874ms
Round took 5.370572ms
Round took 5.142029ms
Round took 4.718653ms
Round took 5.345071ms
Round took 5.454943ms
Round took 4.251318ms
Round took 6.232447ms
Round took 4.018207ms
Round took 5.660529ms
Round took 6.693594ms
Round took 5.799678ms
Round took 5.114731ms
Round took 5.175981ms
Round took 4.642681ms
Round took 4.044765ms
Round took 5.940191ms
Round took 5.418539ms
Round took 5.10051ms
Round took 5.221709ms
Round took 4.306649ms
Round took 5.483259ms
Round took 4.617144ms
Round took 5.432151ms
Round took 5.090299ms
Round took 4.615691ms
Round took 5.187648ms
Round took 5.061251ms
Round took 5.464902ms
Round took 5.271317ms
Round took 5.143631ms
Round took 5.037061ms
Round took 5.002832ms
Round took 5.396372ms
Round took 5.306857ms
Round took 5.180047ms
Round took 4.384674ms
Round took 5.143622ms
Round took 5.693803ms
Round took 4.421449ms
Round took 5.535831ms
Round took 5.126178ms
Round took 4.657274ms
Round took 5.143325ms
Round took 5.254206ms
Round took 5.478715ms
Round took 5.093951ms
Round took 4.600321ms
Round took 5.527057ms
Round took 5.652071ms
Round took 4.306786ms
Round took 4.791537ms
Round took 5.17415ms
Round took 6.077129ms
Round took 5.289685ms
Round took 5.287192ms
Round took 4.996508ms
Round took 6.376005ms
Round took 5.183681ms
Round took 6.320631ms
Round took 4.81236ms
Round took 5.07194ms
Round took 5.127717ms
Round took 5.814762ms
Round took 4.658264ms
Round took 5.3148ms
Round took 5.110659ms
Round took 5.101615ms
Round took 4.708938ms
Round took 5.742477ms
Round took 5.520348ms
Round took 4.755798ms
Round took 5.85766ms
Round took 4.555322ms
Round took 4.988932ms
Round took 4.717208ms
Round took 4.819101ms
Round took 5.751532ms
Round took 5.529442ms
Round took 4.68958ms
Round took 5.571761ms
Round took 5.430954ms
Round took 4.55173ms
Round took 4.548566ms
Round took 5.536044ms
Round took 5.363657ms
Round took 5.50479ms
Round took 4.884279ms
Round took 5.226137ms
Round took 5.011512ms
Round took 5.077212ms
Round took 5.007088ms
Round took 5.045894ms
Round took 4.478105ms
Round took 6.695744ms
Round took 6.369324ms
Round took 5.025875ms
Round took 4.884328ms
Round took 6.179182ms
Round took 4.257075ms
Round took 5.161438ms
Round took 5.002454ms
Round took 5.419197ms
Round took 4.892439ms
Round took 4.793447ms
Round took 5.336905ms
Round took 5.06548ms
Round took 5.105303ms
Round took 4.956021ms
Round took 5.271931ms
Round took 4.988883ms
Round took 4.981185ms
Round took 5.032372ms
Round took 5.110649ms
Round took 5.263131ms
Round took 5.02995ms
Round took 5.030818ms
Round took 4.854579ms
Round took 5.43516ms
Round took 4.771626ms
Round took 5.060708ms
Round took 6.220381ms
Round took 6.376114ms
Round took 6.389216ms
Round took 4.152018ms
Round took 4.104213ms
Round took 5.118942ms
Round took 5.360711ms
Round took 4.759366ms
Round took 5.273524ms
Round took 4.849334ms
Round took 5.537768ms
Round took 4.511609ms
Round took 5.013415ms
Round took 5.903414ms
Round took 4.774109ms
Round took 4.867699ms
Round took 5.397709ms
Round took 5.322243ms
Round took 4.829538ms
Round took 6.973063ms
Round took 4.636751ms
Round took 4.258222ms
Round took 4.501725ms
Round took 5.036993ms
Round took 5.653136ms
Round took 4.718741ms
Round took 4.945441ms
Round took 5.384305ms
Round took 4.804564ms
Round took 4.734353ms
Round took 5.458984ms
Round took 5.682895ms
Round took 4.614852ms
Round took 5.917036ms
Round took 4.000812ms
Round took 5.089871ms
Round took 4.853144ms
Round took 5.053373ms
Round took 6.155702ms
Round took 4.228363ms
Round took 5.1552ms
Round took 5.893708ms
Round took 4.735305ms
Round took 4.575925ms
Round took 4.994267ms
Round took 4.935628ms
Round took 4.927787ms
Round took 5.269157ms
Round took 4.865531ms
Round took 7.09562ms
Round took 6.123459ms
Round took 5.321044ms
Round took 4.902207ms
Round took 5.141026ms
Round took 5.687759ms
Round took 5.091195ms
Round took 5.451718ms
Round took 5.061128ms
Round took 5.194264ms
Round took 4.62523ms
Round took 5.234604ms
Round took 4.841841ms
Round took 5.177542ms
Round took 4.746231ms
Round took 6.176256ms
Round took 4.581051ms
Round took 4.403789ms
Round took 4.959382ms
Round took 5.003268ms
Round took 5.441362ms
Round took 4.798661ms
Round took 5.012791ms
Round took 5.603805ms
Round took 5.367384ms
Round took 4.838996ms
Round took 5.902518ms
Round took 4.221959ms
Round took 4.873471ms
Round took 5.221339ms
Round took 5.531722ms
Round took 5.040276ms
Round took 5.340803ms
Round took 5.37298ms
Round took 4.794871ms
Round took 5.252986ms
Round took 6.101374ms
Round took 4.796365ms
Round took 5.99594ms
Round took 3.972729ms
Round took 5.635746ms
Round took 4.705214ms
Round took 5.75786ms
Round took 4.413696ms
Round took 5.477909ms
Round took 4.473404ms
Round took 4.9951ms
Round took 5.911313ms
Round took 4.61656ms
Round took 5.852403ms
Round took 3.636405ms
Round took 5.859499ms
Round took 5.218528ms
Round took 5.304415ms
Round took 4.998043ms
Round took 4.870028ms
Round took 4.975479ms
Round took 5.051815ms
Round took 5.909961ms
Round took 4.208303ms
Round took 5.008303ms
Round took 5.911083ms
Round took 4.462041ms
Round took 4.929738ms
Round took 6.203028ms
Round took 5.827513ms
Round took 4.87673ms
Round took 5.558296ms
Round took 4.648477ms
Round took 5.137063ms
Round took 5.482587ms
Round took 4.597917ms
Round took 5.188193ms
Round took 5.063489ms
Round took 5.266061ms
Round took 4.651781ms
Round took 5.231348ms
Round took 5.2349ms
Round took 4.97673ms
Round took 5.095535ms
Round took 4.703864ms
Round took 5.324496ms
Round took 5.238175ms
Round took 4.918579ms
Round took 5.390788ms
Round took 4.907576ms
Round took 5.00867ms
Round took 4.772111ms
Round took 5.308622ms
Round took 5.419531ms
Round took 4.758072ms
Round took 6.175278ms
Round took 4.447126ms
Round took 5.133079ms
Round took 4.64684ms
Round took 7.231328ms
Round took 4.921033ms
Round took 4.99515ms
Round took 7.097723ms
Round took 5.342733ms
Round took 5.001818ms
Round took 3.551201ms
Round took 18.399861ms
Round took 4.985451ms
Round took 5.46893ms
Round took 4.815211ms
Round took 6.335564ms
Round took 6.475926ms
Round took 4.448808ms
Round took 5.338972ms
Round took 3.602243ms
Round took 4.904307ms
Round took 6.530062ms
Round took 5.585275ms
Round took 5.444577ms
Round took 3.90662ms
Round took 3.458165ms
Round took 6.367422ms
Round took 4.906207ms
Round took 5.270536ms
Round took 4.939498ms
Round took 5.003137ms
Round took 5.079313ms
Round took 5.255574ms
Round took 5.234678ms
Round took 4.305924ms
Round took 5.157172ms
Round took 5.571611ms
Round took 5.571292ms
Round took 4.1833ms
Round took 5.115907ms
Round took 5.608507ms
Round took 4.546911ms
Round took 5.350841ms
Round took 4.779875ms
Round took 5.814586ms
Round took 4.439505ms
Round took 5.12306ms
Round took 6.012798ms
Round took 3.844195ms
Round took 5.007473ms
Round took 4.66303ms
Round took 4.854607ms
Round took 6.232016ms
Round took 4.310541ms
Round took 5.198964ms
Round took 4.429903ms
Round took 7.070962ms
Round took 4.545016ms
Round took 4.824716ms
Round took 4.274662ms
Round took 5.091515ms
Round took 5.033927ms
Round took 4.853185ms
Round took 6.09678ms
Round took 4.436412ms
Round took 5.247867ms
Round took 4.08202ms
Round took 6.469346ms
Round took 4.142989ms
Round took 5.409316ms
Round took 5.818644ms
Round took 4.67362ms
Round took 4.771579ms
Round took 4.557675ms
Round took 5.348515ms
Round took 5.317778ms
Round took 4.928753ms
Round took 6.025265ms
Round took 3.778171ms
Round took 4.325849ms
Round took 5.463148ms
Round took 5.037119ms
Round took 5.330359ms
Round took 4.950499ms
Round took 4.93088ms
Round took 5.051729ms
Round took 5.246534ms
Round took 5.885102ms
Round took 4.862886ms
Round took 5.261166ms
Round took 4.88468ms
Round took 5.071923ms
Round took 4.949096ms
Round took 5.762281ms
Round took 3.903121ms
Round took 5.316791ms
Round took 5.033736ms
Round took 5.699329ms
Round took 4.365227ms
Round took 4.691367ms
Round took 5.956007ms
Round took 4.898809ms
Round took 4.864262ms
Round took 5.671314ms
Round took 4.809699ms
Round took 4.675415ms
Round took 5.245765ms
Round took 5.709496ms
Round took 4.934029ms
Round took 4.989183ms
Round took 4.930526ms
Round took 4.758516ms
Round took 5.393437ms
Round took 5.109505ms
Round took 5.268495ms
Round took 4.807561ms
Round took 4.810899ms
Round took 5.892018ms
Round took 4.063517ms
Round took 5.485423ms
Round took 4.933447ms
Round took 5.097731ms
Round took 5.871933ms
Round took 4.203388ms
Round took 4.872958ms
Round took 4.34719ms
Round took 5.988051ms
Round took 4.503992ms
Round took 4.745457ms
Round took 6.791854ms
Round took 3.116906ms
Round took 5.929071ms
Round took 5.317851ms
Round took 5.549505ms
Round took 5.1978ms
Round took 4.483328ms
Round took 4.911716ms
Round took 5.242982ms
Round took 4.592213ms
Round took 5.010382ms
Round took 7.699927ms
Round took 5.151703ms
Round took 5.126932ms
Round took 4.821363ms
Round took 5.788959ms
Round took 4.677515ms
Round took 4.896178ms
Round took 5.2948ms
Round took 4.798273ms
Round took 6.152487ms
Round took 4.728145ms
Round took 5.58392ms
Round took 4.900039ms
Round took 5.407746ms
Round took 4.540663ms
Round took 5.940007ms
Round took 4.656515ms
Round took 5.634775ms
Round took 4.673316ms
Round took 5.989718ms
Round took 4.906134ms
Round took 5.080997ms
Round took 4.952482ms
Round took 5.123987ms
Round took 4.779494ms
Round took 6.13849ms
Round took 4.629715ms
Round took 4.873863ms
Round took 5.57453ms
Round took 4.754781ms
Round took 5.156415ms
Round took 5.335799ms
Round took 5.343398ms
Round took 4.934565ms
Round took 4.539508ms
Round took 5.591708ms
Round took 4.546537ms
Round took 4.546052ms
Round took 5.441712ms
Round took 5.618887ms
Round took 4.872378ms
Round took 5.460395ms
Round took 4.478838ms
Round took 6.586292ms
Round took 5.959565ms
Round took 5.031916ms
Round took 5.00626ms
Round took 5.046891ms
Round took 5.238185ms
Round took 5.320901ms
Round took 4.491626ms
Round took 5.127406ms
Round took 5.595683ms
Round took 4.353873ms
Round took 5.413633ms
Round took 5.539715ms
Round took 4.703482ms
Round took 5.06675ms
Round took 4.996072ms
Round took 5.009706ms
Round took 5.322922ms
Round took 4.699478ms
Round took 6.307695ms
Round took 3.868315ms
Round took 5.239687ms
Round took 5.229835ms
Round took 5.210511ms
Round took 5.194655ms
Round took 4.810454ms
Round took 5.068655ms
Round took 5.089359ms
Round took 4.961673ms
Round took 5.367039ms
Round took 5.39932ms
Round took 5.549083ms
Round took 4.200619ms
Round took 5.080909ms
Round took 6.097127ms
Round took 4.418015ms
Round took 5.49376ms
Round took 4.72052ms
Round took 5.568024ms
Round took 4.653838ms
Round took 5.012734ms
Round took 5.888668ms
Round took 4.040108ms
Round took 5.205205ms
Round took 4.977206ms
Round took 5.623708ms
Round took 4.648936ms
Round took 5.175188ms
Round took 4.773699ms
Round took 5.334092ms
Round took 4.931034ms
Round took 5.35388ms
Round took 4.885734ms
Round took 4.994178ms
Round took 5.172012ms
Round took 5.106544ms
Round took 5.372399ms
Round took 5.475149ms
Round took 4.934352ms
Round took 5.96147ms
Round took 4.957675ms
Round took 5.990684ms
Round took 4.437626ms
Round took 5.373595ms
Round took 4.648972ms
Round took 5.778481ms
Round took 4.745692ms
Round took 5.46165ms
Round took 4.611836ms
Round took 6.037115ms
Round took 3.593565ms
Round took 4.784278ms
Round took 4.681753ms
Round took 5.57285ms
Round took 5.903237ms
Round took 4.155954ms
Round took 5.066076ms
Round took 4.786977ms
Round took 5.977847ms
Round took 4.60944ms
Round took 5.393916ms
Round took 5.568427ms
Round took 4.597149ms
Round took 4.689578ms
Round took 5.113314ms
Round took 5.28689ms
Round took 4.49188ms
Round took 4.994973ms
Round took 5.94315ms
Round took 4.949375ms
Round took 4.357624ms
Round took 6.079757ms
Round took 8.746677ms
Round took 4.94587ms
Round took 4.137089ms
Round took 5.906001ms
Round took 5.245949ms
Round took 4.434989ms
Round took 4.953697ms
Round took 7.110387ms
Round took 4.317576ms
Round took 6.624541ms
Round took 3.558217ms
Round took 5.40503ms
Round took 4.860752ms
Round took 5.426344ms
Round took 5.878095ms
Round took 4.086472ms
Round took 5.415875ms
Round took 6.53066ms
Round took 5.91365ms
Round took 4.953083ms
Round took 5.051002ms
Round took 5.723707ms
Round took 4.354245ms
Round took 4.9664ms
Round took 5.334636ms
Round took 5.03933ms
Round took 5.137285ms
Round took 5.053959ms
Round took 5.108446ms
Round took 5.776776ms
Round took 5.64104ms
Round took 4.50715ms
Round took 4.668448ms
Round took 5.135158ms
Round took 4.316057ms
Round took 5.259339ms
Round took 5.070829ms
Round took 5.128566ms
Round took 5.235429ms
Round took 4.895188ms
Round took 5.338782ms
Round took 4.650176ms
Round took 5.50617ms
Round took 4.568047ms
Round took 5.284115ms
Round took 5.116716ms
Round took 5.043736ms
Round took 5.860661ms
Round took 4.543325ms
Round took 5.024058ms
Round took 5.479252ms
Round took 5.217766ms
Round took 4.698885ms
Round took 5.093118ms
Round took 5.711755ms
Round took 4.394414ms
Round took 5.464779ms
Round took 4.651598ms
Round took 5.59886ms
Round took 4.682706ms
Round took 4.922164ms
Round took 5.150139ms
Round took 5.117825ms
Round took 5.06072ms
Round took 5.330623ms
Round took 5.186168ms
Round took 5.076821ms
Round took 4.652982ms
Round took 5.127178ms
Round took 6.909192ms
Round took 3.985982ms
Round took 4.958083ms
Round took 6.174517ms
Round took 4.292738ms
Round took 5.071691ms
Round took 4.862026ms
Round took 6.703663ms
Round took 4.960027ms
Round took 5.048501ms
Round took 5.380391ms
Round took 3.829342ms
Round took 5.355728ms
Round took 5.147366ms
Round took 6.256673ms
Round took 4.858561ms
Round took 5.268081ms
Round took 4.949526ms
Round took 3.471942ms
Round took 5.520827ms
Round took 4.817286ms
Round took 5.639318ms
Round took 5.165496ms
Round took 4.551118ms
Round took 6.482685ms
Round took 3.792412ms
Round took 5.47458ms
Round took 4.96454ms
Round took 5.429568ms
Round took 5.390182ms
Round took 4.212157ms
Round took 5.809681ms
Round took 5.836548ms
Round took 4.324882ms
Round took 4.711946ms
Round took 5.798449ms
Round took 5.177159ms
Round took 4.58791ms
Round took 5.966959ms
Round took 6.317921ms
Round took 4.921918ms
Round took 4.993032ms
Round took 4.969371ms
Round took 5.06666ms
Round took 6.172487ms
Round took 4.490787ms
Round took 5.099718ms
Round took 5.139104ms
Round took 4.914269ms
Round took 5.004645ms
Round took 5.309349ms
Round took 4.921803ms
Round took 5.275979ms
Round took 4.755826ms
Round took 5.037476ms
Round took 6.238347ms
Round took 4.791145ms
Round took 4.78207ms
Round took 5.911904ms
Round took 4.469536ms
Round took 5.552442ms
Round took 5.365745ms
Round took 4.571586ms
Round took 5.14996ms
Round took 4.982628ms
Round took 4.862848ms
Round took 5.369701ms
Round took 4.758218ms
Round took 5.839499ms
Round took 5.673405ms
Round took 5.186753ms
Round took 5.053819ms
Round took 5.221747ms
Round took 4.834275ms
Round took 6.541368ms
Round took 6.242393ms
Round took 5.375831ms
Round took 5.03074ms
Round took 4.581665ms
Round took 5.777364ms
Round took 4.657277ms
Round took 5.031767ms
Round took 4.82258ms
Round took 5.053459ms
Round took 5.912583ms
Round took 4.911232ms
Round took 6.176536ms
Round took 4.57799ms
Round took 5.28ms
Round took 4.862652ms
Round took 5.550843ms
Round took 5.293889ms
Round took 4.446748ms
Round took 6.06471ms
Round took 3.97272ms
Round took 5.051106ms
Round took 4.748669ms
Round took 5.655418ms
Round took 4.870202ms
Round took 4.941165ms
Round took 5.849572ms
Round took 4.905314ms
Round took 4.955446ms
Round took 5.184647ms
Round took 5.610985ms
Round took 4.16499ms
Round took 4.994418ms
Round took 5.825851ms
Round took 4.159194ms
Round took 4.805626ms
Round took 5.287584ms
Round took 4.888464ms
Round took 5.371514ms
Round took 5.452499ms
Round took 4.831389ms
Round took 5.402486ms
Round took 4.708104ms
Round took 5.360422ms
Round took 5.600662ms
Round took 7.083244ms
Round took 4.914352ms
Round took 4.712539ms
Round took 3.906978ms
Round took 3.994471ms
Round took 5.259917ms
Round took 5.214995ms
Round took 5.995182ms
Round took 4.912624ms
Round took 6.462385ms
Round took 8.991736ms
Round took 5.38603ms
Round took 4.947304ms
Round took 5.105193ms
Round took 4.541788ms
Round took 5.378325ms
Round took 4.625509ms
Round took 5.367079ms
Round took 4.729721ms
Round took 5.460434ms
Round took 5.834283ms
Round took 4.613261ms
Round took 5.11127ms
Round took 4.04144ms
Round took 5.48568ms
Round took 5.075973ms
Round took 5.412689ms
Round took 5.831739ms
Round took 6.829749ms
Round took 4.798326ms
Round took 4.886364ms
Round took 5.156841ms
Round took 5.572673ms
Round took 3.761328ms
Round took 5.283441ms
Round took 5.240306ms
Round took 5.697149ms
Round took 4.298724ms
Round took 6.690167ms
Round took 6.543749ms
Round took 3.973367ms
Round took 5.214536ms
Round took 4.369294ms
Round took 4.955249ms
Round took 3.553772ms
Round took 5.274976ms
Round took 6.339446ms
Round took 4.70817ms
Round took 4.973192ms
Round took 5.039623ms
Round took 4.526655ms
Round took 5.842832ms
Round took 6.074459ms
Round took 4.555152ms
Round took 5.302272ms
Round took 4.618062ms
Round took 5.642519ms
Round took 5.667235ms
Round took 5.764954ms
Round took 6.216872ms
Round took 4.997857ms
Round took 5.159543ms
Round took 5.064894ms
Round took 5.151206ms
Round took 4.899092ms
Round took 5.2928ms
Round took 4.874657ms
Round took 5.453113ms
Round took 5.086672ms
Round took 4.761089ms
Round took 5.045615ms
Round took 5.288869ms
Round took 4.813197ms
Round took 4.659397ms
Round took 5.712935ms
Round took 4.59365ms
Round took 5.336438ms
Round took 5.032657ms
Round took 5.097462ms
Round took 5.667983ms
Round took 4.705497ms
Round took 5.375268ms
Round took 5.139582ms
Round took 5.081611ms
Round took 5.006081ms
Round took 5.071374ms
Round took 6.18049ms
Round took 5.332897ms
Round took 6.638916ms
Round took 4.680179ms
Round took 4.919713ms
Round took 5.403218ms
Round took 4.345705ms
Round took 6.862995ms
Round took 6.409413ms
Test took 5.214809347s
Successful: 10000
