Uniform distribution
2021/04/16 21:40:47 The leader is replica 0
Round took 6.626894ms
Round took 6.107485ms
Round took 6.403496ms
Round took 6.676351ms
Round took 6.932782ms
Round took 6.311272ms
Round took 4.031761ms
Round took 5.659911ms
Round took 5.348437ms
Round took 5.703713ms
Round took 5.038105ms
Round took 5.60307ms
Round took 3.782989ms
Round took 4.85424ms
Round took 5.086356ms
Round took 5.242276ms
Round took 5.615522ms
Round took 5.035533ms
Round took 5.373805ms
Round took 4.802254ms
Round took 4.949666ms
Round took 4.634048ms
Round took 5.238769ms
Round took 6.113071ms
Round took 4.762552ms
Round took 4.512402ms
Round took 4.871725ms
Round took 5.411568ms
Round took 4.893026ms
Round took 5.089127ms
Round took 5.75814ms
Round took 4.364623ms
Round took 5.146971ms
Round took 4.661961ms
Round took 5.343708ms
Round took 4.83544ms
Round took 4.951156ms
Round took 6.450987ms
Round took 6.274498ms
Round took 7.840799ms
Round took 7.175265ms
Round took 4.436927ms
Round took 3.986035ms
Round took 6.842951ms
Round took 5.106127ms
Round took 6.475235ms
Round took 4.228468ms
Round took 5.747322ms
Round took 5.088271ms
Round took 5.019337ms
Round took 4.425973ms
Round took 6.324254ms
Round took 5.741815ms
Round took 5.112827ms
Round took 5.557694ms
Round took 4.014976ms
Round took 3.851486ms
Round took 5.758707ms
Round took 5.767669ms
Round took 5.129149ms
Round took 4.931736ms
Round took 4.711929ms
Round took 5.767191ms
Round took 4.817614ms
Round took 4.119831ms
Round took 5.269712ms
Round took 6.20526ms
Round took 5.959353ms
Round took 5.186348ms
Round took 4.084511ms
Round took 4.944702ms
Round took 5.248773ms
Round took 5.137012ms
Round took 5.03129ms
Round took 5.095761ms
Round took 4.711148ms
Round took 5.164605ms
Round took 4.760657ms
Round took 4.968908ms
Round took 4.813282ms
Round took 4.529966ms
Round took 5.419669ms
Round took 4.664627ms
Round took 4.711595ms
Round took 5.92212ms
Round took 5.027486ms
Round took 5.234485ms
Round took 4.66061ms
Round took 5.445878ms
Round took 5.050941ms
Round took 4.883365ms
Round took 5.598515ms
Round took 4.534938ms
Round took 4.890948ms
Round took 4.961971ms
Round took 5.543803ms
Round took 5.106115ms
Round took 5.031947ms
Round took 5.141134ms
Round took 5.56557ms
Round took 4.536148ms
Round took 4.967903ms
Round took 4.793989ms
Round took 5.395462ms
Round took 4.786606ms
Round took 4.900438ms
Round took 5.758187ms
Round took 5.111004ms
Round took 3.944736ms
Round took 4.274502ms
Round took 5.176532ms
Round took 5.912713ms
Round took 5.035946ms
Round took 5.03396ms
Round took 4.980693ms
Round took 5.133778ms
Round took 4.969959ms
Round took 5.054607ms
Round took 5.336227ms
Round took 4.851924ms
Round took 4.859262ms
Round took 5.213582ms
Round took 5.501283ms
Round took 4.541449ms
Round took 5.045651ms
Round took 5.432206ms
Round took 4.909386ms
Round took 5.284941ms
Round took 4.499567ms
Round took 5.527647ms
Round took 5.377649ms
Round took 5.192141ms
Round took 5.248269ms
Round took 5.549277ms
Round took 4.334889ms
Round took 4.532201ms
Round took 5.416729ms
Round took 5.070958ms
Round took 4.566334ms
Round took 4.86658ms
Round took 5.919542ms
Round took 4.196561ms
Round took 5.248129ms
Round took 4.776698ms
Round took 5.804714ms
Round took 5.250091ms
Round took 6.851009ms
Round took 4.85485ms
Round took 5.101407ms
Round took 4.571305ms
Round took 3.785308ms
Round took 4.128435ms
Round took 5.879872ms
Round took 5.548364ms
Round took 5.692079ms
Round took 4.663702ms
Round took 4.09119ms
Round took 5.453414ms
Round took 4.534941ms
Round took 5.550855ms
Round took 4.69922ms
Round took 4.693418ms
Round took 5.285744ms
Round took 5.048858ms
Round took 5.380397ms
Round took 4.458648ms
Round took 4.99149ms
Round took 5.041516ms
Round took 5.093089ms
Round took 4.956508ms
Round took 5.617807ms
Round took 5.289879ms
Round took 4.411225ms
Round took 5.142795ms
Round took 5.51468ms
Round took 4.471166ms
Round took 5.573738ms
Round took 5.140568ms
Round took 4.667344ms
Round took 5.093945ms
Round took 5.278862ms
Round took 5.327408ms
Round took 5.034677ms
Round took 4.59691ms
Round took 5.176227ms
Round took 5.827578ms
Round took 4.345737ms
Round took 4.798151ms
Round took 6.038565ms
Round took 4.734692ms
Round took 4.760335ms
Round took 5.04763ms
Round took 5.675937ms
Round took 5.102016ms
Round took 4.965378ms
Round took 4.677653ms
Round took 5.953171ms
Round took 4.792393ms
Round took 5.611836ms
Round took 4.89192ms
Round took 4.961692ms
Round took 5.044986ms
Round took 5.353637ms
Round took 5.060756ms
Round took 4.445303ms
Round took 4.797004ms
Round took 5.687891ms
Round took 4.965629ms
Round took 4.372701ms
Round took 5.480764ms
Round took 4.925977ms
Round took 5.193579ms
Round took 4.73358ms
Round took 4.875316ms
Round took 5.760278ms
Round took 5.527068ms
Round took 4.689367ms
Round took 5.713668ms
Round took 5.016971ms
Round took 4.371781ms
Round took 4.578246ms
Round took 5.585854ms
Round took 5.343856ms
Round took 5.092293ms
Round took 4.841576ms
Round took 5.469471ms
Round took 5.022235ms
Round took 4.815713ms
Round took 5.280781ms
Round took 5.332304ms
Round took 4.430481ms
Round took 5.535943ms
Round took 4.901152ms
Round took 4.965858ms
Round took 4.830606ms
Round took 4.792663ms
Round took 6.332179ms
Round took 4.128001ms
Round took 5.245433ms
Round took 4.931649ms
Round took 5.216259ms
Round took 4.835906ms
Round took 4.941096ms
Round took 6.010875ms
Round took 4.628182ms
Round took 5.09287ms
Round took 4.724594ms
Round took 5.444547ms
Round took 4.512514ms
Round took 5.145772ms
Round took 5.67226ms
Round took 4.480769ms
Round took 5.2677ms
Round took 5.056305ms
Round took 5.257681ms
Round took 4.568119ms
Round took 5.460811ms
Round took 5.377233ms
Round took 4.436559ms
Round took 6.28303ms
Round took 6.362765ms
Round took 4.868255ms
Round took 3.791915ms
Round took 4.170367ms
Round took 4.847721ms
Round took 5.64945ms
Round took 4.730078ms
Round took 4.739072ms
Round took 5.15996ms
Round took 5.597236ms
Round took 4.547675ms
Round took 4.934145ms
Round took 5.078813ms
Round took 5.25268ms
Round took 4.874407ms
Round took 5.353435ms
Round took 5.264079ms
Round took 4.769586ms
Round took 5.700404ms
Round took 5.802905ms
Round took 4.115356ms
Round took 4.547383ms
Round took 5.005084ms
Round took 5.054058ms
Round took 5.467079ms
Round took 4.964901ms
Round took 5.17328ms
Round took 5.297912ms
Round took 4.612284ms
Round took 5.249344ms
Round took 5.596456ms
Round took 4.685403ms
Round took 5.417013ms
Round took 4.623302ms
Round took 5.316404ms
Round took 4.893784ms
Round took 5.102992ms
Round took 6.005694ms
Round took 5.140874ms
Round took 5.197008ms
Round took 5.885005ms
Round took 4.232071ms
Round took 5.016659ms
Round took 5.001104ms
Round took 5.244119ms
Round took 4.967447ms
Round took 5.281661ms
Round took 4.93964ms
Round took 5.768999ms
Round took 4.677807ms
Round took 5.227421ms
Round took 5.639001ms
Round took 4.383707ms
Round took 4.683181ms
Round took 5.876876ms
Round took 6.906653ms
Round took 5.262072ms
Round took 5.126619ms
Round took 4.820501ms
Round took 5.259386ms
Round took 4.889792ms
Round took 5.369685ms
Round took 4.718968ms
Round took 5.968154ms
Round took 4.375753ms
Round took 5.059864ms
Round took 4.933525ms
Round took 5.083533ms
Round took 5.201656ms
Round took 4.993916ms
Round took 4.930766ms
Round took 5.079407ms
Round took 5.115865ms
Round took 4.809901ms
Round took 5.259509ms
Round took 4.9358ms
Round took 5.002887ms
Round took 5.004797ms
Round took 5.664152ms
Round took 5.062646ms
Round took 5.451694ms
Round took 4.565408ms
Round took 5.1079ms
Round took 5.268519ms
Round took 5.081331ms
Round took 5.101845ms
Round took 5.40492ms
Round took 4.521751ms
Round took 5.089698ms
Round took 5.225147ms
Round took 5.153288ms
Round took 5.060953ms
Round took 5.746311ms
Round took 4.548178ms
Round took 5.035707ms
Round took 5.15805ms
Round took 5.055576ms
Round took 5.209136ms
Round took 4.500933ms
Round took 5.602057ms
Round took 5.2234ms
Round took 4.829668ms
Round took 4.623841ms
Round took 5.90016ms
Round took 4.647199ms
Round took 4.642174ms
Round took 5.493789ms
Round took 5.248918ms
Round took 4.993817ms
Round took 5.228991ms
Round took 4.651742ms
Round took 5.359061ms
Round took 5.208985ms
Round took 5.014733ms
Round took 6.02851ms
Round took 3.840322ms
Round took 5.636504ms
Round took 4.429118ms
Round took 5.092654ms
Round took 5.456304ms
Round took 4.607958ms
Round took 5.210599ms
Round took 5.190582ms
Round took 5.383219ms
Round took 4.369487ms
Round took 5.547472ms
Round took 5.08858ms
Round took 4.751414ms
Round took 5.062154ms
Round took 4.699962ms
Round took 5.377915ms
Round took 4.930828ms
Round took 4.940418ms
Round took 5.385619ms
Round took 4.910265ms
Round took 5.159808ms
Round took 4.603567ms
Round took 5.272103ms
Round took 5.46917ms
Round took 4.887523ms
Round took 6.034125ms
Round took 4.443154ms
Round took 5.157406ms
Round took 4.603193ms
Round took 5.757431ms
Round took 5.160336ms
Round took 5.003612ms
Round took 6.797207ms
Round took 5.26722ms
Round took 5.505377ms
Round took 3.712374ms
Round took 18.113593ms
Round took 4.996832ms
Round took 5.122729ms
Round took 4.833136ms
Round took 5.34537ms
Round took 5.953387ms
Round took 5.108755ms
Round took 4.956747ms
Round took 4.45301ms
Round took 4.9961ms
Round took 5.416379ms
Round took 5.761625ms
Round took 5.396644ms
Round took 4.863428ms
Round took 3.372051ms
Round took 5.754697ms
Round took 5.493807ms
Round took 5.008532ms
Round took 4.906442ms
Round took 4.851455ms
Round took 5.567275ms
Round took 4.907118ms
Round took 4.995972ms
Round took 5.633199ms
Round took 4.72106ms
Round took 5.255961ms
Round took 4.869714ms
Round took 4.928547ms
Round took 5.052592ms
Round took 4.596815ms
Round took 4.783593ms
Round took 5.546759ms
Round took 4.773896ms
Round took 5.173517ms
Round took 4.930397ms
Round took 5.106133ms
Round took 5.240312ms
Round took 4.618815ms
Round took 5.667579ms
Round took 4.617834ms
Round took 4.731144ms
Round took 5.384254ms
Round took 5.110707ms
Round took 5.244019ms
Round took 4.677044ms
Round took 5.254977ms
Round took 6.200735ms
Round took 4.217071ms
Round took 4.536216ms
Round took 5.310143ms
Round took 5.060193ms
Round took 4.848331ms
Round took 5.263112ms
Round took 5.701127ms
Round took 4.577542ms
Round took 4.611299ms
Round took 5.157765ms
Round took 5.209223ms
Round took 5.194208ms
Round took 5.010072ms
Round took 5.067258ms
Round took 5.313899ms
Round took 4.549085ms
Round took 5.188734ms
Round took 5.459535ms
Round took 4.881583ms
Round took 4.942634ms
Round took 4.899301ms
Round took 5.499575ms
Round took 5.058263ms
Round took 4.812759ms
Round took 5.173411ms
Round took 5.028015ms
Round took 4.969375ms
Round took 4.917057ms
Round took 5.46296ms
Round took 5.941245ms
Round took 4.483963ms
Round took 5.085797ms
Round took 5.376515ms
Round took 4.639777ms
Round took 4.507794ms
Round took 6.268411ms
Round took 3.902765ms
Round took 5.358004ms
Round took 4.610479ms
Round took 6.193468ms
Round took 4.260422ms
Round took 4.852017ms
Round took 5.306476ms
Round took 5.459214ms
Round took 4.886846ms
Round took 5.032641ms
Round took 4.978878ms
Round took 5.105503ms
Round took 5.178918ms
Round took 4.799786ms
Round took 5.730819ms
Round took 4.999369ms
Round took 4.400824ms
Round took 5.188529ms
Round took 5.572529ms
Round took 5.120153ms
Round took 4.625572ms
Round took 5.232375ms
Round took 4.939588ms
Round took 5.372324ms
Round took 4.303959ms
Round took 4.965474ms
Round took 4.979772ms
Round took 5.162057ms
Round took 5.087563ms
Round took 5.174005ms
Round took 4.919679ms
Round took 4.940505ms
Round took 5.154965ms
Round took 5.460583ms
Round took 4.648867ms
Round took 5.295643ms
Round took 4.846876ms
Round took 5.890829ms
Round took 4.515007ms
Round took 5.399211ms
Round took 5.317099ms
Round took 4.452105ms
Round took 4.729975ms
Round took 5.001564ms
Round took 5.3302ms
Round took 4.958014ms
Round took 4.980406ms
Round took 4.922762ms
Round took 5.45479ms
Round took 5.296997ms
Round took 4.847482ms
Round took 6.120133ms
Round took 4.792481ms
Round took 4.992407ms
Round took 5.329994ms
Round took 4.767713ms
Round took 5.061376ms
Round took 4.395283ms
Round took 5.439026ms
Round took 4.872431ms
Round took 5.42803ms
Round took 4.565932ms
Round took 5.600238ms
Round took 4.737598ms
Round took 5.439462ms
Round took 4.811107ms
Round took 6.027058ms
Round took 4.726617ms
Round took 4.657708ms
Round took 6.158771ms
Round took 4.923972ms
Round took 4.274005ms
Round took 5.390926ms
Round took 5.091268ms
Round took 4.806536ms
Round took 5.303569ms
Round took 4.618606ms
Round took 5.767298ms
Round took 5.084936ms
Round took 5.100594ms
Round took 5.594051ms
Round took 4.494049ms
Round took 5.093244ms
Round took 4.597335ms
Round took 5.606757ms
Round took 4.909292ms
Round took 4.553617ms
Round took 5.113812ms
Round took 5.937259ms
Round took 4.557601ms
Round took 4.871854ms
Round took 5.091239ms
Round took 5.727765ms
Round took 4.459542ms
Round took 5.029235ms
Round took 5.240097ms
Round took 4.913406ms
Round took 5.18901ms
Round took 4.406559ms
Round took 5.605594ms
Round took 5.29838ms
Round took 4.464288ms
Round took 5.261526ms
Round took 5.563881ms
Round took 4.689991ms
Round took 5.182329ms
Round took 5.705294ms
Round took 4.261058ms
Round took 5.273173ms
Round took 4.740265ms
Round took 6.27314ms
Round took 3.835278ms
Round took 5.274347ms
Round took 5.852279ms
Round took 4.728632ms
Round took 5.134662ms
Round took 4.772523ms
Round took 5.297799ms
Round took 4.838141ms
Round took 4.927287ms
Round took 5.333565ms
Round took 5.353766ms
Round took 5.549059ms
Round took 4.266103ms
Round took 5.296883ms
Round took 5.582364ms
Round took 4.572249ms
Round took 5.720856ms
Round took 4.39861ms
Round took 5.441672ms
Round took 5.002341ms
Round took 6.660176ms
Round took 4.891732ms
Round took 4.108218ms
Round took 5.688386ms
Round took 4.488801ms
Round took 5.191982ms
Round took 4.700273ms
Round took 5.943791ms
Round took 4.425829ms
Round took 4.589164ms
Round took 4.963468ms
Round took 5.626303ms
Round took 4.95436ms
Round took 5.034101ms
Round took 5.53355ms
Round took 4.994529ms
Round took 5.155246ms
Round took 4.562236ms
Round took 5.41754ms
Round took 4.856332ms
Round took 4.498087ms
Round took 5.275987ms
Round took 5.196188ms
Round took 5.405573ms
Round took 4.601047ms
Round took 5.045706ms
Round took 5.461097ms
Round took 5.469818ms
Round took 4.593567ms
Round took 5.980651ms
Round took 4.277506ms
Round took 5.000877ms
Round took 4.691925ms
Round took 5.590115ms
Round took 5.961477ms
Round took 4.156662ms
Round took 5.357153ms
Round took 4.501738ms
Round took 4.814211ms
Round took 4.560761ms
Round took 4.986643ms
Round took 6.045067ms
Round took 4.642517ms
Round took 4.750406ms
Round took 5.118104ms
Round took 5.328408ms
Round took 4.634474ms
Round took 5.054967ms
Round took 5.763263ms
Round took 5.207205ms
Round took 4.350484ms
Round took 5.1212ms
Round took 4.86544ms
Round took 6.353765ms
Round took 5.497015ms
Round took 4.452539ms
Round took 5.297028ms
Round took 4.898586ms
Round took 4.615764ms
Round took 5.023562ms
Round took 5.624557ms
Round took 4.192498ms
Round took 6.236641ms
Round took 3.837098ms
Round took 5.284892ms
Round took 4.917998ms
Round took 5.380183ms
Round took 5.887036ms
Round took 4.007692ms
Round took 5.165087ms
Round took 5.037947ms
Round took 4.534993ms
Round took 5.622145ms
Round took 4.979371ms
Round took 5.634826ms
Round took 5.517084ms
Round took 4.293815ms
Round took 4.760157ms
Round took 5.608265ms
Round took 5.263015ms
Round took 5.46566ms
Round took 5.697141ms
Round took 6.286738ms
Round took 6.437657ms
Round took 4.477765ms
Round took 4.658224ms
Round took 5.19067ms
Round took 4.325413ms
Round took 5.233271ms
Round took 5.121955ms
Round took 5.093752ms
Round took 5.074711ms
Round took 5.029023ms
Round took 5.202282ms
Round took 4.740897ms
Round took 5.320278ms
Round took 4.792668ms
Round took 5.178361ms
Round took 5.116126ms
Round took 5.082755ms
Round took 5.837526ms
Round took 4.416569ms
Round took 5.028703ms
Round took 5.238402ms
Round took 5.157405ms
Round took 4.909879ms
Round took 5.06209ms
Round took 5.194867ms
Round took 4.784839ms
Round took 5.490729ms
Round took 4.824792ms
Round took 5.601587ms
Round took 4.662634ms
Round took 4.940502ms
Round took 5.183022ms
Round took 5.104513ms
Round took 5.06942ms
Round took 5.206527ms
Round took 5.344322ms
Round took 4.886676ms
Round took 4.619809ms
Round took 5.044933ms
Round took 5.639947ms
Round took 4.609586ms
Round took 5.017374ms
Round took 5.1916ms
Round took 5.273666ms
Round took 5.009422ms
Round took 5.084957ms
Round took 5.686513ms
Round took 5.934623ms
Round took 4.64623ms
Round took 4.717027ms
Round took 4.372513ms
Round took 5.093212ms
Round took 4.825238ms
Round took 5.232172ms
Round took 5.827885ms
Round took 4.63633ms
Round took 4.799643ms
Round took 4.71863ms
Round took 5.486106ms
Round took 4.85984ms
Round took 4.914864ms
Round took 5.588985ms
Round took 4.675014ms
Round took 5.414881ms
Round took 4.520876ms
Round took 5.66834ms
Round took 4.907222ms
Round took 5.279212ms
Round took 4.856806ms
Round took 4.893996ms
Round took 5.298456ms
Round took 4.820375ms
Round took 6.198186ms
Round took 4.391838ms
Round took 5.215113ms
Round took 5.14323ms
Round took 5.144606ms
Round took 5.291828ms
Round took 4.33383ms
Round took 6.072194ms
Round took 4.497184ms
Round took 4.606043ms
Round took 4.942643ms
Round took 5.140543ms
Round took 5.520741ms
Round took 4.414679ms
Round took 5.132665ms
Round took 5.378561ms
Round took 4.956465ms
Round took 5.03376ms
Round took 6.262617ms
Round took 4.524998ms
Round took 5.034156ms
Round took 4.718824ms
Round took 5.9593ms
Round took 5.192379ms
Round took 4.795608ms
Round took 4.698777ms
Round took 5.562786ms
Round took 4.48617ms
Round took 5.582689ms
Round took 5.349432ms
Round took 4.284128ms
Round took 5.223064ms
Round took 4.937684ms
Round took 5.176736ms
Round took 4.725631ms
Round took 4.490216ms
Round took 5.040163ms
Round took 5.334314ms
Round took 5.079465ms
Round took 4.937499ms
Round took 5.383147ms
Round took 4.832848ms
Round took 5.634229ms
Round took 4.287138ms
Round took 6.130545ms
Round took 5.006739ms
Round took 4.974142ms
Round took 4.640616ms
Round took 5.795437ms
Round took 4.144432ms
Round took 5.281233ms
Round took 4.773562ms
Round took 5.136106ms
Round took 5.948007ms
Round took 4.722885ms
Round took 5.906903ms
Round took 4.01509ms
Round took 4.887979ms
Round took 4.900174ms
Round took 5.494114ms
Round took 5.165836ms
Round took 4.480972ms
Round took 5.150754ms
Round took 5.171518ms
Round took 4.93557ms
Round took 4.835711ms
Round took 5.284221ms
Round took 5.056609ms
Round took 4.898912ms
Round took 5.286358ms
Round took 5.070544ms
Round took 4.987089ms
Round took 4.741518ms
Round took 4.958523ms
Round took 5.409572ms
Round took 4.76795ms
Round took 4.863515ms
Round took 4.90293ms
Round took 6.009612ms
Round took 4.022292ms
Round took 4.986051ms
Round took 5.455595ms
Round took 5.459793ms
Round took 4.158184ms
Round took 5.152517ms
Round took 5.297164ms
Round took 5.108952ms
Round took 4.884661ms
Round took 5.124958ms
Round took 7.152814ms
Round took 4.420616ms
Round took 4.586263ms
Round took 3.926259ms
Round took 5.290364ms
Round took 5.188821ms
Round took 5.577784ms
Round took 4.96904ms
Round took 5.731843ms
Round took 4.352707ms
Round took 6.528141ms
Round took 4.475372ms
Round took 4.881627ms
Round took 5.086557ms
Round took 5.12055ms
Round took 4.909004ms
Round took 5.108324ms
Round took 4.932919ms
Round took 5.210144ms
Round took 4.940955ms
Round took 5.011355ms
Round took 5.55073ms
Round took 4.545973ms
Round took 4.82568ms
Round took 5.527764ms
Round took 4.958757ms
Round took 5.022987ms
Round took 5.113637ms
Round took 4.999109ms
Round took 6.536763ms
Round took 5.074769ms
Round took 5.109253ms
Round took 5.197495ms
Round took 4.776317ms
Round took 3.791763ms
Round took 5.245085ms
Round took 5.307118ms
Round took 5.656859ms
Round took 4.478593ms
Round took 6.972342ms
Round took 6.384737ms
Round took 4.310525ms
Round took 4.783064ms
Round took 4.673921ms
Round took 4.695955ms
Round took 3.555834ms
Round took 5.301019ms
Round took 5.61464ms
Round took 4.496745ms
Round took 5.00575ms
Round took 5.088343ms
Round took 5.035063ms
Round took 5.888328ms
Round took 6.055281ms
Round took 4.197328ms
Round took 5.210103ms
Round took 4.652471ms
Round took 5.257562ms
Round took 5.155143ms
Round took 4.375992ms
Round took 5.006216ms
Round took 4.829309ms
Round took 4.857253ms
Round took 5.201718ms
Round took 5.281856ms
Round took 5.800844ms
Round took 4.208847ms
Round took 5.425178ms
Round took 4.744824ms
Round took 5.183642ms
Round took 5.15286ms
Round took 4.7035ms
Round took 5.168104ms
Round took 5.496126ms
Round took 4.550673ms
Round took 4.545362ms
Round took 6.001787ms
Round took 4.281464ms
Round took 5.306967ms
Round took 4.95866ms
Round took 5.342079ms
Round took 4.977935ms
Round took 4.525673ms
Round took 5.319977ms
Round took 5.160171ms
Round took 5.057744ms
Round took 5.045218ms
Round took 5.12337ms
Round took 4.969318ms
Round took 5.380245ms
Round took 5.239235ms
Round took 5.488638ms
Round took 4.852718ms
Round took 4.682337ms
Round took 4.497497ms
Round took 6.3749ms
Round took 4.884354ms
Round took 6.022774ms
Round took 5.487204ms
Round took 4.081828ms
Round took 4.500127ms
Round took 4.775106ms
Round took 5.767087ms
Round took 4.705332ms
Round took 5.141475ms
Round took 6.307407ms
Round took 4.46438ms
Round took 5.098956ms
Round took 4.838976ms
Round took 5.114656ms
Round took 5.22517ms
Round took 4.854508ms
Round took 5.597529ms
Round took 4.701948ms
Round took 5.101074ms
Round took 5.033551ms
Round took 4.951343ms
Round took 5.100088ms
Round took 5.134995ms
Round took 5.00372ms
Round took 5.406788ms
Round took 5.043427ms
Round took 4.98444ms
Round took 5.16879ms
Round took 5.001856ms
Round took 5.246911ms
Round took 4.6143ms
Round took 5.205956ms
Round took 5.139893ms
Round took 5.020427ms
Round took 5.433473ms
Test took 5.12957447s
Successful: 10000
