Uniform distribution
2021/04/16 21:40:47 The leader is replica 0
Round took 5.86975ms
Round took 6.484166ms
Round took 6.950948ms
Round took 9.489872ms
Round took 4.245323ms
Round took 3.994601ms
Round took 5.657431ms
Round took 5.032381ms
Round took 4.893832ms
Round took 6.6598ms
Round took 4.387127ms
Round took 3.656577ms
Round took 5.068843ms
Round took 5.647776ms
Round took 4.932044ms
Round took 5.543857ms
Round took 5.657266ms
Round took 4.712314ms
Round took 4.811631ms
Round took 4.965403ms
Round took 5.269224ms
Round took 5.016066ms
Round took 5.75709ms
Round took 5.238597ms
Round took 4.445761ms
Round took 4.366625ms
Round took 5.376934ms
Round took 4.903299ms
Round took 5.454549ms
Round took 5.589194ms
Round took 4.372004ms
Round took 6.086644ms
Round took 3.636849ms
Round took 5.386948ms
Round took 4.333954ms
Round took 4.916872ms
Round took 6.63602ms
Round took 6.852191ms
Round took 8.033494ms
Round took 7.214189ms
Round took 3.278181ms
Round took 4.056055ms
Round took 7.010966ms
Round took 6.107891ms
Round took 5.839559ms
Round took 4.544046ms
Round took 5.719152ms
Round took 4.455176ms
Round took 5.133453ms
Round took 4.069694ms
Round took 6.842478ms
Round took 5.276904ms
Round took 5.518685ms
Round took 5.085394ms
Round took 3.597408ms
Round took 3.772674ms
Round took 5.803522ms
Round took 5.72263ms
Round took 5.115705ms
Round took 4.977802ms
Round took 4.708336ms
Round took 5.833899ms
Round took 4.960344ms
Round took 4.077918ms
Round took 5.352988ms
Round took 6.352113ms
Round took 6.081219ms
Round took 4.903798ms
Round took 4.100187ms
Round took 5.011354ms
Round took 5.315873ms
Round took 5.091856ms
Round took 5.242695ms
Round took 5.020366ms
Round took 4.690181ms
Round took 5.109902ms
Round took 4.775174ms
Round took 4.975552ms
Round took 6.132209ms
Round took 4.265487ms
Round took 4.793703ms
Round took 4.965701ms
Round took 4.866957ms
Round took 6.284971ms
Round took 4.202554ms
Round took 5.181448ms
Round took 5.158513ms
Round took 4.904397ms
Round took 5.033253ms
Round took 4.778271ms
Round took 5.600082ms
Round took 4.694903ms
Round took 4.786602ms
Round took 5.209271ms
Round took 5.480708ms
Round took 5.160813ms
Round took 4.995308ms
Round took 5.423941ms
Round took 5.357551ms
Round took 4.56411ms
Round took 5.712691ms
Round took 4.629263ms
Round took 5.056406ms
Round took 4.908637ms
Round took 5.485294ms
Round took 5.583432ms
Round took 5.193132ms
Round took 4.942509ms
Round took 5.031866ms
Round took 6.814026ms
Round took 4.998583ms
Round took 4.925334ms
Round took 4.921421ms
Round took 5.283557ms
Round took 5.154542ms
Round took 5.023397ms
Round took 5.770105ms
Round took 4.635582ms
Round took 4.623016ms
Round took 5.274638ms
Round took 5.543454ms
Round took 4.57895ms
Round took 4.837903ms
Round took 4.970924ms
Round took 5.361279ms
Round took 5.318237ms
Round took 4.515693ms
Round took 5.271297ms
Round took 5.468781ms
Round took 5.169282ms
Round took 4.68906ms
Round took 5.984971ms
Round took 4.356414ms
Round took 4.54829ms
Round took 5.39549ms
Round took 5.180432ms
Round took 4.747431ms
Round took 4.896572ms
Round took 5.201596ms
Round took 5.36309ms
Round took 5.315032ms
Round took 4.816891ms
Round took 5.806742ms
Round took 5.289525ms
Round took 6.869567ms
Round took 4.839894ms
Round took 5.058015ms
Round took 4.619985ms
Round took 3.896203ms
Round took 4.136315ms
Round took 5.89259ms
Round took 5.540288ms
Round took 5.743259ms
Round took 4.717451ms
Round took 4.086963ms
Round took 5.474789ms
Round took 5.235471ms
Round took 4.868939ms
Round took 4.832043ms
Round took 4.622813ms
Round took 5.274882ms
Round took 4.997938ms
Round took 5.188833ms
Round took 4.499181ms
Round took 4.949896ms
Round took 5.046166ms
Round took 5.085074ms
Round took 5.280321ms
Round took 5.305114ms
Round took 5.267552ms
Round took 4.333492ms
Round took 5.29271ms
Round took 5.572198ms
Round took 4.458133ms
Round took 5.556233ms
Round took 5.156078ms
Round took 4.674947ms
Round took 5.112381ms
Round took 5.273592ms
Round took 5.299105ms
Round took 4.994313ms
Round took 4.852123ms
Round took 5.466708ms
Round took 5.638274ms
Round took 4.298315ms
Round took 4.78959ms
Round took 5.857419ms
Round took 5.250913ms
Round took 4.750055ms
Round took 5.761821ms
Round took 4.97349ms
Round took 5.196899ms
Round took 6.369446ms
Round took 3.247243ms
Round took 5.832763ms
Round took 4.808087ms
Round took 5.650522ms
Round took 4.787385ms
Round took 5.180888ms
Round took 5.494359ms
Round took 4.831358ms
Round took 5.128872ms
Round took 5.940827ms
Round took 4.314334ms
Round took 4.813675ms
Round took 4.972386ms
Round took 4.753548ms
Round took 5.843095ms
Round took 4.177386ms
Round took 5.188489ms
Round took 4.628646ms
Round took 5.019656ms
Round took 5.462309ms
Round took 5.57836ms
Round took 4.662357ms
Round took 5.649063ms
Round took 5.126146ms
Round took 5.438554ms
Round took 3.78044ms
Round took 5.387835ms
Round took 5.48325ms
Round took 5.469789ms
Round took 4.344254ms
Round took 5.48599ms
Round took 5.453905ms
Round took 4.70838ms
Round took 4.976451ms
Round took 5.329293ms
Round took 4.905001ms
Round took 5.096509ms
Round took 4.306911ms
Round took 5.137659ms
Round took 5.535722ms
Round took 4.510238ms
Round took 6.138055ms
Round took 4.013214ms
Round took 5.636853ms
Round took 4.427239ms
Round took 5.227643ms
Round took 4.85416ms
Round took 5.68531ms
Round took 5.765917ms
Round took 4.64021ms
Round took 5.743533ms
Round took 4.127964ms
Round took 5.256456ms
Round took 4.804705ms
Round took 5.489134ms
Round took 5.42378ms
Round took 4.533337ms
Round took 5.570165ms
Round took 4.486538ms
Round took 5.162985ms
Round took 4.578907ms
Round took 5.902789ms
Round took 4.841633ms
Round took 3.957756ms
Round took 7.323895ms
Round took 5.484539ms
Round took 4.914009ms
Round took 4.7607ms
Round took 4.094362ms
Round took 4.881391ms
Round took 5.158254ms
Round took 4.694645ms
Round took 5.897135ms
Round took 4.364902ms
Round took 5.232541ms
Round took 4.56427ms
Round took 5.750688ms
Round took 4.55762ms
Round took 4.918049ms
Round took 4.939233ms
Round took 5.349953ms
Round took 5.297668ms
Round took 4.817168ms
Round took 6.660121ms
Round took 4.48444ms
Round took 4.210222ms
Round took 4.562131ms
Round took 6.047367ms
Round took 5.460125ms
Round took 4.658238ms
Round took 5.406008ms
Round took 4.873756ms
Round took 4.761794ms
Round took 4.689561ms
Round took 5.441921ms
Round took 5.75935ms
Round took 4.614657ms
Round took 5.890485ms
Round took 3.916576ms
Round took 5.047616ms
Round took 4.884933ms
Round took 5.795923ms
Round took 5.46812ms
Round took 4.245259ms
Round took 5.166486ms
Round took 5.931225ms
Round took 4.23644ms
Round took 4.554987ms
Round took 5.012043ms
Round took 5.045825ms
Round took 4.827683ms
Round took 5.226332ms
Round took 4.860056ms
Round took 5.773854ms
Round took 4.747808ms
Round took 5.257078ms
Round took 5.675895ms
Round took 4.433721ms
Round took 4.651037ms
Round took 5.846627ms
Round took 5.330869ms
Round took 4.680672ms
Round took 4.876975ms
Round took 5.64738ms
Round took 4.410356ms
Round took 4.658295ms
Round took 4.352229ms
Round took 5.511497ms
Round took 5.247646ms
Round took 5.69329ms
Round took 4.362629ms
Round took 5.851457ms
Round took 4.832625ms
Round took 4.370235ms
Round took 5.483638ms
Round took 5.113897ms
Round took 4.534083ms
Round took 5.013566ms
Round took 5.424836ms
Round took 5.393242ms
Round took 5.575915ms
Round took 4.476534ms
Round took 5.300968ms
Round took 4.882062ms
Round took 5.460712ms
Round took 5.145078ms
Round took 5.324838ms
Round took 4.834153ms
Round took 4.888262ms
Round took 5.74093ms
Round took 4.722832ms
Round took 4.688459ms
Round took 5.257113ms
Round took 4.743352ms
Round took 5.531627ms
Round took 4.712203ms
Round took 5.701213ms
Round took 4.711295ms
Round took 5.375477ms
Round took 4.457994ms
Round took 5.000822ms
Round took 5.798926ms
Round took 4.656179ms
Round took 5.878148ms
Round took 3.656ms
Round took 5.811376ms
Round took 5.164464ms
Round took 5.271437ms
Round took 5.049397ms
Round took 4.873977ms
Round took 4.677533ms
Round took 4.81335ms
Round took 5.925943ms
Round took 4.151068ms
Round took 4.97646ms
Round took 5.801767ms
Round took 4.623349ms
Round took 4.969484ms
Round took 5.214183ms
Round took 5.537836ms
Round took 5.657428ms
Round took 4.12868ms
Round took 6.119148ms
Round took 3.992316ms
Round took 4.775457ms
Round took 5.560788ms
Round took 5.847935ms
Round took 5.130436ms
Round took 4.72309ms
Round took 5.746954ms
Round took 3.721301ms
Round took 5.533765ms
Round took 4.99357ms
Round took 5.664049ms
Round took 5.281694ms
Round took 4.452385ms
Round took 4.853155ms
Round took 5.274567ms
Round took 4.810548ms
Round took 5.315018ms
Round took 5.582311ms
Round took 5.126239ms
Round took 3.950081ms
Round took 5.298313ms
Round took 6.146289ms
Round took 5.236728ms
Round took 4.460559ms
Round took 4.470948ms
Round took 5.852226ms
Round took 3.939282ms
Round took 5.382309ms
Round took 6.384289ms
Round took 3.913139ms
Round took 7.286637ms
Round took 5.08902ms
Round took 4.769937ms
Round took 3.55171ms
Round took 17.984309ms
Round took 4.944115ms
Round took 4.881733ms
Round took 4.813071ms
Round took 5.892261ms
Round took 5.979134ms
Round took 4.80462ms
Round took 5.565583ms
Round took 3.944354ms
Round took 4.864381ms
Round took 6.187832ms
Round took 5.579768ms
Round took 5.435611ms
Round took 4.154807ms
Round took 3.470539ms
Round took 6.426393ms
Round took 4.923399ms
Round took 5.24792ms
Round took 5.319874ms
Round took 5.042849ms
Round took 5.036999ms
Round took 4.977427ms
Round took 5.626061ms
Round took 3.98858ms
Round took 4.495025ms
Round took 5.256883ms
Round took 5.582815ms
Round took 4.565158ms
Round took 5.016046ms
Round took 4.808407ms
Round took 5.078124ms
Round took 5.588912ms
Round took 4.774665ms
Round took 5.720445ms
Round took 4.492806ms
Round took 5.114194ms
Round took 5.303594ms
Round took 4.396751ms
Round took 5.704571ms
Round took 4.695762ms
Round took 4.823262ms
Round took 6.05393ms
Round took 4.260653ms
Round took 5.085544ms
Round took 4.486288ms
Round took 6.500891ms
Round took 4.970442ms
Round took 4.319517ms
Round took 4.526873ms
Round took 5.349766ms
Round took 4.970344ms
Round took 4.910071ms
Round took 6.066089ms
Round took 4.403075ms
Round took 5.137578ms
Round took 4.325289ms
Round took 5.356981ms
Round took 4.9249ms
Round took 5.231983ms
Round took 5.16075ms
Round took 5.517967ms
Round took 4.907659ms
Round took 4.620624ms
Round took 5.247365ms
Round took 5.368991ms
Round took 4.975955ms
Round took 5.147965ms
Round took 5.541292ms
Round took 4.288889ms
Round took 5.455917ms
Round took 4.83106ms
Round took 5.48374ms
Round took 4.513397ms
Round took 4.791198ms
Round took 4.897809ms
Round took 5.48358ms
Round took 5.960218ms
Round took 4.555276ms
Round took 5.532775ms
Round took 4.894965ms
Round took 5.103275ms
Round took 4.434386ms
Round took 6.310198ms
Round took 3.675425ms
Round took 5.279599ms
Round took 4.602552ms
Round took 6.10673ms
Round took 4.244085ms
Round took 4.694841ms
Round took 5.376604ms
Round took 5.899325ms
Round took 4.819151ms
Round took 4.963782ms
Round took 5.468626ms
Round took 4.51834ms
Round took 5.100663ms
Round took 4.905797ms
Round took 5.468677ms
Round took 5.001762ms
Round took 4.371331ms
Round took 5.383732ms
Round took 5.38958ms
Round took 4.984076ms
Round took 4.68533ms
Round took 5.442049ms
Round took 4.734339ms
Round took 5.404826ms
Round took 4.306193ms
Round took 5.738967ms
Round took 4.821912ms
Round took 4.520777ms
Round took 5.158735ms
Round took 5.17586ms
Round took 4.8078ms
Round took 4.738742ms
Round took 5.202366ms
Round took 5.316374ms
Round took 4.74643ms
Round took 5.283326ms
Round took 4.890645ms
Round took 5.901485ms
Round took 4.470302ms
Round took 5.827607ms
Round took 5.129427ms
Round took 4.528403ms
Round took 4.643471ms
Round took 4.98305ms
Round took 5.465444ms
Round took 4.730619ms
Round took 5.035841ms
Round took 5.731699ms
Round took 4.999888ms
Round took 5.154496ms
Round took 4.819653ms
Round took 5.847787ms
Round took 4.400154ms
Round took 4.875355ms
Round took 5.840132ms
Round took 4.220967ms
Round took 5.036027ms
Round took 4.911347ms
Round took 5.5566ms
Round took 4.621967ms
Round took 5.242043ms
Round took 4.530764ms
Round took 5.641285ms
Round took 4.768401ms
Round took 5.342573ms
Round took 4.874181ms
Round took 6.014116ms
Round took 4.544482ms
Round took 4.670248ms
Round took 5.80131ms
Round took 4.906811ms
Round took 4.263948ms
Round took 5.388635ms
Round took 5.117616ms
Round took 4.861678ms
Round took 5.300197ms
Round took 4.640452ms
Round took 5.777908ms
Round took 5.15056ms
Round took 5.114121ms
Round took 5.572096ms
Round took 4.465058ms
Round took 5.138957ms
Round took 4.632378ms
Round took 5.42481ms
Round took 4.981827ms
Round took 5.001475ms
Round took 5.643881ms
Round took 5.413034ms
Round took 4.531594ms
Round took 4.955626ms
Round took 5.153583ms
Round took 5.360728ms
Round took 4.340979ms
Round took 4.990748ms
Round took 5.258077ms
Round took 4.920007ms
Round took 5.229623ms
Round took 4.434477ms
Round took 5.443863ms
Round took 5.212483ms
Round took 4.418317ms
Round took 5.257994ms
Round took 5.496296ms
Round took 4.657655ms
Round took 5.140938ms
Round took 5.631714ms
Round took 4.261121ms
Round took 5.33365ms
Round took 4.644533ms
Round took 6.288592ms
Round took 3.804427ms
Round took 5.212932ms
Round took 5.326445ms
Round took 5.184421ms
Round took 5.159621ms
Round took 4.807484ms
Round took 5.413066ms
Round took 4.612549ms
Round took 4.920467ms
Round took 5.287076ms
Round took 5.429929ms
Round took 5.551961ms
Round took 4.207877ms
Round took 5.033407ms
Round took 5.751327ms
Round took 4.287718ms
Round took 5.471965ms
Round took 4.660214ms
Round took 5.413665ms
Round took 4.771349ms
Round took 4.971931ms
Round took 5.982002ms
Round took 3.978599ms
Round took 5.213174ms
Round took 4.982618ms
Round took 5.614877ms
Round took 4.587828ms
Round took 5.212387ms
Round took 4.737777ms
Round took 5.488589ms
Round took 4.918615ms
Round took 5.298774ms
Round took 5.162855ms
Round took 4.929199ms
Round took 4.933715ms
Round took 5.27882ms
Round took 5.37648ms
Round took 4.618058ms
Round took 4.520924ms
Round took 4.923477ms
Round took 5.114892ms
Round took 5.115432ms
Round took 4.88733ms
Round took 5.382289ms
Round took 5.166997ms
Round took 4.928858ms
Round took 4.976927ms
Round took 6.011651ms
Round took 4.833747ms
Round took 4.748825ms
Round took 5.050516ms
Round took 5.267172ms
Round took 4.716753ms
Round took 5.066504ms
Round took 6.234295ms
Round took 4.227035ms
Round took 5.006252ms
Round took 4.776686ms
Round took 5.369703ms
Round took 5.213595ms
Round took 5.024434ms
Round took 5.914717ms
Round took 4.580337ms
Round took 4.605376ms
Round took 4.719868ms
Round took 5.388894ms
Round took 4.873559ms
Round took 5.066585ms
Round took 4.996052ms
Round took 5.737603ms
Round took 4.371719ms
Round took 5.16289ms
Round took 4.73308ms
Round took 6.647084ms
Round took 5.235182ms
Round took 4.255965ms
Round took 5.844543ms
Round took 4.879534ms
Round took 4.498249ms
Round took 4.941691ms
Round took 5.592669ms
Round took 4.531721ms
Round took 5.355632ms
Round took 4.728772ms
Round took 5.576169ms
Round took 4.928281ms
Round took 5.249951ms
Round took 6.080595ms
Round took 3.981293ms
Round took 5.175235ms
Round took 4.892601ms
Round took 4.967114ms
Round took 5.697735ms
Round took 5.025743ms
Round took 5.65354ms
Round took 5.548348ms
Round took 4.323006ms
Round took 4.691625ms
Round took 5.608805ms
Round took 4.845817ms
Round took 4.726674ms
Round took 5.845438ms
Round took 5.644026ms
Round took 4.813008ms
Round took 5.755841ms
Round took 4.789188ms
Round took 4.277765ms
Round took 4.836663ms
Round took 4.272924ms
Round took 5.293815ms
Round took 4.860543ms
Round took 5.105139ms
Round took 5.634919ms
Round took 5.016426ms
Round took 5.076641ms
Round took 4.616768ms
Round took 5.715414ms
Round took 4.507579ms
Round took 4.658232ms
Round took 4.942124ms
Round took 5.745713ms
Round took 5.131927ms
Round took 4.438897ms
Round took 4.947409ms
Round took 5.542016ms
Round took 4.970705ms
Round took 4.744391ms
Round took 5.031517ms
Round took 5.830754ms
Round took 4.305871ms
Round took 5.541823ms
Round took 5.532723ms
Round took 5.550214ms
Round took 4.736533ms
Round took 5.232637ms
Round took 4.919579ms
Round took 4.872654ms
Round took 5.085308ms
Round took 5.619746ms
Round took 4.823592ms
Round took 4.847318ms
Round took 4.701284ms
Round took 5.678327ms
Round took 6.057606ms
Round took 4.874804ms
Round took 4.957481ms
Round took 5.348278ms
Round took 4.291231ms
Round took 5.575558ms
Round took 4.218666ms
Round took 8.020632ms
Round took 4.17932ms
Round took 4.763095ms
Round took 4.347119ms
Round took 3.858845ms
Round took 5.315461ms
Round took 5.319732ms
Round took 6.513084ms
Round took 5.092195ms
Round took 4.800766ms
Round took 4.354366ms
Round took 3.748803ms
Round took 5.472311ms
Round took 4.770943ms
Round took 5.676301ms
Round took 5.257479ms
Round took 4.576519ms
Round took 6.005684ms
Round took 3.742344ms
Round took 5.469405ms
Round took 4.969302ms
Round took 5.38711ms
Round took 5.760056ms
Round took 4.296139ms
Round took 5.785245ms
Round took 5.806748ms
Round took 4.243031ms
Round took 4.650758ms
Round took 5.610309ms
Round took 5.198425ms
Round took 4.637985ms
Round took 5.846816ms
Round took 3.55775ms
Round took 6.34447ms
Round took 4.340039ms
Round took 5.138449ms
Round took 5.509277ms
Round took 4.680469ms
Round took 5.811868ms
Round took 3.849584ms
Round took 5.146559ms
Round took 4.908544ms
Round took 5.09492ms
Round took 5.904146ms
Round took 4.980688ms
Round took 4.780421ms
Round took 5.24298ms
Round took 4.653654ms
Round took 5.496181ms
Round took 5.290701ms
Round took 5.57941ms
Round took 3.800168ms
Round took 5.55031ms
Round took 5.102366ms
Round took 6.189366ms
Round took 4.58104ms
Round took 4.331668ms
Round took 5.697595ms
Round took 4.555509ms
Round took 4.626753ms
Round took 4.640106ms
Round took 5.010201ms
Round took 5.681294ms
Round took 4.214886ms
Round took 5.178632ms
Round took 5.653527ms
Round took 5.20941ms
Round took 4.805399ms
Round took 6.120692ms
Round took 4.091276ms
Round took 5.473619ms
Round took 4.977587ms
Round took 5.905282ms
Round took 4.148242ms
Round took 5.826761ms
Round took 4.67773ms
Round took 5.387ms
Round took 4.747822ms
Round took 4.213326ms
Round took 6.612647ms
Round took 3.812006ms
Round took 6.038024ms
Round took 4.102468ms
Round took 5.619518ms
Round took 4.619842ms
Round took 5.512345ms
Round took 5.734741ms
Round took 6.094347ms
Round took 5.478675ms
Round took 4.890927ms
Round took 4.85962ms
Round took 5.180708ms
Round took 5.035919ms
Round took 4.97389ms
Round took 5.26833ms
Round took 4.990591ms
Round took 5.072172ms
Round took 5.101008ms
Round took 4.985137ms
Round took 5.558492ms
Round took 4.849931ms
Round took 4.769686ms
Round took 4.902275ms
Round took 6.35431ms
Round took 4.485798ms
Round took 4.963485ms
Round took 5.699664ms
Round took 5.400123ms
Round took 4.567656ms
Round took 4.986958ms
Round took 5.314327ms
Round took 5.140038ms
Round took 5.021303ms
Round took 6.235826ms
Round took 6.104366ms
Round took 4.868687ms
Round took 4.723599ms
Round took 3.471317ms
Round took 5.309376ms
Round took 5.235324ms
Round took 6.124395ms
Round took 4.923237ms
Round took 5.907931ms
Round took 4.199049ms
Round took 5.770983ms
Round took 5.288838ms
Round took 4.576271ms
Round took 5.488971ms
Round took 4.600844ms
Round took 4.807478ms
Round took 5.165584ms
Round took 5.321784ms
Round took 4.693443ms
Round took 5.403335ms
Round took 5.860411ms
Round took 4.607612ms
Round took 4.612084ms
Round took 4.597052ms
Round took 5.384935ms
Round took 5.068611ms
Round took 5.425018ms
Round took 5.064243ms
Round took 6.105979ms
Round took 4.750094ms
Round took 5.153482ms
Round took 5.004289ms
Round took 5.966811ms
Round took 3.797081ms
Round took 3.997915ms
Round took 6.005199ms
Round took 4.018267ms
Round took 6.194425ms
Round took 4.628762ms
Round took 8.388849ms
Round took 4.285869ms
Round took 4.978765ms
Round took 4.592926ms
Round took 5.276905ms
Round took 3.436589ms
Round took 3.528178ms
Round took 5.832707ms
Round took 5.232209ms
Round took 5.04483ms
Round took 4.88279ms
Round took 5.411694ms
Round took 3.728719ms
Round took 6.36962ms
Round took 5.570694ms
Round took 4.028456ms
Round took 5.295461ms
Round took 4.780346ms
Round took 4.945061ms
Round took 5.758313ms
Round took 5.694859ms
Round took 4.455663ms
Round took 4.42746ms
Round took 4.477721ms
Round took 5.228537ms
Round took 5.49438ms
Round took 5.805799ms
Round took 4.228174ms
Round took 5.538478ms
Round took 4.216314ms
Round took 5.069969ms
Round took 5.14767ms
Round took 5.195879ms
Round took 6.041573ms
Round took 4.465342ms
Round took 4.869012ms
Round took 3.940986ms
Round took 6.134059ms
Round took 4.246293ms
Round took 5.413926ms
Round took 5.805152ms
Round took 4.877562ms
Round took 5.380628ms
Round took 4.53046ms
Round took 5.183434ms
Round took 4.687214ms
Round took 5.250392ms
Round took 5.227154ms
Round took 4.709566ms
Round took 4.765849ms
Round took 4.701052ms
Round took 5.462429ms
Round took 5.325877ms
Round took 4.939881ms
Round took 4.716138ms
Round took 5.053064ms
Round took 5.641464ms
Round took 4.752663ms
Round took 6.152946ms
Round took 5.534901ms
Round took 4.157094ms
Round took 4.427254ms
Round took 5.476523ms
Round took 5.044287ms
Round took 4.7119ms
Round took 5.223021ms
Round took 6.425391ms
Round took 4.407966ms
Round took 5.111648ms
Round took 4.910184ms
Round took 4.915414ms
Round took 5.195107ms
Round took 4.78907ms
Round took 5.627955ms
Round took 4.656509ms
Round took 5.560773ms
Round took 5.090053ms
Round took 4.457832ms
Round took 5.181222ms
Round took 5.111303ms
Round took 5.8688ms
Round took 4.502139ms
Round took 5.072111ms
Round took 5.248022ms
Round took 4.800994ms
Round took 5.295673ms
Round took 5.207963ms
Round took 6.213269ms
Round took 3.728649ms
Round took 5.128375ms
Round took 5.10864ms
Round took 5.654008ms
Round took 5.601771ms
Test took 5.128990477s
Successful: 10000
