Uniform distribution
2021/04/16 21:40:47 The leader is replica 0
Round took 5.110413ms
Round took 5.225987ms
Round took 6.82388ms
Round took 6.152356ms
Round took 4.982905ms
Round took 5.465569ms
Round took 5.976467ms
Round took 5.673267ms
Round took 5.236259ms
Round took 4.727566ms
Round took 4.871934ms
Round took 5.878097ms
Round took 4.633111ms
Round took 5.000167ms
Round took 5.506004ms
Round took 5.278358ms
Round took 4.723882ms
Round took 4.478492ms
Round took 6.093898ms
Round took 4.15542ms
Round took 4.966953ms
Round took 5.158402ms
Round took 4.912071ms
Round took 5.353001ms
Round took 4.660574ms
Round took 5.33692ms
Round took 6.137049ms
Round took 4.314463ms
Round took 4.700842ms
Round took 5.217024ms
Round took 5.459671ms
Round took 4.530637ms
Round took 5.072999ms
Round took 4.876435ms
Round took 6.241951ms
Round took 4.257686ms
Round took 8.77311ms
Round took 5.402353ms
Round took 5.083857ms
Round took 5.403704ms
Round took 5.242058ms
Round took 4.60029ms
Round took 4.970954ms
Round took 5.114818ms
Round took 5.012872ms
Round took 5.163791ms
Round took 4.975746ms
Round took 5.328305ms
Round took 6.40433ms
Round took 6.473294ms
Round took 5.985622ms
Round took 6.43471ms
Round took 6.603997ms
Round took 7.002337ms
Round took 6.362635ms
Round took 4.04588ms
Round took 5.659471ms
Round took 6.192171ms
Round took 4.215463ms
Round took 4.853278ms
Round took 4.892369ms
Round took 4.754236ms
Round took 5.52562ms
Round took 5.029526ms
Round took 5.2209ms
Round took 5.624463ms
Round took 5.017174ms
Round took 5.435658ms
Round took 4.833333ms
Round took 5.30462ms
Round took 5.087294ms
Round took 5.635807ms
Round took 5.664611ms
Round took 4.762767ms
Round took 4.988947ms
Round took 4.358174ms
Round took 5.421933ms
Round took 4.922081ms
Round took 5.522133ms
Round took 5.567912ms
Round took 4.331846ms
Round took 6.159132ms
Round took 3.535799ms
Round took 6.361211ms
Round took 4.239701ms
Round took 5.466292ms
Round took 7.940784ms
Round took 9.206794ms
Round took 7.937055ms
Round took 4.686819ms
Round took 4.018393ms
Round took 7.458319ms
Round took 5.198613ms
Round took 6.497812ms
Round took 4.529721ms
Round took 5.753401ms
Round took 4.902937ms
Round took 5.887703ms
Round took 5.535396ms
Round took 7.062735ms
Round took 4.754765ms
Round took 5.311844ms
Round took 4.653832ms
Round took 3.662739ms
Round took 3.895662ms
Round took 5.794127ms
Round took 5.797321ms
Round took 5.084105ms
Round took 4.967484ms
Round took 5.955971ms
Round took 3.914272ms
Round took 5.413671ms
Round took 4.283219ms
Round took 7.809241ms
Round took 7.323398ms
Round took 4.694251ms
Round took 4.288672ms
Round took 5.551551ms
Round took 4.906307ms
Round took 4.784929ms
Round took 5.462351ms
Round took 5.036231ms
Round took 4.787815ms
Round took 4.832798ms
Round took 5.216782ms
Round took 5.811658ms
Round took 5.081264ms
Round took 4.438997ms
Round took 6.028665ms
Round took 4.901596ms
Round took 4.874876ms
Round took 7.02715ms
Round took 6.745832ms
Round took 4.678954ms
Round took 4.841884ms
Round took 5.722036ms
Round took 5.281827ms
Round took 5.494003ms
Round took 4.821834ms
Round took 5.044587ms
Round took 4.95896ms
Round took 5.004829ms
Round took 5.933469ms
Round took 4.992036ms
Round took 5.115304ms
Round took 5.605822ms
Round took 4.516873ms
Round took 4.974031ms
Round took 4.81127ms
Round took 5.826332ms
Round took 5.089533ms
Round took 4.966749ms
Round took 5.964036ms
Round took 5.145242ms
Round took 4.510925ms
Round took 4.252373ms
Round took 7.583466ms
Round took 6.256599ms
Round took 4.94038ms
Round took 4.849661ms
Round took 5.259328ms
Round took 5.129136ms
Round took 4.932967ms
Round took 5.112375ms
Round took 5.978752ms
Round took 4.802609ms
Round took 5.250819ms
Round took 5.43976ms
Round took 4.592773ms
Round took 5.008738ms
Round took 5.00056ms
Round took 5.331415ms
Round took 5.252383ms
Round took 4.541865ms
Round took 5.456456ms
Round took 5.469242ms
Round took 5.195101ms
Round took 5.227411ms
Round took 5.521392ms
Round took 4.412089ms
Round took 4.530385ms
Round took 5.368085ms
Round took 5.323993ms
Round took 4.75999ms
Round took 4.936168ms
Round took 6.043413ms
Round took 5.476814ms
Round took 5.430383ms
Round took 4.098554ms
Round took 6.149687ms
Round took 6.312799ms
Round took 6.025536ms
Round took 5.087631ms
Round took 5.362614ms
Round took 3.807121ms
Round took 3.714372ms
Round took 6.761708ms
Round took 5.471006ms
Round took 5.062233ms
Round took 5.298824ms
Round took 4.311032ms
Round took 5.596041ms
Round took 4.561102ms
Round took 5.352534ms
Round took 5.11097ms
Round took 4.659578ms
Round took 5.239923ms
Round took 5.070838ms
Round took 5.42127ms
Round took 5.529348ms
Round took 5.333959ms
Round took 5.104537ms
Round took 4.917134ms
Round took 5.425514ms
Round took 5.147859ms
Round took 5.231122ms
Round took 4.346056ms
Round took 5.152385ms
Round took 5.541876ms
Round took 4.495899ms
Round took 5.507665ms
Round took 6.465233ms
Round took 4.131345ms
Round took 5.1369ms
Round took 6.089431ms
Round took 4.831538ms
Round took 4.909987ms
Round took 4.606048ms
Round took 5.446875ms
Round took 5.564376ms
Round took 4.353845ms
Round took 5.049803ms
Round took 5.005884ms
Round took 5.369458ms
Round took 4.572422ms
Round took 5.748174ms
Round took 5.009414ms
Round took 5.246384ms
Round took 5.071646ms
Round took 4.99391ms
Round took 5.304675ms
Round took 5.385242ms
Round took 5.097521ms
Round took 4.838316ms
Round took 5.109001ms
Round took 5.512972ms
Round took 4.821276ms
Round took 5.14127ms
Round took 6.226109ms
Round took 5.992268ms
Round took 5.139533ms
Round took 4.797972ms
Round took 5.466809ms
Round took 4.586939ms
Round took 5.449202ms
Round took 4.700686ms
Round took 4.979591ms
Round took 5.726814ms
Round took 5.416651ms
Round took 4.793752ms
Round took 5.161827ms
Round took 6.786096ms
Round took 4.12701ms
Round took 4.636422ms
Round took 5.792162ms
Round took 5.120578ms
Round took 5.004082ms
Round took 4.849082ms
Round took 5.511917ms
Round took 4.976257ms
Round took 4.784818ms
Round took 6.201714ms
Round took 5.242693ms
Round took 4.418621ms
Round took 6.306992ms
Round took 4.01272ms
Round took 5.203455ms
Round took 5.554511ms
Round took 5.01213ms
Round took 5.790549ms
Round took 4.114257ms
Round took 5.759798ms
Round took 4.172398ms
Round took 5.330535ms
Round took 4.788139ms
Round took 5.557322ms
Round took 5.67102ms
Round took 4.573445ms
Round took 5.706972ms
Round took 3.874369ms
Round took 4.983634ms
Round took 4.910961ms
Round took 5.450861ms
Round took 5.437562ms
Round took 4.492074ms
Round took 5.166342ms
Round took 5.014716ms
Round took 4.602716ms
Round took 4.53625ms
Round took 5.956125ms
Round took 5.86341ms
Round took 6.766855ms
Round took 5.905843ms
Round took 7.232621ms
Round took 4.423966ms
Round took 4.104955ms
Round took 5.127167ms
Round took 7.856621ms
Round took 5.044311ms
Round took 4.924183ms
Round took 5.647113ms
Round took 4.589925ms
Round took 4.973471ms
Round took 5.136376ms
Round took 5.308393ms
Round took 4.854689ms
Round took 5.380555ms
Round took 4.782217ms
Round took 5.238393ms
Round took 5.096126ms
Round took 6.42967ms
Round took 4.125264ms
Round took 4.636028ms
Round took 5.017549ms
Round took 5.0632ms
Round took 5.526475ms
Round took 4.963533ms
Round took 5.242618ms
Round took 5.151798ms
Round took 4.643126ms
Round took 5.487407ms
Round took 5.04201ms
Round took 5.136836ms
Round took 5.368791ms
Round took 4.706212ms
Round took 5.074686ms
Round took 5.404241ms
Round took 5.067818ms
Round took 5.49381ms
Round took 4.714471ms
Round took 5.644134ms
Round took 4.823573ms
Round took 4.743102ms
Round took 5.605969ms
Round took 4.877029ms
Round took 4.736517ms
Round took 5.349678ms
Round took 5.283494ms
Round took 4.865476ms
Round took 5.588819ms
Round took 5.380366ms
Round took 5.217101ms
Round took 5.659547ms
Round took 6.360564ms
Round took 6.341562ms
Round took 5.090713ms
Round took 5.249717ms
Round took 5.561554ms
Round took 5.010875ms
Round took 4.608876ms
Round took 5.258746ms
Round took 5.328982ms
Round took 5.369623ms
Round took 5.301111ms
Round took 5.650057ms
Round took 4.730917ms
Round took 5.797986ms
Round took 5.375787ms
Round took 4.769719ms
Round took 7.635585ms
Round took 4.950075ms
Round took 5.079574ms
Round took 5.345594ms
Round took 4.683944ms
Round took 5.781869ms
Round took 4.444447ms
Round took 4.941893ms
Round took 4.988435ms
Round took 5.689384ms
Round took 5.037876ms
Round took 5.322614ms
Round took 4.639684ms
Round took 5.113395ms
Round took 5.205089ms
Round took 5.078497ms
Round took 5.130735ms
Round took 5.321542ms
Round took 4.57456ms
Round took 5.139638ms
Round took 5.182392ms
Round took 5.172623ms
Round took 4.949571ms
Round took 5.808652ms
Round took 5.232822ms
Round took 4.981952ms
Round took 5.522432ms
Round took 5.105273ms
Round took 5.473944ms
Round took 4.259704ms
Round took 6.244551ms
Round took 5.043339ms
Round took 5.01175ms
Round took 5.667781ms
Round took 4.593973ms
Round took 4.776707ms
Round took 4.797069ms
Round took 6.71912ms
Round took 4.292266ms
Round took 4.955578ms
Round took 6.186018ms
Round took 4.315647ms
Round took 4.972793ms
Round took 6.377553ms
Round took 5.856198ms
Round took 4.863862ms
Round took 5.711537ms
Round took 4.493517ms
Round took 5.124982ms
Round took 5.498471ms
Round took 4.643465ms
Round took 5.250468ms
Round took 5.060372ms
Round took 5.473489ms
Round took 4.398151ms
Round took 5.253878ms
Round took 5.642321ms
Round took 4.692331ms
Round took 5.082978ms
Round took 4.708264ms
Round took 6.435667ms
Round took 4.927849ms
Round took 5.00062ms
Round took 6.002887ms
Round took 4.736017ms
Round took 5.869507ms
Round took 3.994904ms
Round took 5.294385ms
Round took 5.452306ms
Round took 6.618998ms
Round took 4.359405ms
Round took 4.52001ms
Round took 6.259537ms
Round took 6.139332ms
Round took 5.309092ms
Round took 5.124503ms
Round took 6.756511ms
Round took 5.389021ms
Round took 4.919095ms
Round took 4.620777ms
Round took 18.644536ms
Round took 4.408507ms
Round took 5.04985ms
Round took 4.902737ms
Round took 5.365985ms
Round took 5.735659ms
Round took 5.440073ms
Round took 4.806182ms
Round took 4.580007ms
Round took 4.970372ms
Round took 5.18117ms
Round took 5.688577ms
Round took 5.382851ms
Round took 5.426514ms
Round took 3.376568ms
Round took 5.821925ms
Round took 5.639356ms
Round took 4.933198ms
Round took 4.98107ms
Round took 5.281073ms
Round took 5.124729ms
Round took 4.918805ms
Round took 4.953094ms
Round took 4.995455ms
Round took 4.727756ms
Round took 5.302271ms
Round took 4.845331ms
Round took 5.006503ms
Round took 6.022445ms
Round took 4.904691ms
Round took 4.826206ms
Round took 5.431899ms
Round took 4.797963ms
Round took 5.037683ms
Round took 5.034292ms
Round took 5.138937ms
Round took 5.307902ms
Round took 4.484599ms
Round took 5.712037ms
Round took 4.705595ms
Round took 4.796378ms
Round took 6.852779ms
Round took 4.139389ms
Round took 5.287892ms
Round took 4.399002ms
Round took 6.89477ms
Round took 4.670586ms
Round took 4.301443ms
Round took 4.809753ms
Round took 5.071815ms
Round took 4.941195ms
Round took 4.886338ms
Round took 6.047248ms
Round took 4.572885ms
Round took 5.208342ms
Round took 4.180859ms
Round took 6.125208ms
Round took 4.233104ms
Round took 5.620164ms
Round took 5.721685ms
Round took 4.911852ms
Round took 4.829299ms
Round took 4.893678ms
Round took 4.883344ms
Round took 5.323343ms
Round took 4.933337ms
Round took 6.061612ms
Round took 3.766762ms
Round took 4.933613ms
Round took 6.022686ms
Round took 4.560667ms
Round took 5.156772ms
Round took 5.025949ms
Round took 5.835097ms
Round took 5.226787ms
Round took 6.819321ms
Round took 4.428825ms
Round took 5.108039ms
Round took 5.465386ms
Round took 4.955813ms
Round took 4.588088ms
Round took 6.150071ms
Round took 4.000115ms
Round took 5.309496ms
Round took 4.719938ms
Round took 5.86274ms
Round took 4.256687ms
Round took 5.034559ms
Round took 5.215907ms
Round took 5.554874ms
Round took 4.87014ms
Round took 5.061251ms
Round took 4.964769ms
Round took 5.124832ms
Round took 5.136796ms
Round took 4.82376ms
Round took 5.717595ms
Round took 4.929588ms
Round took 4.427742ms
Round took 5.202975ms
Round took 5.606741ms
Round took 5.125656ms
Round took 4.598875ms
Round took 5.238821ms
Round took 5.005384ms
Round took 5.395085ms
Round took 4.712834ms
Round took 5.579898ms
Round took 6.87206ms
Round took 5.023707ms
Round took 6.001232ms
Round took 4.136002ms
Round took 4.88869ms
Round took 4.313707ms
Round took 6.328199ms
Round took 4.641421ms
Round took 4.667198ms
Round took 6.974479ms
Round took 7.037922ms
Round took 4.606002ms
Round took 5.528858ms
Round took 5.393685ms
Round took 4.532461ms
Round took 4.676327ms
Round took 4.957573ms
Round took 5.327848ms
Round took 4.567009ms
Round took 5.111171ms
Round took 5.15714ms
Round took 5.562194ms
Round took 5.101116ms
Round took 4.873489ms
Round took 7.018847ms
Round took 4.683421ms
Round took 5.478039ms
Round took 5.344577ms
Round took 4.199687ms
Round took 5.083552ms
Round took 5.467536ms
Round took 5.216374ms
Round took 4.642784ms
Round took 6.148391ms
Round took 4.201408ms
Round took 5.038696ms
Round took 4.784266ms
Round took 7.077045ms
Round took 6.446193ms
Round took 4.898622ms
Round took 4.588129ms
Round took 5.736344ms
Round took 5.123676ms
Round took 4.68122ms
Round took 5.37791ms
Round took 4.807156ms
Round took 5.099234ms
Round took 5.285743ms
Round took 4.69107ms
Round took 5.740863ms
Round took 5.115739ms
Round took 5.061156ms
Round took 4.920113ms
Round took 5.185514ms
Round took 5.163715ms
Round took 4.546165ms
Round took 5.051389ms
Round took 6.364673ms
Round took 4.889026ms
Round took 5.56891ms
Round took 5.371221ms
Round took 4.569499ms
Round took 4.991091ms
Round took 5.078036ms
Round took 5.966334ms
Round took 4.927019ms
Round took 6.268193ms
Round took 4.516464ms
Round took 5.110592ms
Round took 5.76795ms
Round took 3.972333ms
Round took 5.28058ms
Round took 5.804956ms
Round took 4.417871ms
Round took 4.970507ms
Round took 5.247339ms
Round took 4.658889ms
Round took 5.940047ms
Round took 4.961456ms
Round took 4.417671ms
Round took 7.05822ms
Round took 6.212488ms
Round took 3.889512ms
Round took 5.228411ms
Round took 5.195335ms
Round took 5.273133ms
Round took 5.176107ms
Round took 4.873552ms
Round took 5.018227ms
Round took 5.1203ms
Round took 4.954637ms
Round took 5.221167ms
Round took 4.943914ms
Round took 6.105605ms
Round took 4.2208ms
Round took 5.089342ms
Round took 6.272121ms
Round took 4.533957ms
Round took 5.519416ms
Round took 4.666985ms
Round took 5.643144ms
Round took 4.851953ms
Round took 4.948838ms
Round took 5.917023ms
Round took 4.110363ms
Round took 5.183962ms
Round took 5.165942ms
Round took 5.383279ms
Round took 4.664818ms
Round took 5.259453ms
Round took 5.273576ms
Round took 4.823298ms
Round took 4.959623ms
Round took 5.39482ms
Round took 5.14093ms
Round took 4.971451ms
Round took 5.258575ms
Round took 5.340016ms
Round took 5.47594ms
Round took 4.599005ms
Round took 5.496748ms
Round took 5.373717ms
Round took 4.784675ms
Round took 5.946282ms
Round took 4.29399ms
Round took 5.432193ms
Round took 4.619294ms
Round took 5.728399ms
Round took 4.859991ms
Round took 5.47665ms
Round took 4.622401ms
Round took 5.973462ms
Round took 3.597836ms
Round took 4.688373ms
Round took 4.676554ms
Round took 5.568592ms
Round took 5.919159ms
Round took 4.175652ms
Round took 5.001342ms
Round took 4.865602ms
Round took 6.051783ms
Round took 4.538692ms
Round took 5.488891ms
Round took 5.57427ms
Round took 4.605893ms
Round took 4.671719ms
Round took 5.120923ms
Round took 5.270088ms
Round took 4.373258ms
Round took 5.014813ms
Round took 6.12801ms
Round took 5.452631ms
Round took 4.285393ms
Round took 6.606426ms
Round took 7.719199ms
Round took 5.057418ms
Round took 4.117065ms
Round took 5.899105ms
Round took 5.196277ms
Round took 4.439967ms
Round took 4.962394ms
Round took 6.94494ms
Round took 4.175963ms
Round took 5.303204ms
Round took 4.744172ms
Round took 5.202686ms
Round took 4.934943ms
Round took 5.39595ms
Round took 5.91763ms
Round took 3.961223ms
Round took 5.155874ms
Round took 5.057956ms
Round took 4.385505ms
Round took 5.418421ms
Round took 5.002265ms
Round took 5.573464ms
Round took 5.55298ms
Round took 4.260938ms
Round took 4.758433ms
Round took 6.100382ms
Round took 4.474904ms
Round took 4.207437ms
Round took 5.16157ms
Round took 5.842317ms
Round took 5.079208ms
Round took 5.68204ms
Round took 4.723361ms
Round took 4.373145ms
Round took 4.929941ms
Round took 4.304784ms
Round took 5.246496ms
Round took 5.053421ms
Round took 5.111125ms
Round took 5.239877ms
Round took 5.21578ms
Round took 5.032675ms
Round took 4.640336ms
Round took 5.392723ms
Round took 5.042119ms
Round took 5.539276ms
Round took 4.361711ms
Round took 5.067394ms
Round took 5.832515ms
Round took 4.467326ms
Round took 4.967136ms
Round took 5.484017ms
Round took 5.203341ms
Round took 4.679821ms
Round took 5.023904ms
Round took 5.852108ms
Round took 4.359565ms
Round took 5.478644ms
Round took 4.572542ms
Round took 5.604955ms
Round took 4.757675ms
Round took 4.943333ms
Round took 5.239061ms
Round took 5.131373ms
Round took 4.851041ms
Round took 5.319474ms
Round took 5.534238ms
Round took 4.62706ms
Round took 4.62809ms
Round took 5.09038ms
Round took 6.700262ms
Round took 4.206731ms
Round took 4.930269ms
Round took 6.003641ms
Round took 4.226928ms
Round took 5.063385ms
Round took 4.85595ms
Round took 6.711841ms
Round took 4.951934ms
Round took 5.041523ms
Round took 4.884778ms
Round took 3.72451ms
Round took 5.149359ms
Round took 4.545105ms
Round took 5.805448ms
Round took 5.444639ms
Round took 4.822087ms
Round took 4.790938ms
Round took 4.389249ms
Round took 5.519235ms
Round took 4.789678ms
Round took 5.176639ms
Round took 5.549345ms
Round took 4.620602ms
Round took 5.405127ms
Round took 4.450388ms
Round took 5.746543ms
Round took 4.973684ms
Round took 5.293157ms
Round took 5.456053ms
Round took 4.461544ms
Round took 5.272033ms
Round took 5.930041ms
Round took 5.011895ms
Round took 4.134221ms
Round took 5.301155ms
Round took 5.56598ms
Round took 4.555084ms
Round took 5.397419ms
Round took 4.28676ms
Round took 6.143519ms
Round took 4.513447ms
Round took 4.877099ms
Round took 6.0176ms
Round took 4.583672ms
Round took 5.364476ms
Round took 4.307977ms
Round took 5.380945ms
Round took 5.046317ms
Round took 5.097795ms
Round took 5.79707ms
Round took 4.902552ms
Round took 4.813886ms
Round took 5.059524ms
Round took 4.905886ms
Round took 5.809548ms
Round took 5.287695ms
Round took 5.822682ms
Round took 3.674138ms
Round took 5.531468ms
Round took 4.837927ms
Round took 6.447139ms
Round took 4.534453ms
Round took 4.370496ms
Round took 5.689077ms
Round took 4.779809ms
Round took 5.263389ms
Round took 4.874998ms
Round took 4.962152ms
Round took 6.036643ms
Round took 6.224242ms
Round took 4.922266ms
Round took 5.28344ms
Round took 4.929119ms
Round took 5.494185ms
Round took 4.474309ms
Round took 6.125264ms
Round took 5.013344ms
Round took 4.98968ms
Round took 4.661066ms
Round took 6.838342ms
Round took 4.239544ms
Round took 5.273742ms
Round took 5.191212ms
Round took 8.513182ms
Round took 4.854623ms
Round took 5.190772ms
Round took 4.986375ms
Round took 5.286682ms
Round took 4.918053ms
Round took 5.572122ms
Round took 5.163802ms
Round took 4.544224ms
Round took 5.122336ms
Round took 5.284982ms
Round took 4.901593ms
Round took 4.859867ms
Round took 5.210635ms
Round took 5.062574ms
Round took 4.943477ms
Round took 5.270785ms
Round took 4.983423ms
Round took 6.3455ms
Round took 4.49918ms
Round took 4.916555ms
Round took 5.558118ms
Round took 4.89368ms
Round took 4.899132ms
Round took 4.827554ms
Round took 5.784374ms
Round took 5.051711ms
Round took 4.910547ms
Round took 5.698827ms
Round took 5.394073ms
Round took 4.587579ms
Round took 5.379234ms
Round took 5.164364ms
Round took 4.989257ms
Round took 4.875158ms
Round took 6.650057ms
Round took 5.760596ms
Round took 4.648102ms
Round took 3.795259ms
Round took 3.435259ms
Round took 5.978016ms
Round took 5.032745ms
Round took 6.378475ms
Round took 4.904464ms
Round took 6.039531ms
Round took 3.348854ms
Round took 6.729925ms
Round took 4.426904ms
Round took 4.969604ms
Round took 5.477168ms
Round took 4.603403ms
Round took 4.871603ms
Round took 5.129479ms
Round took 5.393426ms
Round took 4.654137ms
Round took 5.158664ms
Round took 6.037667ms
Round took 4.567439ms
Round took 4.618284ms
Round took 4.65698ms
Round took 5.917267ms
Round took 4.929558ms
Round took 4.922604ms
Round took 7.42234ms
Round took 6.962639ms
Round took 4.838704ms
Round took 4.879866ms
Round took 5.163254ms
Round took 5.46456ms
Round took 3.864042ms
Round took 5.261896ms
Round took 5.272794ms
Round took 5.664732ms
Round took 4.342941ms
Round took 6.855532ms
Round took 6.564137ms
Round took 4.268368ms
Round took 4.749586ms
Round took 4.600256ms
Round took 4.838759ms
Round took 3.514178ms
Round took 5.294731ms
Round took 6.957689ms
Round took 4.632374ms
Round took 5.209778ms
Round took 6.762362ms
Round took 6.281696ms
Round took 5.306899ms
Round took 4.796639ms
Round took 6.10458ms
Round took 4.631214ms
Round took 5.018238ms
Round took 6.941927ms
Round took 4.353999ms
Round took 4.998319ms
Round took 5.316136ms
Round took 4.345144ms
Round took 5.19022ms
Round took 5.345315ms
Round took 5.718718ms
Round took 4.304715ms
Round took 5.348307ms
Round took 4.637388ms
Round took 5.108314ms
Round took 5.077188ms
Round took 4.707397ms
Round took 6.199267ms
Round took 4.966463ms
Round took 4.329614ms
Round took 4.434992ms
Round took 6.107287ms
Round took 4.175665ms
Round took 5.409079ms
Round took 4.95886ms
Round took 5.38334ms
Round took 5.117418ms
Round took 4.682524ms
Round took 5.341235ms
Round took 4.906026ms
Round took 5.134995ms
Round took 5.068849ms
Round took 5.013032ms
Round took 5.833081ms
Round took 4.787404ms
Round took 6.675384ms
Round took 4.552609ms
Round took 4.865877ms
Round took 5.541735ms
Round took 4.197039ms
Round took 7.190079ms
Round took 6.555112ms
Round took 5.787254ms
Round took 4.037951ms
Round took 6.002841ms
Round took 5.601061ms
Test took 5.242339301s
Successful: 10000
