Uniform distribution
2021/04/16 21:40:47 The leader is replica 0
Round took 6.577741ms
Round took 6.657647ms
Round took 7.004977ms
Round took 6.411395ms
Round took 4.018009ms
Round took 5.738717ms
Round took 5.236068ms
Round took 6.981082ms
Round took 6.686ms
Round took 4.356872ms
Round took 3.558792ms
Round took 4.984403ms
Round took 5.675607ms
Round took 4.881237ms
Round took 5.555336ms
Round took 5.682548ms
Round took 4.707973ms
Round took 4.821636ms
Round took 4.970561ms
Round took 5.382603ms
Round took 5.066382ms
Round took 5.735354ms
Round took 5.217314ms
Round took 4.469293ms
Round took 4.37793ms
Round took 5.430971ms
Round took 5.405019ms
Round took 4.956913ms
Round took 5.68192ms
Round took 4.307736ms
Round took 6.013208ms
Round took 6.232313ms
Round took 5.179128ms
Round took 4.909626ms
Round took 4.998444ms
Round took 6.463571ms
Round took 8.396452ms
Round took 5.725977ms
Round took 6.295683ms
Round took 3.897568ms
Round took 5.979929ms
Round took 6.106298ms
Round took 6.493189ms
Round took 4.314913ms
Round took 5.635029ms
Round took 5.076333ms
Round took 5.229005ms
Round took 4.94288ms
Round took 5.364701ms
Round took 6.594532ms
Round took 4.736236ms
Round took 5.440874ms
Round took 4.174612ms
Round took 3.643451ms
Round took 6.070734ms
Round took 5.183858ms
Round took 5.495852ms
Round took 4.964387ms
Round took 4.660813ms
Round took 5.160985ms
Round took 5.381148ms
Round took 4.708309ms
Round took 5.205086ms
Round took 4.841257ms
Round took 7.382601ms
Round took 4.7739ms
Round took 4.440483ms
Round took 5.222169ms
Round took 5.169013ms
Round took 4.778111ms
Round took 5.401062ms
Round took 5.102173ms
Round took 4.781324ms
Round took 4.800405ms
Round took 5.196357ms
Round took 4.990689ms
Round took 4.518808ms
Round took 4.578238ms
Round took 5.527333ms
Round took 4.876115ms
Round took 4.747774ms
Round took 5.521658ms
Round took 5.284992ms
Round took 5.262417ms
Round took 4.680115ms
Round took 4.804772ms
Round took 5.679345ms
Round took 5.052077ms
Round took 5.531636ms
Round took 4.494771ms
Round took 4.871515ms
Round took 5.002334ms
Round took 4.9873ms
Round took 5.706753ms
Round took 5.112951ms
Round took 5.133904ms
Round took 5.646877ms
Round took 4.585709ms
Round took 4.972827ms
Round took 4.753543ms
Round took 5.446099ms
Round took 4.80447ms
Round took 4.887997ms
Round took 5.821269ms
Round took 5.037361ms
Round took 4.298738ms
Round took 4.263985ms
Round took 5.148681ms
Round took 5.803032ms
Round took 5.062665ms
Round took 5.063958ms
Round took 4.952219ms
Round took 5.045545ms
Round took 4.817552ms
Round took 5.118026ms
Round took 5.364636ms
Round took 4.941067ms
Round took 4.905695ms
Round took 5.449916ms
Round took 5.223191ms
Round took 4.492954ms
Round took 5.037768ms
Round took 5.471883ms
Round took 5.007943ms
Round took 5.298837ms
Round took 4.496994ms
Round took 5.455386ms
Round took 5.362916ms
Round took 5.153703ms
Round took 5.197908ms
Round took 5.557708ms
Round took 4.250874ms
Round took 4.592849ms
Round took 5.389575ms
Round took 5.149669ms
Round took 4.77309ms
Round took 4.916654ms
Round took 6.032411ms
Round took 4.148711ms
Round took 4.897602ms
Round took 4.73448ms
Round took 5.921519ms
Round took 5.490351ms
Round took 6.746717ms
Round took 5.162929ms
Round took 5.805966ms
Round took 3.819786ms
Round took 3.781121ms
Round took 4.620776ms
Round took 4.7154ms
Round took 5.48283ms
Round took 5.828272ms
Round took 4.636675ms
Round took 4.020454ms
Round took 5.508586ms
Round took 5.294223ms
Round took 4.753623ms
Round took 4.959844ms
Round took 4.568207ms
Round took 5.346781ms
Round took 4.962805ms
Round took 4.960552ms
Round took 4.42071ms
Round took 5.285927ms
Round took 5.330644ms
Round took 5.003711ms
Round took 5.533532ms
Round took 5.04756ms
Round took 5.289907ms
Round took 4.343425ms
Round took 5.146213ms
Round took 5.54832ms
Round took 4.561951ms
Round took 5.496277ms
Round took 5.092015ms
Round took 4.399023ms
Round took 5.158164ms
Round took 5.760766ms
Round took 4.818264ms
Round took 4.91537ms
Round took 4.606516ms
Round took 5.503837ms
Round took 5.668832ms
Round took 4.350039ms
Round took 4.815067ms
Round took 5.952694ms
Round took 5.146387ms
Round took 4.719631ms
Round took 5.796329ms
Round took 4.943436ms
Round took 5.223192ms
Round took 6.600921ms
Round took 3.217102ms
Round took 5.870629ms
Round took 4.79898ms
Round took 5.721455ms
Round took 4.857121ms
Round took 5.09036ms
Round took 5.442696ms
Round took 4.891185ms
Round took 5.082387ms
Round took 5.931274ms
Round took 4.378104ms
Round took 4.702175ms
Round took 4.970692ms
Round took 4.727178ms
Round took 5.950594ms
Round took 4.188245ms
Round took 5.252703ms
Round took 4.671265ms
Round took 5.028988ms
Round took 5.409094ms
Round took 6.349396ms
Round took 4.009633ms
Round took 5.687526ms
Round took 5.084315ms
Round took 5.463089ms
Round took 3.735228ms
Round took 5.446189ms
Round took 5.477788ms
Round took 5.437751ms
Round took 4.448438ms
Round took 5.367707ms
Round took 5.355424ms
Round took 4.652098ms
Round took 4.993162ms
Round took 5.342744ms
Round took 4.911273ms
Round took 5.11728ms
Round took 4.27185ms
Round took 5.177124ms
Round took 5.510606ms
Round took 4.492537ms
Round took 6.174494ms
Round took 4.075339ms
Round took 5.593818ms
Round took 4.424414ms
Round took 5.246356ms
Round took 4.811184ms
Round took 5.409369ms
Round took 5.430768ms
Round took 4.601913ms
Round took 5.841195ms
Round took 4.384775ms
Round took 4.756288ms
Round took 4.740628ms
Round took 5.388922ms
Round took 5.539269ms
Round took 4.457243ms
Round took 5.192444ms
Round took 4.977799ms
Round took 5.205037ms
Round took 4.523475ms
Round took 5.422018ms
Round took 5.406224ms
Round took 4.230161ms
Round took 6.265904ms
Round took 6.401335ms
Round took 4.855199ms
Round took 4.275905ms
Round took 4.144009ms
Round took 5.132695ms
Round took 5.39717ms
Round took 4.711014ms
Round took 5.942317ms
Round took 4.36286ms
Round took 5.383532ms
Round took 4.572647ms
Round took 5.772183ms
Round took 4.509174ms
Round took 4.674046ms
Round took 4.941908ms
Round took 5.314994ms
Round took 5.24421ms
Round took 4.822179ms
Round took 6.581892ms
Round took 4.830873ms
Round took 4.096943ms
Round took 4.657845ms
Round took 4.957731ms
Round took 5.74806ms
Round took 4.729704ms
Round took 4.919138ms
Round took 5.352055ms
Round took 4.907392ms
Round took 4.691676ms
Round took 5.198975ms
Round took 5.816728ms
Round took 4.424727ms
Round took 5.408265ms
Round took 4.441462ms
Round took 5.284068ms
Round took 4.879955ms
Round took 5.144847ms
Round took 6.085692ms
Round took 4.225424ms
Round took 4.667397ms
Round took 4.631104ms
Round took 4.755865ms
Round took 5.633355ms
Round took 4.80135ms
Round took 4.832392ms
Round took 5.388123ms
Round took 5.206473ms
Round took 5.002617ms
Round took 5.500335ms
Round took 5.119473ms
Round took 5.228073ms
Round took 5.133235ms
Round took 5.00637ms
Round took 4.856539ms
Round took 5.712905ms
Round took 5.662669ms
Round took 4.93429ms
Round took 4.788691ms
Round took 5.210539ms
Round took 5.485562ms
Round took 4.888866ms
Round took 4.283228ms
Round took 5.989391ms
Round took 4.792508ms
Round took 5.623943ms
Round took 4.422741ms
Round took 5.867126ms
Round took 4.797005ms
Round took 4.833531ms
Round took 6.156978ms
Round took 4.197236ms
Round took 4.357695ms
Round took 5.064033ms
Round took 6.212417ms
Round took 4.288571ms
Round took 5.531626ms
Round took 4.471943ms
Round took 5.241077ms
Round took 4.901172ms
Round took 5.524728ms
Round took 5.567336ms
Round took 4.961857ms
Round took 4.857811ms
Round took 4.890047ms
Round took 5.686996ms
Round took 4.649378ms
Round took 4.683423ms
Round took 5.191733ms
Round took 4.744522ms
Round took 5.572678ms
Round took 4.733878ms
Round took 5.713873ms
Round took 4.644591ms
Round took 5.64467ms
Round took 4.471109ms
Round took 5.130499ms
Round took 5.830664ms
Round took 4.616444ms
Round took 5.821778ms
Round took 3.685715ms
Round took 5.848123ms
Round took 5.158054ms
Round took 5.32979ms
Round took 5.017956ms
Round took 4.775742ms
Round took 5.021728ms
Round took 4.981541ms
Round took 5.386345ms
Round took 4.048009ms
Round took 4.937043ms
Round took 5.735721ms
Round took 4.494344ms
Round took 4.959801ms
Round took 5.222357ms
Round took 5.211348ms
Round took 5.737758ms
Round took 4.199514ms
Round took 6.168142ms
Round took 4.0458ms
Round took 4.784676ms
Round took 5.575553ms
Round took 5.788989ms
Round took 5.04465ms
Round took 4.716369ms
Round took 5.778837ms
Round took 3.698642ms
Round took 5.595076ms
Round took 4.992159ms
Round took 5.633864ms
Round took 5.291992ms
Round took 4.502895ms
Round took 4.834498ms
Round took 5.277693ms
Round took 4.855719ms
Round took 5.347692ms
Round took 5.575143ms
Round took 5.15109ms
Round took 3.93565ms
Round took 5.306815ms
Round took 6.100672ms
Round took 5.293498ms
Round took 4.410345ms
Round took 4.515953ms
Round took 5.86879ms
Round took 3.946242ms
Round took 5.454831ms
Round took 6.33844ms
Round took 7.351786ms
Round took 5.244829ms
Round took 5.083364ms
Round took 4.367334ms
Round took 18.630152ms
Round took 4.934537ms
Round took 5.054834ms
Round took 4.95392ms
Round took 5.278842ms
Round took 5.128314ms
Round took 6.119918ms
Round took 4.42811ms
Round took 5.013892ms
Round took 5.0095ms
Round took 4.821287ms
Round took 5.635982ms
Round took 6.252944ms
Round took 4.91ms
Round took 3.434745ms
Round took 5.739ms
Round took 5.499563ms
Round took 4.94587ms
Round took 4.925939ms
Round took 4.914944ms
Round took 5.589164ms
Round took 4.877867ms
Round took 5.001432ms
Round took 4.984987ms
Round took 4.996569ms
Round took 5.37862ms
Round took 4.875287ms
Round took 5.050998ms
Round took 5.00243ms
Round took 4.913853ms
Round took 4.86615ms
Round took 5.565199ms
Round took 4.743596ms
Round took 5.154199ms
Round took 4.898447ms
Round took 5.174398ms
Round took 5.255647ms
Round took 4.643066ms
Round took 5.746615ms
Round took 4.718013ms
Round took 4.794641ms
Round took 5.512941ms
Round took 5.055773ms
Round took 5.210632ms
Round took 4.597213ms
Round took 6.062468ms
Round took 5.417891ms
Round took 4.344882ms
Round took 4.496328ms
Round took 5.462673ms
Round took 4.813826ms
Round took 4.917127ms
Round took 5.242282ms
Round took 5.545229ms
Round took 4.807524ms
Round took 4.494123ms
Round took 5.383554ms
Round took 5.281569ms
Round took 5.243856ms
Round took 5.137161ms
Round took 5.548282ms
Round took 4.88296ms
Round took 4.645141ms
Round took 5.248009ms
Round took 5.365905ms
Round took 4.883749ms
Round took 5.162286ms
Round took 4.684487ms
Round took 4.432244ms
Round took 5.488963ms
Round took 5.025318ms
Round took 5.17345ms
Round took 4.943294ms
Round took 4.941003ms
Round took 5.066788ms
Round took 5.249661ms
Round took 5.904526ms
Round took 4.868807ms
Round took 5.219299ms
Round took 4.887747ms
Round took 5.066993ms
Round took 4.980272ms
Round took 5.739656ms
Round took 3.899527ms
Round took 5.342263ms
Round took 5.024595ms
Round took 5.631282ms
Round took 4.204396ms
Round took 4.507503ms
Round took 6.2539ms
Round took 5.083724ms
Round took 4.820657ms
Round took 5.671296ms
Round took 4.809383ms
Round took 4.592775ms
Round took 5.15275ms
Round took 5.205103ms
Round took 5.193771ms
Round took 5.002346ms
Round took 4.405267ms
Round took 5.271939ms
Round took 5.338017ms
Round took 5.079326ms
Round took 5.249658ms
Round took 4.874287ms
Round took 4.876029ms
Round took 5.866982ms
Round took 4.048157ms
Round took 5.499391ms
Round took 4.900158ms
Round took 4.255082ms
Round took 6.005369ms
Round took 4.245166ms
Round took 4.974592ms
Round took 4.541469ms
Round took 5.450132ms
Round took 4.816122ms
Round took 4.782475ms
Round took 5.263665ms
Round took 5.03462ms
Round took 5.887403ms
Round took 4.899397ms
Round took 5.959835ms
Round took 4.925465ms
Round took 4.440334ms
Round took 4.609534ms
Round took 5.112327ms
Round took 5.054619ms
Round took 4.709827ms
Round took 5.038393ms
Round took 5.858871ms
Round took 4.88711ms
Round took 5.114858ms
Round took 5.115461ms
Round took 5.616146ms
Round took 4.408781ms
Round took 4.947038ms
Round took 5.928981ms
Round took 4.141571ms
Round took 5.122566ms
Round took 5.477538ms
Round took 5.184685ms
Round took 4.493987ms
Round took 5.394825ms
Round took 5.037538ms
Round took 4.997824ms
Round took 4.594311ms
Round took 5.642005ms
Round took 4.74177ms
Round took 6.043942ms
Round took 4.905247ms
Round took 5.18684ms
Round took 5.003688ms
Round took 5.134125ms
Round took 4.793353ms
Round took 5.569879ms
Round took 4.682552ms
Round took 4.118457ms
Round took 5.260929ms
Round took 4.557483ms
Round took 5.817545ms
Round took 5.272717ms
Round took 5.288ms
Round took 5.260989ms
Round took 4.43298ms
Round took 5.140637ms
Round took 4.573059ms
Round took 5.532571ms
Round took 5.453371ms
Round took 4.840508ms
Round took 5.741976ms
Round took 5.390172ms
Round took 4.522999ms
Round took 5.254682ms
Round took 4.801365ms
Round took 5.621217ms
Round took 5.418395ms
Round took 5.023467ms
Round took 4.247867ms
Round took 5.10183ms
Round took 5.71833ms
Round took 3.981697ms
Round took 5.360715ms
Round took 5.380254ms
Round took 4.817322ms
Round took 5.037994ms
Round took 5.252115ms
Round took 4.686728ms
Round took 5.55706ms
Round took 5.289292ms
Round took 4.398951ms
Round took 5.64459ms
Round took 4.668164ms
Round took 6.097471ms
Round took 3.870659ms
Round took 5.613305ms
Round took 5.957089ms
Round took 6.448465ms
Round took 4.902983ms
Round took 5.018069ms
Round took 5.117774ms
Round took 4.975154ms
Round took 5.217268ms
Round took 4.910986ms
Round took 6.08482ms
Round took 4.272701ms
Round took 4.985803ms
Round took 5.744823ms
Round took 4.504514ms
Round took 5.510557ms
Round took 4.675287ms
Round took 5.401322ms
Round took 4.957976ms
Round took 4.980289ms
Round took 4.933286ms
Round took 4.972665ms
Round took 5.194208ms
Round took 5.009245ms
Round took 5.601388ms
Round took 4.623531ms
Round took 4.936309ms
Round took 4.892066ms
Round took 5.513417ms
Round took 4.908215ms
Round took 5.20835ms
Round took 4.980676ms
Round took 5.030226ms
Round took 5.194285ms
Round took 5.206403ms
Round took 5.481047ms
Round took 4.555837ms
Round took 4.856586ms
Round took 4.924506ms
Round took 5.113792ms
Round took 5.087769ms
Round took 4.92282ms
Round took 5.320576ms
Round took 5.167134ms
Round took 4.979939ms
Round took 4.94246ms
Round took 6.016423ms
Round took 4.522658ms
Round took 4.800317ms
Round took 5.046401ms
Round took 5.261121ms
Round took 4.692661ms
Round took 5.057837ms
Round took 5.281032ms
Round took 5.07769ms
Round took 4.955848ms
Round took 4.974109ms
Round took 4.958747ms
Round took 5.307991ms
Round took 4.88846ms
Round took 5.068482ms
Round took 5.722915ms
Round took 4.71757ms
Round took 4.912359ms
Round took 5.293923ms
Round took 4.866717ms
Round took 5.0448ms
Round took 5.064847ms
Round took 5.744962ms
Round took 4.436967ms
Round took 5.18955ms
Round took 4.758741ms
Round took 6.613718ms
Round took 4.891162ms
Round took 4.254228ms
Round took 5.104492ms
Round took 5.778481ms
Round took 4.354932ms
Round took 4.922067ms
Round took 5.484165ms
Round took 4.753641ms
Round took 5.30818ms
Round took 4.785464ms
Round took 5.484457ms
Round took 4.939121ms
Round took 5.153883ms
Round took 6.080232ms
Round took 4.087045ms
Round took 5.098244ms
Round took 5.013569ms
Round took 4.795307ms
Round took 5.68133ms
Round took 4.517088ms
Round took 5.188404ms
Round took 5.797678ms
Round took 4.322199ms
Round took 4.895867ms
Round took 5.64407ms
Round took 6.234234ms
Round took 4.836597ms
Round took 5.890744ms
Round took 5.66782ms
Round took 4.667629ms
Round took 5.741193ms
Round took 4.736467ms
Round took 4.289563ms
Round took 4.844743ms
Round took 4.378952ms
Round took 5.24826ms
Round took 4.937154ms
Round took 5.140355ms
Round took 5.67652ms
Round took 5.022912ms
Round took 5.113366ms
Round took 4.587911ms
Round took 5.679165ms
Round took 4.56657ms
Round took 4.788808ms
Round took 5.18034ms
Round took 5.598422ms
Round took 4.817412ms
Round took 4.493446ms
Round took 4.943076ms
Round took 5.587417ms
Round took 5.329718ms
Round took 4.393803ms
Round took 5.315639ms
Round took 5.613358ms
Round took 4.280934ms
Round took 5.49745ms
Round took 5.089387ms
Round took 5.333182ms
Round took 4.698741ms
Round took 5.270152ms
Round took 4.855719ms
Round took 4.58289ms
Round took 5.042936ms
Round took 5.683234ms
Round took 5.040866ms
Round took 4.712423ms
Round took 4.659065ms
Round took 6.17434ms
Round took 6.225668ms
Round took 4.394009ms
Round took 5.318351ms
Round took 5.376939ms
Round took 4.332886ms
Round took 5.615143ms
Round took 4.222697ms
Round took 8.04533ms
Round took 4.180811ms
Round took 4.713034ms
Round took 4.399423ms
Round took 3.896099ms
Round took 5.301801ms
Round took 5.192203ms
Round took 6.516432ms
Round took 5.191904ms
Round took 4.843455ms
Round took 4.419179ms
Round took 3.817731ms
Round took 5.468924ms
Round took 5.383762ms
Round took 5.117241ms
Round took 5.260432ms
Round took 4.578967ms
Round took 6.007092ms
Round took 3.736678ms
Round took 5.428038ms
Round took 4.954118ms
Round took 5.371666ms
Round took 5.46596ms
Round took 4.224024ms
Round took 5.759886ms
Round took 5.928402ms
Round took 4.255267ms
Round took 4.678191ms
Round took 5.624429ms
Round took 5.275441ms
Round took 4.594721ms
Round took 5.851474ms
Round took 3.591177ms
Round took 6.10355ms
Round took 4.459095ms
Round took 5.149517ms
Round took 5.682025ms
Round took 4.782152ms
Round took 5.721418ms
Round took 3.776056ms
Round took 5.196046ms
Round took 4.870144ms
Round took 5.136203ms
Round took 5.891281ms
Round took 4.988206ms
Round took 4.788079ms
Round took 5.304196ms
Round took 4.590687ms
Round took 5.426652ms
Round took 5.390629ms
Round took 5.572043ms
Round took 3.682762ms
Round took 5.545277ms
Round took 5.072285ms
Round took 6.171584ms
Round took 4.546352ms
Round took 4.321486ms
Round took 5.704967ms
Round took 4.541279ms
Round took 4.64689ms
Round took 4.698963ms
Round took 4.958877ms
Round took 5.775248ms
Round took 4.243294ms
Round took 5.141912ms
Round took 5.532015ms
Round took 4.971554ms
Round took 4.863878ms
Round took 6.095455ms
Round took 4.234689ms
Round took 5.389084ms
Round took 5.009187ms
Round took 5.873468ms
Round took 4.191185ms
Round took 5.741144ms
Round took 4.455573ms
Round took 5.661698ms
Round took 4.599858ms
Round took 4.409125ms
Round took 6.621794ms
Round took 3.824727ms
Round took 6.031378ms
Round took 4.073652ms
Round took 5.636021ms
Round took 4.501002ms
Round took 5.513588ms
Round took 5.696852ms
Round took 4.379497ms
Round took 5.396524ms
Round took 4.435254ms
Round took 5.051ms
Round took 4.929209ms
Round took 4.991015ms
Round took 5.170517ms
Round took 5.26637ms
Round took 5.726367ms
Round took 4.576763ms
Round took 5.24161ms
Round took 5.038958ms
Round took 4.745798ms
Round took 4.689177ms
Round took 5.055946ms
Round took 5.769517ms
Round took 4.192351ms
Round took 4.845393ms
Round took 5.275325ms
Round took 5.556606ms
Round took 5.385295ms
Round took 5.753453ms
Round took 4.442564ms
Round took 5.092827ms
Round took 4.785749ms
Round took 5.451736ms
Round took 5.101543ms
Round took 7.035504ms
Round took 4.839137ms
Round took 4.563073ms
Round took 3.970895ms
Round took 3.774138ms
Round took 5.216743ms
Round took 5.993522ms
Round took 6.252096ms
Round took 5.667829ms
Round took 4.797349ms
Round took 6.555285ms
Round took 4.801007ms
Round took 4.837653ms
Round took 5.1122ms
Round took 5.15475ms
Round took 4.960214ms
Round took 5.101231ms
Round took 5.020392ms
Round took 5.15075ms
Round took 5.038633ms
Round took 5.100028ms
Round took 5.483507ms
Round took 4.58195ms
Round took 4.96048ms
Round took 5.367448ms
Round took 5.110753ms
Round took 5.008829ms
Round took 4.975859ms
Round took 5.022823ms
Round took 6.69128ms
Round took 4.903053ms
Round took 4.917226ms
Round took 5.052762ms
Round took 5.286125ms
Round took 3.796123ms
Round took 5.248016ms
Round took 5.326722ms
Round took 5.660309ms
Round took 4.383824ms
Round took 6.896367ms
Round took 6.543466ms
Round took 4.274762ms
Round took 4.776159ms
Round took 4.635225ms
Round took 4.754162ms
Round took 3.492605ms
Round took 5.311266ms
Round took 5.492736ms
Round took 4.650492ms
Round took 4.988301ms
Round took 5.050206ms
Round took 5.011673ms
Round took 5.850232ms
Round took 6.060002ms
Round took 4.13675ms
Round took 5.262614ms
Round took 4.635572ms
Round took 5.596818ms
Round took 5.500514ms
Round took 4.233644ms
Round took 5.042882ms
Round took 5.230441ms
Round took 4.480366ms
Round took 5.218436ms
Round took 5.252466ms
Round took 5.817294ms
Round took 4.183576ms
Round took 5.408539ms
Round took 4.747991ms
Round took 5.203746ms
Round took 5.121567ms
Round took 4.737769ms
Round took 6.211194ms
Round took 4.585342ms
Round took 4.390401ms
Round took 4.470415ms
Round took 6.017531ms
Round took 4.307475ms
Round took 5.403892ms
Round took 4.963764ms
Round took 5.385946ms
Round took 5.102946ms
Round took 4.729168ms
Round took 6.689086ms
Round took 4.749754ms
Round took 5.287532ms
Round took 5.30982ms
Round took 4.701969ms
Round took 4.743339ms
Round took 4.767596ms
Round took 5.487849ms
Round took 5.259595ms
Round took 4.949035ms
Round took 4.705585ms
Round took 5.110428ms
Round took 5.598412ms
Round took 4.645869ms
Round took 6.179626ms
Round took 5.511096ms
Round took 4.15974ms
Round took 4.464965ms
Round took 5.504545ms
Round took 5.099493ms
Round took 4.688064ms
Round took 5.185054ms
Round took 6.245566ms
Round took 4.511132ms
Round took 6.454153ms
Round took 3.610374ms
Round took 4.935896ms
Round took 5.244147ms
Round took 5.640984ms
Round took 4.866295ms
Round took 4.638198ms
Round took 6.205492ms
Round took 4.404786ms
Round took 4.363255ms
Round took 5.143347ms
Round took 5.684642ms
Round took 5.382056ms
Round took 4.504459ms
Round took 4.963615ms
Round took 5.278355ms
Round took 4.640974ms
Round took 5.220161ms
Round took 5.712914ms
Round took 5.846943ms
Round took 3.561375ms
Round took 5.206442ms
Round took 5.531178ms
Round took 5.182306ms
Round took 5.211193ms
Round took 3.585433ms
Round took 4.89793ms
Round took 5.000352ms
Test took 5.138462125s
Successful: 10000
