Uniform distribution
2021/04/16 21:40:47 The leader is replica 0
Round took 6.833832ms
Round took 6.905293ms
Round took 6.471847ms
Round took 4.076223ms
Round took 5.636393ms
Round took 4.883299ms
Round took 5.113092ms
Round took 5.092111ms
Round took 4.905583ms
Round took 4.895596ms
Round took 4.985896ms
Round took 5.2169ms
Round took 5.127292ms
Round took 5.62801ms
Round took 5.030765ms
Round took 4.960116ms
Round took 5.413061ms
Round took 4.897635ms
Round took 4.883127ms
Round took 5.28517ms
Round took 5.484309ms
Round took 4.983308ms
Round took 4.546104ms
Round took 4.985355ms
Round took 5.475919ms
Round took 4.84563ms
Round took 5.085763ms
Round took 5.688617ms
Round took 4.363281ms
Round took 5.203239ms
Round took 4.794509ms
Round took 5.405106ms
Round took 5.209446ms
Round took 4.887498ms
Round took 5.930417ms
Round took 6.21731ms
Round took 7.943391ms
Round took 7.06893ms
Round took 4.621477ms
Round took 4.01108ms
Round took 6.663946ms
Round took 5.437964ms
Round took 6.621766ms
Round took 4.13014ms
Round took 5.671711ms
Round took 5.548155ms
Round took 5.022846ms
Round took 4.450583ms
Round took 6.298138ms
Round took 5.778345ms
Round took 5.000453ms
Round took 5.598226ms
Round took 3.858437ms
Round took 3.828335ms
Round took 5.768714ms
Round took 5.28617ms
Round took 5.53492ms
Round took 5.004219ms
Round took 4.721021ms
Round took 6.01823ms
Round took 5.025329ms
Round took 4.084558ms
Round took 5.353134ms
Round took 6.462437ms
Round took 5.966218ms
Round took 4.972501ms
Round took 4.099879ms
Round took 4.990982ms
Round took 5.220766ms
Round took 5.134926ms
Round took 5.235832ms
Round took 5.077165ms
Round took 4.737819ms
Round took 5.01597ms
Round took 4.767114ms
Round took 5.048653ms
Round took 6.139909ms
Round took 4.210781ms
Round took 4.784082ms
Round took 4.922554ms
Round took 4.891657ms
Round took 6.086385ms
Round took 4.200763ms
Round took 5.200517ms
Round took 5.084642ms
Round took 4.925597ms
Round took 5.1293ms
Round took 4.730465ms
Round took 5.604957ms
Round took 4.763745ms
Round took 4.815437ms
Round took 5.226901ms
Round took 5.482042ms
Round took 5.212264ms
Round took 4.955312ms
Round took 5.407383ms
Round took 5.427774ms
Round took 4.624382ms
Round took 5.692747ms
Round took 4.327498ms
Round took 5.033804ms
Round took 4.915775ms
Round took 5.432723ms
Round took 5.569386ms
Round took 5.197776ms
Round took 4.558161ms
Round took 4.121447ms
Round took 5.17033ms
Round took 5.558944ms
Round took 4.975882ms
Round took 6.078509ms
Round took 3.872334ms
Round took 5.138184ms
Round took 5.522157ms
Round took 5.162415ms
Round took 4.881254ms
Round took 5.114956ms
Round took 5.313967ms
Round took 4.810221ms
Round took 4.706521ms
Round took 4.50197ms
Round took 5.230591ms
Round took 5.260676ms
Round took 4.942147ms
Round took 5.850374ms
Round took 4.072049ms
Round took 5.45759ms
Round took 5.511022ms
Round took 5.436184ms
Round took 4.919782ms
Round took 5.62781ms
Round took 4.269007ms
Round took 4.388913ms
Round took 5.38133ms
Round took 5.16463ms
Round took 4.715809ms
Round took 5.316639ms
Round took 5.736809ms
Round took 4.22259ms
Round took 5.459746ms
Round took 4.08603ms
Round took 6.209186ms
Round took 6.263892ms
Round took 6.019928ms
Round took 5.350897ms
Round took 5.233001ms
Round took 3.805604ms
Round took 3.590169ms
Round took 5.053866ms
Round took 4.897952ms
Round took 6.639504ms
Round took 4.809891ms
Round took 4.736887ms
Round took 3.858218ms
Round took 5.934699ms
Round took 4.918118ms
Round took 4.867785ms
Round took 5.593145ms
Round took 4.55866ms
Round took 4.519373ms
Round took 4.76892ms
Round took 5.934884ms
Round took 4.514143ms
Round took 5.074514ms
Round took 5.065343ms
Round took 5.879829ms
Round took 4.802329ms
Round took 5.07822ms
Round took 5.698925ms
Round took 4.678182ms
Round took 4.378965ms
Round took 5.504664ms
Round took 5.187042ms
Round took 5.081009ms
Round took 5.071499ms
Round took 4.551907ms
Round took 5.573877ms
Round took 5.015649ms
Round took 5.152743ms
Round took 5.397271ms
Round took 4.056509ms
Round took 5.458298ms
Round took 5.573269ms
Round took 5.251054ms
Round took 4.11067ms
Round took 4.85736ms
Round took 5.320452ms
Round took 5.525971ms
Round took 5.217585ms
Round took 5.04557ms
Round took 6.544467ms
Round took 5.326164ms
Round took 6.057762ms
Round took 4.772743ms
Round took 5.043133ms
Round took 5.370329ms
Round took 5.039847ms
Round took 4.452238ms
Round took 5.350653ms
Round took 5.195812ms
Round took 4.960189ms
Round took 4.728862ms
Round took 5.52584ms
Round took 5.152489ms
Round took 4.675324ms
Round took 5.525982ms
Round took 4.528908ms
Round took 5.486749ms
Round took 4.747687ms
Round took 4.902849ms
Round took 5.708605ms
Round took 5.481953ms
Round took 4.738309ms
Round took 5.741584ms
Round took 4.961476ms
Round took 4.349204ms
Round took 4.676865ms
Round took 5.823992ms
Round took 5.178926ms
Round took 5.007265ms
Round took 4.603232ms
Round took 5.672439ms
Round took 4.784703ms
Round took 4.870433ms
Round took 4.975563ms
Round took 5.593551ms
Round took 4.14699ms
Round took 5.383572ms
Round took 5.088657ms
Round took 5.095947ms
Round took 5.005136ms
Round took 4.843057ms
Round took 6.286068ms
Round took 4.115359ms
Round took 5.160075ms
Round took 4.822249ms
Round took 5.478654ms
Round took 4.873562ms
Round took 4.841199ms
Round took 5.940751ms
Round took 4.643658ms
Round took 5.091849ms
Round took 4.962864ms
Round took 5.438841ms
Round took 4.799351ms
Round took 5.106514ms
Round took 5.690075ms
Round took 4.488544ms
Round took 5.225099ms
Round took 5.036855ms
Round took 5.313075ms
Round took 4.565381ms
Round took 5.470101ms
Round took 4.832305ms
Round took 4.938191ms
Round took 6.252839ms
Round took 6.32523ms
Round took 4.869912ms
Round took 3.959506ms
Round took 4.17261ms
Round took 4.904568ms
Round took 5.65243ms
Round took 4.760026ms
Round took 4.693652ms
Round took 5.071919ms
Round took 5.590615ms
Round took 4.525595ms
Round took 5.008299ms
Round took 5.391743ms
Round took 5.040903ms
Round took 4.891771ms
Round took 5.422965ms
Round took 5.210166ms
Round took 4.802552ms
Round took 5.715545ms
Round took 5.761734ms
Round took 4.128759ms
Round took 4.614514ms
Round took 4.983544ms
Round took 5.799709ms
Round took 4.802508ms
Round took 5.001209ms
Round took 5.23629ms
Round took 5.223441ms
Round took 4.641089ms
Round took 5.279261ms
Round took 5.646234ms
Round took 4.719866ms
Round took 5.369769ms
Round took 4.587293ms
Round took 5.289688ms
Round took 4.916907ms
Round took 5.14164ms
Round took 6.185941ms
Round took 4.36379ms
Round took 4.911627ms
Round took 4.83228ms
Round took 5.029834ms
Round took 5.28803ms
Round took 4.839539ms
Round took 4.737322ms
Round took 5.411096ms
Round took 5.224985ms
Round took 4.957861ms
Round took 5.754555ms
Round took 5.005526ms
Round took 5.183069ms
Round took 5.673469ms
Round took 4.391961ms
Round took 4.740593ms
Round took 7.302429ms
Round took 5.960534ms
Round took 5.386281ms
Round took 5.100048ms
Round took 4.718231ms
Round took 5.253506ms
Round took 4.893194ms
Round took 5.412365ms
Round took 4.685755ms
Round took 6.01781ms
Round took 4.375707ms
Round took 4.981463ms
Round took 4.93016ms
Round took 5.098111ms
Round took 5.345446ms
Round took 4.842292ms
Round took 4.907795ms
Round took 5.083877ms
Round took 5.355998ms
Round took 4.602602ms
Round took 5.229917ms
Round took 4.938907ms
Round took 5.011102ms
Round took 4.997637ms
Round took 5.703385ms
Round took 5.050476ms
Round took 5.410607ms
Round took 4.644897ms
Round took 5.102049ms
Round took 5.250415ms
Round took 5.054432ms
Round took 5.09825ms
Round took 5.413074ms
Round took 4.584784ms
Round took 5.10465ms
Round took 5.234685ms
Round took 5.077737ms
Round took 4.99149ms
Round took 5.794774ms
Round took 4.509404ms
Round took 5.013196ms
Round took 5.146338ms
Round took 5.379888ms
Round took 5.385171ms
Round took 4.423652ms
Round took 5.682966ms
Round took 5.178126ms
Round took 4.84089ms
Round took 4.594594ms
Round took 5.781009ms
Round took 4.58678ms
Round took 4.657401ms
Round took 5.607157ms
Round took 5.206903ms
Round took 4.926676ms
Round took 5.282154ms
Round took 4.647037ms
Round took 5.42521ms
Round took 5.219258ms
Round took 5.054375ms
Round took 5.960157ms
Round took 3.852809ms
Round took 5.753807ms
Round took 4.424166ms
Round took 5.116119ms
Round took 5.562121ms
Round took 4.575194ms
Round took 5.608498ms
Round took 4.800894ms
Round took 5.413499ms
Round took 4.320581ms
Round took 5.545905ms
Round took 5.042714ms
Round took 4.860125ms
Round took 5.081309ms
Round took 5.2676ms
Round took 4.851309ms
Round took 4.580112ms
Round took 4.95044ms
Round took 5.417337ms
Round took 4.891634ms
Round took 5.069205ms
Round took 4.659374ms
Round took 5.267914ms
Round took 5.490774ms
Round took 4.928362ms
Round took 5.948006ms
Round took 4.420104ms
Round took 5.219205ms
Round took 4.661075ms
Round took 5.80212ms
Round took 5.138366ms
Round took 5.03597ms
Round took 6.791031ms
Round took 5.303628ms
Round took 5.482969ms
Round took 3.644508ms
Round took 18.516086ms
Round took 4.702311ms
Round took 5.413478ms
Round took 4.779786ms
Round took 5.470604ms
Round took 6.172778ms
Round took 4.984283ms
Round took 5.546307ms
Round took 4.601353ms
Round took 4.835797ms
Round took 6.472995ms
Round took 5.478749ms
Round took 5.464411ms
Round took 4.075803ms
Round took 3.454212ms
Round took 6.32713ms
Round took 4.885458ms
Round took 5.233132ms
Round took 5.17448ms
Round took 4.795632ms
Round took 5.009831ms
Round took 4.99182ms
Round took 6.112147ms
Round took 4.383455ms
Round took 5.254216ms
Round took 5.625197ms
Round took 4.563509ms
Round took 4.557847ms
Round took 5.141915ms
Round took 5.616883ms
Round took 4.356069ms
Round took 5.435285ms
Round took 4.809651ms
Round took 5.810972ms
Round took 4.412958ms
Round took 5.123298ms
Round took 6.01342ms
Round took 4.114388ms
Round took 5.278714ms
Round took 4.671856ms
Round took 5.474306ms
Round took 5.795667ms
Round took 4.577396ms
Round took 5.389084ms
Round took 4.184452ms
Round took 7.672459ms
Round took 4.216588ms
Round took 4.494027ms
Round took 4.176705ms
Round took 5.067252ms
Round took 4.928525ms
Round took 5.17928ms
Round took 5.901526ms
Round took 4.348725ms
Round took 5.656874ms
Round took 4.023459ms
Round took 4.789624ms
Round took 4.578736ms
Round took 5.276732ms
Round took 5.829135ms
Round took 4.909248ms
Round took 4.816403ms
Round took 4.595314ms
Round took 5.22008ms
Round took 5.306149ms
Round took 4.929257ms
Round took 6.054825ms
Round took 4.019118ms
Round took 5.200158ms
Round took 6.043093ms
Round took 4.611569ms
Round took 5.139514ms
Round took 4.967545ms
Round took 5.820137ms
Round took 4.10786ms
Round took 5.047468ms
Round took 6.126437ms
Round took 4.612451ms
Round took 5.195969ms
Round took 4.839329ms
Round took 5.555906ms
Round took 4.498095ms
Round took 5.762657ms
Round took 3.887869ms
Round took 5.809155ms
Round took 4.458033ms
Round took 5.70672ms
Round took 4.191633ms
Round took 5.463606ms
Round took 4.918097ms
Round took 4.989525ms
Round took 4.830362ms
Round took 5.69495ms
Round took 4.826305ms
Round took 4.654987ms
Round took 5.903522ms
Round took 4.519465ms
Round took 5.108764ms
Round took 4.989529ms
Round took 4.402954ms
Round took 5.23648ms
Round took 5.382355ms
Round took 5.149683ms
Round took 5.260923ms
Round took 4.852988ms
Round took 4.821547ms
Round took 5.99016ms
Round took 4.102ms
Round took 5.495392ms
Round took 4.963454ms
Round took 5.076469ms
Round took 5.815724ms
Round took 3.856192ms
Round took 4.941541ms
Round took 4.427698ms
Round took 5.501429ms
Round took 4.978924ms
Round took 4.782468ms
Round took 5.76131ms
Round took 4.355007ms
Round took 5.94168ms
Round took 4.842556ms
Round took 6.028906ms
Round took 5.116116ms
Round took 4.443051ms
Round took 5.034623ms
Round took 4.650258ms
Round took 4.852967ms
Round took 4.780199ms
Round took 5.060173ms
Round took 5.881748ms
Round took 4.962478ms
Round took 5.835235ms
Round took 4.36247ms
Round took 5.514478ms
Round took 4.686263ms
Round took 5.475479ms
Round took 5.428229ms
Round took 4.172574ms
Round took 5.163864ms
Round took 5.475963ms
Round took 5.212268ms
Round took 4.626063ms
Round took 6.163651ms
Round took 4.004703ms
Round took 5.073477ms
Round took 4.715466ms
Round took 6.492261ms
Round took 3.683747ms
Round took 6.109963ms
Round took 5.866212ms
Round took 6.224673ms
Round took 5.160419ms
Round took 4.854041ms
Round took 5.414162ms
Round took 4.782887ms
Round took 5.162461ms
Round took 5.24207ms
Round took 4.753809ms
Round took 5.76094ms
Round took 5.138706ms
Round took 5.095979ms
Round took 5.552785ms
Round took 4.51568ms
Round took 5.181729ms
Round took 4.628513ms
Round took 5.748651ms
Round took 4.733339ms
Round took 4.51186ms
Round took 5.087553ms
Round took 5.947266ms
Round took 4.519507ms
Round took 4.890825ms
Round took 5.049042ms
Round took 5.675205ms
Round took 4.623641ms
Round took 5.003858ms
Round took 5.296523ms
Round took 4.962779ms
Round took 5.228345ms
Round took 4.530223ms
Round took 5.42383ms
Round took 5.225492ms
Round took 4.362354ms
Round took 5.325602ms
Round took 5.567594ms
Round took 4.615816ms
Round took 5.167519ms
Round took 5.668304ms
Round took 4.411296ms
Round took 5.364332ms
Round took 4.662217ms
Round took 6.283581ms
Round took 3.86706ms
Round took 5.240926ms
Round took 5.826849ms
Round took 4.710779ms
Round took 5.199213ms
Round took 4.80266ms
Round took 5.311036ms
Round took 4.824896ms
Round took 4.927935ms
Round took 5.97642ms
Round took 4.990844ms
Round took 5.528743ms
Round took 4.200268ms
Round took 5.26093ms
Round took 5.681208ms
Round took 4.568338ms
Round took 5.777197ms
Round took 4.401631ms
Round took 5.427679ms
Round took 5.026454ms
Round took 6.448216ms
Round took 4.745223ms
Round took 4.132038ms
Round took 5.67263ms
Round took 4.495541ms
Round took 5.189715ms
Round took 4.705937ms
Round took 5.974396ms
Round took 4.43607ms
Round took 4.539815ms
Round took 4.938025ms
Round took 5.725919ms
Round took 4.913457ms
Round took 5.040849ms
Round took 5.597896ms
Round took 5.001244ms
Round took 5.053486ms
Round took 4.599891ms
Round took 5.474989ms
Round took 4.852931ms
Round took 4.498664ms
Round took 5.117131ms
Round took 5.385763ms
Round took 5.290184ms
Round took 4.684552ms
Round took 5.023957ms
Round took 5.467001ms
Round took 5.509186ms
Round took 4.620791ms
Round took 5.999189ms
Round took 4.57467ms
Round took 5.234786ms
Round took 4.702112ms
Round took 5.637538ms
Round took 5.971103ms
Round took 4.197538ms
Round took 5.06677ms
Round took 4.546688ms
Round took 4.820316ms
Round took 4.569613ms
Round took 4.896477ms
Round took 6.029879ms
Round took 4.573397ms
Round took 4.66044ms
Round took 5.095755ms
Round took 5.346369ms
Round took 4.635459ms
Round took 5.095604ms
Round took 5.673218ms
Round took 5.202165ms
Round took 4.355757ms
Round took 5.085319ms
Round took 4.862185ms
Round took 6.292632ms
Round took 5.515429ms
Round took 4.465302ms
Round took 5.305744ms
Round took 4.953468ms
Round took 4.61932ms
Round took 5.003951ms
Round took 5.643329ms
Round took 4.305137ms
Round took 6.249545ms
Round took 3.804703ms
Round took 5.275228ms
Round took 4.934268ms
Round took 5.448906ms
Round took 5.848752ms
Round took 4.001458ms
Round took 5.153972ms
Round took 5.102286ms
Round took 4.565994ms
Round took 5.586599ms
Round took 5.293989ms
Round took 5.472609ms
Round took 5.546057ms
Round took 4.294724ms
Round took 6.411048ms
Round took 8.198136ms
Round took 4.462924ms
Round took 5.702262ms
Round took 5.583424ms
Round took 4.903143ms
Round took 5.782824ms
Round took 4.660063ms
Round took 4.124325ms
Round took 4.936949ms
Round took 4.328334ms
Round took 5.745931ms
Round took 4.801802ms
Round took 5.079177ms
Round took 5.612528ms
Round took 5.001025ms
Round took 4.945177ms
Round took 4.65205ms
Round took 5.798703ms
Round took 4.586205ms
Round took 4.64491ms
Round took 4.40667ms
Round took 5.041331ms
Round took 5.818954ms
Round took 4.479786ms
Round took 4.953281ms
Round took 5.679831ms
Round took 5.052164ms
Round took 4.750687ms
Round took 5.102983ms
Round took 5.860727ms
Round took 4.341911ms
Round took 5.533785ms
Round took 4.608351ms
Round took 5.605308ms
Round took 4.718864ms
Round took 4.957848ms
Round took 5.310417ms
Round took 4.811845ms
Round took 4.985417ms
Round took 5.326703ms
Round took 5.287967ms
Round took 4.779948ms
Round took 4.647803ms
Round took 5.112999ms
Round took 6.079718ms
Round took 4.02833ms
Round took 5.024691ms
Round took 5.923829ms
Round took 4.21712ms
Round took 5.159834ms
Round took 4.935569ms
Round took 6.185197ms
Round took 5.466525ms
Round took 4.764462ms
Round took 5.002215ms
Round took 5.02282ms
Round took 5.128823ms
Round took 4.608668ms
Round took 6.042672ms
Round took 4.97848ms
Round took 4.845944ms
Round took 5.165124ms
Round took 3.979743ms
Round took 5.465105ms
Round took 4.844895ms
Round took 5.494129ms
Round took 5.245064ms
Round took 4.643355ms
Round took 5.384266ms
Round took 4.744436ms
Round took 5.422294ms
Round took 4.939186ms
Round took 5.593135ms
Round took 5.42609ms
Round took 4.385824ms
Round took 5.292605ms
Round took 6.13936ms
Round took 4.670068ms
Round took 4.438617ms
Round took 5.425254ms
Round took 5.39099ms
Round took 4.609915ms
Round took 5.34656ms
Round took 4.187959ms
Round took 6.168328ms
Round took 4.483942ms
Round took 4.875894ms
Round took 5.71725ms
Round took 4.376731ms
Round took 5.381502ms
Round took 4.323061ms
Round took 5.362542ms
Round took 4.845714ms
Round took 5.12558ms
Round took 5.79623ms
Round took 4.923845ms
Round took 4.751983ms
Round took 5.130963ms
Round took 4.926071ms
Round took 5.797321ms
Round took 5.330726ms
Round took 5.583272ms
Round took 3.818012ms
Round took 5.277139ms
Round took 4.768958ms
Round took 6.420967ms
Round took 4.548937ms
Round took 4.36887ms
Round took 5.192667ms
Round took 5.142718ms
Round took 4.712306ms
Round took 4.888464ms
Round took 4.93095ms
Round took 5.699548ms
Round took 4.336985ms
Round took 5.203459ms
Round took 4.887899ms
Round took 5.421967ms
Round took 4.833975ms
Round took 5.622548ms
Round took 4.305891ms
Round took 5.899382ms
Round took 5.034149ms
Round took 4.998002ms
Round took 5.546768ms
Round took 5.750766ms
Round took 4.49465ms
Round took 5.613288ms
Round took 4.61094ms
Round took 4.274167ms
Round took 6.622755ms
Round took 3.881712ms
Round took 6.005325ms
Round took 4.122059ms
Round took 5.662387ms
Round took 4.456679ms
Round took 5.528335ms
Round took 5.715602ms
Round took 4.38403ms
Round took 5.470125ms
Round took 4.358654ms
Round took 5.065487ms
Round took 4.956147ms
Round took 4.934547ms
Round took 5.103704ms
Round took 4.9617ms
Round took 5.962945ms
Round took 4.628901ms
Round took 5.173543ms
Round took 5.077587ms
Round took 4.787218ms
Round took 4.707823ms
Round took 4.993165ms
Round took 5.799335ms
Round took 4.168349ms
Round took 4.743928ms
Round took 4.778949ms
Round took 4.910811ms
Round took 5.704358ms
Round took 5.404555ms
Round took 4.572471ms
Round took 5.38084ms
Round took 4.778875ms
Round took 4.926892ms
Round took 4.990727ms
Round took 6.450166ms
Round took 5.954073ms
Round took 5.105079ms
Round took 4.033577ms
Round took 3.164065ms
Round took 5.106416ms
Round took 4.661783ms
Round took 5.570293ms
Round took 5.105638ms
Round took 5.670962ms
Round took 4.221205ms
Round took 6.577713ms
Round took 4.465058ms
Round took 4.859586ms
Round took 5.556366ms
Round took 4.645265ms
Round took 4.931457ms
Round took 5.128177ms
Round took 5.447273ms
Round took 4.679449ms
Round took 4.831816ms
Round took 5.030907ms
Round took 5.601613ms
Round took 4.470111ms
Round took 4.861417ms
Round took 5.519021ms
Round took 5.057319ms
Round took 4.94969ms
Round took 5.206605ms
Round took 5.320147ms
Round took 6.111727ms
Round took 5.338365ms
Round took 4.932555ms
Round took 5.260891ms
Round took 4.801495ms
Round took 3.79538ms
Round took 5.299773ms
Round took 5.49633ms
Round took 5.611325ms
Round took 4.543695ms
Round took 7.314941ms
Round took 5.819489ms
Round took 4.446098ms
Round took 4.693006ms
Round took 4.667459ms
Round took 4.508074ms
Round took 3.616485ms
Round took 5.757317ms
Round took 5.122795ms
Round took 4.286265ms
Round took 5.062533ms
Round took 6.857623ms
Round took 3.676348ms
Round took 5.909799ms
Round took 6.04432ms
Round took 4.125304ms
Round took 5.307254ms
Round took 4.761124ms
Round took 4.986423ms
Round took 5.642123ms
Round took 4.875366ms
Round took 5.287388ms
Round took 4.51341ms
Round took 4.488757ms
Round took 5.257748ms
Round took 5.402666ms
Round took 5.801258ms
Round took 4.186818ms
Round took 5.655177ms
Round took 4.41557ms
Round took 4.990152ms
Round took 5.173044ms
Round took 5.308775ms
Round took 6.110708ms
Round took 4.408364ms
Round took 5.362943ms
Round took 3.524657ms
Round took 6.142885ms
Round took 4.228113ms
Round took 5.411978ms
Round took 6.044495ms
Round took 4.769924ms
Round took 5.653078ms
Round took 4.204627ms
Round took 5.165268ms
Round took 4.752834ms
Round took 5.336701ms
Round took 5.305821ms
Round took 4.655833ms
Round took 4.615002ms
Round took 4.732235ms
Round took 5.526759ms
Round took 5.275428ms
Round took 4.977694ms
Round took 4.701589ms
Round took 5.1665ms
Round took 5.565938ms
Round took 4.582618ms
Round took 6.202496ms
Round took 5.512604ms
Round took 4.193724ms
Round took 4.496207ms
Round took 5.562054ms
Round took 5.110563ms
Round took 4.668011ms
Round took 5.523393ms
Round took 6.155763ms
Round took 4.426073ms
Round took 6.41029ms
Round took 3.58659ms
Round took 4.9144ms
Round took 5.266585ms
Round took 4.904073ms
Round took 5.001418ms
Round took 4.637616ms
Round took 6.242ms
Round took 4.199742ms
Round took 4.414337ms
Round took 5.181361ms
Round took 5.692691ms
Round took 5.342209ms
Round took 4.583122ms
Round took 5.044002ms
Round took 5.162613ms
Round took 4.653564ms
Round took 5.267285ms
Round took 5.723125ms
Round took 5.821507ms
Round took 3.651832ms
Round took 5.218954ms
Round took 5.541242ms
Round took 5.151913ms
Round took 5.288143ms
Round took 3.525427ms
Round took 4.920989ms
Round took 4.998671ms
Round took 4.638376ms
Test took 5.136795622s
Successful: 10000
