Uniform distribution
2021/04/16 21:40:47 The leader is replica 0
Round took 5.24617ms
Round took 1.874175ms
Round took 6.789537ms
Round took 5.386239ms
Round took 6.499434ms
Round took 6.734057ms
Round took 6.887527ms
Round took 3.474593ms
Round took 5.057494ms
Round took 4.965056ms
Round took 5.057994ms
Round took 5.100678ms
Round took 5.073463ms
Round took 5.05253ms
Round took 5.344251ms
Round took 5.176997ms
Round took 5.176527ms
Round took 4.881613ms
Round took 5.088237ms
Round took 4.796467ms
Round took 5.242525ms
Round took 5.5472ms
Round took 4.710652ms
Round took 5.196485ms
Round took 5.041384ms
Round took 5.427154ms
Round took 4.51832ms
Round took 4.982679ms
Round took 5.517872ms
Round took 5.209965ms
Round took 4.706317ms
Round took 5.186445ms
Round took 6.611912ms
Round took 4.69134ms
Round took 5.453669ms
Round took 4.718792ms
Round took 5.209405ms
Round took 4.042506ms
Round took 5.006757ms
Round took 7.65111ms
Round took 3.735427ms
Round took 6.361571ms
Round took 4.681874ms
Round took 5.662424ms
Round took 3.288418ms
Round took 6.495878ms
Round took 4.644741ms
Round took 4.40467ms
Round took 5.410523ms
Round took 4.288074ms
Round took 6.030052ms
Round took 7.121646ms
Round took 8.378869ms
Round took 7.147938ms
Round took 6.640723ms
Round took 6.941442ms
Round took 6.389391ms
Round took 4.04437ms
Round took 5.65029ms
Round took 5.370325ms
Round took 4.590382ms
Round took 4.89254ms
Round took 4.894674ms
Round took 4.930275ms
Round took 5.727372ms
Round took 4.632637ms
Round took 5.165782ms
Round took 5.626026ms
Round took 5.053303ms
Round took 4.935505ms
Round took 5.382332ms
Round took 5.56888ms
Round took 4.600913ms
Round took 5.306565ms
Round took 5.664579ms
Round took 4.726239ms
Round took 4.568553ms
Round took 4.929484ms
Round took 5.443872ms
Round took 4.870131ms
Round took 5.094241ms
Round took 5.760037ms
Round took 4.382332ms
Round took 5.170084ms
Round took 4.706383ms
Round took 7.628373ms
Round took 4.328289ms
Round took 6.945355ms
Round took 6.291142ms
Round took 8.991946ms
Round took 6.508185ms
Round took 5.54082ms
Round took 3.974903ms
Round took 6.563847ms
Round took 5.738087ms
Round took 6.755143ms
Round took 4.147678ms
Round took 5.741491ms
Round took 5.010164ms
Round took 6.625549ms
Round took 4.491985ms
Round took 7.167181ms
Round took 4.85892ms
Round took 5.857685ms
Round took 4.807056ms
Round took 3.627168ms
Round took 3.935592ms
Round took 5.744486ms
Round took 6.010189ms
Round took 4.864804ms
Round took 4.99494ms
Round took 5.188853ms
Round took 4.467183ms
Round took 5.907448ms
Round took 3.880667ms
Round took 5.583895ms
Round took 6.121498ms
Round took 5.870428ms
Round took 4.878158ms
Round took 4.088145ms
Round took 4.954846ms
Round took 5.189074ms
Round took 5.071339ms
Round took 5.225862ms
Round took 5.075064ms
Round took 4.711288ms
Round took 5.090705ms
Round took 4.237516ms
Round took 4.95129ms
Round took 6.160778ms
Round took 5.059583ms
Round took 3.958883ms
Round took 5.002881ms
Round took 5.329757ms
Round took 5.847663ms
Round took 4.345361ms
Round took 5.348085ms
Round took 5.869042ms
Round took 5.9425ms
Round took 5.159062ms
Round took 5.061133ms
Round took 4.893414ms
Round took 5.156428ms
Round took 5.025139ms
Round took 5.051467ms
Round took 5.63044ms
Round took 5.21856ms
Round took 4.994159ms
Round took 4.876884ms
Round took 5.312726ms
Round took 5.027832ms
Round took 4.862325ms
Round took 5.318846ms
Round took 5.836496ms
Round took 4.682418ms
Round took 5.245159ms
Round took 6.096032ms
Round took 4.306968ms
Round took 4.341996ms
Round took 5.189547ms
Round took 5.793507ms
Round took 5.00755ms
Round took 5.08699ms
Round took 4.93887ms
Round took 5.451013ms
Round took 5.055739ms
Round took 5.868698ms
Round took 4.720924ms
Round took 5.069693ms
Round took 5.358234ms
Round took 5.507777ms
Round took 5.31143ms
Round took 4.510945ms
Round took 6.142294ms
Round took 6.260455ms
Round took 5.263027ms
Round took 4.877772ms
Round took 5.438488ms
Round took 5.457656ms
Round took 5.145368ms
Round took 4.689013ms
Round took 6.012109ms
Round took 4.379485ms
Round took 4.547479ms
Round took 5.39185ms
Round took 5.137691ms
Round took 4.926356ms
Round took 5.267535ms
Round took 5.874467ms
Round took 4.467547ms
Round took 5.416177ms
Round took 4.738754ms
Round took 5.824348ms
Round took 5.521674ms
Round took 6.739929ms
Round took 5.126695ms
Round took 5.815704ms
Round took 3.81812ms
Round took 3.542981ms
Round took 5.287319ms
Round took 4.579146ms
Round took 5.572262ms
Round took 5.705432ms
Round took 4.736265ms
Round took 4.052875ms
Round took 5.563307ms
Round took 5.574827ms
Round took 4.862662ms
Round took 4.964296ms
Round took 4.511273ms
Round took 6.337386ms
Round took 4.685107ms
Round took 5.810596ms
Round took 4.512839ms
Round took 5.037759ms
Round took 5.047409ms
Round took 5.923578ms
Round took 4.797877ms
Round took 5.091449ms
Round took 5.928013ms
Round took 5.795645ms
Round took 5.53736ms
Round took 4.619544ms
Round took 5.334017ms
Round took 4.829753ms
Round took 5.195937ms
Round took 5.041574ms
Round took 5.233217ms
Round took 5.467997ms
Round took 5.096858ms
Round took 4.632176ms
Round took 5.203645ms
Round took 5.89429ms
Round took 4.276503ms
Round took 4.749526ms
Round took 5.311596ms
Round took 5.529055ms
Round took 5.179469ms
Round took 5.086483ms
Round took 5.929907ms
Round took 5.12504ms
Round took 4.948435ms
Round took 4.732482ms
Round took 5.988535ms
Round took 4.822058ms
Round took 5.540443ms
Round took 4.887874ms
Round took 5.052887ms
Round took 5.04251ms
Round took 5.96654ms
Round took 4.90466ms
Round took 5.20055ms
Round took 5.847076ms
Round took 4.66383ms
Round took 4.910281ms
Round took 5.096418ms
Round took 5.820029ms
Round took 6.282977ms
Round took 4.908138ms
Round took 5.002396ms
Round took 5.681402ms
Round took 5.361329ms
Round took 4.70225ms
Round took 5.167154ms
Round took 5.348667ms
Round took 4.366403ms
Round took 4.599777ms
Round took 5.478067ms
Round took 5.260208ms
Round took 5.02691ms
Round took 4.560853ms
Round took 5.730754ms
Round took 4.948384ms
Round took 4.817048ms
Round took 5.280087ms
Round took 5.411643ms
Round took 4.467685ms
Round took 5.331993ms
Round took 5.007618ms
Round took 5.273837ms
Round took 4.871397ms
Round took 4.810282ms
Round took 6.475433ms
Round took 4.122169ms
Round took 5.232702ms
Round took 5.012037ms
Round took 5.23213ms
Round took 4.825095ms
Round took 4.952028ms
Round took 6.064855ms
Round took 4.599471ms
Round took 5.10768ms
Round took 4.599614ms
Round took 5.761621ms
Round took 4.68183ms
Round took 5.105994ms
Round took 5.843173ms
Round took 4.384183ms
Round took 5.220447ms
Round took 5.0558ms
Round took 5.290399ms
Round took 4.583302ms
Round took 5.408122ms
Round took 5.651832ms
Round took 4.318053ms
Round took 7.536974ms
Round took 5.285947ms
Round took 4.92475ms
Round took 4.7801ms
Round took 5.787713ms
Round took 5.587702ms
Round took 4.845863ms
Round took 5.076726ms
Round took 4.983246ms
Round took 5.635609ms
Round took 4.570283ms
Round took 4.978776ms
Round took 5.08226ms
Round took 5.344665ms
Round took 4.874651ms
Round took 5.345715ms
Round took 4.769078ms
Round took 5.500524ms
Round took 5.196032ms
Round took 6.193944ms
Round took 4.099595ms
Round took 4.678003ms
Round took 4.955228ms
Round took 5.074702ms
Round took 5.514337ms
Round took 4.950918ms
Round took 5.194403ms
Round took 5.158889ms
Round took 4.819993ms
Round took 5.233348ms
Round took 5.116364ms
Round took 5.126883ms
Round took 5.353036ms
Round took 4.763342ms
Round took 5.296659ms
Round took 5.006066ms
Round took 4.982157ms
Round took 5.467415ms
Round took 4.734094ms
Round took 6.170783ms
Round took 5.005841ms
Round took 4.984755ms
Round took 5.200528ms
Round took 4.934151ms
Round took 4.690611ms
Round took 5.455604ms
Round took 5.237901ms
Round took 4.970511ms
Round took 5.639862ms
Round took 4.987808ms
Round took 5.19386ms
Round took 5.605519ms
Round took 6.142978ms
Round took 6.391376ms
Round took 5.092196ms
Round took 5.257558ms
Round took 5.570933ms
Round took 4.878355ms
Round took 4.634005ms
Round took 5.268365ms
Round took 5.299806ms
Round took 4.985665ms
Round took 4.743616ms
Round took 6.313354ms
Round took 4.709502ms
Round took 4.836968ms
Round took 5.257836ms
Round took 4.804587ms
Round took 5.292288ms
Round took 4.726985ms
Round took 5.070929ms
Round took 4.987665ms
Round took 5.338426ms
Round took 4.735382ms
Round took 6.303638ms
Round took 4.005751ms
Round took 4.944336ms
Round took 4.970918ms
Round took 5.780967ms
Round took 4.955734ms
Round took 5.423165ms
Round took 5.332681ms
Round took 4.447897ms
Round took 5.219927ms
Round took 5.255064ms
Round took 6.01583ms
Round took 5.082729ms
Round took 4.582938ms
Round took 5.636634ms
Round took 4.781497ms
Round took 5.218061ms
Round took 5.008275ms
Round took 5.620403ms
Round took 4.562194ms
Round took 5.064121ms
Round took 5.864769ms
Round took 4.681909ms
Round took 5.942367ms
Round took 3.657254ms
Round took 5.843335ms
Round took 5.214693ms
Round took 5.313443ms
Round took 5.014105ms
Round took 4.809903ms
Round took 5.020987ms
Round took 5.042145ms
Round took 5.822406ms
Round took 4.349754ms
Round took 5.248104ms
Round took 5.615442ms
Round took 4.44689ms
Round took 4.997573ms
Round took 6.3801ms
Round took 6.022352ms
Round took 4.844703ms
Round took 5.720775ms
Round took 4.471127ms
Round took 5.176559ms
Round took 5.668736ms
Round took 4.616915ms
Round took 5.198912ms
Round took 5.149254ms
Round took 5.412438ms
Round took 4.332986ms
Round took 5.537665ms
Round took 5.088319ms
Round took 4.80668ms
Round took 5.111865ms
Round took 5.26004ms
Round took 5.397388ms
Round took 4.510002ms
Round took 4.96238ms
Round took 5.438252ms
Round took 4.490094ms
Round took 5.134563ms
Round took 4.678291ms
Round took 5.214541ms
Round took 5.472721ms
Round took 5.421393ms
Round took 5.601812ms
Round took 4.253987ms
Round took 5.167473ms
Round took 5.245684ms
Round took 5.728174ms
Round took 4.865731ms
Round took 4.999312ms
Round took 7.034741ms
Round took 5.430573ms
Round took 4.725905ms
Round took 3.657115ms
Round took 18.416633ms
Round took 5.019972ms
Round took 5.829067ms
Round took 4.800267ms
Round took 6.160551ms
Round took 6.346278ms
Round took 4.461462ms
Round took 5.40899ms
Round took 3.597292ms
Round took 4.871329ms
Round took 6.536208ms
Round took 5.57037ms
Round took 5.460248ms
Round took 3.915501ms
Round took 3.447482ms
Round took 6.320525ms
Round took 4.900143ms
Round took 5.307854ms
Round took 4.929137ms
Round took 4.742494ms
Round took 4.843347ms
Round took 5.033203ms
Round took 5.033242ms
Round took 5.386313ms
Round took 5.064917ms
Round took 4.955827ms
Round took 6.223835ms
Round took 4.10612ms
Round took 5.096118ms
Round took 5.588932ms
Round took 4.684942ms
Round took 5.44386ms
Round took 4.983984ms
Round took 5.606239ms
Round took 4.379865ms
Round took 5.102391ms
Round took 6.027728ms
Round took 3.833965ms
Round took 4.963932ms
Round took 4.661999ms
Round took 4.645213ms
Round took 6.468741ms
Round took 4.23789ms
Round took 5.172688ms
Round took 4.408988ms
Round took 6.904925ms
Round took 4.798417ms
Round took 4.507665ms
Round took 4.442065ms
Round took 5.097828ms
Round took 4.944436ms
Round took 4.86563ms
Round took 6.091208ms
Round took 4.416558ms
Round took 5.155357ms
Round took 4.147232ms
Round took 5.286371ms
Round took 4.942948ms
Round took 5.271975ms
Round took 5.699684ms
Round took 5.004894ms
Round took 4.848666ms
Round took 4.511748ms
Round took 5.215974ms
Round took 5.293731ms
Round took 4.922218ms
Round took 5.147846ms
Round took 4.670459ms
Round took 4.738596ms
Round took 5.447744ms
Round took 4.842907ms
Round took 5.823153ms
Round took 4.875514ms
Round took 4.935238ms
Round took 5.114871ms
Round took 5.247414ms
Round took 5.896262ms
Round took 4.860978ms
Round took 5.23176ms
Round took 4.878084ms
Round took 5.063453ms
Round took 5.045157ms
Round took 5.812456ms
Round took 3.818239ms
Round took 7.271885ms
Round took 6.109ms
Round took 4.266912ms
Round took 5.014816ms
Round took 5.285013ms
Round took 5.473271ms
Round took 4.884251ms
Round took 5.039627ms
Round took 4.953313ms
Round took 5.16104ms
Round took 5.150895ms
Round took 4.804915ms
Round took 5.732186ms
Round took 5.027336ms
Round took 4.363699ms
Round took 5.211375ms
Round took 5.607679ms
Round took 5.149042ms
Round took 4.639633ms
Round took 5.234695ms
Round took 4.99649ms
Round took 5.610147ms
Round took 4.627533ms
Round took 5.658667ms
Round took 6.434445ms
Round took 5.032534ms
Round took 5.947023ms
Round took 4.006873ms
Round took 4.877544ms
Round took 4.362561ms
Round took 6.078226ms
Round took 4.363244ms
Round took 4.720223ms
Round took 5.791534ms
Round took 4.415177ms
Round took 5.905644ms
Round took 4.859595ms
Round took 6.050504ms
Round took 5.168095ms
Round took 4.459836ms
Round took 5.008103ms
Round took 5.152824ms
Round took 4.761165ms
Round took 5.017824ms
Round took 7.758879ms
Round took 5.071285ms
Round took 5.071487ms
Round took 4.800498ms
Round took 5.848058ms
Round took 4.734823ms
Round took 4.972345ms
Round took 5.309712ms
Round took 4.838854ms
Round took 6.162704ms
Round took 4.958669ms
Round took 6.313088ms
Round took 4.656167ms
Round took 5.429229ms
Round took 4.99502ms
Round took 4.98036ms
Round took 4.640315ms
Round took 7.404715ms
Round took 6.389338ms
Round took 4.902024ms
Round took 4.590605ms
Round took 5.786731ms
Round took 5.932519ms
Round took 4.752316ms
Round took 5.405938ms
Round took 5.977357ms
Round took 4.330555ms
Round took 5.310249ms
Round took 4.545423ms
Round took 5.73379ms
Round took 5.281469ms
Round took 5.371031ms
Round took 5.267535ms
Round took 4.537295ms
Round took 5.071979ms
Round took 4.989894ms
Round took 4.830478ms
Round took 5.300178ms
Round took 4.97476ms
Round took 5.650706ms
Round took 5.524824ms
Round took 4.527648ms
Round took 6.677872ms
Round took 6.107481ms
Round took 5.00302ms
Round took 4.986856ms
Round took 4.995167ms
Round took 5.27447ms
Round took 5.307697ms
Round took 4.423792ms
Round took 5.191968ms
Round took 5.523709ms
Round took 4.371311ms
Round took 5.346025ms
Round took 5.502403ms
Round took 4.662551ms
Round took 5.038864ms
Round took 5.01296ms
Round took 5.067894ms
Round took 5.283373ms
Round took 4.711387ms
Round took 6.289916ms
Round took 3.930232ms
Round took 5.294433ms
Round took 5.245973ms
Round took 5.241106ms
Round took 5.193193ms
Round took 4.82432ms
Round took 5.057782ms
Round took 5.052919ms
Round took 4.922805ms
Round took 5.259973ms
Round took 4.883892ms
Round took 6.041991ms
Round took 4.228092ms
Round took 5.055661ms
Round took 6.208474ms
Round took 4.527008ms
Round took 5.516048ms
Round took 4.68162ms
Round took 5.515272ms
Round took 4.621531ms
Round took 4.967373ms
Round took 5.952786ms
Round took 4.050972ms
Round took 5.237431ms
Round took 4.921473ms
Round took 5.630023ms
Round took 4.671739ms
Round took 5.190187ms
Round took 5.285626ms
Round took 4.883734ms
Round took 4.971565ms
Round took 5.337446ms
Round took 4.926947ms
Round took 5.002203ms
Round took 5.213868ms
Round took 5.370641ms
Round took 5.009042ms
Round took 5.142003ms
Round took 4.526118ms
Round took 5.142235ms
Round took 5.481727ms
Round took 4.824136ms
Round took 4.926921ms
Round took 5.765736ms
Round took 4.646598ms
Round took 5.055088ms
Round took 5.420504ms
Round took 5.554719ms
Round took 4.573854ms
Round took 4.869558ms
Round took 4.967954ms
Round took 5.041097ms
Round took 4.624529ms
Round took 5.057415ms
Round took 6.347754ms
Round took 4.207245ms
Round took 5.02317ms
Round took 4.667669ms
Round took 5.092166ms
Round took 4.464824ms
Round took 4.912726ms
Round took 6.07334ms
Round took 4.669863ms
Round took 4.692593ms
Round took 5.111137ms
Round took 5.473622ms
Round took 4.508927ms
Round took 5.067221ms
Round took 5.837848ms
Round took 4.888158ms
Round took 4.313308ms
Round took 5.100726ms
Round took 4.93177ms
Round took 6.35598ms
Round took 5.457373ms
Round took 4.620708ms
Round took 5.196509ms
Round took 4.930558ms
Round took 5.374477ms
Round took 4.268982ms
Round took 5.754924ms
Round took 4.609598ms
Round took 6.190986ms
Round took 3.828742ms
Round took 5.275664ms
Round took 4.929005ms
Round took 5.502346ms
Round took 5.807434ms
Round took 4.030843ms
Round took 5.386516ms
Round took 6.198974ms
Round took 5.826215ms
Round took 4.928433ms
Round took 5.053378ms
Round took 5.69753ms
Round took 4.395383ms
Round took 5.259055ms
Round took 5.305599ms
Round took 4.964922ms
Round took 4.995602ms
Round took 5.121328ms
Round took 5.123746ms
Round took 5.752352ms
Round took 5.63465ms
Round took 4.512742ms
Round took 4.68009ms
Round took 5.130436ms
Round took 4.321383ms
Round took 5.260423ms
Round took 5.087109ms
Round took 5.084726ms
Round took 5.228193ms
Round took 4.919878ms
Round took 5.322148ms
Round took 4.636938ms
Round took 5.440723ms
Round took 4.558689ms
Round took 5.21844ms
Round took 4.928466ms
Round took 4.99809ms
Round took 5.914039ms
Round took 4.502201ms
Round took 4.949386ms
Round took 5.572903ms
Round took 5.158102ms
Round took 4.431882ms
Round took 5.384622ms
Round took 5.60693ms
Round took 4.329152ms
Round took 5.99533ms
Round took 4.034747ms
Round took 5.396879ms
Round took 4.703136ms
Round took 4.907301ms
Round took 5.259773ms
Round took 5.153072ms
Round took 5.042011ms
Round took 5.589415ms
Round took 5.019661ms
Round took 5.057161ms
Round took 4.698186ms
Round took 5.101334ms
Round took 5.941686ms
Round took 4.395621ms
Round took 5.369251ms
Round took 5.512633ms
Round took 4.340506ms
Round took 5.099394ms
Round took 4.803928ms
Round took 7.204995ms
Round took 4.974227ms
Round took 5.030374ms
Round took 4.297979ms
Round took 3.864136ms
Round took 5.215094ms
Round took 4.803544ms
Round took 6.418139ms
Round took 4.984333ms
Round took 5.160117ms
Round took 5.39955ms
Round took 3.843282ms
Round took 5.475514ms
Round took 5.374016ms
Round took 5.162977ms
Round took 5.261064ms
Round took 4.603976ms
Round took 6.025153ms
Round took 3.862978ms
Round took 5.469833ms
Round took 5.426033ms
Round took 4.965304ms
Round took 5.544914ms
Round took 4.284275ms
Round took 6.692057ms
Round took 6.585018ms
Round took 4.485062ms
Round took 4.704969ms
Round took 5.292996ms
Round took 5.149319ms
Round took 5.181763ms
Round took 4.532285ms
Round took 5.607682ms
Round took 5.027704ms
Round took 4.655111ms
Round took 4.914332ms
Round took 5.29009ms
Round took 5.159165ms
Round took 4.193155ms
Round took 5.167481ms
Round took 5.097334ms
Round took 5.041434ms
Round took 4.971398ms
Round took 5.243582ms
Round took 5.036774ms
Round took 5.082871ms
Round took 4.928555ms
Round took 4.990222ms
Round took 6.145805ms
Round took 4.812127ms
Round took 4.77942ms
Round took 6.211983ms
Round took 4.528014ms
Round took 5.606213ms
Round took 5.343288ms
Round took 4.37469ms
Round took 5.108191ms
Round took 4.950596ms
Round took 4.97097ms
Round took 5.64283ms
Round took 4.740756ms
Round took 5.793997ms
Round took 3.934502ms
Round took 5.151441ms
Round took 5.063373ms
Round took 4.944069ms
Round took 4.837912ms
Round took 6.093958ms
Round took 4.188518ms
Round took 5.520193ms
Round took 4.997188ms
Round took 5.835239ms
Round took 4.129191ms
Round took 5.269787ms
Round took 4.380571ms
Round took 5.665562ms
Round took 6.73947ms
Round took 6.57551ms
Round took 4.75723ms
Round took 5.858205ms
Round took 4.164255ms
Round took 5.363948ms
Round took 4.957717ms
Round took 5.560528ms
Round took 5.163569ms
Round took 4.496156ms
Round took 5.0864ms
Round took 5.185159ms
Round took 4.963536ms
Round took 4.809522ms
Round took 5.292478ms
Round took 5.05006ms
Round took 4.814678ms
Round took 5.326907ms
Round took 5.068759ms
Round took 5.956742ms
Round took 4.578591ms
Round took 4.897794ms
Round took 5.478755ms
Round took 4.907936ms
Round took 4.883617ms
Round took 4.838708ms
Round took 5.751949ms
Round took 4.801357ms
Round took 4.907184ms
Round took 5.793346ms
Round took 5.363917ms
Round took 4.607885ms
Round took 5.420395ms
Round took 5.573912ms
Round took 5.314987ms
Round took 5.131618ms
Round took 6.755976ms
Round took 5.727231ms
Round took 4.49025ms
Round took 4.0365ms
Round took 3.774091ms
Round took 5.293578ms
Round took 5.286771ms
Round took 6.100565ms
Round took 4.936091ms
Round took 6.721894ms
Round took 6.739491ms
Round took 4.737179ms
Round took 4.955143ms
Round took 5.069138ms
Round took 5.122412ms
Round took 4.944546ms
Round took 5.146224ms
Round took 4.960007ms
Round took 5.574454ms
Round took 4.870587ms
Round took 4.997665ms
Round took 6.045703ms
Round took 4.572231ms
Round took 4.819405ms
Round took 5.515588ms
Round took 4.898167ms
Round took 5.014441ms
Round took 5.180999ms
Round took 6.019874ms
Round took 5.528382ms
Round took 5.200305ms
Round took 5.097993ms
Round took 5.21479ms
Round took 4.594981ms
Round took 3.819471ms
Round took 5.29126ms
Round took 5.068852ms
Round took 5.580972ms
Round took 4.592572ms
Round took 7.450303ms
Round took 6.407633ms
Round took 4.829815ms
Round took 4.602396ms
Round took 5.447016ms
Round took 3.48339ms
Round took 3.69342ms
Round took 5.853722ms
Round took 5.197481ms
Round took 4.786555ms
Round took 5.107267ms
Round took 6.143265ms
Round took 5.870301ms
Round took 5.446792ms
Round took 4.647383ms
Round took 5.230842ms
Round took 4.349098ms
Round took 5.106034ms
Round took 5.570756ms
Round took 4.9844ms
Round took 4.988759ms
Round took 4.918418ms
Round took 4.985108ms
Round took 5.253527ms
Round took 5.222287ms
Round took 5.812745ms
Round took 4.356545ms
Round took 5.405017ms
Round took 4.75813ms
Round took 5.188317ms
Round took 5.097472ms
Round took 4.754886ms
Round took 5.101535ms
Round took 6.689478ms
Round took 4.429404ms
Round took 4.27382ms
Round took 6.147169ms
Round took 4.251062ms
Round took 5.310135ms
Round took 5.657172ms
Round took 4.830249ms
Round took 5.124657ms
Round took 4.686413ms
Round took 5.31578ms
Round took 4.883133ms
Round took 5.207136ms
Round took 5.324122ms
Round took 5.8731ms
Round took 4.553793ms
Round took 5.610381ms
Round took 5.9005ms
Round took 4.711435ms
Round took 5.257306ms
Round took 4.978129ms
Round took 4.304836ms
Test took 5.215298476s
Successful: 10000
