Uniform distribution
2021/04/16 21:40:47 The leader is replica 0
Round took 1.938161ms
Round took 6.756857ms
Round took 3.690431ms
Round took 8.641711ms
Round took 7.794677ms
Round took 6.534681ms
Round took 3.252009ms
Round took 4.708949ms
Round took 4.907401ms
Round took 5.530351ms
Round took 4.226223ms
Round took 4.997207ms
Round took 5.308756ms
Round took 5.003085ms
Round took 5.199242ms
Round took 5.189963ms
Round took 4.858981ms
Round took 5.134985ms
Round took 4.865111ms
Round took 5.962005ms
Round took 4.664433ms
Round took 4.836981ms
Round took 5.146521ms
Round took 4.988922ms
Round took 5.180615ms
Round took 4.380702ms
Round took 5.081214ms
Round took 5.440846ms
Round took 5.130073ms
Round took 4.532218ms
Round took 5.188303ms
Round took 5.274574ms
Round took 4.986995ms
Round took 5.113082ms
Round took 4.879431ms
Round took 6.602127ms
Round took 3.929523ms
Round took 5.076523ms
Round took 7.413096ms
Round took 3.794699ms
Round took 6.014986ms
Round took 5.323159ms
Round took 4.643302ms
Round took 3.848843ms
Round took 5.143586ms
Round took 5.651574ms
Round took 4.407735ms
Round took 5.257399ms
Round took 4.680866ms
Round took 6.068103ms
Round took 5.695061ms
Round took 6.630175ms
Round took 5.818082ms
Round took 6.516229ms
Round took 6.931453ms
Round took 8.770075ms
Round took 3.947805ms
Round took 3.955457ms
Round took 5.846597ms
Round took 5.242071ms
Round took 4.177531ms
Round took 4.933517ms
Round took 4.857445ms
Round took 4.772087ms
Round took 5.195909ms
Round took 5.2717ms
Round took 5.224296ms
Round took 5.586913ms
Round took 5.061665ms
Round took 4.919918ms
Round took 5.253546ms
Round took 5.152411ms
Round took 4.783463ms
Round took 5.218575ms
Round took 5.664157ms
Round took 4.70212ms
Round took 4.521156ms
Round took 4.910516ms
Round took 5.422647ms
Round took 4.974225ms
Round took 5.17733ms
Round took 5.789005ms
Round took 4.425459ms
Round took 5.268881ms
Round took 4.639035ms
Round took 6.966136ms
Round took 4.167224ms
Round took 5.381132ms
Round took 6.381244ms
Round took 7.240013ms
Round took 7.63105ms
Round took 6.918372ms
Round took 4.744237ms
Round took 6.019324ms
Round took 6.128447ms
Round took 6.515806ms
Round took 4.23633ms
Round took 5.685584ms
Round took 5.13426ms
Round took 5.288117ms
Round took 4.898589ms
Round took 5.438026ms
Round took 6.533506ms
Round took 4.74032ms
Round took 5.966198ms
Round took 3.648837ms
Round took 3.619713ms
Round took 6.003561ms
Round took 5.178346ms
Round took 5.509226ms
Round took 5.013992ms
Round took 4.678131ms
Round took 5.171767ms
Round took 5.343864ms
Round took 4.754172ms
Round took 5.152523ms
Round took 4.839706ms
Round took 7.335971ms
Round took 4.750234ms
Round took 4.183747ms
Round took 5.531094ms
Round took 5.144401ms
Round took 4.821457ms
Round took 5.445254ms
Round took 5.066804ms
Round took 4.770408ms
Round took 4.77571ms
Round took 5.159997ms
Round took 5.455343ms
Round took 5.314563ms
Round took 4.949885ms
Round took 5.167532ms
Round took 4.591792ms
Round took 4.946071ms
Round took 6.686214ms
Round took 4.290303ms
Round took 5.375745ms
Round took 6.120283ms
Round took 6.145472ms
Round took 5.272037ms
Round took 5.455834ms
Round took 4.572629ms
Round took 5.30569ms
Round took 4.792482ms
Round took 4.986449ms
Round took 5.692795ms
Round took 5.078485ms
Round took 5.050227ms
Round took 4.84289ms
Round took 5.705037ms
Round took 4.766689ms
Round took 4.873655ms
Round took 5.447781ms
Round took 5.125124ms
Round took 4.668916ms
Round took 5.203072ms
Round took 6.357285ms
Round took 4.380734ms
Round took 4.358883ms
Round took 5.157373ms
Round took 5.802029ms
Round took 5.05016ms
Round took 6.784786ms
Round took 3.828048ms
Round took 5.041077ms
Round took 5.000285ms
Round took 5.595433ms
Round took 4.844012ms
Round took 5.133171ms
Round took 5.346324ms
Round took 5.359311ms
Round took 5.029473ms
Round took 4.520091ms
Round took 5.229372ms
Round took 5.333835ms
Round took 4.970422ms
Round took 5.69608ms
Round took 6.688158ms
Round took 5.532718ms
Round took 5.182742ms
Round took 4.650859ms
Round took 6.0492ms
Round took 4.395462ms
Round took 4.513113ms
Round took 5.401373ms
Round took 5.10614ms
Round took 4.820412ms
Round took 5.517324ms
Round took 5.654991ms
Round took 4.248296ms
Round took 5.429463ms
Round took 4.798414ms
Round took 5.854942ms
Round took 5.180351ms
Round took 7.491522ms
Round took 5.117204ms
Round took 5.33471ms
Round took 4.286525ms
Round took 3.514228ms
Round took 5.413562ms
Round took 4.822844ms
Round took 5.459474ms
Round took 5.830959ms
Round took 4.755154ms
Round took 3.96884ms
Round took 6.009205ms
Round took 4.799524ms
Round took 4.851761ms
Round took 4.956193ms
Round took 4.541164ms
Round took 6.612058ms
Round took 4.752039ms
Round took 7.56783ms
Round took 5.746813ms
Round took 5.097065ms
Round took 5.100087ms
Round took 5.485821ms
Round took 5.193983ms
Round took 5.323889ms
Round took 4.368876ms
Round took 5.184064ms
Round took 5.531163ms
Round took 4.46416ms
Round took 5.456435ms
Round took 6.031566ms
Round took 3.815311ms
Round took 5.191531ms
Round took 5.504452ms
Round took 5.129578ms
Round took 5.038433ms
Round took 4.562412ms
Round took 5.605383ms
Round took 5.521604ms
Round took 4.271278ms
Round took 4.824016ms
Round took 5.321953ms
Round took 5.83404ms
Round took 4.780438ms
Round took 5.831003ms
Round took 5.003349ms
Round took 6.318476ms
Round took 4.797258ms
Round took 6.698636ms
Round took 4.863919ms
Round took 4.916332ms
Round took 5.163858ms
Round took 6.14339ms
Round took 4.633887ms
Round took 5.412438ms
Round took 6.399624ms
Round took 5.089117ms
Round took 4.546971ms
Round took 5.696945ms
Round took 4.944226ms
Round took 4.757983ms
Round took 6.694864ms
Round took 4.481213ms
Round took 5.169596ms
Round took 5.072746ms
Round took 6.780974ms
Round took 5.50721ms
Round took 4.963336ms
Round took 5.256432ms
Round took 5.334972ms
Round took 4.981663ms
Round took 4.715633ms
Round took 5.319597ms
Round took 5.725387ms
Round took 4.827886ms
Round took 4.668692ms
Round took 5.686282ms
Round took 4.914085ms
Round took 4.876342ms
Round took 5.03031ms
Round took 5.797709ms
Round took 4.226127ms
Round took 5.354981ms
Round took 5.081868ms
Round took 5.744355ms
Round took 4.498356ms
Round took 4.82975ms
Round took 6.354222ms
Round took 4.197445ms
Round took 5.249151ms
Round took 4.974514ms
Round took 5.288869ms
Round took 4.850432ms
Round took 4.900245ms
Round took 5.942536ms
Round took 4.602271ms
Round took 5.097567ms
Round took 4.78429ms
Round took 6.613705ms
Round took 4.773736ms
Round took 5.485861ms
Round took 5.511265ms
Round took 4.461012ms
Round took 5.200685ms
Round took 4.950704ms
Round took 5.790888ms
Round took 4.545383ms
Round took 5.958843ms
Round took 5.868168ms
Round took 6.648562ms
Round took 5.815065ms
Round took 7.397604ms
Round took 4.343512ms
Round took 4.145673ms
Round took 5.127151ms
Round took 5.442911ms
Round took 4.701006ms
Round took 5.929748ms
Round took 5.13527ms
Round took 5.343808ms
Round took 4.520495ms
Round took 5.711708ms
Round took 4.476963ms
Round took 5.119548ms
Round took 5.39354ms
Round took 4.825004ms
Round took 5.385404ms
Round took 4.868844ms
Round took 6.944375ms
Round took 4.57454ms
Round took 4.199762ms
Round took 4.791727ms
Round took 6.303404ms
Round took 5.837676ms
Round took 4.943622ms
Round took 5.217938ms
Round took 5.15984ms
Round took 4.695739ms
Round took 5.314869ms
Round took 5.099587ms
Round took 5.065404ms
Round took 5.426893ms
Round took 4.695023ms
Round took 5.067606ms
Round took 5.137618ms
Round took 5.077809ms
Round took 5.370721ms
Round took 4.774153ms
Round took 6.280848ms
Round took 4.827355ms
Round took 4.990805ms
Round took 5.27569ms
Round took 4.80506ms
Round took 4.766049ms
Round took 5.524014ms
Round took 5.282983ms
Round took 4.906209ms
Round took 5.580351ms
Round took 5.023902ms
Round took 4.906691ms
Round took 5.220564ms
Round took 4.978798ms
Round took 4.94712ms
Round took 5.804026ms
Round took 5.826869ms
Round took 4.768067ms
Round took 4.858983ms
Round took 5.612566ms
Round took 4.057188ms
Round took 6.323844ms
Round took 3.924319ms
Round took 6.729231ms
Round took 6.448934ms
Round took 5.169206ms
Round took 4.797117ms
Round took 4.991833ms
Round took 5.048291ms
Round took 5.436916ms
Round took 4.786382ms
Round took 5.075019ms
Round took 5.276011ms
Round took 5.136331ms
Round took 4.749472ms
Round took 5.711288ms
Round took 4.612858ms
Round took 4.951615ms
Round took 4.994915ms
Round took 6.435941ms
Round took 4.988976ms
Round took 5.350573ms
Round took 5.150489ms
Round took 4.552954ms
Round took 5.226837ms
Round took 5.173832ms
Round took 6.048093ms
Round took 5.93042ms
Round took 3.962354ms
Round took 5.583253ms
Round took 4.737451ms
Round took 5.7866ms
Round took 4.523358ms
Round took 5.853521ms
Round took 4.481009ms
Round took 4.990286ms
Round took 5.877036ms
Round took 4.605796ms
Round took 6.304927ms
Round took 6.140843ms
Round took 5.614809ms
Round took 4.795865ms
Round took 4.630166ms
Round took 5.68347ms
Round took 5.774995ms
Round took 4.518358ms
Round took 6.088748ms
Round took 4.711395ms
Round took 4.966307ms
Round took 5.695721ms
Round took 4.647693ms
Round took 4.897202ms
Round took 5.202272ms
Round took 5.256654ms
Round took 5.80147ms
Round took 3.864258ms
Round took 6.289768ms
Round took 4.140567ms
Round took 5.28826ms
Round took 5.665169ms
Round took 4.747124ms
Round took 5.397733ms
Round took 4.665048ms
Round took 5.840327ms
Round took 3.718308ms
Round took 5.511698ms
Round took 4.992406ms
Round took 4.914231ms
Round took 6.039687ms
Round took 4.419903ms
Round took 4.895254ms
Round took 5.283976ms
Round took 4.884413ms
Round took 5.258656ms
Round took 4.802518ms
Round took 5.949259ms
Round took 4.034733ms
Round took 5.110321ms
Round took 6.168131ms
Round took 7.597746ms
Round took 4.354929ms
Round took 5.184836ms
Round took 4.601152ms
Round took 5.832242ms
Round took 5.141381ms
Round took 5.073762ms
Round took 6.716646ms
Round took 5.328631ms
Round took 5.60779ms
Round took 3.760577ms
Round took 18.564107ms
Round took 4.525502ms
Round took 5.09868ms
Round took 4.960921ms
Round took 5.331953ms
Round took 6.356241ms
Round took 5.122001ms
Round took 5.07694ms
Round took 4.253654ms
Round took 5.191733ms
Round took 5.535897ms
Round took 5.648977ms
Round took 5.355824ms
Round took 4.737363ms
Round took 3.395434ms
Round took 5.728179ms
Round took 5.677878ms
Round took 5.077722ms
Round took 4.903375ms
Round took 5.275904ms
Round took 5.233024ms
Round took 4.979614ms
Round took 4.893088ms
Round took 5.26322ms
Round took 5.212844ms
Round took 5.03506ms
Round took 5.107424ms
Round took 4.63381ms
Round took 5.725267ms
Round took 5.591311ms
Round took 5.113083ms
Round took 5.395044ms
Round took 4.762879ms
Round took 5.778712ms
Round took 4.426581ms
Round took 5.112392ms
Round took 5.984115ms
Round took 3.578409ms
Round took 5.112985ms
Round took 4.854144ms
Round took 4.58235ms
Round took 6.447777ms
Round took 3.976101ms
Round took 5.197535ms
Round took 4.466912ms
Round took 6.777153ms
Round took 4.758116ms
Round took 4.272813ms
Round took 4.81168ms
Round took 5.378298ms
Round took 4.828977ms
Round took 4.884868ms
Round took 6.02588ms
Round took 4.538783ms
Round took 5.153049ms
Round took 4.268644ms
Round took 6.795632ms
Round took 4.229768ms
Round took 5.56136ms
Round took 5.682638ms
Round took 4.831638ms
Round took 4.784775ms
Round took 4.902979ms
Round took 4.999787ms
Round took 5.422186ms
Round took 4.890546ms
Round took 6.071028ms
Round took 3.776713ms
Round took 4.932091ms
Round took 6.00349ms
Round took 4.606362ms
Round took 5.127334ms
Round took 4.983995ms
Round took 5.839258ms
Round took 5.353173ms
Round took 6.869858ms
Round took 4.46687ms
Round took 5.063535ms
Round took 5.460496ms
Round took 5.011076ms
Round took 4.520256ms
Round took 6.204626ms
Round took 3.925152ms
Round took 5.318153ms
Round took 4.641937ms
Round took 5.844089ms
Round took 4.397375ms
Round took 4.997066ms
Round took 5.245921ms
Round took 5.501094ms
Round took 4.911095ms
Round took 5.04904ms
Round took 5.007954ms
Round took 5.152344ms
Round took 5.122834ms
Round took 4.841047ms
Round took 5.677529ms
Round took 5.020939ms
Round took 4.336368ms
Round took 5.284642ms
Round took 5.592477ms
Round took 5.131175ms
Round took 4.584152ms
Round took 5.217137ms
Round took 4.991612ms
Round took 5.423723ms
Round took 4.73859ms
Round took 5.551894ms
Round took 6.396891ms
Round took 4.474314ms
Round took 6.953324ms
Round took 4.295257ms
Round took 4.97561ms
Round took 4.242517ms
Round took 5.784414ms
Round took 4.58222ms
Round took 4.779326ms
Round took 7.147937ms
Round took 7.023587ms
Round took 4.836843ms
Round took 5.476813ms
Round took 5.322431ms
Round took 4.495174ms
Round took 4.717107ms
Round took 4.922111ms
Round took 5.382217ms
Round took 4.667567ms
Round took 5.202002ms
Round took 4.960664ms
Round took 5.247349ms
Round took 5.11516ms
Round took 4.834898ms
Round took 5.789772ms
Round took 4.647587ms
Round took 4.935452ms
Round took 5.298956ms
Round took 4.777151ms
Round took 5.502107ms
Round took 5.065975ms
Round took 5.554522ms
Round took 4.735922ms
Round took 5.193742ms
Round took 4.506308ms
Round took 6.164759ms
Round took 4.769877ms
Round took 6.395475ms
Round took 3.962931ms
Round took 6.049711ms
Round took 4.941854ms
Round took 5.082356ms
Round took 5.060861ms
Round took 5.136812ms
Round took 4.787021ms
Round took 5.829035ms
Round took 4.998341ms
Round took 4.907403ms
Round took 6.908308ms
Round took 5.24424ms
Round took 5.238197ms
Round took 4.935296ms
Round took 4.991533ms
Round took 5.254116ms
Round took 4.870883ms
Round took 4.922149ms
Round took 5.098838ms
Round took 5.246665ms
Round took 4.970105ms
Round took 5.70585ms
Round took 5.892749ms
Round took 4.591616ms
Round took 4.961227ms
Round took 5.037878ms
Round took 6.718977ms
Round took 4.843591ms
Round took 5.529346ms
Round took 4.20185ms
Round took 5.304506ms
Round took 5.772321ms
Round took 3.82765ms
Round took 5.280034ms
Round took 5.433921ms
Round took 4.914976ms
Round took 5.007006ms
Round took 5.237776ms
Round took 4.636683ms
Round took 6.021041ms
Round took 4.857589ms
Round took 4.361805ms
Round took 5.618226ms
Round took 4.096498ms
Round took 6.070681ms
Round took 3.915628ms
Round took 5.504474ms
Round took 5.953393ms
Round took 4.41247ms
Round took 5.697894ms
Round took 4.184916ms
Round took 5.260664ms
Round took 4.861571ms
Round took 4.968141ms
Round took 6.196282ms
Round took 4.222645ms
Round took 5.815948ms
Round took 4.027235ms
Round took 5.186102ms
Round took 5.377469ms
Round took 4.674955ms
Round took 5.818666ms
Round took 4.395417ms
Round took 5.304488ms
Round took 5.289863ms
Round took 4.821597ms
Round took 5.258631ms
Round took 4.090487ms
Round took 5.690061ms
Round took 5.466716ms
Round took 4.930941ms
Round took 4.719733ms
Round took 6.548911ms
Round took 6.147449ms
Round took 4.975283ms
Round took 5.219779ms
Round took 4.955691ms
Round took 5.022532ms
Round took 5.204055ms
Round took 5.195732ms
Round took 5.467588ms
Round took 5.413498ms
Round took 5.097385ms
Round took 5.96928ms
Round took 4.650477ms
Round took 5.319371ms
Round took 5.064268ms
Round took 5.419958ms
Round took 4.627305ms
Round took 5.71905ms
Round took 4.846595ms
Round took 5.306915ms
Round took 4.611673ms
Round took 6.032939ms
Round took 3.612987ms
Round took 4.751178ms
Round took 4.657346ms
Round took 5.111253ms
Round took 6.306676ms
Round took 4.181799ms
Round took 5.016409ms
Round took 4.886888ms
Round took 5.584072ms
Round took 4.807023ms
Round took 4.896999ms
Round took 5.994078ms
Round took 4.617961ms
Round took 4.605872ms
Round took 5.078228ms
Round took 6.219018ms
Round took 4.758384ms
Round took 5.263788ms
Round took 5.558098ms
Round took 5.337102ms
Round took 4.291949ms
Round took 6.18962ms
Round took 7.940211ms
Round took 4.933814ms
Round took 4.208441ms
Round took 5.864889ms
Round took 5.308001ms
Round took 4.620637ms
Round took 4.933046ms
Round took 6.603354ms
Round took 3.916229ms
Round took 5.366093ms
Round took 4.870761ms
Round took 5.056275ms
Round took 4.960595ms
Round took 5.138179ms
Round took 6.192333ms
Round took 3.928658ms
Round took 5.124809ms
Round took 4.814476ms
Round took 4.925074ms
Round took 6.011176ms
Round took 5.282699ms
Round took 5.406888ms
Round took 5.508001ms
Round took 4.280842ms
Round took 4.712676ms
Round took 5.618116ms
Round took 4.652654ms
Round took 4.58706ms
Round took 5.769897ms
Round took 5.610488ms
Round took 4.846399ms
Round took 5.733239ms
Round took 4.905321ms
Round took 4.32379ms
Round took 4.792406ms
Round took 4.296641ms
Round took 5.332611ms
Round took 4.737441ms
Round took 5.117377ms
Round took 5.625365ms
Round took 5.048003ms
Round took 4.995314ms
Round took 4.645432ms
Round took 5.770084ms
Round took 5.053302ms
Round took 4.830661ms
Round took 5.412808ms
Round took 5.4953ms
Round took 4.706971ms
Round took 4.441981ms
Round took 4.903915ms
Round took 5.581382ms
Round took 5.294105ms
Round took 4.4386ms
Round took 5.397125ms
Round took 5.55872ms
Round took 4.365022ms
Round took 6.026553ms
Round took 4.101949ms
Round took 5.366077ms
Round took 4.731437ms
Round took 4.971421ms
Round took 5.558747ms
Round took 4.844677ms
Round took 5.143653ms
Round took 6.185085ms
Round took 4.688268ms
Round took 4.815278ms
Round took 5.221884ms
Round took 4.741922ms
Round took 5.386856ms
Round took 4.391692ms
Round took 5.468007ms
Round took 5.526229ms
Round took 4.309481ms
Round took 5.068381ms
Round took 4.783111ms
Round took 7.250953ms
Round took 4.882568ms
Round took 4.954977ms
Round took 4.214556ms
Round took 3.809038ms
Round took 4.947733ms
Round took 4.64041ms
Round took 6.460028ms
Round took 4.931379ms
Round took 4.856595ms
Round took 5.126044ms
Round took 3.98267ms
Round took 5.524156ms
Round took 4.827043ms
Round took 5.529694ms
Round took 5.34312ms
Round took 4.587508ms
Round took 6.097042ms
Round took 3.878782ms
Round took 5.521662ms
Round took 4.932332ms
Round took 5.302436ms
Round took 5.30873ms
Round took 4.385876ms
Round took 5.262557ms
Round took 5.99979ms
Round took 4.871901ms
Round took 4.160064ms
Round took 5.364961ms
Round took 5.523697ms
Round took 4.577161ms
Round took 5.374143ms
Round took 4.225159ms
Round took 6.162321ms
Round took 4.505551ms
Round took 4.879536ms
Round took 6.9572ms
Round took 4.661909ms
Round took 5.778618ms
Round took 3.736774ms
Round took 5.169029ms
Round took 4.734271ms
Round took 5.144922ms
Round took 5.872879ms
Round took 4.911187ms
Round took 4.78853ms
Round took 5.242412ms
Round took 6.274601ms
Round took 6.749057ms
Round took 4.596373ms
Round took 4.867052ms
Round took 5.479244ms
Round took 4.838374ms
Round took 5.610191ms
Round took 4.86494ms
Round took 4.881982ms
Round took 5.172508ms
Round took 4.951309ms
Round took 4.989315ms
Round took 6.282561ms
Round took 4.354849ms
Round took 5.039269ms
Round took 5.589315ms
Round took 5.005685ms
Round took 4.877463ms
Round took 5.450261ms
Round took 4.756038ms
Round took 5.59601ms
Round took 4.298391ms
Round took 6.028165ms
Round took 4.978893ms
Round took 5.001736ms
Round took 4.796158ms
Round took 5.81573ms
Round took 4.177701ms
Round took 5.258416ms
Round took 5.121356ms
Round took 4.822858ms
Round took 5.916629ms
Round took 4.639069ms
Round took 5.950872ms
Round took 4.043673ms
Round took 5.358138ms
Round took 4.870925ms
Round took 5.475372ms
Round took 5.346238ms
Round took 4.473506ms
Round took 6.339574ms
Round took 4.00878ms
Round took 5.013725ms
Round took 4.758132ms
Round took 5.547517ms
Round took 4.97244ms
Round took 4.94459ms
Round took 5.832086ms
Round took 4.789202ms
Round took 5.121849ms
Round took 5.194408ms
Round took 5.928517ms
Round took 4.321301ms
Round took 4.92592ms
Round took 5.852444ms
Round took 4.092235ms
Round took 4.949677ms
Round took 5.818539ms
Round took 4.385081ms
Round took 5.531417ms
Round took 5.708002ms
Round took 4.41633ms
Round took 5.049023ms
Round took 4.734062ms
Round took 5.427744ms
Round took 5.341373ms
Round took 6.969344ms
Round took 4.870255ms
Round took 4.727118ms
Round took 3.909682ms
Round took 3.930519ms
Round took 5.218272ms
Round took 5.284572ms
Round took 5.971779ms
Round took 4.915316ms
Round took 6.661456ms
Round took 8.529416ms
Round took 4.498455ms
Round took 4.958816ms
Round took 5.445523ms
Round took 4.620142ms
Round took 4.875906ms
Round took 5.172128ms
Round took 5.379115ms
Round took 4.654007ms
Round took 5.189055ms
Round took 6.079444ms
Round took 4.597081ms
Round took 4.644275ms
Round took 4.662472ms
Round took 5.837547ms
Round took 4.729782ms
Round took 4.986532ms
Round took 5.582943ms
Round took 6.044226ms
Round took 4.813872ms
Round took 5.17644ms
Round took 5.027449ms
Round took 5.968637ms
Round took 3.815002ms
Round took 4.027427ms
Round took 4.910589ms
Round took 4.306385ms
Round took 5.636159ms
Round took 4.854554ms
Round took 7.310822ms
Round took 6.034327ms
Round took 4.723425ms
Round took 4.627579ms
Round took 4.703175ms
Round took 4.235229ms
Round took 3.591889ms
Round took 5.813776ms
Round took 5.225398ms
Round took 4.746986ms
Round took 5.18135ms
Round took 6.637274ms
Round took 6.561511ms
Round took 5.470259ms
Round took 4.661197ms
Round took 5.622566ms
Round took 4.609276ms
Round took 5.001773ms
Round took 6.993163ms
Round took 4.193666ms
Round took 5.011704ms
Round took 5.50729ms
Round took 4.365565ms
Round took 5.188469ms
Round took 5.424028ms
Round took 5.839823ms
Round took 4.220231ms
Round took 5.335389ms
Round took 4.619555ms
Round took 5.192664ms
Round took 5.118811ms
Round took 4.71883ms
Round took 6.28348ms
Round took 4.7455ms
Round took 4.365314ms
Round took 4.359281ms
Round took 5.985684ms
Round took 4.142419ms
Round took 5.37735ms
Round took 4.954878ms
Round took 5.425488ms
Round took 5.07279ms
Round took 4.688515ms
Round took 5.329257ms
Round took 4.985976ms
Round took 5.123458ms
Round took 5.090001ms
Round took 4.988076ms
Round took 6.048741ms
Round took 5.639879ms
Round took 5.843388ms
Round took 4.436919ms
Round took 4.848019ms
Round took 5.368421ms
Round took 4.419285ms
Round took 7.161088ms
Round took 6.874266ms
Test took 5.223928617s
Successful: 10000
