Uniform distribution
2021/04/16 21:40:47 The leader is replica 0
Round took 5.125746ms
Round took 5.944168ms
Round took 4.256833ms
Round took 9.480292ms
Round took 7.856789ms
Round took 6.641615ms
Round took 3.179393ms
Round took 4.783869ms
Round took 5.927617ms
Round took 4.537504ms
Round took 4.65304ms
Round took 4.873553ms
Round took 5.301349ms
Round took 5.179648ms
Round took 5.067418ms
Round took 5.559642ms
Round took 5.011538ms
Round took 4.325932ms
Round took 4.761192ms
Round took 6.415293ms
Round took 4.051056ms
Round took 4.836137ms
Round took 5.128363ms
Round took 5.031483ms
Round took 5.360592ms
Round took 4.63351ms
Round took 5.077198ms
Round took 6.053613ms
Round took 4.106836ms
Round took 4.626524ms
Round took 5.216638ms
Round took 5.759637ms
Round took 4.529144ms
Round took 5.050173ms
Round took 4.901599ms
Round took 6.012274ms
Round took 3.907027ms
Round took 5.003606ms
Round took 7.404438ms
Round took 3.805759ms
Round took 6.050097ms
Round took 5.32315ms
Round took 4.88732ms
Round took 3.665925ms
Round took 5.54525ms
Round took 5.45458ms
Round took 4.497122ms
Round took 5.192305ms
Round took 4.616576ms
Round took 6.281548ms
Round took 7.075117ms
Round took 6.253889ms
Round took 6.067991ms
Round took 8.111663ms
Round took 4.702581ms
Round took 8.73133ms
Round took 5.157805ms
Round took 5.696299ms
Round took 4.890535ms
Round took 4.91312ms
Round took 5.526056ms
Round took 4.996586ms
Round took 4.900245ms
Round took 4.907277ms
Round took 5.207426ms
Round took 5.086497ms
Round took 5.558637ms
Round took 5.053823ms
Round took 4.954252ms
Round took 5.150995ms
Round took 6.037393ms
Round took 4.632297ms
Round took 5.233198ms
Round took 5.759697ms
Round took 4.72667ms
Round took 4.541763ms
Round took 4.916296ms
Round took 5.437438ms
Round took 4.886155ms
Round took 5.069753ms
Round took 5.70581ms
Round took 4.339192ms
Round took 5.220099ms
Round took 4.753011ms
Round took 7.780585ms
Round took 4.331408ms
Round took 6.956165ms
Round took 6.060984ms
Round took 9.192578ms
Round took 6.661845ms
Round took 5.46263ms
Round took 4.010276ms
Round took 6.622039ms
Round took 5.691022ms
Round took 6.716772ms
Round took 4.182248ms
Round took 5.669632ms
Round took 5.001425ms
Round took 6.677821ms
Round took 4.766005ms
Round took 7.390224ms
Round took 4.672698ms
Round took 5.72522ms
Round took 4.768841ms
Round took 3.645406ms
Round took 3.889303ms
Round took 5.786566ms
Round took 5.875613ms
Round took 4.852819ms
Round took 4.934008ms
Round took 5.242794ms
Round took 4.446745ms
Round took 5.969656ms
Round took 4.36723ms
Round took 7.416937ms
Round took 6.834027ms
Round took 4.815162ms
Round took 4.410129ms
Round took 5.501597ms
Round took 5.152992ms
Round took 4.756621ms
Round took 5.053935ms
Round took 5.290299ms
Round took 4.879616ms
Round took 4.891015ms
Round took 5.158932ms
Round took 5.993229ms
Round took 4.773124ms
Round took 4.546951ms
Round took 5.438438ms
Round took 5.079137ms
Round took 4.61072ms
Round took 5.862133ms
Round took 4.92774ms
Round took 5.236335ms
Round took 4.645442ms
Round took 4.79306ms
Round took 6.759722ms
Round took 4.993305ms
Round took 6.042254ms
Round took 4.68812ms
Round took 4.794828ms
Round took 6.147596ms
Round took 4.204182ms
Round took 5.196498ms
Round took 4.955294ms
Round took 5.389607ms
Round took 5.410453ms
Round took 4.621038ms
Round took 5.860973ms
Round took 6.197494ms
Round took 5.086036ms
Round took 4.933734ms
Round took 5.184026ms
Round took 4.943129ms
Round took 5.072987ms
Round took 4.878038ms
Round took 5.116421ms
Round took 5.859588ms
Round took 4.990211ms
Round took 4.986856ms
Round took 4.856348ms
Round took 5.32327ms
Round took 5.106132ms
Round took 4.990331ms
Round took 5.335225ms
Round took 5.311014ms
Round took 4.634322ms
Round took 5.222865ms
Round took 5.515969ms
Round took 4.61591ms
Round took 4.981128ms
Round took 4.966702ms
Round took 5.386482ms
Round took 5.330994ms
Round took 4.512609ms
Round took 5.416303ms
Round took 5.449462ms
Round took 5.206001ms
Round took 4.740618ms
Round took 6.086362ms
Round took 4.355979ms
Round took 4.511452ms
Round took 5.40749ms
Round took 5.34895ms
Round took 4.716566ms
Round took 4.949517ms
Round took 6.039576ms
Round took 5.85894ms
Round took 6.236724ms
Round took 5.873767ms
Round took 5.088285ms
Round took 6.787557ms
Round took 5.51266ms
Round took 5.268337ms
Round took 4.92413ms
Round took 3.773629ms
Round took 4.0342ms
Round took 5.994975ms
Round took 5.532246ms
Round took 5.099939ms
Round took 5.506936ms
Round took 4.064963ms
Round took 5.485609ms
Round took 4.476199ms
Round took 6.099064ms
Round took 5.022955ms
Round took 4.683539ms
Round took 5.240534ms
Round took 5.331526ms
Round took 5.071803ms
Round took 4.491512ms
Round took 5.646884ms
Round took 4.954744ms
Round took 5.060455ms
Round took 5.522079ms
Round took 5.150669ms
Round took 5.236762ms
Round took 4.350698ms
Round took 5.107981ms
Round took 5.605441ms
Round took 4.548712ms
Round took 5.556861ms
Round took 6.165726ms
Round took 4.380247ms
Round took 5.59758ms
Round took 5.235302ms
Round took 5.00081ms
Round took 4.902638ms
Round took 4.582417ms
Round took 5.45685ms
Round took 5.534286ms
Round took 4.365965ms
Round took 6.423648ms
Round took 6.174721ms
Round took 4.995207ms
Round took 5.144928ms
Round took 5.831845ms
Round took 5.040427ms
Round took 5.059863ms
Round took 4.689309ms
Round took 5.983244ms
Round took 4.798717ms
Round took 5.011295ms
Round took 5.417725ms
Round took 5.222032ms
Round took 4.859408ms
Round took 5.359963ms
Round took 5.981603ms
Round took 5.023203ms
Round took 4.546958ms
Round took 5.721977ms
Round took 4.912375ms
Round took 4.711402ms
Round took 6.884782ms
Round took 4.2839ms
Round took 5.161206ms
Round took 5.15795ms
Round took 4.597441ms
Round took 5.368697ms
Round took 7.238958ms
Round took 5.284009ms
Round took 5.299059ms
Round took 4.944846ms
Round took 4.589621ms
Round took 5.322289ms
Round took 5.984654ms
Round took 4.81708ms
Round took 4.63634ms
Round took 5.683592ms
Round took 4.963551ms
Round took 4.889441ms
Round took 5.004982ms
Round took 5.872705ms
Round took 4.278921ms
Round took 5.350997ms
Round took 5.013012ms
Round took 5.791349ms
Round took 4.55201ms
Round took 4.806134ms
Round took 6.337261ms
Round took 4.079207ms
Round took 5.307046ms
Round took 5.013693ms
Round took 5.214116ms
Round took 4.912186ms
Round took 4.922575ms
Round took 6.039421ms
Round took 4.5999ms
Round took 5.114803ms
Round took 4.722257ms
Round took 5.926474ms
Round took 4.445759ms
Round took 5.076124ms
Round took 6.161539ms
Round took 4.29496ms
Round took 5.215262ms
Round took 4.94708ms
Round took 5.299565ms
Round took 4.514126ms
Round took 5.481795ms
Round took 5.381072ms
Round took 8.467489ms
Round took 5.692912ms
Round took 5.340829ms
Round took 4.963702ms
Round took 4.113588ms
Round took 4.908409ms
Round took 5.603409ms
Round took 5.828928ms
Round took 4.79032ms
Round took 5.101822ms
Round took 5.616543ms
Round took 4.503099ms
Round took 4.980764ms
Round took 5.285466ms
Round took 5.029313ms
Round took 4.921611ms
Round took 5.414021ms
Round took 5.2644ms
Round took 4.848093ms
Round took 5.832966ms
Round took 5.599113ms
Round took 4.16901ms
Round took 4.665364ms
Round took 4.989712ms
Round took 5.774789ms
Round took 4.764232ms
Round took 4.967229ms
Round took 5.112425ms
Round took 5.36144ms
Round took 4.658429ms
Round took 5.194718ms
Round took 5.769868ms
Round took 4.923233ms
Round took 5.364231ms
Round took 4.44975ms
Round took 5.774623ms
Round took 4.662885ms
Round took 5.041316ms
Round took 6.037911ms
Round took 4.247422ms
Round took 4.9701ms
Round took 4.963316ms
Round took 5.030865ms
Round took 5.26326ms
Round took 5.037409ms
Round took 4.687065ms
Round took 5.502214ms
Round took 5.188923ms
Round took 4.899785ms
Round took 7.32512ms
Round took 6.112997ms
Round took 5.169099ms
Round took 4.889134ms
Round took 5.179157ms
Round took 5.60568ms
Round took 5.100001ms
Round took 5.194367ms
Round took 5.33524ms
Round took 4.983521ms
Round took 4.686969ms
Round took 5.27683ms
Round took 5.127361ms
Round took 5.060825ms
Round took 4.719057ms
Round took 6.264774ms
Round took 4.417936ms
Round took 4.505802ms
Round took 4.968866ms
Round took 5.044717ms
Round took 5.412454ms
Round took 4.775153ms
Round took 5.02332ms
Round took 5.203126ms
Round took 5.159924ms
Round took 4.71179ms
Round took 5.684155ms
Round took 4.46399ms
Round took 4.948488ms
Round took 5.022558ms
Round took 6.219235ms
Round took 4.897854ms
Round took 5.465164ms
Round took 5.387299ms
Round took 4.63824ms
Round took 5.271499ms
Round took 5.209896ms
Round took 5.805284ms
Round took 5.070612ms
Round took 4.601559ms
Round took 5.585248ms
Round took 4.706486ms
Round took 5.168718ms
Round took 4.868118ms
Round took 5.687931ms
Round took 4.604471ms
Round took 4.991421ms
Round took 5.752407ms
Round took 4.701253ms
Round took 5.368279ms
Round took 4.275162ms
Round took 5.942081ms
Round took 5.161617ms
Round took 5.250385ms
Round took 5.033863ms
Round took 4.875244ms
Round took 5.048522ms
Round took 4.99669ms
Round took 5.968935ms
Round took 4.258274ms
Round took 4.951487ms
Round took 6.081732ms
Round took 4.465072ms
Round took 4.933179ms
Round took 6.292398ms
Round took 6.070483ms
Round took 4.79684ms
Round took 5.748628ms
Round took 4.443165ms
Round took 5.111129ms
Round took 5.529041ms
Round took 4.570981ms
Round took 5.140199ms
Round took 5.02705ms
Round took 5.533031ms
Round took 4.392152ms
Round took 5.235953ms
Round took 5.318192ms
Round took 4.860173ms
Round took 5.147906ms
Round took 4.771977ms
Round took 6.31246ms
Round took 4.672475ms
Round took 4.991802ms
Round took 5.947543ms
Round took 4.438547ms
Round took 5.125928ms
Round took 4.744073ms
Round took 5.267712ms
Round took 5.442065ms
Round took 5.478917ms
Round took 5.415468ms
Round took 4.458152ms
Round took 5.213106ms
Round took 5.196198ms
Round took 5.632262ms
Round took 5.301299ms
Round took 4.898353ms
Round took 7.313879ms
Round took 5.318121ms
Round took 4.798436ms
Round took 3.606861ms
Round took 17.962093ms
Round took 4.984642ms
Round took 5.377831ms
Round took 4.808028ms
Round took 6.407862ms
Round took 6.828384ms
Round took 4.251547ms
Round took 5.309394ms
Round took 3.533763ms
Round took 5.030429ms
Round took 6.703601ms
Round took 5.686841ms
Round took 5.739265ms
Round took 3.37424ms
Round took 3.436064ms
Round took 6.418927ms
Round took 4.86304ms
Round took 5.575547ms
Round took 5.496874ms
Round took 6.498677ms
Round took 4.792817ms
Round took 5.06504ms
Round took 4.990379ms
Round took 4.998445ms
Round took 5.296548ms
Round took 4.916457ms
Round took 5.016917ms
Round took 5.114159ms
Round took 5.298807ms
Round took 4.8233ms
Round took 5.524908ms
Round took 4.842027ms
Round took 5.148505ms
Round took 4.838307ms
Round took 5.179403ms
Round took 5.247706ms
Round took 4.68714ms
Round took 5.63244ms
Round took 4.65068ms
Round took 4.912468ms
Round took 5.448556ms
Round took 5.080808ms
Round took 5.19849ms
Round took 4.638307ms
Round took 5.233524ms
Round took 6.25115ms
Round took 4.231369ms
Round took 4.559512ms
Round took 5.297046ms
Round took 5.312348ms
Round took 4.821207ms
Round took 5.260981ms
Round took 5.05185ms
Round took 4.977734ms
Round took 4.614002ms
Round took 5.169112ms
Round took 5.187992ms
Round took 5.081699ms
Round took 4.986449ms
Round took 5.086159ms
Round took 5.577629ms
Round took 4.557374ms
Round took 5.194907ms
Round took 5.449357ms
Round took 4.887049ms
Round took 5.045676ms
Round took 4.799278ms
Round took 4.928239ms
Round took 5.288164ms
Round took 4.786158ms
Round took 5.271077ms
Round took 5.031312ms
Round took 4.927161ms
Round took 4.911271ms
Round took 5.44325ms
Round took 6.003567ms
Round took 4.509626ms
Round took 4.984642ms
Round took 5.888063ms
Round took 4.732166ms
Round took 4.468792ms
Round took 7.221454ms
Round took 3.550398ms
Round took 5.1995ms
Round took 4.614875ms
Round took 6.091654ms
Round took 5.213552ms
Round took 4.307941ms
Round took 5.43329ms
Round took 5.159656ms
Round took 4.819462ms
Round took 5.032183ms
Round took 5.96054ms
Round took 4.370732ms
Round took 5.159636ms
Round took 4.781228ms
Round took 5.759451ms
Round took 4.987896ms
Round took 4.388728ms
Round took 5.365235ms
Round took 5.547766ms
Round took 4.937297ms
Round took 4.72575ms
Round took 5.35638ms
Round took 4.78501ms
Round took 5.452096ms
Round took 4.309086ms
Round took 5.70092ms
Round took 5.597911ms
Round took 5.43387ms
Round took 5.856438ms
Round took 4.142844ms
Round took 4.886946ms
Round took 4.288288ms
Round took 5.915ms
Round took 4.32974ms
Round took 4.795454ms
Round took 5.775686ms
Round took 4.35025ms
Round took 5.901378ms
Round took 4.799733ms
Round took 6.097182ms
Round took 5.164119ms
Round took 4.44876ms
Round took 5.009329ms
Round took 5.164836ms
Round took 4.415021ms
Round took 4.927133ms
Round took 5.657216ms
Round took 5.417908ms
Round took 4.954209ms
Round took 6.815614ms
Round took 6.002322ms
Round took 4.786702ms
Round took 4.970564ms
Round took 5.192078ms
Round took 4.874984ms
Round took 5.958896ms
Round took 4.351167ms
Round took 5.335253ms
Round took 4.786899ms
Round took 5.186399ms
Round took 4.724671ms
Round took 5.347669ms
Round took 5.049807ms
Round took 5.310226ms
Round took 4.771807ms
Round took 5.991027ms
Round took 5.868202ms
Round took 4.604173ms
Round took 5.61272ms
Round took 5.009982ms
Round took 4.807668ms
Round took 5.464397ms
Round took 5.545355ms
Round took 4.123136ms
Round took 5.297113ms
Round took 4.588686ms
Round took 5.774165ms
Round took 5.195245ms
Round took 5.274484ms
Round took 5.198992ms
Round took 4.515173ms
Round took 5.090368ms
Round took 4.577889ms
Round took 4.978782ms
Round took 5.150368ms
Round took 4.839983ms
Round took 5.646289ms
Round took 5.404511ms
Round took 4.597897ms
Round took 4.900249ms
Round took 5.145375ms
Round took 5.89446ms
Round took 4.550353ms
Round took 5.566076ms
Round took 4.896174ms
Round took 4.933664ms
Round took 4.862475ms
Round took 4.428314ms
Round took 5.399342ms
Round took 5.300174ms
Round took 4.458226ms
Round took 5.506826ms
Round took 5.31971ms
Round took 4.608793ms
Round took 5.227596ms
Round took 5.680818ms
Round took 4.298247ms
Round took 5.281875ms
Round took 4.685106ms
Round took 6.295455ms
Round took 3.820919ms
Round took 5.185559ms
Round took 6.097271ms
Round took 4.451951ms
Round took 5.162967ms
Round took 4.755377ms
Round took 5.220106ms
Round took 5.00802ms
Round took 4.967103ms
Round took 5.614864ms
Round took 4.998687ms
Round took 5.514255ms
Round took 4.149567ms
Round took 5.282859ms
Round took 5.498612ms
Round took 4.550369ms
Round took 5.761657ms
Round took 4.395264ms
Round took 5.379302ms
Round took 5.041354ms
Round took 4.940433ms
Round took 5.881777ms
Round took 4.096893ms
Round took 5.228804ms
Round took 5.051764ms
Round took 5.453114ms
Round took 4.641822ms
Round took 5.977206ms
Round took 5.026779ms
Round took 4.613824ms
Round took 4.990687ms
Round took 5.44108ms
Round took 4.925427ms
Round took 5.002168ms
Round took 5.552629ms
Round took 5.111011ms
Round took 5.059511ms
Round took 4.580757ms
Round took 5.481829ms
Round took 5.063981ms
Round took 4.467571ms
Round took 5.278487ms
Round took 5.095194ms
Round took 5.408535ms
Round took 4.598863ms
Round took 5.052783ms
Round took 5.714698ms
Round took 5.409523ms
Round took 4.63478ms
Round took 6.007284ms
Round took 3.651295ms
Round took 4.741585ms
Round took 4.691312ms
Round took 5.033865ms
Round took 6.304096ms
Round took 4.176001ms
Round took 5.013411ms
Round took 4.852212ms
Round took 5.684026ms
Round took 4.964358ms
Round took 4.890942ms
Round took 6.087269ms
Round took 4.629888ms
Round took 4.715815ms
Round took 5.117732ms
Round took 5.481709ms
Round took 4.538512ms
Round took 5.066617ms
Round took 5.935891ms
Round took 5.036209ms
Round took 4.312834ms
Round took 6.733253ms
Round took 6.658449ms
Round took 5.170987ms
Round took 4.21382ms
Round took 5.279454ms
Round took 5.670546ms
Round took 4.553717ms
Round took 4.918826ms
Round took 5.199154ms
Round took 5.012278ms
Round took 5.377751ms
Round took 4.962564ms
Round took 5.401094ms
Round took 4.961629ms
Round took 4.781437ms
Round took 5.33458ms
Round took 4.824422ms
Round took 5.000805ms
Round took 5.197146ms
Round took 4.816967ms
Round took 6.368751ms
Round took 4.533311ms
Round took 5.183979ms
Round took 5.76485ms
Round took 4.203682ms
Round took 4.956622ms
Round took 5.322708ms
Round took 5.009469ms
Round took 4.87756ms
Round took 5.09729ms
Round took 5.485095ms
Round took 5.342902ms
Round took 5.653971ms
Round took 4.498381ms
Round took 4.663622ms
Round took 5.148619ms
Round took 4.333914ms
Round took 5.26606ms
Round took 5.036457ms
Round took 5.078147ms
Round took 5.296807ms
Round took 4.941775ms
Round took 5.330508ms
Round took 4.624955ms
Round took 5.430131ms
Round took 4.550528ms
Round took 5.88403ms
Round took 4.581557ms
Round took 5.056371ms
Round took 5.789414ms
Round took 4.398802ms
Round took 4.946368ms
Round took 5.497988ms
Round took 4.972812ms
Round took 4.729722ms
Round took 4.980537ms
Round took 5.858764ms
Round took 4.339757ms
Round took 5.503348ms
Round took 4.598112ms
Round took 5.63104ms
Round took 4.683211ms
Round took 4.953356ms
Round took 5.117402ms
Round took 5.635004ms
Round took 4.981742ms
Round took 5.303141ms
Round took 5.485878ms
Round took 4.7214ms
Round took 4.67239ms
Round took 5.081755ms
Round took 6.414108ms
Round took 4.0504ms
Round took 4.992674ms
Round took 6.027362ms
Round took 4.270984ms
Round took 5.035665ms
Round took 4.92077ms
Round took 6.583119ms
Round took 5.033018ms
Round took 4.980111ms
Round took 5.169364ms
Round took 3.956115ms
Round took 4.913007ms
Round took 4.637734ms
Round took 6.261748ms
Round took 4.849697ms
Round took 4.88983ms
Round took 5.177722ms
Round took 3.97464ms
Round took 5.468531ms
Round took 4.849175ms
Round took 5.519464ms
Round took 5.23885ms
Round took 4.61112ms
Round took 5.362844ms
Round took 4.632113ms
Round took 5.412594ms
Round took 4.981203ms
Round took 5.304943ms
Round took 5.443619ms
Round took 4.420436ms
Round took 5.252699ms
Round took 5.998128ms
Round took 4.864815ms
Round took 4.157955ms
Round took 5.312755ms
Round took 5.560472ms
Round took 4.554619ms
Round took 5.36787ms
Round took 4.246032ms
Round took 6.175527ms
Round took 4.547998ms
Round took 4.899769ms
Round took 5.955385ms
Round took 4.480406ms
Round took 5.36944ms
Round took 4.308004ms
Round took 5.78461ms
Round took 4.61166ms
Round took 5.152611ms
Round took 5.793493ms
Round took 4.97653ms
Round took 4.801737ms
Round took 4.992564ms
Round took 4.988046ms
Round took 6.858476ms
Round took 4.74173ms
Round took 4.84863ms
Round took 5.461421ms
Round took 4.83463ms
Round took 5.612829ms
Round took 5.319422ms
Round took 4.885537ms
Round took 5.190652ms
Round took 4.951829ms
Round took 4.970024ms
Round took 5.580948ms
Round took 4.48268ms
Round took 5.067885ms
Round took 5.599506ms
Round took 5.110746ms
Round took 4.827252ms
Round took 5.430423ms
Round took 4.881427ms
Round took 5.578896ms
Round took 4.328574ms
Round took 6.064805ms
Round took 5.004643ms
Round took 5.012548ms
Round took 4.85588ms
Round took 5.549189ms
Round took 4.336155ms
Round took 5.211553ms
Round took 7.560494ms
Round took 6.016377ms
Round took 4.825814ms
Round took 5.335116ms
Round took 4.788991ms
Round took 5.332511ms
Round took 4.921471ms
Round took 5.541204ms
Round took 5.007602ms
Round took 4.605915ms
Round took 5.09392ms
Round took 5.2259ms
Round took 4.842366ms
Round took 4.950899ms
Round took 5.247387ms
Round took 5.045554ms
Round took 4.979155ms
Round took 5.263822ms
Round took 5.039617ms
Round took 5.370926ms
Round took 4.529294ms
Round took 4.927798ms
Round took 5.587064ms
Round took 4.828376ms
Round took 4.837481ms
Round took 4.783784ms
Round took 5.06859ms
Round took 4.632137ms
Round took 5.014449ms
Round took 5.495126ms
Round took 5.506415ms
Round took 4.172358ms
Round took 5.141854ms
Round took 5.349971ms
Round took 5.104958ms
Round took 4.872235ms
Round took 5.214175ms
Round took 7.077944ms
Round took 4.405861ms
Round took 4.590028ms
Round took 3.927211ms
Round took 5.286937ms
Round took 5.086119ms
Round took 5.595647ms
Round took 5.008544ms
Round took 5.685912ms
Round took 4.383985ms
Round took 8.081721ms
Round took 4.382797ms
Round took 4.935184ms
Round took 5.472774ms
Round took 4.577871ms
Round took 4.875501ms
Round took 5.151654ms
Round took 5.393854ms
Round took 4.65408ms
Round took 5.18073ms
Round took 6.03626ms
Round took 4.58683ms
Round took 4.615094ms
Round took 4.698597ms
Round took 5.997008ms
Round took 4.89068ms
Round took 4.923063ms
Round took 6.948179ms
Round took 6.753942ms
Round took 4.607539ms
Round took 5.011157ms
Round took 5.174295ms
Round took 5.614779ms
Round took 3.787406ms
Round took 5.303724ms
Round took 5.23573ms
Round took 5.669915ms
Round took 4.279064ms
Round took 5.54233ms
Round took 7.759604ms
Round took 3.976877ms
Round took 5.150885ms
Round took 4.627118ms
Round took 4.982557ms
Round took 3.521527ms
Round took 5.27923ms
Round took 5.446857ms
Round took 4.669266ms
Round took 5.04173ms
Round took 5.051043ms
Round took 5.058965ms
Round took 5.896363ms
Round took 5.958791ms
Round took 4.176404ms
Round took 5.341393ms
Round took 4.710639ms
Round took 5.013931ms
Round took 6.660115ms
Round took 4.150263ms
Round took 4.996994ms
Round took 5.225658ms
Round took 4.460715ms
Round took 5.172184ms
Round took 5.272181ms
Round took 5.833662ms
Round took 4.183353ms
Round took 5.377875ms
Round took 4.680868ms
Round took 5.194801ms
Round took 5.105887ms
Round took 4.690382ms
Round took 6.1377ms
Round took 5.275679ms
Round took 4.557958ms
Round took 4.27084ms
Round took 6.114204ms
Round took 4.311406ms
Round took 5.407067ms
Round took 5.901423ms
Round took 4.599746ms
Round took 5.157026ms
Round took 4.560844ms
Round took 6.108292ms
Round took 5.248279ms
Round took 5.418136ms
Round took 5.11117ms
Round took 4.694663ms
Round took 4.702095ms
Round took 5.60498ms
Round took 5.799855ms
Round took 7.178088ms
Round took 5.63539ms
Round took 5.095722ms
Test took 5.212509265s
Successful: 10000
