Uniform distribution
2021/04/16 21:40:47 The leader is replica 0
Round took 3.147437ms
Round took 9.241278ms
Round took 7.861635ms
Round took 6.390244ms
Round took 5.237229ms
Round took 4.431117ms
Round took 5.132335ms
Round took 5.314762ms
Round took 4.803735ms
Round took 5.165838ms
Round took 4.964895ms
Round took 5.130466ms
Round took 5.197448ms
Round took 5.172283ms
Round took 5.44909ms
Round took 4.653488ms
Round took 5.198173ms
Round took 5.160428ms
Round took 5.431565ms
Round took 5.185665ms
Round took 4.925258ms
Round took 5.574926ms
Round took 4.341652ms
Round took 5.042594ms
Round took 5.458596ms
Round took 5.116376ms
Round took 4.743746ms
Round took 5.168232ms
Round took 6.004242ms
Round took 4.333964ms
Round took 5.080773ms
Round took 5.094381ms
Round took 5.179555ms
Round took 4.240497ms
Round took 5.091243ms
Round took 7.107461ms
Round took 3.922388ms
Round took 5.150091ms
Round took 5.356774ms
Round took 5.401996ms
Round took 3.378057ms
Round took 5.617879ms
Round took 5.424457ms
Round took 4.487562ms
Round took 5.439799ms
Round took 4.29929ms
Round took 6.003168ms
Round took 6.910571ms
Round took 6.240768ms
Round took 6.275095ms
Round took 5.868564ms
Round took 6.848354ms
Round took 8.726941ms
Round took 4.26932ms
Round took 4.00328ms
Round took 5.751228ms
Round took 4.816469ms
Round took 4.288536ms
Round took 4.859936ms
Round took 6.755495ms
Round took 3.614849ms
Round took 4.984666ms
Round took 5.657587ms
Round took 4.905372ms
Round took 5.58121ms
Round took 5.587492ms
Round took 4.724424ms
Round took 4.776188ms
Round took 4.990082ms
Round took 5.366474ms
Round took 5.027355ms
Round took 5.696638ms
Round took 5.215267ms
Round took 4.484123ms
Round took 4.379582ms
Round took 5.471762ms
Round took 5.417371ms
Round took 4.9505ms
Round took 5.637627ms
Round took 4.309647ms
Round took 5.970579ms
Round took 4.188507ms
Round took 5.543705ms
Round took 4.269474ms
Round took 7.147894ms
Round took 6.426431ms
Round took 9.07311ms
Round took 7.698114ms
Round took 4.891527ms
Round took 3.976366ms
Round took 7.39633ms
Round took 5.106633ms
Round took 6.456699ms
Round took 4.257592ms
Round took 5.695912ms
Round took 4.915322ms
Round took 5.711669ms
Round took 4.127849ms
Round took 6.84695ms
Round took 5.247684ms
Round took 5.468404ms
Round took 5.05875ms
Round took 3.617294ms
Round took 3.773605ms
Round took 5.826155ms
Round took 5.71784ms
Round took 5.075186ms
Round took 4.955968ms
Round took 4.65192ms
Round took 5.062517ms
Round took 6.552294ms
Round took 3.972593ms
Round took 5.608605ms
Round took 6.48077ms
Round took 5.64156ms
Round took 4.823193ms
Round took 4.13001ms
Round took 4.949979ms
Round took 5.205429ms
Round took 5.215235ms
Round took 5.210113ms
Round took 5.10686ms
Round took 5.144337ms
Round took 5.284275ms
Round took 4.217492ms
Round took 5.040031ms
Round took 6.120618ms
Round took 6.220906ms
Round took 5.047347ms
Round took 4.985398ms
Round took 5.3937ms
Round took 5.361543ms
Round took 5.273798ms
Round took 4.71703ms
Round took 4.852138ms
Round took 7.868221ms
Round took 5.472336ms
Round took 5.166889ms
Round took 4.585411ms
Round took 4.779398ms
Round took 6.407734ms
Round took 6.467588ms
Round took 5.18212ms
Round took 5.015854ms
Round took 4.80941ms
Round took 5.265919ms
Round took 4.979847ms
Round took 4.870861ms
Round took 5.367586ms
Round took 5.316383ms
Round took 4.470877ms
Round took 5.274664ms
Round took 5.436591ms
Round took 5.572884ms
Round took 4.282351ms
Round took 5.19067ms
Round took 5.84324ms
Round took 5.029741ms
Round took 5.050244ms
Round took 4.939959ms
Round took 5.352472ms
Round took 5.026234ms
Round took 5.500411ms
Round took 4.886065ms
Round took 5.008333ms
Round took 4.942691ms
Round took 6.663439ms
Round took 4.93638ms
Round took 4.493386ms
Round took 5.227492ms
Round took 5.354865ms
Round took 4.943719ms
Round took 7.189715ms
Round took 5.356458ms
Round took 5.461455ms
Round took 5.161239ms
Round took 4.630734ms
Round took 6.037519ms
Round took 4.429943ms
Round took 4.509396ms
Round took 5.423314ms
Round took 5.179032ms
Round took 4.778153ms
Round took 5.351849ms
Round took 5.821665ms
Round took 4.640011ms
Round took 5.116973ms
Round took 4.703467ms
Round took 5.837485ms
Round took 5.369495ms
Round took 7.111613ms
Round took 5.054107ms
Round took 5.014845ms
Round took 4.636943ms
Round took 3.597996ms
Round took 5.491983ms
Round took 4.963182ms
Round took 6.569224ms
Round took 4.913785ms
Round took 4.700389ms
Round took 3.904895ms
Round took 5.966846ms
Round took 4.89307ms
Round took 5.196496ms
Round took 4.880527ms
Round took 4.510852ms
Round took 5.95483ms
Round took 4.802198ms
Round took 7.246503ms
Round took 5.10492ms
Round took 5.093339ms
Round took 5.065435ms
Round took 4.979807ms
Round took 5.610263ms
Round took 5.192956ms
Round took 4.431583ms
Round took 5.101019ms
Round took 6.26258ms
Round took 4.309046ms
Round took 5.531106ms
Round took 5.16542ms
Round took 4.63295ms
Round took 5.12177ms
Round took 5.254416ms
Round took 5.668406ms
Round took 5.054516ms
Round took 4.607522ms
Round took 5.490786ms
Round took 5.576362ms
Round took 4.317696ms
Round took 4.788126ms
Round took 5.186733ms
Round took 6.776633ms
Round took 6.212484ms
Round took 6.666424ms
Round took 4.968548ms
Round took 5.15082ms
Round took 4.701808ms
Round took 6.035428ms
Round took 4.740819ms
Round took 4.961112ms
Round took 5.314919ms
Round took 5.423921ms
Round took 4.482273ms
Round took 5.343139ms
Round took 5.145545ms
Round took 5.111671ms
Round took 4.688387ms
Round took 5.759237ms
Round took 5.656593ms
Round took 4.647773ms
Round took 5.894102ms
Round took 4.649625ms
Round took 5.035273ms
Round took 4.74759ms
Round took 4.785089ms
Round took 5.687349ms
Round took 5.523191ms
Round took 4.719269ms
Round took 5.658216ms
Round took 5.187678ms
Round took 4.402571ms
Round took 4.527873ms
Round took 5.589808ms
Round took 5.335166ms
Round took 4.982203ms
Round took 4.880485ms
Round took 5.527175ms
Round took 4.943049ms
Round took 5.040906ms
Round took 5.753723ms
Round took 5.185458ms
Round took 4.455982ms
Round took 6.25776ms
Round took 4.282174ms
Round took 5.187941ms
Round took 6.209658ms
Round took 6.8051ms
Round took 4.169475ms
Round took 5.175002ms
Round took 5.023352ms
Round took 5.419472ms
Round took 4.804259ms
Round took 4.896635ms
Round took 5.367504ms
Round took 5.06852ms
Round took 5.092119ms
Round took 4.988598ms
Round took 5.310971ms
Round took 4.998646ms
Round took 5.02249ms
Round took 4.967915ms
Round took 5.161096ms
Round took 5.318883ms
Round took 5.021417ms
Round took 5.080094ms
Round took 4.862211ms
Round took 5.32535ms
Round took 4.887573ms
Round took 5.061334ms
Round took 6.235153ms
Round took 6.374343ms
Round took 6.3664ms
Round took 4.114563ms
Round took 4.087986ms
Round took 4.850975ms
Round took 5.608433ms
Round took 4.74862ms
Round took 5.256505ms
Round took 4.912275ms
Round took 5.517553ms
Round took 4.460907ms
Round took 4.998743ms
Round took 6.242148ms
Round took 4.952979ms
Round took 4.982845ms
Round took 5.415885ms
Round took 5.433784ms
Round took 4.815743ms
Round took 6.839605ms
Round took 4.661041ms
Round took 4.195609ms
Round took 4.509678ms
Round took 5.024063ms
Round took 5.707667ms
Round took 5.012617ms
Round took 5.252381ms
Round took 5.109704ms
Round took 4.729102ms
Round took 5.291753ms
Round took 5.126039ms
Round took 5.041017ms
Round took 5.386639ms
Round took 4.822406ms
Round took 5.098417ms
Round took 5.132754ms
Round took 5.034436ms
Round took 5.395509ms
Round took 4.806258ms
Round took 5.68868ms
Round took 5.102661ms
Round took 4.737108ms
Round took 5.641725ms
Round took 4.821498ms
Round took 4.763763ms
Round took 5.054565ms
Round took 5.386933ms
Round took 5.024251ms
Round took 5.446303ms
Round took 5.822695ms
Round took 5.084507ms
Round took 5.685045ms
Round took 4.459323ms
Round took 6.889541ms
Round took 4.91324ms
Round took 5.391151ms
Round took 5.63648ms
Round took 4.856492ms
Round took 4.574203ms
Round took 5.19275ms
Round took 4.845846ms
Round took 5.383022ms
Round took 4.686669ms
Round took 6.635363ms
Round took 5.051683ms
Round took 4.855392ms
Round took 5.253521ms
Round took 4.781935ms
Round took 5.454644ms
Round took 4.69273ms
Round took 5.042774ms
Round took 4.993343ms
Round took 5.535174ms
Round took 4.832939ms
Round took 5.897412ms
Round took 4.442833ms
Round took 4.820143ms
Round took 5.247652ms
Round took 5.460224ms
Round took 5.090381ms
Round took 5.360319ms
Round took 4.873975ms
Round took 4.710198ms
Round took 5.207976ms
Round took 5.193198ms
Round took 5.873064ms
Round took 5.311558ms
Round took 4.48264ms
Round took 5.556012ms
Round took 4.712857ms
Round took 5.716283ms
Round took 4.36977ms
Round took 5.626849ms
Round took 4.489184ms
Round took 4.964489ms
Round took 5.767385ms
Round took 4.645494ms
Round took 5.422751ms
Round took 4.159997ms
Round took 5.803365ms
Round took 5.194661ms
Round took 5.291727ms
Round took 5.047545ms
Round took 5.004599ms
Round took 5.008978ms
Round took 5.086045ms
Round took 6.178852ms
Round took 6.444573ms
Round took 5.303243ms
Round took 4.558796ms
Round took 5.325496ms
Round took 5.251801ms
Round took 4.949775ms
Round took 6.063885ms
Round took 4.304682ms
Round took 5.820005ms
Round took 4.632716ms
Round took 4.942641ms
Round took 5.492194ms
Round took 4.605712ms
Round took 5.657849ms
Round took 4.6915ms
Round took 5.493151ms
Round took 4.196752ms
Round took 5.452326ms
Round took 5.040459ms
Round took 4.926898ms
Round took 6.386247ms
Round took 4.263204ms
Round took 4.902583ms
Round took 5.054684ms
Round took 5.024455ms
Round took 5.10146ms
Round took 4.546435ms
Round took 5.217284ms
Round took 4.772955ms
Round took 5.185026ms
Round took 5.457454ms
Round took 6.917654ms
Round took 4.472986ms
Round took 4.518947ms
Round took 6.06311ms
Round took 6.525891ms
Round took 5.289096ms
Round took 5.206626ms
Round took 6.711456ms
Round took 5.266929ms
Round took 5.018993ms
Round took 4.682024ms
Round took 18.286757ms
Round took 4.857346ms
Round took 5.108057ms
Round took 4.924862ms
Round took 5.254836ms
Round took 5.735712ms
Round took 5.509649ms
Round took 4.733568ms
Round took 4.688865ms
Round took 5.048792ms
Round took 5.037382ms
Round took 5.743903ms
Round took 5.368741ms
Round took 4.992596ms
Round took 3.400412ms
Round took 5.731469ms
Round took 5.514931ms
Round took 4.835227ms
Round took 4.84407ms
Round took 4.904546ms
Round took 5.609082ms
Round took 4.820268ms
Round took 5.045441ms
Round took 4.975973ms
Round took 4.999796ms
Round took 5.275051ms
Round took 4.887209ms
Round took 5.014989ms
Round took 4.978833ms
Round took 5.524672ms
Round took 4.78138ms
Round took 5.581692ms
Round took 4.758143ms
Round took 5.129555ms
Round took 4.908527ms
Round took 5.162556ms
Round took 5.298465ms
Round took 4.646349ms
Round took 5.655753ms
Round took 4.757301ms
Round took 4.652232ms
Round took 5.410381ms
Round took 5.028605ms
Round took 5.177761ms
Round took 4.634002ms
Round took 5.236363ms
Round took 6.201942ms
Round took 4.231562ms
Round took 4.570173ms
Round took 5.252422ms
Round took 5.085385ms
Round took 4.95547ms
Round took 5.255716ms
Round took 4.994077ms
Round took 5.200408ms
Round took 4.69277ms
Round took 5.171281ms
Round took 5.145826ms
Round took 5.222679ms
Round took 5.026512ms
Round took 5.087184ms
Round took 5.548984ms
Round took 4.659794ms
Round took 5.183982ms
Round took 5.461966ms
Round took 4.906827ms
Round took 5.087957ms
Round took 4.821985ms
Round took 4.879923ms
Round took 5.208322ms
Round took 4.828866ms
Round took 5.209725ms
Round took 5.037045ms
Round took 4.917173ms
Round took 4.900795ms
Round took 5.498325ms
Round took 5.925208ms
Round took 4.465064ms
Round took 5.036356ms
Round took 5.803505ms
Round took 4.757446ms
Round took 4.455835ms
Round took 7.171792ms
Round took 3.552217ms
Round took 5.306199ms
Round took 4.620484ms
Round took 6.132635ms
Round took 4.784706ms
Round took 4.391661ms
Round took 5.481728ms
Round took 5.124129ms
Round took 4.84978ms
Round took 4.975795ms
Round took 5.862519ms
Round took 4.408898ms
Round took 5.130679ms
Round took 4.786343ms
Round took 5.595101ms
Round took 5.05479ms
Round took 4.429749ms
Round took 5.372882ms
Round took 5.708718ms
Round took 5.000902ms
Round took 4.761978ms
Round took 5.415772ms
Round took 4.770739ms
Round took 5.398708ms
Round took 4.336293ms
Round took 5.777624ms
Round took 5.294783ms
Round took 4.350463ms
Round took 6.83907ms
Round took 3.727703ms
Round took 4.92749ms
Round took 4.475015ms
Round took 5.42232ms
Round took 5.118021ms
Round took 4.72947ms
Round took 5.7811ms
Round took 4.317043ms
Round took 5.94351ms
Round took 4.837152ms
Round took 6.141141ms
Round took 5.085449ms
Round took 4.459542ms
Round took 5.022617ms
Round took 5.310443ms
Round took 4.793622ms
Round took 5.003641ms
Round took 8.091618ms
Round took 5.654949ms
Round took 5.110809ms
Round took 4.843344ms
Round took 6.255884ms
Round took 5.005273ms
Round took 4.919414ms
Round took 5.856834ms
Round took 4.203414ms
Round took 5.119546ms
Round took 5.509275ms
Round took 5.16952ms
Round took 4.696361ms
Round took 5.39777ms
Round took 5.036342ms
Round took 5.007285ms
Round took 4.65064ms
Round took 7.463184ms
Round took 6.567396ms
Round took 4.895783ms
Round took 4.633222ms
Round took 5.696763ms
Round took 6.069259ms
Round took 4.318377ms
Round took 5.375785ms
Round took 5.079385ms
Round took 4.81554ms
Round took 5.303523ms
Round took 4.644735ms
Round took 5.794698ms
Round took 5.154693ms
Round took 5.315245ms
Round took 5.566304ms
Round took 4.461804ms
Round took 5.143216ms
Round took 4.575408ms
Round took 4.98116ms
Round took 5.247142ms
Round took 4.854536ms
Round took 5.632477ms
Round took 5.361909ms
Round took 4.58168ms
Round took 4.93074ms
Round took 5.118644ms
Round took 5.618695ms
Round took 4.513604ms
Round took 5.057682ms
Round took 5.603562ms
Round took 5.422616ms
Round took 5.731928ms
Round took 3.951939ms
Round took 5.35166ms
Round took 5.376609ms
Round took 4.339092ms
Round took 5.496144ms
Round took 5.11269ms
Round took 4.67203ms
Round took 5.533535ms
Round took 5.346819ms
Round took 4.436227ms
Round took 5.188576ms
Round took 4.599204ms
Round took 6.288887ms
Round took 3.851331ms
Round took 5.13429ms
Round took 6.21824ms
Round took 4.403941ms
Round took 5.107525ms
Round took 4.695578ms
Round took 5.272287ms
Round took 4.800268ms
Round took 4.936592ms
Round took 5.644692ms
Round took 5.178405ms
Round took 5.537949ms
Round took 4.089743ms
Round took 5.770164ms
Round took 5.347469ms
Round took 4.652434ms
Round took 5.73897ms
Round took 4.513655ms
Round took 5.360901ms
Round took 5.334261ms
Round took 4.597741ms
Round took 5.066938ms
Round took 4.03153ms
Round took 5.267191ms
Round took 5.048327ms
Round took 5.416656ms
Round took 4.640894ms
Round took 5.976831ms
Round took 4.96176ms
Round took 4.765219ms
Round took 4.948713ms
Round took 5.70964ms
Round took 4.970279ms
Round took 5.073423ms
Round took 5.488113ms
Round took 5.035194ms
Round took 5.182308ms
Round took 4.574801ms
Round took 5.564252ms
Round took 4.849925ms
Round took 4.815831ms
Round took 6.654724ms
Round took 5.793808ms
Round took 5.100613ms
Round took 5.037328ms
Round took 4.843472ms
Round took 6.033501ms
Round took 4.519141ms
Round took 4.870196ms
Round took 5.052404ms
Round took 5.321118ms
Round took 4.754378ms
Round took 5.08233ms
Round took 5.283691ms
Round took 5.032607ms
Round took 4.980053ms
Round took 4.999998ms
Round took 4.975345ms
Round took 5.29326ms
Round took 5.021401ms
Round took 5.286605ms
Round took 5.184677ms
Round took 5.615734ms
Round took 4.97911ms
Round took 5.405201ms
Round took 4.733081ms
Round took 5.019467ms
Round took 5.055249ms
Round took 6.558795ms
Round took 3.949861ms
Round took 5.110314ms
Round took 4.709391ms
Round took 6.645186ms
Round took 5.17235ms
Round took 4.209304ms
Round took 5.818324ms
Round took 4.968874ms
Round took 4.658502ms
Round took 4.988926ms
Round took 6.120997ms
Round took 4.118015ms
Round took 6.797954ms
Round took 3.621764ms
Round took 5.298679ms
Round took 4.871619ms
Round took 5.401832ms
Round took 5.905446ms
Round took 4.046395ms
Round took 5.154896ms
Round took 4.887791ms
Round took 5.314919ms
Round took 4.565252ms
Round took 5.230209ms
Round took 5.509606ms
Round took 5.49655ms
Round took 4.290972ms
Round took 4.676199ms
Round took 5.455101ms
Round took 4.707061ms
Round took 4.98618ms
Round took 5.932258ms
Round took 5.889465ms
Round took 5.112687ms
Round took 5.243059ms
Round took 4.803933ms
Round took 4.203798ms
Round took 4.712045ms
Round took 4.783382ms
Round took 5.063669ms
Round took 4.749552ms
Round took 5.238696ms
Round took 5.860776ms
Round took 4.99414ms
Round took 5.096535ms
Round took 5.030329ms
Round took 5.147959ms
Round took 4.561467ms
Round took 4.954305ms
Round took 6.581965ms
Round took 6.330668ms
Round took 4.502853ms
Round took 5.069162ms
Round took 5.473088ms
Round took 5.029901ms
Round took 4.857233ms
Round took 5.071681ms
Round took 5.230761ms
Round took 4.833227ms
Round took 5.549767ms
Round took 4.717902ms
Round took 5.52813ms
Round took 4.646506ms
Round took 4.964527ms
Round took 5.226515ms
Round took 5.121666ms
Round took 5.058269ms
Round took 5.303798ms
Round took 5.219779ms
Round took 5.281426ms
Round took 4.632584ms
Round took 5.157287ms
Round took 6.86748ms
Round took 3.777161ms
Round took 4.988782ms
Round took 6.235921ms
Round took 4.232747ms
Round took 5.062324ms
Round took 4.963902ms
Round took 6.445201ms
Round took 5.204014ms
Round took 4.953059ms
Round took 5.325967ms
Round took 3.878271ms
Round took 4.963444ms
Round took 4.430969ms
Round took 5.680109ms
Round took 5.550189ms
Round took 4.870746ms
Round took 4.762805ms
Round took 4.466937ms
Round took 5.5296ms
Round took 4.881864ms
Round took 5.48721ms
Round took 5.271169ms
Round took 4.642483ms
Round took 5.377295ms
Round took 4.604003ms
Round took 5.498863ms
Round took 4.934109ms
Round took 5.274788ms
Round took 5.385507ms
Round took 4.447347ms
Round took 5.272638ms
Round took 5.789283ms
Round took 5.430135ms
Round took 4.620425ms
Round took 5.499606ms
Round took 5.358416ms
Round took 4.632329ms
Round took 5.857828ms
Round took 3.668949ms
Round took 6.187951ms
Round took 4.457361ms
Round took 4.898419ms
Round took 6.219861ms
Round took 4.387678ms
Round took 5.276161ms
Round took 4.316064ms
Round took 5.339516ms
Round took 4.762036ms
Round took 5.145891ms
Round took 5.825828ms
Round took 4.9555ms
Round took 4.792008ms
Round took 5.197504ms
Round took 5.687253ms
Round took 6.619233ms
Round took 5.079422ms
Round took 4.899301ms
Round took 5.507365ms
Round took 4.797518ms
Round took 5.298749ms
Round took 5.00973ms
Round took 4.829736ms
Round took 5.179837ms
Round took 5.006985ms
Round took 4.994111ms
Round took 5.160595ms
Round took 4.991772ms
Round took 4.989334ms
Round took 5.361975ms
Round took 5.10809ms
Round took 5.014221ms
Round took 5.361009ms
Round took 4.836281ms
Round took 5.593434ms
Round took 4.363814ms
Round took 6.087845ms
Round took 5.093896ms
Round took 4.988189ms
Round took 4.651499ms
Round took 6.833588ms
Round took 4.381491ms
Round took 5.187871ms
Round took 7.618543ms
Round took 6.487436ms
Round took 4.728337ms
Round took 5.907959ms
Round took 4.07722ms
Round took 4.925496ms
Round took 4.873862ms
Round took 5.49798ms
Round took 5.219783ms
Round took 4.481846ms
Round took 5.105331ms
Round took 5.135951ms
Round took 4.969667ms
Round took 4.776477ms
Round took 5.208135ms
Round took 5.017555ms
Round took 4.970299ms
Round took 5.26059ms
Round took 5.135154ms
Round took 5.874977ms
Round took 5.353827ms
Round took 4.727609ms
Round took 5.184434ms
Round took 5.011763ms
Round took 4.989523ms
Round took 4.976945ms
Round took 5.006632ms
Round took 5.41622ms
Round took 4.936431ms
Round took 5.724205ms
Round took 5.434696ms
Round took 4.542394ms
Round took 5.792693ms
Round took 4.423349ms
Round took 5.32075ms
Round took 5.167184ms
Round took 6.724303ms
Round took 5.751679ms
Round took 4.507954ms
Round took 4.013618ms
Round took 3.535364ms
Round took 5.22142ms
Round took 5.215048ms
Round took 6.128407ms
Round took 4.909509ms
Round took 5.990237ms
Round took 3.31486ms
Round took 6.602482ms
Round took 4.638925ms
Round took 4.880253ms
Round took 5.46544ms
Round took 4.5892ms
Round took 4.862541ms
Round took 5.138706ms
Round took 5.329719ms
Round took 4.701125ms
Round took 5.129377ms
Round took 6.067709ms
Round took 4.585098ms
Round took 4.63141ms
Round took 4.664494ms
Round took 5.857037ms
Round took 5.215824ms
Round took 4.929026ms
Round took 6.886406ms
Round took 6.741409ms
Round took 4.832296ms
Round took 4.901543ms
Round took 5.236441ms
Round took 5.602518ms
Round took 3.783677ms
Round took 5.304218ms
Round took 5.190748ms
Round took 5.618637ms
Round took 4.32939ms
Round took 6.522188ms
Round took 6.717241ms
Round took 3.948958ms
Round took 5.146523ms
Round took 4.650852ms
Round took 4.96332ms
Round took 3.512877ms
Round took 5.322567ms
Round took 5.477872ms
Round took 4.670383ms
Round took 5.045699ms
Round took 5.075101ms
Round took 5.074849ms
Round took 5.884726ms
Round took 6.044093ms
Round took 4.139975ms
Round took 5.806687ms
Round took 4.584302ms
Round took 5.152737ms
Round took 6.056752ms
Round took 4.423261ms
Round took 5.457528ms
Round took 4.756269ms
Round took 4.464398ms
Round took 5.203306ms
Round took 5.382791ms
Round took 5.788954ms
Round took 4.252658ms
Round took 5.352908ms
Round took 4.581842ms
Round took 5.100339ms
Round took 5.215255ms
Round took 4.750255ms
Round took 6.301759ms
Round took 4.544181ms
Round took 4.427746ms
Round took 4.32962ms
Round took 6.061255ms
Round took 4.27155ms
Round took 5.323181ms
Round took 4.965168ms
Round took 5.346446ms
Round took 5.082559ms
Round took 4.64695ms
Round took 5.349708ms
Round took 4.937621ms
Round took 5.182535ms
Round took 5.075206ms
Round took 4.980831ms
Round took 5.95795ms
Round took 5.088507ms
Round took 6.336027ms
Round took 4.429003ms
Round took 4.910412ms
Round took 5.390635ms
Round took 4.405901ms
Round took 7.138539ms
Round took 7.111938ms
Round took 5.621065ms
Round took 4.146336ms
Test took 5.22492172s
Successful: 10000
