Uniform distribution
2021/04/16 21:40:47 The leader is replica 0
Round took 4.269903ms
Round took 5.044405ms
Round took 6.246687ms
Round took 6.343035ms
Round took 7.338918ms
Round took 7.836954ms
Round took 6.681061ms
Round took 3.130313ms
Round took 4.773813ms
Round took 5.810265ms
Round took 4.631657ms
Round took 4.563869ms
Round took 4.931885ms
Round took 5.303389ms
Round took 5.210847ms
Round took 5.020878ms
Round took 5.560281ms
Round took 5.322455ms
Round took 4.314377ms
Round took 4.777465ms
Round took 6.33199ms
Round took 4.065988ms
Round took 4.954731ms
Round took 5.117005ms
Round took 4.99505ms
Round took 5.220094ms
Round took 4.591921ms
Round took 5.048886ms
Round took 5.835845ms
Round took 4.772966ms
Round took 4.587155ms
Round took 5.222825ms
Round took 6.002217ms
Round took 4.480794ms
Round took 5.055598ms
Round took 4.906542ms
Round took 5.79568ms
Round took 3.712473ms
Round took 5.044686ms
Round took 7.196981ms
Round took 3.91043ms
Round took 5.181441ms
Round took 6.571647ms
Round took 5.232425ms
Round took 3.504165ms
Round took 5.562705ms
Round took 5.414937ms
Round took 4.47646ms
Round took 5.205153ms
Round took 4.552991ms
Round took 5.99456ms
Round took 6.557969ms
Round took 6.299896ms
Round took 5.518875ms
Round took 6.572215ms
Round took 6.867464ms
Round took 8.788321ms
Round took 4.023606ms
Round took 3.996406ms
Round took 5.754752ms
Round took 5.050145ms
Round took 4.379965ms
Round took 4.886237ms
Round took 5.609987ms
Round took 3.565058ms
Round took 4.993439ms
Round took 5.659865ms
Round took 4.873611ms
Round took 5.5738ms
Round took 5.632427ms
Round took 4.788172ms
Round took 4.770029ms
Round took 4.987863ms
Round took 5.394167ms
Round took 4.993701ms
Round took 5.715322ms
Round took 5.188531ms
Round took 4.437745ms
Round took 4.340353ms
Round took 5.425538ms
Round took 4.898065ms
Round took 5.437231ms
Round took 5.642687ms
Round took 4.317733ms
Round took 6.027079ms
Round took 3.854585ms
Round took 5.568014ms
Round took 4.258642ms
Round took 7.133761ms
Round took 5.912535ms
Round took 7.285193ms
Round took 7.622882ms
Round took 6.312556ms
Round took 3.950195ms
Round took 5.997889ms
Round took 6.084272ms
Round took 6.528387ms
Round took 4.235481ms
Round took 5.693256ms
Round took 5.044858ms
Round took 5.230423ms
Round took 4.946836ms
Round took 5.491491ms
Round took 6.507723ms
Round took 4.786284ms
Round took 5.913595ms
Round took 3.652703ms
Round took 3.598954ms
Round took 6.051305ms
Round took 5.222517ms
Round took 5.495927ms
Round took 5.015693ms
Round took 4.689683ms
Round took 5.125316ms
Round took 7.395033ms
Round took 3.956189ms
Round took 5.614647ms
Round took 6.361903ms
Round took 5.719284ms
Round took 4.796223ms
Round took 4.082934ms
Round took 4.994421ms
Round took 5.192839ms
Round took 5.143982ms
Round took 5.253921ms
Round took 5.058221ms
Round took 5.18171ms
Round took 5.414506ms
Round took 4.229897ms
Round took 5.005724ms
Round took 6.151606ms
Round took 6.189569ms
Round took 5.061297ms
Round took 4.969816ms
Round took 5.409646ms
Round took 5.341254ms
Round took 5.196982ms
Round took 4.636786ms
Round took 4.866293ms
Round took 7.461303ms
Round took 5.052819ms
Round took 5.918276ms
Round took 4.614678ms
Round took 4.789266ms
Round took 6.415319ms
Round took 6.568474ms
Round took 5.173465ms
Round took 5.028042ms
Round took 4.854653ms
Round took 5.302945ms
Round took 4.923396ms
Round took 4.877565ms
Round took 5.352504ms
Round took 5.004305ms
Round took 4.931344ms
Round took 5.222238ms
Round took 5.438027ms
Round took 5.153812ms
Round took 4.715211ms
Round took 5.136795ms
Round took 5.857606ms
Round took 5.007409ms
Round took 5.249249ms
Round took 4.949613ms
Round took 5.18039ms
Round took 4.902127ms
Round took 5.557034ms
Round took 4.856075ms
Round took 5.010753ms
Round took 4.929609ms
Round took 5.571472ms
Round took 5.41271ms
Round took 4.540421ms
Round took 4.952481ms
Round took 5.659668ms
Round took 4.843604ms
Round took 5.22291ms
Round took 4.52744ms
Round took 5.609722ms
Round took 5.423008ms
Round took 5.437635ms
Round took 4.964939ms
Round took 5.556784ms
Round took 4.278325ms
Round took 4.511275ms
Round took 5.35918ms
Round took 5.154585ms
Round took 4.719088ms
Round took 5.269159ms
Round took 5.814707ms
Round took 4.610825ms
Round took 6.371556ms
Round took 3.98257ms
Round took 5.844097ms
Round took 6.783126ms
Round took 5.722545ms
Round took 6.323138ms
Round took 4.857072ms
Round took 3.775348ms
Round took 4.077281ms
Round took 5.825912ms
Round took 5.531929ms
Round took 5.083647ms
Round took 5.258328ms
Round took 4.703171ms
Round took 5.296017ms
Round took 4.491141ms
Round took 5.510368ms
Round took 5.07279ms
Round took 4.61287ms
Round took 5.224794ms
Round took 5.105813ms
Round took 6.504785ms
Round took 4.435866ms
Round took 5.533062ms
Round took 5.109841ms
Round took 5.106599ms
Round took 5.750403ms
Round took 4.969ms
Round took 5.249271ms
Round took 5.074071ms
Round took 4.428089ms
Round took 5.539403ms
Round took 4.796758ms
Round took 5.608797ms
Round took 5.311188ms
Round took 4.423167ms
Round took 5.59285ms
Round took 5.444782ms
Round took 5.114838ms
Round took 5.406592ms
Round took 4.152329ms
Round took 5.393721ms
Round took 5.53986ms
Round took 5.325952ms
Round took 5.287363ms
Round took 6.277468ms
Round took 5.179526ms
Round took 4.964417ms
Round took 5.751009ms
Round took 5.052847ms
Round took 5.002905ms
Round took 4.720646ms
Round took 6.027735ms
Round took 4.788741ms
Round took 5.022906ms
Round took 5.420918ms
Round took 5.237778ms
Round took 4.963744ms
Round took 5.324492ms
Round took 5.714894ms
Round took 5.012578ms
Round took 4.513376ms
Round took 5.800562ms
Round took 4.918898ms
Round took 4.694999ms
Round took 6.785173ms
Round took 4.163039ms
Round took 5.186885ms
Round took 5.165372ms
Round took 4.697844ms
Round took 5.222229ms
Round took 6.286241ms
Round took 4.020592ms
Round took 5.613524ms
Round took 5.067689ms
Round took 5.695052ms
Round took 6.085641ms
Round took 5.321416ms
Round took 5.056051ms
Round took 4.747352ms
Round took 5.138611ms
Round took 5.374448ms
Round took 4.804502ms
Round took 5.013603ms
Round took 5.695568ms
Round took 4.461934ms
Round took 5.436524ms
Round took 4.967874ms
Round took 5.179596ms
Round took 5.068953ms
Round took 4.820788ms
Round took 7.126434ms
Round took 4.149183ms
Round took 5.240141ms
Round took 4.972197ms
Round took 5.185536ms
Round took 4.870421ms
Round took 4.849263ms
Round took 5.959041ms
Round took 4.619477ms
Round took 5.156369ms
Round took 4.775289ms
Round took 6.36493ms
Round took 4.790001ms
Round took 5.40554ms
Round took 5.557314ms
Round took 4.488684ms
Round took 5.164284ms
Round took 5.004997ms
Round took 5.270588ms
Round took 4.545773ms
Round took 5.83509ms
Round took 6.518742ms
Round took 6.492268ms
Round took 5.759476ms
Round took 5.426801ms
Round took 4.802689ms
Round took 4.142829ms
Round took 4.903742ms
Round took 5.676463ms
Round took 5.659737ms
Round took 4.895419ms
Round took 5.072671ms
Round took 5.649358ms
Round took 4.560182ms
Round took 5.004891ms
Round took 5.275829ms
Round took 5.036685ms
Round took 4.997974ms
Round took 5.295972ms
Round took 5.297035ms
Round took 4.801286ms
Round took 6.520778ms
Round took 4.906217ms
Round took 4.077481ms
Round took 4.637401ms
Round took 4.977603ms
Round took 5.71184ms
Round took 4.754988ms
Round took 4.984102ms
Round took 5.376997ms
Round took 5.003185ms
Round took 4.734563ms
Round took 5.210795ms
Round took 6.202591ms
Round took 4.420621ms
Round took 5.379974ms
Round took 4.449208ms
Round took 5.751625ms
Round took 4.5499ms
Round took 5.061467ms
Round took 6.072855ms
Round took 4.235888ms
Round took 5.183347ms
Round took 5.063688ms
Round took 4.969298ms
Round took 5.234004ms
Round took 4.947918ms
Round took 4.650418ms
Round took 5.50269ms
Round took 5.229027ms
Round took 4.909141ms
Round took 7.37853ms
Round took 6.630295ms
Round took 4.74418ms
Round took 4.8947ms
Round took 5.191287ms
Round took 5.630404ms
Round took 5.087936ms
Round took 5.425663ms
Round took 5.092919ms
Round took 5.141426ms
Round took 4.626507ms
Round took 5.24141ms
Round took 4.833107ms
Round took 5.018217ms
Round took 4.737787ms
Round took 6.465878ms
Round took 4.729997ms
Round took 4.965495ms
Round took 5.23058ms
Round took 4.839623ms
Round took 5.422523ms
Round took 4.735749ms
Round took 4.924826ms
Round took 4.996417ms
Round took 5.403478ms
Round took 4.844658ms
Round took 5.690342ms
Round took 3.971183ms
Round took 4.915111ms
Round took 4.946856ms
Round took 5.701262ms
Round took 4.727659ms
Round took 5.389362ms
Round took 4.849436ms
Round took 4.912427ms
Round took 5.223502ms
Round took 4.978756ms
Round took 5.091407ms
Round took 5.134237ms
Round took 4.566508ms
Round took 5.099243ms
Round took 5.214801ms
Round took 5.136072ms
Round took 5.001686ms
Round took 5.791966ms
Round took 4.913894ms
Round took 5.014081ms
Round took 5.60356ms
Round took 4.93326ms
Round took 5.420395ms
Round took 4.32721ms
Round took 6.191553ms
Round took 5.195746ms
Round took 4.952712ms
Round took 5.586908ms
Round took 4.544761ms
Round took 4.774845ms
Round took 4.815265ms
Round took 6.240084ms
Round took 4.585104ms
Round took 5.018728ms
Round took 6.283663ms
Round took 4.154039ms
Round took 4.991321ms
Round took 5.892379ms
Round took 4.988328ms
Round took 5.36567ms
Round took 4.207196ms
Round took 6.082597ms
Round took 4.653018ms
Round took 4.282351ms
Round took 5.732885ms
Round took 4.489105ms
Round took 5.376695ms
Round took 4.651678ms
Round took 5.853313ms
Round took 3.786969ms
Round took 5.493911ms
Round took 5.007948ms
Round took 5.618212ms
Round took 5.290932ms
Round took 4.462496ms
Round took 4.898683ms
Round took 5.34146ms
Round took 4.793179ms
Round took 5.296115ms
Round took 4.797667ms
Round took 5.932389ms
Round took 3.976957ms
Round took 5.15219ms
Round took 7.501774ms
Round took 6.261549ms
Round took 4.397243ms
Round took 5.138048ms
Round took 4.65504ms
Round took 6.033944ms
Round took 5.24175ms
Round took 5.006145ms
Round took 6.660327ms
Round took 5.322529ms
Round took 5.58636ms
Round took 3.732822ms
Round took 18.621154ms
Round took 4.44717ms
Round took 5.277968ms
Round took 4.864414ms
Round took 5.395117ms
Round took 6.017573ms
Round took 5.079083ms
Round took 5.072014ms
Round took 4.401617ms
Round took 5.28241ms
Round took 5.591721ms
Round took 5.691509ms
Round took 5.253778ms
Round took 4.706729ms
Round took 3.381277ms
Round took 5.744287ms
Round took 5.559779ms
Round took 5.022246ms
Round took 4.914629ms
Round took 5.226626ms
Round took 5.241492ms
Round took 4.905943ms
Round took 4.88337ms
Round took 4.965511ms
Round took 4.758216ms
Round took 5.283532ms
Round took 4.95021ms
Round took 4.997261ms
Round took 5.832677ms
Round took 4.817262ms
Round took 4.835409ms
Round took 5.438763ms
Round took 4.788971ms
Round took 5.018267ms
Round took 5.029651ms
Round took 5.046495ms
Round took 5.250355ms
Round took 4.530787ms
Round took 5.682543ms
Round took 4.614735ms
Round took 4.743329ms
Round took 6.00147ms
Round took 5.010471ms
Round took 5.045528ms
Round took 4.534518ms
Round took 6.499924ms
Round took 4.991717ms
Round took 4.327306ms
Round took 4.529786ms
Round took 5.692232ms
Round took 4.710894ms
Round took 4.899454ms
Round took 6.022972ms
Round took 4.391232ms
Round took 5.173752ms
Round took 4.269154ms
Round took 5.378042ms
Round took 4.949343ms
Round took 5.215435ms
Round took 5.169168ms
Round took 5.623777ms
Round took 4.838195ms
Round took 4.580596ms
Round took 5.251892ms
Round took 5.331834ms
Round took 4.936277ms
Round took 5.169613ms
Round took 4.610045ms
Round took 4.770536ms
Round took 5.50607ms
Round took 4.773751ms
Round took 6.325702ms
Round took 4.987911ms
Round took 4.903786ms
Round took 5.079041ms
Round took 5.206949ms
Round took 5.877278ms
Round took 4.811328ms
Round took 5.28295ms
Round took 4.906598ms
Round took 5.501644ms
Round took 4.944342ms
Round took 5.742703ms
Round took 3.86375ms
Round took 5.815118ms
Round took 6.11479ms
Round took 4.283076ms
Round took 5.059429ms
Round took 5.195845ms
Round took 5.51149ms
Round took 4.893955ms
Round took 5.034105ms
Round took 5.017432ms
Round took 5.119855ms
Round took 5.170255ms
Round took 4.768671ms
Round took 5.748013ms
Round took 4.959448ms
Round took 4.424818ms
Round took 5.194987ms
Round took 5.665573ms
Round took 5.136144ms
Round took 4.569666ms
Round took 5.215696ms
Round took 4.945987ms
Round took 5.347826ms
Round took 4.994087ms
Round took 5.552358ms
Round took 6.087911ms
Round took 4.065198ms
Round took 5.9354ms
Round took 4.610981ms
Round took 4.935108ms
Round took 4.569668ms
Round took 5.386747ms
Round took 4.797414ms
Round took 4.783563ms
Round took 5.246767ms
Round took 4.902526ms
Round took 5.984995ms
Round took 4.408767ms
Round took 5.864244ms
Round took 5.074328ms
Round took 4.527954ms
Round took 4.684819ms
Round took 4.911348ms
Round took 6.037378ms
Round took 4.761678ms
Round took 5.024892ms
Round took 5.906226ms
Round took 4.943989ms
Round took 5.10073ms
Round took 5.079059ms
Round took 5.60342ms
Round took 4.435082ms
Round took 4.98193ms
Round took 5.843058ms
Round took 4.252951ms
Round took 5.125153ms
Round took 5.527741ms
Round took 5.27265ms
Round took 4.603673ms
Round took 6.177312ms
Round took 4.278311ms
Round took 5.013921ms
Round took 4.766236ms
Round took 7.01959ms
Round took 6.467488ms
Round took 4.871614ms
Round took 4.627874ms
Round took 5.766129ms
Round took 6.123931ms
Round took 4.470762ms
Round took 5.345551ms
Round took 6.114152ms
Round took 4.423589ms
Round took 5.284008ms
Round took 4.569509ms
Round took 5.72489ms
Round took 5.274784ms
Round took 5.386387ms
Round took 5.250012ms
Round took 4.501154ms
Round took 5.148917ms
Round took 5.003467ms
Round took 4.791272ms
Round took 5.113195ms
Round took 4.905692ms
Round took 5.581435ms
Round took 5.414274ms
Round took 4.531426ms
Round took 5.384603ms
Round took 4.762603ms
Round took 5.760854ms
Round took 5.361528ms
Round took 5.455136ms
Round took 4.401391ms
Round took 5.053289ms
Round took 5.793002ms
Round took 4.004825ms
Round took 5.290166ms
Round took 5.860763ms
Round took 4.459691ms
Round took 4.937143ms
Round took 5.289274ms
Round took 4.675618ms
Round took 5.970554ms
Round took 4.956778ms
Round took 4.388498ms
Round took 7.011829ms
Round took 6.173479ms
Round took 3.891576ms
Round took 5.228757ms
Round took 5.169581ms
Round took 5.258202ms
Round took 5.148011ms
Round took 4.913694ms
Round took 5.01494ms
Round took 5.129416ms
Round took 4.969611ms
Round took 5.255134ms
Round took 4.954366ms
Round took 6.053527ms
Round took 4.253918ms
Round took 4.982889ms
Round took 5.765494ms
Round took 4.485182ms
Round took 5.527304ms
Round took 4.66368ms
Round took 5.361852ms
Round took 4.936195ms
Round took 5.011801ms
Round took 4.942837ms
Round took 5.006689ms
Round took 5.26263ms
Round took 5.097405ms
Round took 5.637449ms
Round took 4.571587ms
Round took 5.235752ms
Round took 4.634943ms
Round took 5.506192ms
Round took 4.94523ms
Round took 5.298579ms
Round took 4.974813ms
Round took 5.382848ms
Round took 4.720836ms
Round took 5.291367ms
Round took 5.390297ms
Round took 5.59701ms
Round took 4.517401ms
Round took 5.224777ms
Round took 5.531932ms
Round took 4.955669ms
Round took 4.868735ms
Round took 5.753998ms
Round took 4.651174ms
Round took 5.022113ms
Round took 5.389784ms
Round took 5.618897ms
Round took 4.599975ms
Round took 4.826584ms
Round took 4.996651ms
Round took 5.073481ms
Round took 4.642571ms
Round took 5.105019ms
Round took 6.28279ms
Round took 4.212894ms
Round took 4.962939ms
Round took 4.658688ms
Round took 5.006167ms
Round took 5.202929ms
Round took 4.971124ms
Round took 6.136976ms
Round took 4.489475ms
Round took 4.701385ms
Round took 5.168222ms
Round took 6.394077ms
Round took 4.597965ms
Round took 5.05221ms
Round took 5.978187ms
Round took 5.389378ms
Round took 4.254898ms
Round took 6.325479ms
Round took 7.042528ms
Round took 5.038047ms
Round took 4.187202ms
Round took 5.20991ms
Round took 6.594672ms
Round took 4.336757ms
Round took 4.940583ms
Round took 5.520473ms
Round took 4.718307ms
Round took 5.34553ms
Round took 4.739994ms
Round took 5.44083ms
Round took 5.039513ms
Round took 5.089813ms
Round took 6.093726ms
Round took 4.022305ms
Round took 5.125142ms
Round took 4.942888ms
Round took 4.795138ms
Round took 5.621739ms
Round took 4.95225ms
Round took 5.568385ms
Round took 5.569888ms
Round took 4.311557ms
Round took 4.796172ms
Round took 5.678073ms
Round took 4.479917ms
Round took 4.205239ms
Round took 5.207577ms
Round took 5.867582ms
Round took 5.071937ms
Round took 5.667076ms
Round took 5.557816ms
Round took 4.405122ms
Round took 4.788782ms
Round took 4.306217ms
Round took 5.255039ms
Round took 4.742807ms
Round took 5.089031ms
Round took 5.658539ms
Round took 5.05369ms
Round took 5.071737ms
Round took 4.59624ms
Round took 5.758708ms
Round took 5.030431ms
Round took 4.784344ms
Round took 5.194831ms
Round took 5.787888ms
Round took 4.701524ms
Round took 4.438285ms
Round took 4.893143ms
Round took 5.656901ms
Round took 5.227095ms
Round took 4.459561ms
Round took 5.336681ms
Round took 5.634273ms
Round took 4.324091ms
Round took 6.012729ms
Round took 4.017994ms
Round took 5.329986ms
Round took 4.818185ms
Round took 5.038861ms
Round took 5.580382ms
Round took 4.91206ms
Round took 5.055878ms
Round took 6.314647ms
Round took 5.032154ms
Round took 4.891595ms
Round took 6.562967ms
Round took 7.652761ms
Round took 4.24806ms
Round took 4.939415ms
Round took 5.97953ms
Round took 4.271107ms
Round took 5.055803ms
Round took 4.871728ms
Round took 6.989419ms
Round took 4.69266ms
Round took 5.109944ms
Round took 4.295955ms
Round took 3.753909ms
Round took 4.950348ms
Round took 4.462385ms
Round took 5.791927ms
Round took 5.472363ms
Round took 4.869769ms
Round took 5.28033ms
Round took 4.009385ms
Round took 5.453992ms
Round took 4.834555ms
Round took 5.471779ms
Round took 5.30479ms
Round took 4.656842ms
Round took 5.364057ms
Round took 4.573517ms
Round took 5.488709ms
Round took 4.990373ms
Round took 5.283201ms
Round took 5.363531ms
Round took 4.462412ms
Round took 5.281549ms
Round took 5.893457ms
Round took 5.191631ms
Round took 4.440244ms
Round took 5.426325ms
Round took 5.429295ms
Round took 4.599691ms
Round took 5.367276ms
Round took 4.175993ms
Round took 6.151421ms
Round took 4.509383ms
Round took 4.911016ms
Round took 6.221379ms
Round took 4.518753ms
Round took 5.284471ms
Round took 4.282116ms
Round took 5.572389ms
Round took 4.645237ms
Round took 5.16789ms
Round took 5.799143ms
Round took 4.91643ms
Round took 4.831744ms
Round took 4.994875ms
Round took 4.913399ms
Round took 5.774417ms
Round took 5.316949ms
Round took 5.57768ms
Round took 3.687798ms
Round took 5.202476ms
Round took 4.73081ms
Round took 6.410933ms
Round took 4.507915ms
Round took 4.344021ms
Round took 5.209134ms
Round took 5.433807ms
Round took 5.180219ms
Round took 4.95345ms
Round took 4.989567ms
Round took 6.19673ms
Round took 6.187589ms
Round took 4.973928ms
Round took 5.395607ms
Round took 4.783278ms
Round took 5.409457ms
Round took 4.537928ms
Round took 6.168004ms
Round took 4.955632ms
Round took 5.006904ms
Round took 4.58119ms
Round took 5.829405ms
Round took 4.289166ms
Round took 5.257037ms
Round took 5.102423ms
Round took 4.686702ms
Round took 5.945448ms
Round took 4.691722ms
Round took 5.986834ms
Round took 4.046966ms
Round took 5.048646ms
Round took 4.848103ms
Round took 5.565653ms
Round took 5.235023ms
Round took 4.440546ms
Round took 5.827416ms
Round took 4.688466ms
Round took 5.065639ms
Round took 4.703954ms
Round took 6.060125ms
Round took 5.126643ms
Round took 4.935061ms
Round took 5.954049ms
Round took 4.641039ms
Round took 5.155236ms
Round took 5.144167ms
Round took 5.777004ms
Round took 4.396229ms
Round took 4.872088ms
Round took 5.928383ms
Round took 4.07658ms
Round took 4.887537ms
Round took 5.847948ms
Round took 5.721475ms
Round took 7.108815ms
Round took 4.4155ms
Round took 5.088846ms
Round took 5.264744ms
Round took 5.129768ms
Round took 4.906572ms
Round took 5.349264ms
Round took 6.922002ms
Round took 4.404725ms
Round took 4.531231ms
Round took 3.927604ms
Round took 5.734635ms
Round took 5.134308ms
Round took 5.975405ms
Round took 4.925104ms
Round took 5.736387ms
Round took 3.911373ms
Round took 7.352568ms
Round took 4.661635ms
Round took 4.889832ms
Round took 5.470019ms
Round took 4.575683ms
Round took 4.846852ms
Round took 5.135601ms
Round took 5.392925ms
Round took 4.629347ms
Round took 5.129566ms
Round took 6.083894ms
Round took 4.566065ms
Round took 4.649631ms
Round took 4.656373ms
Round took 5.667305ms
Round took 4.73673ms
Round took 4.984932ms
Round took 5.58617ms
Round took 6.597766ms
Round took 4.403581ms
Round took 5.492775ms
Round took 5.083992ms
Round took 5.141642ms
Round took 4.679504ms
Round took 3.556003ms
Round took 5.520282ms
Round took 4.238772ms
Round took 5.652173ms
Round took 4.834493ms
Round took 7.278665ms
Round took 6.06913ms
Round took 4.779171ms
Round took 4.590418ms
Round took 4.771525ms
Round took 4.182343ms
Round took 3.577824ms
Round took 5.838136ms
Round took 5.247833ms
Round took 4.735852ms
Round took 5.17256ms
Round took 6.525558ms
Round took 6.388881ms
Round took 5.354613ms
Round took 4.704065ms
Round took 5.647585ms
Round took 4.273403ms
Round took 5.098701ms
Round took 5.557692ms
Round took 4.993577ms
Round took 5.032361ms
Round took 4.928173ms
Round took 4.977848ms
Round took 5.064288ms
Round took 5.153018ms
Round took 5.835687ms
Round took 4.15543ms
Round took 5.541472ms
Round took 4.867251ms
Round took 5.193007ms
Round took 5.186229ms
Round took 4.725448ms
Round took 5.111345ms
Round took 5.377696ms
Round took 4.860338ms
Round took 4.562361ms
Round took 6.026492ms
Round took 4.360231ms
Round took 5.33724ms
Round took 5.00305ms
Round took 5.246592ms
Round took 5.251571ms
Round took 4.751146ms
Round took 5.38107ms
Round took 5.178975ms
Round took 5.106455ms
Round took 5.075199ms
Round took 5.01511ms
Round took 6.735902ms
Round took 5.558021ms
Round took 5.884024ms
Round took 7.119352ms
Round took 5.695563ms
Round took 4.997366ms
Test took 5.216876927s
Successful: 10000
