Uniform distribution
2021/04/16 21:40:47 The leader is replica 0
Round took 6.688335ms
Round took 6.891012ms
Round took 6.271431ms
Round took 4.020171ms
Round took 5.616923ms
Round took 5.380055ms
Round took 5.89339ms
Round took 6.633789ms
Round took 4.410461ms
Round took 3.568522ms
Round took 4.961807ms
Round took 5.592206ms
Round took 4.907921ms
Round took 5.476355ms
Round took 4.947032ms
Round took 5.462101ms
Round took 4.800976ms
Round took 4.957532ms
Round took 5.257493ms
Round took 5.035393ms
Round took 5.694135ms
Round took 5.250668ms
Round took 4.474385ms
Round took 4.366051ms
Round took 5.462968ms
Round took 4.958137ms
Round took 5.454842ms
Round took 5.611035ms
Round took 4.342468ms
Round took 5.994161ms
Round took 3.667571ms
Round took 5.383367ms
Round took 4.263218ms
Round took 4.930648ms
Round took 6.696565ms
Round took 6.823821ms
Round took 7.928287ms
Round took 6.721017ms
Round took 3.889588ms
Round took 4.049975ms
Round took 6.966881ms
Round took 6.30447ms
Round took 5.990551ms
Round took 4.531969ms
Round took 5.721594ms
Round took 4.551621ms
Round took 5.103677ms
Round took 4.716944ms
Round took 7.80379ms
Round took 4.72551ms
Round took 5.23242ms
Round took 4.720515ms
Round took 3.6188ms
Round took 3.866159ms
Round took 5.731778ms
Round took 5.728158ms
Round took 4.837155ms
Round took 4.956667ms
Round took 5.16979ms
Round took 4.845994ms
Round took 5.061206ms
Round took 4.026415ms
Round took 5.412238ms
Round took 6.491462ms
Round took 5.905067ms
Round took 4.899519ms
Round took 4.148204ms
Round took 4.983997ms
Round took 5.216032ms
Round took 5.115309ms
Round took 5.312029ms
Round took 5.112424ms
Round took 5.149411ms
Round took 4.610371ms
Round took 4.761387ms
Round took 4.993003ms
Round took 6.147855ms
Round took 4.196583ms
Round took 4.795141ms
Round took 4.957716ms
Round took 5.326131ms
Round took 5.688808ms
Round took 4.201792ms
Round took 5.189006ms
Round took 5.183749ms
Round took 4.912586ms
Round took 5.052124ms
Round took 4.779205ms
Round took 5.596166ms
Round took 4.657764ms
Round took 5.076386ms
Round took 5.768146ms
Round took 4.709832ms
Round took 5.269797ms
Round took 4.974139ms
Round took 5.379873ms
Round took 5.363668ms
Round took 4.588434ms
Round took 5.750507ms
Round took 4.589873ms
Round took 4.935986ms
Round took 4.936578ms
Round took 5.433775ms
Round took 5.587466ms
Round took 5.194682ms
Round took 4.925851ms
Round took 5.027131ms
Round took 6.828044ms
Round took 5.010138ms
Round took 4.910672ms
Round took 4.852176ms
Round took 5.270473ms
Round took 5.128042ms
Round took 4.94168ms
Round took 5.219683ms
Round took 5.202641ms
Round took 4.64605ms
Round took 5.262775ms
Round took 5.494202ms
Round took 4.558524ms
Round took 4.812105ms
Round took 4.948414ms
Round took 5.319397ms
Round took 5.322635ms
Round took 4.429685ms
Round took 5.132831ms
Round took 5.509687ms
Round took 4.945933ms
Round took 4.860955ms
Round took 5.846518ms
Round took 4.598468ms
Round took 4.513819ms
Round took 5.252479ms
Round took 5.301627ms
Round took 4.843662ms
Round took 4.95185ms
Round took 5.313345ms
Round took 5.532407ms
Round took 5.108387ms
Round took 4.780812ms
Round took 5.847805ms
Round took 5.066933ms
Round took 6.540473ms
Round took 5.145203ms
Round took 5.026086ms
Round took 4.773269ms
Round took 3.776034ms
Round took 4.045321ms
Round took 5.913079ms
Round took 5.542847ms
Round took 5.593251ms
Round took 4.789606ms
Round took 4.025954ms
Round took 5.234381ms
Round took 4.594713ms
Round took 5.46768ms
Round took 5.066386ms
Round took 4.571061ms
Round took 5.198371ms
Round took 5.083238ms
Round took 5.454147ms
Round took 4.477928ms
Round took 5.042197ms
Round took 5.068065ms
Round took 5.084836ms
Round took 4.956041ms
Round took 5.634181ms
Round took 5.230365ms
Round took 4.434727ms
Round took 5.100216ms
Round took 5.592338ms
Round took 4.472165ms
Round took 5.544637ms
Round took 4.655939ms
Round took 5.289332ms
Round took 4.936231ms
Round took 5.322821ms
Round took 5.327875ms
Round took 5.025151ms
Round took 4.669662ms
Round took 5.171294ms
Round took 5.898833ms
Round took 4.369968ms
Round took 4.764665ms
Round took 5.238701ms
Round took 5.258901ms
Round took 5.039585ms
Round took 5.020107ms
Round took 5.677333ms
Round took 5.100969ms
Round took 4.912466ms
Round took 4.644956ms
Round took 6.033159ms
Round took 4.789404ms
Round took 5.097383ms
Round took 5.339993ms
Round took 4.911908ms
Round took 4.952456ms
Round took 5.353221ms
Round took 5.073316ms
Round took 4.580153ms
Round took 4.746025ms
Round took 5.722546ms
Round took 4.912722ms
Round took 4.342431ms
Round took 5.530045ms
Round took 4.751466ms
Round took 5.252499ms
Round took 4.621318ms
Round took 4.903676ms
Round took 5.702777ms
Round took 5.429275ms
Round took 4.719407ms
Round took 5.697853ms
Round took 4.999326ms
Round took 4.396701ms
Round took 4.638151ms
Round took 5.642687ms
Round took 5.185184ms
Round took 4.978022ms
Round took 4.59868ms
Round took 5.674123ms
Round took 4.880805ms
Round took 4.914563ms
Round took 4.98034ms
Round took 5.626691ms
Round took 4.325232ms
Round took 5.368096ms
Round took 5.679424ms
Round took 4.739829ms
Round took 4.583455ms
Round took 4.813894ms
Round took 6.298509ms
Round took 3.986866ms
Round took 5.215782ms
Round took 4.881064ms
Round took 5.369773ms
Round took 4.858996ms
Round took 4.874067ms
Round took 5.920809ms
Round took 4.639329ms
Round took 5.120739ms
Round took 4.815171ms
Round took 5.340802ms
Round took 4.923131ms
Round took 5.043347ms
Round took 5.042307ms
Round took 5.079493ms
Round took 5.276939ms
Round took 4.981456ms
Round took 5.32861ms
Round took 4.534791ms
Round took 5.381149ms
Round took 4.827104ms
Round took 5.260813ms
Round took 5.960394ms
Round took 6.378305ms
Round took 4.807487ms
Round took 3.971172ms
Round took 4.181691ms
Round took 4.861622ms
Round took 5.630689ms
Round took 4.778088ms
Round took 4.778915ms
Round took 5.035645ms
Round took 5.614632ms
Round took 4.546364ms
Round took 4.978871ms
Round took 5.124858ms
Round took 5.317047ms
Round took 4.915453ms
Round took 5.415475ms
Round took 4.730111ms
Round took 5.249176ms
Round took 5.505967ms
Round took 6.072467ms
Round took 4.111285ms
Round took 4.598869ms
Round took 4.988077ms
Round took 5.055906ms
Round took 5.457625ms
Round took 4.999683ms
Round took 5.144044ms
Round took 5.157463ms
Round took 4.623118ms
Round took 5.178145ms
Round took 5.031733ms
Round took 5.106881ms
Round took 5.373045ms
Round took 4.696148ms
Round took 5.063405ms
Round took 5.125494ms
Round took 5.053115ms
Round took 5.456471ms
Round took 4.691037ms
Round took 5.103694ms
Round took 4.914721ms
Round took 4.768606ms
Round took 5.690592ms
Round took 4.85225ms
Round took 4.718047ms
Round took 5.153674ms
Round took 5.415184ms
Round took 4.981967ms
Round took 5.522619ms
Round took 5.11357ms
Round took 5.128689ms
Round took 5.163368ms
Round took 4.79415ms
Round took 5.122514ms
Round took 5.72739ms
Round took 5.162596ms
Round took 5.268808ms
Round took 5.18526ms
Round took 5.191521ms
Round took 4.647438ms
Round took 5.184261ms
Round took 4.56329ms
Round took 5.480186ms
Round took 5.296979ms
Round took 5.673478ms
Round took 4.400504ms
Round took 5.68387ms
Round took 4.782027ms
Round took 4.505112ms
Round took 5.420968ms
Round took 5.267492ms
Round took 4.539935ms
Round took 4.954427ms
Round took 5.463278ms
Round took 5.476082ms
Round took 5.537064ms
Round took 4.474082ms
Round took 4.824304ms
Round took 5.297953ms
Round took 5.497451ms
Round took 5.117703ms
Round took 5.334568ms
Round took 4.846825ms
Round took 5.136528ms
Round took 5.757462ms
Round took 4.642973ms
Round took 4.631632ms
Round took 5.250544ms
Round took 4.830981ms
Round took 5.58973ms
Round took 4.753696ms
Round took 5.741539ms
Round took 4.597299ms
Round took 5.6142ms
Round took 4.489224ms
Round took 5.108316ms
Round took 5.701054ms
Round took 4.627059ms
Round took 5.895402ms
Round took 3.674263ms
Round took 5.825442ms
Round took 5.206327ms
Round took 5.331421ms
Round took 5.123821ms
Round took 4.745083ms
Round took 4.979611ms
Round took 5.032921ms
Round took 5.397863ms
Round took 3.934643ms
Round took 4.982665ms
Round took 5.768782ms
Round took 4.531821ms
Round took 4.963961ms
Round took 5.193103ms
Round took 5.240963ms
Round took 5.75839ms
Round took 4.136438ms
Round took 6.119735ms
Round took 3.990785ms
Round took 4.80281ms
Round took 5.499559ms
Round took 4.668692ms
Round took 6.236635ms
Round took 4.729715ms
Round took 5.768667ms
Round took 3.734987ms
Round took 5.554967ms
Round took 4.993173ms
Round took 5.646674ms
Round took 5.244405ms
Round took 4.411357ms
Round took 4.880428ms
Round took 5.291558ms
Round took 4.805625ms
Round took 5.304435ms
Round took 4.833205ms
Round took 5.907727ms
Round took 3.940108ms
Round took 5.178006ms
Round took 6.123116ms
Round took 5.400014ms
Round took 4.435797ms
Round took 4.541509ms
Round took 5.81836ms
Round took 4.042345ms
Round took 5.31162ms
Round took 6.374988ms
Round took 3.925867ms
Round took 7.457843ms
Round took 5.193766ms
Round took 4.620212ms
Round took 3.504608ms
Round took 18.155654ms
Round took 4.921737ms
Round took 4.811033ms
Round took 4.828875ms
Round took 5.912517ms
Round took 5.945939ms
Round took 4.807759ms
Round took 5.569342ms
Round took 3.971124ms
Round took 4.777479ms
Round took 6.121488ms
Round took 5.587592ms
Round took 5.414823ms
Round took 4.268903ms
Round took 3.478954ms
Round took 6.248441ms
Round took 4.974863ms
Round took 5.172638ms
Round took 4.979202ms
Round took 5.899228ms
Round took 5.059477ms
Round took 5.36185ms
Round took 5.151885ms
Round took 4.419605ms
Round took 5.310038ms
Round took 5.558434ms
Round took 4.58142ms
Round took 4.464236ms
Round took 5.095999ms
Round took 5.683248ms
Round took 4.35242ms
Round took 5.487895ms
Round took 4.757498ms
Round took 5.771074ms
Round took 4.465757ms
Round took 5.074549ms
Round took 6.087369ms
Round took 4.362972ms
Round took 5.272443ms
Round took 4.656541ms
Round took 5.295911ms
Round took 5.659346ms
Round took 4.570517ms
Round took 5.382361ms
Round took 4.200762ms
Round took 7.249003ms
Round took 4.567982ms
Round took 4.564167ms
Round took 4.200466ms
Round took 4.919422ms
Round took 4.964456ms
Round took 5.305442ms
Round took 5.81152ms
Round took 4.470157ms
Round took 5.634679ms
Round took 4.002151ms
Round took 4.773069ms
Round took 4.60763ms
Round took 5.270314ms
Round took 5.80652ms
Round took 4.910492ms
Round took 4.820258ms
Round took 4.500376ms
Round took 5.514861ms
Round took 5.270907ms
Round took 4.971708ms
Round took 6.013463ms
Round took 4.245026ms
Round took 4.676313ms
Round took 5.494197ms
Round took 5.031804ms
Round took 5.205485ms
Round took 4.963921ms
Round took 4.926433ms
Round took 5.111743ms
Round took 5.075619ms
Round took 6.115776ms
Round took 4.644559ms
Round took 5.207414ms
Round took 4.870886ms
Round took 5.521898ms
Round took 4.522857ms
Round took 5.717586ms
Round took 3.867317ms
Round took 5.798094ms
Round took 4.528886ms
Round took 5.624947ms
Round took 4.25442ms
Round took 4.524094ms
Round took 5.956591ms
Round took 4.807088ms
Round took 4.827901ms
Round took 5.679105ms
Round took 4.737857ms
Round took 4.641362ms
Round took 5.131688ms
Round took 5.285139ms
Round took 5.271385ms
Round took 4.964346ms
Round took 4.450046ms
Round took 5.267371ms
Round took 5.40139ms
Round took 5.129092ms
Round took 5.358898ms
Round took 4.807983ms
Round took 4.775271ms
Round took 5.428146ms
Round took 4.630941ms
Round took 5.514115ms
Round took 4.964964ms
Round took 4.48692ms
Round took 6.012385ms
Round took 4.030779ms
Round took 4.913897ms
Round took 4.521038ms
Round took 5.689158ms
Round took 5.001904ms
Round took 4.734454ms
Round took 5.29839ms
Round took 4.869993ms
Round took 5.964243ms
Round took 4.804926ms
Round took 6.030479ms
Round took 4.838489ms
Round took 4.477437ms
Round took 4.580757ms
Round took 5.137178ms
Round took 5.082814ms
Round took 4.664005ms
Round took 5.061943ms
Round took 5.903055ms
Round took 4.972756ms
Round took 5.095174ms
Round took 5.11811ms
Round took 5.522145ms
Round took 4.360432ms
Round took 4.983267ms
Round took 5.865699ms
Round took 4.187677ms
Round took 5.129249ms
Round took 5.490096ms
Round took 5.184278ms
Round took 4.570152ms
Round took 5.365715ms
Round took 5.019117ms
Round took 5.31957ms
Round took 4.616494ms
Round took 6.510222ms
Round took 3.746083ms
Round took 6.073902ms
Round took 4.933809ms
Round took 5.04035ms
Round took 5.006427ms
Round took 5.136851ms
Round took 5.30385ms
Round took 5.068393ms
Round took 4.629297ms
Round took 4.743324ms
Round took 5.654308ms
Round took 4.080425ms
Round took 5.738458ms
Round took 5.28113ms
Round took 5.320572ms
Round took 5.037747ms
Round took 4.521472ms
Round took 5.169467ms
Round took 4.939701ms
Round took 4.605585ms
Round took 5.537646ms
Round took 5.294204ms
Round took 5.097116ms
Round took 5.385834ms
Round took 4.504958ms
Round took 5.271581ms
Round took 4.725325ms
Round took 5.662741ms
Round took 5.406011ms
Round took 5.00709ms
Round took 4.273055ms
Round took 5.031424ms
Round took 5.796088ms
Round took 3.984163ms
Round took 5.336842ms
Round took 5.373174ms
Round took 4.37497ms
Round took 5.539597ms
Round took 5.260098ms
Round took 4.681873ms
Round took 5.595708ms
Round took 5.263371ms
Round took 4.418362ms
Round took 5.211064ms
Round took 5.075211ms
Round took 6.106603ms
Round took 3.865036ms
Round took 5.513002ms
Round took 5.938683ms
Round took 4.362102ms
Round took 5.635096ms
Round took 4.176965ms
Round took 5.232736ms
Round took 4.864652ms
Round took 4.968903ms
Round took 5.770562ms
Round took 4.510243ms
Round took 5.52049ms
Round took 4.084995ms
Round took 5.295108ms
Round took 5.452389ms
Round took 4.580821ms
Round took 5.689155ms
Round took 4.409947ms
Round took 5.466247ms
Round took 5.021576ms
Round took 6.233296ms
Round took 4.90574ms
Round took 4.115914ms
Round took 5.643646ms
Round took 4.452948ms
Round took 5.196669ms
Round took 4.720568ms
Round took 6.003538ms
Round took 4.386523ms
Round took 4.523277ms
Round took 4.923571ms
Round took 5.460715ms
Round took 4.752811ms
Round took 4.989008ms
Round took 5.268803ms
Round took 5.328067ms
Round took 5.049505ms
Round took 4.637059ms
Round took 4.482493ms
Round took 5.265383ms
Round took 4.768667ms
Round took 4.925659ms
Round took 4.892016ms
Round took 5.73111ms
Round took 4.702787ms
Round took 4.962385ms
Round took 4.928797ms
Round took 6.067545ms
Round took 4.534896ms
Round took 4.834652ms
Round took 5.012911ms
Round took 5.286426ms
Round took 4.646982ms
Round took 5.147246ms
Round took 6.283967ms
Round took 4.188018ms
Round took 4.950805ms
Round took 4.773737ms
Round took 5.03778ms
Round took 5.263612ms
Round took 4.965171ms
Round took 5.951237ms
Round took 4.565418ms
Round took 4.589965ms
Round took 4.743416ms
Round took 5.370462ms
Round took 4.8091ms
Round took 5.021921ms
Round took 5.012018ms
Round took 5.788799ms
Round took 4.479807ms
Round took 5.197677ms
Round took 4.752674ms
Round took 6.654487ms
Round took 5.155921ms
Round took 4.241987ms
Round took 5.836394ms
Round took 4.905926ms
Round took 4.53491ms
Round took 4.923094ms
Round took 5.641219ms
Round took 4.499301ms
Round took 5.33076ms
Round took 4.724351ms
Round took 5.456288ms
Round took 4.934105ms
Round took 5.147503ms
Round took 6.145733ms
Round took 3.983525ms
Round took 5.116861ms
Round took 4.92135ms
Round took 5.335609ms
Round took 5.630937ms
Round took 4.969753ms
Round took 5.660113ms
Round took 5.427368ms
Round took 4.225499ms
Round took 4.757678ms
Round took 5.598046ms
Round took 5.019896ms
Round took 4.9122ms
Round took 5.941141ms
Round took 5.960929ms
Round took 5.068453ms
Round took 5.190302ms
Round took 4.743015ms
Round took 4.288146ms
Round took 4.775497ms
Round took 4.296968ms
Round took 5.289674ms
Round took 4.850004ms
Round took 5.114642ms
Round took 5.700881ms
Round took 5.038101ms
Round took 5.112509ms
Round took 4.57601ms
Round took 5.655972ms
Round took 4.589588ms
Round took 4.800722ms
Round took 5.38915ms
Round took 5.314691ms
Round took 4.776931ms
Round took 4.429156ms
Round took 4.893584ms
Round took 5.538718ms
Round took 5.178484ms
Round took 4.466202ms
Round took 5.332931ms
Round took 5.631811ms
Round took 4.301028ms
Round took 5.486802ms
Round took 5.615327ms
Round took 5.625878ms
Round took 4.746617ms
Round took 5.208045ms
Round took 4.810997ms
Round took 4.886737ms
Round took 5.104683ms
Round took 5.565316ms
Round took 4.77522ms
Round took 4.817044ms
Round took 4.734268ms
Round took 5.766662ms
Round took 5.931355ms
Round took 4.89012ms
Round took 4.941571ms
Round took 5.296519ms
Round took 4.3338ms
Round took 5.605972ms
Round took 4.27546ms
Round took 8.043425ms
Round took 4.258672ms
Round took 4.772037ms
Round took 4.315074ms
Round took 3.865544ms
Round took 5.300633ms
Round took 5.201235ms
Round took 6.592432ms
Round took 5.093447ms
Round took 4.768585ms
Round took 4.378459ms
Round took 3.499416ms
Round took 5.526296ms
Round took 4.790516ms
Round took 5.579169ms
Round took 5.259413ms
Round took 4.571586ms
Round took 6.088082ms
Round took 3.761998ms
Round took 5.462436ms
Round took 4.999118ms
Round took 5.315245ms
Round took 5.566754ms
Round took 4.296319ms
Round took 5.884294ms
Round took 5.864018ms
Round took 4.321498ms
Round took 4.690277ms
Round took 5.56835ms
Round took 5.240835ms
Round took 4.607665ms
Round took 5.886473ms
Round took 3.643247ms
Round took 6.207278ms
Round took 4.456232ms
Round took 5.149453ms
Round took 5.607955ms
Round took 4.614557ms
Round took 5.792556ms
Round took 3.898213ms
Round took 5.235106ms
Round took 4.842011ms
Round took 5.072182ms
Round took 5.869138ms
Round took 4.971406ms
Round took 4.761773ms
Round took 5.248724ms
Round took 4.602301ms
Round took 5.546969ms
Round took 5.365256ms
Round took 5.514732ms
Round took 3.73579ms
Round took 5.587069ms
Round took 4.744671ms
Round took 6.440998ms
Round took 4.531294ms
Round took 4.297944ms
Round took 5.698616ms
Round took 4.566086ms
Round took 4.6631ms
Round took 4.674804ms
Round took 4.933241ms
Round took 5.721832ms
Round took 4.272694ms
Round took 5.211073ms
Round took 5.552712ms
Round took 5.142337ms
Round took 4.868918ms
Round took 6.126044ms
Round took 4.163827ms
Round took 5.392863ms
Round took 4.935356ms
Round took 5.876699ms
Round took 4.203333ms
Round took 5.88973ms
Round took 4.361576ms
Round took 5.578583ms
Round took 4.62578ms
Round took 4.307455ms
Round took 6.611819ms
Round took 3.836202ms
Round took 6.017843ms
Round took 4.077469ms
Round took 5.692524ms
Round took 4.52748ms
Round took 5.536729ms
Round took 5.731865ms
Round took 4.445179ms
Round took 5.410382ms
Round took 4.437618ms
Round took 6.013713ms
Round took 6.112655ms
Round took 5.044254ms
Round took 5.000596ms
Round took 5.178008ms
Round took 5.078721ms
Round took 5.133186ms
Round took 5.14938ms
Round took 4.889772ms
Round took 5.658561ms
Round took 5.038793ms
Round took 4.875333ms
Round took 4.866933ms
Round took 6.101744ms
Round took 4.210424ms
Round took 4.933067ms
Round took 5.691616ms
Round took 5.27359ms
Round took 4.435866ms
Round took 5.101334ms
Round took 5.316724ms
Round took 5.116153ms
Round took 4.932853ms
Round took 6.047748ms
Round took 6.25373ms
Round took 4.425023ms
Round took 4.531832ms
Round took 3.925398ms
Round took 5.262644ms
Round took 4.897407ms
Round took 5.599721ms
Round took 5.046707ms
Round took 5.709253ms
Round took 4.254418ms
Round took 6.529885ms
Round took 4.429354ms
Round took 4.920308ms
Round took 5.025996ms
Round took 5.149679ms
Round took 4.937253ms
Round took 5.16404ms
Round took 5.403514ms
Round took 4.709514ms
Round took 4.851777ms
Round took 5.034069ms
Round took 5.569744ms
Round took 4.498183ms
Round took 4.777412ms
Round took 5.48731ms
Round took 4.957215ms
Round took 5.036516ms
Round took 5.061118ms
Round took 4.95514ms
Round took 6.605547ms
Round took 5.006207ms
Round took 5.148296ms
Round took 5.149911ms
Round took 4.836019ms
Round took 3.79214ms
Round took 5.274881ms
Round took 5.34337ms
Round took 5.652607ms
Round took 4.394049ms
Round took 6.899998ms
Round took 6.504729ms
Round took 4.294779ms
Round took 4.768846ms
Round took 4.679454ms
Round took 4.71235ms
Round took 3.545774ms
Round took 5.297394ms
Round took 5.498242ms
Round took 4.687008ms
Round took 4.974796ms
Round took 5.135639ms
Round took 5.024724ms
Round took 5.894639ms
Round took 6.03753ms
Round took 4.183942ms
Round took 5.203446ms
Round took 4.610885ms
Round took 5.326231ms
Round took 5.544429ms
Round took 4.305698ms
Round took 4.997757ms
Round took 5.260658ms
Round took 4.437768ms
Round took 5.172043ms
Round took 5.191966ms
Round took 5.798154ms
Round took 4.297238ms
Round took 5.416619ms
Round took 4.703637ms
Round took 5.173845ms
Round took 5.071951ms
Round took 4.713312ms
Round took 6.025541ms
Round took 4.56685ms
Round took 4.595063ms
Round took 4.558533ms
Round took 6.013301ms
Round took 4.290363ms
Round took 5.46493ms
Round took 4.939782ms
Round took 5.371126ms
Round took 5.155528ms
Round took 4.676523ms
Round took 6.12791ms
Round took 4.839471ms
Round took 5.291641ms
Round took 5.285481ms
Round took 4.697634ms
Round took 4.742047ms
Round took 4.772231ms
Round took 5.47238ms
Round took 5.317704ms
Round took 4.927779ms
Round took 4.7383ms
Round took 4.375213ms
Round took 6.172745ms
Round took 4.891013ms
Round took 6.099351ms
Round took 5.545265ms
Round took 4.174723ms
Round took 4.4859ms
Round took 5.516888ms
Round took 4.975197ms
Round took 4.738891ms
Round took 5.166252ms
Round took 6.410553ms
Round took 4.361587ms
Round took 5.080014ms
Round took 4.962284ms
Round took 4.935611ms
Round took 5.244351ms
Round took 4.779637ms
Round took 5.703327ms
Round took 4.627625ms
Round took 5.479986ms
Round took 5.187283ms
Round took 4.438442ms
Round took 5.126727ms
Round took 5.158055ms
Round took 5.786127ms
Round took 4.520036ms
Round took 5.10931ms
Round took 5.287642ms
Round took 4.633602ms
Round took 5.250635ms
Round took 5.163401ms
Round took 6.517218ms
Round took 3.43612ms
Round took 5.185346ms
Round took 5.084457ms
Round took 5.659619ms
Round took 5.414682ms
Round took 3.508945ms
Round took 5.340468ms
Test took 5.125485327s
Successful: 10000
