Uniform distribution
2021/04/16 21:40:47 The leader is replica 0
Round took 7.983909ms
Round took 6.493539ms
Round took 6.622257ms
Round took 7.017306ms
Round took 6.327255ms
Round took 3.973037ms
Round took 5.692995ms
Round took 5.41398ms
Round took 6.036423ms
Round took 6.492074ms
Round took 4.444936ms
Round took 3.691493ms
Round took 4.967202ms
Round took 5.174364ms
Round took 5.342127ms
Round took 5.530553ms
Round took 5.010996ms
Round took 5.397004ms
Round took 4.823874ms
Round took 4.966337ms
Round took 5.346111ms
Round took 5.081439ms
Round took 5.639007ms
Round took 4.732426ms
Round took 5.044653ms
Round took 4.370704ms
Round took 5.458348ms
Round took 4.925967ms
Round took 5.46021ms
Round took 5.599573ms
Round took 4.354371ms
Round took 6.030171ms
Round took 3.614993ms
Round took 5.459607ms
Round took 4.277195ms
Round took 4.941107ms
Round took 6.599649ms
Round took 6.769197ms
Round took 8.029107ms
Round took 6.18417ms
Round took 4.224035ms
Round took 4.060343ms
Round took 6.941162ms
Round took 5.965751ms
Round took 6.119944ms
Round took 4.576972ms
Round took 5.839451ms
Round took 4.450302ms
Round took 5.138261ms
Round took 4.071465ms
Round took 6.756005ms
Round took 5.346797ms
Round took 5.460487ms
Round took 5.131741ms
Round took 3.579974ms
Round took 3.849007ms
Round took 5.809091ms
Round took 5.75549ms
Round took 5.093546ms
Round took 4.977743ms
Round took 4.675952ms
Round took 5.570271ms
Round took 5.104472ms
Round took 4.016872ms
Round took 5.369351ms
Round took 6.487919ms
Round took 5.962645ms
Round took 4.926699ms
Round took 4.092136ms
Round took 5.03387ms
Round took 5.190749ms
Round took 5.200358ms
Round took 5.294931ms
Round took 5.022157ms
Round took 4.674687ms
Round took 5.087477ms
Round took 4.75868ms
Round took 4.995559ms
Round took 6.162803ms
Round took 4.21001ms
Round took 4.789891ms
Round took 4.93584ms
Round took 4.878728ms
Round took 6.060821ms
Round took 4.178491ms
Round took 5.269628ms
Round took 5.115463ms
Round took 4.910608ms
Round took 5.054722ms
Round took 4.662115ms
Round took 5.5861ms
Round took 4.835753ms
Round took 4.821294ms
Round took 5.018509ms
Round took 5.488923ms
Round took 5.151884ms
Round took 5.028944ms
Round took 5.430919ms
Round took 5.36794ms
Round took 4.59559ms
Round took 5.007877ms
Round took 5.271575ms
Round took 4.93921ms
Round took 4.946702ms
Round took 5.501974ms
Round took 5.539581ms
Round took 5.186362ms
Round took 4.485166ms
Round took 4.15084ms
Round took 5.175285ms
Round took 5.571505ms
Round took 5.007229ms
Round took 6.15765ms
Round took 4.074977ms
Round took 5.119963ms
Round took 5.497152ms
Round took 5.092873ms
Round took 4.852718ms
Round took 5.085419ms
Round took 5.365783ms
Round took 4.803189ms
Round took 5.007052ms
Round took 4.508817ms
Round took 5.248271ms
Round took 5.339048ms
Round took 4.966017ms
Round took 5.750254ms
Round took 3.974874ms
Round took 5.467681ms
Round took 5.461759ms
Round took 5.401115ms
Round took 4.885206ms
Round took 5.572971ms
Round took 4.815169ms
Round took 4.034551ms
Round took 5.331079ms
Round took 5.174074ms
Round took 4.688527ms
Round took 5.317976ms
Round took 5.669146ms
Round took 4.281868ms
Round took 5.913084ms
Round took 3.808863ms
Round took 6.115562ms
Round took 6.591793ms
Round took 5.840277ms
Round took 5.108766ms
Round took 5.207898ms
Round took 3.805674ms
Round took 3.64623ms
Round took 5.012518ms
Round took 4.842781ms
Round took 6.590264ms
Round took 4.828854ms
Round took 4.722869ms
Round took 3.848359ms
Round took 5.935066ms
Round took 4.976148ms
Round took 4.876973ms
Round took 5.633229ms
Round took 4.382109ms
Round took 4.578248ms
Round took 4.571255ms
Round took 5.984196ms
Round took 4.330105ms
Round took 5.018804ms
Round took 5.140539ms
Round took 5.886424ms
Round took 4.793933ms
Round took 5.044808ms
Round took 5.735697ms
Round took 4.535078ms
Round took 4.202425ms
Round took 5.548007ms
Round took 4.595401ms
Round took 5.548141ms
Round took 4.891234ms
Round took 4.06864ms
Round took 5.142824ms
Round took 5.509324ms
Round took 5.007844ms
Round took 5.046716ms
Round took 4.558901ms
Round took 5.471543ms
Round took 5.590298ms
Round took 4.307834ms
Round took 4.760633ms
Round took 5.358543ms
Round took 4.781357ms
Round took 4.816737ms
Round took 5.065491ms
Round took 5.693912ms
Round took 5.236515ms
Round took 4.882938ms
Round took 4.719124ms
Round took 5.958025ms
Round took 4.822602ms
Round took 5.593329ms
Round took 4.912967ms
Round took 5.079351ms
Round took 5.037135ms
Round took 5.367547ms
Round took 4.970667ms
Round took 4.840448ms
Round took 4.565103ms
Round took 5.758746ms
Round took 4.88175ms
Round took 4.708424ms
Round took 5.931448ms
Round took 4.499933ms
Round took 5.153789ms
Round took 4.711298ms
Round took 5.040705ms
Round took 5.444731ms
Round took 5.551043ms
Round took 5.002428ms
Round took 5.511881ms
Round took 5.037589ms
Round took 4.565406ms
Round took 4.843396ms
Round took 5.452074ms
Round took 5.379902ms
Round took 5.498134ms
Round took 4.430036ms
Round took 5.182965ms
Round took 4.988448ms
Round took 5.037255ms
Round took 5.000762ms
Round took 4.795135ms
Round took 4.51469ms
Round took 5.608747ms
Round took 4.750278ms
Round took 5.010862ms
Round took 5.11468ms
Round took 4.949226ms
Round took 6.122903ms
Round took 4.122559ms
Round took 5.721853ms
Round took 4.410725ms
Round took 5.267021ms
Round took 4.819194ms
Round took 5.03015ms
Round took 6.071386ms
Round took 4.560964ms
Round took 5.117609ms
Round took 5.49018ms
Round took 5.201728ms
Round took 4.801816ms
Round took 5.46503ms
Round took 5.487222ms
Round took 4.454556ms
Round took 5.619968ms
Round took 4.528723ms
Round took 5.227665ms
Round took 4.586308ms
Round took 5.895004ms
Round took 4.863091ms
Round took 3.945809ms
Round took 7.054707ms
Round took 5.699613ms
Round took 4.942024ms
Round took 4.512572ms
Round took 4.264452ms
Round took 4.893318ms
Round took 5.257074ms
Round took 4.719962ms
Round took 5.846836ms
Round took 4.424363ms
Round took 5.222772ms
Round took 4.5933ms
Round took 5.670979ms
Round took 4.489102ms
Round took 4.692828ms
Round took 5.030099ms
Round took 5.316293ms
Round took 5.340762ms
Round took 4.876691ms
Round took 6.611015ms
Round took 4.686553ms
Round took 4.181919ms
Round took 4.577168ms
Round took 5.006662ms
Round took 5.80711ms
Round took 4.609977ms
Round took 4.957981ms
Round took 5.388881ms
Round took 4.839202ms
Round took 4.743627ms
Round took 5.205004ms
Round took 5.915632ms
Round took 4.679367ms
Round took 5.393574ms
Round took 4.772511ms
Round took 5.055361ms
Round took 4.891839ms
Round took 5.021603ms
Round took 6.158261ms
Round took 4.224298ms
Round took 5.190563ms
Round took 5.904992ms
Round took 4.282518ms
Round took 4.961426ms
Round took 5.028001ms
Round took 5.07511ms
Round took 5.211278ms
Round took 5.249103ms
Round took 5.69582ms
Round took 5.045655ms
Round took 4.435506ms
Round took 5.243298ms
Round took 5.665419ms
Round took 4.359398ms
Round took 4.650508ms
Round took 6.917245ms
Round took 5.963816ms
Round took 5.307347ms
Round took 5.107357ms
Round took 4.76502ms
Round took 5.251508ms
Round took 4.849479ms
Round took 5.406548ms
Round took 4.679979ms
Round took 6.049453ms
Round took 4.394006ms
Round took 4.994964ms
Round took 4.98903ms
Round took 5.048804ms
Round took 5.386499ms
Round took 4.824946ms
Round took 4.899713ms
Round took 5.107115ms
Round took 5.364057ms
Round took 4.565967ms
Round took 5.228624ms
Round took 4.998914ms
Round took 4.974082ms
Round took 4.981732ms
Round took 5.740444ms
Round took 5.023476ms
Round took 5.439561ms
Round took 4.672921ms
Round took 5.1117ms
Round took 5.224879ms
Round took 5.021216ms
Round took 5.118567ms
Round took 5.016925ms
Round took 4.571319ms
Round took 5.131546ms
Round took 5.212093ms
Round took 5.085067ms
Round took 4.98918ms
Round took 5.812787ms
Round took 4.407868ms
Round took 4.816937ms
Round took 5.135549ms
Round took 5.189226ms
Round took 5.405183ms
Round took 4.429257ms
Round took 5.726863ms
Round took 5.387972ms
Round took 4.931954ms
Round took 4.631702ms
Round took 5.756829ms
Round took 4.673736ms
Round took 4.303884ms
Round took 5.533338ms
Round took 5.294682ms
Round took 4.957818ms
Round took 5.231324ms
Round took 5.119484ms
Round took 4.931674ms
Round took 5.135251ms
Round took 4.984235ms
Round took 5.988038ms
Round took 3.790761ms
Round took 5.753318ms
Round took 4.38913ms
Round took 5.117335ms
Round took 5.461055ms
Round took 4.576391ms
Round took 5.537429ms
Round took 4.812218ms
Round took 5.428616ms
Round took 4.274035ms
Round took 5.572111ms
Round took 5.069433ms
Round took 4.92034ms
Round took 4.998416ms
Round took 5.250786ms
Round took 4.796416ms
Round took 5.207073ms
Round took 5.528598ms
Round took 5.246811ms
Round took 4.82826ms
Round took 5.843758ms
Round took 4.029595ms
Round took 5.189751ms
Round took 5.424009ms
Round took 6.065413ms
Round took 4.599082ms
Round took 4.554027ms
Round took 5.10524ms
Round took 5.225103ms
Round took 5.237592ms
Round took 4.899817ms
Round took 4.967476ms
Round took 7.146666ms
Round took 5.388021ms
Round took 4.936024ms
Round took 3.611807ms
Round took 20.322971ms
Round took 3.547942ms
Round took 4.886716ms
Round took 4.845029ms
Round took 5.963087ms
Round took 6.118404ms
Round took 4.513082ms
Round took 5.639972ms
Round took 3.627989ms
Round took 4.860646ms
Round took 6.53496ms
Round took 5.477076ms
Round took 5.462337ms
Round took 4.030595ms
Round took 3.463306ms
Round took 6.300735ms
Round took 4.889323ms
Round took 5.196702ms
Round took 5.186996ms
Round took 4.743101ms
Round took 4.934857ms
Round took 5.013687ms
Round took 6.160269ms
Round took 4.368291ms
Round took 5.196768ms
Round took 5.585066ms
Round took 4.583735ms
Round took 4.482154ms
Round took 5.142497ms
Round took 5.650689ms
Round took 4.344387ms
Round took 5.50173ms
Round took 4.752587ms
Round took 5.714496ms
Round took 4.31674ms
Round took 5.193282ms
Round took 6.07615ms
Round took 4.579183ms
Round took 5.407498ms
Round took 4.686853ms
Round took 5.179844ms
Round took 5.781539ms
Round took 4.565716ms
Round took 5.368861ms
Round took 4.187469ms
Round took 7.375696ms
Round took 4.40563ms
Round took 4.467788ms
Round took 4.164867ms
Round took 4.920592ms
Round took 4.945409ms
Round took 5.37748ms
Round took 5.701837ms
Round took 4.486475ms
Round took 5.698399ms
Round took 4.030082ms
Round took 4.832709ms
Round took 4.648699ms
Round took 5.2618ms
Round took 5.801471ms
Round took 4.911062ms
Round took 4.874369ms
Round took 4.492724ms
Round took 5.255537ms
Round took 5.302988ms
Round took 4.932525ms
Round took 6.05742ms
Round took 4.29933ms
Round took 4.786555ms
Round took 5.490859ms
Round took 5.033843ms
Round took 5.186059ms
Round took 5.020774ms
Round took 5.859472ms
Round took 4.078986ms
Round took 5.082218ms
Round took 6.145226ms
Round took 4.618201ms
Round took 5.239952ms
Round took 4.890645ms
Round took 5.590631ms
Round took 4.508781ms
Round took 5.628469ms
Round took 3.887562ms
Round took 5.897958ms
Round took 4.497055ms
Round took 5.685817ms
Round took 4.151411ms
Round took 5.361832ms
Round took 5.101246ms
Round took 5.002482ms
Round took 4.789201ms
Round took 5.693428ms
Round took 4.799272ms
Round took 4.618033ms
Round took 5.150298ms
Round took 5.255652ms
Round took 5.207045ms
Round took 5.006204ms
Round took 4.423325ms
Round took 5.293062ms
Round took 5.410933ms
Round took 5.12438ms
Round took 5.243006ms
Round took 4.863178ms
Round took 4.772315ms
Round took 5.927303ms
Round took 4.128524ms
Round took 5.510519ms
Round took 4.898972ms
Round took 4.745355ms
Round took 6.110138ms
Round took 3.84418ms
Round took 4.934961ms
Round took 4.489242ms
Round took 5.433401ms
Round took 5.043401ms
Round took 4.739084ms
Round took 5.218616ms
Round took 4.892045ms
Round took 5.907495ms
Round took 4.8585ms
Round took 6.029995ms
Round took 4.845071ms
Round took 4.446935ms
Round took 4.621967ms
Round took 5.141344ms
Round took 5.046623ms
Round took 4.716043ms
Round took 4.992916ms
Round took 5.921455ms
Round took 4.943512ms
Round took 5.103464ms
Round took 5.065253ms
Round took 5.562191ms
Round took 4.343363ms
Round took 4.93537ms
Round took 5.884772ms
Round took 4.19016ms
Round took 5.110797ms
Round took 5.479778ms
Round took 5.222112ms
Round took 4.533015ms
Round took 5.438717ms
Round took 5.072993ms
Round took 4.988474ms
Round took 4.627059ms
Round took 6.479379ms
Round took 3.758376ms
Round took 6.077816ms
Round took 4.952235ms
Round took 5.071089ms
Round took 4.956596ms
Round took 5.15193ms
Round took 4.823806ms
Round took 5.569597ms
Round took 4.571229ms
Round took 4.46727ms
Round took 5.241929ms
Round took 4.613999ms
Round took 5.800605ms
Round took 5.271231ms
Round took 5.356469ms
Round took 5.149795ms
Round took 4.530067ms
Round took 5.096775ms
Round took 4.958543ms
Round took 4.609534ms
Round took 5.110912ms
Round took 4.955059ms
Round took 5.590578ms
Round took 5.491065ms
Round took 4.509181ms
Round took 5.419922ms
Round took 4.765257ms
Round took 5.667321ms
Round took 5.429791ms
Round took 5.000697ms
Round took 4.301268ms
Round took 5.123216ms
Round took 5.785286ms
Round took 3.968395ms
Round took 5.357681ms
Round took 5.363476ms
Round took 4.375681ms
Round took 5.468917ms
Round took 5.219123ms
Round took 4.665264ms
Round took 5.52749ms
Round took 5.290668ms
Round took 4.401361ms
Round took 5.158553ms
Round took 5.239359ms
Round took 6.162691ms
Round took 3.960863ms
Round took 5.536834ms
Round took 5.939979ms
Round took 4.403111ms
Round took 5.607649ms
Round took 4.148669ms
Round took 5.261808ms
Round took 4.835424ms
Round took 5.724608ms
Round took 5.106991ms
Round took 4.361705ms
Round took 5.514326ms
Round took 4.075793ms
Round took 5.300098ms
Round took 5.426758ms
Round took 4.612533ms
Round took 5.731273ms
Round took 4.405617ms
Round took 5.431724ms
Round took 5.018863ms
Round took 6.069894ms
Round took 4.922639ms
Round took 4.097052ms
Round took 5.707896ms
Round took 4.470255ms
Round took 5.206883ms
Round took 4.754985ms
Round took 5.958094ms
Round took 4.37101ms
Round took 4.526911ms
Round took 5.06747ms
Round took 5.453291ms
Round took 4.902305ms
Round took 5.030472ms
Round took 5.582807ms
Round took 5.045239ms
Round took 5.020833ms
Round took 4.596355ms
Round took 5.432492ms
Round took 4.882316ms
Round took 4.534365ms
Round took 4.994628ms
Round took 4.888852ms
Round took 5.724743ms
Round took 4.624669ms
Round took 5.069441ms
Round took 5.493557ms
Round took 5.546546ms
Round took 4.596838ms
Round took 4.813699ms
Round took 5.724401ms
Round took 4.883552ms
Round took 4.685167ms
Round took 5.61362ms
Round took 5.961315ms
Round took 4.139235ms
Round took 5.302643ms
Round took 4.504802ms
Round took 4.875209ms
Round took 4.613737ms
Round took 4.993695ms
Round took 5.988757ms
Round took 4.622178ms
Round took 4.711503ms
Round took 5.121709ms
Round took 5.334988ms
Round took 4.673748ms
Round took 5.074133ms
Round took 5.813584ms
Round took 5.301253ms
Round took 4.318649ms
Round took 5.080968ms
Round took 4.915135ms
Round took 6.310864ms
Round took 5.500119ms
Round took 4.468904ms
Round took 5.320247ms
Round took 4.888782ms
Round took 4.61372ms
Round took 4.986707ms
Round took 5.583935ms
Round took 3.93039ms
Round took 5.437835ms
Round took 4.871567ms
Round took 5.309546ms
Round took 4.882529ms
Round took 5.171848ms
Round took 6.059774ms
Round took 4.099682ms
Round took 5.163619ms
Round took 5.199066ms
Round took 4.44724ms
Round took 5.636888ms
Round took 4.962958ms
Round took 5.67727ms
Round took 5.407016ms
Round took 4.224666ms
Round took 4.714496ms
Round took 5.630597ms
Round took 5.085066ms
Round took 4.647975ms
Round took 5.943624ms
Round took 5.558423ms
Round took 4.782629ms
Round took 5.672021ms
Round took 4.762673ms
Round took 4.111422ms
Round took 4.855638ms
Round took 4.308308ms
Round took 5.356845ms
Round took 4.8478ms
Round took 5.152133ms
Round took 5.635274ms
Round took 5.016986ms
Round took 5.053864ms
Round took 4.635778ms
Round took 5.754766ms
Round took 4.456477ms
Round took 4.673408ms
Round took 4.357238ms
Round took 5.042086ms
Round took 5.826487ms
Round took 4.471116ms
Round took 5.018301ms
Round took 5.67128ms
Round took 5.220289ms
Round took 4.680029ms
Round took 5.011ms
Round took 5.892626ms
Round took 4.306988ms
Round took 5.518151ms
Round took 4.580848ms
Round took 5.617221ms
Round took 4.745531ms
Round took 4.962152ms
Round took 5.295561ms
Round took 4.823046ms
Round took 4.819861ms
Round took 5.35152ms
Round took 5.266583ms
Round took 4.755554ms
Round took 4.642121ms
Round took 5.080557ms
Round took 6.032247ms
Round took 4.05018ms
Round took 5.022183ms
Round took 5.13986ms
Round took 5.02883ms
Round took 5.178432ms
Round took 4.895703ms
Round took 5.953797ms
Round took 5.684116ms
Round took 4.71512ms
Round took 5.037296ms
Round took 4.868517ms
Round took 4.8195ms
Round took 4.260465ms
Round took 5.298284ms
Round took 5.874075ms
Round took 4.805047ms
Round took 4.767347ms
Round took 4.559016ms
Round took 5.441711ms
Round took 4.791868ms
Round took 5.038519ms
Round took 5.615002ms
Round took 4.595353ms
Round took 5.385042ms
Round took 4.448415ms
Round took 5.828485ms
Round took 4.91202ms
Round took 5.311284ms
Round took 5.302796ms
Round took 4.445871ms
Round took 5.303098ms
Round took 5.393471ms
Round took 5.613539ms
Round took 4.466993ms
Round took 5.303774ms
Round took 5.634132ms
Round took 4.556994ms
Round took 5.429532ms
Round took 4.304413ms
Round took 6.132317ms
Round took 4.49067ms
Round took 4.868666ms
Round took 4.912478ms
Round took 5.467258ms
Round took 5.28514ms
Round took 4.372044ms
Round took 5.359166ms
Round took 4.828065ms
Round took 4.974323ms
Round took 5.246912ms
Round took 5.497484ms
Round took 4.580868ms
Round took 5.073204ms
Round took 4.715869ms
Round took 6.335293ms
Round took 5.32722ms
Round took 5.718832ms
Round took 4.073505ms
Round took 5.074122ms
Round took 4.81354ms
Round took 6.318971ms
Round took 4.401472ms
Round took 4.35385ms
Round took 5.116802ms
Round took 5.212069ms
Round took 4.64439ms
Round took 5.030625ms
Round took 4.772438ms
Round took 5.721361ms
Round took 4.514076ms
Round took 4.945279ms
Round took 4.897096ms
Round took 5.45306ms
Round took 4.691031ms
Round took 5.546925ms
Round took 4.315254ms
Round took 5.998414ms
Round took 4.923175ms
Round took 5.058735ms
Round took 4.739511ms
Round took 5.763216ms
Round took 4.103581ms
Round took 5.244318ms
Round took 5.263234ms
Round took 4.716175ms
Round took 5.943618ms
Round took 4.696398ms
Round took 6.016527ms
Round took 4.059135ms
Round took 5.294131ms
Round took 4.86224ms
Round took 5.386965ms
Round took 5.391643ms
Round took 4.676036ms
Round took 5.424657ms
Round took 3.844549ms
Round took 5.049204ms
Round took 4.667605ms
Round took 5.206941ms
Round took 5.121369ms
Round took 5.011023ms
Round took 5.23986ms
Round took 5.138839ms
Round took 4.907975ms
Round took 4.433829ms
Round took 4.911289ms
Round took 5.435992ms
Round took 5.001078ms
Round took 4.865673ms
Round took 4.856793ms
Round took 6.023075ms
Round took 4.970096ms
Round took 4.875682ms
Round took 5.71909ms
Round took 5.363122ms
Round took 4.609185ms
Round took 5.385249ms
Round took 4.84613ms
Round took 4.896675ms
Round took 4.949715ms
Round took 6.286564ms
Round took 6.084366ms
Round took 4.7993ms
Round took 4.558701ms
Round took 3.147964ms
Round took 5.143286ms
Round took 4.64114ms
Round took 5.617685ms
Round took 5.073696ms
Round took 5.699353ms
Round took 4.218519ms
Round took 6.61284ms
Round took 4.454895ms
Round took 4.948578ms
Round took 5.62323ms
Round took 4.564942ms
Round took 4.903593ms
Round took 5.117262ms
Round took 5.397503ms
Round took 4.726307ms
Round took 5.075298ms
Round took 4.953182ms
Round took 5.598114ms
Round took 4.431664ms
Round took 4.899829ms
Round took 5.553557ms
Round took 5.000811ms
Round took 4.867695ms
Round took 5.181662ms
Round took 5.612963ms
Round took 5.801611ms
Round took 5.238764ms
Round took 4.851691ms
Round took 5.262865ms
Round took 4.848146ms
Round took 3.775671ms
Round took 5.290531ms
Round took 5.212882ms
Round took 5.443562ms
Round took 4.503419ms
Round took 7.08833ms
Round took 6.194265ms
Round took 4.386299ms
Round took 4.699866ms
Round took 4.731948ms
Round took 4.631763ms
Round took 3.556836ms
Round took 5.785801ms
Round took 4.999797ms
Round took 4.527945ms
Round took 5.116861ms
Round took 7.198772ms
Round took 3.628196ms
Round took 6.558965ms
Round took 5.581085ms
Round took 4.084889ms
Round took 5.281214ms
Round took 4.742892ms
Round took 4.981666ms
Round took 5.804205ms
Round took 5.735431ms
Round took 4.37098ms
Round took 4.461894ms
Round took 4.483767ms
Round took 5.252991ms
Round took 5.555333ms
Round took 5.824768ms
Round took 4.213867ms
Round took 5.507175ms
Round took 4.276583ms
Round took 5.11591ms
Round took 5.206794ms
Round took 5.099277ms
Round took 6.332553ms
Round took 4.400893ms
Round took 5.282713ms
Round took 4.114372ms
Round took 5.517977ms
Round took 4.243571ms
Round took 5.87193ms
Round took 5.386682ms
Round took 4.69222ms
Round took 5.648495ms
Round took 4.221244ms
Round took 5.307814ms
Round took 5.032601ms
Round took 6.094062ms
Round took 6.122692ms
Round took 5.000301ms
Round took 5.231712ms
Round took 5.266303ms
Round took 5.649055ms
Round took 4.895322ms
Round took 4.493849ms
Round took 4.854496ms
Round took 6.260424ms
Round took 4.85729ms
Round took 5.83702ms
Round took 5.853812ms
Round took 4.092042ms
Round took 4.518055ms
Round took 4.88032ms
Round took 5.777484ms
Round took 4.724716ms
Round took 5.118891ms
Round took 6.30881ms
Round took 4.313689ms
Round took 5.190868ms
Round took 4.833285ms
Round took 5.179981ms
Round took 5.285213ms
Round took 4.814795ms
Round took 5.606098ms
Round took 4.758296ms
Round took 5.086124ms
Round took 5.020555ms
Round took 4.923274ms
Round took 5.104305ms
Round took 5.120728ms
Round took 4.955479ms
Round took 5.184671ms
Round took 5.051176ms
Round took 4.995425ms
Round took 5.369812ms
Round took 5.226734ms
Round took 5.276342ms
Round took 4.751535ms
Round took 5.196991ms
Round took 5.193827ms
Round took 4.989828ms
Round took 5.402034ms
Round took 6.197767ms
Test took 5.132164414s
Successful: 10000
