Uniform distribution
2021/04/16 21:40:47 The leader is replica 0
Round took 6.831812ms
Round took 6.948361ms
Round took 6.483191ms
Round took 4.080761ms
Round took 5.77334ms
Round took 4.858967ms
Round took 5.709819ms
Round took 5.325796ms
Round took 4.912289ms
Round took 4.944128ms
Round took 4.861515ms
Round took 4.746239ms
Round took 5.168903ms
Round took 5.61049ms
Round took 5.012384ms
Round took 4.91698ms
Round took 5.384767ms
Round took 4.853002ms
Round took 4.824613ms
Round took 5.249387ms
Round took 5.499542ms
Round took 4.987936ms
Round took 4.494577ms
Round took 5.020815ms
Round took 5.419599ms
Round took 4.932927ms
Round took 5.066871ms
Round took 5.679917ms
Round took 4.314927ms
Round took 5.227913ms
Round took 4.887296ms
Round took 5.378822ms
Round took 5.143516ms
Round took 4.940184ms
Round took 6.150065ms
Round took 6.239998ms
Round took 7.886896ms
Round took 7.200621ms
Round took 4.651295ms
Round took 4.060331ms
Round took 6.763504ms
Round took 5.156269ms
Round took 6.510129ms
Round took 4.242011ms
Round took 5.706596ms
Round took 5.13533ms
Round took 5.061813ms
Round took 4.396332ms
Round took 6.186588ms
Round took 5.73608ms
Round took 4.903853ms
Round took 5.710496ms
Round took 3.769925ms
Round took 3.533066ms
Round took 5.857127ms
Round took 5.225312ms
Round took 5.570423ms
Round took 4.945227ms
Round took 4.696122ms
Round took 5.175377ms
Round took 5.363888ms
Round took 4.632729ms
Round took 5.266034ms
Round took 5.905171ms
Round took 6.288073ms
Round took 5.249807ms
Round took 4.082ms
Round took 5.0223ms
Round took 5.279666ms
Round took 5.22731ms
Round took 5.228478ms
Round took 5.068077ms
Round took 4.695833ms
Round took 5.175505ms
Round took 4.842775ms
Round took 4.984084ms
Round took 5.180157ms
Round took 4.920032ms
Round took 4.873054ms
Round took 4.548792ms
Round took 4.901484ms
Round took 5.995438ms
Round took 4.711223ms
Round took 5.21224ms
Round took 4.624696ms
Round took 5.375556ms
Round took 4.904781ms
Round took 4.883612ms
Round took 5.663433ms
Round took 4.640373ms
Round took 4.774038ms
Round took 5.00359ms
Round took 5.530658ms
Round took 5.118097ms
Round took 5.046491ms
Round took 5.481338ms
Round took 5.377387ms
Round took 4.511669ms
Round took 4.935474ms
Round took 4.757191ms
Round took 5.386487ms
Round took 4.842981ms
Round took 4.913158ms
Round took 5.816353ms
Round took 5.015476ms
Round took 4.374574ms
Round took 4.301201ms
Round took 5.12789ms
Round took 5.810722ms
Round took 5.056383ms
Round took 6.023162ms
Round took 3.989997ms
Round took 5.136653ms
Round took 4.873404ms
Round took 5.517108ms
Round took 4.905292ms
Round took 4.993129ms
Round took 4.927782ms
Round took 5.514233ms
Round took 5.1812ms
Round took 4.537299ms
Round took 5.030598ms
Round took 5.449846ms
Round took 4.825729ms
Round took 5.225454ms
Round took 4.49649ms
Round took 5.42838ms
Round took 5.355262ms
Round took 5.153987ms
Round took 5.213545ms
Round took 5.643836ms
Round took 4.26026ms
Round took 4.546208ms
Round took 5.382639ms
Round took 5.117937ms
Round took 4.754185ms
Round took 4.913531ms
Round took 6.072076ms
Round took 4.174292ms
Round took 4.881097ms
Round took 4.762498ms
Round took 5.858007ms
Round took 5.604977ms
Round took 6.698183ms
Round took 5.134516ms
Round took 5.787404ms
Round took 3.855387ms
Round took 4.295694ms
Round took 4.914444ms
Round took 4.80401ms
Round took 6.612078ms
Round took 4.828855ms
Round took 4.726884ms
Round took 3.880278ms
Round took 5.971846ms
Round took 4.894143ms
Round took 4.869781ms
Round took 4.880805ms
Round took 4.522863ms
Round took 5.446424ms
Round took 4.561515ms
Round took 5.568454ms
Round took 4.962706ms
Round took 5.023494ms
Round took 5.044232ms
Round took 5.903006ms
Round took 4.847077ms
Round took 5.040994ms
Round took 5.768247ms
Round took 4.632113ms
Round took 4.206842ms
Round took 5.52166ms
Round took 4.658936ms
Round took 5.546668ms
Round took 5.039334ms
Round took 3.822601ms
Round took 5.235077ms
Round took 5.492378ms
Round took 5.134617ms
Round took 4.988152ms
Round took 4.614663ms
Round took 5.492324ms
Round took 5.425951ms
Round took 4.275836ms
Round took 4.816636ms
Round took 5.438552ms
Round took 5.323789ms
Round took 4.728665ms
Round took 5.77039ms
Round took 4.939143ms
Round took 5.26914ms
Round took 6.460485ms
Round took 3.359791ms
Round took 5.842986ms
Round took 5.354521ms
Round took 5.109785ms
Round took 4.848166ms
Round took 5.112821ms
Round took 5.472349ms
Round took 4.822177ms
Round took 5.130428ms
Round took 5.99644ms
Round took 4.233367ms
Round took 4.700156ms
Round took 4.970875ms
Round took 4.781918ms
Round took 5.95394ms
Round took 4.166282ms
Round took 5.170708ms
Round took 4.664203ms
Round took 5.010097ms
Round took 5.471306ms
Round took 6.305513ms
Round took 3.989949ms
Round took 5.578436ms
Round took 5.10379ms
Round took 5.475447ms
Round took 3.758076ms
Round took 5.392453ms
Round took 5.376339ms
Round took 5.621945ms
Round took 4.502859ms
Round took 5.381149ms
Round took 5.367591ms
Round took 4.629675ms
Round took 5.01117ms
Round took 5.330431ms
Round took 4.427124ms
Round took 5.580981ms
Round took 4.272497ms
Round took 5.171705ms
Round took 5.476585ms
Round took 4.529383ms
Round took 6.315641ms
Round took 4.114062ms
Round took 5.64434ms
Round took 4.339987ms
Round took 5.294432ms
Round took 4.762838ms
Round took 5.37924ms
Round took 5.617121ms
Round took 4.533339ms
Round took 5.829549ms
Round took 4.409794ms
Round took 5.409564ms
Round took 4.819296ms
Round took 5.506072ms
Round took 5.4114ms
Round took 4.539348ms
Round took 5.560432ms
Round took 4.519362ms
Round took 5.148109ms
Round took 4.539063ms
Round took 5.931009ms
Round took 4.827986ms
Round took 3.929144ms
Round took 7.355161ms
Round took 5.41751ms
Round took 4.9385ms
Round took 4.761307ms
Round took 4.117684ms
Round took 4.872934ms
Round took 5.191931ms
Round took 4.673453ms
Round took 5.896693ms
Round took 4.391396ms
Round took 5.223206ms
Round took 4.537294ms
Round took 5.677475ms
Round took 4.496052ms
Round took 4.860313ms
Round took 4.902289ms
Round took 5.399398ms
Round took 5.297097ms
Round took 4.835718ms
Round took 6.639928ms
Round took 4.527242ms
Round took 4.176615ms
Round took 4.642086ms
Round took 5.965096ms
Round took 5.345066ms
Round took 4.703686ms
Round took 5.438963ms
Round took 4.881102ms
Round took 4.755096ms
Round took 4.743054ms
Round took 5.473939ms
Round took 5.736356ms
Round took 4.584033ms
Round took 5.859089ms
Round took 3.974861ms
Round took 5.026046ms
Round took 4.835961ms
Round took 5.08798ms
Round took 6.133426ms
Round took 4.246895ms
Round took 5.211305ms
Round took 5.953152ms
Round took 4.238959ms
Round took 4.608431ms
Round took 4.94625ms
Round took 5.12367ms
Round took 5.240166ms
Round took 5.264981ms
Round took 5.70427ms
Round took 5.035343ms
Round took 4.465937ms
Round took 5.22082ms
Round took 5.647805ms
Round took 4.37668ms
Round took 4.650317ms
Round took 7.033993ms
Round took 6.052302ms
Round took 5.432696ms
Round took 5.124254ms
Round took 4.672137ms
Round took 5.242366ms
Round took 4.877359ms
Round took 5.435883ms
Round took 4.750597ms
Round took 6.304825ms
Round took 4.008274ms
Round took 4.937225ms
Round took 4.974439ms
Round took 5.12557ms
Round took 5.452446ms
Round took 4.882258ms
Round took 5.064799ms
Round took 5.065282ms
Round took 5.283297ms
Round took 4.667434ms
Round took 5.736811ms
Round took 4.409074ms
Round took 4.961773ms
Round took 5.019672ms
Round took 5.715753ms
Round took 4.964776ms
Round took 5.382452ms
Round took 5.092174ms
Round took 4.642355ms
Round took 5.069548ms
Round took 5.039448ms
Round took 5.71619ms
Round took 5.009288ms
Round took 4.550849ms
Round took 5.08614ms
Round took 5.211958ms
Round took 5.093446ms
Round took 4.972048ms
Round took 5.848773ms
Round took 4.409496ms
Round took 4.764531ms
Round took 5.240119ms
Round took 5.096982ms
Round took 5.318285ms
Round took 4.46402ms
Round took 5.732116ms
Round took 5.358019ms
Round took 4.977614ms
Round took 4.580519ms
Round took 5.615693ms
Round took 4.725249ms
Round took 4.466741ms
Round took 5.517486ms
Round took 5.298253ms
Round took 4.985097ms
Round took 5.26204ms
Round took 4.559024ms
Round took 5.395775ms
Round took 5.220403ms
Round took 4.979859ms
Round took 5.965323ms
Round took 3.840088ms
Round took 5.574493ms
Round took 4.432014ms
Round took 5.106871ms
Round took 5.471166ms
Round took 4.628356ms
Round took 5.20545ms
Round took 5.114941ms
Round took 5.423778ms
Round took 4.371941ms
Round took 5.526905ms
Round took 5.100974ms
Round took 4.780148ms
Round took 5.106734ms
Round took 5.233543ms
Round took 4.832012ms
Round took 4.817405ms
Round took 4.965004ms
Round took 5.422541ms
Round took 4.88854ms
Round took 5.091856ms
Round took 4.61935ms
Round took 5.22846ms
Round took 5.452807ms
Round took 4.914181ms
Round took 6.026968ms
Round took 4.419993ms
Round took 5.2351ms
Round took 4.705645ms
Round took 5.789351ms
Round took 5.158311ms
Round took 4.995238ms
Round took 6.737677ms
Round took 5.278492ms
Round took 5.503397ms
Round took 3.693177ms
Round took 18.140462ms
Round took 4.893143ms
Round took 5.349046ms
Round took 4.742649ms
Round took 5.497033ms
Round took 6.016663ms
Round took 5.126181ms
Round took 5.087214ms
Round took 4.25977ms
Round took 4.998229ms
Round took 5.360682ms
Round took 5.728015ms
Round took 5.618104ms
Round took 4.579766ms
Round took 3.392145ms
Round took 6.166313ms
Round took 5.074594ms
Round took 5.04238ms
Round took 4.948663ms
Round took 5.230957ms
Round took 5.17303ms
Round took 4.895565ms
Round took 4.907776ms
Round took 5.222654ms
Round took 4.781815ms
Round took 5.276276ms
Round took 5.759765ms
Round took 4.549137ms
Round took 5.015409ms
Round took 4.693403ms
Round took 5.169186ms
Round took 5.45848ms
Round took 4.830399ms
Round took 5.72506ms
Round took 4.508105ms
Round took 5.145595ms
Round took 5.297148ms
Round took 4.440492ms
Round took 5.719275ms
Round took 4.698829ms
Round took 4.799125ms
Round took 6.06061ms
Round took 4.277628ms
Round took 4.900459ms
Round took 4.52935ms
Round took 6.315824ms
Round took 5.140652ms
Round took 4.314942ms
Round took 4.534631ms
Round took 5.426906ms
Round took 4.938437ms
Round took 4.963487ms
Round took 5.935164ms
Round took 4.450102ms
Round took 5.069002ms
Round took 4.352768ms
Round took 5.165094ms
Round took 5.073543ms
Round took 5.180865ms
Round took 5.102478ms
Round took 5.572844ms
Round took 4.789538ms
Round took 4.612939ms
Round took 5.234214ms
Round took 5.452458ms
Round took 4.882399ms
Round took 5.224135ms
Round took 4.65011ms
Round took 4.97254ms
Round took 5.443735ms
Round took 4.752985ms
Round took 5.470676ms
Round took 4.82265ms
Round took 4.76793ms
Round took 4.925752ms
Round took 5.413322ms
Round took 5.957773ms
Round took 4.584058ms
Round took 5.439761ms
Round took 4.939189ms
Round took 4.965809ms
Round took 4.517334ms
Round took 6.291072ms
Round took 3.515601ms
Round took 5.259067ms
Round took 4.602782ms
Round took 6.127225ms
Round took 4.268309ms
Round took 4.839163ms
Round took 5.338189ms
Round took 5.402833ms
Round took 4.854567ms
Round took 5.020294ms
Round took 4.98255ms
Round took 5.063657ms
Round took 5.156246ms
Round took 4.810717ms
Round took 5.724324ms
Round took 5.035906ms
Round took 4.366563ms
Round took 5.212266ms
Round took 5.562338ms
Round took 5.068449ms
Round took 4.628825ms
Round took 5.470115ms
Round took 4.704171ms
Round took 5.347883ms
Round took 4.24263ms
Round took 4.969015ms
Round took 5.003769ms
Round took 5.171775ms
Round took 5.146792ms
Round took 5.185183ms
Round took 4.913682ms
Round took 4.9186ms
Round took 5.167192ms
Round took 5.297432ms
Round took 4.629186ms
Round took 5.336422ms
Round took 4.933154ms
Round took 5.873705ms
Round took 4.503593ms
Round took 5.396869ms
Round took 5.386705ms
Round took 4.434925ms
Round took 4.775206ms
Round took 4.943184ms
Round took 6.006803ms
Round took 4.733224ms
Round took 5.118436ms
Round took 5.050022ms
Round took 5.728104ms
Round took 5.123133ms
Round took 4.842762ms
Round took 5.767407ms
Round took 4.375715ms
Round took 4.963609ms
Round took 5.83105ms
Round took 4.236052ms
Round took 5.06105ms
Round took 4.461077ms
Round took 5.278529ms
Round took 4.885425ms
Round took 5.528172ms
Round took 4.555922ms
Round took 5.594896ms
Round took 4.758439ms
Round took 5.37257ms
Round took 4.799066ms
Round took 6.037964ms
Round took 4.681732ms
Round took 4.661451ms
Round took 5.881213ms
Round took 4.951918ms
Round took 4.289934ms
Round took 5.383317ms
Round took 5.068726ms
Round took 4.81857ms
Round took 5.288748ms
Round took 4.696968ms
Round took 5.725517ms
Round took 5.139127ms
Round took 5.083473ms
Round took 5.610046ms
Round took 4.397852ms
Round took 5.166754ms
Round took 4.526474ms
Round took 6.097689ms
Round took 5.141619ms
Round took 4.930888ms
Round took 5.615973ms
Round took 5.426007ms
Round took 4.528543ms
Round took 5.441072ms
Round took 4.699437ms
Round took 5.643676ms
Round took 4.939618ms
Round took 5.493457ms
Round took 4.390219ms
Round took 4.984925ms
Round took 5.136296ms
Round took 4.600968ms
Round took 5.32026ms
Round took 5.38462ms
Round took 4.389109ms
Round took 5.445636ms
Round took 5.132644ms
Round took 4.687004ms
Round took 5.502812ms
Round took 5.344533ms
Round took 4.37677ms
Round took 5.194903ms
Round took 4.641666ms
Round took 6.336364ms
Round took 3.935563ms
Round took 5.171875ms
Round took 6.193566ms
Round took 4.420715ms
Round took 5.109497ms
Round took 4.733847ms
Round took 5.255113ms
Round took 4.69924ms
Round took 4.969916ms
Round took 5.706327ms
Round took 5.102631ms
Round took 5.475534ms
Round took 4.139282ms
Round took 5.310118ms
Round took 5.54503ms
Round took 4.588056ms
Round took 5.74379ms
Round took 4.408269ms
Round took 5.426442ms
Round took 5.052438ms
Round took 6.407389ms
Round took 5.082791ms
Round took 4.11625ms
Round took 5.650421ms
Round took 4.52736ms
Round took 5.196092ms
Round took 4.707218ms
Round took 5.983454ms
Round took 4.362116ms
Round took 4.800729ms
Round took 4.97138ms
Round took 5.441181ms
Round took 4.75241ms
Round took 5.102945ms
Round took 5.542146ms
Round took 5.051006ms
Round took 5.153758ms
Round took 4.573798ms
Round took 5.479181ms
Round took 4.750677ms
Round took 4.705415ms
Round took 5.281469ms
Round took 5.058556ms
Round took 5.393445ms
Round took 4.618057ms
Round took 5.777227ms
Round took 4.712124ms
Round took 5.259421ms
Round took 4.61092ms
Round took 6.034345ms
Round took 4.372661ms
Round took 5.100296ms
Round took 4.697862ms
Round took 5.670796ms
Round took 5.966604ms
Round took 4.184035ms
Round took 5.131193ms
Round took 4.501036ms
Round took 4.829565ms
Round took 4.552883ms
Round took 4.934834ms
Round took 6.021652ms
Round took 4.649534ms
Round took 4.696294ms
Round took 5.069847ms
Round took 5.345456ms
Round took 4.682108ms
Round took 5.002583ms
Round took 5.741797ms
Round took 5.267696ms
Round took 4.350652ms
Round took 5.113146ms
Round took 4.913879ms
Round took 6.360254ms
Round took 5.500334ms
Round took 4.473238ms
Round took 5.285529ms
Round took 4.904115ms
Round took 4.65763ms
Round took 4.977824ms
Round took 5.697984ms
Round took 4.437361ms
Round took 6.172334ms
Round took 3.599626ms
Round took 5.293611ms
Round took 4.945895ms
Round took 5.415653ms
Round took 5.894584ms
Round took 4.05497ms
Round took 5.152841ms
Round took 4.966996ms
Round took 4.587881ms
Round took 5.52658ms
Round took 4.998333ms
Round took 5.588401ms
Round took 5.503797ms
Round took 4.294578ms
Round took 4.723353ms
Round took 5.936534ms
Round took 4.67487ms
Round took 5.415489ms
Round took 5.720971ms
Round took 6.04671ms
Round took 5.236202ms
Round took 4.794779ms
Round took 4.804493ms
Round took 4.280118ms
Round took 4.708758ms
Round took 4.715553ms
Round took 4.799251ms
Round took 4.782277ms
Round took 5.228316ms
Round took 5.765658ms
Round took 5.072995ms
Round took 5.105163ms
Round took 5.103177ms
Round took 5.172566ms
Round took 4.557397ms
Round took 4.90495ms
Round took 5.407959ms
Round took 5.458307ms
Round took 5.190185ms
Round took 4.373648ms
Round took 5.089185ms
Round took 5.293227ms
Round took 5.30329ms
Round took 4.922352ms
Round took 4.908092ms
Round took 5.277596ms
Round took 4.331818ms
Round took 5.973245ms
Round took 3.958971ms
Round took 5.41565ms
Round took 4.693807ms
Round took 5.241933ms
Round took 4.9626ms
Round took 4.856639ms
Round took 5.035949ms
Round took 5.587531ms
Round took 5.051597ms
Round took 4.795542ms
Round took 4.565402ms
Round took 5.850797ms
Round took 5.806042ms
Round took 4.350275ms
Round took 5.414647ms
Round took 5.422813ms
Round took 4.319189ms
Round took 5.074559ms
Round took 4.72787ms
Round took 8.02224ms
Round took 4.211209ms
Round took 4.7351ms
Round took 4.346701ms
Round took 3.91335ms
Round took 5.29579ms
Round took 5.122549ms
Round took 6.33862ms
Round took 4.841507ms
Round took 5.27855ms
Round took 4.466653ms
Round took 3.488845ms
Round took 5.555097ms
Round took 4.803853ms
Round took 5.53478ms
Round took 5.277344ms
Round took 4.606759ms
Round took 6.086381ms
Round took 3.904966ms
Round took 5.484353ms
Round took 4.990404ms
Round took 5.319459ms
Round took 5.50707ms
Round took 4.362426ms
Round took 5.314287ms
Round took 6.277904ms
Round took 4.549034ms
Round took 4.658803ms
Round took 5.539614ms
Round took 5.296432ms
Round took 4.615295ms
Round took 5.852374ms
Round took 3.727102ms
Round took 6.174903ms
Round took 4.505693ms
Round took 5.143872ms
Round took 5.491256ms
Round took 4.135498ms
Round took 5.336183ms
Round took 4.295631ms
Round took 5.344036ms
Round took 4.795388ms
Round took 5.183536ms
Round took 5.879549ms
Round took 4.934571ms
Round took 4.797464ms
Round took 5.02645ms
Round took 5.025248ms
Round took 5.801487ms
Round took 5.294287ms
Round took 5.624926ms
Round took 3.660447ms
Round took 5.324133ms
Round took 4.774615ms
Round took 6.407498ms
Round took 4.553911ms
Round took 4.346462ms
Round took 5.719497ms
Round took 4.591359ms
Round took 4.538497ms
Round took 4.91745ms
Round took 4.918043ms
Round took 5.806348ms
Round took 4.308734ms
Round took 5.191712ms
Round took 4.88856ms
Round took 5.464304ms
Round took 4.858192ms
Round took 5.579897ms
Round took 4.709415ms
Round took 5.504504ms
Round took 5.004576ms
Round took 5.782329ms
Round took 4.614423ms
Round took 5.665351ms
Round took 4.442453ms
Round took 5.582125ms
Round took 4.671395ms
Round took 4.288034ms
Round took 6.61967ms
Round took 3.856067ms
Round took 5.96451ms
Round took 4.082492ms
Round took 5.633262ms
Round took 4.360568ms
Round took 5.449761ms
Round took 5.418931ms
Round took 4.674389ms
Round took 5.40357ms
Round took 4.115029ms
Round took 5.059514ms
Round took 4.761832ms
Round took 5.140403ms
Round took 5.021894ms
Round took 4.954753ms
Round took 5.810261ms
Round took 4.912253ms
Round took 5.028374ms
Round took 5.287775ms
Round took 4.845988ms
Round took 5.048372ms
Round took 5.026468ms
Round took 5.793237ms
Round took 4.187695ms
Round took 4.775041ms
Round took 5.247693ms
Round took 5.959363ms
Round took 5.204675ms
Round took 5.453487ms
Round took 4.762616ms
Round took 5.009443ms
Round took 4.517196ms
Round took 5.317681ms
Round took 5.149962ms
Round took 6.846214ms
Round took 5.402921ms
Round took 4.444179ms
Round took 3.906104ms
Round took 3.505037ms
Round took 5.192642ms
Round took 5.13264ms
Round took 5.991812ms
Round took 4.628352ms
Round took 5.645149ms
Round took 3.849994ms
Round took 6.59508ms
Round took 4.425692ms
Round took 4.911396ms
Round took 5.544252ms
Round took 4.627484ms
Round took 4.887057ms
Round took 5.125918ms
Round took 5.399695ms
Round took 4.662836ms
Round took 5.145418ms
Round took 5.978154ms
Round took 4.64894ms
Round took 4.614072ms
Round took 4.75533ms
Round took 5.672715ms
Round took 4.745331ms
Round took 5.038255ms
Round took 5.206687ms
Round took 6.57059ms
Round took 5.035572ms
Round took 5.339743ms
Round took 5.033511ms
Round took 5.220162ms
Round took 4.499192ms
Round took 3.802209ms
Round took 7.056959ms
Round took 4.012636ms
Round took 6.133901ms
Round took 4.627287ms
Round took 8.376866ms
Round took 4.30081ms
Round took 5.033255ms
Round took 4.579618ms
Round took 5.224846ms
Round took 3.470255ms
Round took 6.169465ms
Round took 5.329994ms
Round took 4.999213ms
Round took 4.999731ms
Round took 5.072422ms
Round took 5.118791ms
Round took 5.803406ms
Round took 5.483342ms
Round took 4.605076ms
Round took 5.257661ms
Round took 4.371007ms
Round took 5.035499ms
Round took 5.497639ms
Round took 4.955634ms
Round took 5.000054ms
Round took 4.855866ms
Round took 5.116609ms
Round took 5.130952ms
Round took 5.086728ms
Round took 5.842461ms
Round took 4.16283ms
Round took 5.508229ms
Round took 4.848323ms
Round took 5.187941ms
Round took 5.050342ms
Round took 4.698584ms
Round took 5.097434ms
Round took 5.369373ms
Round took 4.928954ms
Round took 4.577334ms
Round took 5.997472ms
Round took 4.494628ms
Round took 5.309306ms
Round took 4.98778ms
Round took 5.419706ms
Round took 4.947434ms
Round took 4.576822ms
Round took 5.369841ms
Round took 5.186048ms
Round took 5.010627ms
Round took 5.010558ms
Round took 5.040733ms
Round took 4.998258ms
Round took 5.337395ms
Round took 5.250085ms
Round took 5.491154ms
Round took 4.831857ms
Round took 4.468396ms
Round took 4.708959ms
Round took 6.271111ms
Round took 4.923593ms
Round took 5.744036ms
Round took 5.708986ms
Round took 4.123304ms
Round took 4.489946ms
Round took 4.68659ms
Round took 5.717796ms
Round took 4.656812ms
Round took 5.428699ms
Round took 6.179937ms
Round took 4.350626ms
Round took 5.055975ms
Round took 4.919087ms
Round took 5.123046ms
Round took 4.98928ms
Round took 5.055301ms
Round took 5.61114ms
Round took 4.742122ms
Round took 5.03155ms
Round took 5.164779ms
Round took 4.992865ms
Round took 5.193353ms
Round took 5.017855ms
Round took 5.00774ms
Round took 5.249523ms
Round took 5.088771ms
Round took 5.034516ms
Round took 5.328092ms
Round took 4.88286ms
Round took 5.270753ms
Round took 4.673728ms
Round took 5.179134ms
Round took 5.131437ms
Round took 5.070432ms
Round took 5.457436ms
Round took 6.798146ms
Round took 3.565092ms
Round took 4.853789ms
Test took 5.127028781s
Successful: 10000
