Uniform distribution
2021/04/16 21:40:47 The leader is replica 0
Round took 6.1306ms
Round took 4.232311ms
Round took 5.132345ms
Round took 5.220166ms
Round took 6.003576ms
Round took 4.223369ms
Round took 7.334295ms
Round took 1.672725ms
Round took 7.840309ms
Round took 6.68352ms
Round took 3.094485ms
Round took 4.778282ms
Round took 5.798381ms
Round took 4.713717ms
Round took 4.624207ms
Round took 4.894569ms
Round took 5.332805ms
Round took 5.202787ms
Round took 5.099734ms
Round took 5.580638ms
Round took 4.845122ms
Round took 4.173304ms
Round took 4.730394ms
Round took 6.020704ms
Round took 4.483722ms
Round took 4.88029ms
Round took 5.148794ms
Round took 4.981933ms
Round took 5.239079ms
Round took 4.433144ms
Round took 5.010393ms
Round took 5.500206ms
Round took 5.22096ms
Round took 4.634703ms
Round took 5.1541ms
Round took 5.938236ms
Round took 4.137607ms
Round took 5.032229ms
Round took 5.090733ms
Round took 5.16724ms
Round took 4.008817ms
Round took 5.100852ms
Round took 7.100731ms
Round took 3.949139ms
Round took 5.104515ms
Round took 5.410101ms
Round took 5.327997ms
Round took 4.258283ms
Round took 5.158721ms
Round took 5.526097ms
Round took 4.545433ms
Round took 5.325328ms
Round took 4.713899ms
Round took 6.335822ms
Round took 5.7548ms
Round took 6.66719ms
Round took 5.766386ms
Round took 6.588277ms
Round took 6.972359ms
Round took 8.780843ms
Round took 3.925803ms
Round took 3.969513ms
Round took 5.823176ms
Round took 5.175857ms
Round took 4.340671ms
Round took 4.911211ms
Round took 4.902612ms
Round took 4.708373ms
Round took 5.194952ms
Round took 5.165385ms
Round took 5.208618ms
Round took 5.617253ms
Round took 5.038665ms
Round took 4.938988ms
Round took 5.226124ms
Round took 5.328842ms
Round took 4.956059ms
Round took 5.185127ms
Round took 5.74576ms
Round took 4.76569ms
Round took 4.506521ms
Round took 4.892769ms
Round took 5.413516ms
Round took 4.936576ms
Round took 5.368859ms
Round took 5.564606ms
Round took 4.387431ms
Round took 5.176919ms
Round took 4.568816ms
Round took 6.268816ms
Round took 4.166882ms
Round took 5.363002ms
Round took 6.328232ms
Round took 7.162779ms
Round took 7.695402ms
Round took 6.959549ms
Round took 3.80479ms
Round took 3.560238ms
Round took 7.056463ms
Round took 5.969428ms
Round took 6.075655ms
Round took 4.478293ms
Round took 5.750502ms
Round took 4.618381ms
Round took 5.138463ms
Round took 5.813233ms
Round took 7.310625ms
Round took 5.15953ms
Round took 5.776895ms
Round took 4.312884ms
Round took 3.675724ms
Round took 6.01553ms
Round took 5.199267ms
Round took 5.498708ms
Round took 5.009992ms
Round took 4.715661ms
Round took 5.184953ms
Round took 5.457956ms
Round took 4.698642ms
Round took 5.208206ms
Round took 4.853388ms
Round took 7.318426ms
Round took 4.76905ms
Round took 4.232831ms
Round took 5.510481ms
Round took 5.152172ms
Round took 4.793956ms
Round took 5.341772ms
Round took 5.135493ms
Round took 4.757455ms
Round took 4.780792ms
Round took 5.170743ms
Round took 5.796164ms
Round took 5.321569ms
Round took 4.902878ms
Round took 4.956809ms
Round took 4.994833ms
Round took 4.862811ms
Round took 7.023159ms
Round took 6.738551ms
Round took 4.64901ms
Round took 4.826409ms
Round took 5.698719ms
Round took 5.289336ms
Round took 5.41261ms
Round took 4.812359ms
Round took 4.945742ms
Round took 4.996989ms
Round took 4.970787ms
Round took 6.128617ms
Round took 4.81227ms
Round took 5.079903ms
Round took 5.556074ms
Round took 4.581457ms
Round took 4.822529ms
Round took 4.862901ms
Round took 5.339376ms
Round took 5.186973ms
Round took 4.367492ms
Round took 5.216372ms
Round took 6.445386ms
Round took 4.370225ms
Round took 4.226143ms
Round took 5.155697ms
Round took 5.813877ms
Round took 5.010585ms
Round took 5.100035ms
Round took 4.937051ms
Round took 5.421926ms
Round took 4.950661ms
Round took 5.545916ms
Round took 4.887424ms
Round took 4.998538ms
Round took 4.894151ms
Round took 6.518619ms
Round took 4.666358ms
Round took 4.468118ms
Round took 5.296255ms
Round took 5.276831ms
Round took 4.954409ms
Round took 5.752843ms
Round took 3.960379ms
Round took 5.35521ms
Round took 5.3686ms
Round took 5.383862ms
Round took 5.011378ms
Round took 5.590338ms
Round took 4.241364ms
Round took 4.580795ms
Round took 5.40322ms
Round took 5.147591ms
Round took 4.742359ms
Round took 5.312319ms
Round took 5.763837ms
Round took 4.41826ms
Round took 6.414504ms
Round took 3.964374ms
Round took 5.686152ms
Round took 6.602675ms
Round took 5.801896ms
Round took 5.112291ms
Round took 5.211964ms
Round took 3.796481ms
Round took 4.210831ms
Round took 6.548767ms
Round took 5.553492ms
Round took 5.031705ms
Round took 5.23705ms
Round took 4.371637ms
Round took 5.558139ms
Round took 4.553275ms
Round took 5.403344ms
Round took 5.126067ms
Round took 4.636186ms
Round took 5.238646ms
Round took 5.050131ms
Round took 5.475008ms
Round took 5.516709ms
Round took 5.746244ms
Round took 5.103915ms
Round took 5.113756ms
Round took 5.842632ms
Round took 5.092517ms
Round took 5.207945ms
Round took 5.079066ms
Round took 4.376755ms
Round took 5.596371ms
Round took 4.600847ms
Round took 5.751987ms
Round took 5.152844ms
Round took 4.347401ms
Round took 5.132353ms
Round took 6.093031ms
Round took 5.142647ms
Round took 5.398036ms
Round took 4.048671ms
Round took 5.461361ms
Round took 5.553486ms
Round took 5.241493ms
Round took 5.448886ms
Round took 6.235008ms
Round took 5.183486ms
Round took 4.968124ms
Round took 5.805168ms
Round took 5.066949ms
Round took 5.111228ms
Round took 4.651394ms
Round took 6.012563ms
Round took 4.773385ms
Round took 5.086425ms
Round took 5.385883ms
Round took 5.385675ms
Round took 5.05217ms
Round took 5.353438ms
Round took 5.460813ms
Round took 4.756174ms
Round took 4.585843ms
Round took 5.716068ms
Round took 4.974964ms
Round took 4.693219ms
Round took 6.930245ms
Round took 4.298504ms
Round took 5.203411ms
Round took 5.15958ms
Round took 4.610449ms
Round took 5.36904ms
Round took 7.327709ms
Round took 5.228874ms
Round took 5.24868ms
Round took 4.979046ms
Round took 4.588827ms
Round took 5.332593ms
Round took 5.999841ms
Round took 4.878312ms
Round took 4.606035ms
Round took 5.711644ms
Round took 4.90743ms
Round took 4.851301ms
Round took 4.961467ms
Round took 5.946364ms
Round took 4.313578ms
Round took 5.382597ms
Round took 5.04816ms
Round took 5.744341ms
Round took 4.623619ms
Round took 4.765628ms
Round took 6.324972ms
Round took 4.126709ms
Round took 5.207241ms
Round took 4.770105ms
Round took 5.435628ms
Round took 4.895135ms
Round took 4.861542ms
Round took 5.972495ms
Round took 4.609813ms
Round took 5.145666ms
Round took 4.749121ms
Round took 5.752343ms
Round took 4.325905ms
Round took 5.146261ms
Round took 5.977263ms
Round took 4.212987ms
Round took 5.215806ms
Round took 5.022904ms
Round took 5.365752ms
Round took 4.531295ms
Round took 5.483932ms
Round took 5.400518ms
Round took 4.66196ms
Round took 7.221913ms
Round took 5.524348ms
Round took 4.876598ms
Round took 4.764952ms
Round took 4.10558ms
Round took 5.972057ms
Round took 6.366718ms
Round took 5.080142ms
Round took 4.927443ms
Round took 5.653724ms
Round took 4.572456ms
Round took 5.002849ms
Round took 5.132022ms
Round took 5.381116ms
Round took 4.9206ms
Round took 5.334399ms
Round took 4.769324ms
Round took 5.477572ms
Round took 5.137462ms
Round took 6.225315ms
Round took 4.091304ms
Round took 4.613317ms
Round took 5.000479ms
Round took 5.07063ms
Round took 5.457605ms
Round took 4.948707ms
Round took 5.22154ms
Round took 5.139644ms
Round took 4.89943ms
Round took 5.153552ms
Round took 5.039891ms
Round took 5.106928ms
Round took 5.355301ms
Round took 4.708161ms
Round took 5.065668ms
Round took 5.140428ms
Round took 5.023963ms
Round took 5.402865ms
Round took 4.782676ms
Round took 5.583771ms
Round took 5.020195ms
Round took 4.77351ms
Round took 5.610709ms
Round took 4.833625ms
Round took 4.744871ms
Round took 5.367377ms
Round took 5.236701ms
Round took 4.907024ms
Round took 5.499359ms
Round took 5.564521ms
Round took 5.278928ms
Round took 5.688056ms
Round took 6.182467ms
Round took 6.268755ms
Round took 4.951418ms
Round took 5.354202ms
Round took 5.669178ms
Round took 4.849429ms
Round took 4.653188ms
Round took 5.241623ms
Round took 4.873954ms
Round took 5.462436ms
Round took 4.728983ms
Round took 6.372282ms
Round took 4.741885ms
Round took 4.908853ms
Round took 5.265035ms
Round took 4.757075ms
Round took 5.344101ms
Round took 4.774301ms
Round took 5.02243ms
Round took 4.990735ms
Round took 5.289945ms
Round took 4.707001ms
Round took 6.169489ms
Round took 3.979387ms
Round took 4.893853ms
Round took 4.956741ms
Round took 5.839667ms
Round took 4.74953ms
Round took 5.386716ms
Round took 4.942445ms
Round took 4.838798ms
Round took 5.272748ms
Round took 4.987997ms
Round took 5.622213ms
Round took 5.045459ms
Round took 4.55313ms
Round took 5.626881ms
Round took 4.73443ms
Round took 5.157648ms
Round took 4.863133ms
Round took 5.643513ms
Round took 4.496958ms
Round took 4.971398ms
Round took 5.771086ms
Round took 4.669002ms
Round took 5.388268ms
Round took 4.27781ms
Round took 5.826452ms
Round took 5.179275ms
Round took 4.916104ms
Round took 5.388924ms
Round took 4.522512ms
Round took 4.750919ms
Round took 4.801538ms
Round took 6.621205ms
Round took 4.038423ms
Round took 4.942978ms
Round took 6.412071ms
Round took 4.150527ms
Round took 5.013483ms
Round took 5.911911ms
Round took 4.910176ms
Round took 5.380281ms
Round took 4.178917ms
Round took 6.152855ms
Round took 4.615836ms
Round took 4.367007ms
Round took 5.77094ms
Round took 4.461116ms
Round took 5.415452ms
Round took 4.65893ms
Round took 5.84646ms
Round took 3.745092ms
Round took 5.607769ms
Round took 5.019706ms
Round took 5.6085ms
Round took 5.330193ms
Round took 4.395688ms
Round took 4.918568ms
Round took 5.325652ms
Round took 4.816296ms
Round took 5.335454ms
Round took 4.832975ms
Round took 6.038235ms
Round took 3.956386ms
Round took 5.316481ms
Round took 7.037497ms
Round took 6.153891ms
Round took 4.374245ms
Round took 5.110658ms
Round took 4.622384ms
Round took 5.855484ms
Round took 5.393459ms
Round took 5.053004ms
Round took 6.542863ms
Round took 5.194163ms
Round took 4.952802ms
Round took 4.547079ms
Round took 18.138427ms
Round took 4.839612ms
Round took 5.053542ms
Round took 4.972877ms
Round took 5.316553ms
Round took 5.175628ms
Round took 6.014643ms
Round took 4.583493ms
Round took 4.856611ms
Round took 4.966137ms
Round took 5.078649ms
Round took 5.780322ms
Round took 5.398004ms
Round took 5.005497ms
Round took 3.406687ms
Round took 5.702712ms
Round took 5.538219ms
Round took 4.836821ms
Round took 4.873888ms
Round took 4.918327ms
Round took 5.568593ms
Round took 4.847985ms
Round took 5.050877ms
Round took 5.043126ms
Round took 5.016563ms
Round took 5.285624ms
Round took 4.903961ms
Round took 5.046866ms
Round took 5.907442ms
Round took 4.468026ms
Round took 4.851706ms
Round took 5.644673ms
Round took 4.607491ms
Round took 5.133688ms
Round took 4.953125ms
Round took 5.110815ms
Round took 5.269852ms
Round took 4.659056ms
Round took 5.643343ms
Round took 4.76515ms
Round took 4.771126ms
Round took 5.443296ms
Round took 5.037486ms
Round took 5.193768ms
Round took 4.609117ms
Round took 5.22148ms
Round took 6.189621ms
Round took 4.270291ms
Round took 4.482485ms
Round took 5.303203ms
Round took 5.10669ms
Round took 4.865921ms
Round took 5.212444ms
Round took 5.028441ms
Round took 4.969102ms
Round took 4.718486ms
Round took 5.141552ms
Round took 5.215601ms
Round took 5.198477ms
Round took 5.027449ms
Round took 5.068386ms
Round took 5.363042ms
Round took 4.59522ms
Round took 5.228242ms
Round took 5.487348ms
Round took 4.895706ms
Round took 5.038409ms
Round took 4.756799ms
Round took 4.904628ms
Round took 5.251673ms
Round took 4.778909ms
Round took 5.238708ms
Round took 5.147136ms
Round took 4.941246ms
Round took 4.856873ms
Round took 5.446579ms
Round took 5.915732ms
Round took 4.463543ms
Round took 5.005067ms
Round took 5.891133ms
Round took 5.08386ms
Round took 4.473897ms
Round took 6.845608ms
Round took 3.759803ms
Round took 5.232575ms
Round took 4.597223ms
Round took 6.127536ms
Round took 5.569813ms
Round took 5.55625ms
Round took 4.998674ms
Round took 5.246ms
Round took 5.020239ms
Round took 5.464204ms
Round took 4.833492ms
Round took 4.606902ms
Round took 5.963471ms
Round took 4.473946ms
Round took 4.957984ms
Round took 4.99443ms
Round took 4.882389ms
Round took 4.759861ms
Round took 5.433198ms
Round took 5.679247ms
Round took 4.74903ms
Round took 4.825322ms
Round took 4.780638ms
Round took 7.371053ms
Round took 5.235653ms
Round took 4.997128ms
Round took 5.190531ms
Round took 5.098451ms
Round took 5.145196ms
Round took 5.305214ms
Round took 4.802275ms
Round took 5.127761ms
Round took 5.317944ms
Round took 4.722915ms
Round took 5.258177ms
Round took 4.984657ms
Round took 6.541417ms
Round took 4.649554ms
Round took 5.87265ms
Round took 5.515106ms
Round took 4.467437ms
Round took 4.550695ms
Round took 5.142809ms
Round took 5.208198ms
Round took 4.942799ms
Round took 5.676777ms
Round took 5.384312ms
Round took 5.028758ms
Round took 6.699056ms
Round took 5.976504ms
Round took 4.779118ms
Round took 4.980313ms
Round took 5.228262ms
Round took 4.887851ms
Round took 6.512246ms
Round took 4.864035ms
Round took 5.527585ms
Round took 4.789536ms
Round took 5.418829ms
Round took 4.533651ms
Round took 5.786101ms
Round took 4.520535ms
Round took 5.658573ms
Round took 4.672424ms
Round took 6.027131ms
Round took 4.353015ms
Round took 4.683199ms
Round took 5.608015ms
Round took 4.990409ms
Round took 4.473522ms
Round took 5.433692ms
Round took 5.889855ms
Round took 4.057476ms
Round took 5.282719ms
Round took 4.584675ms
Round took 5.744774ms
Round took 5.152201ms
Round took 5.10037ms
Round took 5.498572ms
Round took 4.443133ms
Round took 5.156783ms
Round took 4.583792ms
Round took 5.025247ms
Round took 6.628859ms
Round took 7.676319ms
Round took 5.627034ms
Round took 4.544904ms
Round took 4.915252ms
Round took 5.037656ms
Round took 6.401573ms
Round took 4.708799ms
Round took 5.035217ms
Round took 5.756068ms
Round took 4.998377ms
Round took 5.161447ms
Round took 4.48906ms
Round took 5.333389ms
Round took 5.349575ms
Round took 4.331428ms
Round took 5.496018ms
Round took 5.287998ms
Round took 4.618241ms
Round took 5.536496ms
Round took 5.379434ms
Round took 4.338198ms
Round took 5.21888ms
Round took 4.674889ms
Round took 6.307665ms
Round took 3.867864ms
Round took 5.191249ms
Round took 6.205073ms
Round took 4.423185ms
Round took 5.183047ms
Round took 4.709898ms
Round took 5.254843ms
Round took 4.81568ms
Round took 4.992913ms
Round took 5.646531ms
Round took 5.164179ms
Round took 5.568623ms
Round took 4.137464ms
Round took 5.931349ms
Round took 5.399327ms
Round took 4.596471ms
Round took 5.761718ms
Round took 4.496983ms
Round took 5.317883ms
Round took 5.270116ms
Round took 4.766308ms
Round took 5.210521ms
Round took 4.089319ms
Round took 5.668642ms
Round took 5.439018ms
Round took 4.981498ms
Round took 4.723494ms
Round took 6.461058ms
Round took 5.990101ms
Round took 4.985909ms
Round took 5.279528ms
Round took 4.916346ms
Round took 5.018649ms
Round took 5.210222ms
Round took 5.215217ms
Round took 5.473301ms
Round took 6.115614ms
Round took 4.73103ms
Round took 5.263541ms
Round took 5.122802ms
Round took 4.942238ms
Round took 4.967126ms
Round took 5.692232ms
Round took 4.662901ms
Round took 5.123229ms
Round took 5.460973ms
Round took 5.622892ms
Round took 4.591733ms
Round took 4.840822ms
Round took 4.814604ms
Round took 4.98807ms
Round took 4.654ms
Round took 5.154238ms
Round took 6.273217ms
Round took 4.189807ms
Round took 5.115535ms
Round took 4.732651ms
Round took 6.853709ms
Round took 4.608226ms
Round took 7.232851ms
Round took 5.451095ms
Round took 6.12198ms
Round took 5.082263ms
Round took 5.297617ms
Round took 4.845917ms
Round took 5.030557ms
Round took 4.98976ms
Round took 6.397928ms
Round took 4.265304ms
Round took 5.104217ms
Round took 4.930156ms
Round took 6.312796ms
Round took 5.513809ms
Round took 4.440308ms
Round took 5.287493ms
Round took 4.930997ms
Round took 4.603146ms
Round took 4.993379ms
Round took 6.032515ms
Round took 4.456696ms
Round took 6.320143ms
Round took 3.759274ms
Round took 5.325388ms
Round took 4.951024ms
Round took 5.701034ms
Round took 5.748708ms
Round took 4.013348ms
Round took 5.437649ms
Round took 6.338365ms
Round took 5.980814ms
Round took 5.187157ms
Round took 5.180382ms
Round took 5.894667ms
Round took 4.171696ms
Round took 4.926108ms
Round took 5.264394ms
Round took 5.080356ms
Round took 4.806507ms
Round took 5.148502ms
Round took 5.185205ms
Round took 5.692188ms
Round took 5.664201ms
Round took 4.493994ms
Round took 4.730806ms
Round took 5.124067ms
Round took 4.342814ms
Round took 5.265331ms
Round took 5.039159ms
Round took 5.087288ms
Round took 5.236056ms
Round took 4.900482ms
Round took 5.304471ms
Round took 4.660753ms
Round took 5.385903ms
Round took 4.565068ms
Round took 6.580822ms
Round took 5.124233ms
Round took 6.208135ms
Round took 4.786264ms
Round took 4.432231ms
Round took 4.91014ms
Round took 5.608196ms
Round took 5.318693ms
Round took 4.403587ms
Round took 5.365674ms
Round took 5.521517ms
Round took 4.343888ms
Round took 5.995378ms
Round took 4.01991ms
Round took 5.377049ms
Round took 4.683767ms
Round took 4.969648ms
Round took 5.74567ms
Round took 4.652757ms
Round took 5.072899ms
Round took 5.5821ms
Round took 5.128659ms
Round took 4.881774ms
Round took 4.584371ms
Round took 5.099582ms
Round took 6.08965ms
Round took 4.291539ms
Round took 4.93182ms
Round took 5.929177ms
Round took 4.343371ms
Round took 5.048976ms
Round took 4.824864ms
Round took 7.088344ms
Round took 4.573922ms
Round took 5.575518ms
Round took 4.300783ms
Round took 3.878564ms
Round took 5.285415ms
Round took 5.043684ms
Round took 6.271609ms
Round took 4.885752ms
Round took 5.30002ms
Round took 5.014696ms
Round took 3.689882ms
Round took 5.501282ms
Round took 4.816794ms
Round took 5.573475ms
Round took 5.252592ms
Round took 4.557794ms
Round took 6.214464ms
Round took 3.706076ms
Round took 5.463453ms
Round took 4.948722ms
Round took 5.540692ms
Round took 5.503365ms
Round took 4.218715ms
Round took 5.86822ms
Round took 6.621514ms
Round took 4.636197ms
Round took 4.990149ms
Round took 5.194995ms
Round took 5.15931ms
Round took 5.315364ms
Round took 4.382831ms
Round took 5.548325ms
Round took 5.770683ms
Round took 4.661038ms
Round took 4.922567ms
Round took 5.33882ms
Round took 5.054757ms
Round took 4.626025ms
Round took 5.125882ms
Round took 5.095028ms
Round took 4.866577ms
Round took 5.055331ms
Round took 5.399787ms
Round took 4.807852ms
Round took 5.206598ms
Round took 4.73378ms
Round took 5.032564ms
Round took 6.200436ms
Round took 4.791954ms
Round took 4.761341ms
Round took 6.154706ms
Round took 4.599932ms
Round took 6.315153ms
Round took 4.582975ms
Round took 4.301274ms
Round took 5.151197ms
Round took 4.929167ms
Round took 4.981716ms
Round took 5.603893ms
Round took 4.909887ms
Round took 6.840603ms
Round took 4.113137ms
Round took 5.100382ms
Round took 5.077589ms
Round took 5.16479ms
Round took 4.839836ms
Round took 6.637058ms
Round took 6.347138ms
Round took 5.493586ms
Round took 5.013817ms
Round took 4.619731ms
Round took 5.747707ms
Round took 4.597482ms
Round took 5.273982ms
Round took 4.769428ms
Round took 5.106922ms
Round took 5.9198ms
Round took 4.713891ms
Round took 5.99187ms
Round took 4.491689ms
Round took 5.063517ms
Round took 4.863101ms
Round took 5.632559ms
Round took 5.226463ms
Round took 4.467119ms
Round took 6.803542ms
Round took 4.492877ms
Round took 5.128773ms
Round took 4.954738ms
Round took 4.913181ms
Round took 5.050599ms
Round took 4.898833ms
Round took 5.880386ms
Round took 4.64329ms
Round took 5.058397ms
Round took 5.218149ms
Round took 5.006531ms
Round took 4.599257ms
Round took 4.908419ms
Round took 5.843361ms
Round took 4.118128ms
Round took 4.918083ms
Round took 5.850657ms
Round took 4.987427ms
Round took 7.087758ms
Round took 4.327118ms
Round took 5.155443ms
Round took 5.280122ms
Round took 5.079326ms
Round took 4.876699ms
Round took 5.382135ms
Round took 6.954263ms
Round took 4.378526ms
Round took 4.542293ms
Round took 3.917031ms
Round took 5.269539ms
Round took 5.173968ms
Round took 5.586363ms
Round took 5.00519ms
Round took 5.70403ms
Round took 4.290587ms
Round took 8.152948ms
Round took 4.902814ms
Round took 4.792343ms
Round took 5.541425ms
Round took 4.587259ms
Round took 4.863244ms
Round took 5.186473ms
Round took 5.360583ms
Round took 4.714321ms
Round took 5.374172ms
Round took 5.873416ms
Round took 4.60298ms
Round took 4.6191ms
Round took 4.587043ms
Round took 5.609728ms
Round took 4.879725ms
Round took 5.020274ms
Round took 6.90284ms
Round took 6.608058ms
Round took 4.642615ms
Round took 5.031509ms
Round took 5.190612ms
Round took 5.621935ms
Round took 3.811602ms
Round took 5.27588ms
Round took 5.242304ms
Round took 5.626015ms
Round took 4.271208ms
Round took 5.552715ms
Round took 7.725888ms
Round took 3.962844ms
Round took 5.159817ms
Round took 4.621398ms
Round took 5.005334ms
Round took 3.558985ms
Round took 5.310501ms
Round took 5.454179ms
Round took 4.672688ms
Round took 5.034717ms
Round took 5.053987ms
Round took 5.099212ms
Round took 5.853572ms
Round took 5.949122ms
Round took 4.184931ms
Round took 5.311987ms
Round took 4.687091ms
Round took 5.03447ms
Round took 6.955895ms
Round took 4.778824ms
Round took 5.378162ms
Round took 5.147416ms
Round took 4.491217ms
Round took 5.234382ms
Round took 5.53188ms
Round took 5.827465ms
Round took 4.208612ms
Round took 6.017791ms
Round took 3.908668ms
Round took 5.090366ms
Round took 5.153847ms
Round took 5.034154ms
Round took 6.123973ms
Round took 4.380365ms
Round took 5.38356ms
Round took 3.513753ms
Round took 6.108288ms
Round took 4.240143ms
Round took 5.358702ms
Round took 5.902921ms
Round took 4.558278ms
Round took 5.416484ms
Round took 4.457057ms
Round took 5.441939ms
Round took 4.664778ms
Round took 5.355143ms
Round took 5.44532ms
Round took 4.908765ms
Round took 4.577296ms
Round took 5.518878ms
Round took 6.071729ms
Round took 4.759018ms
Test took 5.21518363s
Successful: 10000
