Uniform distribution
2021/04/16 21:40:47 The leader is replica 0
Round took 5.093814ms
Round took 6.346556ms
Round took 6.081408ms
Round took 7.213654ms
Round took 7.239815ms
Round took 6.822124ms
Round took 3.299626ms
Round took 4.786793ms
Round took 4.773453ms
Round took 5.127015ms
Round took 5.116396ms
Round took 4.974967ms
Round took 5.003992ms
Round took 5.293511ms
Round took 5.039847ms
Round took 5.188062ms
Round took 4.935951ms
Round took 5.14903ms
Round took 4.813556ms
Round took 5.182886ms
Round took 5.186621ms
Round took 4.911317ms
Round took 5.140223ms
Round took 4.911344ms
Round took 4.996412ms
Round took 5.006426ms
Round took 5.081221ms
Round took 5.501886ms
Round took 4.969519ms
Round took 4.556074ms
Round took 5.263509ms
Round took 5.290767ms
Round took 4.917421ms
Round took 5.090061ms
Round took 4.925863ms
Round took 5.114602ms
Round took 5.047908ms
Round took 5.119295ms
Round took 7.00357ms
Round took 4.053337ms
Round took 5.148367ms
Round took 5.427432ms
Round took 5.32198ms
Round took 4.287993ms
Round took 5.192756ms
Round took 5.553835ms
Round took 4.438561ms
Round took 5.258055ms
Round took 4.785381ms
Round took 5.839075ms
Round took 5.843829ms
Round took 6.704675ms
Round took 5.772198ms
Round took 6.574349ms
Round took 7.08478ms
Round took 8.795266ms
Round took 3.944458ms
Round took 3.985303ms
Round took 5.814098ms
Round took 5.10977ms
Round took 4.015916ms
Round took 4.854096ms
Round took 4.872331ms
Round took 4.827511ms
Round took 5.84257ms
Round took 5.29627ms
Round took 5.247912ms
Round took 5.608052ms
Round took 5.017148ms
Round took 5.372334ms
Round took 4.796973ms
Round took 5.048056ms
Round took 4.906354ms
Round took 5.222947ms
Round took 5.863087ms
Round took 4.741304ms
Round took 5.079855ms
Round took 4.425652ms
Round took 5.379517ms
Round took 4.961057ms
Round took 5.420279ms
Round took 5.579021ms
Round took 4.361645ms
Round took 5.158756ms
Round took 4.624194ms
Round took 6.785099ms
Round took 4.324977ms
Round took 7.163724ms
Round took 6.423888ms
Round took 9.060441ms
Round took 7.825601ms
Round took 4.746409ms
Round took 3.988539ms
Round took 7.556683ms
Round took 5.886411ms
Round took 6.113305ms
Round took 4.572023ms
Round took 5.739516ms
Round took 4.70774ms
Round took 5.150899ms
Round took 4.633711ms
Round took 7.611504ms
Round took 4.413459ms
Round took 5.738482ms
Round took 4.791521ms
Round took 3.631907ms
Round took 3.897064ms
Round took 5.764442ms
Round took 6.003301ms
Round took 5.146438ms
Round took 4.931243ms
Round took 5.844588ms
Round took 3.852662ms
Round took 5.673827ms
Round took 4.364829ms
Round took 7.142713ms
Round took 6.826395ms
Round took 4.819048ms
Round took 4.360548ms
Round took 5.444402ms
Round took 5.174677ms
Round took 4.691047ms
Round took 5.09111ms
Round took 5.297249ms
Round took 4.77581ms
Round took 4.91934ms
Round took 5.171088ms
Round took 4.994234ms
Round took 5.327828ms
Round took 4.569564ms
Round took 5.537176ms
Round took 5.535328ms
Round took 4.991571ms
Round took 5.951943ms
Round took 4.974142ms
Round took 5.190965ms
Round took 4.695367ms
Round took 5.658787ms
Round took 5.932319ms
Round took 5.430513ms
Round took 5.278932ms
Round took 4.617657ms
Round took 4.804841ms
Round took 6.12071ms
Round took 6.520756ms
Round took 5.189543ms
Round took 5.030038ms
Round took 4.803746ms
Round took 5.250725ms
Round took 4.983917ms
Round took 4.972695ms
Round took 5.322848ms
Round took 5.850508ms
Round took 4.349996ms
Round took 5.231981ms
Round took 5.539346ms
Round took 5.440763ms
Round took 4.309038ms
Round took 5.150737ms
Round took 5.786604ms
Round took 5.032584ms
Round took 5.061424ms
Round took 4.908025ms
Round took 5.405707ms
Round took 5.024035ms
Round took 5.566429ms
Round took 4.88404ms
Round took 5.001224ms
Round took 4.89035ms
Round took 6.558708ms
Round took 4.879466ms
Round took 4.493241ms
Round took 5.184341ms
Round took 5.353914ms
Round took 4.960554ms
Round took 5.729213ms
Round took 4.011448ms
Round took 5.476398ms
Round took 5.47446ms
Round took 5.388051ms
Round took 5.028262ms
Round took 5.633856ms
Round took 4.647457ms
Round took 4.033079ms
Round took 5.329474ms
Round took 5.209981ms
Round took 4.992565ms
Round took 5.340504ms
Round took 5.474475ms
Round took 4.298724ms
Round took 6.098341ms
Round took 5.952652ms
Round took 5.292221ms
Round took 6.647355ms
Round took 5.592492ms
Round took 5.022896ms
Round took 4.833618ms
Round took 3.775734ms
Round took 4.054518ms
Round took 5.855705ms
Round took 5.488751ms
Round took 5.073118ms
Round took 5.256092ms
Round took 4.77365ms
Round took 5.473878ms
Round took 4.421805ms
Round took 5.471979ms
Round took 5.05688ms
Round took 4.617616ms
Round took 5.21901ms
Round took 5.064852ms
Round took 6.043051ms
Round took 4.430332ms
Round took 5.432688ms
Round took 5.040139ms
Round took 4.968298ms
Round took 5.43939ms
Round took 5.229402ms
Round took 5.266595ms
Round took 4.370007ms
Round took 5.162519ms
Round took 5.55089ms
Round took 4.637779ms
Round took 5.491977ms
Round took 6.301835ms
Round took 4.218346ms
Round took 5.143128ms
Round took 6.194849ms
Round took 5.18382ms
Round took 5.44666ms
Round took 4.081267ms
Round took 5.431522ms
Round took 5.564926ms
Round took 5.310977ms
Round took 6.24671ms
Round took 5.348388ms
Round took 5.252466ms
Round took 4.959838ms
Round took 5.736389ms
Round took 5.082403ms
Round took 5.038148ms
Round took 4.717085ms
Round took 6.024671ms
Round took 4.743674ms
Round took 5.054477ms
Round took 5.827203ms
Round took 5.023652ms
Round took 5.041652ms
Round took 5.387989ms
Round took 4.888037ms
Round took 5.139606ms
Round took 5.185371ms
Round took 4.924419ms
Round took 4.974633ms
Round took 4.752964ms
Round took 6.384683ms
Round took 4.122385ms
Round took 5.144057ms
Round took 4.921995ms
Round took 4.690276ms
Round took 5.372385ms
Round took 7.167515ms
Round took 5.321581ms
Round took 5.278732ms
Round took 4.964623ms
Round took 4.583436ms
Round took 5.293307ms
Round took 5.892076ms
Round took 4.670681ms
Round took 4.648372ms
Round took 5.682115ms
Round took 4.982822ms
Round took 4.870768ms
Round took 4.953069ms
Round took 6.096422ms
Round took 4.323515ms
Round took 5.380998ms
Round took 5.063817ms
Round took 5.714869ms
Round took 5.011062ms
Round took 4.80128ms
Round took 6.315497ms
Round took 4.14513ms
Round took 5.278804ms
Round took 4.936962ms
Round took 5.275526ms
Round took 4.89354ms
Round took 5.002206ms
Round took 6.081203ms
Round took 4.562681ms
Round took 5.103416ms
Round took 4.604869ms
Round took 5.526926ms
Round took 4.515459ms
Round took 5.069048ms
Round took 6.358805ms
Round took 4.460343ms
Round took 5.206779ms
Round took 5.034165ms
Round took 5.265368ms
Round took 4.547026ms
Round took 5.401287ms
Round took 7.125269ms
Round took 6.639442ms
Round took 5.743764ms
Round took 6.490027ms
Round took 4.003016ms
Round took 4.063372ms
Round took 4.896491ms
Round took 5.642876ms
Round took 4.803729ms
Round took 4.965777ms
Round took 5.085712ms
Round took 5.595565ms
Round took 4.507106ms
Round took 5.091875ms
Round took 5.260715ms
Round took 5.037695ms
Round took 5.02355ms
Round took 5.335189ms
Round took 5.261619ms
Round took 4.839265ms
Round took 7.542622ms
Round took 4.533119ms
Round took 4.15584ms
Round took 4.600151ms
Round took 5.047135ms
Round took 5.653792ms
Round took 4.757278ms
Round took 4.932537ms
Round took 5.38646ms
Round took 4.828115ms
Round took 4.6898ms
Round took 5.204089ms
Round took 5.87093ms
Round took 4.594322ms
Round took 5.367983ms
Round took 4.540477ms
Round took 5.085206ms
Round took 4.918567ms
Round took 5.013597ms
Round took 6.144045ms
Round took 4.210856ms
Round took 5.221459ms
Round took 5.868102ms
Round took 5.379173ms
Round took 4.716844ms
Round took 5.436305ms
Round took 5.680854ms
Round took 6.305933ms
Round took 5.01017ms
Round took 5.381836ms
Round took 4.848906ms
Round took 5.702482ms
Round took 5.013891ms
Round took 4.80334ms
Round took 5.152095ms
Round took 5.700463ms
Round took 5.098778ms
Round took 5.384951ms
Round took 5.062458ms
Round took 5.229445ms
Round took 4.612801ms
Round took 7.226614ms
Round took 3.820676ms
Round took 6.039172ms
Round took 6.602283ms
Round took 5.380239ms
Round took 5.764671ms
Round took 5.292536ms
Round took 4.644709ms
Round took 6.22728ms
Round took 6.843692ms
Round took 5.06218ms
Round took 5.341708ms
Round took 4.71318ms
Round took 5.755497ms
Round took 4.521717ms
Round took 4.8846ms
Round took 4.908075ms
Round took 5.687452ms
Round took 5.043391ms
Round took 5.384866ms
Round took 4.638503ms
Round took 5.357894ms
Round took 5.189708ms
Round took 5.008865ms
Round took 5.129829ms
Round took 5.228058ms
Round took 4.568378ms
Round took 5.126918ms
Round took 5.195437ms
Round took 5.114596ms
Round took 5.032456ms
Round took 5.832484ms
Round took 4.850804ms
Round took 4.718986ms
Round took 5.287028ms
Round took 5.050206ms
Round took 5.347927ms
Round took 4.424884ms
Round took 5.683293ms
Round took 5.060133ms
Round took 4.97616ms
Round took 4.566879ms
Round took 5.630697ms
Round took 5.290068ms
Round took 4.408872ms
Round took 6.058438ms
Round took 4.746499ms
Round took 5.047295ms
Round took 5.216611ms
Round took 5.080027ms
Round took 5.097284ms
Round took 5.199719ms
Round took 5.302136ms
Round took 6.04055ms
Round took 3.910279ms
Round took 6.215911ms
Round took 4.090362ms
Round took 4.882331ms
Round took 5.53994ms
Round took 4.637122ms
Round took 5.716258ms
Round took 4.689295ms
Round took 5.470872ms
Round took 4.26281ms
Round took 5.590764ms
Round took 5.031087ms
Round took 4.946439ms
Round took 5.898573ms
Round took 4.393254ms
Round took 4.902145ms
Round took 5.224324ms
Round took 5.055263ms
Round took 5.159061ms
Round took 4.8372ms
Round took 5.89051ms
Round took 4.261725ms
Round took 5.191233ms
Round took 6.159948ms
Round took 5.674088ms
Round took 4.450191ms
Round took 4.525542ms
Round took 6.733439ms
Round took 6.033098ms
Round took 5.443754ms
Round took 5.118697ms
Round took 6.534351ms
Round took 5.126466ms
Round took 4.98318ms
Round took 4.577091ms
Round took 18.265706ms
Round took 4.996076ms
Round took 5.126698ms
Round took 4.947171ms
Round took 5.370732ms
Round took 6.365345ms
Round took 5.086283ms
Round took 4.98399ms
Round took 4.385825ms
Round took 5.306664ms
Round took 5.507595ms
Round took 5.66278ms
Round took 5.294252ms
Round took 4.870612ms
Round took 3.430098ms
Round took 5.722476ms
Round took 5.447828ms
Round took 4.952227ms
Round took 4.884214ms
Round took 5.296316ms
Round took 5.149468ms
Round took 4.90796ms
Round took 4.968536ms
Round took 4.981151ms
Round took 4.683613ms
Round took 5.316979ms
Round took 4.915623ms
Round took 5.017139ms
Round took 6.114323ms
Round took 5.045473ms
Round took 4.786875ms
Round took 5.55583ms
Round took 4.826104ms
Round took 5.712925ms
Round took 4.475143ms
Round took 5.069963ms
Round took 5.339768ms
Round took 4.354273ms
Round took 5.737219ms
Round took 4.983339ms
Round took 4.705219ms
Round took 6.345293ms
Round took 4.077646ms
Round took 5.207756ms
Round took 4.449892ms
Round took 6.853504ms
Round took 4.707091ms
Round took 4.277272ms
Round took 4.804784ms
Round took 5.1111ms
Round took 4.946618ms
Round took 4.881306ms
Round took 6.009127ms
Round took 4.45986ms
Round took 5.134501ms
Round took 4.204803ms
Round took 5.327489ms
Round took 4.979566ms
Round took 5.249544ms
Round took 5.718876ms
Round took 5.030625ms
Round took 4.910228ms
Round took 4.5273ms
Round took 5.272852ms
Round took 5.300113ms
Round took 4.934687ms
Round took 6.567475ms
Round took 3.707621ms
Round took 4.258475ms
Round took 5.441384ms
Round took 4.82036ms
Round took 5.724849ms
Round took 4.809649ms
Round took 4.693426ms
Round took 4.852348ms
Round took 5.465289ms
Round took 5.889002ms
Round took 4.576536ms
Round took 5.557418ms
Round took 4.876558ms
Round took 5.058805ms
Round took 4.505649ms
Round took 6.236984ms
Round took 3.814821ms
Round took 5.324966ms
Round took 5.037582ms
Round took 5.642512ms
Round took 4.80953ms
Round took 4.727599ms
Round took 6.302072ms
Round took 5.300066ms
Round took 5.036839ms
Round took 5.420014ms
Round took 4.863716ms
Round took 4.603474ms
Round took 6.012142ms
Round took 4.533458ms
Round took 5.144852ms
Round took 5.209507ms
Round took 5.575195ms
Round took 6.444633ms
Round took 5.057416ms
Round took 4.61219ms
Round took 5.187147ms
Round took 5.025364ms
Round took 5.358289ms
Round took 4.977169ms
Round took 5.674529ms
Round took 7.048689ms
Round took 5.166304ms
Round took 6.001087ms
Round took 4.265438ms
Round took 4.905901ms
Round took 4.186023ms
Round took 5.627715ms
Round took 4.410505ms
Round took 4.79828ms
Round took 5.74197ms
Round took 4.439915ms
Round took 5.905569ms
Round took 5.380807ms
Round took 5.861715ms
Round took 4.930152ms
Round took 4.445562ms
Round took 4.950167ms
Round took 4.893701ms
Round took 4.540644ms
Round took 4.944772ms
Round took 8.111881ms
Round took 5.303861ms
Round took 5.152737ms
Round took 4.844311ms
Round took 5.763862ms
Round took 4.59927ms
Round took 4.997562ms
Round took 5.348041ms
Round took 4.802661ms
Round took 6.049163ms
Round took 5.118454ms
Round took 5.559041ms
Round took 4.454132ms
Round took 5.377189ms
Round took 4.503454ms
Round took 5.637096ms
Round took 4.65623ms
Round took 5.597686ms
Round took 4.699814ms
Round took 6.061203ms
Round took 4.925725ms
Round took 5.083572ms
Round took 4.896951ms
Round took 5.144421ms
Round took 4.93387ms
Round took 5.982265ms
Round took 4.747969ms
Round took 4.859108ms
Round took 7.476063ms
Round took 5.725848ms
Round took 5.065208ms
Round took 5.116426ms
Round took 4.955728ms
Round took 5.198768ms
Round took 5.091151ms
Round took 4.573457ms
Round took 5.130896ms
Round took 6.025719ms
Round took 4.546478ms
Round took 5.149485ms
Round took 5.880156ms
Round took 4.564941ms
Round took 4.895809ms
Round took 5.095376ms
Round took 6.418823ms
Round took 4.966177ms
Round took 6.522758ms
Round took 4.416105ms
Round took 5.045508ms
Round took 5.900545ms
Round took 6.062657ms
Round took 5.568499ms
Round took 4.393281ms
Round took 5.370463ms
Round took 5.50996ms
Round took 4.70085ms
Round took 5.030048ms
Round took 5.008782ms
Round took 5.027091ms
Round took 5.260667ms
Round took 4.74497ms
Round took 6.354746ms
Round took 3.882584ms
Round took 5.235941ms
Round took 5.205265ms
Round took 5.263365ms
Round took 5.21351ms
Round took 4.834875ms
Round took 5.039334ms
Round took 5.036928ms
Round took 4.926397ms
Round took 5.268659ms
Round took 4.958878ms
Round took 6.043862ms
Round took 4.236765ms
Round took 5.086088ms
Round took 6.26674ms
Round took 4.288256ms
Round took 5.489786ms
Round took 4.700045ms
Round took 5.817929ms
Round took 4.757798ms
Round took 4.986929ms
Round took 5.860071ms
Round took 4.082233ms
Round took 5.289509ms
Round took 4.906222ms
Round took 5.669799ms
Round took 4.646385ms
Round took 5.228534ms
Round took 5.304922ms
Round took 4.865681ms
Round took 4.997719ms
Round took 5.494782ms
Round took 5.022337ms
Round took 5.046246ms
Round took 5.29205ms
Round took 5.81829ms
Round took 5.068012ms
Round took 4.548849ms
Round took 5.471696ms
Round took 5.446435ms
Round took 4.876012ms
Round took 5.889175ms
Round took 4.359839ms
Round took 5.426533ms
Round took 4.573924ms
Round took 5.843906ms
Round took 4.728335ms
Round took 5.534628ms
Round took 4.620081ms
Round took 5.91996ms
Round took 3.619083ms
Round took 4.940345ms
Round took 4.677563ms
Round took 5.589614ms
Round took 5.949355ms
Round took 4.147897ms
Round took 5.261703ms
Round took 4.508519ms
Round took 5.787296ms
Round took 4.604015ms
Round took 5.4325ms
Round took 5.54582ms
Round took 4.640432ms
Round took 4.70544ms
Round took 5.063684ms
Round took 5.446269ms
Round took 4.764534ms
Round took 5.293504ms
Round took 5.491905ms
Round took 5.331382ms
Round took 4.258572ms
Round took 6.38608ms
Round took 7.002872ms
Round took 5.044389ms
Round took 4.261049ms
Round took 5.147605ms
Round took 6.62698ms
Round took 4.221757ms
Round took 4.907727ms
Round took 5.590164ms
Round took 4.708939ms
Round took 5.362328ms
Round took 4.777306ms
Round took 5.452466ms
Round took 4.935785ms
Round took 5.079076ms
Round took 6.123004ms
Round took 4.000997ms
Round took 5.086242ms
Round took 4.984034ms
Round took 4.799505ms
Round took 5.785671ms
Round took 4.876823ms
Round took 5.526964ms
Round took 5.519444ms
Round took 4.295983ms
Round took 4.8151ms
Round took 5.620072ms
Round took 4.716447ms
Round took 4.655048ms
Round took 5.2188ms
Round took 5.799368ms
Round took 5.092359ms
Round took 5.636004ms
Round took 4.717593ms
Round took 4.519906ms
Round took 5.057816ms
Round took 4.373641ms
Round took 5.242774ms
Round took 5.438449ms
Round took 5.154415ms
Round took 5.658605ms
Round took 5.057219ms
Round took 4.965013ms
Round took 4.644878ms
Round took 5.802668ms
Round took 4.57753ms
Round took 5.058206ms
Round took 4.854385ms
Round took 6.609102ms
Round took 5.25772ms
Round took 4.360795ms
Round took 5.101269ms
Round took 5.248489ms
Round took 5.362575ms
Round took 4.374734ms
Round took 6.218651ms
Round took 4.948292ms
Round took 4.333308ms
Round took 5.926148ms
Round took 3.992488ms
Round took 5.599175ms
Round took 4.746215ms
Round took 5.226652ms
Round took 4.973149ms
Round took 4.923547ms
Round took 5.37636ms
Round took 5.603373ms
Round took 4.922351ms
Round took 4.795173ms
Round took 5.247075ms
Round took 4.461684ms
Round took 5.575171ms
Round took 4.453426ms
Round took 5.417488ms
Round took 5.443035ms
Round took 4.304118ms
Round took 5.091407ms
Round took 4.776019ms
Round took 7.333773ms
Round took 4.84457ms
Round took 4.784654ms
Round took 4.291562ms
Round took 3.757519ms
Round took 5.328501ms
Round took 4.822724ms
Round took 6.42926ms
Round took 4.948714ms
Round took 5.192882ms
Round took 5.747945ms
Round took 6.263803ms
Round took 5.040417ms
Round took 4.908082ms
Round took 5.317938ms
Round took 4.992331ms
Round took 5.268125ms
Round took 4.667564ms
Round took 5.693699ms
Round took 4.882814ms
Round took 5.116514ms
Round took 4.97991ms
Round took 4.879141ms
Round took 5.285228ms
Round took 4.634207ms
Round took 6.47089ms
Round took 5.175755ms
Round took 5.19504ms
Round took 5.663949ms
Round took 4.518348ms
Round took 5.339485ms
Round took 4.251604ms
Round took 6.351012ms
Round took 4.478668ms
Round took 4.880516ms
Round took 4.915789ms
Round took 5.633067ms
Round took 5.332605ms
Round took 4.435978ms
Round took 5.350721ms
Round took 4.922518ms
Round took 4.992592ms
Round took 5.250579ms
Round took 5.46515ms
Round took 4.6809ms
Round took 5.101956ms
Round took 4.71872ms
Round took 5.929998ms
Round took 5.280554ms
Round took 5.734588ms
Round took 3.771917ms
Round took 5.380518ms
Round took 4.800291ms
Round took 6.457057ms
Round took 4.593337ms
Round took 4.326169ms
Round took 5.699249ms
Round took 4.751153ms
Round took 5.007125ms
Round took 4.933526ms
Round took 5.014885ms
Round took 6.33119ms
Round took 6.164718ms
Round took 4.974839ms
Round took 5.326565ms
Round took 4.830908ms
Round took 5.506189ms
Round took 4.413353ms
Round took 6.151626ms
Round took 5.018078ms
Round took 5.014749ms
Round took 4.590149ms
Round took 5.717078ms
Round took 4.372184ms
Round took 5.179436ms
Round took 5.166229ms
Round took 4.856231ms
Round took 5.963946ms
Round took 4.655504ms
Round took 5.950097ms
Round took 4.056978ms
Round took 5.31ms
Round took 4.836736ms
Round took 5.514163ms
Round took 5.444651ms
Round took 4.68258ms
Round took 6.112331ms
Round took 4.237289ms
Round took 5.036496ms
Round took 4.909545ms
Round took 4.976695ms
Round took 5.124595ms
Round took 5.02443ms
Round took 5.947391ms
Round took 4.698202ms
Round took 5.172696ms
Round took 5.120898ms
Round took 6.01097ms
Round took 6.414034ms
Round took 4.795353ms
Round took 4.872808ms
Round took 5.115796ms
Round took 5.232783ms
Round took 4.995626ms
Round took 5.424029ms
Round took 5.755908ms
Round took 4.218076ms
Round took 5.184209ms
Round took 5.29111ms
Round took 5.131242ms
Round took 4.873266ms
Round took 5.372528ms
Round took 6.919346ms
Round took 4.465699ms
Round took 4.543058ms
Round took 3.937269ms
Round took 6.591952ms
Round took 4.881465ms
Round took 6.403899ms
Round took 4.776936ms
Round took 6.118963ms
Round took 3.29869ms
Round took 6.826973ms
Round took 4.377354ms
Round took 4.922124ms
Round took 5.49889ms
Round took 4.562358ms
Round took 4.904006ms
Round took 5.126756ms
Round took 5.382741ms
Round took 4.597085ms
Round took 5.191871ms
Round took 6.00942ms
Round took 4.60589ms
Round took 4.614599ms
Round took 4.707973ms
Round took 6.089704ms
Round took 4.730247ms
Round took 5.036202ms
Round took 6.341193ms
Round took 6.811912ms
Round took 4.87863ms
Round took 4.872315ms
Round took 5.146946ms
Round took 5.546588ms
Round took 3.809337ms
Round took 5.275747ms
Round took 5.307252ms
Round took 5.679642ms
Round took 4.296276ms
Round took 6.604749ms
Round took 6.659565ms
Round took 3.983613ms
Round took 5.437312ms
Round took 4.475963ms
Round took 4.835845ms
Round took 3.538156ms
Round took 5.222542ms
Round took 6.556363ms
Round took 4.685175ms
Round took 5.012683ms
Round took 5.089975ms
Round took 6.421292ms
Round took 5.38124ms
Round took 4.685423ms
Round took 5.479795ms
Round took 4.579595ms
Round took 5.085635ms
Round took 5.535459ms
Round took 4.971807ms
Round took 5.02658ms
Round took 4.912856ms
Round took 4.977446ms
Round took 5.093426ms
Round took 5.171774ms
Round took 5.810599ms
Round took 4.16906ms
Round took 5.5466ms
Round took 4.828309ms
Round took 5.226819ms
Round took 5.139663ms
Round took 4.724675ms
Round took 5.054476ms
Round took 5.363518ms
Round took 4.888889ms
Round took 4.610938ms
Round took 6.01262ms
Round took 4.318672ms
Round took 5.280714ms
Round took 4.995566ms
Round took 5.130129ms
Round took 5.409208ms
Round took 4.471761ms
Round took 5.362063ms
Round took 5.165433ms
Round took 5.029803ms
Round took 5.050337ms
Round took 5.019912ms
Round took 4.985469ms
Round took 5.334929ms
Round took 5.287386ms
Round took 5.479319ms
Round took 4.917825ms
Round took 5.641038ms
Round took 4.990806ms
Round took 8.069348ms
Round took 7.142311ms
Round took 5.815138ms
Round took 4.130102ms
Test took 5.237895833s
Successful: 10000
