Uniform distribution
2021/04/16 21:40:47 The leader is replica 0
Round took 8.563746ms
Round took 5.028623ms
Round took 7.476559ms
Round took 10.378468ms
Round took 5.421035ms
Round took 5.716886ms
Round took 4.827612ms
Round took 5.101995ms
Round took 5.070683ms
Round took 5.082072ms
Round took 5.007809ms
Round took 5.292762ms
Round took 5.215785ms
Round took 5.258794ms
Round took 4.874672ms
Round took 5.100237ms
Round took 4.760212ms
Round took 5.181047ms
Round took 5.19004ms
Round took 4.889804ms
Round took 5.177448ms
Round took 4.871396ms
Round took 4.936623ms
Round took 5.041608ms
Round took 5.055334ms
Round took 5.483178ms
Round took 5.32624ms
Round took 4.651847ms
Round took 5.144708ms
Round took 5.241389ms
Round took 4.55098ms
Round took 5.115035ms
Round took 5.101688ms
Round took 6.580318ms
Round took 4.21474ms
Round took 5.737117ms
Round took 6.887469ms
Round took 3.755704ms
Round took 5.974371ms
Round took 5.053604ms
Round took 5.506743ms
Round took 3.268193ms
Round took 6.491636ms
Round took 4.673142ms
Round took 4.491512ms
Round took 5.362139ms
Round took 4.283378ms
Round took 6.015172ms
Round took 7.124097ms
Round took 8.405438ms
Round took 7.101892ms
Round took 6.604354ms
Round took 6.982603ms
Round took 6.413803ms
Round took 4.05107ms
Round took 5.675844ms
Round took 5.406472ms
Round took 4.584799ms
Round took 4.936664ms
Round took 4.819681ms
Round took 4.91403ms
Round took 4.898841ms
Round took 4.825389ms
Round took 5.212737ms
Round took 5.611391ms
Round took 5.097351ms
Round took 4.920683ms
Round took 5.322747ms
Round took 5.536649ms
Round took 4.95791ms
Round took 5.232322ms
Round took 5.6763ms
Round took 4.788191ms
Round took 4.49535ms
Round took 4.94658ms
Round took 5.370883ms
Round took 4.952055ms
Round took 5.420474ms
Round took 5.616142ms
Round took 4.408895ms
Round took 5.199532ms
Round took 4.574984ms
Round took 6.844288ms
Round took 4.317359ms
Round took 7.228614ms
Round took 6.480844ms
Round took 8.626279ms
Round took 6.509604ms
Round took 5.620841ms
Round took 3.949974ms
Round took 6.546741ms
Round took 5.639653ms
Round took 6.827728ms
Round took 4.077329ms
Round took 5.669514ms
Round took 5.038178ms
Round took 7.392241ms
Round took 5.781102ms
Round took 7.327968ms
Round took 5.13707ms
Round took 5.882306ms
Round took 4.215651ms
Round took 3.63389ms
Round took 6.038325ms
Round took 5.167861ms
Round took 5.476626ms
Round took 4.91877ms
Round took 4.702928ms
Round took 5.176951ms
Round took 5.410419ms
Round took 4.736192ms
Round took 5.197551ms
Round took 4.836685ms
Round took 7.332016ms
Round took 4.771994ms
Round took 4.251661ms
Round took 5.516185ms
Round took 5.075075ms
Round took 4.780053ms
Round took 5.42317ms
Round took 5.069013ms
Round took 4.779206ms
Round took 4.829725ms
Round took 5.210628ms
Round took 5.80707ms
Round took 5.226015ms
Round took 4.922302ms
Round took 4.941296ms
Round took 4.784851ms
Round took 4.906349ms
Round took 7.076094ms
Round took 4.591859ms
Round took 5.329478ms
Round took 5.871223ms
Round took 6.096607ms
Round took 5.241182ms
Round took 5.396553ms
Round took 4.537962ms
Round took 5.118994ms
Round took 5.022188ms
Round took 5.005635ms
Round took 5.632958ms
Round took 5.155974ms
Round took 5.084498ms
Round took 4.796527ms
Round took 5.735536ms
Round took 4.952781ms
Round took 4.856148ms
Round took 5.354473ms
Round took 5.333765ms
Round took 4.884423ms
Round took 6.140786ms
Round took 5.042295ms
Round took 4.547122ms
Round took 4.35273ms
Round took 5.234896ms
Round took 5.778864ms
Round took 5.054582ms
Round took 6.617871ms
Round took 3.986468ms
Round took 5.116103ms
Round took 5.516495ms
Round took 5.104023ms
Round took 4.833254ms
Round took 5.090104ms
Round took 5.98037ms
Round took 6.629257ms
Round took 5.126654ms
Round took 4.846793ms
Round took 4.969471ms
Round took 5.306447ms
Round took 5.290156ms
Round took 4.642908ms
Round took 5.426676ms
Round took 5.465927ms
Round took 5.218988ms
Round took 4.722047ms
Round took 6.003953ms
Round took 4.403275ms
Round took 4.556099ms
Round took 5.424759ms
Round took 5.54159ms
Round took 4.788381ms
Round took 4.901929ms
Round took 6.057905ms
Round took 5.832895ms
Round took 6.348081ms
Round took 6.084608ms
Round took 6.238986ms
Round took 5.857844ms
Round took 5.608456ms
Round took 5.06933ms
Round took 4.835754ms
Round took 3.762859ms
Round took 4.053925ms
Round took 5.879601ms
Round took 5.654469ms
Round took 5.359016ms
Round took 5.235071ms
Round took 4.013545ms
Round took 5.374366ms
Round took 4.537063ms
Round took 5.996633ms
Round took 4.682467ms
Round took 4.584212ms
Round took 5.294554ms
Round took 5.816695ms
Round took 5.24527ms
Round took 4.407236ms
Round took 5.538629ms
Round took 4.891694ms
Round took 5.05003ms
Round took 5.506ms
Round took 5.135107ms
Round took 5.274557ms
Round took 4.380457ms
Round took 5.169879ms
Round took 5.566162ms
Round took 4.640596ms
Round took 5.515594ms
Round took 6.329873ms
Round took 4.549258ms
Round took 6.132534ms
Round took 6.536793ms
Round took 5.057612ms
Round took 4.623292ms
Round took 5.17056ms
Round took 6.13365ms
Round took 4.223871ms
Round took 4.760825ms
Round took 5.282813ms
Round took 5.270283ms
Round took 5.189272ms
Round took 5.003799ms
Round took 5.73922ms
Round took 5.107669ms
Round took 4.956854ms
Round took 4.692861ms
Round took 6.068077ms
Round took 4.76664ms
Round took 5.041332ms
Round took 5.787315ms
Round took 5.022814ms
Round took 5.017771ms
Round took 5.321474ms
Round took 5.323346ms
Round took 4.692547ms
Round took 4.615812ms
Round took 5.723965ms
Round took 4.985442ms
Round took 4.686603ms
Round took 6.894345ms
Round took 4.487791ms
Round took 5.218576ms
Round took 5.145062ms
Round took 4.56803ms
Round took 5.394242ms
Round took 7.14265ms
Round took 5.322109ms
Round took 5.288451ms
Round took 4.94739ms
Round took 4.588101ms
Round took 5.362887ms
Round took 6.037478ms
Round took 4.931082ms
Round took 4.599456ms
Round took 5.96811ms
Round took 4.942032ms
Round took 4.87737ms
Round took 5.286892ms
Round took 5.438868ms
Round took 4.477305ms
Round took 5.338917ms
Round took 5.029845ms
Round took 5.558158ms
Round took 5.071766ms
Round took 5.051219ms
Round took 6.174583ms
Round took 4.128808ms
Round took 5.702643ms
Round took 4.688398ms
Round took 5.293017ms
Round took 4.810963ms
Round took 5.019547ms
Round took 5.68071ms
Round took 4.611819ms
Round took 5.852309ms
Round took 3.838855ms
Round took 5.62069ms
Round took 4.836728ms
Round took 5.376396ms
Round took 5.525206ms
Round took 4.523915ms
Round took 5.165384ms
Round took 4.980904ms
Round took 5.299322ms
Round took 4.58927ms
Round took 5.854467ms
Round took 6.74315ms
Round took 6.56976ms
Round took 5.891694ms
Round took 7.566016ms
Round took 4.471941ms
Round took 4.385852ms
Round took 6.210046ms
Round took 6.329591ms
Round took 5.076836ms
Round took 4.930877ms
Round took 5.65351ms
Round took 4.538255ms
Round took 5.005493ms
Round took 5.108732ms
Round took 5.298474ms
Round took 4.877658ms
Round took 5.367778ms
Round took 4.755848ms
Round took 5.520477ms
Round took 5.061411ms
Round took 6.292176ms
Round took 4.135987ms
Round took 4.651311ms
Round took 4.992938ms
Round took 5.065574ms
Round took 5.485532ms
Round took 4.924989ms
Round took 5.229111ms
Round took 5.142431ms
Round took 4.83198ms
Round took 5.237324ms
Round took 5.161304ms
Round took 5.132531ms
Round took 5.311001ms
Round took 4.673248ms
Round took 5.015334ms
Round took 5.352401ms
Round took 5.134948ms
Round took 5.45454ms
Round took 4.752702ms
Round took 5.873501ms
Round took 4.828187ms
Round took 4.972277ms
Round took 5.376215ms
Round took 4.859418ms
Round took 4.73933ms
Round took 5.459883ms
Round took 5.254616ms
Round took 4.902708ms
Round took 5.580379ms
Round took 4.964205ms
Round took 4.936474ms
Round took 5.226804ms
Round took 4.944112ms
Round took 4.916903ms
Round took 5.784137ms
Round took 5.944959ms
Round took 4.693161ms
Round took 4.893604ms
Round took 5.615285ms
Round took 4.088489ms
Round took 6.34527ms
Round took 4.020612ms
Round took 6.822295ms
Round took 6.65256ms
Round took 4.937923ms
Round took 4.508867ms
Round took 4.96317ms
Round took 5.0945ms
Round took 5.378847ms
Round took 4.832833ms
Round took 5.030525ms
Round took 5.006306ms
Round took 5.337448ms
Round took 4.628528ms
Round took 5.723492ms
Round took 4.436655ms
Round took 4.949074ms
Round took 4.985951ms
Round took 5.706222ms
Round took 5.062224ms
Round took 5.431881ms
Round took 4.599377ms
Round took 5.064563ms
Round took 4.974058ms
Round took 5.058414ms
Round took 5.138761ms
Round took 5.268184ms
Round took 4.591808ms
Round took 5.109538ms
Round took 5.201842ms
Round took 5.140647ms
Round took 4.97214ms
Round took 5.852517ms
Round took 5.010776ms
Round took 4.820029ms
Round took 5.234099ms
Round took 5.069641ms
Round took 5.382588ms
Round took 4.392101ms
Round took 5.693103ms
Round took 5.044465ms
Round took 5.016704ms
Round took 4.572292ms
Round took 5.619802ms
Round took 5.489283ms
Round took 4.342807ms
Round took 6.011483ms
Round took 4.733004ms
Round took 4.993427ms
Round took 5.286671ms
Round took 5.016621ms
Round took 4.955501ms
Round took 5.174684ms
Round took 5.072669ms
Round took 6.687558ms
Round took 3.98991ms
Round took 6.153517ms
Round took 5.298127ms
Round took 4.156875ms
Round took 5.661591ms
Round took 4.429642ms
Round took 5.360863ms
Round took 4.723245ms
Round took 5.904713ms
Round took 3.707166ms
Round took 5.485568ms
Round took 4.979478ms
Round took 4.887831ms
Round took 5.931777ms
Round took 4.409341ms
Round took 4.914755ms
Round took 5.283869ms
Round took 5.065089ms
Round took 5.254846ms
Round took 4.864028ms
Round took 5.944735ms
Round took 4.137399ms
Round took 5.215853ms
Round took 7.337677ms
Round took 6.412836ms
Round took 4.442331ms
Round took 5.122568ms
Round took 4.666909ms
Round took 7.450988ms
Round took 5.353994ms
Round took 5.015998ms
Round took 7.280712ms
Round took 5.289809ms
Round took 4.73712ms
Round took 3.584889ms
Round took 18.041983ms
Round took 4.950309ms
Round took 5.279732ms
Round took 4.828285ms
Round took 6.447064ms
Round took 6.183313ms
Round took 4.531177ms
Round took 5.467425ms
Round took 3.604455ms
Round took 4.91726ms
Round took 6.40836ms
Round took 5.480437ms
Round took 5.435983ms
Round took 3.989877ms
Round took 3.484277ms
Round took 6.380002ms
Round took 4.879255ms
Round took 5.219766ms
Round took 4.962154ms
Round took 4.982267ms
Round took 5.048753ms
Round took 4.949671ms
Round took 5.079541ms
Round took 4.863135ms
Round took 4.877448ms
Round took 5.015685ms
Round took 5.139202ms
Round took 4.406174ms
Round took 5.54726ms
Round took 5.100429ms
Round took 4.687856ms
Round took 5.602206ms
Round took 4.75721ms
Round took 5.667441ms
Round took 4.514002ms
Round took 5.095873ms
Round took 5.33756ms
Round took 4.446531ms
Round took 5.667298ms
Round took 4.994768ms
Round took 4.788941ms
Round took 6.272721ms
Round took 4.143456ms
Round took 5.209312ms
Round took 4.399182ms
Round took 6.828208ms
Round took 4.667083ms
Round took 4.316478ms
Round took 4.820911ms
Round took 5.351818ms
Round took 4.997571ms
Round took 4.845497ms
Round took 6.02001ms
Round took 4.442631ms
Round took 5.165371ms
Round took 4.134469ms
Round took 6.728636ms
Round took 4.065601ms
Round took 5.331399ms
Round took 5.96958ms
Round took 4.669767ms
Round took 4.723207ms
Round took 4.52472ms
Round took 5.443433ms
Round took 5.185106ms
Round took 4.975183ms
Round took 6.044774ms
Round took 3.786353ms
Round took 4.799458ms
Round took 5.476062ms
Round took 5.074584ms
Round took 5.192925ms
Round took 4.89411ms
Round took 4.966555ms
Round took 5.022164ms
Round took 5.52208ms
Round took 6.116931ms
Round took 4.68551ms
Round took 5.192068ms
Round took 4.891435ms
Round took 5.503964ms
Round took 4.579377ms
Round took 5.761282ms
Round took 3.864114ms
Round took 7.266923ms
Round took 5.942183ms
Round took 4.362081ms
Round took 5.001686ms
Round took 5.279481ms
Round took 5.47466ms
Round took 4.943008ms
Round took 5.011049ms
Round took 4.995788ms
Round took 5.169607ms
Round took 5.160982ms
Round took 4.764114ms
Round took 5.735332ms
Round took 4.987114ms
Round took 4.451356ms
Round took 5.215944ms
Round took 5.580012ms
Round took 5.117723ms
Round took 4.604345ms
Round took 5.196161ms
Round took 4.980661ms
Round took 5.385808ms
Round took 5.044235ms
Round took 5.953555ms
Round took 6.132765ms
Round took 5.206839ms
Round took 5.95435ms
Round took 4.320136ms
Round took 4.900376ms
Round took 4.427254ms
Round took 5.87606ms
Round took 4.642674ms
Round took 4.642511ms
Round took 6.715862ms
Round took 6.440396ms
Round took 4.910072ms
Round took 5.324888ms
Round took 5.378029ms
Round took 5.095654ms
Round took 4.7307ms
Round took 4.957835ms
Round took 5.334648ms
Round took 4.786763ms
Round took 5.156516ms
Round took 4.956952ms
Round took 5.378918ms
Round took 5.100495ms
Round took 4.832763ms
Round took 5.796ms
Round took 4.677523ms
Round took 4.954443ms
Round took 5.338993ms
Round took 4.78696ms
Round took 5.795344ms
Round took 4.99796ms
Round took 5.72935ms
Round took 4.438666ms
Round took 5.400994ms
Round took 4.484944ms
Round took 5.944113ms
Round took 4.759186ms
Round took 7.31235ms
Round took 6.388025ms
Round took 4.913294ms
Round took 4.676899ms
Round took 5.741824ms
Round took 5.14584ms
Round took 4.278187ms
Round took 5.47555ms
Round took 5.107538ms
Round took 4.780102ms
Round took 5.292253ms
Round took 4.622886ms
Round took 5.811129ms
Round took 5.106719ms
Round took 5.310075ms
Round took 5.462419ms
Round took 4.451147ms
Round took 5.156962ms
Round took 4.571494ms
Round took 5.035772ms
Round took 5.253555ms
Round took 4.701102ms
Round took 5.110433ms
Round took 5.887694ms
Round took 4.570079ms
Round took 4.892653ms
Round took 5.069164ms
Round took 6.014529ms
Round took 4.627411ms
Round took 5.461978ms
Round took 5.006935ms
Round took 5.161303ms
Round took 5.129881ms
Round took 4.474749ms
Round took 5.320686ms
Round took 5.345556ms
Round took 4.342681ms
Round took 5.427812ms
Round took 5.294538ms
Round took 4.648825ms
Round took 5.528393ms
Round took 5.379173ms
Round took 4.417215ms
Round took 5.237776ms
Round took 4.612908ms
Round took 6.313374ms
Round took 3.925114ms
Round took 5.174528ms
Round took 6.205858ms
Round took 4.435898ms
Round took 5.169237ms
Round took 4.688803ms
Round took 5.230993ms
Round took 4.80909ms
Round took 4.920611ms
Round took 7.052375ms
Round took 6.924613ms
Round took 4.221189ms
Round took 5.061118ms
Round took 5.843682ms
Round took 4.53383ms
Round took 5.48115ms
Round took 4.645322ms
Round took 5.403331ms
Round took 4.948348ms
Round took 5.022014ms
Round took 4.997087ms
Round took 5.020383ms
Round took 5.2157ms
Round took 4.981792ms
Round took 5.587952ms
Round took 4.660729ms
Round took 5.143351ms
Round took 4.653015ms
Round took 5.5207ms
Round took 4.956332ms
Round took 5.267751ms
Round took 4.998873ms
Round took 5.52872ms
Round took 4.764447ms
Round took 5.237377ms
Round took 5.429359ms
Round took 5.057373ms
Round took 4.631412ms
Round took 4.942215ms
Round took 5.826269ms
Round took 4.679921ms
Round took 4.882604ms
Round took 5.734035ms
Round took 4.614926ms
Round took 4.970419ms
Round took 4.976677ms
Round took 6.038853ms
Round took 4.557994ms
Round took 4.802011ms
Round took 5.021242ms
Round took 5.26599ms
Round took 4.601647ms
Round took 5.130428ms
Round took 6.243793ms
Round took 4.202173ms
Round took 4.970975ms
Round took 4.752255ms
Round took 5.012645ms
Round took 5.068982ms
Round took 5.000629ms
Round took 5.933607ms
Round took 4.991668ms
Round took 4.6766ms
Round took 4.757125ms
Round took 5.39257ms
Round took 4.763023ms
Round took 5.044029ms
Round took 4.984045ms
Round took 6.733741ms
Round took 3.886446ms
Round took 5.145232ms
Round took 4.703322ms
Round took 6.673946ms
Round took 5.24708ms
Round took 4.704906ms
Round took 5.356859ms
Round took 4.884702ms
Round took 4.582678ms
Round took 4.968126ms
Round took 6.282778ms
Round took 4.489338ms
Round took 6.557515ms
Round took 6.261616ms
Round took 5.189623ms
Round took 4.966309ms
Round took 5.500659ms
Round took 4.595258ms
Round took 5.115064ms
Round took 5.18564ms
Round took 4.746932ms
Round took 6.186744ms
Round took 4.919109ms
Round took 5.553883ms
Round took 5.531355ms
Round took 4.356618ms
Round took 4.881499ms
Round took 5.650956ms
Round took 4.727727ms
Round took 4.628922ms
Round took 5.220463ms
Round took 5.849633ms
Round took 5.094653ms
Round took 5.749025ms
Round took 5.607429ms
Round took 4.185336ms
Round took 4.852551ms
Round took 4.298786ms
Round took 5.264336ms
Round took 4.796121ms
Round took 5.098661ms
Round took 5.607328ms
Round took 5.06252ms
Round took 4.979145ms
Round took 4.611831ms
Round took 5.785718ms
Round took 4.624222ms
Round took 5.07552ms
Round took 5.089445ms
Round took 6.189209ms
Round took 5.331886ms
Round took 4.401869ms
Round took 5.101985ms
Round took 5.200594ms
Round took 5.352395ms
Round took 4.469042ms
Round took 6.066349ms
Round took 5.035939ms
Round took 4.318581ms
Round took 5.962893ms
Round took 3.986854ms
Round took 5.644146ms
Round took 4.714669ms
Round took 5.736022ms
Round took 4.554908ms
Round took 4.822024ms
Round took 5.571557ms
Round took 5.5271ms
Round took 4.968327ms
Round took 4.760072ms
Round took 7.124439ms
Round took 5.821191ms
Round took 4.471421ms
Round took 5.133344ms
Round took 5.171648ms
Round took 4.97502ms
Round took 4.999104ms
Round took 4.908406ms
Round took 5.213133ms
Round took 6.424364ms
Round took 4.628533ms
Round took 4.697433ms
Round took 4.448322ms
Round took 6.337293ms
Round took 4.358871ms
Round took 5.56352ms
Round took 5.680595ms
Round took 4.748522ms
Round took 4.782149ms
Round took 4.526788ms
Round took 5.644962ms
Round took 4.984587ms
Round took 5.446516ms
Round took 5.260443ms
Round took 4.612188ms
Round took 5.331335ms
Round took 4.420253ms
Round took 5.723222ms
Round took 4.961559ms
Round took 5.272487ms
Round took 5.427615ms
Round took 4.391753ms
Round took 5.287425ms
Round took 5.884416ms
Round took 5.505462ms
Round took 4.518704ms
Round took 5.476254ms
Round took 5.37673ms
Round took 4.619781ms
Round took 5.33167ms
Round took 4.203119ms
Round took 6.183287ms
Round took 4.514191ms
Round took 4.888442ms
Round took 6.347403ms
Round took 4.541473ms
Round took 5.771727ms
Round took 3.792329ms
Round took 5.330029ms
Round took 4.896558ms
Round took 5.08645ms
Round took 5.977434ms
Round took 4.972312ms
Round took 4.749266ms
Round took 5.269578ms
Round took 6.14564ms
Round took 6.771596ms
Round took 4.944592ms
Round took 4.787207ms
Round took 6.510298ms
Round took 4.813278ms
Round took 6.685222ms
Round took 4.524499ms
Round took 4.335258ms
Round took 5.292932ms
Round took 5.1541ms
Round took 5.574979ms
Round took 4.710606ms
Round took 4.937702ms
Round took 6.429413ms
Round took 4.020776ms
Round took 5.173789ms
Round took 5.310146ms
Round took 5.066765ms
Round took 4.850592ms
Round took 6.318546ms
Round took 6.145089ms
Round took 5.426953ms
Round took 5.031485ms
Round took 4.588997ms
Round took 5.742298ms
Round took 4.710198ms
Round took 5.11789ms
Round took 4.839585ms
Round took 5.133525ms
Round took 5.925823ms
Round took 4.78885ms
Round took 6.039214ms
Round took 4.451338ms
Round took 5.074202ms
Round took 4.8415ms
Round took 5.575777ms
Round took 5.229311ms
Round took 4.442096ms
Round took 5.83952ms
Round took 4.445069ms
Round took 5.046236ms
Round took 4.708311ms
Round took 5.23602ms
Round took 5.117225ms
Round took 4.982609ms
Round took 5.26512ms
Round took 5.148935ms
Round took 4.908732ms
Round took 5.248797ms
Round took 4.761776ms
Round took 4.592374ms
Round took 4.933317ms
Round took 5.862042ms
Round took 4.144698ms
Round took 4.889676ms
Round took 5.820537ms
Round took 4.389659ms
Round took 5.415914ms
Round took 5.498963ms
Round took 4.806799ms
Round took 5.243567ms
Round took 4.675764ms
Round took 5.305418ms
Round took 5.537745ms
Round took 7.112585ms
Round took 4.86432ms
Round took 4.717411ms
Round took 3.870681ms
Round took 3.955601ms
Round took 5.226331ms
Round took 5.231296ms
Round took 5.981526ms
Round took 4.972347ms
Round took 6.377348ms
Round took 6.843943ms
Round took 4.719983ms
Round took 4.90775ms
Round took 5.059234ms
Round took 5.121204ms
Round took 4.882108ms
Round took 5.143664ms
Round took 4.918828ms
Round took 5.178236ms
Round took 5.332332ms
Round took 5.050215ms
Round took 5.568911ms
Round took 5.21234ms
Round took 4.794085ms
Round took 5.528223ms
Round took 4.860001ms
Round took 4.982175ms
Round took 5.206259ms
Round took 6.075468ms
Round took 5.487705ms
Round took 5.1803ms
Round took 5.101789ms
Round took 5.267106ms
Round took 4.594128ms
Round took 3.77255ms
Round took 5.412682ms
Round took 5.37412ms
Round took 5.769173ms
Round took 4.899087ms
Round took 8.07035ms
Round took 5.10571ms
Round took 4.89911ms
Round took 4.679343ms
Round took 6.303185ms
Round took 3.708443ms
Round took 5.277129ms
Round took 5.397929ms
Round took 4.857767ms
Round took 5.060061ms
Round took 5.038401ms
Round took 5.050977ms
Round took 5.885457ms
Round took 5.489267ms
Round took 4.63902ms
Round took 5.244584ms
Round took 4.541484ms
Round took 5.081967ms
Round took 7.305498ms
Round took 4.750936ms
Round took 5.392307ms
Round took 4.480701ms
Round took 4.474936ms
Round took 5.237537ms
Round took 5.509499ms
Round took 5.831324ms
Round took 4.221746ms
Round took 5.887414ms
Round took 3.903636ms
Round took 5.092604ms
Round took 5.124514ms
Round took 5.108884ms
Round took 6.202379ms
Round took 4.428963ms
Round took 5.310486ms
Round took 3.544581ms
Round took 6.034342ms
Round took 4.235368ms
Round took 5.618476ms
Round took 5.583869ms
Round took 4.577534ms
Round took 5.410467ms
Round took 4.510624ms
Round took 5.673353ms
Round took 5.043026ms
Round took 5.390857ms
Round took 5.098706ms
Round took 4.682242ms
Round took 4.8093ms
Round took 5.642081ms
Round took 5.565846ms
Round took 4.755317ms
Round took 5.169254ms
Round took 4.90754ms
Round took 4.276849ms
Round took 6.868589ms
Round took 6.848591ms
Round took 5.734471ms
Round took 4.115719ms
Round took 6.977496ms
Round took 5.196358ms
Round took 6.717411ms
Test took 5.252390236s
Successful: 10000
