Uniform distribution
2021/04/16 21:40:47 The leader is replica 0
Round took 7.576588ms
Round took 6.526561ms
Round took 6.601841ms
Round took 6.934676ms
Round took 6.40086ms
Round took 4.127459ms
Round took 5.631005ms
Round took 5.37181ms
Round took 6.214774ms
Round took 6.666105ms
Round took 4.361964ms
Round took 3.5709ms
Round took 4.964449ms
Round took 5.106402ms
Round took 5.274333ms
Round took 5.521318ms
Round took 4.972229ms
Round took 5.323197ms
Round took 4.90246ms
Round took 5.018522ms
Round took 5.313284ms
Round took 5.020884ms
Round took 5.692946ms
Round took 4.727219ms
Round took 4.949095ms
Round took 4.3775ms
Round took 5.384509ms
Round took 4.913711ms
Round took 5.468059ms
Round took 5.586389ms
Round took 4.335789ms
Round took 6.074822ms
Round took 3.588624ms
Round took 5.35519ms
Round took 4.445787ms
Round took 4.912885ms
Round took 6.545281ms
Round took 6.721233ms
Round took 8.210814ms
Round took 6.282396ms
Round took 4.178861ms
Round took 3.990481ms
Round took 7.026556ms
Round took 5.930963ms
Round took 6.081683ms
Round took 4.563309ms
Round took 5.742871ms
Round took 4.490664ms
Round took 5.112314ms
Round took 4.125061ms
Round took 6.639232ms
Round took 5.421911ms
Round took 5.394968ms
Round took 5.177052ms
Round took 3.674277ms
Round took 3.71118ms
Round took 5.765861ms
Round took 5.777918ms
Round took 5.055697ms
Round took 5.021312ms
Round took 4.723309ms
Round took 5.865767ms
Round took 4.907094ms
Round took 4.137096ms
Round took 5.310127ms
Round took 6.334975ms
Round took 5.856562ms
Round took 5.190689ms
Round took 4.060745ms
Round took 4.906412ms
Round took 5.240954ms
Round took 5.142331ms
Round took 5.224053ms
Round took 5.097492ms
Round took 4.701613ms
Round took 5.103141ms
Round took 4.818849ms
Round took 4.993805ms
Round took 6.053239ms
Round took 4.255435ms
Round took 4.775914ms
Round took 4.848799ms
Round took 4.901184ms
Round took 6.058266ms
Round took 4.366185ms
Round took 5.166799ms
Round took 5.14117ms
Round took 4.980471ms
Round took 5.026544ms
Round took 4.680341ms
Round took 5.561681ms
Round took 4.776759ms
Round took 4.74586ms
Round took 4.953398ms
Round took 5.504076ms
Round took 5.154345ms
Round took 5.008576ms
Round took 5.39579ms
Round took 5.310696ms
Round took 4.573562ms
Round took 5.011307ms
Round took 5.560195ms
Round took 5.154471ms
Round took 4.872964ms
Round took 5.471877ms
Round took 5.536987ms
Round took 5.139163ms
Round took 4.515583ms
Round took 4.13204ms
Round took 5.197454ms
Round took 5.565164ms
Round took 5.000896ms
Round took 6.079087ms
Round took 3.840376ms
Round took 5.078329ms
Round took 5.02893ms
Round took 5.60639ms
Round took 4.848529ms
Round took 4.986321ms
Round took 5.39678ms
Round took 4.983676ms
Round took 4.654565ms
Round took 4.544222ms
Round took 5.257777ms
Round took 5.256281ms
Round took 4.935818ms
Round took 5.218618ms
Round took 4.71707ms
Round took 5.284163ms
Round took 5.365151ms
Round took 5.425368ms
Round took 5.043607ms
Round took 5.558525ms
Round took 4.291054ms
Round took 4.512291ms
Round took 5.377169ms
Round took 5.169536ms
Round took 4.754929ms
Round took 5.218876ms
Round took 5.808065ms
Round took 4.185864ms
Round took 4.630791ms
Round took 4.69156ms
Round took 5.834789ms
Round took 5.83559ms
Round took 6.614116ms
Round took 5.091991ms
Round took 5.646112ms
Round took 3.814619ms
Round took 4.170527ms
Round took 4.954519ms
Round took 4.880426ms
Round took 6.566723ms
Round took 4.857225ms
Round took 4.734638ms
Round took 3.890747ms
Round took 5.900355ms
Round took 4.989521ms
Round took 4.891046ms
Round took 5.766576ms
Round took 4.533478ms
Round took 4.524318ms
Round took 4.625734ms
Round took 5.960022ms
Round took 4.47869ms
Round took 5.052151ms
Round took 5.066325ms
Round took 5.925377ms
Round took 4.751165ms
Round took 5.06571ms
Round took 5.714113ms
Round took 4.690531ms
Round took 4.344735ms
Round took 5.477458ms
Round took 4.585441ms
Round took 5.556407ms
Round took 4.982321ms
Round took 3.9939ms
Round took 5.165828ms
Round took 5.436178ms
Round took 4.995823ms
Round took 5.053081ms
Round took 4.562744ms
Round took 5.501034ms
Round took 5.447966ms
Round took 4.371834ms
Round took 4.797151ms
Round took 5.19028ms
Round took 4.965549ms
Round took 4.769163ms
Round took 5.747943ms
Round took 4.978595ms
Round took 5.190714ms
Round took 4.940355ms
Round took 4.751291ms
Round took 5.978584ms
Round took 4.865409ms
Round took 5.654064ms
Round took 4.795176ms
Round took 5.139431ms
Round took 5.52849ms
Round took 4.83904ms
Round took 4.939303ms
Round took 5.136268ms
Round took 5.199293ms
Round took 4.993184ms
Round took 5.071723ms
Round took 4.763859ms
Round took 5.930747ms
Round took 4.254037ms
Round took 5.195542ms
Round took 4.617105ms
Round took 5.044727ms
Round took 5.492161ms
Round took 6.073415ms
Round took 4.199188ms
Round took 5.629922ms
Round took 5.050525ms
Round took 5.442935ms
Round took 3.804298ms
Round took 5.402671ms
Round took 5.447657ms
Round took 5.487664ms
Round took 4.490254ms
Round took 5.397171ms
Round took 5.397631ms
Round took 4.585124ms
Round took 5.052833ms
Round took 5.298236ms
Round took 4.952183ms
Round took 5.090241ms
Round took 4.309281ms
Round took 5.161774ms
Round took 5.594969ms
Round took 4.522631ms
Round took 6.101261ms
Round took 4.08451ms
Round took 5.56939ms
Round took 4.392041ms
Round took 5.287997ms
Round took 4.826105ms
Round took 5.317954ms
Round took 5.667224ms
Round took 4.559003ms
Round took 5.773247ms
Round took 4.249455ms
Round took 4.880234ms
Round took 4.771674ms
Round took 5.378039ms
Round took 5.498189ms
Round took 4.475995ms
Round took 5.187209ms
Round took 4.996962ms
Round took 5.245904ms
Round took 4.613047ms
Round took 5.909858ms
Round took 4.926308ms
Round took 3.984702ms
Round took 6.313339ms
Round took 6.45791ms
Round took 4.779877ms
Round took 4.330415ms
Round took 4.166473ms
Round took 5.108704ms
Round took 5.439819ms
Round took 4.671634ms
Round took 5.911219ms
Round took 4.407277ms
Round took 5.320161ms
Round took 4.530127ms
Round took 5.702975ms
Round took 4.534868ms
Round took 4.708831ms
Round took 4.946922ms
Round took 5.31357ms
Round took 5.299576ms
Round took 4.91444ms
Round took 6.585849ms
Round took 4.760726ms
Round took 4.169947ms
Round took 4.592339ms
Round took 4.961715ms
Round took 5.735319ms
Round took 4.671119ms
Round took 4.934943ms
Round took 5.36566ms
Round took 4.917201ms
Round took 4.672726ms
Round took 5.203762ms
Round took 5.755641ms
Round took 4.491657ms
Round took 5.374685ms
Round took 4.423757ms
Round took 5.313013ms
Round took 4.870511ms
Round took 5.109005ms
Round took 6.06086ms
Round took 4.562999ms
Round took 5.198241ms
Round took 5.778242ms
Round took 4.24566ms
Round took 5.157836ms
Round took 4.96923ms
Round took 4.670266ms
Round took 5.428608ms
Round took 5.275583ms
Round took 4.906462ms
Round took 5.708509ms
Round took 4.70753ms
Round took 5.23066ms
Round took 5.738987ms
Round took 4.370975ms
Round took 4.766614ms
Round took 6.750982ms
Round took 6.02796ms
Round took 5.355829ms
Round took 5.112557ms
Round took 4.692876ms
Round took 5.271367ms
Round took 4.886827ms
Round took 5.425064ms
Round took 4.709671ms
Round took 6.294181ms
Round took 4.118472ms
Round took 5.008816ms
Round took 4.953364ms
Round took 5.087423ms
Round took 5.440134ms
Round took 4.827462ms
Round took 5.113244ms
Round took 5.016692ms
Round took 5.345974ms
Round took 4.741994ms
Round took 5.69827ms
Round took 4.44563ms
Round took 4.915508ms
Round took 5.005214ms
Round took 5.84349ms
Round took 4.98634ms
Round took 5.358439ms
Round took 5.090225ms
Round took 4.725333ms
Round took 4.992662ms
Round took 5.024436ms
Round took 5.665647ms
Round took 5.236364ms
Round took 4.530284ms
Round took 5.12217ms
Round took 5.154674ms
Round took 5.110835ms
Round took 4.993117ms
Round took 5.843962ms
Round took 4.431537ms
Round took 4.732624ms
Round took 5.211769ms
Round took 5.072036ms
Round took 5.387067ms
Round took 4.407967ms
Round took 6.348003ms
Round took 4.944987ms
Round took 4.962076ms
Round took 4.601031ms
Round took 5.664275ms
Round took 4.710937ms
Round took 4.351755ms
Round took 5.550379ms
Round took 5.216593ms
Round took 4.972762ms
Round took 5.241584ms
Round took 4.59748ms
Round took 5.409887ms
Round took 5.158635ms
Round took 4.98384ms
Round took 5.97027ms
Round took 3.858669ms
Round took 5.776181ms
Round took 4.482816ms
Round took 5.144396ms
Round took 5.489247ms
Round took 4.583297ms
Round took 5.555839ms
Round took 4.808581ms
Round took 5.431763ms
Round took 4.245126ms
Round took 5.577944ms
Round took 5.003218ms
Round took 5.170717ms
Round took 4.752152ms
Round took 5.25749ms
Round took 4.811168ms
Round took 4.52456ms
Round took 4.997216ms
Round took 5.390608ms
Round took 4.922789ms
Round took 5.071625ms
Round took 4.726756ms
Round took 5.232325ms
Round took 5.452882ms
Round took 5.127904ms
Round took 5.769333ms
Round took 4.461465ms
Round took 5.136073ms
Round took 4.808194ms
Round took 5.819904ms
Round took 5.079194ms
Round took 5.009127ms
Round took 6.933515ms
Round took 5.352201ms
Round took 5.216281ms
Round took 3.72037ms
Round took 18.546843ms
Round took 4.909069ms
Round took 5.885682ms
Round took 4.844093ms
Round took 5.96914ms
Round took 6.164381ms
Round took 4.386585ms
Round took 5.616711ms
Round took 3.617353ms
Round took 4.87311ms
Round took 6.49766ms
Round took 5.555727ms
Round took 5.392363ms
Round took 4.015992ms
Round took 3.482247ms
Round took 6.355732ms
Round took 4.936208ms
Round took 5.270339ms
Round took 5.017256ms
Round took 5.1176ms
Round took 5.079727ms
Round took 5.396912ms
Round took 5.004886ms
Round took 4.323025ms
Round took 5.194124ms
Round took 5.61613ms
Round took 4.580941ms
Round took 4.487264ms
Round took 5.081095ms
Round took 5.625335ms
Round took 4.298929ms
Round took 5.563584ms
Round took 4.772821ms
Round took 5.714859ms
Round took 4.339843ms
Round took 5.075321ms
Round took 6.133325ms
Round took 4.456966ms
Round took 4.926278ms
Round took 4.665798ms
Round took 4.540961ms
Round took 6.087697ms
Round took 4.247037ms
Round took 5.331398ms
Round took 4.467424ms
Round took 6.679528ms
Round took 4.822066ms
Round took 4.330235ms
Round took 4.757265ms
Round took 5.103477ms
Round took 4.644739ms
Round took 4.929047ms
Round took 6.002497ms
Round took 4.516228ms
Round took 5.136877ms
Round took 4.32817ms
Round took 5.325873ms
Round took 4.986448ms
Round took 5.229007ms
Round took 5.155696ms
Round took 5.536267ms
Round took 4.875195ms
Round took 4.671041ms
Round took 5.743461ms
Round took 5.178462ms
Round took 4.958431ms
Round took 6.089851ms
Round took 4.208931ms
Round took 4.491309ms
Round took 5.532894ms
Round took 5.053598ms
Round took 5.135704ms
Round took 4.842362ms
Round took 4.857428ms
Round took 5.062148ms
Round took 5.178344ms
Round took 5.863263ms
Round took 4.902573ms
Round took 5.31865ms
Round took 4.91415ms
Round took 5.128092ms
Round took 5.011339ms
Round took 5.794805ms
Round took 3.907044ms
Round took 5.34415ms
Round took 5.060049ms
Round took 5.602288ms
Round took 4.234235ms
Round took 4.372904ms
Round took 6.323583ms
Round took 4.851433ms
Round took 4.778846ms
Round took 5.691751ms
Round took 4.831389ms
Round took 4.617452ms
Round took 5.178361ms
Round took 5.256001ms
Round took 5.24626ms
Round took 4.941887ms
Round took 4.428083ms
Round took 5.302433ms
Round took 5.391473ms
Round took 5.175418ms
Round took 5.208123ms
Round took 4.806168ms
Round took 4.789277ms
Round took 5.412044ms
Round took 4.686686ms
Round took 5.515385ms
Round took 4.867751ms
Round took 4.10888ms
Round took 5.978342ms
Round took 4.433444ms
Round took 4.925487ms
Round took 4.611733ms
Round took 5.539295ms
Round took 5.046228ms
Round took 4.794906ms
Round took 5.287776ms
Round took 4.89644ms
Round took 5.989754ms
Round took 4.831638ms
Round took 6.012992ms
Round took 4.853349ms
Round took 4.456649ms
Round took 4.663803ms
Round took 5.081063ms
Round took 5.037228ms
Round took 4.666195ms
Round took 5.071196ms
Round took 5.953934ms
Round took 4.919381ms
Round took 5.140392ms
Round took 5.080873ms
Round took 5.53765ms
Round took 4.456145ms
Round took 4.969944ms
Round took 5.880075ms
Round took 4.180543ms
Round took 5.113507ms
Round took 5.515185ms
Round took 5.193117ms
Round took 4.668254ms
Round took 5.412633ms
Round took 4.994351ms
Round took 5.041345ms
Round took 4.619758ms
Round took 6.471375ms
Round took 3.761108ms
Round took 6.092156ms
Round took 4.893385ms
Round took 5.066167ms
Round took 4.994094ms
Round took 5.145729ms
Round took 5.322968ms
Round took 5.100795ms
Round took 4.591168ms
Round took 4.560196ms
Round took 5.708909ms
Round took 4.091954ms
Round took 5.74515ms
Round took 5.279253ms
Round took 5.331626ms
Round took 5.123551ms
Round took 4.565345ms
Round took 5.144507ms
Round took 4.908892ms
Round took 4.627881ms
Round took 5.430952ms
Round took 4.83078ms
Round took 5.610698ms
Round took 5.395101ms
Round took 4.560722ms
Round took 5.299436ms
Round took 4.715959ms
Round took 5.697265ms
Round took 5.390244ms
Round took 4.99138ms
Round took 4.29254ms
Round took 5.126079ms
Round took 5.881098ms
Round took 3.985445ms
Round took 5.273886ms
Round took 5.41537ms
Round took 4.887702ms
Round took 5.050207ms
Round took 5.258186ms
Round took 4.601983ms
Round took 5.593291ms
Round took 5.257886ms
Round took 4.384244ms
Round took 5.662817ms
Round took 4.50431ms
Round took 6.135089ms
Round took 3.933629ms
Round took 5.506155ms
Round took 5.940238ms
Round took 4.461746ms
Round took 5.603427ms
Round took 4.185912ms
Round took 5.258878ms
Round took 4.906392ms
Round took 5.638136ms
Round took 5.171119ms
Round took 4.313785ms
Round took 5.541366ms
Round took 4.306466ms
Round took 5.043163ms
Round took 5.400979ms
Round took 4.596764ms
Round took 5.737929ms
Round took 4.37542ms
Round took 5.450448ms
Round took 5.26057ms
Round took 5.882218ms
Round took 5.015906ms
Round took 4.111458ms
Round took 5.59211ms
Round took 4.499851ms
Round took 5.140929ms
Round took 4.720321ms
Round took 5.950969ms
Round took 4.37347ms
Round took 4.658461ms
Round took 4.977785ms
Round took 5.491526ms
Round took 4.888651ms
Round took 5.080343ms
Round took 5.502954ms
Round took 5.078623ms
Round took 5.142671ms
Round took 4.575019ms
Round took 5.489266ms
Round took 4.77699ms
Round took 4.408385ms
Round took 5.243046ms
Round took 5.158589ms
Round took 5.44409ms
Round took 4.656272ms
Round took 5.084343ms
Round took 5.493521ms
Round took 5.365789ms
Round took 4.605172ms
Round took 6.028719ms
Round took 4.719575ms
Round took 5.327862ms
Round took 4.360082ms
Round took 5.665091ms
Round took 5.938099ms
Round took 4.221669ms
Round took 5.058097ms
Round took 4.517365ms
Round took 4.856345ms
Round took 4.598992ms
Round took 5.002108ms
Round took 6.029582ms
Round took 4.604779ms
Round took 4.679444ms
Round took 6.517172ms
Round took 4.40361ms
Round took 4.653982ms
Round took 5.019675ms
Round took 5.67458ms
Round took 4.898225ms
Round took 4.272564ms
Round took 5.114843ms
Round took 4.885637ms
Round took 6.304888ms
Round took 5.509405ms
Round took 4.435619ms
Round took 5.233916ms
Round took 4.964828ms
Round took 4.609678ms
Round took 4.9415ms
Round took 5.739727ms
Round took 4.547388ms
Round took 6.178324ms
Round took 3.565864ms
Round took 5.267165ms
Round took 4.946093ms
Round took 5.389557ms
Round took 5.896274ms
Round took 4.039546ms
Round took 5.143268ms
Round took 4.969944ms
Round took 4.542029ms
Round took 5.552961ms
Round took 5.007482ms
Round took 5.599277ms
Round took 5.553269ms
Round took 4.281613ms
Round took 4.741114ms
Round took 5.635694ms
Round took 4.727036ms
Round took 4.68245ms
Round took 5.87935ms
Round took 5.723941ms
Round took 4.720482ms
Round took 5.740472ms
Round took 4.780623ms
Round took 4.285613ms
Round took 4.812587ms
Round took 4.257118ms
Round took 5.298048ms
Round took 4.985675ms
Round took 5.084497ms
Round took 5.724638ms
Round took 5.009492ms
Round took 5.055255ms
Round took 4.637452ms
Round took 5.647465ms
Round took 4.548853ms
Round took 4.761062ms
Round took 5.136895ms
Round took 5.611165ms
Round took 4.914979ms
Round took 4.431117ms
Round took 4.927334ms
Round took 5.552317ms
Round took 5.193081ms
Round took 4.468992ms
Round took 5.317049ms
Round took 5.621696ms
Round took 4.2936ms
Round took 5.480807ms
Round took 5.458657ms
Round took 5.497654ms
Round took 4.771385ms
Round took 5.280986ms
Round took 4.858201ms
Round took 4.847883ms
Round took 5.041653ms
Round took 5.597189ms
Round took 4.855561ms
Round took 4.794311ms
Round took 4.66512ms
Round took 5.612403ms
Round took 5.450092ms
Round took 4.35009ms
Round took 5.38896ms
Round took 5.475535ms
Round took 4.28904ms
Round took 5.091125ms
Round took 4.85143ms
Round took 7.204831ms
Round took 4.427788ms
Round took 5.155298ms
Round took 4.381771ms
Round took 3.848101ms
Round took 4.699965ms
Round took 4.302414ms
Round took 5.249898ms
Round took 5.903594ms
Round took 4.839135ms
Round took 4.722979ms
Round took 4.57645ms
Round took 5.516512ms
Round took 4.775032ms
Round took 5.056601ms
Round took 5.58526ms
Round took 4.614061ms
Round took 5.349665ms
Round took 4.505046ms
Round took 5.767401ms
Round took 4.909073ms
Round took 5.343258ms
Round took 5.336588ms
Round took 4.434036ms
Round took 5.268776ms
Round took 5.34094ms
Round took 5.62667ms
Round took 4.46689ms
Round took 5.287177ms
Round took 5.621986ms
Round took 4.497508ms
Round took 5.348409ms
Round took 4.299637ms
Round took 6.097075ms
Round took 4.413487ms
Round took 4.77076ms
Round took 4.931166ms
Round took 5.451726ms
Round took 5.197517ms
Round took 4.478537ms
Round took 5.176033ms
Round took 5.120957ms
Round took 4.991985ms
Round took 5.107225ms
Round took 5.956443ms
Round took 4.606313ms
Round took 5.161598ms
Round took 5.002612ms
Round took 5.899192ms
Round took 5.263554ms
Round took 4.782271ms
Round took 5.017276ms
Round took 5.051018ms
Round took 4.794727ms
Round took 6.346661ms
Round took 4.370858ms
Round took 4.355763ms
Round took 5.162027ms
Round took 5.320979ms
Round took 4.758072ms
Round took 5.043424ms
Round took 4.791312ms
Round took 5.774122ms
Round took 4.463297ms
Round took 5.227909ms
Round took 4.918729ms
Round took 5.352028ms
Round took 4.854604ms
Round took 5.612412ms
Round took 4.272272ms
Round took 5.991438ms
Round took 5.004305ms
Round took 5.000821ms
Round took 5.609106ms
Round took 6.113602ms
Round took 4.389486ms
Round took 5.592199ms
Round took 4.621721ms
Round took 4.336383ms
Round took 6.651508ms
Round took 3.872881ms
Round took 6.03554ms
Round took 4.047457ms
Round took 5.689854ms
Round took 4.5083ms
Round took 5.51647ms
Round took 5.693289ms
Round took 4.344955ms
Round took 5.35421ms
Round took 4.416391ms
Round took 6.029438ms
Round took 3.984498ms
Round took 4.979308ms
Round took 5.157616ms
Round took 5.188788ms
Round took 5.728067ms
Round took 4.564972ms
Round took 5.180288ms
Round took 5.016411ms
Round took 4.692283ms
Round took 4.718114ms
Round took 5.004274ms
Round took 5.863666ms
Round took 4.178916ms
Round took 4.777262ms
Round took 5.215528ms
Round took 5.738449ms
Round took 5.388275ms
Round took 5.706645ms
Round took 4.519679ms
Round took 5.085535ms
Round took 4.78674ms
Round took 5.467575ms
Round took 5.127348ms
Round took 7.194206ms
Round took 4.894709ms
Round took 4.730276ms
Round took 3.863407ms
Round took 3.970037ms
Round took 5.223935ms
Round took 5.537268ms
Round took 6.11909ms
Round took 5.634842ms
Round took 4.840819ms
Round took 3.519761ms
Round took 5.853758ms
Round took 5.318348ms
Round took 4.628918ms
Round took 5.379276ms
Round took 4.585565ms
Round took 4.850341ms
Round took 5.171197ms
Round took 5.296312ms
Round took 4.730052ms
Round took 5.392927ms
Round took 5.858861ms
Round took 4.637627ms
Round took 4.605795ms
Round took 4.989065ms
Round took 5.369904ms
Round took 5.06572ms
Round took 5.463744ms
Round took 5.072861ms
Round took 6.112748ms
Round took 4.747241ms
Round took 5.161047ms
Round took 5.073712ms
Round took 5.894129ms
Round took 4.709462ms
Round took 5.301246ms
Round took 5.280065ms
Round took 5.883291ms
Round took 4.260269ms
Round took 5.507493ms
Round took 7.770717ms
Round took 3.945826ms
Round took 5.190397ms
Round took 4.654138ms
Round took 4.968557ms
Round took 3.531433ms
Round took 5.277731ms
Round took 5.698056ms
Round took 4.624732ms
Round took 5.012646ms
Round took 5.073214ms
Round took 5.013181ms
Round took 5.879081ms
Round took 6.005257ms
Round took 4.121925ms
Round took 5.343994ms
Round took 4.672985ms
Round took 5.023693ms
Round took 5.621667ms
Round took 4.406969ms
Round took 5.004004ms
Round took 4.867397ms
Round took 4.947373ms
Round took 5.18695ms
Round took 5.134665ms
Round took 5.842178ms
Round took 4.235707ms
Round took 5.402383ms
Round took 4.762737ms
Round took 5.158858ms
Round took 5.080499ms
Round took 4.75545ms
Round took 5.071807ms
Round took 5.442098ms
Round took 4.700617ms
Round took 4.592732ms
Round took 6.008835ms
Round took 4.281631ms
Round took 5.344508ms
Round took 4.907917ms
Round took 5.492211ms
Round took 5.071348ms
Round took 4.67028ms
Round took 5.356532ms
Round took 5.152107ms
Round took 5.075365ms
Round took 5.022171ms
Round took 5.040471ms
Round took 4.975562ms
Round took 5.18667ms
Round took 5.25389ms
Round took 5.509209ms
Round took 4.818139ms
Round took 4.672106ms
Round took 4.458449ms
Round took 6.31189ms
Round took 4.962338ms
Round took 5.984476ms
Round took 5.516113ms
Round took 4.199098ms
Round took 4.386322ms
Round took 4.801103ms
Round took 5.699108ms
Round took 4.686935ms
Round took 5.215203ms
Round took 6.318526ms
Round took 4.396619ms
Round took 5.100135ms
Round took 5.000808ms
Round took 5.2317ms
Round took 5.132808ms
Round took 4.820662ms
Round took 5.663032ms
Round took 4.717841ms
Round took 5.182635ms
Round took 4.936404ms
Round took 4.90184ms
Round took 5.11823ms
Round took 5.158065ms
Round took 5.528789ms
Round took 4.535698ms
Round took 5.050398ms
Round took 4.988561ms
Round took 5.401461ms
Round took 5.124961ms
Round took 5.228769ms
Round took 4.721774ms
Round took 5.196263ms
Round took 5.155095ms
Round took 5.005958ms
Round took 5.443042ms
Round took 6.209388ms
Test took 5.131283064s
Successful: 10000
