Uniform distribution
2021/04/16 21:40:47 The leader is replica 0
Round took 4.209213ms
Round took 4.822492ms
Round took 6.878038ms
Round took 7.307785ms
Round took 6.878004ms
Round took 3.271536ms
Round took 5.2384ms
Round took 5.952697ms
Round took 4.840838ms
Round took 4.654558ms
Round took 4.871289ms
Round took 5.732201ms
Round took 4.762382ms
Round took 5.086873ms
Round took 5.50481ms
Round took 5.24555ms
Round took 4.408523ms
Round took 4.754224ms
Round took 6.259513ms
Round took 4.148475ms
Round took 4.916979ms
Round took 5.136188ms
Round took 4.939909ms
Round took 5.004221ms
Round took 4.538382ms
Round took 5.037577ms
Round took 5.445797ms
Round took 5.389235ms
Round took 4.622207ms
Round took 5.274935ms
Round took 5.796022ms
Round took 4.514791ms
Round took 5.059991ms
Round took 4.970316ms
Round took 5.985927ms
Round took 4.223236ms
Round took 5.013017ms
Round took 7.452147ms
Round took 3.773269ms
Round took 6.323872ms
Round took 4.703009ms
Round took 5.057417ms
Round took 3.545856ms
Round took 5.559756ms
Round took 5.390067ms
Round took 4.519356ms
Round took 5.280303ms
Round took 4.598078ms
Round took 5.957788ms
Round took 6.615487ms
Round took 6.333014ms
Round took 5.473788ms
Round took 6.613848ms
Round took 6.849008ms
Round took 8.790415ms
Round took 4.353618ms
Round took 4.02021ms
Round took 5.985191ms
Round took 4.807088ms
Round took 4.256052ms
Round took 4.722766ms
Round took 7.018091ms
Round took 3.753514ms
Round took 4.978247ms
Round took 5.687933ms
Round took 5.33535ms
Round took 5.112749ms
Round took 4.945582ms
Round took 5.200941ms
Round took 5.139969ms
Round took 5.078488ms
Round took 5.163399ms
Round took 5.533324ms
Round took 4.916688ms
Round took 4.573492ms
Round took 5.07904ms
Round took 5.437248ms
Round took 4.902384ms
Round took 5.015472ms
Round took 5.204281ms
Round took 4.871146ms
Round took 5.201165ms
Round took 4.897536ms
Round took 5.38834ms
Round took 5.158209ms
Round took 4.8632ms
Round took 5.188378ms
Round took 6.498544ms
Round took 8.36655ms
Round took 7.609751ms
Round took 4.8435ms
Round took 3.991089ms
Round took 7.525924ms
Round took 5.306429ms
Round took 6.495173ms
Round took 4.528158ms
Round took 5.792799ms
Round took 4.663413ms
Round took 5.81563ms
Round took 5.552577ms
Round took 7.104499ms
Round took 4.732282ms
Round took 5.346114ms
Round took 4.571216ms
Round took 3.643268ms
Round took 3.897565ms
Round took 6.274346ms
Round took 5.362836ms
Round took 5.174324ms
Round took 5.650263ms
Round took 5.010221ms
Round took 3.936085ms
Round took 5.54867ms
Round took 4.389161ms
Round took 7.292841ms
Round took 7.036395ms
Round took 4.79778ms
Round took 4.40832ms
Round took 5.493962ms
Round took 5.179956ms
Round took 4.758053ms
Round took 5.138808ms
Round took 5.333359ms
Round took 4.781559ms
Round took 4.84462ms
Round took 5.244232ms
Round took 6.082516ms
Round took 4.58041ms
Round took 4.549346ms
Round took 5.412258ms
Round took 5.020826ms
Round took 4.901738ms
Round took 5.965826ms
Round took 5.00175ms
Round took 5.171193ms
Round took 4.687181ms
Round took 5.512917ms
Round took 5.794894ms
Round took 5.463311ms
Round took 5.191725ms
Round took 4.460639ms
Round took 4.82531ms
Round took 6.646755ms
Round took 6.458422ms
Round took 5.245069ms
Round took 5.005427ms
Round took 4.829984ms
Round took 5.286776ms
Round took 4.9312ms
Round took 4.893644ms
Round took 5.421296ms
Round took 6.032509ms
Round took 4.823631ms
Round took 5.778926ms
Round took 5.283109ms
Round took 4.509191ms
Round took 4.42202ms
Round took 5.242088ms
Round took 5.741203ms
Round took 5.061778ms
Round took 6.617133ms
Round took 3.908002ms
Round took 5.076828ms
Round took 5.011378ms
Round took 5.621962ms
Round took 4.823308ms
Round took 5.050389ms
Round took 5.337849ms
Round took 5.498884ms
Round took 5.104764ms
Round took 4.460847ms
Round took 6.108335ms
Round took 4.425826ms
Round took 4.930148ms
Round took 7.242784ms
Round took 5.424435ms
Round took 5.477491ms
Round took 5.173664ms
Round took 4.744189ms
Round took 6.053467ms
Round took 4.401553ms
Round took 4.57415ms
Round took 5.367626ms
Round took 5.527994ms
Round took 4.569705ms
Round took 4.964388ms
Round took 6.034213ms
Round took 5.773262ms
Round took 5.854408ms
Round took 4.570714ms
Round took 5.790476ms
Round took 6.724046ms
Round took 5.749127ms
Round took 5.106015ms
Round took 5.089272ms
Round took 3.75124ms
Round took 4.056303ms
Round took 5.899682ms
Round took 5.551919ms
Round took 5.085468ms
Round took 5.280377ms
Round took 5.061354ms
Round took 5.491039ms
Round took 4.506157ms
Round took 5.676982ms
Round took 4.668332ms
Round took 4.649097ms
Round took 5.325501ms
Round took 5.786779ms
Round took 5.694867ms
Round took 4.766442ms
Round took 5.004352ms
Round took 5.094043ms
Round took 5.10959ms
Round took 5.694643ms
Round took 5.139114ms
Round took 5.177204ms
Round took 5.292971ms
Round took 4.139925ms
Round took 5.556746ms
Round took 4.610546ms
Round took 5.666681ms
Round took 5.09724ms
Round took 4.46452ms
Round took 5.599314ms
Round took 5.351087ms
Round took 4.922763ms
Round took 4.970769ms
Round took 4.623995ms
Round took 5.395736ms
Round took 5.523558ms
Round took 4.31233ms
Round took 5.052724ms
Round took 4.997964ms
Round took 5.590554ms
Round took 6.220355ms
Round took 6.752996ms
Round took 5.092148ms
Round took 5.002401ms
Round took 4.700368ms
Round took 6.005498ms
Round took 4.800947ms
Round took 5.016216ms
Round took 5.360948ms
Round took 5.162154ms
Round took 4.377886ms
Round took 5.25843ms
Round took 5.159941ms
Round took 4.994615ms
Round took 4.741491ms
Round took 5.498395ms
Round took 6.070778ms
Round took 4.556708ms
Round took 5.877557ms
Round took 4.823439ms
Round took 5.239871ms
Round took 4.695959ms
Round took 5.065028ms
Round took 5.42501ms
Round took 5.503962ms
Round took 4.694694ms
Round took 5.649961ms
Round took 5.129727ms
Round took 4.451512ms
Round took 4.594096ms
Round took 5.624581ms
Round took 5.40452ms
Round took 5.454582ms
Round took 4.967035ms
Round took 5.187389ms
Round took 5.004257ms
Round took 5.035507ms
Round took 5.213198ms
Round took 5.195686ms
Round took 4.443836ms
Round took 6.439805ms
Round took 6.368409ms
Round took 5.070977ms
Round took 4.824617ms
Round took 6.243574ms
Round took 4.230792ms
Round took 5.139475ms
Round took 4.964966ms
Round took 5.434544ms
Round took 4.880557ms
Round took 4.818186ms
Round took 5.364489ms
Round took 5.093091ms
Round took 5.087033ms
Round took 4.928341ms
Round took 5.314914ms
Round took 4.958631ms
Round took 5.045369ms
Round took 4.985957ms
Round took 5.110694ms
Round took 5.298038ms
Round took 5.001048ms
Round took 5.118423ms
Round took 4.916536ms
Round took 5.501561ms
Round took 4.783509ms
Round took 5.04721ms
Round took 6.155868ms
Round took 6.378165ms
Round took 6.466338ms
Round took 4.629053ms
Round took 4.327699ms
Round took 6.154046ms
Round took 6.290842ms
Round took 5.111406ms
Round took 4.987189ms
Round took 5.631554ms
Round took 4.554205ms
Round took 5.027699ms
Round took 5.116161ms
Round took 5.367924ms
Round took 4.896008ms
Round took 5.380824ms
Round took 4.734247ms
Round took 5.420837ms
Round took 5.259793ms
Round took 6.184144ms
Round took 4.159941ms
Round took 4.597923ms
Round took 5.024618ms
Round took 5.776291ms
Round took 4.731587ms
Round took 4.967148ms
Round took 5.116205ms
Round took 5.118017ms
Round took 4.695322ms
Round took 5.228106ms
Round took 5.055289ms
Round took 5.180522ms
Round took 5.294567ms
Round took 4.665383ms
Round took 5.300234ms
Round took 4.905535ms
Round took 4.945989ms
Round took 5.460982ms
Round took 4.711779ms
Round took 6.40096ms
Round took 5.806499ms
Round took 5.354683ms
Round took 4.758127ms
Round took 5.002322ms
Round took 6.266341ms
Round took 6.244086ms
Round took 4.960025ms
Round took 5.211676ms
Round took 4.960477ms
Round took 5.717929ms
Round took 4.787567ms
Round took 4.882811ms
Round took 5.124523ms
Round took 5.518755ms
Round took 5.152852ms
Round took 5.460862ms
Round took 5.055692ms
Round took 5.189275ms
Round took 4.63369ms
Round took 5.244145ms
Round took 4.808523ms
Round took 5.154105ms
Round took 4.722794ms
Round took 6.215657ms
Round took 4.976003ms
Round took 4.891198ms
Round took 5.277336ms
Round took 5.273009ms
Round took 5.541781ms
Round took 5.046289ms
Round took 4.492637ms
Round took 4.995178ms
Round took 5.427542ms
Round took 4.885065ms
Round took 5.366643ms
Round took 4.465707ms
Round took 4.802951ms
Round took 5.247542ms
Round took 5.503314ms
Round took 5.074006ms
Round took 5.410619ms
Round took 4.926764ms
Round took 4.606835ms
Round took 5.200305ms
Round took 5.233073ms
Round took 5.869922ms
Round took 6.015616ms
Round took 3.999878ms
Round took 5.583529ms
Round took 4.710549ms
Round took 5.728187ms
Round took 4.614202ms
Round took 5.543121ms
Round took 4.454433ms
Round took 5.017629ms
Round took 5.787786ms
Round took 4.650229ms
Round took 5.849032ms
Round took 3.657482ms
Round took 5.83958ms
Round took 5.163317ms
Round took 5.277346ms
Round took 5.037835ms
Round took 4.808617ms
Round took 5.076086ms
Round took 5.041226ms
Round took 5.863654ms
Round took 4.263957ms
Round took 4.970003ms
Round took 6.026114ms
Round took 4.426854ms
Round took 4.919142ms
Round took 6.096233ms
Round took 6.124137ms
Round took 4.844594ms
Round took 5.717219ms
Round took 4.56996ms
Round took 5.101929ms
Round took 5.450802ms
Round took 4.596253ms
Round took 5.207838ms
Round took 5.107245ms
Round took 5.420578ms
Round took 4.470972ms
Round took 5.235255ms
Round took 5.325065ms
Round took 4.900827ms
Round took 5.032669ms
Round took 4.737805ms
Round took 5.32094ms
Round took 5.737495ms
Round took 4.980989ms
Round took 6.296848ms
Round took 4.708257ms
Round took 5.115834ms
Round took 4.751735ms
Round took 5.247331ms
Round took 5.457008ms
Round took 6.847403ms
Round took 4.371398ms
Round took 4.506487ms
Round took 6.511406ms
Round took 5.921039ms
Round took 5.296882ms
Round took 5.199176ms
Round took 6.70603ms
Round took 4.948181ms
Round took 5.075134ms
Round took 4.352511ms
Round took 19.149847ms
Round took 5.140852ms
Round took 5.403343ms
Round took 4.644578ms
Round took 5.392143ms
Round took 6.051827ms
Round took 5.104479ms
Round took 5.107447ms
Round took 4.274794ms
Round took 5.075161ms
Round took 5.401204ms
Round took 5.73026ms
Round took 5.266656ms
Round took 4.82013ms
Round took 3.379617ms
Round took 5.810824ms
Round took 5.494457ms
Round took 4.864783ms
Round took 4.924856ms
Round took 4.851678ms
Round took 5.506131ms
Round took 4.891428ms
Round took 4.960564ms
Round took 4.94797ms
Round took 4.836121ms
Round took 5.307445ms
Round took 4.86834ms
Round took 5.03574ms
Round took 6.441143ms
Round took 5.590983ms
Round took 4.351132ms
Round took 5.592269ms
Round took 4.778279ms
Round took 6.019332ms
Round took 4.516218ms
Round took 5.086442ms
Round took 6.37867ms
Round took 3.95263ms
Round took 5.052492ms
Round took 4.720209ms
Round took 4.756365ms
Round took 6.158252ms
Round took 4.229749ms
Round took 5.239234ms
Round took 4.442721ms
Round took 6.923545ms
Round took 4.56381ms
Round took 4.261493ms
Round took 4.789769ms
Round took 5.334418ms
Round took 5.002307ms
Round took 4.843725ms
Round took 6.073145ms
Round took 4.450359ms
Round took 5.154237ms
Round took 4.07314ms
Round took 5.964032ms
Round took 4.599108ms
Round took 5.30925ms
Round took 6.168776ms
Round took 4.765056ms
Round took 4.797742ms
Round took 4.967954ms
Round took 4.920193ms
Round took 5.321194ms
Round took 4.938267ms
Round took 6.109094ms
Round took 3.842371ms
Round took 4.884576ms
Round took 6.002817ms
Round took 4.576521ms
Round took 5.171121ms
Round took 4.991325ms
Round took 5.849238ms
Round took 5.511395ms
Round took 6.979166ms
Round took 4.464552ms
Round took 4.966406ms
Round took 5.457362ms
Round took 5.128862ms
Round took 4.518108ms
Round took 6.303241ms
Round took 4.796906ms
Round took 5.225666ms
Round took 4.588786ms
Round took 6.182835ms
Round took 5.043739ms
Round took 4.429841ms
Round took 5.54596ms
Round took 5.103036ms
Round took 4.86984ms
Round took 4.992969ms
Round took 5.633858ms
Round took 4.38712ms
Round took 5.109532ms
Round took 4.801993ms
Round took 5.705991ms
Round took 5.003851ms
Round took 4.462351ms
Round took 5.318282ms
Round took 5.600792ms
Round took 5.195594ms
Round took 4.94502ms
Round took 5.073467ms
Round took 4.746396ms
Round took 5.432978ms
Round took 4.352955ms
Round took 5.684133ms
Round took 5.375738ms
Round took 4.401296ms
Round took 6.796135ms
Round took 3.879606ms
Round took 4.952404ms
Round took 4.450174ms
Round took 6.115135ms
Round took 4.477044ms
Round took 4.718254ms
Round took 5.800628ms
Round took 4.341956ms
Round took 6.003873ms
Round took 5.399468ms
Round took 5.860996ms
Round took 4.926674ms
Round took 4.937263ms
Round took 5.194855ms
Round took 6.244825ms
Round took 5.274981ms
Round took 5.01651ms
Round took 5.146815ms
Round took 5.27342ms
Round took 5.128184ms
Round took 4.864713ms
Round took 5.714945ms
Round took 4.618106ms
Round took 4.938873ms
Round took 5.299394ms
Round took 4.778427ms
Round took 6.021971ms
Round took 4.713609ms
Round took 5.575119ms
Round took 4.949804ms
Round took 5.142544ms
Round took 4.515181ms
Round took 5.556803ms
Round took 4.77825ms
Round took 5.343713ms
Round took 4.872419ms
Round took 6.404475ms
Round took 4.650392ms
Round took 4.673853ms
Round took 5.566051ms
Round took 5.11391ms
Round took 4.709156ms
Round took 5.501197ms
Round took 5.45969ms
Round took 4.277408ms
Round took 5.295883ms
Round took 4.578291ms
Round took 5.776247ms
Round took 5.263132ms
Round took 5.322045ms
Round took 5.23922ms
Round took 4.51174ms
Round took 5.112712ms
Round took 4.986042ms
Round took 4.657397ms
Round took 5.339994ms
Round took 4.863406ms
Round took 5.594848ms
Round took 5.404412ms
Round took 4.568807ms
Round took 5.254804ms
Round took 4.715944ms
Round took 5.640177ms
Round took 4.901584ms
Round took 6.024782ms
Round took 4.346845ms
Round took 5.059832ms
Round took 5.780349ms
Round took 3.798833ms
Round took 5.325186ms
Round took 5.369043ms
Round took 4.840608ms
Round took 4.986933ms
Round took 5.26053ms
Round took 4.635791ms
Round took 5.867536ms
Round took 5.079375ms
Round took 4.429894ms
Round took 5.617673ms
Round took 4.097617ms
Round took 6.069858ms
Round took 3.879115ms
Round took 5.198975ms
Round took 6.234751ms
Round took 4.433859ms
Round took 5.131276ms
Round took 4.690047ms
Round took 5.241696ms
Round took 4.857217ms
Round took 4.996554ms
Round took 6.595877ms
Round took 4.385573ms
Round took 5.767723ms
Round took 3.992783ms
Round took 5.033144ms
Round took 5.392404ms
Round took 4.59134ms
Round took 5.715119ms
Round took 4.547868ms
Round took 5.167604ms
Round took 5.292374ms
Round took 4.858459ms
Round took 5.087646ms
Round took 4.080417ms
Round took 5.256003ms
Round took 5.016461ms
Round took 5.363757ms
Round took 4.662882ms
Round took 5.918058ms
Round took 5.018535ms
Round took 4.684361ms
Round took 5.027135ms
Round took 5.632337ms
Round took 4.757247ms
Round took 5.126694ms
Round took 5.562484ms
Round took 5.043449ms
Round took 5.193205ms
Round took 4.561816ms
Round took 5.574103ms
Round took 4.812666ms
Round took 4.832041ms
Round took 6.619449ms
Round took 5.792869ms
Round took 5.106252ms
Round took 5.026526ms
Round took 4.922124ms
Round took 5.998478ms
Round took 4.519717ms
Round took 4.853313ms
Round took 5.023641ms
Round took 5.290009ms
Round took 4.810892ms
Round took 5.172409ms
Round took 5.385056ms
Round took 4.910746ms
Round took 5.039658ms
Round took 4.89329ms
Round took 5.024055ms
Round took 5.680514ms
Round took 4.99419ms
Round took 5.400589ms
Round took 5.60676ms
Round took 4.689155ms
Round took 4.805304ms
Round took 5.367072ms
Round took 4.84352ms
Round took 5.037757ms
Round took 4.986209ms
Round took 6.540975ms
Round took 4.064803ms
Round took 5.157086ms
Round took 4.734619ms
Round took 6.570774ms
Round took 5.259329ms
Round took 4.642581ms
Round took 5.307907ms
Round took 4.970376ms
Round took 4.609339ms
Round took 4.932174ms
Round took 6.098739ms
Round took 4.293547ms
Round took 6.659693ms
Round took 3.89839ms
Round took 5.310741ms
Round took 5.011345ms
Round took 5.504442ms
Round took 5.784131ms
Round took 4.001577ms
Round took 5.397769ms
Round took 6.25681ms
Round took 5.87259ms
Round took 5.015405ms
Round took 5.108132ms
Round took 5.671704ms
Round took 4.777962ms
Round took 4.890763ms
Round took 5.283681ms
Round took 5.022002ms
Round took 4.82828ms
Round took 5.188757ms
Round took 5.134168ms
Round took 5.771695ms
Round took 5.58777ms
Round took 4.491639ms
Round took 4.652706ms
Round took 5.151721ms
Round took 4.335392ms
Round took 5.256007ms
Round took 5.106238ms
Round took 5.084807ms
Round took 5.226427ms
Round took 4.917968ms
Round took 5.388859ms
Round took 4.665357ms
Round took 5.414282ms
Round took 4.592198ms
Round took 5.717871ms
Round took 4.837294ms
Round took 5.047044ms
Round took 5.862802ms
Round took 4.447244ms
Round took 4.984787ms
Round took 5.499466ms
Round took 4.852418ms
Round took 4.727264ms
Round took 5.001913ms
Round took 5.81797ms
Round took 4.509541ms
Round took 5.523814ms
Round took 4.610366ms
Round took 5.5972ms
Round took 4.69434ms
Round took 4.955044ms
Round took 5.052634ms
Round took 5.500344ms
Round took 4.879833ms
Round took 5.327916ms
Round took 5.198603ms
Round took 4.624558ms
Round took 4.730559ms
Round took 5.093752ms
Round took 6.868795ms
Round took 3.922025ms
Round took 4.991046ms
Round took 6.090599ms
Round took 4.201445ms
Round took 5.096534ms
Round took 4.907275ms
Round took 6.439666ms
Round took 5.209028ms
Round took 4.95292ms
Round took 5.224923ms
Round took 3.722144ms
Round took 5.548373ms
Round took 4.646329ms
Round took 6.496674ms
Round took 5.036571ms
Round took 5.219814ms
Round took 5.381641ms
Round took 3.562717ms
Round took 5.492952ms
Round took 4.804783ms
Round took 5.576972ms
Round took 5.306574ms
Round took 4.567771ms
Round took 6.363274ms
Round took 4.02063ms
Round took 5.379456ms
Round took 4.928521ms
Round took 5.50046ms
Round took 5.549715ms
Round took 4.286661ms
Round took 6.452371ms
Round took 6.514895ms
Round took 4.551379ms
Round took 4.754171ms
Round took 5.202768ms
Round took 5.230902ms
Round took 5.343474ms
Round took 4.4215ms
Round took 5.857332ms
Round took 4.651733ms
Round took 5.326764ms
Round took 4.9243ms
Round took 5.278005ms
Round took 5.243375ms
Round took 4.237586ms
Round took 5.119083ms
Round took 5.201226ms
Round took 4.981737ms
Round took 5.034438ms
Round took 5.314055ms
Round took 4.942077ms
Round took 5.126359ms
Round took 4.797909ms
Round took 5.027886ms
Round took 6.080479ms
Round took 4.801706ms
Round took 4.747195ms
Round took 6.223024ms
Round took 4.656764ms
Round took 5.534079ms
Round took 5.264623ms
Round took 4.371137ms
Round took 5.063743ms
Round took 4.952118ms
Round took 4.995265ms
Round took 5.527696ms
Round took 4.5534ms
Round took 5.005353ms
Round took 5.392616ms
Round took 5.083127ms
Round took 4.850571ms
Round took 5.443268ms
Round took 4.881714ms
Round took 5.56851ms
Round took 4.308805ms
Round took 6.000745ms
Round took 5.020804ms
Round took 4.980659ms
Round took 4.858458ms
Round took 5.747519ms
Round took 4.428701ms
Round took 5.679906ms
Round took 6.924456ms
Round took 6.134906ms
Round took 4.827757ms
Round took 5.19854ms
Round took 4.791202ms
Round took 5.388893ms
Round took 4.886779ms
Round took 5.533639ms
Round took 5.079701ms
Round took 4.500491ms
Round took 5.11403ms
Round took 5.232037ms
Round took 4.876083ms
Round took 4.978826ms
Round took 5.219125ms
Round took 5.199224ms
Round took 4.934961ms
Round took 5.287021ms
Round took 5.032077ms
Round took 6.342264ms
Round took 5.32732ms
Round took 4.775969ms
Round took 5.285506ms
Round took 4.990767ms
Round took 4.975007ms
Round took 4.977677ms
Round took 5.00444ms
Round took 5.284182ms
Round took 4.87576ms
Round took 5.7278ms
Round took 5.377545ms
Round took 4.550428ms
Round took 6.027403ms
Round took 4.480351ms
Round took 5.325464ms
Round took 5.166816ms
Round took 6.879493ms
Round took 5.621042ms
Round took 4.476813ms
Round took 3.951105ms
Round took 3.449184ms
Round took 5.284885ms
Round took 5.184256ms
Round took 6.144539ms
Round took 4.913821ms
Round took 5.996003ms
Round took 3.27546ms
Round took 6.803999ms
Round took 4.855891ms
Round took 4.857647ms
Round took 5.475948ms
Round took 4.626187ms
Round took 4.873353ms
Round took 5.18026ms
Round took 5.252541ms
Round took 4.678795ms
Round took 5.35714ms
Round took 5.866455ms
Round took 4.596309ms
Round took 4.652858ms
Round took 4.566109ms
Round took 5.49323ms
Round took 5.089786ms
Round took 4.939915ms
Round took 7.099451ms
Round took 6.995187ms
Round took 4.902118ms
Round took 4.89591ms
Round took 5.844755ms
Round took 4.971774ms
Round took 3.794142ms
Round took 5.301965ms
Round took 5.622238ms
Round took 5.78499ms
Round took 4.930082ms
Round took 8.018385ms
Round took 5.045487ms
Round took 4.26322ms
Round took 4.68062ms
Round took 4.778534ms
Round took 4.260342ms
Round took 3.608824ms
Round took 5.819607ms
Round took 5.241069ms
Round took 4.684306ms
Round took 5.180111ms
Round took 6.327924ms
Round took 6.496869ms
Round took 5.380518ms
Round took 4.724907ms
Round took 5.727584ms
Round took 4.284389ms
Round took 5.077503ms
Round took 5.576408ms
Round took 4.99871ms
Round took 5.139977ms
Round took 4.878265ms
Round took 4.939475ms
Round took 5.163426ms
Round took 5.165847ms
Round took 5.824565ms
Round took 4.408573ms
Round took 5.379139ms
Round took 4.82032ms
Round took 5.228527ms
Round took 5.103169ms
Round took 4.815259ms
Round took 5.09868ms
Round took 6.699593ms
Round took 4.724446ms
Round took 4.20516ms
Round took 6.109578ms
Round took 4.306211ms
Round took 5.380007ms
Round took 5.830234ms
Round took 4.585224ms
Round took 5.188759ms
Round took 4.597078ms
Round took 6.012835ms
Round took 5.064197ms
Round took 5.320108ms
Round took 5.194446ms
Round took 4.84796ms
Round took 4.735056ms
Round took 5.621882ms
Round took 5.476582ms
Round took 4.487653ms
Round took 4.882601ms
Round took 5.670646ms
Round took 4.266376ms
Round took 6.828393ms
Round took 6.170833ms
Round took 6.020378ms
Test took 5.224608433s
Successful: 10000
