Uniform distribution
2021/04/16 21:40:47 The leader is replica 0
Round took 6.725723ms
Round took 6.975038ms
Round took 6.298427ms
Round took 4.021049ms
Round took 5.715321ms
Round took 5.369048ms
Round took 5.827263ms
Round took 6.172536ms
Round took 4.542257ms
Round took 3.742643ms
Round took 5.019258ms
Round took 5.21668ms
Round took 5.283189ms
Round took 5.529324ms
Round took 4.950857ms
Round took 5.377773ms
Round took 4.821245ms
Round took 5.026589ms
Round took 5.35218ms
Round took 4.965869ms
Round took 5.608303ms
Round took 4.746472ms
Round took 4.963461ms
Round took 4.415287ms
Round took 5.355795ms
Round took 4.913841ms
Round took 5.474ms
Round took 5.586684ms
Round took 4.314221ms
Round took 6.079164ms
Round took 3.60723ms
Round took 5.239021ms
Round took 4.442813ms
Round took 4.938089ms
Round took 6.396111ms
Round took 6.568912ms
Round took 7.330065ms
Round took 7.301009ms
Round took 4.268184ms
Round took 4.024711ms
Round took 6.92507ms
Round took 6.009383ms
Round took 6.059581ms
Round took 4.567002ms
Round took 5.766695ms
Round took 4.548326ms
Round took 5.084346ms
Round took 4.158085ms
Round took 6.56567ms
Round took 5.484958ms
Round took 5.47631ms
Round took 5.150186ms
Round took 4.080175ms
Round took 3.930777ms
Round took 5.770759ms
Round took 5.71883ms
Round took 5.053544ms
Round took 5.044381ms
Round took 4.720983ms
Round took 5.857935ms
Round took 5.436398ms
Round took 4.312253ms
Round took 5.631531ms
Round took 6.887189ms
Round took 5.095839ms
Round took 4.781077ms
Round took 6.100853ms
Round took 5.147562ms
Round took 4.642667ms
Round took 5.151997ms
Round took 5.189852ms
Round took 4.834674ms
Round took 4.920255ms
Round took 5.188204ms
Round took 5.045613ms
Round took 5.142796ms
Round took 4.812878ms
Round took 5.358894ms
Round took 5.017092ms
Round took 5.006102ms
Round took 5.466474ms
Round took 5.566296ms
Round took 5.128022ms
Round took 4.631506ms
Round took 4.80611ms
Round took 5.72297ms
Round took 5.119474ms
Round took 5.441754ms
Round took 4.731761ms
Round took 4.871296ms
Round took 4.990387ms
Round took 5.037688ms
Round took 5.655718ms
Round took 4.900972ms
Round took 5.077904ms
Round took 5.608507ms
Round took 4.553234ms
Round took 4.790063ms
Round took 4.772004ms
Round took 5.862177ms
Round took 5.008803ms
Round took 4.707292ms
Round took 5.230926ms
Round took 5.510783ms
Round took 4.167121ms
Round took 4.266995ms
Round took 5.179658ms
Round took 5.809075ms
Round took 5.083693ms
Round took 5.127541ms
Round took 4.752227ms
Round took 5.197754ms
Round took 5.079417ms
Round took 5.043241ms
Round took 5.391348ms
Round took 4.676083ms
Round took 4.641646ms
Round took 5.245359ms
Round took 5.522654ms
Round took 4.513107ms
Round took 4.863792ms
Round took 4.959733ms
Round took 5.342976ms
Round took 5.34555ms
Round took 4.500907ms
Round took 5.406197ms
Round took 5.496504ms
Round took 5.162748ms
Round took 4.64478ms
Round took 6.031982ms
Round took 4.347745ms
Round took 4.523281ms
Round took 5.389119ms
Round took 5.156426ms
Round took 4.738581ms
Round took 4.893268ms
Round took 5.121796ms
Round took 5.29965ms
Round took 5.064184ms
Round took 4.815866ms
Round took 5.826428ms
Round took 4.940007ms
Round took 5.838393ms
Round took 5.642652ms
Round took 5.007062ms
Round took 4.970966ms
Round took 3.783826ms
Round took 4.112484ms
Round took 5.931624ms
Round took 5.520453ms
Round took 5.071328ms
Round took 5.215191ms
Round took 4.148913ms
Round took 5.32157ms
Round took 4.560236ms
Round took 5.432719ms
Round took 5.141366ms
Round took 4.596317ms
Round took 5.231076ms
Round took 5.101051ms
Round took 5.501168ms
Round took 4.516214ms
Round took 5.028219ms
Round took 5.111959ms
Round took 5.058365ms
Round took 5.015477ms
Round took 5.599818ms
Round took 5.246263ms
Round took 4.362579ms
Round took 5.195274ms
Round took 5.550024ms
Round took 4.462863ms
Round took 5.480885ms
Round took 4.723998ms
Round took 5.059636ms
Round took 4.979659ms
Round took 5.357978ms
Round took 5.314096ms
Round took 4.984921ms
Round took 4.658307ms
Round took 5.193708ms
Round took 5.912208ms
Round took 4.347908ms
Round took 4.782869ms
Round took 5.291357ms
Round took 5.208755ms
Round took 4.989351ms
Round took 5.005573ms
Round took 5.73344ms
Round took 5.128458ms
Round took 4.837615ms
Round took 4.693207ms
Round took 6.02368ms
Round took 4.770323ms
Round took 5.067294ms
Round took 5.369924ms
Round took 4.913088ms
Round took 4.771584ms
Round took 5.386119ms
Round took 5.075675ms
Round took 4.726235ms
Round took 4.718421ms
Round took 5.746215ms
Round took 4.989861ms
Round took 4.373849ms
Round took 5.58092ms
Round took 4.791812ms
Round took 5.237866ms
Round took 4.714212ms
Round took 4.870622ms
Round took 5.820014ms
Round took 5.459639ms
Round took 4.749162ms
Round took 5.66457ms
Round took 5.018524ms
Round took 4.389521ms
Round took 4.586279ms
Round took 5.715874ms
Round took 5.285353ms
Round took 4.986039ms
Round took 4.599394ms
Round took 5.735487ms
Round took 4.908246ms
Round took 4.81338ms
Round took 5.27972ms
Round took 5.416187ms
Round took 4.471462ms
Round took 5.276262ms
Round took 5.525338ms
Round took 5.108255ms
Round took 5.093553ms
Round took 5.0518ms
Round took 6.190311ms
Round took 4.182838ms
Round took 5.684224ms
Round took 4.441309ms
Round took 5.223637ms
Round took 4.803948ms
Round took 5.648355ms
Round took 5.55373ms
Round took 4.582358ms
Round took 5.773699ms
Round took 4.019753ms
Round took 4.823712ms
Round took 4.733153ms
Round took 5.376435ms
Round took 5.456521ms
Round took 4.36402ms
Round took 5.138828ms
Round took 4.976918ms
Round took 5.194105ms
Round took 4.555526ms
Round took 5.427878ms
Round took 5.355907ms
Round took 4.498838ms
Round took 6.327047ms
Round took 6.507756ms
Round took 4.787144ms
Round took 4.189681ms
Round took 4.121298ms
Round took 5.124036ms
Round took 5.412546ms
Round took 4.707589ms
Round took 5.909246ms
Round took 4.373796ms
Round took 5.354194ms
Round took 4.469486ms
Round took 5.716195ms
Round took 4.554082ms
Round took 4.639157ms
Round took 4.962298ms
Round took 5.357265ms
Round took 5.295587ms
Round took 4.826973ms
Round took 6.581518ms
Round took 4.80574ms
Round took 4.101821ms
Round took 4.668766ms
Round took 5.006738ms
Round took 5.677849ms
Round took 4.742535ms
Round took 4.917885ms
Round took 5.376035ms
Round took 4.902458ms
Round took 4.762857ms
Round took 5.167466ms
Round took 5.77423ms
Round took 4.425322ms
Round took 5.373016ms
Round took 4.490684ms
Round took 5.329674ms
Round took 4.870402ms
Round took 5.085748ms
Round took 6.163225ms
Round took 4.23432ms
Round took 4.903872ms
Round took 4.51259ms
Round took 4.803879ms
Round took 5.600722ms
Round took 4.890151ms
Round took 4.755205ms
Round took 5.388016ms
Round took 5.282579ms
Round took 4.888729ms
Round took 6.018047ms
Round took 4.936299ms
Round took 5.145216ms
Round took 5.671324ms
Round took 4.430242ms
Round took 4.801451ms
Round took 7.571333ms
Round took 6.052638ms
Round took 5.397756ms
Round took 5.141107ms
Round took 4.673009ms
Round took 5.228034ms
Round took 4.863415ms
Round took 5.414006ms
Round took 4.736688ms
Round took 6.233644ms
Round took 4.071194ms
Round took 4.978889ms
Round took 4.949779ms
Round took 5.075876ms
Round took 5.381562ms
Round took 4.873289ms
Round took 5.091773ms
Round took 5.047289ms
Round took 5.305601ms
Round took 4.713832ms
Round took 5.779589ms
Round took 4.416578ms
Round took 4.921544ms
Round took 4.98299ms
Round took 5.768858ms
Round took 4.992349ms
Round took 5.43748ms
Round took 5.044674ms
Round took 4.831039ms
Round took 5.2773ms
Round took 4.984568ms
Round took 5.252904ms
Round took 5.08578ms
Round took 4.553755ms
Round took 5.080015ms
Round took 5.209854ms
Round took 5.109367ms
Round took 4.979956ms
Round took 5.812004ms
Round took 4.405366ms
Round took 4.757269ms
Round took 5.145849ms
Round took 5.211311ms
Round took 5.232879ms
Round took 4.465106ms
Round took 5.680909ms
Round took 5.20197ms
Round took 4.750957ms
Round took 4.640911ms
Round took 5.885939ms
Round took 4.861521ms
Round took 4.515743ms
Round took 5.494825ms
Round took 5.193533ms
Round took 4.975652ms
Round took 5.243078ms
Round took 4.640239ms
Round took 5.447176ms
Round took 5.18536ms
Round took 4.999578ms
Round took 5.995914ms
Round took 3.806651ms
Round took 5.522481ms
Round took 4.437174ms
Round took 5.115368ms
Round took 5.554683ms
Round took 4.648986ms
Round took 5.200651ms
Round took 5.169624ms
Round took 5.370468ms
Round took 4.358687ms
Round took 5.577196ms
Round took 5.095301ms
Round took 4.84567ms
Round took 5.10777ms
Round took 5.242959ms
Round took 4.812928ms
Round took 4.829951ms
Round took 4.929246ms
Round took 5.411408ms
Round took 4.881565ms
Round took 5.140647ms
Round took 4.750539ms
Round took 5.213216ms
Round took 5.469582ms
Round took 4.834067ms
Round took 6.051695ms
Round took 4.406087ms
Round took 5.207012ms
Round took 4.632693ms
Round took 5.831424ms
Round took 5.153978ms
Round took 5.052776ms
Round took 6.753229ms
Round took 5.300027ms
Round took 5.485823ms
Round took 3.714149ms
Round took 18.478826ms
Round took 4.87423ms
Round took 4.937714ms
Round took 4.730378ms
Round took 5.344617ms
Round took 5.974576ms
Round took 5.094365ms
Round took 4.960471ms
Round took 4.409985ms
Round took 4.969785ms
Round took 5.338569ms
Round took 5.737847ms
Round took 5.440765ms
Round took 4.860738ms
Round took 3.398377ms
Round took 5.729236ms
Round took 5.486601ms
Round took 4.945235ms
Round took 4.901236ms
Round took 4.885328ms
Round took 5.56956ms
Round took 4.873785ms
Round took 4.985413ms
Round took 5.772885ms
Round took 4.709676ms
Round took 5.313024ms
Round took 5.882723ms
Round took 4.232759ms
Round took 4.840112ms
Round took 4.601342ms
Round took 4.789607ms
Round took 5.588845ms
Round took 4.73475ms
Round took 5.167542ms
Round took 4.943872ms
Round took 5.101518ms
Round took 5.277526ms
Round took 4.714987ms
Round took 5.712623ms
Round took 4.739777ms
Round took 4.789573ms
Round took 5.481176ms
Round took 5.083483ms
Round took 5.250159ms
Round took 4.551889ms
Round took 6.113019ms
Round took 5.340537ms
Round took 4.293486ms
Round took 4.539573ms
Round took 5.509457ms
Round took 4.9786ms
Round took 4.887692ms
Round took 5.257095ms
Round took 5.18979ms
Round took 4.909188ms
Round took 4.501654ms
Round took 5.299978ms
Round took 5.149547ms
Round took 5.241471ms
Round took 5.139062ms
Round took 5.559084ms
Round took 4.820806ms
Round took 4.631713ms
Round took 5.241864ms
Round took 5.401028ms
Round took 4.914498ms
Round took 5.157836ms
Round took 4.708747ms
Round took 5.005718ms
Round took 5.381156ms
Round took 4.775864ms
Round took 5.548207ms
Round took 4.836593ms
Round took 4.788767ms
Round took 4.885601ms
Round took 5.390946ms
Round took 5.892315ms
Round took 4.570494ms
Round took 5.444252ms
Round took 4.924695ms
Round took 5.092929ms
Round took 4.513448ms
Round took 6.287264ms
Round took 3.424656ms
Round took 5.342251ms
Round took 4.627024ms
Round took 6.162985ms
Round took 4.26187ms
Round took 4.863768ms
Round took 5.295117ms
Round took 5.457772ms
Round took 4.839919ms
Round took 4.970168ms
Round took 5.519111ms
Round took 4.600688ms
Round took 5.181601ms
Round took 4.760641ms
Round took 5.666968ms
Round took 4.995693ms
Round took 4.331943ms
Round took 5.210595ms
Round took 5.601988ms
Round took 5.096392ms
Round took 4.63049ms
Round took 5.446508ms
Round took 4.728405ms
Round took 5.354448ms
Round took 4.259634ms
Round took 5.284807ms
Round took 4.904918ms
Round took 5.016952ms
Round took 5.129331ms
Round took 5.799988ms
Round took 4.862018ms
Round took 4.672608ms
Round took 5.12658ms
Round took 5.311407ms
Round took 4.709726ms
Round took 5.237566ms
Round took 4.95475ms
Round took 5.852565ms
Round took 4.376147ms
Round took 5.586963ms
Round took 5.364914ms
Round took 4.512618ms
Round took 4.661292ms
Round took 4.879828ms
Round took 5.599162ms
Round took 4.459302ms
Round took 5.181008ms
Round took 4.948064ms
Round took 5.353325ms
Round took 5.083228ms
Round took 4.882963ms
Round took 5.734501ms
Round took 4.757103ms
Round took 4.969232ms
Round took 5.339057ms
Round took 4.829576ms
Round took 5.09029ms
Round took 4.470757ms
Round took 5.330929ms
Round took 5.016574ms
Round took 5.497864ms
Round took 4.596508ms
Round took 5.653277ms
Round took 4.708044ms
Round took 5.375194ms
Round took 4.896915ms
Round took 5.966751ms
Round took 4.645223ms
Round took 4.626815ms
Round took 5.802649ms
Round took 4.816934ms
Round took 4.288094ms
Round took 5.42871ms
Round took 5.124567ms
Round took 4.819526ms
Round took 5.235599ms
Round took 4.689284ms
Round took 5.760482ms
Round took 5.159641ms
Round took 5.135297ms
Round took 5.598291ms
Round took 4.437089ms
Round took 5.12946ms
Round took 4.531397ms
Round took 6.10234ms
Round took 5.139647ms
Round took 4.88019ms
Round took 5.587108ms
Round took 5.393575ms
Round took 4.573127ms
Round took 5.466828ms
Round took 4.667507ms
Round took 5.660024ms
Round took 4.923919ms
Round took 5.479691ms
Round took 4.49305ms
Round took 5.020046ms
Round took 5.727852ms
Round took 3.959114ms
Round took 5.39728ms
Round took 5.380027ms
Round took 4.358062ms
Round took 5.49598ms
Round took 5.03907ms
Round took 4.688224ms
Round took 5.49765ms
Round took 5.369823ms
Round took 4.355487ms
Round took 5.194279ms
Round took 4.660433ms
Round took 6.318165ms
Round took 3.834954ms
Round took 5.147796ms
Round took 6.159016ms
Round took 4.36377ms
Round took 5.16243ms
Round took 4.691026ms
Round took 5.245101ms
Round took 4.709113ms
Round took 4.964581ms
Round took 5.665069ms
Round took 4.877691ms
Round took 5.53307ms
Round took 4.145817ms
Round took 5.272055ms
Round took 5.484885ms
Round took 4.525335ms
Round took 5.441566ms
Round took 4.79678ms
Round took 5.550707ms
Round took 5.012347ms
Round took 6.869586ms
Round took 6.037892ms
Round took 5.264601ms
Round took 5.036397ms
Round took 5.581654ms
Round took 4.609694ms
Round took 4.964611ms
Round took 4.945555ms
Round took 5.543589ms
Round took 5.06416ms
Round took 5.282017ms
Round took 4.944572ms
Round took 5.034229ms
Round took 5.155638ms
Round took 5.241889ms
Round took 5.463321ms
Round took 4.602535ms
Round took 4.733908ms
Round took 4.948822ms
Round took 5.118389ms
Round took 5.084429ms
Round took 4.917533ms
Round took 5.352089ms
Round took 5.316703ms
Round took 4.95067ms
Round took 4.836001ms
Round took 6.054149ms
Round took 4.543721ms
Round took 4.874701ms
Round took 4.994141ms
Round took 5.250108ms
Round took 4.663086ms
Round took 5.111964ms
Round took 6.122418ms
Round took 4.194567ms
Round took 4.998839ms
Round took 4.916738ms
Round took 4.999097ms
Round took 5.257869ms
Round took 4.778866ms
Round took 5.304399ms
Round took 5.286023ms
Round took 4.712435ms
Round took 4.975492ms
Round took 5.316518ms
Round took 4.825497ms
Round took 5.027276ms
Round took 5.073015ms
Round took 5.697697ms
Round took 4.388498ms
Round took 5.120665ms
Round took 4.79844ms
Round took 6.600329ms
Round took 4.810379ms
Round took 4.190323ms
Round took 5.151398ms
Round took 5.751431ms
Round took 4.347897ms
Round took 4.853841ms
Round took 5.183185ms
Round took 4.987234ms
Round took 5.358536ms
Round took 4.853896ms
Round took 5.437049ms
Round took 4.876783ms
Round took 5.077782ms
Round took 6.063064ms
Round took 4.091841ms
Round took 5.0116ms
Round took 5.120169ms
Round took 4.745415ms
Round took 5.693733ms
Round took 4.562445ms
Round took 5.130851ms
Round took 5.71364ms
Round took 4.36001ms
Round took 4.877516ms
Round took 5.349309ms
Round took 7.458949ms
Round took 5.025082ms
Round took 5.951965ms
Round took 5.990814ms
Round took 5.184761ms
Round took 4.98603ms
Round took 4.757041ms
Round took 4.244336ms
Round took 4.713854ms
Round took 4.79301ms
Round took 4.77591ms
Round took 4.836921ms
Round took 5.092778ms
Round took 5.720161ms
Round took 5.039707ms
Round took 5.061443ms
Round took 4.634689ms
Round took 5.676937ms
Round took 4.594987ms
Round took 4.794211ms
Round took 5.428211ms
Round took 5.481188ms
Round took 4.813869ms
Round took 4.415024ms
Round took 5.161857ms
Round took 5.337301ms
Round took 5.304821ms
Round took 4.478707ms
Round took 5.392426ms
Round took 5.602256ms
Round took 4.314499ms
Round took 5.989236ms
Round took 4.440372ms
Round took 5.653035ms
Round took 4.73431ms
Round took 5.19009ms
Round took 4.873048ms
Round took 4.912365ms
Round took 5.054797ms
Round took 5.593738ms
Round took 4.796131ms
Round took 4.743104ms
Round took 4.723878ms
Round took 5.679931ms
Round took 5.892642ms
Round took 4.468694ms
Round took 5.466327ms
Round took 5.322337ms
Round took 4.283107ms
Round took 5.647839ms
Round took 4.229207ms
Round took 8.100495ms
Round took 4.217078ms
Round took 4.702718ms
Round took 4.308724ms
Round took 3.881383ms
Round took 5.382016ms
Round took 5.194216ms
Round took 6.602008ms
Round took 5.008355ms
Round took 4.81461ms
Round took 4.380058ms
Round took 3.593464ms
Round took 5.506823ms
Round took 4.810552ms
Round took 5.554542ms
Round took 5.209336ms
Round took 4.580687ms
Round took 6.069011ms
Round took 3.821926ms
Round took 5.489177ms
Round took 4.896147ms
Round took 5.309072ms
Round took 5.517583ms
Round took 4.325483ms
Round took 5.840093ms
Round took 5.806275ms
Round took 4.456263ms
Round took 4.665768ms
Round took 5.539293ms
Round took 5.337812ms
Round took 4.594176ms
Round took 5.821136ms
Round took 3.587632ms
Round took 6.197277ms
Round took 4.479269ms
Round took 5.184528ms
Round took 5.572818ms
Round took 4.377155ms
Round took 5.29406ms
Round took 4.310872ms
Round took 5.260846ms
Round took 4.675038ms
Round took 5.197781ms
Round took 5.772251ms
Round took 4.918782ms
Round took 4.810455ms
Round took 5.063563ms
Round took 4.934049ms
Round took 5.824421ms
Round took 5.348463ms
Round took 5.573169ms
Round took 3.652272ms
Round took 5.429491ms
Round took 4.817398ms
Round took 6.395063ms
Round took 4.611824ms
Round took 4.31227ms
Round took 5.69836ms
Round took 4.606076ms
Round took 4.542741ms
Round took 4.90072ms
Round took 4.919552ms
Round took 5.7682ms
Round took 4.357484ms
Round took 5.15351ms
Round took 4.836382ms
Round took 5.526823ms
Round took 4.911959ms
Round took 5.585425ms
Round took 4.675525ms
Round took 5.545248ms
Round took 5.002621ms
Round took 5.754482ms
Round took 4.434859ms
Round took 5.675404ms
Round took 4.476ms
Round took 5.678702ms
Round took 4.622895ms
Round took 4.276419ms
Round took 6.633218ms
Round took 3.881681ms
Round took 5.993055ms
Round took 4.116465ms
Round took 5.654842ms
Round took 4.50327ms
Round took 5.518345ms
Round took 5.704407ms
Round took 4.395406ms
Round took 5.437654ms
Round took 4.297297ms
Round took 5.108903ms
Round took 4.934848ms
Round took 4.942623ms
Round took 5.079286ms
Round took 4.954062ms
Round took 5.891372ms
Round took 4.678639ms
Round took 5.138487ms
Round took 5.112631ms
Round took 4.749954ms
Round took 4.814952ms
Round took 5.000889ms
Round took 5.849737ms
Round took 4.124555ms
Round took 4.765395ms
Round took 5.115984ms
Round took 5.737283ms
Round took 5.232487ms
Round took 5.386882ms
Round took 4.757045ms
Round took 4.982288ms
Round took 4.441586ms
Round took 5.331517ms
Round took 5.171081ms
Round took 6.658581ms
Round took 5.752065ms
Round took 4.427608ms
Round took 3.887336ms
Round took 3.253872ms
Round took 5.092992ms
Round took 4.777823ms
Round took 5.921219ms
Round took 4.881296ms
Round took 5.723274ms
Round took 4.075854ms
Round took 6.570507ms
Round took 4.449085ms
Round took 4.86442ms
Round took 5.570459ms
Round took 4.581687ms
Round took 4.845176ms
Round took 5.166126ms
Round took 5.399412ms
Round took 4.699988ms
Round took 5.110821ms
Round took 4.978095ms
Round took 5.575007ms
Round took 4.374404ms
Round took 4.860803ms
Round took 5.562475ms
Round took 4.980911ms
Round took 4.883582ms
Round took 5.189233ms
Round took 5.684732ms
Round took 5.764725ms
Round took 5.251891ms
Round took 4.838411ms
Round took 5.217195ms
Round took 4.886329ms
Round took 3.762055ms
Round took 5.309887ms
Round took 5.244334ms
Round took 5.454474ms
Round took 4.501046ms
Round took 7.022709ms
Round took 6.236377ms
Round took 4.469504ms
Round took 4.668254ms
Round took 4.734251ms
Round took 4.627581ms
Round took 3.612839ms
Round took 5.774064ms
Round took 5.068754ms
Round took 4.458187ms
Round took 4.976578ms
Round took 7.340339ms
Round took 3.580995ms
Round took 6.590598ms
Round took 5.507335ms
Round took 4.081053ms
Round took 5.319242ms
Round took 4.745352ms
Round took 4.9392ms
Round took 5.735113ms
Round took 5.741444ms
Round took 4.452556ms
Round took 4.436888ms
Round took 4.5324ms
Round took 5.220774ms
Round took 5.451406ms
Round took 5.820403ms
Round took 4.245303ms
Round took 5.547782ms
Round took 4.319155ms
Round took 5.008941ms
Round took 5.177314ms
Round took 5.0998ms
Round took 5.820306ms
Round took 4.499903ms
Round took 4.871644ms
Round took 4.040475ms
Round took 6.220098ms
Round took 4.289987ms
Round took 5.374989ms
Round took 6.048603ms
Round took 4.706967ms
Round took 5.700074ms
Round took 4.169128ms
Round took 5.049448ms
Round took 5.142962ms
Round took 5.298045ms
Round took 5.254055ms
Round took 4.715415ms
Round took 4.575883ms
Round took 4.993387ms
Round took 5.45162ms
Round took 5.125446ms
Round took 4.950204ms
Round took 5.458933ms
Round took 4.382158ms
Round took 5.574329ms
Round took 4.647206ms
Round took 6.235376ms
Round took 5.471671ms
Round took 4.157936ms
Round took 4.407852ms
Round took 5.540652ms
Round took 5.080675ms
Round took 4.578841ms
Round took 5.43015ms
Round took 6.154258ms
Round took 4.445603ms
Round took 6.453447ms
Round took 3.589248ms
Round took 4.931371ms
Round took 5.236246ms
Round took 5.012163ms
Round took 4.772568ms
Round took 4.5927ms
Round took 6.342326ms
Round took 4.37595ms
Round took 4.353874ms
Round took 5.09152ms
Round took 5.804473ms
Round took 5.266383ms
Round took 4.523714ms
Round took 4.980764ms
Round took 5.244907ms
Round took 4.621762ms
Round took 5.245168ms
Round took 5.716865ms
Round took 5.66058ms
Round took 3.662587ms
Round took 5.232931ms
Round took 5.506878ms
Round took 5.174125ms
Round took 5.284872ms
Round took 3.455357ms
Round took 4.9775ms
Round took 4.962487ms
Test took 5.130851633s
Successful: 10000
