Uniform distribution
2021/04/16 21:40:47 The leader is replica 0
Round took 5.043998ms
Round took 5.312573ms
Round took 6.978897ms
Round took 7.89227ms
Round took 6.568763ms
Round took 3.273669ms
Round took 4.783277ms
Round took 5.836782ms
Round took 4.634276ms
Round took 4.192865ms
Round took 5.001583ms
Round took 5.313168ms
Round took 4.995977ms
Round took 5.220655ms
Round took 5.235984ms
Round took 4.790596ms
Round took 5.131046ms
Round took 4.792283ms
Round took 5.15836ms
Round took 5.426095ms
Round took 4.703105ms
Round took 5.137255ms
Round took 5.052387ms
Round took 5.477242ms
Round took 4.651562ms
Round took 5.030493ms
Round took 5.948509ms
Round took 4.727273ms
Round took 4.645016ms
Round took 5.207881ms
Round took 5.58752ms
Round took 4.319663ms
Round took 5.062534ms
Round took 5.038304ms
Round took 6.089897ms
Round took 3.872874ms
Round took 5.058713ms
Round took 7.363712ms
Round took 3.828277ms
Round took 5.112095ms
Round took 6.428723ms
Round took 5.280618ms
Round took 3.456918ms
Round took 5.612242ms
Round took 5.450132ms
Round took 4.473149ms
Round took 5.198436ms
Round took 4.593798ms
Round took 6.00782ms
Round took 6.925102ms
Round took 6.273399ms
Round took 6.151788ms
Round took 5.739993ms
Round took 6.773177ms
Round took 8.770665ms
Round took 4.25636ms
Round took 4.007809ms
Round took 5.897773ms
Round took 4.824189ms
Round took 4.224325ms
Round took 4.67671ms
Round took 7.087133ms
Round took 3.672138ms
Round took 4.937871ms
Round took 5.739005ms
Round took 7.279002ms
Round took 5.068743ms
Round took 4.973351ms
Round took 5.192405ms
Round took 5.179091ms
Round took 5.106875ms
Round took 5.178921ms
Round took 5.446474ms
Round took 4.91517ms
Round took 4.552497ms
Round took 5.108338ms
Round took 5.401192ms
Round took 4.837331ms
Round took 4.979008ms
Round took 5.189935ms
Round took 4.924243ms
Round took 5.224274ms
Round took 4.895264ms
Round took 5.361862ms
Round took 5.166994ms
Round took 4.909853ms
Round took 5.080558ms
Round took 6.660974ms
Round took 8.004387ms
Round took 5.676823ms
Round took 6.25372ms
Round took 3.950621ms
Round took 6.542453ms
Round took 5.69519ms
Round took 6.544524ms
Round took 4.350988ms
Round took 5.633096ms
Round took 5.036896ms
Round took 6.449876ms
Round took 4.844077ms
Round took 7.207475ms
Round took 4.8495ms
Round took 5.784915ms
Round took 4.848061ms
Round took 3.584021ms
Round took 3.909538ms
Round took 5.730621ms
Round took 6.080981ms
Round took 4.910499ms
Round took 4.995386ms
Round took 5.21604ms
Round took 4.473647ms
Round took 5.250303ms
Round took 4.16448ms
Round took 5.600555ms
Round took 6.316006ms
Round took 5.784806ms
Round took 4.804525ms
Round took 4.140355ms
Round took 4.993794ms
Round took 5.222639ms
Round took 5.224888ms
Round took 5.229047ms
Round took 5.161275ms
Round took 5.090321ms
Round took 5.320031ms
Round took 4.235021ms
Round took 4.995999ms
Round took 6.146837ms
Round took 6.183492ms
Round took 5.025294ms
Round took 4.959795ms
Round took 5.417928ms
Round took 5.378973ms
Round took 5.204816ms
Round took 4.632998ms
Round took 4.838122ms
Round took 5.672194ms
Round took 5.296398ms
Round took 5.448424ms
Round took 4.789749ms
Round took 4.981651ms
Round took 4.940296ms
Round took 5.043073ms
Round took 5.978335ms
Round took 4.963466ms
Round took 5.094826ms
Round took 5.674244ms
Round took 4.429603ms
Round took 4.964503ms
Round took 4.799005ms
Round took 5.405937ms
Round took 4.813199ms
Round took 4.91252ms
Round took 6.016271ms
Round took 5.076681ms
Round took 4.535588ms
Round took 4.353872ms
Round took 5.246078ms
Round took 5.794561ms
Round took 5.061714ms
Round took 6.284491ms
Round took 3.775853ms
Round took 5.036042ms
Round took 4.97877ms
Round took 5.691862ms
Round took 4.868597ms
Round took 5.062162ms
Round took 5.305111ms
Round took 5.471052ms
Round took 4.751772ms
Round took 4.513935ms
Round took 5.210834ms
Round took 5.400085ms
Round took 4.930034ms
Round took 5.706224ms
Round took 4.046009ms
Round took 5.462761ms
Round took 5.448347ms
Round took 5.491442ms
Round took 4.945246ms
Round took 5.647645ms
Round took 6.009987ms
Round took 5.396235ms
Round took 5.134543ms
Round took 4.77654ms
Round took 5.793908ms
Round took 6.051104ms
Round took 5.821386ms
Round took 5.571628ms
Round took 4.041053ms
Round took 6.146727ms
Round took 6.357092ms
Round took 6.028038ms
Round took 5.070717ms
Round took 5.299646ms
Round took 3.822034ms
Round took 3.691765ms
Round took 6.972819ms
Round took 5.488168ms
Round took 5.108915ms
Round took 5.27279ms
Round took 4.270085ms
Round took 5.242228ms
Round took 4.859616ms
Round took 5.311563ms
Round took 5.141155ms
Round took 4.670976ms
Round took 5.188367ms
Round took 5.063271ms
Round took 5.25411ms
Round took 5.954291ms
Round took 5.457044ms
Round took 5.115097ms
Round took 5.122732ms
Round took 5.537434ms
Round took 5.153222ms
Round took 5.214373ms
Round took 4.380843ms
Round took 5.126962ms
Round took 5.562797ms
Round took 4.587721ms
Round took 5.53174ms
Round took 6.166945ms
Round took 4.518863ms
Round took 5.644871ms
Round took 5.15259ms
Round took 5.236476ms
Round took 5.391655ms
Round took 4.121881ms
Round took 5.410609ms
Round took 5.580671ms
Round took 5.272217ms
Round took 5.200751ms
Round took 6.180495ms
Round took 5.026429ms
Round took 5.121755ms
Round took 5.833824ms
Round took 5.052243ms
Round took 5.062114ms
Round took 4.737403ms
Round took 6.027044ms
Round took 4.820845ms
Round took 5.006545ms
Round took 5.407142ms
Round took 5.352346ms
Round took 5.043931ms
Round took 5.340862ms
Round took 5.76228ms
Round took 4.883521ms
Round took 4.518891ms
Round took 5.775439ms
Round took 4.940328ms
Round took 4.693403ms
Round took 6.66447ms
Round took 4.092463ms
Round took 5.163094ms
Round took 4.64181ms
Round took 5.322218ms
Round took 5.226893ms
Round took 6.326257ms
Round took 3.997966ms
Round took 5.603398ms
Round took 5.06725ms
Round took 5.702949ms
Round took 6.052337ms
Round took 5.421327ms
Round took 5.041668ms
Round took 4.78534ms
Round took 5.167492ms
Round took 5.375238ms
Round took 4.928439ms
Round took 4.903471ms
Round took 5.672056ms
Round took 4.451024ms
Round took 5.423224ms
Round took 4.951932ms
Round took 5.172069ms
Round took 5.195075ms
Round took 4.834267ms
Round took 6.84636ms
Round took 4.086419ms
Round took 5.243237ms
Round took 4.787012ms
Round took 5.457973ms
Round took 4.935108ms
Round took 4.87609ms
Round took 6.004523ms
Round took 4.594423ms
Round took 5.120011ms
Round took 4.734168ms
Round took 5.986813ms
Round took 4.35385ms
Round took 5.108085ms
Round took 6.201143ms
Round took 4.215205ms
Round took 5.193913ms
Round took 5.017637ms
Round took 5.285115ms
Round took 4.501734ms
Round took 5.466813ms
Round took 5.327718ms
Round took 4.567255ms
Round took 6.228237ms
Round took 6.472401ms
Round took 4.745626ms
Round took 4.178662ms
Round took 4.120833ms
Round took 5.155759ms
Round took 5.338212ms
Round took 4.699885ms
Round took 5.290773ms
Round took 4.881064ms
Round took 5.568893ms
Round took 4.498792ms
Round took 4.932684ms
Round took 6.048968ms
Round took 4.854805ms
Round took 4.925004ms
Round took 5.635094ms
Round took 5.225353ms
Round took 4.811218ms
Round took 6.788222ms
Round took 4.617629ms
Round took 4.208841ms
Round took 4.566498ms
Round took 5.054229ms
Round took 5.57807ms
Round took 4.698154ms
Round took 4.938517ms
Round took 5.364097ms
Round took 4.837166ms
Round took 4.666757ms
Round took 5.502935ms
Round took 5.663316ms
Round took 4.588744ms
Round took 5.910428ms
Round took 3.995003ms
Round took 5.096669ms
Round took 4.825475ms
Round took 5.05849ms
Round took 6.172419ms
Round took 4.192259ms
Round took 5.210317ms
Round took 5.90816ms
Round took 4.745337ms
Round took 4.531372ms
Round took 4.993849ms
Round took 5.024736ms
Round took 5.022791ms
Round took 5.238071ms
Round took 4.92857ms
Round took 6.70903ms
Round took 6.240125ms
Round took 5.371021ms
Round took 4.859929ms
Round took 5.116751ms
Round took 5.597306ms
Round took 5.143455ms
Round took 5.417385ms
Round took 5.03206ms
Round took 5.145291ms
Round took 4.557049ms
Round took 5.216305ms
Round took 4.956805ms
Round took 5.007654ms
Round took 4.684265ms
Round took 6.257231ms
Round took 4.427214ms
Round took 4.304939ms
Round took 4.912077ms
Round took 5.076244ms
Round took 5.391285ms
Round took 4.771411ms
Round took 5.061407ms
Round took 5.027405ms
Round took 5.389876ms
Round took 4.696428ms
Round took 5.724939ms
Round took 4.42998ms
Round took 4.925065ms
Round took 5.019244ms
Round took 5.647119ms
Round took 4.996486ms
Round took 5.403903ms
Round took 4.655902ms
Round took 5.275772ms
Round took 5.287345ms
Round took 5.009614ms
Round took 5.144553ms
Round took 5.1763ms
Round took 4.625606ms
Round took 5.107982ms
Round took 5.205107ms
Round took 5.103446ms
Round took 5.0004ms
Round took 5.755127ms
Round took 4.937395ms
Round took 4.746976ms
Round took 5.237162ms
Round took 5.057593ms
Round took 5.422841ms
Round took 4.379019ms
Round took 5.796739ms
Round took 4.97086ms
Round took 5.031829ms
Round took 4.61979ms
Round took 5.633729ms
Round took 5.379273ms
Round took 4.540005ms
Round took 5.99886ms
Round took 4.758354ms
Round took 4.95158ms
Round took 5.261329ms
Round took 5.045111ms
Round took 4.924365ms
Round took 5.228456ms
Round took 5.231893ms
Round took 6.161756ms
Round took 3.81258ms
Round took 6.24595ms
Round took 4.134475ms
Round took 4.891138ms
Round took 5.495325ms
Round took 4.636062ms
Round took 5.710704ms
Round took 4.657228ms
Round took 5.464261ms
Round took 4.174923ms
Round took 5.584587ms
Round took 5.032926ms
Round took 4.95154ms
Round took 5.987934ms
Round took 4.290252ms
Round took 4.86179ms
Round took 5.021826ms
Round took 5.064377ms
Round took 5.110065ms
Round took 4.731101ms
Round took 5.102401ms
Round took 4.726749ms
Round took 5.230102ms
Round took 5.433992ms
Round took 6.945854ms
Round took 4.51434ms
Round took 4.497343ms
Round took 6.852693ms
Round took 6.026037ms
Round took 5.229633ms
Round took 5.17649ms
Round took 6.593582ms
Round took 4.976335ms
Round took 5.181039ms
Round took 4.384576ms
Round took 18.791862ms
Round took 5.537301ms
Round took 5.270266ms
Round took 4.687729ms
Round took 5.425981ms
Round took 6.071306ms
Round took 5.057799ms
Round took 5.54447ms
Round took 3.81037ms
Round took 5.011421ms
Round took 5.354549ms
Round took 5.703066ms
Round took 5.278284ms
Round took 4.830226ms
Round took 3.492885ms
Round took 5.744141ms
Round took 5.481273ms
Round took 4.944519ms
Round took 4.830561ms
Round took 5.288476ms
Round took 5.150979ms
Round took 4.906872ms
Round took 4.958139ms
Round took 4.933759ms
Round took 4.736598ms
Round took 5.347189ms
Round took 4.942748ms
Round took 4.976754ms
Round took 5.95987ms
Round took 4.737873ms
Round took 4.84598ms
Round took 5.478352ms
Round took 4.825851ms
Round took 5.116181ms
Round took 5.052529ms
Round took 5.127505ms
Round took 5.284338ms
Round took 4.50065ms
Round took 5.681544ms
Round took 4.651347ms
Round took 4.767407ms
Round took 7.247908ms
Round took 4.357675ms
Round took 5.232692ms
Round took 4.397902ms
Round took 7.030951ms
Round took 4.518564ms
Round took 4.762501ms
Round took 4.253446ms
Round took 5.220294ms
Round took 5.015399ms
Round took 5.115887ms
Round took 5.843109ms
Round took 4.489511ms
Round took 5.188524ms
Round took 4.075005ms
Round took 5.872023ms
Round took 4.321171ms
Round took 5.365869ms
Round took 5.998072ms
Round took 4.619147ms
Round took 4.742215ms
Round took 4.512145ms
Round took 5.543014ms
Round took 5.308796ms
Round took 4.959765ms
Round took 6.052098ms
Round took 3.811874ms
Round took 4.549575ms
Round took 5.487795ms
Round took 5.06041ms
Round took 5.247242ms
Round took 4.955749ms
Round took 4.95812ms
Round took 5.794546ms
Round took 7.406896ms
Round took 4.526773ms
Round took 5.098704ms
Round took 5.369387ms
Round took 4.96462ms
Round took 4.685518ms
Round took 6.100344ms
Round took 4.04372ms
Round took 5.236984ms
Round took 4.930602ms
Round took 6.096871ms
Round took 5.729645ms
Round took 4.455201ms
Round took 5.418459ms
Round took 5.20892ms
Round took 4.859116ms
Round took 4.923054ms
Round took 5.539898ms
Round took 4.672674ms
Round took 5.160197ms
Round took 5.27016ms
Round took 5.295437ms
Round took 4.980243ms
Round took 4.401725ms
Round took 5.359788ms
Round took 5.412713ms
Round took 5.079062ms
Round took 4.723376ms
Round took 5.312833ms
Round took 4.780439ms
Round took 5.4068ms
Round took 4.297734ms
Round took 5.748796ms
Round took 5.528604ms
Round took 4.570355ms
Round took 6.713307ms
Round took 4.225576ms
Round took 4.96831ms
Round took 4.252237ms
Round took 5.775125ms
Round took 4.421436ms
Round took 4.725341ms
Round took 5.770045ms
Round took 4.361475ms
Round took 5.926816ms
Round took 4.868159ms
Round took 5.995209ms
Round took 5.29065ms
Round took 4.442332ms
Round took 4.939437ms
Round took 5.078031ms
Round took 4.759889ms
Round took 5.058921ms
Round took 7.924732ms
Round took 5.368708ms
Round took 5.108993ms
Round took 4.792609ms
Round took 5.74477ms
Round took 4.622954ms
Round took 4.999386ms
Round took 5.285031ms
Round took 4.786301ms
Round took 5.470445ms
Round took 4.59493ms
Round took 5.630013ms
Round took 5.018253ms
Round took 5.385803ms
Round took 4.531525ms
Round took 6.012629ms
Round took 4.628742ms
Round took 5.706671ms
Round took 4.68515ms
Round took 5.82121ms
Round took 4.449573ms
Round took 4.683559ms
Round took 5.580934ms
Round took 5.140444ms
Round took 4.790326ms
Round took 5.528487ms
Round took 5.519322ms
Round took 4.664187ms
Round took 5.731091ms
Round took 4.055619ms
Round took 5.765367ms
Round took 5.267391ms
Round took 5.708696ms
Round took 5.123413ms
Round took 4.539817ms
Round took 5.549434ms
Round took 4.54772ms
Round took 4.531796ms
Round took 5.437188ms
Round took 7.905649ms
Round took 5.855169ms
Round took 4.536018ms
Round took 4.941619ms
Round took 5.027353ms
Round took 6.720198ms
Round took 4.826288ms
Round took 5.529639ms
Round took 4.775838ms
Round took 4.993529ms
Round took 5.041431ms
Round took 4.479008ms
Round took 5.380308ms
Round took 5.327507ms
Round took 4.404885ms
Round took 5.474765ms
Round took 5.25169ms
Round took 4.605865ms
Round took 5.46228ms
Round took 5.429252ms
Round took 4.358017ms
Round took 5.272437ms
Round took 4.649416ms
Round took 6.399171ms
Round took 3.838883ms
Round took 5.143741ms
Round took 6.21943ms
Round took 4.395407ms
Round took 5.155128ms
Round took 4.713365ms
Round took 5.257895ms
Round took 4.815676ms
Round took 4.966035ms
Round took 5.674391ms
Round took 5.138291ms
Round took 5.47531ms
Round took 4.079438ms
Round took 5.332575ms
Round took 5.85542ms
Round took 4.588541ms
Round took 5.75099ms
Round took 4.703375ms
Round took 5.196107ms
Round took 5.296538ms
Round took 4.856759ms
Round took 5.175686ms
Round took 4.088361ms
Round took 5.190249ms
Round took 5.023725ms
Round took 5.381766ms
Round took 4.685764ms
Round took 5.936632ms
Round took 7.250964ms
Round took 5.064467ms
Round took 5.030843ms
Round took 4.949371ms
Round took 5.05327ms
Round took 5.232239ms
Round took 5.234823ms
Round took 5.502488ms
Round took 6.634657ms
Round took 5.414862ms
Round took 5.294989ms
Round took 4.53491ms
Round took 5.305091ms
Round took 5.049346ms
Round took 5.440402ms
Round took 4.68506ms
Round took 5.025585ms
Round took 5.885563ms
Round took 5.505841ms
Round took 4.68092ms
Round took 5.942523ms
Round took 3.625172ms
Round took 4.870731ms
Round took 4.660028ms
Round took 5.578496ms
Round took 5.886973ms
Round took 4.149815ms
Round took 5.030212ms
Round took 4.875332ms
Round took 5.923801ms
Round took 4.627655ms
Round took 5.375617ms
Round took 5.579652ms
Round took 4.583707ms
Round took 4.733312ms
Round took 5.061102ms
Round took 5.300611ms
Round took 4.68592ms
Round took 5.005561ms
Round took 5.713795ms
Round took 5.160898ms
Round took 4.32662ms
Round took 6.728951ms
Round took 7.814777ms
Round took 5.132827ms
Round took 4.127305ms
Round took 6.183843ms
Round took 4.960314ms
Round took 4.519217ms
Round took 4.938085ms
Round took 7.089412ms
Round took 4.60509ms
Round took 6.241891ms
Round took 3.912734ms
Round took 5.322785ms
Round took 4.934637ms
Round took 5.36303ms
Round took 5.781267ms
Round took 4.063415ms
Round took 5.44567ms
Round took 6.172967ms
Round took 6.060098ms
Round took 4.975068ms
Round took 5.182926ms
Round took 5.839172ms
Round took 4.32262ms
Round took 4.943792ms
Round took 5.386558ms
Round took 4.972699ms
Round took 4.82545ms
Round took 5.184885ms
Round took 5.622452ms
Round took 5.319317ms
Round took 5.600168ms
Round took 4.747439ms
Round took 4.409632ms
Round took 5.128646ms
Round took 4.277732ms
Round took 5.254151ms
Round took 5.06074ms
Round took 5.087608ms
Round took 5.298926ms
Round took 4.950931ms
Round took 5.285916ms
Round took 4.595274ms
Round took 5.386911ms
Round took 4.576642ms
Round took 6.673227ms
Round took 5.011891ms
Round took 6.301374ms
Round took 4.955088ms
Round took 4.396896ms
Round took 5.133651ms
Round took 5.293165ms
Round took 5.308942ms
Round took 4.441807ms
Round took 6.061081ms
Round took 5.388812ms
Round took 4.310399ms
Round took 5.953485ms
Round took 4.002639ms
Round took 5.724258ms
Round took 4.742012ms
Round took 5.586057ms
Round took 4.704282ms
Round took 4.869369ms
Round took 5.548992ms
Round took 5.326225ms
Round took 4.965116ms
Round took 4.737144ms
Round took 6.368282ms
Round took 6.016093ms
Round took 4.410138ms
Round took 5.003269ms
Round took 5.210678ms
Round took 4.956684ms
Round took 5.049758ms
Round took 5.038254ms
Round took 5.054616ms
Round took 6.563623ms
Round took 4.574115ms
Round took 4.725243ms
Round took 4.488069ms
Round took 6.434776ms
Round took 4.277207ms
Round took 5.578468ms
Round took 5.68506ms
Round took 4.764978ms
Round took 4.741711ms
Round took 4.504075ms
Round took 5.58432ms
Round took 4.781721ms
Round took 5.117072ms
Round took 5.58141ms
Round took 4.556357ms
Round took 5.361734ms
Round took 4.369152ms
Round took 5.789118ms
Round took 4.92999ms
Round took 5.309338ms
Round took 5.399284ms
Round took 4.384225ms
Round took 5.302068ms
Round took 5.738301ms
Round took 5.625763ms
Round took 4.035596ms
Round took 5.378103ms
Round took 5.567762ms
Round took 4.563219ms
Round took 5.365388ms
Round took 4.238458ms
Round took 6.092582ms
Round took 4.528066ms
Round took 4.94955ms
Round took 5.650977ms
Round took 4.790766ms
Round took 5.408562ms
Round took 4.307341ms
Round took 5.3565ms
Round took 4.800478ms
Round took 4.934945ms
Round took 5.266388ms
Round took 5.454111ms
Round took 4.708112ms
Round took 5.138273ms
Round took 4.720288ms
Round took 5.812588ms
Round took 5.253644ms
Round took 4.787229ms
Round took 4.680403ms
Round took 5.334987ms
Round took 4.627232ms
Round took 6.351848ms
Round took 4.564731ms
Round took 4.417258ms
Round took 5.173746ms
Round took 5.202637ms
Round took 6.304027ms
Round took 4.908844ms
Round took 4.924223ms
Round took 6.309145ms
Round took 6.24714ms
Round took 4.943387ms
Round took 5.370964ms
Round took 4.819211ms
Round took 5.416369ms
Round took 4.537629ms
Round took 6.135266ms
Round took 4.946675ms
Round took 5.065812ms
Round took 4.651427ms
Round took 6.968484ms
Round took 4.342096ms
Round took 5.2122ms
Round took 7.620671ms
Round took 6.100172ms
Round took 4.841626ms
Round took 5.085206ms
Round took 4.889997ms
Round took 5.278775ms
Round took 4.964499ms
Round took 5.591123ms
Round took 5.133769ms
Round took 4.529668ms
Round took 5.118998ms
Round took 5.207096ms
Round took 4.873674ms
Round took 4.883555ms
Round took 5.19109ms
Round took 5.068456ms
Round took 4.981405ms
Round took 5.232491ms
Round took 5.028111ms
Round took 5.104798ms
Round took 5.139138ms
Round took 4.95191ms
Round took 5.398076ms
Round took 4.908726ms
Round took 4.745603ms
Round took 4.917229ms
Round took 5.10859ms
Round took 5.240089ms
Round took 4.999085ms
Round took 5.395191ms
Round took 5.811737ms
Round took 4.368096ms
Round took 5.201647ms
Round took 5.314696ms
Round took 5.123966ms
Round took 4.967074ms
Round took 6.04629ms
Round took 6.252282ms
Round took 4.42862ms
Round took 4.505452ms
Round took 3.930347ms
Round took 6.024891ms
Round took 4.94432ms
Round took 6.304903ms
Round took 4.599908ms
Round took 5.676168ms
Round took 3.852308ms
Round took 7.296236ms
Round took 5.288811ms
Round took 4.574035ms
Round took 5.085661ms
Round took 4.590517ms
Round took 5.337243ms
Round took 4.757413ms
Round took 5.252904ms
Round took 4.699901ms
Round took 5.344158ms
Round took 5.893581ms
Round took 4.631205ms
Round took 4.635511ms
Round took 4.531977ms
Round took 5.453626ms
Round took 4.955776ms
Round took 4.98916ms
Round took 5.8873ms
Round took 6.236253ms
Round took 4.733345ms
Round took 5.095839ms
Round took 5.049887ms
Round took 5.904985ms
Round took 4.710839ms
Round took 5.292831ms
Round took 5.281634ms
Round took 5.604227ms
Round took 4.250795ms
Round took 5.546403ms
Round took 7.753096ms
Round took 3.954886ms
Round took 5.105681ms
Round took 4.680048ms
Round took 5.033394ms
Round took 3.500664ms
Round took 5.300964ms
Round took 5.508318ms
Round took 4.773787ms
Round took 5.046586ms
Round took 5.117892ms
Round took 5.082212ms
Round took 5.858734ms
Round took 5.989936ms
Round took 4.096444ms
Round took 5.371333ms
Round took 4.697754ms
Round took 4.973404ms
Round took 7.235147ms
Round took 5.707928ms
Round took 4.858264ms
Round took 4.543103ms
Round took 4.455405ms
Round took 5.724235ms
Round took 5.051922ms
Round took 5.835099ms
Round took 4.215953ms
Round took 5.975684ms
Round took 6.479416ms
Round took 5.07505ms
Round took 4.771012ms
Round took 5.036694ms
Round took 5.281578ms
Round took 4.938798ms
Round took 4.619243ms
Round took 5.752086ms
Round took 4.60791ms
Round took 5.294407ms
Round took 5.026109ms
Round took 5.047029ms
Round took 5.745236ms
Round took 4.584248ms
Round took 5.388644ms
Round took 5.142851ms
Round took 5.035608ms
Round took 5.083175ms
Round took 5.090734ms
Round took 6.962737ms
Round took 5.661944ms
Round took 5.921678ms
Round took 7.079046ms
Round took 5.680849ms
Round took 5.048719ms
Round took 6.522983ms
Round took 7.299433ms
Round took 5.726889ms
Round took 4.120786ms
Test took 5.23033462s
Successful: 10000
