Uniform distribution
2021/04/16 21:40:47 The leader is replica 0
Round took 5.282373ms
Round took 1.916831ms
Round took 6.484259ms
Round took 5.304386ms
Round took 7.430965ms
Round took 7.839333ms
Round took 6.63537ms
Round took 3.171306ms
Round took 4.833761ms
Round took 5.915368ms
Round took 4.449606ms
Round took 4.498024ms
Round took 4.941042ms
Round took 5.308828ms
Round took 5.121418ms
Round took 5.110765ms
Round took 5.567718ms
Round took 5.493291ms
Round took 4.465499ms
Round took 4.682339ms
Round took 6.71099ms
Round took 4.00666ms
Round took 4.96488ms
Round took 5.531367ms
Round took 4.931768ms
Round took 4.748494ms
Round took 4.642632ms
Round took 5.412395ms
Round took 5.956218ms
Round took 4.309608ms
Round took 4.64859ms
Round took 5.229762ms
Round took 5.834715ms
Round took 4.750361ms
Round took 5.423118ms
Round took 4.869271ms
Round took 5.343971ms
Round took 4.202548ms
Round took 5.745ms
Round took 6.896581ms
Round took 3.741318ms
Round took 6.06179ms
Round took 4.853741ms
Round took 5.425351ms
Round took 3.342985ms
Round took 5.575089ms
Round took 5.41033ms
Round took 4.487079ms
Round took 5.411535ms
Round took 4.303267ms
Round took 6.030585ms
Round took 6.937773ms
Round took 6.270715ms
Round took 6.1162ms
Round took 5.914732ms
Round took 6.740799ms
Round took 8.716922ms
Round took 4.276384ms
Round took 3.93557ms
Round took 5.994395ms
Round took 4.936653ms
Round took 4.361742ms
Round took 6.355984ms
Round took 5.336149ms
Round took 5.889278ms
Round took 5.232818ms
Round took 5.120376ms
Round took 5.613877ms
Round took 5.030887ms
Round took 4.965307ms
Round took 5.144428ms
Round took 6.273049ms
Round took 4.417475ms
Round took 5.248082ms
Round took 5.797907ms
Round took 4.707613ms
Round took 4.550673ms
Round took 4.933036ms
Round took 5.423267ms
Round took 4.882511ms
Round took 5.119167ms
Round took 5.686866ms
Round took 4.312112ms
Round took 5.209779ms
Round took 4.800925ms
Round took 5.41296ms
Round took 5.146339ms
Round took 4.880198ms
Round took 6.225918ms
Round took 6.290831ms
Round took 7.824638ms
Round took 7.181966ms
Round took 4.576668ms
Round took 4.033802ms
Round took 7.141969ms
Round took 5.345005ms
Round took 6.41517ms
Round took 4.543451ms
Round took 5.723556ms
Round took 4.839427ms
Round took 5.909385ms
Round took 5.753714ms
Round took 7.356569ms
Round took 4.382173ms
Round took 5.367337ms
Round took 4.534172ms
Round took 3.64544ms
Round took 3.910729ms
Round took 6.345521ms
Round took 5.299497ms
Round took 5.108107ms
Round took 5.68327ms
Round took 4.874323ms
Round took 3.858952ms
Round took 5.453418ms
Round took 4.221395ms
Round took 7.460695ms
Round took 6.757985ms
Round took 4.837518ms
Round took 4.476742ms
Round took 5.501859ms
Round took 5.171907ms
Round took 4.675494ms
Round took 5.151275ms
Round took 5.292258ms
Round took 4.763102ms
Round took 4.890273ms
Round took 5.185967ms
Round took 4.991381ms
Round took 5.360287ms
Round took 4.55746ms
Round took 5.554982ms
Round took 5.411621ms
Round took 4.872456ms
Round took 5.986343ms
Round took 4.960974ms
Round took 5.237587ms
Round took 4.6535ms
Round took 5.681408ms
Round took 5.450965ms
Round took 4.749456ms
Round took 5.961296ms
Round took 4.515809ms
Round took 4.731936ms
Round took 5.832539ms
Round took 4.45165ms
Round took 5.210397ms
Round took 4.940576ms
Round took 5.395117ms
Round took 5.355067ms
Round took 4.594494ms
Round took 5.996705ms
Round took 6.287227ms
Round took 5.068213ms
Round took 4.889198ms
Round took 5.216582ms
Round took 4.948385ms
Round took 5.025304ms
Round took 4.794ms
Round took 5.179605ms
Round took 5.835818ms
Round took 5.027125ms
Round took 4.987864ms
Round took 4.81018ms
Round took 5.272394ms
Round took 5.098807ms
Round took 5.033782ms
Round took 5.311395ms
Round took 5.354007ms
Round took 4.796112ms
Round took 5.232015ms
Round took 5.553945ms
Round took 4.552509ms
Round took 5.026404ms
Round took 4.932825ms
Round took 5.38838ms
Round took 5.322205ms
Round took 4.529832ms
Round took 5.420041ms
Round took 5.451997ms
Round took 5.178027ms
Round took 5.217583ms
Round took 5.459119ms
Round took 4.365163ms
Round took 4.525504ms
Round took 5.382323ms
Round took 5.157795ms
Round took 4.423255ms
Round took 4.982451ms
Round took 5.702933ms
Round took 6.560989ms
Round took 6.223819ms
Round took 5.996894ms
Round took 5.11673ms
Round took 6.727739ms
Round took 5.562069ms
Round took 5.152769ms
Round took 4.815803ms
Round took 3.776799ms
Round took 4.121747ms
Round took 5.914499ms
Round took 5.451364ms
Round took 5.133916ms
Round took 5.310401ms
Round took 4.656071ms
Round took 5.378751ms
Round took 4.442326ms
Round took 5.792026ms
Round took 4.855726ms
Round took 4.577801ms
Round took 5.210002ms
Round took 6.022586ms
Round took 5.044182ms
Round took 4.474378ms
Round took 5.380509ms
Round took 5.075995ms
Round took 4.983156ms
Round took 5.450167ms
Round took 5.081864ms
Round took 5.241543ms
Round took 4.394241ms
Round took 5.150889ms
Round took 5.562733ms
Round took 4.55465ms
Round took 5.493135ms
Round took 6.36281ms
Round took 4.216553ms
Round took 5.133999ms
Round took 5.841902ms
Round took 4.60343ms
Round took 4.996801ms
Round took 4.587275ms
Round took 5.450973ms
Round took 5.601303ms
Round took 4.351441ms
Round took 5.082824ms
Round took 5.056744ms
Round took 5.438935ms
Round took 5.110108ms
Round took 5.51092ms
Round took 5.00683ms
Round took 6.267475ms
Round took 5.380874ms
Round took 6.409568ms
Round took 4.777237ms
Round took 4.950835ms
Round took 5.127967ms
Round took 5.870697ms
Round took 4.467815ms
Round took 5.262379ms
Round took 5.168839ms
Round took 5.033386ms
Round took 4.723186ms
Round took 5.800198ms
Round took 5.64323ms
Round took 4.49407ms
Round took 5.884933ms
Round took 4.809546ms
Round took 5.014876ms
Round took 4.723874ms
Round took 4.844181ms
Round took 5.69926ms
Round took 5.529152ms
Round took 4.701223ms
Round took 5.611161ms
Round took 5.283905ms
Round took 4.422615ms
Round took 4.530549ms
Round took 5.650021ms
Round took 5.34438ms
Round took 4.980902ms
Round took 4.865487ms
Round took 5.471726ms
Round took 4.987106ms
Round took 4.760767ms
Round took 5.842698ms
Round took 5.057344ms
Round took 4.479193ms
Round took 6.799031ms
Round took 6.343992ms
Round took 5.02227ms
Round took 4.857639ms
Round took 6.284891ms
Round took 4.249912ms
Round took 5.123339ms
Round took 4.967248ms
Round took 5.449121ms
Round took 4.877929ms
Round took 4.832742ms
Round took 5.392158ms
Round took 5.090092ms
Round took 5.069924ms
Round took 4.951407ms
Round took 5.257649ms
Round took 5.003467ms
Round took 4.990016ms
Round took 4.923573ms
Round took 5.152431ms
Round took 5.302022ms
Round took 4.995146ms
Round took 5.059705ms
Round took 4.878755ms
Round took 5.432187ms
Round took 4.790861ms
Round took 5.075971ms
Round took 6.182839ms
Round took 6.412622ms
Round took 6.310532ms
Round took 4.199697ms
Round took 4.130929ms
Round took 5.120101ms
Round took 5.410386ms
Round took 4.717197ms
Round took 5.805487ms
Round took 4.40622ms
Round took 6.219929ms
Round took 4.538688ms
Round took 5.765191ms
Round took 4.59352ms
Round took 5.07406ms
Round took 5.406237ms
Round took 4.882669ms
Round took 5.366545ms
Round took 4.868943ms
Round took 6.884838ms
Round took 4.574445ms
Round took 4.226873ms
Round took 4.801654ms
Round took 6.357237ms
Round took 5.875098ms
Round took 4.976073ms
Round took 5.223715ms
Round took 5.14491ms
Round took 4.709839ms
Round took 5.223927ms
Round took 5.069281ms
Round took 5.119494ms
Round took 5.377364ms
Round took 4.73836ms
Round took 5.041834ms
Round took 5.125663ms
Round took 5.044632ms
Round took 5.355659ms
Round took 4.769779ms
Round took 6.549176ms
Round took 4.837544ms
Round took 5.001038ms
Round took 5.3193ms
Round took 4.937167ms
Round took 4.701892ms
Round took 5.448768ms
Round took 5.265807ms
Round took 4.917076ms
Round took 5.599361ms
Round took 4.910525ms
Round took 4.968024ms
Round took 5.260099ms
Round took 4.971408ms
Round took 4.949634ms
Round took 5.806436ms
Round took 5.812214ms
Round took 4.852228ms
Round took 4.898783ms
Round took 6.546223ms
Round took 5.726109ms
Round took 4.835162ms
Round took 5.212906ms
Round took 5.106203ms
Round took 6.004541ms
Round took 5.137827ms
Round took 4.4359ms
Round took 4.994834ms
Round took 5.148934ms
Round took 5.381923ms
Round took 4.781588ms
Round took 5.114605ms
Round took 5.019209ms
Round took 5.328464ms
Round took 4.708508ms
Round took 6.441709ms
Round took 4.166668ms
Round took 4.884566ms
Round took 4.977549ms
Round took 5.76019ms
Round took 4.948845ms
Round took 5.37675ms
Round took 4.840537ms
Round took 4.899148ms
Round took 5.295586ms
Round took 5.225986ms
Round took 5.336253ms
Round took 4.847389ms
Round took 4.560881ms
Round took 5.646866ms
Round took 4.68454ms
Round took 5.196404ms
Round took 4.898205ms
Round took 5.70145ms
Round took 4.521051ms
Round took 4.955314ms
Round took 5.776406ms
Round took 4.65911ms
Round took 5.389945ms
Round took 4.246755ms
Round took 5.788807ms
Round took 4.975014ms
Round took 4.943851ms
Round took 5.806849ms
Round took 4.671971ms
Round took 4.77971ms
Round took 4.777363ms
Round took 7.145513ms
Round took 6.532707ms
Round took 5.146252ms
Round took 4.676463ms
Round took 5.325698ms
Round took 5.317595ms
Round took 5.008438ms
Round took 7.484501ms
Round took 4.277682ms
Round took 6.706738ms
Round took 4.629453ms
Round took 4.118464ms
Round took 5.596196ms
Round took 4.717531ms
Round took 5.35016ms
Round took 4.71596ms
Round took 5.8559ms
Round took 3.722658ms
Round took 5.504141ms
Round took 5.008189ms
Round took 4.934051ms
Round took 6.055072ms
Round took 4.397858ms
Round took 4.879255ms
Round took 5.301287ms
Round took 4.861238ms
Round took 5.245315ms
Round took 4.851744ms
Round took 5.898349ms
Round took 4.017411ms
Round took 4.968432ms
Round took 6.186021ms
Round took 5.576072ms
Round took 4.356504ms
Round took 4.529885ms
Round took 6.922844ms
Round took 5.955008ms
Round took 5.26129ms
Round took 5.14979ms
Round took 6.65374ms
Round took 4.860886ms
Round took 5.098134ms
Round took 4.407197ms
Round took 19.019628ms
Round took 4.935384ms
Round took 5.77579ms
Round took 4.873447ms
Round took 5.861183ms
Round took 5.944134ms
Round took 4.820453ms
Round took 5.56734ms
Round took 3.747165ms
Round took 5.123169ms
Round took 5.924574ms
Round took 5.668221ms
Round took 5.455344ms
Round took 4.305799ms
Round took 3.477783ms
Round took 6.251494ms
Round took 4.998577ms
Round took 5.218296ms
Round took 4.990482ms
Round took 5.684844ms
Round took 5.022523ms
Round took 5.009194ms
Round took 5.525168ms
Round took 4.29462ms
Round took 4.919409ms
Round took 5.017397ms
Round took 5.163003ms
Round took 5.740111ms
Round took 5.076174ms
Round took 5.575054ms
Round took 4.686396ms
Round took 5.329787ms
Round took 4.961756ms
Round took 5.615079ms
Round took 4.393688ms
Round took 5.176391ms
Round took 5.973685ms
Round took 3.865488ms
Round took 5.407897ms
Round took 4.64939ms
Round took 5.127792ms
Round took 5.565741ms
Round took 4.495294ms
Round took 5.484042ms
Round took 4.144646ms
Round took 7.075355ms
Round took 4.677504ms
Round took 4.54308ms
Round took 4.643193ms
Round took 5.071686ms
Round took 4.882614ms
Round took 5.153085ms
Round took 5.660329ms
Round took 4.422715ms
Round took 5.185277ms
Round took 4.555636ms
Round took 5.86081ms
Round took 4.107416ms
Round took 5.260504ms
Round took 5.991369ms
Round took 4.839984ms
Round took 4.794842ms
Round took 4.974067ms
Round took 4.884717ms
Round took 5.322536ms
Round took 4.953884ms
Round took 6.041446ms
Round took 3.766711ms
Round took 4.670125ms
Round took 5.499192ms
Round took 5.040448ms
Round took 5.173129ms
Round took 4.982428ms
Round took 5.620351ms
Round took 6.245688ms
Round took 6.952347ms
Round took 4.475099ms
Round took 4.975271ms
Round took 5.510526ms
Round took 4.651953ms
Round took 4.517708ms
Round took 7.710613ms
Round took 3.847653ms
Round took 5.308141ms
Round took 5.007032ms
Round took 5.64589ms
Round took 4.866202ms
Round took 5.662793ms
Round took 5.123888ms
Round took 5.321207ms
Round took 5.012405ms
Round took 5.456183ms
Round took 4.833873ms
Round took 4.596791ms
Round took 6.068584ms
Round took 4.375173ms
Round took 5.028502ms
Round took 4.96992ms
Round took 4.950941ms
Round took 4.715707ms
Round took 5.485965ms
Round took 5.687297ms
Round took 4.744347ms
Round took 4.754187ms
Round took 4.769015ms
Round took 7.587547ms
Round took 5.128357ms
Round took 7.249457ms
Round took 4.681284ms
Round took 6.548234ms
Round took 4.218301ms
Round took 4.909532ms
Round took 4.251317ms
Round took 5.990844ms
Round took 4.565011ms
Round took 4.720631ms
Round took 6.956524ms
Round took 6.42124ms
Round took 4.90752ms
Round took 5.357069ms
Round took 5.412896ms
Round took 4.999578ms
Round took 4.63102ms
Round took 4.925852ms
Round took 5.380916ms
Round took 4.768983ms
Round took 5.052057ms
Round took 5.212623ms
Round took 5.420438ms
Round took 5.106356ms
Round took 4.882456ms
Round took 5.786671ms
Round took 4.775684ms
Round took 4.992198ms
Round took 5.812907ms
Round took 4.270582ms
Round took 5.43546ms
Round took 4.952572ms
Round took 5.543116ms
Round took 4.755563ms
Round took 5.311814ms
Round took 4.536795ms
Round took 6.269612ms
Round took 4.635387ms
Round took 6.356471ms
Round took 3.947034ms
Round took 6.001172ms
Round took 4.897757ms
Round took 5.065484ms
Round took 4.961068ms
Round took 5.176098ms
Round took 4.846502ms
Round took 5.901101ms
Round took 4.553609ms
Round took 4.747284ms
Round took 5.642352ms
Round took 4.121836ms
Round took 5.747275ms
Round took 5.329723ms
Round took 5.524574ms
Round took 4.874945ms
Round took 4.519147ms
Round took 5.596567ms
Round took 4.467771ms
Round took 4.59631ms
Round took 5.43361ms
Round took 5.611937ms
Round took 4.889485ms
Round took 5.473162ms
Round took 4.515984ms
Round took 6.621755ms
Round took 6.108484ms
Round took 4.94148ms
Round took 5.006227ms
Round took 5.035778ms
Round took 5.315381ms
Round took 5.303774ms
Round took 4.457326ms
Round took 5.188571ms
Round took 5.519309ms
Round took 4.373494ms
Round took 5.363331ms
Round took 5.502448ms
Round took 4.661787ms
Round took 5.089577ms
Round took 4.972271ms
Round took 5.007831ms
Round took 5.339783ms
Round took 4.672695ms
Round took 6.281647ms
Round took 3.864904ms
Round took 5.204676ms
Round took 5.232412ms
Round took 5.245977ms
Round took 5.211727ms
Round took 4.827396ms
Round took 5.061522ms
Round took 5.111799ms
Round took 4.94051ms
Round took 5.272996ms
Round took 4.879522ms
Round took 6.09807ms
Round took 4.246259ms
Round took 5.104636ms
Round took 6.025904ms
Round took 4.225782ms
Round took 5.473092ms
Round took 4.707563ms
Round took 5.791979ms
Round took 4.774585ms
Round took 4.996314ms
Round took 5.910141ms
Round took 4.063515ms
Round took 5.208737ms
Round took 4.976611ms
Round took 5.657693ms
Round took 4.64667ms
Round took 5.192569ms
Round took 5.297236ms
Round took 4.889094ms
Round took 4.929004ms
Round took 5.42075ms
Round took 5.175964ms
Round took 4.885466ms
Round took 5.267025ms
Round took 5.336678ms
Round took 4.722219ms
Round took 5.282796ms
Round took 4.886245ms
Round took 5.921767ms
Round took 4.424998ms
Round took 5.215017ms
Round took 5.091766ms
Round took 5.258118ms
Round took 4.619796ms
Round took 5.075969ms
Round took 5.915777ms
Round took 5.266105ms
Round took 4.670157ms
Round took 6.027046ms
Round took 3.652434ms
Round took 4.790617ms
Round took 4.635956ms
Round took 5.094227ms
Round took 6.300564ms
Round took 4.198562ms
Round took 4.981572ms
Round took 4.645236ms
Round took 6.847938ms
Round took 4.595258ms
Round took 5.420148ms
Round took 5.613152ms
Round took 4.612701ms
Round took 4.693094ms
Round took 5.05403ms
Round took 5.426844ms
Round took 4.784104ms
Round took 5.260454ms
Round took 5.513674ms
Round took 5.351373ms
Round took 4.326144ms
Round took 6.073755ms
Round took 6.904547ms
Round took 5.000652ms
Round took 4.212117ms
Round took 5.214551ms
Round took 5.732237ms
Round took 4.524547ms
Round took 4.933737ms
Round took 5.241235ms
Round took 4.960793ms
Round took 5.375431ms
Round took 4.844242ms
Round took 5.438353ms
Round took 4.917185ms
Round took 5.106987ms
Round took 5.504347ms
Round took 4.579502ms
Round took 5.057002ms
Round took 5.173548ms
Round took 4.842625ms
Round took 6.481696ms
Round took 4.958411ms
Round took 5.580694ms
Round took 5.545714ms
Round took 4.287154ms
Round took 4.775871ms
Round took 6.209165ms
Round took 4.571061ms
Round took 4.235815ms
Round took 5.162609ms
Round took 6.016011ms
Round took 5.040839ms
Round took 5.715133ms
Round took 5.566104ms
Round took 4.211163ms
Round took 4.802974ms
Round took 4.319784ms
Round took 5.328191ms
Round took 4.659112ms
Round took 5.097151ms
Round took 5.635554ms
Round took 5.073443ms
Round took 5.015027ms
Round took 4.597379ms
Round took 5.780699ms
Round took 4.564358ms
Round took 5.239885ms
Round took 5.106165ms
Round took 5.931939ms
Round took 5.308986ms
Round took 4.382772ms
Round took 5.135694ms
Round took 5.308595ms
Round took 5.318178ms
Round took 4.439271ms
Round took 6.07251ms
Round took 4.940479ms
Round took 4.321458ms
Round took 5.965486ms
Round took 4.024775ms
Round took 5.515954ms
Round took 4.65788ms
Round took 5.274192ms
Round took 4.918405ms
Round took 4.947605ms
Round took 5.021181ms
Round took 6.019198ms
Round took 4.779037ms
Round took 4.781834ms
Round took 5.227881ms
Round took 4.703115ms
Round took 5.3576ms
Round took 4.277946ms
Round took 4.905149ms
Round took 5.966937ms
Round took 4.330791ms
Round took 5.099644ms
Round took 4.804921ms
Round took 7.144581ms
Round took 4.503145ms
Round took 5.698679ms
Round took 4.315441ms
Round took 3.850295ms
Round took 5.347795ms
Round took 5.108055ms
Round took 6.369649ms
Round took 4.850138ms
Round took 5.295618ms
Round took 4.871356ms
Round took 3.581161ms
Round took 5.480662ms
Round took 4.867365ms
Round took 5.631829ms
Round took 5.306113ms
Round took 4.54346ms
Round took 6.432101ms
Round took 3.870708ms
Round took 5.417178ms
Round took 5.449775ms
Round took 5.124558ms
Round took 5.535397ms
Round took 4.291632ms
Round took 6.447869ms
Round took 6.606872ms
Round took 4.719353ms
Round took 4.965886ms
Round took 5.166305ms
Round took 5.188047ms
Round took 5.344948ms
Round took 4.374017ms
Round took 6.063463ms
Round took 5.104522ms
Round took 4.760097ms
Round took 4.888966ms
Round took 5.455322ms
Round took 5.428037ms
Round took 4.470601ms
Round took 5.390252ms
Round took 5.436405ms
Round took 5.139857ms
Round took 5.748525ms
Round took 4.916805ms
Round took 4.743726ms
Round took 5.067722ms
Round took 4.926978ms
Round took 5.850008ms
Round took 5.204406ms
Round took 6.075913ms
Round took 3.710732ms
Round took 5.211797ms
Round took 4.72405ms
Round took 6.468728ms
Round took 4.557382ms
Round took 4.348771ms
Round took 5.206947ms
Round took 5.58713ms
Round took 5.25223ms
Round took 4.991117ms
Round took 4.921789ms
Round took 5.824601ms
Round took 4.066849ms
Round took 5.118872ms
Round took 5.134297ms
Round took 4.962802ms
Round took 4.822854ms
Round took 6.702853ms
Round took 6.170288ms
Round took 5.375118ms
Round took 5.017181ms
Round took 4.609013ms
Round took 5.755992ms
Round took 4.497322ms
Round took 5.052489ms
Round took 4.762587ms
Round took 5.1321ms
Round took 5.920424ms
Round took 4.735297ms
Round took 6.123296ms
Round took 4.512985ms
Round took 5.102227ms
Round took 4.843755ms
Round took 5.548473ms
Round took 5.297269ms
Round took 4.493362ms
Round took 6.070954ms
Round took 3.956813ms
Round took 5.010241ms
Round took 4.695474ms
Round took 5.713347ms
Round took 5.112313ms
Round took 4.937737ms
Round took 5.898643ms
Round took 4.694929ms
Round took 5.183832ms
Round took 5.083873ms
Round took 6.025725ms
Round took 4.400006ms
Round took 5.181995ms
Round took 5.611816ms
Round took 4.082433ms
Round took 4.941778ms
Round took 6.160285ms
Round took 6.472783ms
Round took 5.938343ms
Round took 4.511168ms
Round took 5.044846ms
Round took 5.280967ms
Round took 5.154236ms
Round took 4.923341ms
Round took 6.071231ms
Round took 6.245928ms
Round took 4.436248ms
Round took 4.458433ms
Round took 3.869069ms
Round took 6.379172ms
Round took 5.190205ms
Round took 6.124007ms
Round took 4.81132ms
Round took 6.12508ms
Round took 3.276164ms
Round took 7.067865ms
Round took 4.890928ms
Round took 4.773019ms
Round took 5.541547ms
Round took 4.599406ms
Round took 4.835534ms
Round took 5.135075ms
Round took 5.383794ms
Round took 4.710707ms
Round took 5.37312ms
Round took 5.877315ms
Round took 4.606453ms
Round took 4.633042ms
Round took 4.583799ms
Round took 5.617712ms
Round took 4.89868ms
Round took 4.918596ms
Round took 7.318193ms
Round took 6.979583ms
Round took 4.903819ms
Round took 4.890384ms
Round took 5.865701ms
Round took 4.904076ms
Round took 3.721576ms
Round took 5.299538ms
Round took 5.731773ms
Round took 5.364357ms
Round took 4.455251ms
Round took 7.091368ms
Round took 6.186066ms
Round took 4.372547ms
Round took 4.670027ms
Round took 4.690903ms
Round took 4.667319ms
Round took 3.542736ms
Round took 5.264884ms
Round took 6.865163ms
Round took 4.749109ms
Round took 5.140959ms
Round took 6.535419ms
Round took 6.555446ms
Round took 5.397688ms
Round took 4.700916ms
Round took 5.510077ms
Round took 4.326563ms
Round took 5.109572ms
Round took 5.528474ms
Round took 5.005231ms
Round took 5.024125ms
Round took 4.858269ms
Round took 5.001756ms
Round took 5.134812ms
Round took 5.112484ms
Round took 5.839693ms
Round took 4.164152ms
Round took 5.498263ms
Round took 4.85277ms
Round took 5.2042ms
Round took 5.064138ms
Round took 4.750484ms
Round took 5.060795ms
Round took 5.399134ms
Round took 4.869897ms
Round took 4.576778ms
Round took 6.02984ms
Round took 4.272848ms
Round took 5.394753ms
Round took 4.883263ms
Round took 5.302623ms
Round took 5.158063ms
Round took 4.509114ms
Round took 5.33045ms
Round took 5.134038ms
Round took 5.054658ms
Round took 5.005302ms
Round took 5.049866ms
Round took 4.991191ms
Round took 5.345492ms
Round took 5.251479ms
Round took 5.978941ms
Round took 4.847334ms
Round took 5.220504ms
Round took 5.110023ms
Round took 8.180039ms
Round took 6.419083ms
Test took 5.228846908s
Successful: 10000
