Uniform distribution
2021/04/16 21:40:47 The leader is replica 0
Round took 6.534488ms
Round took 6.651412ms
Round took 7.007213ms
Round took 6.433047ms
Round took 4.035598ms
Round took 5.683339ms
Round took 5.348982ms
Round took 6.662128ms
Round took 6.639774ms
Round took 4.39273ms
Round took 3.532896ms
Round took 4.988222ms
Round took 5.670719ms
Round took 4.949066ms
Round took 5.632621ms
Round took 5.653038ms
Round took 4.722298ms
Round took 4.820843ms
Round took 4.957115ms
Round took 5.38866ms
Round took 5.001296ms
Round took 5.719207ms
Round took 5.21483ms
Round took 4.427924ms
Round took 4.365015ms
Round took 5.405009ms
Round took 5.395921ms
Round took 5.0043ms
Round took 5.670404ms
Round took 4.282835ms
Round took 5.986217ms
Round took 3.631239ms
Round took 5.337491ms
Round took 4.3647ms
Round took 4.955654ms
Round took 6.797567ms
Round took 7.043411ms
Round took 7.860865ms
Round took 7.02275ms
Round took 4.049147ms
Round took 6.829263ms
Round took 6.077177ms
Round took 6.600192ms
Round took 4.227587ms
Round took 5.645734ms
Round took 5.110724ms
Round took 5.224296ms
Round took 4.954664ms
Round took 5.215774ms
Round took 6.796027ms
Round took 4.667797ms
Round took 5.44535ms
Round took 4.221923ms
Round took 3.631061ms
Round took 6.018034ms
Round took 5.20358ms
Round took 5.477598ms
Round took 4.982294ms
Round took 4.648037ms
Round took 5.192031ms
Round took 5.468397ms
Round took 4.749448ms
Round took 5.111736ms
Round took 4.860618ms
Round took 7.331243ms
Round took 4.726032ms
Round took 4.215283ms
Round took 5.463972ms
Round took 5.01267ms
Round took 4.775075ms
Round took 5.391952ms
Round took 4.99574ms
Round took 4.759158ms
Round took 4.857415ms
Round took 5.211178ms
Round took 4.94212ms
Round took 4.888341ms
Round took 4.555176ms
Round took 5.544399ms
Round took 4.792377ms
Round took 4.79725ms
Round took 5.522443ms
Round took 5.342913ms
Round took 5.071339ms
Round took 4.63217ms
Round took 4.822964ms
Round took 5.630849ms
Round took 5.135398ms
Round took 5.473625ms
Round took 4.695287ms
Round took 4.925632ms
Round took 4.951696ms
Round took 5.000952ms
Round took 5.668668ms
Round took 4.949295ms
Round took 5.067015ms
Round took 5.577071ms
Round took 4.542506ms
Round took 4.695511ms
Round took 4.834915ms
Round took 5.324204ms
Round took 4.868717ms
Round took 4.327232ms
Round took 5.260531ms
Round took 5.500393ms
Round took 4.539225ms
Round took 4.443033ms
Round took 5.247268ms
Round took 5.819014ms
Round took 4.966544ms
Round took 4.997503ms
Round took 4.721767ms
Round took 5.310877ms
Round took 5.061688ms
Round took 5.08676ms
Round took 5.737786ms
Round took 4.910541ms
Round took 4.916733ms
Round took 5.46755ms
Round took 5.227103ms
Round took 4.535901ms
Round took 5.034175ms
Round took 5.40386ms
Round took 4.92126ms
Round took 5.279466ms
Round took 4.568489ms
Round took 5.474728ms
Round took 5.412742ms
Round took 5.215847ms
Round took 5.211973ms
Round took 5.531862ms
Round took 4.323301ms
Round took 4.503481ms
Round took 5.455561ms
Round took 5.057964ms
Round took 4.748606ms
Round took 4.927582ms
Round took 6.037221ms
Round took 4.200362ms
Round took 4.892632ms
Round took 4.776973ms
Round took 5.904457ms
Round took 5.337385ms
Round took 6.800634ms
Round took 4.838727ms
Round took 5.011945ms
Round took 4.513889ms
Round took 3.769533ms
Round took 4.15182ms
Round took 5.984337ms
Round took 5.564037ms
Round took 5.696767ms
Round took 4.69254ms
Round took 4.122959ms
Round took 5.538871ms
Round took 5.360249ms
Round took 4.863642ms
Round took 4.975002ms
Round took 4.584014ms
Round took 5.260767ms
Round took 4.961768ms
Round took 4.972583ms
Round took 4.555972ms
Round took 5.297753ms
Round took 5.325732ms
Round took 5.074455ms
Round took 5.50242ms
Round took 5.054917ms
Round took 5.230355ms
Round took 4.413194ms
Round took 5.16068ms
Round took 5.595461ms
Round took 4.585425ms
Round took 5.547124ms
Round took 5.038847ms
Round took 4.290951ms
Round took 5.206683ms
Round took 5.681645ms
Round took 5.032404ms
Round took 5.005022ms
Round took 4.562364ms
Round took 5.530239ms
Round took 5.585043ms
Round took 4.313071ms
Round took 4.762119ms
Round took 5.390474ms
Round took 4.685948ms
Round took 4.814739ms
Round took 5.047517ms
Round took 5.70232ms
Round took 5.120533ms
Round took 4.957882ms
Round took 4.709363ms
Round took 5.998351ms
Round took 4.890322ms
Round took 5.584997ms
Round took 4.86999ms
Round took 5.042006ms
Round took 5.038792ms
Round took 5.368844ms
Round took 4.966572ms
Round took 4.46638ms
Round took 4.696032ms
Round took 5.712664ms
Round took 4.934698ms
Round took 4.603287ms
Round took 5.853321ms
Round took 4.575723ms
Round took 5.07245ms
Round took 4.754304ms
Round took 4.781957ms
Round took 5.740734ms
Round took 5.523815ms
Round took 4.939358ms
Round took 5.544689ms
Round took 4.982561ms
Round took 4.189254ms
Round took 4.567903ms
Round took 5.539982ms
Round took 5.230792ms
Round took 4.957253ms
Round took 4.562718ms
Round took 5.674672ms
Round took 4.903183ms
Round took 4.834834ms
Round took 5.251286ms
Round took 5.390746ms
Round took 4.455004ms
Round took 5.325905ms
Round took 5.402091ms
Round took 4.870557ms
Round took 4.560997ms
Round took 4.806601ms
Round took 6.252636ms
Round took 4.070449ms
Round took 5.207147ms
Round took 4.773018ms
Round took 5.453048ms
Round took 4.881508ms
Round took 4.879376ms
Round took 5.936938ms
Round took 4.608366ms
Round took 5.089533ms
Round took 4.816628ms
Round took 5.324971ms
Round took 4.924019ms
Round took 5.066301ms
Round took 5.002989ms
Round took 5.168897ms
Round took 5.261783ms
Round took 5.036902ms
Round took 5.291695ms
Round took 4.547886ms
Round took 5.349863ms
Round took 4.894499ms
Round took 5.169405ms
Round took 6.152179ms
Round took 6.293715ms
Round took 4.837093ms
Round took 3.943813ms
Round took 4.142949ms
Round took 4.941288ms
Round took 5.696428ms
Round took 4.747249ms
Round took 4.757923ms
Round took 5.075973ms
Round took 5.628288ms
Round took 4.509336ms
Round took 4.984148ms
Round took 5.089872ms
Round took 5.295109ms
Round took 4.891461ms
Round took 5.367962ms
Round took 5.276621ms
Round took 4.838548ms
Round took 5.728219ms
Round took 5.74303ms
Round took 4.110459ms
Round took 4.590706ms
Round took 5.015689ms
Round took 5.810294ms
Round took 4.731436ms
Round took 4.978257ms
Round took 5.153973ms
Round took 5.231501ms
Round took 4.61134ms
Round took 5.259734ms
Round took 5.564462ms
Round took 4.713847ms
Round took 5.314376ms
Round took 4.60465ms
Round took 5.286172ms
Round took 4.867936ms
Round took 5.153667ms
Round took 6.017865ms
Round took 5.013421ms
Round took 5.136601ms
Round took 5.040965ms
Round took 4.961839ms
Round took 5.251852ms
Round took 5.008621ms
Round took 4.654541ms
Round took 5.475954ms
Round took 5.237136ms
Round took 4.892088ms
Round took 5.679559ms
Round took 4.788006ms
Round took 5.216219ms
Round took 5.677462ms
Round took 4.378862ms
Round took 4.707294ms
Round took 5.984725ms
Round took 5.271337ms
Round took 4.71769ms
Round took 4.938306ms
Round took 5.644596ms
Round took 4.679951ms
Round took 4.894236ms
Round took 4.276587ms
Round took 5.920606ms
Round took 4.800064ms
Round took 5.705023ms
Round took 4.356069ms
Round took 5.851305ms
Round took 4.759765ms
Round took 4.684869ms
Round took 6.180468ms
Round took 4.230912ms
Round took 4.351916ms
Round took 4.977553ms
Round took 6.134609ms
Round took 4.303588ms
Round took 5.426325ms
Round took 4.473755ms
Round took 4.805814ms
Round took 5.344218ms
Round took 5.470671ms
Round took 5.051228ms
Round took 5.387973ms
Round took 4.836777ms
Round took 4.894845ms
Round took 5.585821ms
Round took 4.745437ms
Round took 4.704347ms
Round took 4.724109ms
Round took 4.572111ms
Round took 5.676911ms
Round took 4.60406ms
Round took 5.215327ms
Round took 4.911206ms
Round took 5.780765ms
Round took 4.492485ms
Round took 5.045165ms
Round took 5.713803ms
Round took 4.670797ms
Round took 5.369503ms
Round took 4.336135ms
Round took 5.783904ms
Round took 5.026133ms
Round took 5.036557ms
Round took 5.425048ms
Round took 4.826797ms
Round took 4.709958ms
Round took 4.542854ms
Round took 6.014339ms
Round took 4.757642ms
Round took 4.969669ms
Round took 5.242335ms
Round took 5.097885ms
Round took 4.815136ms
Round took 5.230303ms
Round took 5.358694ms
Round took 5.554884ms
Round took 3.684003ms
Round took 5.785673ms
Round took 4.705218ms
Round took 4.928284ms
Round took 5.468823ms
Round took 4.580777ms
Round took 5.698426ms
Round took 4.705349ms
Round took 5.497683ms
Round took 4.238245ms
Round took 5.490013ms
Round took 5.038202ms
Round took 5.033682ms
Round took 5.885339ms
Round took 4.39636ms
Round took 4.89119ms
Round took 4.994911ms
Round took 5.268163ms
Round took 4.913241ms
Round took 4.217797ms
Round took 5.111035ms
Round took 4.740403ms
Round took 5.254142ms
Round took 5.342772ms
Round took 5.158623ms
Round took 5.79412ms
Round took 4.420812ms
Round took 5.16925ms
Round took 4.719934ms
Round took 5.797387ms
Round took 5.078526ms
Round took 4.99983ms
Round took 6.923212ms
Round took 6.021851ms
Round took 4.854158ms
Round took 3.584667ms
Round took 18.444777ms
Round took 4.975696ms
Round took 5.545402ms
Round took 4.812179ms
Round took 5.956827ms
Round took 6.139179ms
Round took 4.489119ms
Round took 5.623283ms
Round took 3.613775ms
Round took 4.827409ms
Round took 6.22054ms
Round took 5.652811ms
Round took 5.467811ms
Round took 4.109328ms
Round took 3.468935ms
Round took 6.243789ms
Round took 4.913058ms
Round took 5.262698ms
Round took 5.522175ms
Round took 5.158786ms
Round took 5.095399ms
Round took 5.297453ms
Round took 4.997705ms
Round took 4.05776ms
Round took 4.72807ms
Round took 5.049975ms
Round took 5.773542ms
Round took 4.551031ms
Round took 5.062149ms
Round took 5.589941ms
Round took 4.324552ms
Round took 5.547902ms
Round took 4.791143ms
Round took 5.700909ms
Round took 4.429465ms
Round took 5.064674ms
Round took 5.333913ms
Round took 5.763028ms
Round took 5.374462ms
Round took 4.678954ms
Round took 5.322002ms
Round took 5.737322ms
Round took 4.572378ms
Round took 5.376975ms
Round took 4.178345ms
Round took 7.533613ms
Round took 4.161579ms
Round took 4.529992ms
Round took 4.175502ms
Round took 5.078441ms
Round took 4.873522ms
Round took 5.119227ms
Round took 5.717471ms
Round took 4.454787ms
Round took 5.151271ms
Round took 4.530233ms
Round took 4.785844ms
Round took 4.650584ms
Round took 5.284378ms
Round took 5.760808ms
Round took 4.919719ms
Round took 4.851324ms
Round took 4.537228ms
Round took 5.371884ms
Round took 5.245415ms
Round took 4.958583ms
Round took 6.063575ms
Round took 4.114256ms
Round took 4.614125ms
Round took 5.547202ms
Round took 5.029129ms
Round took 5.188252ms
Round took 4.800823ms
Round took 4.859418ms
Round took 5.059064ms
Round took 5.20115ms
Round took 5.922541ms
Round took 4.862386ms
Round took 5.215805ms
Round took 4.829929ms
Round took 5.147922ms
Round took 4.960468ms
Round took 5.801636ms
Round took 3.863331ms
Round took 5.330226ms
Round took 5.046887ms
Round took 5.605223ms
Round took 4.209603ms
Round took 4.25086ms
Round took 6.563077ms
Round took 4.749381ms
Round took 4.814148ms
Round took 5.654986ms
Round took 4.738923ms
Round took 4.746936ms
Round took 5.117509ms
Round took 5.240378ms
Round took 5.248384ms
Round took 4.955112ms
Round took 4.408966ms
Round took 5.348861ms
Round took 5.410566ms
Round took 5.003353ms
Round took 4.707417ms
Round took 5.452339ms
Round took 4.780716ms
Round took 5.400164ms
Round took 4.317191ms
Round took 5.690967ms
Round took 4.873275ms
Round took 4.275738ms
Round took 5.906958ms
Round took 4.542119ms
Round took 4.973658ms
Round took 4.619445ms
Round took 5.870538ms
Round took 4.965968ms
Round took 4.753332ms
Round took 5.263613ms
Round took 4.891934ms
Round took 5.884056ms
Round took 4.775401ms
Round took 5.971946ms
Round took 4.917344ms
Round took 4.459629ms
Round took 4.576322ms
Round took 5.106079ms
Round took 5.090148ms
Round took 4.663147ms
Round took 5.137837ms
Round took 5.894291ms
Round took 4.94292ms
Round took 5.096386ms
Round took 5.08536ms
Round took 5.444815ms
Round took 4.333424ms
Round took 4.993411ms
Round took 5.879456ms
Round took 4.203396ms
Round took 5.164641ms
Round took 5.511251ms
Round took 5.18086ms
Round took 4.389491ms
Round took 5.405004ms
Round took 4.512317ms
Round took 5.521944ms
Round took 4.612982ms
Round took 5.655215ms
Round took 5.013429ms
Round took 6.085258ms
Round took 4.913899ms
Round took 5.121658ms
Round took 5.032959ms
Round took 5.172225ms
Round took 4.808814ms
Round took 5.601843ms
Round took 4.616936ms
Round took 5.084459ms
Round took 5.585101ms
Round took 4.071743ms
Round took 5.654959ms
Round took 5.258778ms
Round took 5.346919ms
Round took 4.978812ms
Round took 4.513338ms
Round took 5.643763ms
Round took 4.493728ms
Round took 4.532359ms
Round took 5.18202ms
Round took 4.906531ms
Round took 5.589385ms
Round took 5.381517ms
Round took 4.520828ms
Round took 5.242019ms
Round took 4.615165ms
Round took 5.634829ms
Round took 4.865794ms
Round took 5.491236ms
Round took 4.534737ms
Round took 4.806109ms
Round took 5.08845ms
Round took 4.521745ms
Round took 5.613884ms
Round took 5.377782ms
Round took 4.379491ms
Round took 5.419632ms
Round took 5.178341ms
Round took 4.556254ms
Round took 5.486779ms
Round took 5.35866ms
Round took 4.26057ms
Round took 5.259446ms
Round took 4.659029ms
Round took 6.287554ms
Round took 3.876005ms
Round took 5.198207ms
Round took 6.146479ms
Round took 4.393759ms
Round took 5.207512ms
Round took 4.794027ms
Round took 5.264454ms
Round took 4.730106ms
Round took 4.974776ms
Round took 5.732682ms
Round took 5.079891ms
Round took 5.472529ms
Round took 4.123587ms
Round took 5.29344ms
Round took 5.495367ms
Round took 4.545155ms
Round took 5.776703ms
Round took 4.409449ms
Round took 5.451228ms
Round took 5.027954ms
Round took 6.805934ms
Round took 6.024801ms
Round took 5.178528ms
Round took 5.059241ms
Round took 5.613106ms
Round took 4.71769ms
Round took 4.955971ms
Round took 4.984448ms
Round took 5.566441ms
Round took 4.905541ms
Round took 5.236882ms
Round took 4.993968ms
Round took 5.007715ms
Round took 5.148399ms
Round took 5.245653ms
Round took 5.496937ms
Round took 4.620068ms
Round took 4.737133ms
Round took 4.952985ms
Round took 5.144669ms
Round took 5.169671ms
Round took 4.90045ms
Round took 5.282501ms
Round took 5.174911ms
Round took 5.005905ms
Round took 4.878666ms
Round took 6.053475ms
Round took 4.516781ms
Round took 4.875395ms
Round took 5.015601ms
Round took 5.32667ms
Round took 4.67321ms
Round took 5.040477ms
Round took 5.45878ms
Round took 4.921226ms
Round took 5.014357ms
Round took 4.86186ms
Round took 5.018847ms
Round took 5.266883ms
Round took 4.830019ms
Round took 5.300311ms
Round took 5.199859ms
Round took 4.673529ms
Round took 4.95336ms
Round took 5.314059ms
Round took 4.798157ms
Round took 5.02495ms
Round took 4.970599ms
Round took 5.247682ms
Round took 4.838825ms
Round took 5.2115ms
Round took 4.826395ms
Round took 6.662004ms
Round took 4.811942ms
Round took 4.23634ms
Round took 5.165237ms
Round took 5.705391ms
Round took 4.358738ms
Round took 4.928199ms
Round took 5.207818ms
Round took 5.044764ms
Round took 5.354929ms
Round took 4.844474ms
Round took 5.48315ms
Round took 4.9344ms
Round took 5.230404ms
Round took 6.072842ms
Round took 4.052641ms
Round took 5.034991ms
Round took 5.071133ms
Round took 4.767393ms
Round took 5.729684ms
Round took 4.633176ms
Round took 5.170361ms
Round took 5.809872ms
Round took 4.298452ms
Round took 4.885274ms
Round took 5.300336ms
Round took 6.759753ms
Round took 4.856087ms
Round took 5.941657ms
Round took 5.693613ms
Round took 4.63355ms
Round took 5.739323ms
Round took 4.794091ms
Round took 4.343889ms
Round took 4.725187ms
Round took 4.327089ms
Round took 5.262173ms
Round took 4.903653ms
Round took 5.159294ms
Round took 5.645658ms
Round took 5.018133ms
Round took 5.039568ms
Round took 4.642444ms
Round took 5.758468ms
Round took 4.52743ms
Round took 4.829784ms
Round took 5.555433ms
Round took 5.410305ms
Round took 5.086217ms
Round took 4.354709ms
Round took 5.139399ms
Round took 5.374683ms
Round took 5.35595ms
Round took 4.451918ms
Round took 5.444825ms
Round took 5.516654ms
Round took 4.324361ms
Round took 6.026527ms
Round took 4.036777ms
Round took 5.320796ms
Round took 4.690621ms
Round took 5.284808ms
Round took 4.925742ms
Round took 4.679905ms
Round took 5.022765ms
Round took 5.597346ms
Round took 5.102224ms
Round took 4.743894ms
Round took 4.736608ms
Round took 5.4459ms
Round took 5.655337ms
Round took 4.403312ms
Round took 5.382216ms
Round took 5.504435ms
Round took 4.266397ms
Round took 5.12255ms
Round took 4.778107ms
Round took 7.295547ms
Round took 4.894454ms
Round took 4.666674ms
Round took 4.216337ms
Round took 3.825451ms
Round took 4.827456ms
Round took 4.270324ms
Round took 5.308638ms
Round took 5.922762ms
Round took 4.795213ms
Round took 4.768028ms
Round took 4.56458ms
Round took 5.475879ms
Round took 4.794778ms
Round took 5.063099ms
Round took 5.569967ms
Round took 4.641654ms
Round took 5.341128ms
Round took 4.471591ms
Round took 5.79223ms
Round took 4.889221ms
Round took 5.31287ms
Round took 5.358195ms
Round took 4.463201ms
Round took 5.253492ms
Round took 5.735624ms
Round took 5.20017ms
Round took 4.574967ms
Round took 5.340865ms
Round took 5.585025ms
Round took 4.550043ms
Round took 5.365612ms
Round took 4.248578ms
Round took 6.094138ms
Round took 4.528216ms
Round took 4.895849ms
Round took 5.697214ms
Round took 4.762587ms
Round took 5.348376ms
Round took 4.340721ms
Round took 5.32627ms
Round took 4.836849ms
Round took 4.946268ms
Round took 5.227664ms
Round took 5.453743ms
Round took 4.659765ms
Round took 5.160403ms
Round took 4.93141ms
Round took 5.861309ms
Round took 5.272633ms
Round took 4.781321ms
Round took 5.100208ms
Round took 5.055248ms
Round took 4.753403ms
Round took 6.377198ms
Round took 4.370311ms
Round took 4.367964ms
Round took 5.125659ms
Round took 5.129027ms
Round took 4.715676ms
Round took 4.99227ms
Round took 4.367018ms
Round took 5.007956ms
Round took 5.310854ms
Round took 5.094051ms
Round took 4.916723ms
Round took 5.659071ms
Round took 4.71966ms
Round took 5.609527ms
Round took 4.298155ms
Round took 6.041631ms
Round took 5.00141ms
Round took 4.988118ms
Round took 4.775938ms
Round took 5.286293ms
Round took 4.491941ms
Round took 5.680151ms
Round took 4.623276ms
Round took 4.494042ms
Round took 5.962391ms
Round took 4.664692ms
Round took 5.988972ms
Round took 4.09942ms
Round took 5.774908ms
Round took 4.269386ms
Round took 5.524797ms
Round took 5.506641ms
Round took 4.716121ms
Round took 5.394399ms
Round took 3.697824ms
Round took 5.10111ms
Round took 4.702104ms
Round took 5.180223ms
Round took 5.15634ms
Round took 4.925749ms
Round took 5.766187ms
Round took 4.662974ms
Round took 4.869278ms
Round took 5.29299ms
Round took 4.780496ms
Round took 5.244584ms
Round took 5.038269ms
Round took 4.937992ms
Round took 5.004015ms
Round took 4.916291ms
Round took 4.003973ms
Round took 4.946865ms
Round took 5.676458ms
Round took 5.273649ms
Round took 4.234824ms
Round took 5.165704ms
Round took 5.2914ms
Round took 5.064723ms
Round took 4.859906ms
Round took 5.250647ms
Round took 7.073715ms
Round took 4.407606ms
Round took 4.580047ms
Round took 3.869351ms
Round took 5.266508ms
Round took 5.179001ms
Round took 5.646406ms
Round took 5.053276ms
Round took 5.738737ms
Round took 4.28789ms
Round took 6.533778ms
Round took 4.44158ms
Round took 4.914102ms
Round took 5.008719ms
Round took 5.166721ms
Round took 4.929167ms
Round took 5.140837ms
Round took 4.932863ms
Round took 5.123902ms
Round took 4.884595ms
Round took 5.021643ms
Round took 5.523613ms
Round took 4.564466ms
Round took 4.787768ms
Round took 5.539053ms
Round took 5.00335ms
Round took 5.02142ms
Round took 5.129281ms
Round took 4.943389ms
Round took 6.492308ms
Round took 5.060619ms
Round took 5.127369ms
Round took 5.206038ms
Round took 4.808181ms
Round took 3.753805ms
Round took 5.266983ms
Round took 5.314022ms
Round took 5.6453ms
Round took 4.425148ms
Round took 6.887835ms
Round took 6.529701ms
Round took 4.22948ms
Round took 4.786711ms
Round took 4.732783ms
Round took 4.695343ms
Round took 3.493108ms
Round took 5.261769ms
Round took 5.590978ms
Round took 4.520495ms
Round took 5.004853ms
Round took 5.080663ms
Round took 5.005945ms
Round took 5.887887ms
Round took 6.075485ms
Round took 4.197646ms
Round took 5.255487ms
Round took 4.625841ms
Round took 5.403558ms
Round took 5.493894ms
Round took 4.260257ms
Round took 5.122967ms
Round took 5.280446ms
Round took 4.507285ms
Round took 5.216323ms
Round took 5.306069ms
Round took 5.791007ms
Round took 4.285899ms
Round took 5.393785ms
Round took 4.660423ms
Round took 5.237667ms
Round took 5.128297ms
Round took 4.714773ms
Round took 6.206054ms
Round took 4.527939ms
Round took 4.381566ms
Round took 4.5005ms
Round took 6.011826ms
Round took 4.288134ms
Round took 5.382283ms
Round took 4.934526ms
Round took 5.421901ms
Round took 5.091474ms
Round took 4.764128ms
Round took 6.229265ms
Round took 4.494551ms
Round took 5.193543ms
Round took 5.308838ms
Round took 4.718973ms
Round took 4.750171ms
Round took 4.774722ms
Round took 5.47842ms
Round took 5.325561ms
Round took 4.910181ms
Round took 4.71035ms
Round took 4.207662ms
Round took 6.310469ms
Round took 4.979306ms
Round took 6.122684ms
Round took 5.504428ms
Round took 4.165915ms
Round took 4.512363ms
Round took 5.509139ms
Round took 5.077238ms
Round took 4.716062ms
Round took 5.171158ms
Round took 6.454722ms
Round took 4.41121ms
Round took 5.111268ms
Round took 4.972873ms
Round took 4.973949ms
Round took 5.190044ms
Round took 4.804842ms
Round took 5.678528ms
Round took 4.635238ms
Round took 5.580374ms
Round took 5.0299ms
Round took 4.466892ms
Round took 5.13353ms
Round took 5.126808ms
Round took 5.880119ms
Round took 4.51837ms
Round took 5.047247ms
Round took 5.244036ms
Round took 4.60808ms
Round took 5.224746ms
Round took 5.166804ms
Round took 6.68627ms
Round took 3.715446ms
Round took 5.180976ms
Round took 5.582502ms
Round took 5.123403ms
Round took 5.633779ms
Round took 3.555148ms
Test took 5.128491395s
Successful: 10000
