Uniform distribution
2021/04/16 21:40:47 The leader is replica 0
Round took 6.58236ms
Round took 7.028324ms
Round took 6.450804ms
Round took 4.016985ms
Round took 5.651085ms
Round took 5.387136ms
Round took 5.976303ms
Round took 6.258905ms
Round took 4.545332ms
Round took 3.752439ms
Round took 5.007804ms
Round took 5.151107ms
Round took 5.341926ms
Round took 5.556415ms
Round took 4.966091ms
Round took 5.328007ms
Round took 4.821252ms
Round took 4.985966ms
Round took 5.256552ms
Round took 5.086123ms
Round took 5.636156ms
Round took 4.740438ms
Round took 4.945194ms
Round took 4.396342ms
Round took 5.383462ms
Round took 4.937564ms
Round took 5.423412ms
Round took 5.531589ms
Round took 4.335283ms
Round took 5.115915ms
Round took 4.745946ms
Round took 5.231768ms
Round took 4.484143ms
Round took 4.894754ms
Round took 6.432063ms
Round took 6.252909ms
Round took 7.797196ms
Round took 7.204791ms
Round took 4.332904ms
Round took 3.960067ms
Round took 6.784535ms
Round took 5.078669ms
Round took 6.513526ms
Round took 4.223256ms
Round took 5.68876ms
Round took 5.113206ms
Round took 4.914893ms
Round took 4.520408ms
Round took 6.256632ms
Round took 5.871157ms
Round took 4.968309ms
Round took 5.632143ms
Round took 4.327611ms
Round took 3.898741ms
Round took 5.74885ms
Round took 5.750586ms
Round took 5.099955ms
Round took 4.977968ms
Round took 4.677616ms
Round took 5.585394ms
Round took 5.098371ms
Round took 4.01875ms
Round took 5.406403ms
Round took 6.389985ms
Round took 5.969326ms
Round took 4.910461ms
Round took 4.117768ms
Round took 4.965098ms
Round took 5.147021ms
Round took 5.080258ms
Round took 5.226297ms
Round took 4.978105ms
Round took 4.708576ms
Round took 5.053223ms
Round took 4.812827ms
Round took 5.030474ms
Round took 5.057965ms
Round took 4.909191ms
Round took 4.853722ms
Round took 4.480528ms
Round took 4.911915ms
Round took 5.929357ms
Round took 4.989371ms
Round took 5.192594ms
Round took 4.654261ms
Round took 5.399799ms
Round took 4.957625ms
Round took 4.952442ms
Round took 5.538616ms
Round took 4.894009ms
Round took 4.818577ms
Round took 4.99472ms
Round took 5.502267ms
Round took 5.185362ms
Round took 5.055308ms
Round took 5.385556ms
Round took 5.349189ms
Round took 4.575738ms
Round took 4.990133ms
Round took 5.744904ms
Round took 5.047563ms
Round took 4.890911ms
Round took 5.461383ms
Round took 5.561302ms
Round took 5.158777ms
Round took 4.995931ms
Round took 5.0278ms
Round took 6.601869ms
Round took 5.143135ms
Round took 4.957366ms
Round took 4.87961ms
Round took 5.230699ms
Round took 5.190842ms
Round took 4.951706ms
Round took 5.293195ms
Round took 5.176086ms
Round took 4.650353ms
Round took 5.210212ms
Round took 5.518585ms
Round took 4.565539ms
Round took 4.784341ms
Round took 4.986955ms
Round took 5.303564ms
Round took 5.30285ms
Round took 4.50387ms
Round took 5.161685ms
Round took 5.533187ms
Round took 5.055649ms
Round took 4.768165ms
Round took 5.962165ms
Round took 4.489846ms
Round took 4.508885ms
Round took 5.337769ms
Round took 5.193998ms
Round took 4.800913ms
Round took 4.954032ms
Round took 5.257387ms
Round took 4.752711ms
Round took 5.86933ms
Round took 4.817743ms
Round took 5.842211ms
Round took 4.925905ms
Round took 5.906236ms
Round took 5.609479ms
Round took 5.050994ms
Round took 4.984619ms
Round took 3.795855ms
Round took 4.118955ms
Round took 5.930877ms
Round took 5.53233ms
Round took 5.06292ms
Round took 5.295823ms
Round took 4.081147ms
Round took 5.293498ms
Round took 4.546739ms
Round took 5.40747ms
Round took 5.097323ms
Round took 4.587833ms
Round took 5.212403ms
Round took 5.122093ms
Round took 5.499935ms
Round took 4.454493ms
Round took 4.938985ms
Round took 5.046143ms
Round took 5.067509ms
Round took 4.999622ms
Round took 5.56859ms
Round took 5.088141ms
Round took 4.612094ms
Round took 5.114555ms
Round took 5.619972ms
Round took 4.514713ms
Round took 5.500884ms
Round took 4.669985ms
Round took 5.174635ms
Round took 5.022745ms
Round took 5.295908ms
Round took 5.33235ms
Round took 5.119711ms
Round took 4.682507ms
Round took 5.201617ms
Round took 5.881374ms
Round took 4.304037ms
Round took 4.777462ms
Round took 5.295953ms
Round took 5.256496ms
Round took 5.102077ms
Round took 5.023758ms
Round took 5.761114ms
Round took 5.222291ms
Round took 4.991494ms
Round took 4.68386ms
Round took 6.005351ms
Round took 4.753171ms
Round took 5.06317ms
Round took 5.34746ms
Round took 4.918241ms
Round took 4.924734ms
Round took 5.314053ms
Round took 5.074375ms
Round took 4.630974ms
Round took 4.797069ms
Round took 5.734103ms
Round took 4.950428ms
Round took 4.342963ms
Round took 5.499205ms
Round took 4.802736ms
Round took 5.224983ms
Round took 4.704935ms
Round took 4.873532ms
Round took 5.698237ms
Round took 5.465103ms
Round took 4.782968ms
Round took 5.766965ms
Round took 4.997547ms
Round took 4.33673ms
Round took 4.652197ms
Round took 5.553079ms
Round took 5.279025ms
Round took 5.019506ms
Round took 4.58848ms
Round took 5.661688ms
Round took 4.938169ms
Round took 4.849417ms
Round took 5.271253ms
Round took 5.335399ms
Round took 4.477701ms
Round took 5.308288ms
Round took 5.436438ms
Round took 4.802254ms
Round took 4.576441ms
Round took 4.827157ms
Round took 6.248013ms
Round took 3.993061ms
Round took 5.210225ms
Round took 4.890747ms
Round took 5.449699ms
Round took 4.889297ms
Round took 4.915653ms
Round took 5.937285ms
Round took 4.619763ms
Round took 5.134122ms
Round took 4.761322ms
Round took 5.302126ms
Round took 4.886669ms
Round took 5.104913ms
Round took 5.039208ms
Round took 5.178889ms
Round took 5.22565ms
Round took 4.981148ms
Round took 5.304463ms
Round took 4.608188ms
Round took 5.333346ms
Round took 4.886228ms
Round took 5.015397ms
Round took 6.214986ms
Round took 6.382166ms
Round took 4.838759ms
Round took 3.969537ms
Round took 4.154078ms
Round took 4.824669ms
Round took 5.702736ms
Round took 4.749376ms
Round took 4.787074ms
Round took 5.072129ms
Round took 5.645414ms
Round took 4.531299ms
Round took 4.992767ms
Round took 5.10807ms
Round took 5.331264ms
Round took 4.920788ms
Round took 5.381145ms
Round took 5.232282ms
Round took 4.81518ms
Round took 5.677909ms
Round took 5.812704ms
Round took 4.114505ms
Round took 4.565415ms
Round took 5.024748ms
Round took 5.101827ms
Round took 5.493994ms
Round took 5.0557ms
Round took 5.108022ms
Round took 5.137095ms
Round took 4.657325ms
Round took 5.286588ms
Round took 5.132161ms
Round took 5.147613ms
Round took 5.319353ms
Round took 4.618203ms
Round took 5.296008ms
Round took 4.806923ms
Round took 5.00861ms
Round took 5.462816ms
Round took 5.554678ms
Round took 4.710143ms
Round took 4.725798ms
Round took 4.873127ms
Round took 5.61346ms
Round took 4.935093ms
Round took 4.771528ms
Round took 5.419935ms
Round took 5.274068ms
Round took 4.904898ms
Round took 5.955892ms
Round took 4.896458ms
Round took 5.03045ms
Round took 5.203867ms
Round took 4.953571ms
Round took 4.894029ms
Round took 5.825371ms
Round took 5.3157ms
Round took 4.699208ms
Round took 4.886457ms
Round took 5.625946ms
Round took 4.711409ms
Round took 4.866181ms
Round took 4.283327ms
Round took 5.992736ms
Round took 4.781883ms
Round took 5.62543ms
Round took 4.349607ms
Round took 5.860841ms
Round took 4.753159ms
Round took 4.575976ms
Round took 6.190717ms
Round took 4.342298ms
Round took 4.358023ms
Round took 4.97566ms
Round took 6.118714ms
Round took 4.166791ms
Round took 5.425042ms
Round took 4.483158ms
Round took 4.810888ms
Round took 5.26825ms
Round took 5.442994ms
Round took 5.049757ms
Round took 5.389973ms
Round took 4.867088ms
Round took 4.851299ms
Round took 5.21407ms
Round took 5.217381ms
Round took 4.699003ms
Round took 4.79148ms
Round took 4.567077ms
Round took 5.612439ms
Round took 4.620753ms
Round took 5.184099ms
Round took 4.964179ms
Round took 5.730418ms
Round took 4.553921ms
Round took 5.011707ms
Round took 5.601355ms
Round took 4.654058ms
Round took 5.093423ms
Round took 4.386441ms
Round took 5.946023ms
Round took 4.841528ms
Round took 4.991035ms
Round took 4.609003ms
Round took 5.700863ms
Round took 4.677349ms
Round took 4.358616ms
Round took 5.547664ms
Round took 5.139681ms
Round took 4.959087ms
Round took 5.229459ms
Round took 4.549705ms
Round took 5.456799ms
Round took 5.175588ms
Round took 5.012695ms
Round took 5.969132ms
Round took 3.870202ms
Round took 5.802138ms
Round took 4.384902ms
Round took 5.126155ms
Round took 5.480647ms
Round took 4.57988ms
Round took 5.534516ms
Round took 4.781849ms
Round took 5.467784ms
Round took 4.308495ms
Round took 5.563768ms
Round took 5.058429ms
Round took 4.903282ms
Round took 5.079675ms
Round took 5.245224ms
Round took 4.87432ms
Round took 4.57913ms
Round took 4.907373ms
Round took 5.428657ms
Round took 4.945681ms
Round took 5.082999ms
Round took 4.702502ms
Round took 5.226934ms
Round took 5.453985ms
Round took 5.015329ms
Round took 5.9736ms
Round took 4.406776ms
Round took 5.175047ms
Round took 4.639408ms
Round took 5.797592ms
Round took 5.174233ms
Round took 5.056133ms
Round took 6.854381ms
Round took 5.25972ms
Round took 5.40432ms
Round took 3.688311ms
Round took 18.534275ms
Round took 4.985337ms
Round took 5.889534ms
Round took 4.883222ms
Round took 5.943559ms
Round took 6.167661ms
Round took 4.415098ms
Round took 5.654471ms
Round took 3.637629ms
Round took 4.919767ms
Round took 6.510976ms
Round took 5.544684ms
Round took 5.450914ms
Round took 3.97606ms
Round took 3.43867ms
Round took 6.374225ms
Round took 4.878763ms
Round took 5.253191ms
Round took 5.145392ms
Round took 5.140943ms
Round took 5.113962ms
Round took 5.387588ms
Round took 4.872466ms
Round took 4.316319ms
Round took 5.145214ms
Round took 5.634432ms
Round took 4.590723ms
Round took 4.546331ms
Round took 5.139283ms
Round took 5.60776ms
Round took 4.353172ms
Round took 5.523805ms
Round took 4.771652ms
Round took 5.798982ms
Round took 4.38917ms
Round took 5.079626ms
Round took 6.083153ms
Round took 4.542405ms
Round took 5.29105ms
Round took 4.674683ms
Round took 5.327612ms
Round took 5.727098ms
Round took 4.616266ms
Round took 5.398362ms
Round took 4.192598ms
Round took 7.281226ms
Round took 4.508118ms
Round took 4.508951ms
Round took 4.181252ms
Round took 4.899195ms
Round took 4.999584ms
Round took 5.302009ms
Round took 5.594174ms
Round took 4.428984ms
Round took 5.1738ms
Round took 4.049525ms
Round took 5.256659ms
Round took 4.72783ms
Round took 5.285988ms
Round took 5.847987ms
Round took 4.944913ms
Round took 4.848447ms
Round took 4.511884ms
Round took 5.316457ms
Round took 5.21649ms
Round took 5.014569ms
Round took 6.091544ms
Round took 4.333514ms
Round took 4.819603ms
Round took 5.51291ms
Round took 5.09049ms
Round took 5.165264ms
Round took 5.008088ms
Round took 5.833939ms
Round took 4.115243ms
Round took 5.086081ms
Round took 6.157618ms
Round took 4.637735ms
Round took 5.193857ms
Round took 4.887456ms
Round took 5.557857ms
Round took 4.461359ms
Round took 5.678606ms
Round took 3.832393ms
Round took 5.816874ms
Round took 4.469805ms
Round took 5.579033ms
Round took 4.273014ms
Round took 4.83674ms
Round took 5.651583ms
Round took 4.73107ms
Round took 4.843132ms
Round took 5.687838ms
Round took 4.739678ms
Round took 4.497804ms
Round took 5.214739ms
Round took 5.29145ms
Round took 5.279023ms
Round took 4.966949ms
Round took 4.378179ms
Round took 5.354987ms
Round took 5.485927ms
Round took 5.116904ms
Round took 5.23998ms
Round took 4.798394ms
Round took 4.809353ms
Round took 5.473793ms
Round took 4.593684ms
Round took 5.492731ms
Round took 4.87571ms
Round took 4.04761ms
Round took 5.911968ms
Round took 4.595805ms
Round took 4.953601ms
Round took 4.636653ms
Round took 5.473352ms
Round took 4.931394ms
Round took 4.751789ms
Round took 5.283365ms
Round took 5.017863ms
Round took 5.830912ms
Round took 4.814161ms
Round took 5.916872ms
Round took 4.976181ms
Round took 4.427213ms
Round took 4.607918ms
Round took 5.157891ms
Round took 5.089046ms
Round took 4.681578ms
Round took 5.079084ms
Round took 5.953204ms
Round took 4.960337ms
Round took 5.075576ms
Round took 5.11266ms
Round took 5.311226ms
Round took 4.425497ms
Round took 4.922524ms
Round took 5.857618ms
Round took 4.149524ms
Round took 5.091591ms
Round took 5.050055ms
Round took 5.525435ms
Round took 4.46102ms
Round took 5.296772ms
Round took 4.545907ms
Round took 5.584527ms
Round took 4.701111ms
Round took 5.650783ms
Round took 4.682407ms
Round took 5.802942ms
Round took 4.372725ms
Round took 4.667827ms
Round took 5.715005ms
Round took 5.015221ms
Round took 4.625118ms
Round took 5.691473ms
Round took 4.99404ms
Round took 4.367618ms
Round took 5.250913ms
Round took 4.64018ms
Round took 5.806815ms
Round took 5.192801ms
Round took 5.052064ms
Round took 5.407985ms
Round took 4.46875ms
Round took 5.155579ms
Round took 4.571042ms
Round took 5.44767ms
Round took 4.828821ms
Round took 4.77984ms
Round took 5.192828ms
Round took 5.880229ms
Round took 4.522371ms
Round took 4.884748ms
Round took 5.535794ms
Round took 5.596072ms
Round took 4.585862ms
Round took 5.480306ms
Round took 4.754732ms
Round took 4.762674ms
Round took 5.145522ms
Round took 4.508744ms
Round took 5.371851ms
Round took 5.261545ms
Round took 4.426299ms
Round took 5.508081ms
Round took 5.269853ms
Round took 4.622017ms
Round took 5.225444ms
Round took 5.662861ms
Round took 4.255149ms
Round took 5.272423ms
Round took 4.717539ms
Round took 6.275225ms
Round took 3.839885ms
Round took 5.262041ms
Round took 5.914955ms
Round took 4.7193ms
Round took 5.184308ms
Round took 4.771688ms
Round took 5.262713ms
Round took 4.883962ms
Round took 4.975185ms
Round took 5.711977ms
Round took 4.841872ms
Round took 5.567393ms
Round took 4.158814ms
Round took 5.257354ms
Round took 5.504611ms
Round took 4.580767ms
Round took 5.691929ms
Round took 4.474772ms
Round took 5.39638ms
Round took 5.020448ms
Round took 6.779224ms
Round took 4.745517ms
Round took 4.053081ms
Round took 5.737602ms
Round took 4.506681ms
Round took 5.178521ms
Round took 4.704324ms
Round took 5.938449ms
Round took 4.398581ms
Round took 4.615565ms
Round took 4.94368ms
Round took 5.464419ms
Round took 4.854885ms
Round took 4.952738ms
Round took 5.277213ms
Round took 5.358513ms
Round took 5.123526ms
Round took 4.55045ms
Round took 4.749429ms
Round took 5.208715ms
Round took 4.828693ms
Round took 4.653371ms
Round took 4.903533ms
Round took 5.697563ms
Round took 4.657523ms
Round took 4.977035ms
Round took 4.943779ms
Round took 6.062183ms
Round took 4.594526ms
Round took 4.860647ms
Round took 6.281894ms
Round took 4.983078ms
Round took 4.668543ms
Round took 5.59238ms
Round took 5.907431ms
Round took 4.17671ms
Round took 5.309239ms
Round took 4.499576ms
Round took 4.845132ms
Round took 4.623029ms
Round took 4.897953ms
Round took 5.985645ms
Round took 4.570941ms
Round took 4.660953ms
Round took 5.099545ms
Round took 5.317959ms
Round took 4.770336ms
Round took 5.007558ms
Round took 4.992241ms
Round took 5.911538ms
Round took 3.770764ms
Round took 5.171477ms
Round took 4.746382ms
Round took 6.639827ms
Round took 5.154762ms
Round took 4.245153ms
Round took 5.832853ms
Round took 4.961124ms
Round took 4.56623ms
Round took 4.990318ms
Round took 5.566579ms
Round took 4.367933ms
Round took 5.32523ms
Round took 5.218723ms
Round took 5.008522ms
Round took 4.964747ms
Round took 5.148335ms
Round took 6.08175ms
Round took 3.976015ms
Round took 5.189143ms
Round took 5.543749ms
Round took 4.521321ms
Round took 5.583801ms
Round took 5.009344ms
Round took 5.785693ms
Round took 5.471362ms
Round took 4.309646ms
Round took 4.680752ms
Round took 5.608447ms
Round took 4.671753ms
Round took 4.59925ms
Round took 5.873135ms
Round took 5.618921ms
Round took 4.856688ms
Round took 5.73474ms
Round took 4.806319ms
Round took 4.173765ms
Round took 4.787305ms
Round took 4.299108ms
Round took 5.395926ms
Round took 4.619084ms
Round took 5.011531ms
Round took 5.376401ms
Round took 5.258838ms
Round took 4.861136ms
Round took 4.666199ms
Round took 5.763922ms
Round took 4.675911ms
Round took 4.695126ms
Round took 4.542222ms
Round took 4.999574ms
Round took 5.84927ms
Round took 4.43115ms
Round took 4.909892ms
Round took 5.784753ms
Round took 4.732014ms
Round took 4.768393ms
Round took 5.042067ms
Round took 5.872962ms
Round took 4.239681ms
Round took 5.605986ms
Round took 4.589253ms
Round took 5.644703ms
Round took 4.823011ms
Round took 4.903959ms
Round took 5.309819ms
Round took 4.879703ms
Round took 4.977606ms
Round took 5.361764ms
Round took 5.400289ms
Round took 4.752759ms
Round took 4.602851ms
Round took 5.113534ms
Round took 6.063471ms
Round took 4.016392ms
Round took 5.015342ms
Round took 5.958415ms
Round took 4.136171ms
Round took 5.170272ms
Round took 4.962256ms
Round took 5.963749ms
Round took 5.621381ms
Round took 4.783792ms
Round took 5.047517ms
Round took 5.05987ms
Round took 5.222294ms
Round took 4.5796ms
Round took 6.210742ms
Round took 4.864102ms
Round took 4.881397ms
Round took 5.181958ms
Round took 3.985881ms
Round took 5.463575ms
Round took 4.835262ms
Round took 5.51455ms
Round took 5.306456ms
Round took 4.623122ms
Round took 5.364125ms
Round took 4.689284ms
Round took 5.453317ms
Round took 4.96714ms
Round took 5.477413ms
Round took 5.492334ms
Round took 4.408333ms
Round took 5.249761ms
Round took 6.157398ms
Round took 4.640898ms
Round took 4.483774ms
Round took 5.458472ms
Round took 5.372449ms
Round took 4.609243ms
Round took 5.358042ms
Round took 4.203156ms
Round took 6.146152ms
Round took 4.526569ms
Round took 4.900254ms
Round took 5.710822ms
Round took 4.313163ms
Round took 5.367128ms
Round took 4.314567ms
Round took 5.364908ms
Round took 4.802503ms
Round took 5.157777ms
Round took 5.785806ms
Round took 4.968436ms
Round took 4.775215ms
Round took 5.061289ms
Round took 4.945024ms
Round took 5.874658ms
Round took 5.298093ms
Round took 5.639363ms
Round took 3.800436ms
Round took 5.178889ms
Round took 4.711081ms
Round took 6.343965ms
Round took 4.399474ms
Round took 4.342115ms
Round took 5.156648ms
Round took 5.255574ms
Round took 4.69985ms
Round took 5.024542ms
Round took 4.839252ms
Round took 5.767873ms
Round took 4.342249ms
Round took 5.080599ms
Round took 4.843443ms
Round took 5.424496ms
Round took 4.895225ms
Round took 5.55003ms
Round took 4.25791ms
Round took 6.003777ms
Round took 5.022454ms
Round took 4.969169ms
Round took 5.773077ms
Round took 5.632461ms
Round took 4.47016ms
Round took 5.642687ms
Round took 4.570403ms
Round took 4.39175ms
Round took 6.643437ms
Round took 3.872978ms
Round took 6.018378ms
Round took 4.068099ms
Round took 5.699897ms
Round took 4.44337ms
Round took 5.541198ms
Round took 5.752109ms
Round took 4.370103ms
Round took 5.437391ms
Round took 4.150267ms
Round took 5.081787ms
Round took 4.950184ms
Round took 4.889449ms
Round took 4.908128ms
Round took 4.887832ms
Round took 5.792672ms
Round took 4.999859ms
Round took 4.916848ms
Round took 5.210618ms
Round took 4.815407ms
Round took 5.073036ms
Round took 5.006289ms
Round took 5.783677ms
Round took 4.128926ms
Round took 4.863419ms
Round took 5.169619ms
Round took 4.866742ms
Round took 5.734403ms
Round took 5.468012ms
Round took 4.841163ms
Round took 5.031349ms
Round took 4.729487ms
Round took 5.281192ms
Round took 5.132282ms
Round took 6.51213ms
Round took 6.038384ms
Round took 4.387073ms
Round took 3.906168ms
Round took 3.192557ms
Round took 5.124071ms
Round took 4.651144ms
Round took 5.811901ms
Round took 4.884678ms
Round took 5.686469ms
Round took 4.141829ms
Round took 6.624124ms
Round took 4.419433ms
Round took 4.847694ms
Round took 5.571799ms
Round took 4.553912ms
Round took 4.888335ms
Round took 5.160898ms
Round took 5.405957ms
Round took 4.664235ms
Round took 4.848876ms
Round took 5.084262ms
Round took 5.529785ms
Round took 4.510223ms
Round took 4.800547ms
Round took 5.490538ms
Round took 5.069417ms
Round took 4.982007ms
Round took 5.094529ms
Round took 5.314967ms
Round took 6.229102ms
Round took 5.375306ms
Round took 4.853844ms
Round took 5.196704ms
Round took 4.863625ms
Round took 3.787069ms
Round took 5.314071ms
Round took 5.242204ms
Round took 5.459089ms
Round took 4.433119ms
Round took 7.063373ms
Round took 6.320075ms
Round took 4.503011ms
Round took 4.643796ms
Round took 4.743601ms
Round took 4.582554ms
Round took 3.582681ms
Round took 5.766344ms
Round took 5.065957ms
Round took 4.478982ms
Round took 5.056535ms
Round took 7.465908ms
Round took 3.589069ms
Round took 6.40056ms
Round took 5.598259ms
Round took 4.084245ms
Round took 5.326442ms
Round took 4.762292ms
Round took 4.97433ms
Round took 5.78666ms
Round took 5.774028ms
Round took 4.374448ms
Round took 4.470929ms
Round took 4.506667ms
Round took 5.25254ms
Round took 5.560159ms
Round took 5.839607ms
Round took 4.236687ms
Round took 5.486655ms
Round took 4.237148ms
Round took 5.114387ms
Round took 5.121599ms
Round took 5.085531ms
Round took 6.331318ms
Round took 4.400592ms
Round took 5.354046ms
Round took 4.26377ms
Round took 5.422033ms
Round took 4.173553ms
Round took 5.888619ms
Round took 5.403372ms
Round took 4.783816ms
Round took 5.574202ms
Round took 4.15431ms
Round took 5.085687ms
Round took 4.876502ms
Round took 5.300153ms
Round took 5.249961ms
Round took 4.706293ms
Round took 4.589657ms
Round took 5.82016ms
Round took 5.068867ms
Round took 4.768528ms
Round took 4.980825ms
Round took 5.464422ms
Round took 4.401243ms
Round took 5.551436ms
Round took 4.633737ms
Round took 6.215654ms
Round took 5.454942ms
Round took 4.258223ms
Round took 4.37857ms
Round took 5.543229ms
Round took 5.133513ms
Round took 4.59172ms
Round took 5.388585ms
Round took 6.206015ms
Round took 4.476421ms
Round took 6.374603ms
Round took 3.608654ms
Round took 4.939104ms
Round took 5.313968ms
Round took 5.643786ms
Round took 4.760981ms
Round took 4.663205ms
Round took 6.247904ms
Round took 4.21653ms
Round took 4.371041ms
Round took 5.125978ms
Round took 5.106309ms
Round took 5.893034ms
Round took 4.595792ms
Round took 5.000581ms
Round took 5.255319ms
Round took 4.665714ms
Round took 5.196356ms
Round took 5.158788ms
Round took 5.13318ms
Round took 3.654463ms
Round took 5.179086ms
Round took 5.036721ms
Round took 5.413936ms
Round took 6.094713ms
Round took 3.303311ms
Test took 5.120880392s
Successful: 10000
