Uniform distribution
2021/04/16 21:40:47 The leader is replica 0
Round took 4.568128ms
Round took 3.869884ms
Round took 8.303896ms
Round took 6.746557ms
Round took 4.84543ms
Round took 5.461802ms
Round took 5.20681ms
Round took 4.263358ms
Round took 5.103219ms
Round took 5.217455ms
Round took 4.963051ms
Round took 5.144062ms
Round took 5.063098ms
Round took 5.132941ms
Round took 5.174857ms
Round took 5.099805ms
Round took 5.477247ms
Round took 4.679195ms
Round took 5.25539ms
Round took 5.22191ms
Round took 4.966568ms
Round took 5.048727ms
Round took 4.931152ms
Round took 4.999583ms
Round took 5.073109ms
Round took 5.069584ms
Round took 5.511157ms
Round took 5.127698ms
Round took 4.151782ms
Round took 5.164475ms
Round took 5.083369ms
Round took 5.121616ms
Round took 5.058845ms
Round took 5.044161ms
Round took 5.127935ms
Round took 5.082082ms
Round took 5.157945ms
Round took 6.713263ms
Round took 4.12853ms
Round took 5.181616ms
Round took 5.564149ms
Round took 4.963267ms
Round took 4.639696ms
Round took 5.148011ms
Round took 5.497315ms
Round took 4.526796ms
Round took 5.244693ms
Round took 4.86542ms
Round took 5.351682ms
Round took 6.36236ms
Round took 6.557305ms
Round took 6.000281ms
Round took 6.45677ms
Round took 6.684745ms
Round took 6.954984ms
Round took 6.281634ms
Round took 4.032205ms
Round took 5.661415ms
Round took 5.664184ms
Round took 4.281823ms
Round took 4.937403ms
Round took 4.865538ms
Round took 4.761518ms
Round took 5.269273ms
Round took 4.923159ms
Round took 5.207895ms
Round took 5.522878ms
Round took 4.998395ms
Round took 4.929152ms
Round took 5.358675ms
Round took 5.394458ms
Round took 4.601726ms
Round took 5.287255ms
Round took 5.69407ms
Round took 4.741646ms
Round took 4.565235ms
Round took 4.923132ms
Round took 5.384255ms
Round took 4.914582ms
Round took 5.061225ms
Round took 5.746301ms
Round took 4.344308ms
Round took 5.188937ms
Round took 4.776811ms
Round took 7.332387ms
Round took 4.130664ms
Round took 5.457938ms
Round took 6.366005ms
Round took 7.206924ms
Round took 7.700716ms
Round took 6.906363ms
Round took 3.79665ms
Round took 6.85057ms
Round took 6.076942ms
Round took 6.289261ms
Round took 4.515111ms
Round took 5.689631ms
Round took 5.090655ms
Round took 5.229785ms
Round took 4.940528ms
Round took 5.126011ms
Round took 6.926258ms
Round took 4.696423ms
Round took 5.452149ms
Round took 4.273685ms
Round took 3.62464ms
Round took 6.001266ms
Round took 5.162141ms
Round took 5.484855ms
Round took 4.933567ms
Round took 4.727781ms
Round took 5.187047ms
Round took 5.383726ms
Round took 4.679437ms
Round took 5.174197ms
Round took 4.898909ms
Round took 7.274935ms
Round took 4.764578ms
Round took 4.264726ms
Round took 5.481431ms
Round took 4.872779ms
Round took 4.764487ms
Round took 5.407926ms
Round took 5.051254ms
Round took 4.762663ms
Round took 4.801289ms
Round took 5.225729ms
Round took 5.87087ms
Round took 4.798003ms
Round took 4.5189ms
Round took 5.675851ms
Round took 4.858811ms
Round took 4.976333ms
Round took 7.328281ms
Round took 4.503281ms
Round took 5.353626ms
Round took 5.746038ms
Round took 6.100871ms
Round took 5.299494ms
Round took 5.394742ms
Round took 4.571093ms
Round took 5.132405ms
Round took 4.782659ms
Round took 5.020286ms
Round took 5.635236ms
Round took 5.132798ms
Round took 5.02353ms
Round took 4.797178ms
Round took 5.725745ms
Round took 4.689609ms
Round took 4.814186ms
Round took 5.373989ms
Round took 5.312577ms
Round took 4.539427ms
Round took 5.259228ms
Round took 6.335797ms
Round took 4.48301ms
Round took 4.312944ms
Round took 5.165711ms
Round took 5.775111ms
Round took 5.073031ms
Round took 5.054485ms
Round took 4.936615ms
Round took 5.193611ms
Round took 4.971511ms
Round took 5.560422ms
Round took 4.850475ms
Round took 5.022584ms
Round took 4.895115ms
Round took 5.941694ms
Round took 4.989462ms
Round took 4.506321ms
Round took 5.287208ms
Round took 5.308733ms
Round took 4.94158ms
Round took 5.218691ms
Round took 4.489741ms
Round took 5.566282ms
Round took 5.490948ms
Round took 5.429553ms
Round took 5.029445ms
Round took 5.600982ms
Round took 4.268728ms
Round took 4.520226ms
Round took 5.381679ms
Round took 5.148095ms
Round took 4.726105ms
Round took 5.290613ms
Round took 5.428864ms
Round took 4.235435ms
Round took 6.309736ms
Round took 6.055835ms
Round took 5.169979ms
Round took 6.701817ms
Round took 5.554706ms
Round took 5.171667ms
Round took 4.977063ms
Round took 3.742119ms
Round took 4.058158ms
Round took 5.894252ms
Round took 5.528103ms
Round took 5.07907ms
Round took 5.266272ms
Round took 4.560947ms
Round took 5.232663ms
Round took 4.485783ms
Round took 5.393678ms
Round took 5.109411ms
Round took 4.540218ms
Round took 5.174973ms
Round took 5.051037ms
Round took 5.455663ms
Round took 5.195246ms
Round took 5.177528ms
Round took 4.980658ms
Round took 5.008736ms
Round took 5.371594ms
Round took 5.300912ms
Round took 5.173539ms
Round took 4.357057ms
Round took 5.102673ms
Round took 5.906111ms
Round took 4.394813ms
Round took 5.504919ms
Round took 5.145453ms
Round took 5.163477ms
Round took 5.176305ms
Round took 5.486062ms
Round took 5.014382ms
Round took 5.096458ms
Round took 4.515425ms
Round took 5.756347ms
Round took 5.724053ms
Round took 4.373568ms
Round took 5.060439ms
Round took 5.003222ms
Round took 5.66879ms
Round took 4.634783ms
Round took 5.789146ms
Round took 5.018674ms
Round took 5.267785ms
Round took 6.514578ms
Round took 6.332055ms
Round took 4.826077ms
Round took 4.925287ms
Round took 5.139561ms
Round took 5.932223ms
Round took 4.431069ms
Round took 5.3363ms
Round took 5.16696ms
Round took 5.000817ms
Round took 4.745722ms
Round took 5.450533ms
Round took 5.977742ms
Round took 4.426361ms
Round took 5.530304ms
Round took 4.839775ms
Round took 5.212971ms
Round took 4.694893ms
Round took 4.869242ms
Round took 5.685518ms
Round took 5.503857ms
Round took 4.748033ms
Round took 5.730129ms
Round took 5.427417ms
Round took 4.298876ms
Round took 4.605986ms
Round took 5.584411ms
Round took 5.248329ms
Round took 5.030477ms
Round took 4.847185ms
Round took 5.512362ms
Round took 4.967769ms
Round took 4.856609ms
Round took 5.915825ms
Round took 4.910292ms
Round took 4.481018ms
Round took 5.623174ms
Round took 4.795543ms
Round took 5.130876ms
Round took 5.064472ms
Round took 5.077401ms
Round took 5.772068ms
Round took 4.108535ms
Round took 5.913861ms
Round took 4.211325ms
Round took 5.317423ms
Round took 4.772763ms
Round took 5.595737ms
Round took 5.61483ms
Round took 4.600225ms
Round took 5.665806ms
Round took 3.806888ms
Round took 4.867771ms
Round took 4.68609ms
Round took 5.098739ms
Round took 5.675996ms
Round took 4.328169ms
Round took 5.201856ms
Round took 4.98358ms
Round took 5.315038ms
Round took 4.534569ms
Round took 5.423937ms
Round took 6.158386ms
Round took 7.499712ms
Round took 5.748357ms
Round took 5.316773ms
Round took 4.867721ms
Round took 4.16565ms
Round took 4.899756ms
Round took 5.632992ms
Round took 5.849462ms
Round took 4.959594ms
Round took 5.157183ms
Round took 5.55215ms
Round took 4.483385ms
Round took 4.973848ms
Round took 5.310086ms
Round took 5.004347ms
Round took 5.010627ms
Round took 5.385533ms
Round took 5.270527ms
Round took 4.857413ms
Round took 7.07019ms
Round took 4.464988ms
Round took 4.169474ms
Round took 4.557747ms
Round took 5.047189ms
Round took 5.690163ms
Round took 4.697109ms
Round took 4.909038ms
Round took 5.406953ms
Round took 4.816887ms
Round took 4.698422ms
Round took 5.213923ms
Round took 5.954503ms
Round took 4.624198ms
Round took 5.417757ms
Round took 4.501966ms
Round took 5.141488ms
Round took 4.833088ms
Round took 5.086749ms
Round took 6.142357ms
Round took 4.234041ms
Round took 5.160613ms
Round took 5.937711ms
Round took 4.832622ms
Round took 4.625956ms
Round took 4.98481ms
Round took 4.945776ms
Round took 4.9688ms
Round took 5.283323ms
Round took 4.916726ms
Round took 6.780918ms
Round took 6.106489ms
Round took 5.196424ms
Round took 4.844884ms
Round took 5.15577ms
Round took 5.622621ms
Round took 5.127798ms
Round took 5.420307ms
Round took 5.124163ms
Round took 4.98512ms
Round took 4.628849ms
Round took 5.2736ms
Round took 5.115195ms
Round took 5.1715ms
Round took 4.790898ms
Round took 6.15988ms
Round took 4.510728ms
Round took 4.280464ms
Round took 4.954303ms
Round took 5.029078ms
Round took 5.409175ms
Round took 4.822146ms
Round took 5.046576ms
Round took 5.299543ms
Round took 5.124743ms
Round took 4.687005ms
Round took 5.670099ms
Round took 4.454925ms
Round took 4.999344ms
Round took 5.00178ms
Round took 6.138238ms
Round took 4.689059ms
Round took 5.371923ms
Round took 4.898329ms
Round took 4.796164ms
Round took 5.001021ms
Round took 5.05229ms
Round took 5.146352ms
Round took 5.196434ms
Round took 4.576954ms
Round took 5.131073ms
Round took 5.215267ms
Round took 5.149657ms
Round took 5.003246ms
Round took 5.824468ms
Round took 4.951371ms
Round took 4.951557ms
Round took 5.256982ms
Round took 5.534365ms
Round took 5.212511ms
Round took 4.305921ms
Round took 5.777495ms
Round took 4.867777ms
Round took 4.951269ms
Round took 4.642828ms
Round took 5.623608ms
Round took 5.360734ms
Round took 4.661728ms
Round took 6.677454ms
Round took 4.308715ms
Round took 5.011065ms
Round took 5.786289ms
Round took 4.560276ms
Round took 4.975747ms
Round took 5.181848ms
Round took 5.267784ms
Round took 5.758704ms
Round took 4.16245ms
Round took 6.564769ms
Round took 4.695453ms
Round took 4.305096ms
Round took 5.790046ms
Round took 4.49215ms
Round took 5.371077ms
Round took 4.639679ms
Round took 5.819278ms
Round took 3.763441ms
Round took 5.590747ms
Round took 4.992682ms
Round took 5.598302ms
Round took 5.29573ms
Round took 4.419618ms
Round took 4.940905ms
Round took 5.260842ms
Round took 4.781637ms
Round took 5.304505ms
Round took 4.786447ms
Round took 5.921997ms
Round took 3.947168ms
Round took 5.044588ms
Round took 6.278571ms
Round took 6.354375ms
Round took 4.411263ms
Round took 5.00223ms
Round took 4.76895ms
Round took 5.872991ms
Round took 5.423833ms
Round took 5.025505ms
Round took 6.630812ms
Round took 5.393119ms
Round took 4.822195ms
Round took 4.694928ms
Round took 18.617127ms
Round took 4.496993ms
Round took 5.148375ms
Round took 4.945804ms
Round took 5.343078ms
Round took 6.313774ms
Round took 5.076455ms
Round took 5.00043ms
Round took 4.326486ms
Round took 5.265384ms
Round took 5.302214ms
Round took 5.735225ms
Round took 5.28014ms
Round took 4.869267ms
Round took 3.397365ms
Round took 5.749712ms
Round took 5.593337ms
Round took 4.984647ms
Round took 4.829101ms
Round took 5.237878ms
Round took 5.135401ms
Round took 4.896546ms
Round took 4.963473ms
Round took 5.00646ms
Round took 4.729615ms
Round took 5.42203ms
Round took 4.884584ms
Round took 5.009544ms
Round took 5.386773ms
Round took 4.774244ms
Round took 4.800154ms
Round took 5.617766ms
Round took 4.778363ms
Round took 5.083352ms
Round took 5.012982ms
Round took 5.138506ms
Round took 5.272713ms
Round took 4.584054ms
Round took 5.638743ms
Round took 4.697353ms
Round took 4.776833ms
Round took 5.480174ms
Round took 5.848486ms
Round took 5.16869ms
Round took 4.475516ms
Round took 6.535066ms
Round took 4.94755ms
Round took 4.293177ms
Round took 4.537149ms
Round took 5.686008ms
Round took 4.756144ms
Round took 4.925583ms
Round took 6.03156ms
Round took 4.389254ms
Round took 5.205994ms
Round took 4.267739ms
Round took 5.323347ms
Round took 5.005817ms
Round took 5.291463ms
Round took 5.693454ms
Round took 5.042868ms
Round took 4.851867ms
Round took 4.576784ms
Round took 5.293774ms
Round took 5.301119ms
Round took 4.990876ms
Round took 6.071371ms
Round took 3.914885ms
Round took 4.258028ms
Round took 5.501255ms
Round took 4.811265ms
Round took 5.7296ms
Round took 4.778054ms
Round took 4.67827ms
Round took 4.857698ms
Round took 5.506312ms
Round took 5.843255ms
Round took 4.579015ms
Round took 5.494084ms
Round took 4.893975ms
Round took 5.079952ms
Round took 4.451484ms
Round took 6.298338ms
Round took 3.726446ms
Round took 5.255335ms
Round took 4.581512ms
Round took 6.172975ms
Round took 4.876728ms
Round took 4.452611ms
Round took 5.528213ms
Round took 5.116909ms
Round took 4.850627ms
Round took 4.963499ms
Round took 5.720858ms
Round took 4.625882ms
Round took 5.089796ms
Round took 5.282292ms
Round took 5.305666ms
Round took 4.946009ms
Round took 4.429523ms
Round took 5.355739ms
Round took 5.433538ms
Round took 5.120849ms
Round took 5.145846ms
Round took 4.848125ms
Round took 4.770371ms
Round took 5.431673ms
Round took 4.594121ms
Round took 5.545604ms
Round took 5.169643ms
Round took 4.174244ms
Round took 7.667236ms
Round took 4.533243ms
Round took 5.154365ms
Round took 3.831892ms
Round took 5.521175ms
Round took 4.659621ms
Round took 4.662449ms
Round took 6.927273ms
Round took 6.416623ms
Round took 4.916103ms
Round took 5.353707ms
Round took 5.373096ms
Round took 5.022639ms
Round took 4.786686ms
Round took 4.95368ms
Round took 5.373219ms
Round took 4.774313ms
Round took 5.255321ms
Round took 5.141988ms
Round took 5.663684ms
Round took 5.150012ms
Round took 4.845022ms
Round took 6.953924ms
Round took 4.586089ms
Round took 5.473272ms
Round took 5.41412ms
Round took 4.171342ms
Round took 5.138924ms
Round took 5.470161ms
Round took 5.225696ms
Round took 4.642778ms
Round took 7.160862ms
Round took 5.687506ms
Round took 5.086415ms
Round took 5.261335ms
Round took 4.777386ms
Round took 6.025906ms
Round took 4.904918ms
Round took 4.668768ms
Round took 5.749383ms
Round took 5.771681ms
Round took 4.330877ms
Round took 5.465607ms
Round took 6.142531ms
Round took 4.883668ms
Round took 5.660724ms
Round took 4.082815ms
Round took 5.745081ms
Round took 5.346677ms
Round took 5.691335ms
Round took 5.07506ms
Round took 4.529486ms
Round took 5.565448ms
Round took 4.557728ms
Round took 4.548757ms
Round took 5.422527ms
Round took 7.657005ms
Round took 5.400362ms
Round took 4.582054ms
Round took 4.886826ms
Round took 5.102372ms
Round took 5.580577ms
Round took 4.95162ms
Round took 4.995236ms
Round took 5.083519ms
Round took 7.054844ms
Round took 5.712722ms
Round took 3.930803ms
Round took 5.417714ms
Round took 5.352762ms
Round took 4.330944ms
Round took 5.541989ms
Round took 5.239442ms
Round took 4.694398ms
Round took 5.54742ms
Round took 5.322324ms
Round took 4.430968ms
Round took 5.275923ms
Round took 4.578045ms
Round took 6.240118ms
Round took 3.8825ms
Round took 5.257046ms
Round took 6.295359ms
Round took 4.383837ms
Round took 5.18081ms
Round took 4.675485ms
Round took 5.236683ms
Round took 4.863519ms
Round took 5.116722ms
Round took 6.770191ms
Round took 6.96301ms
Round took 4.315631ms
Round took 4.993169ms
Round took 5.779449ms
Round took 4.473868ms
Round took 5.537216ms
Round took 4.660275ms
Round took 5.380596ms
Round took 4.924747ms
Round took 5.044949ms
Round took 4.934028ms
Round took 5.015167ms
Round took 5.228442ms
Round took 5.010403ms
Round took 5.62912ms
Round took 4.597157ms
Round took 5.247192ms
Round took 4.652723ms
Round took 5.533899ms
Round took 4.920401ms
Round took 5.293441ms
Round took 4.922581ms
Round took 5.445569ms
Round took 5.176463ms
Round took 5.094077ms
Round took 5.363534ms
Round took 5.350233ms
Round took 4.488866ms
Round took 5.173644ms
Round took 5.54955ms
Round took 4.886605ms
Round took 4.909173ms
Round took 5.71074ms
Round took 4.630317ms
Round took 5.064514ms
Round took 5.385887ms
Round took 5.56342ms
Round took 4.593626ms
Round took 4.839726ms
Round took 4.947279ms
Round took 5.004303ms
Round took 4.670043ms
Round took 5.075537ms
Round took 6.275454ms
Round took 4.225828ms
Round took 4.99824ms
Round took 4.71103ms
Round took 5.074937ms
Round took 5.228802ms
Round took 4.967574ms
Round took 6.2106ms
Round took 4.564071ms
Round took 4.694276ms
Round took 5.07953ms
Round took 5.965069ms
Round took 4.403682ms
Round took 5.016748ms
Round took 6.130636ms
Round took 4.816989ms
Round took 4.312042ms
Round took 5.103826ms
Round took 4.857533ms
Round took 6.334414ms
Round took 5.53266ms
Round took 4.700462ms
Round took 5.181458ms
Round took 4.951334ms
Round took 5.372096ms
Round took 4.291879ms
Round took 5.711915ms
Round took 4.605581ms
Round took 6.213076ms
Round took 3.812854ms
Round took 5.273326ms
Round took 4.943875ms
Round took 5.460661ms
Round took 5.751107ms
Round took 4.008489ms
Round took 5.425582ms
Round took 6.331762ms
Round took 5.988595ms
Round took 4.898175ms
Round took 5.057962ms
Round took 5.702346ms
Round took 4.800881ms
Round took 4.916498ms
Round took 5.350732ms
Round took 4.989496ms
Round took 4.813034ms
Round took 5.104773ms
Round took 5.044238ms
Round took 5.781237ms
Round took 5.642812ms
Round took 4.513782ms
Round took 4.659367ms
Round took 5.171333ms
Round took 4.29961ms
Round took 5.243895ms
Round took 5.076366ms
Round took 5.095694ms
Round took 5.23134ms
Round took 4.898709ms
Round took 5.302031ms
Round took 4.657472ms
Round took 5.447133ms
Round took 4.60712ms
Round took 5.160338ms
Round took 5.115024ms
Round took 5.044127ms
Round took 5.839839ms
Round took 4.425269ms
Round took 5.06047ms
Round took 5.538149ms
Round took 5.01551ms
Round took 4.908685ms
Round took 5.043924ms
Round took 5.72002ms
Round took 4.328611ms
Round took 5.493399ms
Round took 4.677008ms
Round took 5.575363ms
Round took 4.697087ms
Round took 4.910789ms
Round took 5.184364ms
Round took 5.115457ms
Round took 5.059453ms
Round took 5.324165ms
Round took 5.196611ms
Round took 5.174361ms
Round took 4.503872ms
Round took 5.07623ms
Round took 7.044434ms
Round took 3.91373ms
Round took 4.96717ms
Round took 6.135763ms
Round took 4.087372ms
Round took 5.037566ms
Round took 4.935038ms
Round took 6.261647ms
Round took 5.375797ms
Round took 4.814408ms
Round took 4.869386ms
Round took 3.872313ms
Round took 5.444424ms
Round took 4.743718ms
Round took 5.750833ms
Round took 5.282894ms
Round took 4.821912ms
Round took 5.082303ms
Round took 4.005999ms
Round took 5.44106ms
Round took 4.823461ms
Round took 5.491973ms
Round took 5.313237ms
Round took 4.607665ms
Round took 5.425648ms
Round took 4.571166ms
Round took 5.44442ms
Round took 4.949271ms
Round took 5.317845ms
Round took 5.433786ms
Round took 4.402316ms
Round took 5.220016ms
Round took 6.06904ms
Round took 4.784333ms
Round took 4.403376ms
Round took 5.364525ms
Round took 5.473078ms
Round took 4.618902ms
Round took 5.369237ms
Round took 4.188672ms
Round took 6.154447ms
Round took 4.501594ms
Round took 4.868757ms
Round took 6.243381ms
Round took 4.903302ms
Round took 5.747697ms
Round took 3.795224ms
Round took 5.209824ms
Round took 4.695617ms
Round took 5.141637ms
Round took 5.787725ms
Round took 4.979576ms
Round took 4.810522ms
Round took 5.259776ms
Round took 6.458522ms
Round took 6.674113ms
Round took 4.670635ms
Round took 4.855784ms
Round took 5.45396ms
Round took 4.827214ms
Round took 5.529069ms
Round took 4.802974ms
Round took 4.90352ms
Round took 5.197264ms
Round took 5.037162ms
Round took 4.974916ms
Round took 6.289108ms
Round took 4.614624ms
Round took 5.014295ms
Round took 5.376677ms
Round took 4.881876ms
Round took 4.871816ms
Round took 5.367837ms
Round took 4.5385ms
Round took 5.601904ms
Round took 4.255448ms
Round took 6.349481ms
Round took 4.898651ms
Round took 5.00644ms
Round took 4.657466ms
Round took 6.131202ms
Round took 4.288514ms
Round took 5.21475ms
Round took 5.127416ms
Round took 4.811787ms
Round took 5.909148ms
Round took 4.627196ms
Round took 6.007295ms
Round took 4.082682ms
Round took 5.441938ms
Round took 4.825166ms
Round took 5.438476ms
Round took 5.328492ms
Round took 4.416599ms
Round took 6.436296ms
Round took 4.017885ms
Round took 5.081287ms
Round took 4.893978ms
Round took 5.176931ms
Round took 4.921733ms
Round took 4.922798ms
Round took 5.863953ms
Round took 4.734344ms
Round took 4.867852ms
Round took 5.222007ms
Round took 4.774166ms
Round took 4.407218ms
Round took 4.938264ms
Round took 5.823857ms
Round took 4.108751ms
Round took 4.916084ms
Round took 5.342811ms
Round took 4.969039ms
Round took 5.433004ms
Round took 5.426301ms
Round took 4.785277ms
Round took 5.375457ms
Round took 4.828942ms
Round took 5.30033ms
Round took 5.549258ms
Round took 7.092599ms
Round took 4.903553ms
Round took 4.686217ms
Round took 3.92249ms
Round took 3.98128ms
Round took 5.233892ms
Round took 5.22114ms
Round took 5.998134ms
Round took 4.912381ms
Round took 6.642264ms
Round took 8.272039ms
Round took 4.161376ms
Round took 4.927787ms
Round took 5.5098ms
Round took 4.580976ms
Round took 4.901794ms
Round took 5.191717ms
Round took 5.418665ms
Round took 4.62809ms
Round took 5.173756ms
Round took 6.017639ms
Round took 4.613349ms
Round took 4.616439ms
Round took 4.721959ms
Round took 6.096854ms
Round took 4.668182ms
Round took 4.963055ms
Round took 5.652374ms
Round took 6.542242ms
Round took 4.473475ms
Round took 5.634059ms
Round took 5.098031ms
Round took 5.229052ms
Round took 4.603519ms
Round took 4.07482ms
Round took 4.943029ms
Round took 4.265663ms
Round took 5.672221ms
Round took 4.83927ms
Round took 7.35877ms
Round took 6.021587ms
Round took 4.278729ms
Round took 4.679375ms
Round took 4.759057ms
Round took 4.271642ms
Round took 3.702329ms
Round took 5.85553ms
Round took 5.229049ms
Round took 4.710602ms
Round took 5.153294ms
Round took 6.634782ms
Round took 6.649026ms
Round took 5.434579ms
Round took 4.650208ms
Round took 5.447375ms
Round took 4.376359ms
Round took 5.16271ms
Round took 5.577981ms
Round took 4.927847ms
Round took 4.969859ms
Round took 4.914089ms
Round took 4.968744ms
Round took 5.144731ms
Round took 5.082719ms
Round took 5.837559ms
Round took 4.129945ms
Round took 5.510582ms
Round took 4.814711ms
Round took 5.198808ms
Round took 5.178153ms
Round took 4.735032ms
Round took 5.101573ms
Round took 6.841032ms
Round took 4.549412ms
Round took 4.223367ms
Round took 6.212178ms
Round took 4.336952ms
Round took 5.365956ms
Round took 5.964282ms
Round took 4.800755ms
Round took 5.384897ms
Round took 4.518944ms
Round took 5.506749ms
Round took 4.740019ms
Round took 5.340486ms
Round took 5.367073ms
Round took 4.926829ms
Round took 4.694808ms
Round took 5.673605ms
Round took 5.649511ms
Round took 4.727194ms
Round took 5.203822ms
Round took 4.918185ms
Test took 5.201815668s
Successful: 10000
