Uniform distribution
2021/04/16 21:40:47 The leader is replica 0
Round took 7.420625ms
Round took 7.020794ms
Round took 6.432792ms
Round took 4.111036ms
Round took 5.746651ms
Round took 4.863351ms
Round took 7.647439ms
Round took 6.616171ms
Round took 4.374785ms
Round took 3.572652ms
Round took 5.003267ms
Round took 5.684928ms
Round took 4.899824ms
Round took 5.577235ms
Round took 5.60577ms
Round took 4.737127ms
Round took 4.783077ms
Round took 4.968645ms
Round took 5.322474ms
Round took 5.037672ms
Round took 5.748337ms
Round took 5.187195ms
Round took 4.460725ms
Round took 4.30801ms
Round took 5.478906ms
Round took 5.385997ms
Round took 4.960835ms
Round took 5.692697ms
Round took 4.324959ms
Round took 6.012164ms
Round took 3.592934ms
Round took 5.312586ms
Round took 4.425453ms
Round took 4.910945ms
Round took 6.733262ms
Round took 6.941121ms
Round took 7.923411ms
Round took 7.111465ms
Round took 4.142701ms
Round took 6.786901ms
Round took 6.128726ms
Round took 6.576769ms
Round took 4.278157ms
Round took 5.697717ms
Round took 5.089049ms
Round took 5.230862ms
Round took 5.015275ms
Round took 5.444506ms
Round took 6.569948ms
Round took 4.764585ms
Round took 5.999725ms
Round took 3.587283ms
Round took 3.814419ms
Round took 6.005695ms
Round took 5.233358ms
Round took 5.531266ms
Round took 4.994224ms
Round took 4.670459ms
Round took 5.193908ms
Round took 5.373064ms
Round took 4.546947ms
Round took 5.122254ms
Round took 4.837324ms
Round took 7.313293ms
Round took 4.743894ms
Round took 4.456236ms
Round took 5.181562ms
Round took 5.143917ms
Round took 4.844324ms
Round took 5.36112ms
Round took 5.090112ms
Round took 4.73239ms
Round took 4.784293ms
Round took 5.151963ms
Round took 4.959181ms
Round took 4.68127ms
Round took 4.5539ms
Round took 5.501467ms
Round took 4.817094ms
Round took 4.706111ms
Round took 5.472408ms
Round took 5.338091ms
Round took 5.039465ms
Round took 4.669786ms
Round took 4.833558ms
Round took 5.683578ms
Round took 5.145079ms
Round took 5.434071ms
Round took 4.787862ms
Round took 4.92017ms
Round took 4.936649ms
Round took 5.015088ms
Round took 5.624241ms
Round took 4.984822ms
Round took 5.032691ms
Round took 4.785844ms
Round took 5.249541ms
Round took 4.742838ms
Round took 4.855533ms
Round took 5.312864ms
Round took 5.147941ms
Round took 4.458782ms
Round took 5.214484ms
Round took 5.693726ms
Round took 4.493369ms
Round took 4.451747ms
Round took 5.186072ms
Round took 5.859763ms
Round took 5.007764ms
Round took 5.03816ms
Round took 4.782157ms
Round took 5.252446ms
Round took 5.074989ms
Round took 5.073248ms
Round took 5.659546ms
Round took 4.690987ms
Round took 4.560989ms
Round took 5.302723ms
Round took 5.483517ms
Round took 4.610816ms
Round took 5.109849ms
Round took 4.902422ms
Round took 5.327582ms
Round took 5.312323ms
Round took 4.539434ms
Round took 5.40768ms
Round took 5.442807ms
Round took 5.178605ms
Round took 4.757311ms
Round took 6.010356ms
Round took 4.362276ms
Round took 4.545655ms
Round took 5.372722ms
Round took 5.288954ms
Round took 4.625228ms
Round took 4.761709ms
Round took 4.997383ms
Round took 5.115658ms
Round took 5.261745ms
Round took 4.810558ms
Round took 5.841439ms
Round took 5.182865ms
Round took 6.886898ms
Round took 4.874113ms
Round took 5.059476ms
Round took 4.623761ms
Round took 3.82197ms
Round took 4.116372ms
Round took 6.011718ms
Round took 5.565769ms
Round took 5.755744ms
Round took 4.739627ms
Round took 4.159601ms
Round took 5.519726ms
Round took 5.284558ms
Round took 4.828583ms
Round took 4.95123ms
Round took 4.570538ms
Round took 5.195828ms
Round took 4.9888ms
Round took 5.041944ms
Round took 4.502928ms
Round took 4.963715ms
Round took 5.090465ms
Round took 5.061368ms
Round took 5.317823ms
Round took 5.354883ms
Round took 5.250078ms
Round took 4.359753ms
Round took 5.119905ms
Round took 5.561419ms
Round took 4.462765ms
Round took 5.512253ms
Round took 5.107696ms
Round took 4.668138ms
Round took 5.060854ms
Round took 5.300209ms
Round took 5.310124ms
Round took 4.985415ms
Round took 4.609772ms
Round took 5.158736ms
Round took 5.930534ms
Round took 4.333665ms
Round took 4.729677ms
Round took 5.253055ms
Round took 5.209654ms
Round took 4.999857ms
Round took 4.959839ms
Round took 5.750838ms
Round took 5.14876ms
Round took 5.065981ms
Round took 4.608367ms
Round took 6.031595ms
Round took 4.753167ms
Round took 5.042395ms
Round took 5.343157ms
Round took 4.921201ms
Round took 4.972184ms
Round took 5.330063ms
Round took 5.100019ms
Round took 4.6252ms
Round took 4.697947ms
Round took 5.718017ms
Round took 4.933589ms
Round took 4.35958ms
Round took 5.541175ms
Round took 4.46613ms
Round took 5.431861ms
Round took 4.702999ms
Round took 4.946846ms
Round took 5.706609ms
Round took 5.463747ms
Round took 4.703202ms
Round took 5.739743ms
Round took 4.989788ms
Round took 4.370297ms
Round took 4.670721ms
Round took 5.653273ms
Round took 4.920438ms
Round took 4.636066ms
Round took 4.706131ms
Round took 5.633856ms
Round took 4.947251ms
Round took 4.916461ms
Round took 4.975151ms
Round took 5.576691ms
Round took 4.460141ms
Round took 5.375645ms
Round took 5.018455ms
Round took 5.169095ms
Round took 5.003415ms
Round took 4.804769ms
Round took 6.197659ms
Round took 4.099899ms
Round took 5.156351ms
Round took 5.000406ms
Round took 5.473987ms
Round took 4.845484ms
Round took 4.801858ms
Round took 5.888255ms
Round took 4.666607ms
Round took 5.100575ms
Round took 4.875952ms
Round took 5.507408ms
Round took 4.858601ms
Round took 5.051869ms
Round took 5.023212ms
Round took 5.098993ms
Round took 5.353234ms
Round took 4.967153ms
Round took 5.332129ms
Round took 4.585793ms
Round took 5.351389ms
Round took 4.859641ms
Round took 5.213428ms
Round took 6.075609ms
Round took 6.36726ms
Round took 4.7983ms
Round took 3.930762ms
Round took 4.113098ms
Round took 4.925546ms
Round took 5.679722ms
Round took 4.735742ms
Round took 4.784237ms
Round took 5.039244ms
Round took 5.567445ms
Round took 4.481219ms
Round took 5.043373ms
Round took 5.102259ms
Round took 5.354401ms
Round took 4.893729ms
Round took 5.367029ms
Round took 5.282589ms
Round took 4.752978ms
Round took 5.495655ms
Round took 5.998826ms
Round took 4.169955ms
Round took 4.598582ms
Round took 5.018097ms
Round took 5.028196ms
Round took 5.53125ms
Round took 4.981605ms
Round took 5.105803ms
Round took 5.136413ms
Round took 4.675756ms
Round took 5.228175ms
Round took 5.089885ms
Round took 5.146084ms
Round took 5.39021ms
Round took 4.684852ms
Round took 5.287242ms
Round took 4.908405ms
Round took 4.944756ms
Round took 5.478278ms
Round took 5.609293ms
Round took 4.690947ms
Round took 4.609277ms
Round took 4.766818ms
Round took 5.664368ms
Round took 4.833947ms
Round took 4.729176ms
Round took 5.127966ms
Round took 5.343361ms
Round took 4.979241ms
Round took 5.466634ms
Round took 5.176222ms
Round took 5.086202ms
Round took 5.188759ms
Round took 5.084699ms
Round took 4.848452ms
Round took 5.835065ms
Round took 5.614925ms
Round took 4.934955ms
Round took 4.852894ms
Round took 5.176928ms
Round took 5.099618ms
Round took 4.814925ms
Round took 4.373731ms
Round took 5.580433ms
Round took 5.344307ms
Round took 5.6447ms
Round took 4.540327ms
Round took 5.861367ms
Round took 4.802669ms
Round took 4.76801ms
Round took 6.16218ms
Round took 4.218983ms
Round took 4.32287ms
Round took 5.009748ms
Round took 6.202959ms
Round took 4.260162ms
Round took 5.487125ms
Round took 4.473767ms
Round took 5.214724ms
Round took 4.833173ms
Round took 5.455709ms
Round took 5.079113ms
Round took 5.40057ms
Round took 4.885687ms
Round took 4.869361ms
Round took 5.655855ms
Round took 4.788344ms
Round took 4.630106ms
Round took 4.885361ms
Round took 4.56733ms
Round took 5.747932ms
Round took 4.607684ms
Round took 5.251793ms
Round took 5.902542ms
Round took 5.732764ms
Round took 4.479532ms
Round took 5.114139ms
Round took 5.890297ms
Round took 4.63331ms
Round took 5.84142ms
Round took 3.591786ms
Round took 5.850961ms
Round took 5.238007ms
Round took 5.273055ms
Round took 4.997433ms
Round took 4.83589ms
Round took 5.001189ms
Round took 5.068051ms
Round took 5.431368ms
Round took 3.965122ms
Round took 4.951781ms
Round took 5.739122ms
Round took 4.497084ms
Round took 4.9687ms
Round took 5.186305ms
Round took 5.344857ms
Round took 5.713654ms
Round took 4.137192ms
Round took 6.106698ms
Round took 4.107409ms
Round took 4.735841ms
Round took 5.524307ms
Round took 5.810439ms
Round took 5.086193ms
Round took 4.642974ms
Round took 5.820297ms
Round took 3.692092ms
Round took 5.585775ms
Round took 5.009309ms
Round took 5.634152ms
Round took 5.274902ms
Round took 4.424368ms
Round took 4.868599ms
Round took 5.315691ms
Round took 4.807229ms
Round took 5.305323ms
Round took 5.596935ms
Round took 5.228557ms
Round took 3.962555ms
Round took 5.293884ms
Round took 6.130827ms
Round took 5.219385ms
Round took 4.467573ms
Round took 4.503077ms
Round took 5.849304ms
Round took 3.937655ms
Round took 5.392499ms
Round took 6.403555ms
Round took 4.261605ms
Round took 6.869392ms
Round took 6.462987ms
Round took 4.381597ms
Round took 18.754562ms
Round took 4.815561ms
Round took 5.036929ms
Round took 4.961671ms
Round took 5.250364ms
Round took 4.855513ms
Round took 6.412221ms
Round took 4.355336ms
Round took 5.060852ms
Round took 4.991304ms
Round took 4.760358ms
Round took 5.639546ms
Round took 5.594997ms
Round took 5.698048ms
Round took 3.384542ms
Round took 5.750186ms
Round took 5.5481ms
Round took 4.834145ms
Round took 4.883136ms
Round took 4.910269ms
Round took 5.598788ms
Round took 4.866069ms
Round took 4.993262ms
Round took 4.996705ms
Round took 5.042826ms
Round took 5.282249ms
Round took 4.885056ms
Round took 5.001136ms
Round took 4.96804ms
Round took 5.141594ms
Round took 4.852742ms
Round took 5.478801ms
Round took 4.803077ms
Round took 5.178167ms
Round took 4.872773ms
Round took 5.192795ms
Round took 5.244376ms
Round took 4.683322ms
Round took 5.913407ms
Round took 4.677266ms
Round took 4.84255ms
Round took 5.47577ms
Round took 5.040531ms
Round took 5.197155ms
Round took 4.619927ms
Round took 5.313337ms
Round took 6.217599ms
Round took 4.269463ms
Round took 4.547165ms
Round took 5.61466ms
Round took 4.94451ms
Round took 4.934561ms
Round took 5.199165ms
Round took 5.387546ms
Round took 5.048201ms
Round took 4.398179ms
Round took 5.09748ms
Round took 5.120158ms
Round took 5.181825ms
Round took 5.04483ms
Round took 5.540985ms
Round took 4.78791ms
Round took 4.643808ms
Round took 5.16476ms
Round took 5.540758ms
Round took 4.911972ms
Round took 5.063256ms
Round took 4.764999ms
Round took 5.223906ms
Round took 5.326695ms
Round took 4.92766ms
Round took 5.54554ms
Round took 4.818429ms
Round took 4.773116ms
Round took 4.958223ms
Round took 5.499852ms
Round took 5.90439ms
Round took 4.541628ms
Round took 5.477795ms
Round took 4.883828ms
Round took 5.08187ms
Round took 4.48878ms
Round took 6.305626ms
Round took 3.36351ms
Round took 5.294959ms
Round took 4.66652ms
Round took 6.164032ms
Round took 4.220808ms
Round took 4.815346ms
Round took 5.310249ms
Round took 5.487566ms
Round took 4.86568ms
Round took 4.992749ms
Round took 5.496095ms
Round took 4.575983ms
Round took 5.16359ms
Round took 4.773685ms
Round took 5.712808ms
Round took 5.049131ms
Round took 4.416243ms
Round took 5.114218ms
Round took 5.562363ms
Round took 5.070269ms
Round took 4.723447ms
Round took 5.412207ms
Round took 4.712313ms
Round took 5.399056ms
Round took 4.324073ms
Round took 5.77857ms
Round took 4.759954ms
Round took 4.571502ms
Round took 5.232841ms
Round took 5.447327ms
Round took 4.735929ms
Round took 4.731164ms
Round took 5.09655ms
Round took 5.362978ms
Round took 4.695807ms
Round took 5.249322ms
Round took 4.921757ms
Round took 5.923563ms
Round took 4.382835ms
Round took 5.471304ms
Round took 5.290522ms
Round took 4.519125ms
Round took 4.648396ms
Round took 4.980068ms
Round took 5.945935ms
Round took 4.688052ms
Round took 5.104327ms
Round took 5.854608ms
Round took 4.984375ms
Round took 5.085318ms
Round took 4.851765ms
Round took 5.803653ms
Round took 4.392279ms
Round took 4.941464ms
Round took 5.863979ms
Round took 4.216307ms
Round took 5.030217ms
Round took 4.52496ms
Round took 5.637526ms
Round took 4.594979ms
Round took 5.40716ms
Round took 4.531852ms
Round took 5.591546ms
Round took 4.779905ms
Round took 5.374596ms
Round took 4.871713ms
Round took 6.022102ms
Round took 4.587763ms
Round took 4.646554ms
Round took 5.692273ms
Round took 4.611132ms
Round took 4.324188ms
Round took 5.392195ms
Round took 4.759884ms
Round took 5.072571ms
Round took 5.303563ms
Round took 4.7602ms
Round took 5.722343ms
Round took 5.05483ms
Round took 5.13578ms
Round took 5.596113ms
Round took 4.498779ms
Round took 5.168178ms
Round took 4.572802ms
Round took 5.111211ms
Round took 4.664576ms
Round took 4.547347ms
Round took 5.044681ms
Round took 6.161016ms
Round took 4.542044ms
Round took 4.942171ms
Round took 5.126819ms
Round took 5.642797ms
Round took 4.557016ms
Round took 4.998057ms
Round took 5.333379ms
Round took 4.961479ms
Round took 5.233987ms
Round took 4.455036ms
Round took 5.426299ms
Round took 5.259751ms
Round took 4.425557ms
Round took 5.333401ms
Round took 5.452096ms
Round took 4.614984ms
Round took 5.165357ms
Round took 5.650666ms
Round took 4.240727ms
Round took 5.282326ms
Round took 4.682678ms
Round took 6.323324ms
Round took 3.869116ms
Round took 5.243816ms
Round took 5.321878ms
Round took 5.212487ms
Round took 5.212496ms
Round took 4.814444ms
Round took 5.356554ms
Round took 4.700313ms
Round took 4.921428ms
Round took 5.342899ms
Round took 5.356852ms
Round took 5.497659ms
Round took 4.177654ms
Round took 5.002941ms
Round took 5.706683ms
Round took 4.516168ms
Round took 5.457363ms
Round took 4.967839ms
Round took 5.347258ms
Round took 4.681763ms
Round took 4.897654ms
Round took 5.927662ms
Round took 4.051842ms
Round took 5.18765ms
Round took 4.958999ms
Round took 5.635314ms
Round took 4.711585ms
Round took 5.245413ms
Round took 5.270426ms
Round took 4.879239ms
Round took 4.95943ms
Round took 5.410671ms
Round took 4.91231ms
Round took 4.999982ms
Round took 5.209528ms
Round took 5.718029ms
Round took 5.092104ms
Round took 4.544077ms
Round took 4.304639ms
Round took 4.984114ms
Round took 5.080797ms
Round took 5.213839ms
Round took 4.881188ms
Round took 5.80271ms
Round took 4.666726ms
Round took 4.989149ms
Round took 4.929895ms
Round took 6.013296ms
Round took 4.566721ms
Round took 4.790562ms
Round took 4.987606ms
Round took 5.314965ms
Round took 4.679389ms
Round took 5.065022ms
Round took 6.260935ms
Round took 4.208558ms
Round took 4.965883ms
Round took 4.801137ms
Round took 5.239573ms
Round took 5.147901ms
Round took 4.923374ms
Round took 5.920512ms
Round took 4.556865ms
Round took 4.536337ms
Round took 4.688037ms
Round took 5.287073ms
Round took 4.813957ms
Round took 5.015255ms
Round took 4.984413ms
Round took 5.721012ms
Round took 4.412352ms
Round took 5.144152ms
Round took 4.764047ms
Round took 6.627194ms
Round took 4.899344ms
Round took 4.171898ms
Round took 5.152841ms
Round took 5.68377ms
Round took 4.384526ms
Round took 4.940341ms
Round took 5.471441ms
Round took 4.702344ms
Round took 5.346543ms
Round took 4.855537ms
Round took 5.464669ms
Round took 4.972829ms
Round took 5.151578ms
Round took 6.052883ms
Round took 4.034347ms
Round took 5.09261ms
Round took 5.016126ms
Round took 4.747846ms
Round took 5.724573ms
Round took 4.431815ms
Round took 5.169197ms
Round took 5.789608ms
Round took 4.227002ms
Round took 4.892656ms
Round took 5.342383ms
Round took 6.808925ms
Round took 4.538185ms
Round took 5.827002ms
Round took 5.636808ms
Round took 4.877336ms
Round took 5.732996ms
Round took 4.754836ms
Round took 4.062606ms
Round took 4.865166ms
Round took 4.323032ms
Round took 5.558017ms
Round took 4.920118ms
Round took 5.128699ms
Round took 5.630762ms
Round took 4.988115ms
Round took 5.03124ms
Round took 4.627838ms
Round took 5.757339ms
Round took 4.48874ms
Round took 4.656556ms
Round took 4.907217ms
Round took 5.69348ms
Round took 5.166225ms
Round took 4.476276ms
Round took 4.922525ms
Round took 5.530799ms
Round took 4.961203ms
Round took 4.702065ms
Round took 5.052856ms
Round took 5.883543ms
Round took 4.296346ms
Round took 5.523513ms
Round took 4.566222ms
Round took 5.627787ms
Round took 4.716683ms
Round took 4.971634ms
Round took 5.270254ms
Round took 4.863429ms
Round took 5.06509ms
Round took 5.823931ms
Round took 4.929503ms
Round took 4.757523ms
Round took 4.66762ms
Round took 5.078943ms
Round took 6.023704ms
Round took 3.833933ms
Round took 5.001163ms
Round took 5.943778ms
Round took 4.2854ms
Round took 5.107194ms
Round took 4.937834ms
Round took 6.230965ms
Round took 5.442857ms
Round took 4.804213ms
Round took 4.933849ms
Round took 4.878861ms
Round took 5.041699ms
Round took 4.62949ms
Round took 6.008639ms
Round took 5.047675ms
Round took 4.857395ms
Round took 5.208571ms
Round took 3.943943ms
Round took 5.491413ms
Round took 4.843946ms
Round took 5.437051ms
Round took 5.222582ms
Round took 4.614012ms
Round took 5.393435ms
Round took 4.865803ms
Round took 5.487032ms
Round took 4.960862ms
Round took 5.522832ms
Round took 5.432199ms
Round took 4.356382ms
Round took 5.26635ms
Round took 6.067907ms
Round took 4.716483ms
Round took 4.522258ms
Round took 5.47193ms
Round took 5.400952ms
Round took 4.583049ms
Round took 5.385609ms
Round took 4.179346ms
Round took 6.144073ms
Round took 4.501404ms
Round took 4.903462ms
Round took 5.700382ms
Round took 4.366068ms
Round took 5.371661ms
Round took 4.333355ms
Round took 5.369102ms
Round took 4.834904ms
Round took 5.146383ms
Round took 5.796409ms
Round took 4.935512ms
Round took 4.736738ms
Round took 5.067574ms
Round took 4.93002ms
Round took 5.815677ms
Round took 5.280462ms
Round took 5.564683ms
Round took 3.862729ms
Round took 5.202833ms
Round took 4.749562ms
Round took 6.42312ms
Round took 4.48788ms
Round took 4.352994ms
Round took 5.170201ms
Round took 5.184789ms
Round took 4.736963ms
Round took 4.873412ms
Round took 4.88362ms
Round took 5.750982ms
Round took 4.293295ms
Round took 5.203568ms
Round took 4.861675ms
Round took 5.398089ms
Round took 4.830091ms
Round took 5.594015ms
Round took 4.299367ms
Round took 5.997894ms
Round took 5.022932ms
Round took 5.824032ms
Round took 4.882964ms
Round took 5.816309ms
Round took 4.440508ms
Round took 5.680836ms
Round took 4.637316ms
Round took 4.330713ms
Round took 6.630008ms
Round took 3.851365ms
Round took 6.003697ms
Round took 4.073929ms
Round took 5.616693ms
Round took 4.471815ms
Round took 5.58791ms
Round took 5.753437ms
Round took 4.375718ms
Round took 5.372086ms
Round took 4.397817ms
Round took 5.994228ms
Round took 3.984274ms
Round took 4.90558ms
Round took 5.106838ms
Round took 4.943718ms
Round took 5.852337ms
Round took 4.641604ms
Round took 5.138123ms
Round took 5.121575ms
Round took 4.724245ms
Round took 4.774886ms
Round took 5.041984ms
Round took 5.749387ms
Round took 4.181706ms
Round took 4.743271ms
Round took 4.858735ms
Round took 4.941427ms
Round took 5.689138ms
Round took 5.405612ms
Round took 4.585666ms
Round took 5.355323ms
Round took 4.804463ms
Round took 4.900479ms
Round took 4.9639ms
Round took 6.561594ms
Round took 6.621964ms
Round took 4.28463ms
Round took 4.000431ms
Round took 3.208124ms
Round took 5.137913ms
Round took 4.70006ms
Round took 5.818944ms
Round took 4.859603ms
Round took 5.711584ms
Round took 4.118867ms
Round took 6.582865ms
Round took 4.365541ms
Round took 4.847167ms
Round took 5.545271ms
Round took 4.570581ms
Round took 4.884628ms
Round took 5.151698ms
Round took 5.365409ms
Round took 4.688469ms
Round took 4.856754ms
Round took 5.008863ms
Round took 5.567637ms
Round took 4.56196ms
Round took 4.774652ms
Round took 5.482096ms
Round took 5.057747ms
Round took 4.992041ms
Round took 5.12457ms
Round took 5.156448ms
Round took 6.357663ms
Round took 5.119733ms
Round took 5.166315ms
Round took 5.155446ms
Round took 4.941594ms
Round took 3.7709ms
Round took 5.288955ms
Round took 5.240609ms
Round took 5.480413ms
Round took 4.504699ms
Round took 7.00462ms
Round took 6.292302ms
Round took 4.359527ms
Round took 4.706709ms
Round took 4.729305ms
Round took 4.691355ms
Round took 3.572638ms
Round took 5.792185ms
Round took 5.056971ms
Round took 4.439718ms
Round took 4.957056ms
Round took 5.073023ms
Round took 5.20187ms
Round took 5.867035ms
Round took 6.093419ms
Round took 4.13113ms
Round took 5.102031ms
Round took 4.670499ms
Round took 5.52446ms
Round took 5.616468ms
Round took 4.572793ms
Round took 5.425464ms
Round took 4.677079ms
Round took 4.329685ms
Round took 5.206816ms
Round took 5.299135ms
Round took 5.772803ms
Round took 4.345018ms
Round took 5.390193ms
Round took 5.474567ms
Round took 5.131235ms
Round took 5.127408ms
Round took 5.053507ms
Round took 6.095438ms
Round took 4.406835ms
Round took 5.379231ms
Round took 3.513316ms
Round took 6.121292ms
Round took 4.172495ms
Round took 5.415604ms
Round took 6.082674ms
Round took 4.783135ms
Round took 5.591066ms
Round took 4.186118ms
Round took 5.417322ms
Round took 4.847661ms
Round took 5.323487ms
Round took 5.240245ms
Round took 4.668061ms
Round took 4.50886ms
Round took 4.957929ms
Round took 5.401524ms
Round took 5.265481ms
Round took 4.972977ms
Round took 5.420535ms
Round took 4.432926ms
Round took 5.591111ms
Round took 4.550239ms
Round took 6.19264ms
Round took 5.460952ms
Round took 4.156225ms
Round took 4.417441ms
Round took 5.493398ms
Round took 5.089958ms
Round took 4.663496ms
Round took 5.169955ms
Round took 6.397146ms
Round took 4.468376ms
Round took 6.363885ms
Round took 3.681663ms
Round took 4.920655ms
Round took 5.28959ms
Round took 5.950873ms
Round took 4.904629ms
Round took 4.569736ms
Round took 6.1382ms
Round took 4.304261ms
Round took 4.376068ms
Round took 5.125499ms
Round took 5.66388ms
Round took 5.372522ms
Round took 4.580176ms
Round took 4.994991ms
Round took 5.284808ms
Round took 4.654823ms
Round took 5.199613ms
Round took 5.130755ms
Round took 6.138966ms
Round took 3.56069ms
Round took 5.185087ms
Round took 5.017033ms
Round took 5.720659ms
Round took 5.73389ms
Round took 3.833847ms
Round took 9.325746ms
Test took 5.132579239s
Successful: 10000
