Uniform distribution
2021/04/16 21:40:47 The leader is replica 0
Round took 4.645779ms
Round took 5.10935ms
Round took 7.114225ms
Round took 5.058039ms
Round took 6.017507ms
Round took 7.036935ms
Round took 4.934913ms
Round took 5.46991ms
Round took 5.033837ms
Round took 4.908072ms
Round took 5.105393ms
Round took 5.088775ms
Round took 5.06357ms
Round took 5.031856ms
Round took 5.074551ms
Round took 5.159232ms
Round took 5.277461ms
Round took 5.003466ms
Round took 5.157652ms
Round took 4.607249ms
Round took 5.202104ms
Round took 5.100078ms
Round took 5.134659ms
Round took 4.616038ms
Round took 5.097145ms
Round took 4.968033ms
Round took 5.095763ms
Round took 4.988335ms
Round took 5.243268ms
Round took 5.818416ms
Round took 4.508654ms
Round took 5.1412ms
Round took 5.390005ms
Round took 4.919644ms
Round took 5.103008ms
Round took 4.947088ms
Round took 5.10265ms
Round took 5.059086ms
Round took 5.262956ms
Round took 7.062677ms
Round took 3.982176ms
Round took 5.101918ms
Round took 5.387314ms
Round took 5.4822ms
Round took 4.122462ms
Round took 5.216819ms
Round took 5.623317ms
Round took 4.478794ms
Round took 5.342132ms
Round took 4.676091ms
Round took 6.220719ms
Round took 6.293012ms
Round took 6.423372ms
Round took 5.65299ms
Round took 6.625148ms
Round took 6.833901ms
Round took 8.75348ms
Round took 3.90006ms
Round took 3.97071ms
Round took 5.831554ms
Round took 5.222227ms
Round took 4.262048ms
Round took 4.966012ms
Round took 5.609067ms
Round took 4.089625ms
Round took 4.939389ms
Round took 4.69614ms
Round took 5.139203ms
Round took 5.617114ms
Round took 4.994108ms
Round took 4.934689ms
Round took 5.345855ms
Round took 5.521857ms
Round took 4.544015ms
Round took 5.264823ms
Round took 5.73ms
Round took 4.698975ms
Round took 4.56914ms
Round took 4.932508ms
Round took 5.396807ms
Round took 5.017656ms
Round took 5.06033ms
Round took 5.703564ms
Round took 4.391466ms
Round took 5.127949ms
Round took 4.73812ms
Round took 6.512014ms
Round took 4.49927ms
Round took 4.926814ms
Round took 6.581735ms
Round took 6.891098ms
Round took 7.952009ms
Round took 7.161733ms
Round took 3.355981ms
Round took 4.073268ms
Round took 7.007137ms
Round took 6.043465ms
Round took 6.30182ms
Round took 4.508049ms
Round took 5.706549ms
Round took 4.568842ms
Round took 5.145231ms
Round took 5.815488ms
Round took 7.338933ms
Round took 5.112188ms
Round took 5.828074ms
Round took 4.267191ms
Round took 3.652901ms
Round took 6.030074ms
Round took 5.184861ms
Round took 5.451892ms
Round took 4.85219ms
Round took 4.83981ms
Round took 5.166033ms
Round took 5.419083ms
Round took 4.730893ms
Round took 5.121705ms
Round took 4.848816ms
Round took 7.223507ms
Round took 4.772152ms
Round took 4.274769ms
Round took 5.782203ms
Round took 5.088758ms
Round took 4.768143ms
Round took 5.368987ms
Round took 5.035881ms
Round took 4.809569ms
Round took 4.80418ms
Round took 5.199973ms
Round took 5.544918ms
Round took 4.562229ms
Round took 4.564144ms
Round took 5.453081ms
Round took 4.996848ms
Round took 4.62477ms
Round took 5.870623ms
Round took 4.961198ms
Round took 5.213839ms
Round took 4.670635ms
Round took 5.480124ms
Round took 5.975566ms
Round took 4.905123ms
Round took 5.942967ms
Round took 4.668097ms
Round took 4.815165ms
Round took 6.066565ms
Round took 4.28421ms
Round took 5.21044ms
Round took 4.933115ms
Round took 5.392852ms
Round took 5.392468ms
Round took 4.621762ms
Round took 5.758261ms
Round took 6.255522ms
Round took 5.168292ms
Round took 4.92293ms
Round took 5.191771ms
Round took 5.024541ms
Round took 5.763588ms
Round took 4.549362ms
Round took 5.171053ms
Round took 5.887953ms
Round took 5.068581ms
Round took 5.064272ms
Round took 4.932096ms
Round took 5.4165ms
Round took 5.095359ms
Round took 5.625401ms
Round took 4.865663ms
Round took 4.992099ms
Round took 4.911897ms
Round took 5.94123ms
Round took 5.068465ms
Round took 4.538238ms
Round took 5.224894ms
Round took 5.283381ms
Round took 4.950132ms
Round took 5.752532ms
Round took 3.973239ms
Round took 5.429249ms
Round took 5.441108ms
Round took 5.708432ms
Round took 4.830254ms
Round took 5.616505ms
Round took 4.764558ms
Round took 3.968061ms
Round took 5.326223ms
Round took 5.201069ms
Round took 4.728354ms
Round took 5.689003ms
Round took 5.544989ms
Round took 4.285804ms
Round took 6.184904ms
Round took 5.891268ms
Round took 5.110882ms
Round took 6.766672ms
Round took 5.548921ms
Round took 5.215149ms
Round took 4.98361ms
Round took 3.847074ms
Round took 4.046145ms
Round took 5.901619ms
Round took 5.57002ms
Round took 5.14309ms
Round took 5.628752ms
Round took 4.007017ms
Round took 5.312947ms
Round took 4.504473ms
Round took 5.516705ms
Round took 5.059406ms
Round took 4.569517ms
Round took 5.259137ms
Round took 5.088343ms
Round took 5.48444ms
Round took 4.825905ms
Round took 5.368055ms
Round took 5.05276ms
Round took 4.997474ms
Round took 5.449107ms
Round took 5.218684ms
Round took 5.223902ms
Round took 4.329629ms
Round took 5.199341ms
Round took 5.545895ms
Round took 4.450835ms
Round took 5.519023ms
Round took 6.724171ms
Round took 4.456315ms
Round took 5.646148ms
Round took 5.167524ms
Round took 4.866545ms
Round took 4.97243ms
Round took 4.58225ms
Round took 5.413904ms
Round took 5.598468ms
Round took 4.332493ms
Round took 5.043453ms
Round took 5.037191ms
Round took 5.314021ms
Round took 5.296669ms
Round took 5.255067ms
Round took 4.994732ms
Round took 6.313977ms
Round took 4.780326ms
Round took 6.665003ms
Round took 4.835556ms
Round took 4.922624ms
Round took 5.173035ms
Round took 6.099651ms
Round took 4.475776ms
Round took 5.334897ms
Round took 5.110619ms
Round took 5.123056ms
Round took 4.712978ms
Round took 5.772624ms
Round took 5.461858ms
Round took 4.500664ms
Round took 5.802552ms
Round took 4.594814ms
Round took 5.18261ms
Round took 4.681966ms
Round took 4.850661ms
Round took 5.714141ms
Round took 5.510792ms
Round took 4.770054ms
Round took 5.758033ms
Round took 5.451151ms
Round took 4.666118ms
Round took 4.504011ms
Round took 5.550567ms
Round took 5.47365ms
Round took 5.484473ms
Round took 4.798487ms
Round took 5.226312ms
Round took 4.98167ms
Round took 5.088491ms
Round took 5.157929ms
Round took 5.215592ms
Round took 4.416222ms
Round took 6.322699ms
Round took 6.405535ms
Round took 5.067625ms
Round took 4.921834ms
Round took 6.178983ms
Round took 4.260495ms
Round took 5.161293ms
Round took 4.950384ms
Round took 5.40778ms
Round took 4.919501ms
Round took 4.826501ms
Round took 5.442202ms
Round took 5.105931ms
Round took 5.103071ms
Round took 4.909801ms
Round took 5.338117ms
Round took 4.88285ms
Round took 5.130722ms
Round took 5.021299ms
Round took 5.121011ms
Round took 5.297948ms
Round took 5.016074ms
Round took 5.373042ms
Round took 5.072281ms
Round took 5.402583ms
Round took 4.853109ms
Round took 4.926027ms
Round took 6.296535ms
Round took 6.349539ms
Round took 5.508727ms
Round took 4.190299ms
Round took 4.199668ms
Round took 5.131708ms
Round took 5.294793ms
Round took 4.75941ms
Round took 5.34581ms
Round took 4.837597ms
Round took 5.574105ms
Round took 4.508982ms
Round took 5.027938ms
Round took 5.821284ms
Round took 5.207804ms
Round took 4.843311ms
Round took 5.469335ms
Round took 5.36387ms
Round took 4.87545ms
Round took 6.905909ms
Round took 4.610851ms
Round took 4.182797ms
Round took 4.775054ms
Round took 6.423925ms
Round took 5.94926ms
Round took 4.983023ms
Round took 5.200698ms
Round took 5.102363ms
Round took 4.715618ms
Round took 5.276261ms
Round took 5.108179ms
Round took 5.059875ms
Round took 5.388302ms
Round took 4.731822ms
Round took 5.09532ms
Round took 5.143238ms
Round took 5.071608ms
Round took 5.334098ms
Round took 4.794909ms
Round took 6.622777ms
Round took 4.705584ms
Round took 5.035008ms
Round took 5.360296ms
Round took 4.881297ms
Round took 4.724554ms
Round took 5.444853ms
Round took 5.16004ms
Round took 4.911648ms
Round took 5.563035ms
Round took 5.158723ms
Round took 5.317811ms
Round took 5.658919ms
Round took 5.166924ms
Round took 6.502823ms
Round took 5.066643ms
Round took 5.222174ms
Round took 5.524075ms
Round took 4.919877ms
Round took 4.610898ms
Round took 5.275647ms
Round took 5.326656ms
Round took 5.085317ms
Round took 4.734067ms
Round took 6.197843ms
Round took 4.600528ms
Round took 5.105892ms
Round took 5.322434ms
Round took 4.867698ms
Round took 5.507325ms
Round took 4.737041ms
Round took 5.29045ms
Round took 4.93274ms
Round took 5.448741ms
Round took 4.820923ms
Round took 5.480999ms
Round took 4.284799ms
Round took 4.822369ms
Round took 5.294754ms
Round took 5.484874ms
Round took 5.017384ms
Round took 5.386854ms
Round took 5.435652ms
Round took 4.904188ms
Round took 5.192199ms
Round took 6.14091ms
Round took 4.801662ms
Round took 5.968317ms
Round took 4.022988ms
Round took 7.32155ms
Round took 5.108905ms
Round took 5.102354ms
Round took 5.79288ms
Round took 4.508957ms
Round took 5.059637ms
Round took 5.208101ms
Round took 5.081245ms
Round took 5.413459ms
Round took 4.58075ms
Round took 5.668921ms
Round took 5.303523ms
Round took 4.79416ms
Round took 4.622446ms
Round took 5.652174ms
Round took 5.284877ms
Round took 4.754104ms
Round took 5.776875ms
Round took 4.886988ms
Round took 4.957416ms
Round took 5.234132ms
Round took 5.102766ms
Round took 4.953396ms
Round took 5.174517ms
Round took 5.044013ms
Round took 6.804503ms
Round took 3.80347ms
Round took 6.218527ms
Round took 4.117101ms
Round took 4.879479ms
Round took 5.501037ms
Round took 4.640978ms
Round took 5.687413ms
Round took 4.673185ms
Round took 5.491823ms
Round took 4.240187ms
Round took 5.550036ms
Round took 5.052437ms
Round took 4.939535ms
Round took 5.887185ms
Round took 4.431718ms
Round took 4.922562ms
Round took 5.005856ms
Round took 5.308675ms
Round took 5.086566ms
Round took 4.812277ms
Round took 5.808411ms
Round took 4.418895ms
Round took 4.923501ms
Round took 5.483082ms
Round took 6.286533ms
Round took 4.438272ms
Round took 4.477908ms
Round took 6.183588ms
Round took 6.749438ms
Round took 5.214447ms
Round took 5.185317ms
Round took 6.804354ms
Round took 5.088985ms
Round took 4.986742ms
Round took 4.661336ms
Round took 18.332506ms
Round took 5.346077ms
Round took 5.497062ms
Round took 4.798738ms
Round took 5.495265ms
Round took 6.090758ms
Round took 4.972668ms
Round took 5.559803ms
Round took 3.781231ms
Round took 4.915187ms
Round took 5.508798ms
Round took 5.67913ms
Round took 5.248135ms
Round took 4.762369ms
Round took 3.374305ms
Round took 5.72149ms
Round took 5.552178ms
Round took 4.97285ms
Round took 4.900304ms
Round took 5.231694ms
Round took 5.215672ms
Round took 4.885501ms
Round took 4.927263ms
Round took 4.961822ms
Round took 4.754867ms
Round took 5.310499ms
Round took 4.845251ms
Round took 5.0299ms
Round took 5.369846ms
Round took 5.013568ms
Round took 4.849203ms
Round took 5.531949ms
Round took 4.867874ms
Round took 5.050905ms
Round took 5.045648ms
Round took 5.095588ms
Round took 5.323001ms
Round took 4.5352ms
Round took 5.921556ms
Round took 4.607483ms
Round took 4.741684ms
Round took 5.973768ms
Round took 4.952094ms
Round took 4.919043ms
Round took 4.478178ms
Round took 6.41371ms
Round took 5.062006ms
Round took 4.284641ms
Round took 4.501606ms
Round took 6.015045ms
Round took 4.874172ms
Round took 4.919632ms
Round took 6.030228ms
Round took 4.479535ms
Round took 5.20183ms
Round took 4.190585ms
Round took 5.322058ms
Round took 4.965838ms
Round took 5.21763ms
Round took 5.699648ms
Round took 5.030588ms
Round took 4.8603ms
Round took 4.552402ms
Round took 5.252717ms
Round took 5.304333ms
Round took 4.923309ms
Round took 5.617041ms
Round took 4.139952ms
Round took 4.727231ms
Round took 5.460618ms
Round took 4.831229ms
Round took 5.750179ms
Round took 4.885016ms
Round took 4.787479ms
Round took 5.096479ms
Round took 5.192966ms
Round took 5.906234ms
Round took 4.821538ms
Round took 5.259215ms
Round took 4.890623ms
Round took 5.102707ms
Round took 4.990486ms
Round took 5.816528ms
Round took 3.887811ms
Round took 5.373164ms
Round took 5.055331ms
Round took 5.582163ms
Round took 4.717071ms
Round took 5.399332ms
Round took 5.319153ms
Round took 5.19124ms
Round took 4.738285ms
Round took 5.665726ms
Round took 4.874553ms
Round took 4.564853ms
Round took 6.194996ms
Round took 4.678897ms
Round took 5.048444ms
Round took 5.281419ms
Round took 4.60626ms
Round took 4.738968ms
Round took 5.368741ms
Round took 5.668356ms
Round took 4.71694ms
Round took 4.749843ms
Round took 4.78869ms
Round took 7.319841ms
Round took 5.267608ms
Round took 5.010072ms
Round took 5.138577ms
Round took 5.123732ms
Round took 5.202655ms
Round took 5.259354ms
Round took 5.002971ms
Round took 5.108142ms
Round took 5.570001ms
Round took 4.735051ms
Round took 5.298654ms
Round took 4.954376ms
Round took 6.065785ms
Round took 4.685678ms
Round took 6.66011ms
Round took 4.927506ms
Round took 4.465599ms
Round took 4.556283ms
Round took 5.090518ms
Round took 5.105167ms
Round took 4.810729ms
Round took 5.019106ms
Round took 5.965363ms
Round took 4.927253ms
Round took 5.626482ms
Round took 4.997954ms
Round took 5.312843ms
Round took 4.690151ms
Round took 5.904354ms
Round took 4.923618ms
Round took 4.150952ms
Round took 5.152014ms
Round took 5.499172ms
Round took 5.235055ms
Round took 4.651117ms
Round took 6.726581ms
Round took 5.658249ms
Round took 5.072113ms
Round took 5.38317ms
Round took 4.812591ms
Round took 7.24525ms
Round took 4.426322ms
Round took 4.66659ms
Round took 5.564752ms
Round took 5.050833ms
Round took 4.502719ms
Round took 5.443369ms
Round took 5.943411ms
Round took 4.349662ms
Round took 5.304577ms
Round took 4.5838ms
Round took 5.742037ms
Round took 5.259525ms
Round took 5.329632ms
Round took 5.224626ms
Round took 4.532999ms
Round took 5.117571ms
Round took 5.001903ms
Round took 4.840719ms
Round took 5.141789ms
Round took 4.904049ms
Round took 5.600795ms
Round took 5.455156ms
Round took 4.565094ms
Round took 5.232041ms
Round took 4.775616ms
Round took 5.633858ms
Round took 4.927653ms
Round took 6.040122ms
Round took 4.284977ms
Round took 5.021706ms
Round took 5.994847ms
Round took 3.948251ms
Round took 5.273803ms
Round took 5.905368ms
Round took 4.423378ms
Round took 4.967239ms
Round took 5.281711ms
Round took 4.665224ms
Round took 5.878477ms
Round took 4.849652ms
Round took 4.370476ms
Round took 5.629985ms
Round took 4.128648ms
Round took 6.086403ms
Round took 3.825208ms
Round took 5.50615ms
Round took 5.961661ms
Round took 4.404738ms
Round took 5.641349ms
Round took 4.171804ms
Round took 5.20768ms
Round took 4.863162ms
Round took 4.982084ms
Round took 6.532078ms
Round took 6.886549ms
Round took 4.25491ms
Round took 5.004597ms
Round took 5.735444ms
Round took 4.513717ms
Round took 5.381318ms
Round took 4.813184ms
Round took 5.223979ms
Round took 5.137298ms
Round took 4.97942ms
Round took 4.987125ms
Round took 5.017818ms
Round took 5.199247ms
Round took 5.042022ms
Round took 5.642635ms
Round took 4.816248ms
Round took 4.845466ms
Round took 4.963901ms
Round took 5.528233ms
Round took 4.919186ms
Round took 5.207177ms
Round took 4.981087ms
Round took 5.046956ms
Round took 5.143832ms
Round took 5.211783ms
Round took 5.448137ms
Round took 5.256978ms
Round took 4.520077ms
Round took 4.948194ms
Round took 5.083ms
Round took 5.144748ms
Round took 5.101684ms
Round took 5.762827ms
Round took 4.610356ms
Round took 5.026704ms
Round took 4.923691ms
Round took 5.97278ms
Round took 4.504179ms
Round took 4.851022ms
Round took 4.949531ms
Round took 5.307395ms
Round took 4.691228ms
Round took 5.084726ms
Round took 6.157291ms
Round took 4.19809ms
Round took 5.016841ms
Round took 4.848211ms
Round took 5.042955ms
Round took 5.256671ms
Round took 4.889872ms
Round took 5.328636ms
Round took 5.145176ms
Round took 5.387613ms
Round took 5.071205ms
Round took 5.270746ms
Round took 4.74888ms
Round took 5.045891ms
Round took 4.941383ms
Round took 6.390855ms
Round took 4.403505ms
Round took 5.075007ms
Round took 4.952534ms
Round took 6.318784ms
Round took 5.517565ms
Round took 4.454156ms
Round took 5.329353ms
Round took 4.938877ms
Round took 4.638144ms
Round took 5.02388ms
Round took 5.676216ms
Round took 4.01171ms
Round took 5.387905ms
Round took 4.874076ms
Round took 5.28465ms
Round took 4.891336ms
Round took 5.381599ms
Round took 5.911259ms
Round took 4.007408ms
Round took 5.154371ms
Round took 5.060493ms
Round took 4.8845ms
Round took 4.736485ms
Round took 5.244267ms
Round took 5.476883ms
Round took 5.499282ms
Round took 4.272921ms
Round took 4.637472ms
Round took 5.530657ms
Round took 4.672282ms
Round took 4.766515ms
Round took 6.044085ms
Round took 5.674131ms
Round took 4.588078ms
Round took 5.723966ms
Round took 4.747539ms
Round took 4.307235ms
Round took 4.808891ms
Round took 4.315427ms
Round took 5.891323ms
Round took 4.95025ms
Round took 5.112793ms
Round took 5.78071ms
Round took 5.107934ms
Round took 5.078208ms
Round took 4.986162ms
Round took 5.168068ms
Round took 4.521863ms
Round took 4.898603ms
Round took 5.394702ms
Round took 5.453256ms
Round took 5.214704ms
Round took 4.365026ms
Round took 5.334809ms
Round took 5.150829ms
Round took 5.299191ms
Round took 4.938018ms
Round took 5.261589ms
Round took 5.179835ms
Round took 4.26773ms
Round took 5.93606ms
Round took 3.994946ms
Round took 5.682173ms
Round took 4.766236ms
Round took 5.615963ms
Round took 4.724444ms
Round took 4.810581ms
Round took 5.654982ms
Round took 5.323924ms
Round took 4.965399ms
Round took 4.750797ms
Round took 6.303939ms
Round took 6.242505ms
Round took 4.395523ms
Round took 5.071454ms
Round took 5.157106ms
Round took 4.946596ms
Round took 5.034296ms
Round took 5.032459ms
Round took 5.17978ms
Round took 6.488592ms
Round took 4.494221ms
Round took 4.739283ms
Round took 4.497678ms
Round took 6.70503ms
Round took 4.737096ms
Round took 6.382297ms
Round took 5.063054ms
Round took 4.847078ms
Round took 5.095177ms
Round took 4.193218ms
Round took 5.543111ms
Round took 4.819051ms
Round took 5.717771ms
Round took 5.208452ms
Round took 4.574129ms
Round took 6.395166ms
Round took 3.70672ms
Round took 5.439617ms
Round took 4.997974ms
Round took 5.543401ms
Round took 5.688032ms
Round took 4.30861ms
Round took 6.772457ms
Round took 6.62811ms
Round took 4.62572ms
Round took 4.755453ms
Round took 5.219515ms
Round took 5.225992ms
Round took 5.296032ms
Round took 4.376357ms
Round took 5.560403ms
Round took 5.824273ms
Round took 4.797758ms
Round took 4.916081ms
Round took 5.430233ms
Round took 5.40593ms
Round took 4.416964ms
Round took 5.143975ms
Round took 4.986817ms
Round took 5.398769ms
Round took 5.256836ms
Round took 5.474719ms
Round took 4.644043ms
Round took 5.103524ms
Round took 4.739099ms
Round took 5.978083ms
Round took 5.262044ms
Round took 4.753959ms
Round took 4.694646ms
Round took 5.393488ms
Round took 4.859566ms
Round took 6.782175ms
Round took 4.389146ms
Round took 4.36711ms
Round took 5.195479ms
Round took 5.19068ms
Round took 5.927312ms
Round took 4.967185ms
Round took 4.874126ms
Round took 6.092187ms
Round took 3.997181ms
Round took 5.193906ms
Round took 5.079466ms
Round took 4.939383ms
Round took 4.851541ms
Round took 6.455374ms
Round took 6.122751ms
Round took 5.40429ms
Round took 5.049752ms
Round took 4.531065ms
Round took 5.794897ms
Round took 4.706981ms
Round took 5.196109ms
Round took 4.77512ms
Round took 5.15341ms
Round took 5.877245ms
Round took 5.039133ms
Round took 5.927893ms
Round took 4.302641ms
Round took 5.0118ms
Round took 4.839732ms
Round took 5.54865ms
Round took 5.254024ms
Round took 4.44996ms
Round took 5.835188ms
Round took 4.421324ms
Round took 5.000976ms
Round took 4.728534ms
Round took 5.220721ms
Round took 5.147675ms
Round took 4.94096ms
Round took 5.274933ms
Round took 5.13656ms
Round took 5.403428ms
Round took 5.353143ms
Round took 4.777488ms
Round took 5.191211ms
Round took 5.00791ms
Round took 4.954115ms
Round took 5.03502ms
Round took 4.983972ms
Round took 4.172939ms
Round took 4.951983ms
Round took 5.779572ms
Round took 5.293644ms
Round took 4.627499ms
Round took 4.992116ms
Round took 5.28434ms
Round took 5.164155ms
Round took 4.941796ms
Round took 6.184588ms
Round took 6.159683ms
Round took 4.384504ms
Round took 4.458343ms
Round took 3.917986ms
Round took 5.99506ms
Round took 4.672514ms
Round took 5.969755ms
Round took 4.977406ms
Round took 5.681985ms
Round took 3.906064ms
Round took 7.59518ms
Round took 5.33772ms
Round took 5.038388ms
Round took 5.144688ms
Round took 4.600843ms
Round took 5.330025ms
Round took 4.620487ms
Round took 5.304106ms
Round took 4.774611ms
Round took 5.31703ms
Round took 5.90508ms
Round took 4.573017ms
Round took 4.602509ms
Round took 4.516928ms
Round took 5.512571ms
Round took 5.089823ms
Round took 5.395179ms
Round took 6.186227ms
Round took 6.894964ms
Round took 4.730704ms
Round took 4.915774ms
Round took 5.215085ms
Round took 5.521448ms
Round took 3.745112ms
Round took 5.481982ms
Round took 5.297425ms
Round took 5.640216ms
Round took 4.338294ms
Round took 6.742331ms
Round took 6.449385ms
Round took 3.979777ms
Round took 5.431748ms
Round took 4.592804ms
Round took 4.795643ms
Round took 3.520578ms
Round took 5.241433ms
Round took 6.506894ms
Round took 4.35816ms
Round took 4.991854ms
Round took 5.088245ms
Round took 4.513947ms
Round took 5.8725ms
Round took 6.096345ms
Round took 4.425155ms
Round took 5.201958ms
Round took 4.609483ms
Round took 5.209537ms
Round took 5.65247ms
Round took 4.27289ms
Round took 5.050342ms
Round took 5.364357ms
Round took 4.488501ms
Round took 5.238474ms
Round took 5.382951ms
Round took 5.761719ms
Round took 4.260691ms
Round took 5.364484ms
Round took 4.631036ms
Round took 5.180794ms
Round took 5.118881ms
Round took 4.816806ms
Round took 6.246961ms
Round took 4.623893ms
Round took 4.561049ms
Round took 4.282794ms
Round took 6.058201ms
Round took 4.248184ms
Round took 5.314983ms
Round took 5.68427ms
Round took 4.786402ms
Round took 5.090551ms
Round took 4.605589ms
Round took 5.421779ms
Round took 4.875473ms
Round took 5.166708ms
Round took 5.283444ms
Round took 5.965376ms
Round took 4.72037ms
Round took 5.607506ms
Round took 5.671077ms
Round took 4.61353ms
Round took 5.046363ms
Test took 5.208772255s
Successful: 10000
