Uniform distribution
2021/04/16 21:40:47 The leader is replica 0
Round took 6.532725ms
Round took 6.578487ms
Round took 6.972683ms
Round took 6.372082ms
Round took 4.059398ms
Round took 5.667985ms
Round took 5.39371ms
Round took 5.897468ms
Round took 5.184ms
Round took 5.535221ms
Round took 3.761114ms
Round took 4.994881ms
Round took 5.152436ms
Round took 5.296339ms
Round took 5.628898ms
Round took 4.970067ms
Round took 5.372807ms
Round took 4.78443ms
Round took 4.971874ms
Round took 4.888888ms
Round took 5.236946ms
Round took 5.626271ms
Round took 4.76405ms
Round took 4.494935ms
Round took 4.870062ms
Round took 5.414822ms
Round took 4.916179ms
Round took 5.327203ms
Round took 5.571367ms
Round took 4.409059ms
Round took 5.188379ms
Round took 4.655598ms
Round took 5.357503ms
Round took 4.605072ms
Round took 4.947718ms
Round took 6.217839ms
Round took 6.300109ms
Round took 7.859366ms
Round took 7.218473ms
Round took 4.589175ms
Round took 4.051487ms
Round took 6.852414ms
Round took 5.123506ms
Round took 6.4933ms
Round took 4.2593ms
Round took 6.043777ms
Round took 4.698097ms
Round took 5.169691ms
Round took 4.455493ms
Round took 6.574312ms
Round took 5.522361ms
Round took 5.140105ms
Round took 5.446158ms
Round took 3.555366ms
Round took 3.653748ms
Round took 5.842328ms
Round took 5.189332ms
Round took 5.50443ms
Round took 4.922506ms
Round took 4.674071ms
Round took 5.170401ms
Round took 5.409654ms
Round took 4.645894ms
Round took 5.224903ms
Round took 5.909354ms
Round took 6.248931ms
Round took 5.252402ms
Round took 4.159319ms
Round took 4.969224ms
Round took 5.23831ms
Round took 5.180603ms
Round took 5.059662ms
Round took 5.073801ms
Round took 4.698401ms
Round took 5.161444ms
Round took 4.77529ms
Round took 5.060903ms
Round took 6.161751ms
Round took 4.282155ms
Round took 4.843323ms
Round took 4.794261ms
Round took 4.882877ms
Round took 6.058919ms
Round took 4.42043ms
Round took 5.190086ms
Round took 4.648759ms
Round took 5.393717ms
Round took 4.8792ms
Round took 4.844908ms
Round took 5.548557ms
Round took 4.575484ms
Round took 4.78662ms
Round took 4.994546ms
Round took 5.544934ms
Round took 5.111649ms
Round took 5.033214ms
Round took 5.120607ms
Round took 5.599254ms
Round took 4.561882ms
Round took 4.939969ms
Round took 4.801528ms
Round took 5.379822ms
Round took 4.798846ms
Round took 4.874816ms
Round took 5.822239ms
Round took 5.087694ms
Round took 4.139861ms
Round took 4.07965ms
Round took 5.194165ms
Round took 5.901244ms
Round took 4.974176ms
Round took 5.025365ms
Round took 5.01775ms
Round took 5.105097ms
Round took 4.96264ms
Round took 5.103772ms
Round took 5.320194ms
Round took 4.998503ms
Round took 4.916038ms
Round took 5.523998ms
Round took 5.225125ms
Round took 4.54802ms
Round took 5.030389ms
Round took 5.438648ms
Round took 4.938942ms
Round took 5.213877ms
Round took 4.562574ms
Round took 5.456503ms
Round took 5.404273ms
Round took 5.181548ms
Round took 5.210729ms
Round took 5.666954ms
Round took 4.235511ms
Round took 4.572818ms
Round took 5.367817ms
Round took 5.093975ms
Round took 4.767839ms
Round took 4.924282ms
Round took 6.06973ms
Round took 4.125282ms
Round took 4.867293ms
Round took 4.773058ms
Round took 5.922374ms
Round took 5.380043ms
Round took 6.792784ms
Round took 5.175252ms
Round took 5.01857ms
Round took 4.60854ms
Round took 3.546462ms
Round took 5.114452ms
Round took 4.781288ms
Round took 5.512493ms
Round took 5.727985ms
Round took 4.655104ms
Round took 4.096284ms
Round took 5.50312ms
Round took 5.149245ms
Round took 4.91844ms
Round took 4.988458ms
Round took 4.600169ms
Round took 5.205174ms
Round took 4.939288ms
Round took 5.060744ms
Round took 4.541097ms
Round took 5.263109ms
Round took 5.000748ms
Round took 4.88743ms
Round took 5.367214ms
Round took 5.280336ms
Round took 5.231321ms
Round took 4.340371ms
Round took 5.143342ms
Round took 5.540665ms
Round took 4.485029ms
Round took 5.546603ms
Round took 5.125015ms
Round took 4.665296ms
Round took 5.166769ms
Round took 5.298579ms
Round took 5.323482ms
Round took 4.963159ms
Round took 4.697695ms
Round took 5.085262ms
Round took 5.932967ms
Round took 4.372738ms
Round took 4.808153ms
Round took 6.028307ms
Round took 4.94467ms
Round took 4.727483ms
Round took 5.060219ms
Round took 5.64386ms
Round took 5.235011ms
Round took 4.861945ms
Round took 4.689382ms
Round took 5.97395ms
Round took 4.863111ms
Round took 5.594633ms
Round took 4.806151ms
Round took 5.055462ms
Round took 5.591743ms
Round took 4.838234ms
Round took 5.009934ms
Round took 4.962538ms
Round took 4.456926ms
Round took 5.733836ms
Round took 4.956011ms
Round took 4.818669ms
Round took 5.890763ms
Round took 4.271586ms
Round took 5.171908ms
Round took 4.713793ms
Round took 5.030531ms
Round took 5.412582ms
Round took 5.582779ms
Round took 4.776562ms
Round took 5.567015ms
Round took 5.084399ms
Round took 4.663192ms
Round took 4.605369ms
Round took 5.352699ms
Round took 5.403361ms
Round took 5.455255ms
Round took 4.350652ms
Round took 5.32158ms
Round took 4.957511ms
Round took 5.043393ms
Round took 5.018884ms
Round took 4.883327ms
Round took 4.47467ms
Round took 5.599264ms
Round took 4.801749ms
Round took 5.098017ms
Round took 5.089692ms
Round took 5.027613ms
Round took 6.153982ms
Round took 4.095671ms
Round took 5.720247ms
Round took 4.387135ms
Round took 5.251374ms
Round took 4.844367ms
Round took 5.706333ms
Round took 5.538125ms
Round took 4.546556ms
Round took 5.759349ms
Round took 4.105429ms
Round took 4.891981ms
Round took 4.837251ms
Round took 5.392145ms
Round took 5.472001ms
Round took 4.478153ms
Round took 5.163313ms
Round took 5.000684ms
Round took 5.188824ms
Round took 4.561282ms
Round took 5.427698ms
Round took 5.362312ms
Round took 4.172281ms
Round took 6.255777ms
Round took 6.402301ms
Round took 4.869623ms
Round took 4.123945ms
Round took 4.127553ms
Round took 5.240235ms
Round took 5.465217ms
Round took 4.708197ms
Round took 5.886839ms
Round took 4.383463ms
Round took 5.450666ms
Round took 4.495295ms
Round took 5.731143ms
Round took 4.52786ms
Round took 4.64142ms
Round took 4.989497ms
Round took 5.353234ms
Round took 5.284327ms
Round took 4.817933ms
Round took 6.618588ms
Round took 4.804338ms
Round took 4.1102ms
Round took 4.654256ms
Round took 5.024359ms
Round took 5.668922ms
Round took 4.74321ms
Round took 5.007326ms
Round took 5.376605ms
Round took 4.88315ms
Round took 4.685565ms
Round took 5.268294ms
Round took 5.725736ms
Round took 4.418647ms
Round took 5.363118ms
Round took 4.474906ms
Round took 5.371491ms
Round took 4.876997ms
Round took 5.128851ms
Round took 5.988328ms
Round took 4.554109ms
Round took 4.915332ms
Round took 4.577834ms
Round took 4.806804ms
Round took 5.567752ms
Round took 4.818759ms
Round took 4.736053ms
Round took 5.422207ms
Round took 5.230478ms
Round took 4.902566ms
Round took 6.001058ms
Round took 4.839068ms
Round took 4.920948ms
Round took 5.119684ms
Round took 4.949415ms
Round took 4.84512ms
Round took 5.665898ms
Round took 5.672973ms
Round took 4.961756ms
Round took 4.839951ms
Round took 5.169701ms
Round took 5.078925ms
Round took 4.781565ms
Round took 4.406318ms
Round took 5.50727ms
Round took 5.244224ms
Round took 5.646978ms
Round took 4.396855ms
Round took 5.894306ms
Round took 4.821167ms
Round took 4.52935ms
Round took 5.498133ms
Round took 5.006374ms
Round took 4.46851ms
Round took 4.998023ms
Round took 5.435262ms
Round took 4.939446ms
Round took 5.437408ms
Round took 4.512618ms
Round took 4.838527ms
Round took 5.272101ms
Round took 5.424962ms
Round took 5.022486ms
Round took 5.407184ms
Round took 4.8021ms
Round took 4.772305ms
Round took 5.243322ms
Round took 5.215209ms
Round took 4.767522ms
Round took 4.778438ms
Round took 4.565687ms
Round took 5.666142ms
Round took 4.659491ms
Round took 5.153732ms
Round took 4.956196ms
Round took 5.762572ms
Round took 4.461244ms
Round took 5.045574ms
Round took 5.595793ms
Round took 4.692102ms
Round took 5.247263ms
Round took 4.371471ms
Round took 5.790097ms
Round took 4.867908ms
Round took 4.935539ms
Round took 4.662378ms
Round took 5.673541ms
Round took 4.672818ms
Round took 4.295709ms
Round took 5.565605ms
Round took 5.23637ms
Round took 4.940786ms
Round took 5.268253ms
Round took 4.608105ms
Round took 5.527549ms
Round took 5.187699ms
Round took 4.985107ms
Round took 6.020018ms
Round took 3.804563ms
Round took 5.704263ms
Round took 4.397245ms
Round took 5.170783ms
Round took 5.566725ms
Round took 4.613946ms
Round took 5.561137ms
Round took 4.772651ms
Round took 5.449685ms
Round took 4.292662ms
Round took 5.541196ms
Round took 5.04515ms
Round took 5.116855ms
Round took 5.683802ms
Round took 4.503388ms
Round took 4.795403ms
Round took 4.719103ms
Round took 4.975717ms
Round took 5.384126ms
Round took 4.659779ms
Round took 5.074593ms
Round took 4.732331ms
Round took 5.185989ms
Round took 5.481589ms
Round took 5.046013ms
Round took 5.822326ms
Round took 4.341844ms
Round took 5.183607ms
Round took 4.655271ms
Round took 5.801187ms
Round took 5.161769ms
Round took 5.032892ms
Round took 6.808034ms
Round took 5.36232ms
Round took 5.460847ms
Round took 3.675431ms
Round took 18.525125ms
Round took 4.916321ms
Round took 4.906478ms
Round took 4.667715ms
Round took 5.394095ms
Round took 6.020709ms
Round took 5.109497ms
Round took 5.122962ms
Round took 4.261787ms
Round took 5.009426ms
Round took 5.374934ms
Round took 6.445845ms
Round took 5.368469ms
Round took 4.549498ms
Round took 3.381512ms
Round took 6.187423ms
Round took 5.079084ms
Round took 5.090367ms
Round took 4.955224ms
Round took 5.233543ms
Round took 5.1383ms
Round took 4.94781ms
Round took 6.759874ms
Round took 4.387998ms
Round took 5.25494ms
Round took 5.598738ms
Round took 4.559164ms
Round took 4.469448ms
Round took 5.111863ms
Round took 5.612666ms
Round took 4.305439ms
Round took 5.520776ms
Round took 4.760559ms
Round took 5.781862ms
Round took 4.474853ms
Round took 5.054509ms
Round took 6.095855ms
Round took 4.203404ms
Round took 5.149968ms
Round took 4.71535ms
Round took 5.568291ms
Round took 5.720977ms
Round took 4.573073ms
Round took 5.406004ms
Round took 4.239927ms
Round took 7.664266ms
Round took 4.133613ms
Round took 4.461921ms
Round took 4.168267ms
Round took 4.956695ms
Round took 4.944391ms
Round took 5.270659ms
Round took 5.81409ms
Round took 4.422395ms
Round took 5.633365ms
Round took 3.990542ms
Round took 4.864885ms
Round took 4.664724ms
Round took 5.285904ms
Round took 5.842534ms
Round took 4.944516ms
Round took 4.832546ms
Round took 4.488156ms
Round took 5.274483ms
Round took 5.281024ms
Round took 4.963297ms
Round took 6.06879ms
Round took 4.003399ms
Round took 4.710292ms
Round took 5.52398ms
Round took 5.038398ms
Round took 5.252193ms
Round took 4.917145ms
Round took 4.917444ms
Round took 5.038775ms
Round took 5.202311ms
Round took 6.179155ms
Round took 4.592387ms
Round took 5.256267ms
Round took 4.8978ms
Round took 5.547654ms
Round took 4.512498ms
Round took 5.70415ms
Round took 3.953107ms
Round took 5.869049ms
Round took 4.463291ms
Round took 5.580482ms
Round took 4.228459ms
Round took 4.802903ms
Round took 5.605987ms
Round took 4.830596ms
Round took 4.829446ms
Round took 5.838483ms
Round took 4.786103ms
Round took 4.610102ms
Round took 5.185738ms
Round took 5.245867ms
Round took 5.270065ms
Round took 4.999134ms
Round took 4.413285ms
Round took 5.279362ms
Round took 5.447872ms
Round took 5.067263ms
Round took 5.227471ms
Round took 4.88572ms
Round took 4.797321ms
Round took 5.380614ms
Round took 4.552321ms
Round took 5.481544ms
Round took 4.900274ms
Round took 4.594957ms
Round took 6.023122ms
Round took 4.08353ms
Round took 4.964123ms
Round took 4.514593ms
Round took 5.463751ms
Round took 5.067924ms
Round took 4.741308ms
Round took 5.288627ms
Round took 4.878643ms
Round took 5.945337ms
Round took 4.818917ms
Round took 5.927944ms
Round took 4.956356ms
Round took 4.464126ms
Round took 4.629957ms
Round took 5.160798ms
Round took 5.025091ms
Round took 4.692102ms
Round took 4.999574ms
Round took 5.955166ms
Round took 4.925298ms
Round took 5.123334ms
Round took 5.075853ms
Round took 5.634777ms
Round took 4.801572ms
Round took 5.505528ms
Round took 5.367025ms
Round took 4.173778ms
Round took 5.095311ms
Round took 5.509688ms
Round took 5.226032ms
Round took 4.654477ms
Round took 6.185694ms
Round took 4.106935ms
Round took 5.069551ms
Round took 4.737593ms
Round took 6.496845ms
Round took 3.588991ms
Round took 6.033259ms
Round took 6.099119ms
Round took 6.160127ms
Round took 5.161932ms
Round took 4.726714ms
Round took 5.334968ms
Round took 4.832003ms
Round took 5.048266ms
Round took 5.318731ms
Round took 4.765831ms
Round took 5.614847ms
Round took 4.991692ms
Round took 5.08152ms
Round took 4.892085ms
Round took 5.24724ms
Round took 5.280115ms
Round took 4.607108ms
Round took 5.062993ms
Round took 5.289857ms
Round took 4.825206ms
Round took 5.08783ms
Round took 5.658517ms
Round took 4.507354ms
Round took 4.894349ms
Round took 5.071175ms
Round took 5.596654ms
Round took 4.999638ms
Round took 4.995909ms
Round took 5.033762ms
Round took 5.20236ms
Round took 5.273552ms
Round took 4.458372ms
Round took 5.420668ms
Round took 5.240187ms
Round took 4.407886ms
Round took 5.363592ms
Round took 5.461843ms
Round took 4.629471ms
Round took 5.137693ms
Round took 4.977952ms
Round took 4.983213ms
Round took 5.29124ms
Round took 4.711095ms
Round took 6.34038ms
Round took 3.895484ms
Round took 5.228571ms
Round took 5.251041ms
Round took 5.238854ms
Round took 5.124002ms
Round took 4.878482ms
Round took 5.080419ms
Round took 5.139498ms
Round took 4.910444ms
Round took 5.320736ms
Round took 5.407643ms
Round took 5.645569ms
Round took 4.210764ms
Round took 5.022215ms
Round took 5.709104ms
Round took 4.17207ms
Round took 5.49345ms
Round took 4.700649ms
Round took 5.442073ms
Round took 4.795391ms
Round took 4.979016ms
Round took 5.962152ms
Round took 4.145354ms
Round took 5.198614ms
Round took 4.997326ms
Round took 5.655354ms
Round took 4.603903ms
Round took 5.315385ms
Round took 4.764081ms
Round took 5.422269ms
Round took 4.883325ms
Round took 5.360961ms
Round took 4.968089ms
Round took 4.813721ms
Round took 4.745229ms
Round took 5.243027ms
Round took 5.420795ms
Round took 4.603741ms
Round took 4.736309ms
Round took 4.907359ms
Round took 5.107233ms
Round took 5.021033ms
Round took 4.930278ms
Round took 5.309663ms
Round took 5.222775ms
Round took 4.966164ms
Round took 4.878337ms
Round took 6.031108ms
Round took 4.534937ms
Round took 4.872266ms
Round took 5.002993ms
Round took 5.295173ms
Round took 4.713386ms
Round took 4.982157ms
Round took 5.36392ms
Round took 5.012728ms
Round took 4.986516ms
Round took 4.927004ms
Round took 4.975874ms
Round took 5.285678ms
Round took 4.87966ms
Round took 5.095847ms
Round took 5.62475ms
Round took 4.545953ms
Round took 4.9859ms
Round took 5.40028ms
Round took 4.82666ms
Round took 5.01342ms
Round took 4.977657ms
Round took 5.21547ms
Round took 4.871423ms
Round took 5.205874ms
Round took 4.814564ms
Round took 6.66026ms
Round took 4.84988ms
Round took 4.209544ms
Round took 5.181066ms
Round took 5.707438ms
Round took 4.356225ms
Round took 4.901096ms
Round took 5.201785ms
Round took 5.028278ms
Round took 5.345173ms
Round took 4.861169ms
Round took 5.467218ms
Round took 4.898121ms
Round took 5.084882ms
Round took 6.087036ms
Round took 4.048068ms
Round took 5.051124ms
Round took 5.084609ms
Round took 4.757638ms
Round took 5.697588ms
Round took 4.547273ms
Round took 5.129072ms
Round took 5.702443ms
Round took 4.391694ms
Round took 4.890904ms
Round took 5.350924ms
Round took 7.169948ms
Round took 5.040301ms
Round took 6.006836ms
Round took 5.980186ms
Round took 5.111289ms
Round took 5.107022ms
Round took 4.740756ms
Round took 4.242992ms
Round took 4.714162ms
Round took 4.797686ms
Round took 4.761628ms
Round took 4.909912ms
Round took 5.176125ms
Round took 5.724918ms
Round took 5.033733ms
Round took 5.070309ms
Round took 4.60223ms
Round took 5.663993ms
Round took 4.629861ms
Round took 4.817076ms
Round took 5.389912ms
Round took 5.530478ms
Round took 5.23703ms
Round took 4.411705ms
Round took 5.194778ms
Round took 5.259974ms
Round took 5.34113ms
Round took 4.998723ms
Round took 4.893048ms
Round took 5.279033ms
Round took 4.281994ms
Round took 5.970651ms
Round took 4.005848ms
Round took 5.353585ms
Round took 4.698931ms
Round took 5.300123ms
Round took 4.872464ms
Round took 4.574147ms
Round took 5.017109ms
Round took 5.605499ms
Round took 5.057023ms
Round took 4.787173ms
Round took 4.728548ms
Round took 6.024983ms
Round took 5.969797ms
Round took 4.40427ms
Round took 5.393021ms
Round took 5.35747ms
Round took 4.368892ms
Round took 5.602144ms
Round took 4.217622ms
Round took 8.108543ms
Round took 4.346164ms
Round took 4.747012ms
Round took 4.316333ms
Round took 3.858305ms
Round took 5.274335ms
Round took 5.17079ms
Round took 6.486013ms
Round took 4.620894ms
Round took 5.180329ms
Round took 4.273545ms
Round took 3.548443ms
Round took 5.552124ms
Round took 4.84987ms
Round took 5.548761ms
Round took 5.2422ms
Round took 4.596783ms
Round took 6.080683ms
Round took 3.910914ms
Round took 5.498584ms
Round took 4.969727ms
Round took 5.329647ms
Round took 5.516868ms
Round took 4.346566ms
Round took 5.211127ms
Round took 6.188173ms
Round took 4.573266ms
Round took 4.570664ms
Round took 5.555752ms
Round took 5.350452ms
Round took 4.601994ms
Round took 5.819251ms
Round took 3.66791ms
Round took 6.176015ms
Round took 4.48566ms
Round took 5.162911ms
Round took 5.494556ms
Round took 4.238399ms
Round took 5.360393ms
Round took 4.290169ms
Round took 5.344237ms
Round took 4.764968ms
Round took 5.153514ms
Round took 5.818276ms
Round took 4.913624ms
Round took 4.815736ms
Round took 5.019966ms
Round took 4.921949ms
Round took 5.828865ms
Round took 5.305723ms
Round took 5.606245ms
Round took 3.782603ms
Round took 5.155897ms
Round took 4.728658ms
Round took 6.403322ms
Round took 4.463216ms
Round took 4.323409ms
Round took 5.180566ms
Round took 5.191381ms
Round took 4.740475ms
Round took 4.896491ms
Round took 4.881778ms
Round took 5.805707ms
Round took 4.352331ms
Round took 5.192156ms
Round took 4.875817ms
Round took 5.405688ms
Round took 4.852262ms
Round took 5.60501ms
Round took 4.299249ms
Round took 6.063964ms
Round took 5.028132ms
Round took 5.74954ms
Round took 4.500785ms
Round took 5.521613ms
Round took 4.496282ms
Round took 5.685528ms
Round took 4.553925ms
Round took 4.47452ms
Round took 6.621758ms
Round took 3.8738ms
Round took 6.005361ms
Round took 4.092492ms
Round took 5.717708ms
Round took 4.310987ms
Round took 5.483713ms
Round took 5.437335ms
Round took 4.661532ms
Round took 5.382061ms
Round took 3.742031ms
Round took 5.031426ms
Round took 4.68867ms
Round took 5.246279ms
Round took 5.143423ms
Round took 4.864889ms
Round took 5.219047ms
Round took 5.125351ms
Round took 4.910015ms
Round took 4.468902ms
Round took 4.962235ms
Round took 5.432988ms
Round took 5.011567ms
Round took 4.858014ms
Round took 4.816408ms
Round took 5.938816ms
Round took 4.59854ms
Round took 4.917819ms
Round took 5.71179ms
Round took 5.313692ms
Round took 4.623233ms
Round took 4.909517ms
Round took 5.284535ms
Round took 5.015646ms
Round took 4.928106ms
Round took 6.305516ms
Round took 6.198453ms
Round took 4.786955ms
Round took 4.732423ms
Round took 3.458215ms
Round took 5.191614ms
Round took 4.667751ms
Round took 5.928773ms
Round took 4.892715ms
Round took 5.68797ms
Round took 4.011359ms
Round took 6.613092ms
Round took 4.45848ms
Round took 4.881849ms
Round took 5.565428ms
Round took 4.611423ms
Round took 4.914183ms
Round took 5.147806ms
Round took 5.398793ms
Round took 4.641312ms
Round took 5.088789ms
Round took 5.004159ms
Round took 5.681937ms
Round took 4.414379ms
Round took 4.841634ms
Round took 6.278113ms
Round took 4.854467ms
Round took 4.95055ms
Round took 5.7032ms
Round took 6.345482ms
Round took 4.651086ms
Round took 5.422757ms
Round took 5.160673ms
Round took 5.184655ms
Round took 4.673123ms
Round took 3.574627ms
Round took 6.338135ms
Round took 3.85989ms
Round took 6.412999ms
Round took 4.560951ms
Round took 8.302623ms
Round took 4.518513ms
Round took 4.949019ms
Round took 4.540636ms
Round took 5.310408ms
Round took 3.470636ms
Round took 3.583564ms
Round took 5.846869ms
Round took 5.227122ms
Round took 4.76932ms
Round took 5.177609ms
Round took 5.149989ms
Round took 3.546456ms
Round took 5.777247ms
Round took 6.097675ms
Round took 4.136389ms
Round took 5.317747ms
Round took 4.592923ms
Round took 5.276963ms
Round took 5.673035ms
Round took 4.956111ms
Round took 5.248664ms
Round took 4.516214ms
Round took 4.477778ms
Round took 5.273109ms
Round took 5.436722ms
Round took 5.829756ms
Round took 4.172917ms
Round took 5.621238ms
Round took 4.717611ms
Round took 5.146219ms
Round took 5.164206ms
Round took 5.092021ms
Round took 6.311557ms
Round took 4.447618ms
Round took 5.253196ms
Round took 6.410079ms
Round took 4.793178ms
Round took 5.341642ms
Round took 5.021302ms
Round took 5.037706ms
Round took 5.048692ms
Round took 4.993621ms
Round took 5.154331ms
Round took 5.434107ms
Round took 4.98042ms
Round took 5.012455ms
Round took 5.143769ms
Round took 5.014651ms
Round took 5.284019ms
Round took 5.302003ms
Round took 5.550165ms
Round took 4.850182ms
Round took 4.430366ms
Round took 4.881729ms
Round took 6.265526ms
Round took 5.000711ms
Round took 5.717582ms
Round took 5.697504ms
Round took 4.064774ms
Round took 4.50242ms
Round took 4.722559ms
Round took 5.753952ms
Round took 4.723542ms
Round took 5.34387ms
Round took 6.355365ms
Round took 4.308202ms
Round took 5.051705ms
Round took 4.907589ms
Round took 5.107096ms
Round took 5.088956ms
Round took 4.927962ms
Round took 5.646993ms
Round took 4.703045ms
Round took 5.043567ms
Round took 5.083451ms
Round took 4.979661ms
Round took 5.121154ms
Round took 5.041389ms
Round took 4.986312ms
Round took 5.263742ms
Round took 5.047581ms
Round took 5.016267ms
Round took 5.095479ms
Round took 5.124817ms
Round took 5.252348ms
Round took 4.720834ms
Round took 5.202388ms
Round took 5.122059ms
Round took 5.047245ms
Round took 5.411338ms
Round took 7.437104ms
Round took 3.614783ms
Test took 5.128097024s
Successful: 10000
