Uniform distribution
2021/04/16 21:40:47 The leader is replica 0
Round took 2.685536ms
Round took 8.607257ms
Round took 7.139388ms
Round took 6.761115ms
Round took 3.442583ms
Round took 5.228202ms
Round took 5.768399ms
Round took 5.432917ms
Round took 4.650141ms
Round took 4.845523ms
Round took 5.913786ms
Round took 4.649071ms
Round took 5.038107ms
Round took 6.171216ms
Round took 4.492048ms
Round took 4.487761ms
Round took 4.395817ms
Round took 6.46656ms
Round took 4.118884ms
Round took 4.964408ms
Round took 5.558736ms
Round took 4.954617ms
Round took 4.848603ms
Round took 4.606437ms
Round took 5.314129ms
Round took 6.096616ms
Round took 4.195324ms
Round took 4.629291ms
Round took 5.251777ms
Round took 6.054479ms
Round took 4.725243ms
Round took 5.379025ms
Round took 4.877294ms
Round took 5.496843ms
Round took 4.183945ms
Round took 8.448681ms
Round took 5.384885ms
Round took 5.095735ms
Round took 5.469335ms
Round took 5.215775ms
Round took 4.649663ms
Round took 4.991835ms
Round took 5.578042ms
Round took 4.54094ms
Round took 5.246952ms
Round took 4.872361ms
Round took 5.319778ms
Round took 6.422873ms
Round took 6.512082ms
Round took 6.064712ms
Round took 6.425289ms
Round took 6.715747ms
Round took 6.920394ms
Round took 6.291945ms
Round took 4.032563ms
Round took 5.665353ms
Round took 5.705022ms
Round took 3.969408ms
Round took 4.780494ms
Round took 4.87031ms
Round took 4.874532ms
Round took 5.928705ms
Round took 5.227579ms
Round took 5.225138ms
Round took 5.57633ms
Round took 5.043691ms
Round took 5.441474ms
Round took 4.831435ms
Round took 4.990301ms
Round took 4.944234ms
Round took 5.236924ms
Round took 5.678867ms
Round took 4.734059ms
Round took 4.514577ms
Round took 4.909852ms
Round took 5.373271ms
Round took 4.957701ms
Round took 5.387619ms
Round took 5.580148ms
Round took 4.381319ms
Round took 5.162257ms
Round took 4.620706ms
Round took 7.099429ms
Round took 4.32933ms
Round took 6.919373ms
Round took 5.965751ms
Round took 9.333764ms
Round took 6.659518ms
Round took 5.467084ms
Round took 4.036724ms
Round took 6.598691ms
Round took 7.00276ms
Round took 6.392852ms
Round took 4.537605ms
Round took 5.804059ms
Round took 4.650578ms
Round took 5.957467ms
Round took 5.67763ms
Round took 7.325921ms
Round took 4.370334ms
Round took 5.381972ms
Round took 4.487699ms
Round took 3.67458ms
Round took 3.906361ms
Round took 6.288744ms
Round took 5.466724ms
Round took 5.11443ms
Round took 5.940063ms
Round took 5.82515ms
Round took 5.404218ms
Round took 4.710512ms
Round took 5.152366ms
Round took 4.913316ms
Round took 7.227489ms
Round took 4.777534ms
Round took 4.288657ms
Round took 5.5992ms
Round took 5.182666ms
Round took 4.789412ms
Round took 5.387908ms
Round took 5.082925ms
Round took 4.825181ms
Round took 4.766087ms
Round took 5.187403ms
Round took 5.942755ms
Round took 5.146637ms
Round took 4.91336ms
Round took 4.973079ms
Round took 4.695838ms
Round took 4.977936ms
Round took 7.399188ms
Round took 6.736295ms
Round took 4.682295ms
Round took 4.807842ms
Round took 5.671963ms
Round took 5.334133ms
Round took 5.438727ms
Round took 4.764525ms
Round took 4.849041ms
Round took 4.828612ms
Round took 4.981613ms
Round took 5.663728ms
Round took 5.122916ms
Round took 5.12687ms
Round took 4.815175ms
Round took 5.800169ms
Round took 4.986046ms
Round took 4.820818ms
Round took 5.844814ms
Round took 4.917585ms
Round took 4.89795ms
Round took 5.971417ms
Round took 5.1215ms
Round took 4.517952ms
Round took 4.36791ms
Round took 5.502579ms
Round took 5.5602ms
Round took 4.987377ms
Round took 6.538847ms
Round took 4.028834ms
Round took 5.178329ms
Round took 5.534406ms
Round took 5.143809ms
Round took 4.827396ms
Round took 5.040962ms
Round took 5.838819ms
Round took 6.925298ms
Round took 4.906609ms
Round took 4.847639ms
Round took 4.951543ms
Round took 5.312156ms
Round took 5.332551ms
Round took 4.588379ms
Round took 5.420957ms
Round took 5.488547ms
Round took 5.132673ms
Round took 4.701812ms
Round took 6.044298ms
Round took 4.367835ms
Round took 4.514312ms
Round took 5.38653ms
Round took 5.740688ms
Round took 4.70871ms
Round took 4.902431ms
Round took 6.022743ms
Round took 6.021719ms
Round took 6.236419ms
Round took 6.084054ms
Round took 6.10635ms
Round took 6.506609ms
Round took 5.153386ms
Round took 5.044577ms
Round took 4.772145ms
Round took 3.798429ms
Round took 4.098286ms
Round took 5.917767ms
Round took 5.61181ms
Round took 5.680753ms
Round took 4.935818ms
Round took 4.272244ms
Round took 5.447952ms
Round took 4.726423ms
Round took 5.463474ms
Round took 4.882657ms
Round took 4.613824ms
Round took 5.230778ms
Round took 5.527775ms
Round took 5.359556ms
Round took 4.486811ms
Round took 5.436072ms
Round took 5.071398ms
Round took 5.016667ms
Round took 6.047931ms
Round took 4.894628ms
Round took 5.255033ms
Round took 5.144218ms
Round took 4.450246ms
Round took 5.531093ms
Round took 4.633039ms
Round took 5.633765ms
Round took 5.301847ms
Round took 4.562344ms
Round took 6.204585ms
Round took 6.454259ms
Round took 5.064536ms
Round took 4.606372ms
Round took 5.213193ms
Round took 5.708297ms
Round took 4.518837ms
Round took 4.806031ms
Round took 5.283752ms
Round took 5.388086ms
Round took 6.135444ms
Round took 6.645458ms
Round took 5.107648ms
Round took 5.037171ms
Round took 4.70686ms
Round took 6.007278ms
Round took 4.785979ms
Round took 5.002432ms
Round took 5.380585ms
Round took 5.551112ms
Round took 4.977299ms
Round took 5.360865ms
Round took 5.784648ms
Round took 4.887053ms
Round took 4.5486ms
Round took 5.738959ms
Round took 4.910273ms
Round took 4.747024ms
Round took 7.106064ms
Round took 6.263314ms
Round took 4.875102ms
Round took 4.997913ms
Round took 5.695281ms
Round took 5.430079ms
Round took 4.716392ms
Round took 5.171941ms
Round took 7.403374ms
Round took 4.747099ms
Round took 4.547009ms
Round took 5.381606ms
Round took 5.350069ms
Round took 5.517548ms
Round took 4.780872ms
Round took 5.295459ms
Round took 4.989696ms
Round took 5.043535ms
Round took 5.197548ms
Round took 5.234304ms
Round took 4.473956ms
Round took 6.305073ms
Round took 6.305631ms
Round took 5.025476ms
Round took 4.87004ms
Round took 6.20102ms
Round took 4.232301ms
Round took 5.163335ms
Round took 5.00718ms
Round took 5.426147ms
Round took 4.87326ms
Round took 4.819102ms
Round took 5.349991ms
Round took 5.216925ms
Round took 5.070692ms
Round took 5.027393ms
Round took 5.281899ms
Round took 4.934545ms
Round took 5.105981ms
Round took 5.048211ms
Round took 5.09455ms
Round took 5.302016ms
Round took 5.034005ms
Round took 5.396528ms
Round took 5.10268ms
Round took 5.447583ms
Round took 4.854008ms
Round took 4.934302ms
Round took 6.161662ms
Round took 6.333571ms
Round took 6.22838ms
Round took 4.825466ms
Round took 4.106321ms
Round took 5.928643ms
Round took 6.18006ms
Round took 5.084949ms
Round took 4.965597ms
Round took 5.208068ms
Round took 5.01667ms
Round took 4.982862ms
Round took 5.138356ms
Round took 5.16728ms
Round took 4.999862ms
Round took 5.299989ms
Round took 4.842588ms
Round took 5.212688ms
Round took 5.079615ms
Round took 6.463507ms
Round took 4.085748ms
Round took 4.656648ms
Round took 4.997933ms
Round took 5.064735ms
Round took 5.520551ms
Round took 4.940821ms
Round took 5.249415ms
Round took 5.134422ms
Round took 4.686527ms
Round took 5.253454ms
Round took 5.06654ms
Round took 5.062483ms
Round took 5.388275ms
Round took 4.790759ms
Round took 5.074032ms
Round took 5.116345ms
Round took 5.07528ms
Round took 5.383632ms
Round took 4.795377ms
Round took 6.812464ms
Round took 5.845322ms
Round took 5.380856ms
Round took 4.728657ms
Round took 5.009549ms
Round took 6.288751ms
Round took 6.282753ms
Round took 4.994736ms
Round took 5.320279ms
Round took 4.894752ms
Round took 6.08874ms
Round took 5.228596ms
Round took 4.746883ms
Round took 5.764704ms
Round took 5.679725ms
Round took 6.082232ms
Round took 4.746134ms
Round took 4.867651ms
Round took 5.650554ms
Round took 4.093453ms
Round took 6.441949ms
Round took 3.935056ms
Round took 7.694812ms
Round took 6.599903ms
Round took 5.204655ms
Round took 5.695272ms
Round took 5.469901ms
Round took 4.567123ms
Round took 6.22776ms
Round took 4.797975ms
Round took 4.407916ms
Round took 4.955179ms
Round took 6.246996ms
Round took 4.245278ms
Round took 5.462626ms
Round took 4.473024ms
Round took 5.221258ms
Round took 7.308497ms
Round took 5.079225ms
Round took 5.462895ms
Round took 4.723492ms
Round took 5.078793ms
Round took 5.230776ms
Round took 5.047277ms
Round took 5.13241ms
Round took 5.406602ms
Round took 4.516086ms
Round took 5.143605ms
Round took 5.240748ms
Round took 5.139771ms
Round took 4.984426ms
Round took 5.810218ms
Round took 4.466761ms
Round took 5.178137ms
Round took 5.171271ms
Round took 5.151147ms
Round took 5.23856ms
Round took 4.532394ms
Round took 5.644941ms
Round took 5.354157ms
Round took 5.020884ms
Round took 4.577093ms
Round took 5.616228ms
Round took 5.974457ms
Round took 4.848318ms
Round took 6.359113ms
Round took 3.994928ms
Round took 4.961597ms
Round took 6.824492ms
Round took 6.278046ms
Round took 5.226722ms
Round took 5.050453ms
Round took 6.075513ms
Round took 4.10309ms
Round took 5.793887ms
Round took 4.402488ms
Round took 5.097231ms
Round took 5.506748ms
Round took 4.630536ms
Round took 5.510467ms
Round took 4.850212ms
Round took 5.429244ms
Round took 4.302166ms
Round took 5.539102ms
Round took 5.062041ms
Round took 4.765737ms
Round took 5.078474ms
Round took 5.265325ms
Round took 5.406233ms
Round took 4.737558ms
Round took 4.991473ms
Round took 5.905586ms
Round took 4.57649ms
Round took 5.092904ms
Round took 4.681661ms
Round took 5.31757ms
Round took 5.455207ms
Round took 5.623798ms
Round took 5.36128ms
Round took 4.411959ms
Round took 5.086614ms
Round took 5.191201ms
Round took 5.701459ms
Round took 5.312328ms
Round took 4.990705ms
Round took 7.303016ms
Round took 5.298776ms
Round took 4.727057ms
Round took 3.574281ms
Round took 18.007008ms
Round took 4.990483ms
Round took 5.090067ms
Round took 4.823581ms
Round took 5.897313ms
Round took 6.03686ms
Round took 4.713556ms
Round took 5.722071ms
Round took 3.584482ms
Round took 4.733616ms
Round took 5.782569ms
Round took 5.871003ms
Round took 5.37664ms
Round took 4.393041ms
Round took 3.516634ms
Round took 6.245944ms
Round took 5.028955ms
Round took 5.151712ms
Round took 4.970667ms
Round took 5.423406ms
Round took 4.726341ms
Round took 4.967106ms
Round took 5.068658ms
Round took 5.709514ms
Round took 5.184808ms
Round took 5.564808ms
Round took 5.483453ms
Round took 4.259732ms
Round took 5.125731ms
Round took 5.58556ms
Round took 4.566157ms
Round took 5.39201ms
Round took 5.022459ms
Round took 5.580967ms
Round took 4.413587ms
Round took 5.141455ms
Round took 5.928395ms
Round took 3.79466ms
Round took 5.225003ms
Round took 4.682286ms
Round took 5.087943ms
Round took 6.067807ms
Round took 4.596665ms
Round took 5.381035ms
Round took 4.194489ms
Round took 7.261799ms
Round took 4.549161ms
Round took 4.952176ms
Round took 6.149728ms
Round took 5.061132ms
Round took 4.953223ms
Round took 5.28686ms
Round took 5.042307ms
Round took 5.192115ms
Round took 4.695394ms
Round took 5.092156ms
Round took 5.221152ms
Round took 5.122151ms
Round took 4.972644ms
Round took 5.088725ms
Round took 5.111274ms
Round took 4.920517ms
Round took 5.164039ms
Round took 5.512436ms
Round took 4.903529ms
Round took 4.853805ms
Round took 5.013628ms
Round took 4.918043ms
Round took 5.419228ms
Round took 4.851062ms
Round took 5.23352ms
Round took 5.034803ms
Round took 4.937525ms
Round took 4.929205ms
Round took 5.447036ms
Round took 5.97275ms
Round took 4.508737ms
Round took 5.017125ms
Round took 5.822462ms
Round took 4.954423ms
Round took 4.515422ms
Round took 7.301925ms
Round took 3.829726ms
Round took 5.304373ms
Round took 5.031772ms
Round took 5.718634ms
Round took 4.617218ms
Round took 4.650507ms
Round took 6.095328ms
Round took 4.831281ms
Round took 4.783892ms
Round took 5.648384ms
Round took 4.797466ms
Round took 4.652846ms
Round took 5.157069ms
Round took 5.264769ms
Round took 5.111829ms
Round took 5.016561ms
Round took 4.923708ms
Round took 4.814909ms
Round took 5.425365ms
Round took 5.649042ms
Round took 4.756038ms
Round took 4.829365ms
Round took 4.822164ms
Round took 5.880388ms
Round took 5.077319ms
Round took 5.00642ms
Round took 5.189268ms
Round took 5.100522ms
Round took 5.126739ms
Round took 4.943664ms
Round took 4.930153ms
Round took 5.164059ms
Round took 5.322292ms
Round took 4.728287ms
Round took 5.251155ms
Round took 4.949541ms
Round took 6.702635ms
Round took 4.510114ms
Round took 5.966007ms
Round took 5.126199ms
Round took 4.471303ms
Round took 4.587934ms
Round took 4.922602ms
Round took 6.306755ms
Round took 4.967241ms
Round took 8.092637ms
Round took 5.073967ms
Round took 5.008999ms
Round took 4.769847ms
Round took 5.797496ms
Round took 4.837543ms
Round took 4.921229ms
Round took 5.378492ms
Round took 4.951232ms
Round took 6.071038ms
Round took 4.978685ms
Round took 6.061747ms
Round took 4.582238ms
Round took 5.42096ms
Round took 5.037502ms
Round took 4.998135ms
Round took 4.611365ms
Round took 5.617372ms
Round took 4.726034ms
Round took 6.024059ms
Round took 4.92568ms
Round took 5.092838ms
Round took 5.021454ms
Round took 5.095125ms
Round took 4.860083ms
Round took 6.072197ms
Round took 4.878254ms
Round took 4.910661ms
Round took 6.958916ms
Round took 5.595661ms
Round took 5.027077ms
Round took 5.103712ms
Round took 4.925099ms
Round took 5.23898ms
Round took 5.095107ms
Round took 4.642491ms
Round took 5.063654ms
Round took 5.301728ms
Round took 5.487068ms
Round took 5.105716ms
Round took 5.928771ms
Round took 4.562457ms
Round took 4.881294ms
Round took 5.071154ms
Round took 6.415882ms
Round took 4.706953ms
Round took 5.528735ms
Round took 4.79834ms
Round took 4.951367ms
Round took 5.09433ms
Round took 4.473052ms
Round took 5.340319ms
Round took 5.348111ms
Round took 4.375206ms
Round took 5.470404ms
Round took 5.286393ms
Round took 4.639954ms
Round took 5.212589ms
Round took 5.631908ms
Round took 4.282955ms
Round took 5.273663ms
Round took 4.663564ms
Round took 6.273558ms
Round took 3.884301ms
Round took 5.206071ms
Round took 6.191945ms
Round took 4.440229ms
Round took 5.168319ms
Round took 4.712935ms
Round took 5.419268ms
Round took 4.709574ms
Round took 4.995193ms
Round took 5.67345ms
Round took 5.097558ms
Round took 5.495065ms
Round took 4.098209ms
Round took 5.296796ms
Round took 5.506031ms
Round took 4.546858ms
Round took 5.75951ms
Round took 4.377264ms
Round took 5.409092ms
Round took 5.019022ms
Round took 4.950776ms
Round took 5.750981ms
Round took 4.035276ms
Round took 5.17849ms
Round took 5.081859ms
Round took 5.419329ms
Round took 4.627489ms
Round took 5.243548ms
Round took 6.045226ms
Round took 4.842061ms
Round took 4.909469ms
Round took 5.51368ms
Round took 4.758984ms
Round took 5.062835ms
Round took 5.504481ms
Round took 5.044773ms
Round took 5.178303ms
Round took 4.585483ms
Round took 5.712323ms
Round took 4.824063ms
Round took 4.872769ms
Round took 6.622249ms
Round took 5.779316ms
Round took 5.036907ms
Round took 5.090124ms
Round took 4.960566ms
Round took 6.076046ms
Round took 4.531599ms
Round took 4.872064ms
Round took 5.083293ms
Round took 5.332209ms
Round took 4.714394ms
Round took 5.068492ms
Round took 5.436501ms
Round took 4.938558ms
Round took 5.028385ms
Round took 4.872131ms
Round took 5.023863ms
Round took 5.417059ms
Round took 4.903209ms
Round took 5.303237ms
Round took 5.191559ms
Round took 5.495925ms
Round took 5.090817ms
Round took 5.377213ms
Round took 4.844518ms
Round took 5.005684ms
Round took 5.011962ms
Round took 6.238554ms
Round took 3.759747ms
Round took 5.14972ms
Round took 4.753997ms
Round took 6.635219ms
Round took 5.1854ms
Round took 4.234001ms
Round took 5.811478ms
Round took 4.950142ms
Round took 4.571145ms
Round took 4.986383ms
Round took 6.377439ms
Round took 4.588738ms
Round took 6.241465ms
Round took 3.868337ms
Round took 5.27163ms
Round took 4.957673ms
Round took 5.60133ms
Round took 5.800505ms
Round took 5.943057ms
Round took 5.161544ms
Round took 4.815102ms
Round took 6.494185ms
Round took 4.66355ms
Round took 5.182753ms
Round took 5.816767ms
Round took 4.332933ms
Round took 4.88015ms
Round took 5.647039ms
Round took 4.6587ms
Round took 4.775083ms
Round took 5.20009ms
Round took 5.638333ms
Round took 5.305932ms
Round took 5.640344ms
Round took 4.709863ms
Round took 4.326097ms
Round took 5.10912ms
Round took 4.351128ms
Round took 5.267935ms
Round took 5.035879ms
Round took 5.194075ms
Round took 5.387791ms
Round took 5.295756ms
Round took 5.002767ms
Round took 4.580947ms
Round took 5.376974ms
Round took 5.13615ms
Round took 5.540429ms
Round took 4.761511ms
Round took 5.694886ms
Round took 5.145143ms
Round took 4.451862ms
Round took 4.931155ms
Round took 6.010491ms
Round took 5.138382ms
Round took 4.431665ms
Round took 5.306303ms
Round took 5.593374ms
Round took 4.332292ms
Round took 5.508346ms
Round took 4.552354ms
Round took 5.421447ms
Round took 4.684367ms
Round took 4.979016ms
Round took 5.267654ms
Round took 4.853209ms
Round took 5.081554ms
Round took 5.538477ms
Round took 4.998911ms
Round took 4.809623ms
Round took 4.6696ms
Round took 5.138779ms
Round took 6.203547ms
Round took 3.869758ms
Round took 4.96598ms
Round took 6.085718ms
Round took 4.199174ms
Round took 5.04319ms
Round took 4.934199ms
Round took 6.41486ms
Round took 5.255793ms
Round took 4.904477ms
Round took 5.493099ms
Round took 3.891387ms
Round took 5.172771ms
Round took 4.840877ms
Round took 6.304368ms
Round took 5.035544ms
Round took 4.868659ms
Round took 5.731573ms
Round took 3.479194ms
Round took 5.527201ms
Round took 4.814174ms
Round took 5.707044ms
Round took 5.1882ms
Round took 4.595127ms
Round took 6.387068ms
Round took 3.975608ms
Round took 5.620284ms
Round took 5.420298ms
Round took 4.893715ms
Round took 5.587961ms
Round took 4.351238ms
Round took 6.401417ms
Round took 6.592646ms
Round took 4.790696ms
Round took 5.134292ms
Round took 5.12953ms
Round took 5.390473ms
Round took 5.29595ms
Round took 4.378618ms
Round took 6.582065ms
Round took 4.543417ms
Round took 4.894979ms
Round took 4.904744ms
Round took 5.545514ms
Round took 5.356143ms
Round took 4.358009ms
Round took 5.372694ms
Round took 4.941578ms
Round took 4.902626ms
Round took 5.248223ms
Round took 5.478614ms
Round took 4.707551ms
Round took 5.132698ms
Round took 4.714462ms
Round took 5.878925ms
Round took 5.293999ms
Round took 4.786168ms
Round took 4.623444ms
Round took 5.318864ms
Round took 4.780484ms
Round took 6.817469ms
Round took 4.315437ms
Round took 4.378467ms
Round took 5.150171ms
Round took 5.202482ms
Round took 5.896723ms
Round took 4.871721ms
Round took 4.92626ms
Round took 6.362038ms
Round took 4.11884ms
Round took 5.855877ms
Round took 4.525377ms
Round took 5.103214ms
Round took 4.738669ms
Round took 6.348185ms
Round took 6.298635ms
Round took 5.36357ms
Round took 5.057839ms
Round took 4.818663ms
Round took 5.726968ms
Round took 4.640123ms
Round took 5.299474ms
Round took 4.815681ms
Round took 5.060191ms
Round took 5.90677ms
Round took 4.74989ms
Round took 5.93694ms
Round took 4.4001ms
Round took 5.196846ms
Round took 4.854093ms
Round took 5.55986ms
Round took 5.285752ms
Round took 4.489121ms
Round took 6.638498ms
Round took 3.788345ms
Round took 5.063061ms
Round took 4.718277ms
Round took 5.210403ms
Round took 5.18462ms
Round took 4.980322ms
Round took 5.760165ms
Round took 5.237888ms
Round took 5.039978ms
Round took 5.155052ms
Round took 6.209093ms
Round took 4.459304ms
Round took 4.889316ms
Round took 5.838579ms
Round took 4.071408ms
Round took 4.948076ms
Round took 5.859033ms
Round took 5.755302ms
Round took 6.967274ms
Round took 4.225871ms
Round took 5.10757ms
Round took 5.332628ms
Round took 5.169677ms
Round took 4.847264ms
Round took 5.274048ms
Round took 7.058019ms
Round took 4.410304ms
Round took 4.566972ms
Round took 3.933515ms
Round took 5.269705ms
Round took 6.090453ms
Round took 6.489008ms
Round took 4.772775ms
Round took 6.152897ms
Round took 3.281148ms
Round took 7.022053ms
Round took 4.585458ms
Round took 4.880665ms
Round took 5.447844ms
Round took 4.666732ms
Round took 4.836068ms
Round took 5.16089ms
Round took 5.35931ms
Round took 4.736897ms
Round took 5.118134ms
Round took 6.161816ms
Round took 4.544542ms
Round took 4.604445ms
Round took 4.725287ms
Round took 5.949555ms
Round took 5.138137ms
Round took 5.495963ms
Round took 6.444397ms
Round took 6.892516ms
Round took 4.93767ms
Round took 4.950286ms
Round took 5.713764ms
Round took 4.831181ms
Round took 3.762029ms
Round took 5.289797ms
Round took 5.238403ms
Round took 5.637309ms
Round took 4.437726ms
Round took 6.925768ms
Round took 6.438711ms
Round took 4.262122ms
Round took 4.776239ms
Round took 4.722676ms
Round took 4.757652ms
Round took 3.494521ms
Round took 5.336292ms
Round took 6.526172ms
Round took 4.38956ms
Round took 5.005444ms
Round took 7.539242ms
Round took 6.661551ms
Round took 5.401446ms
Round took 4.680842ms
Round took 5.459726ms
Round took 4.539985ms
Round took 5.083464ms
Round took 6.125174ms
Round took 5.013845ms
Round took 4.97777ms
Round took 5.457983ms
Round took 4.391151ms
Round took 5.210694ms
Round took 5.265841ms
Round took 5.778948ms
Round took 4.304836ms
Round took 5.303239ms
Round took 4.67911ms
Round took 5.133256ms
Round took 5.105567ms
Round took 4.775737ms
Round took 6.272626ms
Round took 4.741962ms
Round took 4.460382ms
Round took 4.375499ms
Round took 6.108108ms
Round took 4.240369ms
Round took 5.381803ms
Round took 5.665143ms
Round took 4.790284ms
Round took 5.062694ms
Round took 4.666722ms
Round took 5.336838ms
Round took 4.894601ms
Round took 5.217775ms
Round took 5.354621ms
Round took 6.020402ms
Round took 4.926245ms
Round took 6.428234ms
Round took 6.643158ms
Round took 5.388019ms
Round took 5.585603ms
Round took 4.537231ms
Round took 8.586138ms
Round took 7.094393ms
Round took 5.68677ms
Round took 4.151201ms
Round took 5.546592ms
Round took 5.170387ms
Round took 6.751503ms
Round took 6.275271ms
Round took 7.586975ms
Round took 4.456212ms
Round took 7.076784ms
Round took 3.662902ms
Test took 5.272743272s
Successful: 10000
