Uniform distribution
2021/04/16 21:40:47 The leader is replica 0
Round took 1.866695ms
Round took 6.758214ms
Round took 3.358054ms
Round took 8.778031ms
Round took 6.931024ms
Round took 6.863074ms
Round took 3.460293ms
Round took 5.002983ms
Round took 4.430828ms
Round took 5.159191ms
Round took 5.040037ms
Round took 4.81876ms
Round took 5.106257ms
Round took 5.026783ms
Round took 5.150753ms
Round took 5.243203ms
Round took 5.104793ms
Round took 5.407637ms
Round took 4.664719ms
Round took 5.212989ms
Round took 5.127735ms
Round took 5.156733ms
Round took 4.733401ms
Round took 5.073226ms
Round took 4.975444ms
Round took 5.046115ms
Round took 5.039578ms
Round took 5.248708ms
Round took 5.771379ms
Round took 4.224213ms
Round took 5.15254ms
Round took 5.343229ms
Round took 4.833732ms
Round took 5.115356ms
Round took 5.053272ms
Round took 5.102653ms
Round took 5.144594ms
Round took 5.084488ms
Round took 6.768885ms
Round took 4.125656ms
Round took 5.137668ms
Round took 5.572285ms
Round took 4.95968ms
Round took 4.625813ms
Round took 5.044979ms
Round took 5.537839ms
Round took 4.562304ms
Round took 5.20956ms
Round took 4.860669ms
Round took 5.327941ms
Round took 6.414024ms
Round took 6.529243ms
Round took 6.027355ms
Round took 6.425157ms
Round took 6.709853ms
Round took 7.022309ms
Round took 6.307446ms
Round took 4.023376ms
Round took 5.62142ms
Round took 5.632506ms
Round took 4.058076ms
Round took 4.813753ms
Round took 4.882861ms
Round took 4.824899ms
Round took 5.547963ms
Round took 5.138303ms
Round took 5.224748ms
Round took 5.567524ms
Round took 5.066553ms
Round took 4.917761ms
Round took 5.27838ms
Round took 5.373818ms
Round took 4.875394ms
Round took 5.24008ms
Round took 5.636615ms
Round took 4.754079ms
Round took 4.56906ms
Round took 4.880842ms
Round took 5.408767ms
Round took 4.948535ms
Round took 5.391548ms
Round took 5.504653ms
Round took 4.336043ms
Round took 5.198398ms
Round took 4.642603ms
Round took 5.879493ms
Round took 4.539913ms
Round took 4.962214ms
Round took 6.636766ms
Round took 6.867914ms
Round took 7.988372ms
Round took 7.204529ms
Round took 3.316041ms
Round took 4.067221ms
Round took 7.004939ms
Round took 6.023015ms
Round took 5.795026ms
Round took 4.575268ms
Round took 5.877428ms
Round took 4.537367ms
Round took 5.192399ms
Round took 4.483802ms
Round took 7.29561ms
Round took 4.732007ms
Round took 5.66236ms
Round took 4.891223ms
Round took 3.612009ms
Round took 3.913756ms
Round took 5.786994ms
Round took 5.934422ms
Round took 5.055855ms
Round took 4.98804ms
Round took 5.199955ms
Round took 4.004551ms
Round took 5.516619ms
Round took 3.978136ms
Round took 5.646595ms
Round took 6.737218ms
Round took 5.96777ms
Round took 5.244423ms
Round took 5.47175ms
Round took 5.171412ms
Round took 4.616107ms
Round took 5.134875ms
Round took 5.252476ms
Round took 4.820008ms
Round took 4.944884ms
Round took 5.175595ms
Round took 5.064039ms
Round took 5.40515ms
Round took 4.544506ms
Round took 5.304766ms
Round took 5.049139ms
Round took 4.966564ms
Round took 5.393936ms
Round took 5.33292ms
Round took 5.163442ms
Round took 4.663972ms
Round took 4.805263ms
Round took 8.052081ms
Round took 5.431626ms
Round took 5.179823ms
Round took 4.697037ms
Round took 4.800037ms
Round took 6.053934ms
Round took 6.526928ms
Round took 5.191095ms
Round took 5.02692ms
Round took 4.789035ms
Round took 5.246355ms
Round took 5.005658ms
Round took 4.854861ms
Round took 5.350576ms
Round took 5.134945ms
Round took 4.88192ms
Round took 5.260136ms
Round took 5.454275ms
Round took 5.159317ms
Round took 4.308065ms
Round took 5.172655ms
Round took 5.797334ms
Round took 5.00911ms
Round took 4.948563ms
Round took 4.742858ms
Round took 6.095986ms
Round took 4.726938ms
Round took 5.121673ms
Round took 5.279276ms
Round took 4.918073ms
Round took 4.932854ms
Round took 5.454585ms
Round took 5.260051ms
Round took 4.612839ms
Round took 5.012604ms
Round took 5.445404ms
Round took 4.942768ms
Round took 5.243215ms
Round took 4.560624ms
Round took 5.870291ms
Round took 5.234514ms
Round took 5.444743ms
Round took 4.994712ms
Round took 5.543079ms
Round took 4.279417ms
Round took 4.536036ms
Round took 5.428821ms
Round took 5.118266ms
Round took 4.718918ms
Round took 5.134653ms
Round took 5.817362ms
Round took 4.879599ms
Round took 6.285487ms
Round took 3.978472ms
Round took 5.835834ms
Round took 6.715908ms
Round took 5.748672ms
Round took 6.301232ms
Round took 4.818199ms
Round took 3.766881ms
Round took 4.078981ms
Round took 5.888357ms
Round took 5.581865ms
Round took 5.030223ms
Round took 5.295845ms
Round took 4.627006ms
Round took 5.292534ms
Round took 4.501383ms
Round took 5.453848ms
Round took 5.080107ms
Round took 4.61447ms
Round took 5.239064ms
Round took 5.0625ms
Round took 5.490579ms
Round took 4.914927ms
Round took 5.420539ms
Round took 5.03089ms
Round took 4.99817ms
Round took 5.362606ms
Round took 5.197538ms
Round took 5.185095ms
Round took 4.401607ms
Round took 5.198684ms
Round took 5.682423ms
Round took 4.613877ms
Round took 5.547293ms
Round took 6.273455ms
Round took 3.815006ms
Round took 5.199723ms
Round took 6.20687ms
Round took 4.595229ms
Round took 4.990807ms
Round took 4.548034ms
Round took 5.586351ms
Round took 5.569461ms
Round took 4.298381ms
Round took 5.032585ms
Round took 5.026045ms
Round took 5.624175ms
Round took 4.724629ms
Round took 5.748768ms
Round took 4.984362ms
Round took 5.292833ms
Round took 5.985956ms
Round took 6.493165ms
Round took 4.868377ms
Round took 4.960178ms
Round took 5.158118ms
Round took 6.00836ms
Round took 4.801568ms
Round took 5.38807ms
Round took 6.187021ms
Round took 4.593664ms
Round took 4.63475ms
Round took 5.740793ms
Round took 4.942414ms
Round took 4.651304ms
Round took 5.84697ms
Round took 4.60484ms
Round took 5.163139ms
Round took 4.73535ms
Round took 5.07137ms
Round took 5.438985ms
Round took 5.544802ms
Round took 4.776869ms
Round took 5.69216ms
Round took 5.094558ms
Round took 4.355807ms
Round took 4.529944ms
Round took 5.546291ms
Round took 5.343923ms
Round took 4.999045ms
Round took 4.906452ms
Round took 5.510873ms
Round took 4.975777ms
Round took 5.092366ms
Round took 5.702756ms
Round took 5.304581ms
Round took 4.439111ms
Round took 6.131627ms
Round took 4.253015ms
Round took 5.197456ms
Round took 6.161664ms
Round took 6.831714ms
Round took 4.256637ms
Round took 5.141258ms
Round took 4.98085ms
Round took 5.455389ms
Round took 4.860505ms
Round took 4.804084ms
Round took 5.396917ms
Round took 5.086392ms
Round took 5.065627ms
Round took 4.96026ms
Round took 5.289943ms
Round took 4.994ms
Round took 5.066985ms
Round took 5.047505ms
Round took 5.166127ms
Round took 5.264915ms
Round took 4.986065ms
Round took 5.064014ms
Round took 4.815369ms
Round took 5.461175ms
Round took 4.746324ms
Round took 5.076295ms
Round took 6.194844ms
Round took 6.324507ms
Round took 6.501579ms
Round took 4.210262ms
Round took 4.166258ms
Round took 5.132736ms
Round took 5.439512ms
Round took 4.70647ms
Round took 5.834491ms
Round took 5.285014ms
Round took 5.311937ms
Round took 4.535746ms
Round took 5.639255ms
Round took 4.510738ms
Round took 5.060026ms
Round took 5.409191ms
Round took 4.862388ms
Round took 5.327904ms
Round took 4.940434ms
Round took 6.848309ms
Round took 4.624081ms
Round took 4.226911ms
Round took 4.76449ms
Round took 6.419766ms
Round took 5.822309ms
Round took 4.9669ms
Round took 5.238035ms
Round took 5.101966ms
Round took 4.692758ms
Round took 5.275033ms
Round took 5.0962ms
Round took 5.018707ms
Round took 5.360827ms
Round took 4.803008ms
Round took 5.109038ms
Round took 5.149436ms
Round took 5.010048ms
Round took 5.384873ms
Round took 4.780977ms
Round took 5.099875ms
Round took 5.191375ms
Round took 4.744372ms
Round took 5.748473ms
Round took 4.817851ms
Round took 4.762285ms
Round took 5.236346ms
Round took 5.400178ms
Round took 4.970748ms
Round took 5.417062ms
Round took 5.142281ms
Round took 5.163102ms
Round took 5.174825ms
Round took 4.788722ms
Round took 5.107532ms
Round took 5.746854ms
Round took 5.143733ms
Round took 5.500397ms
Round took 4.942624ms
Round took 5.163631ms
Round took 4.623917ms
Round took 7.161471ms
Round took 3.975363ms
Round took 7.573177ms
Round took 6.695562ms
Round took 4.755186ms
Round took 4.589665ms
Round took 5.252232ms
Round took 5.002703ms
Round took 5.25621ms
Round took 4.745777ms
Round took 5.1041ms
Round took 5.021555ms
Round took 5.344425ms
Round took 4.756353ms
Round took 6.16531ms
Round took 4.117758ms
Round took 4.930613ms
Round took 5.054562ms
Round took 5.823734ms
Round took 5.004416ms
Round took 5.563826ms
Round took 5.169175ms
Round took 5.124548ms
Round took 5.658402ms
Round took 5.470609ms
Round took 4.832182ms
Round took 5.954526ms
Round took 4.010141ms
Round took 5.663082ms
Round took 4.693607ms
Round took 7.237164ms
Round took 5.645212ms
Round took 4.599901ms
Round took 5.061126ms
Round took 5.247291ms
Round took 5.10358ms
Round took 5.398137ms
Round took 4.525518ms
Round took 5.583706ms
Round took 5.519131ms
Round took 4.964306ms
Round took 4.604767ms
Round took 5.648972ms
Round took 5.752401ms
Round took 4.666686ms
Round took 7.277873ms
Round took 4.27519ms
Round took 5.008988ms
Round took 6.111996ms
Round took 4.333033ms
Round took 5.00485ms
Round took 6.595943ms
Round took 6.088213ms
Round took 4.851321ms
Round took 5.744438ms
Round took 4.465463ms
Round took 5.110511ms
Round took 5.473423ms
Round took 4.57416ms
Round took 5.209535ms
Round took 5.075968ms
Round took 5.428828ms
Round took 4.353749ms
Round took 5.201813ms
Round took 5.334523ms
Round took 4.889192ms
Round took 5.096386ms
Round took 4.689377ms
Round took 6.098126ms
Round took 4.623106ms
Round took 4.96061ms
Round took 6.372302ms
Round took 4.616461ms
Round took 5.066692ms
Round took 4.714035ms
Round took 5.237366ms
Round took 5.442956ms
Round took 5.696153ms
Round took 5.1801ms
Round took 4.487262ms
Round took 5.191881ms
Round took 5.606635ms
Round took 5.403663ms
Round took 6.356266ms
Round took 5.039902ms
Round took 7.742848ms
Round took 5.179648ms
Round took 4.379842ms
Round took 18.624668ms
Round took 4.82117ms
Round took 5.082621ms
Round took 4.948375ms
Round took 5.20694ms
Round took 4.941007ms
Round took 6.337016ms
Round took 4.371634ms
Round took 5.013722ms
Round took 5.008576ms
Round took 5.282457ms
Round took 5.579286ms
Round took 5.403317ms
Round took 5.145155ms
Round took 3.414219ms
Round took 5.690054ms
Round took 5.514028ms
Round took 4.96767ms
Round took 4.966464ms
Round took 4.990162ms
Round took 5.555513ms
Round took 4.796531ms
Round took 5.051972ms
Round took 4.937282ms
Round took 5.009249ms
Round took 5.285485ms
Round took 4.929958ms
Round took 5.007782ms
Round took 5.992657ms
Round took 4.878771ms
Round took 4.884393ms
Round took 5.57519ms
Round took 4.784504ms
Round took 5.041267ms
Round took 5.048311ms
Round took 4.972428ms
Round took 5.260075ms
Round took 4.54832ms
Round took 6.033373ms
Round took 4.6754ms
Round took 4.847033ms
Round took 7.081305ms
Round took 4.471328ms
Round took 5.158914ms
Round took 4.388906ms
Round took 7.02209ms
Round took 4.50441ms
Round took 4.746643ms
Round took 4.769078ms
Round took 4.989289ms
Round took 4.895058ms
Round took 5.130645ms
Round took 6.053951ms
Round took 4.422591ms
Round took 5.621017ms
Round took 4.03609ms
Round took 5.658798ms
Round took 4.201703ms
Round took 5.618876ms
Round took 5.680486ms
Round took 4.893081ms
Round took 4.783749ms
Round took 4.891926ms
Round took 4.810484ms
Round took 5.295632ms
Round took 4.972033ms
Round took 6.076463ms
Round took 3.742167ms
Round took 4.614249ms
Round took 5.501948ms
Round took 5.038414ms
Round took 5.221081ms
Round took 4.947417ms
Round took 4.921658ms
Round took 5.775067ms
Round took 7.636011ms
Round took 4.421706ms
Round took 5.025751ms
Round took 5.431758ms
Round took 4.938409ms
Round took 4.655349ms
Round took 6.083059ms
Round took 4.045759ms
Round took 5.2374ms
Round took 4.858234ms
Round took 5.86387ms
Round took 4.307957ms
Round took 5.001805ms
Round took 5.257882ms
Round took 5.53017ms
Round took 4.835603ms
Round took 5.013201ms
Round took 4.991267ms
Round took 5.174033ms
Round took 5.121316ms
Round took 4.781761ms
Round took 5.692437ms
Round took 4.980898ms
Round took 4.469469ms
Round took 5.254262ms
Round took 5.617567ms
Round took 5.158547ms
Round took 4.555713ms
Round took 5.230643ms
Round took 5.014984ms
Round took 5.388486ms
Round took 4.356145ms
Round took 5.116389ms
Round took 5.009093ms
Round took 5.081636ms
Round took 5.139318ms
Round took 5.126204ms
Round took 5.226002ms
Round took 4.648988ms
Round took 5.108294ms
Round took 5.288578ms
Round took 4.691188ms
Round took 5.317448ms
Round took 4.874839ms
Round took 5.975031ms
Round took 4.396972ms
Round took 5.523034ms
Round took 5.291003ms
Round took 4.518538ms
Round took 4.706543ms
Round took 4.900146ms
Round took 5.354957ms
Round took 4.617508ms
Round took 5.000964ms
Round took 5.030319ms
Round took 5.24785ms
Round took 5.1267ms
Round took 4.878675ms
Round took 5.773716ms
Round took 4.621624ms
Round took 5.000774ms
Round took 5.306093ms
Round took 4.76123ms
Round took 5.829352ms
Round took 4.834994ms
Round took 5.582783ms
Round took 4.791496ms
Round took 5.101786ms
Round took 4.45876ms
Round took 5.590892ms
Round took 4.787282ms
Round took 5.34081ms
Round took 4.889699ms
Round took 6.497327ms
Round took 4.77019ms
Round took 4.659659ms
Round took 5.561073ms
Round took 5.117495ms
Round took 4.811891ms
Round took 5.529181ms
Round took 5.328326ms
Round took 4.571846ms
Round took 5.750917ms
Round took 4.040153ms
Round took 5.777091ms
Round took 5.263006ms
Round took 5.882768ms
Round took 5.067552ms
Round took 4.526348ms
Round took 5.574035ms
Round took 4.522449ms
Round took 4.544933ms
Round took 5.488121ms
Round took 7.674922ms
Round took 5.727658ms
Round took 4.558318ms
Round took 4.935191ms
Round took 4.986326ms
Round took 7.290521ms
Round took 4.749769ms
Round took 6.468755ms
Round took 4.216831ms
Round took 5.061549ms
Round took 6.012463ms
Round took 3.902478ms
Round took 5.2756ms
Round took 5.358197ms
Round took 4.905718ms
Round took 4.955863ms
Round took 5.2446ms
Round took 4.622913ms
Round took 5.835913ms
Round took 4.800248ms
Round took 4.370616ms
Round took 5.649956ms
Round took 4.063776ms
Round took 6.102445ms
Round took 3.872696ms
Round took 5.151036ms
Round took 6.214514ms
Round took 4.412752ms
Round took 5.214883ms
Round took 4.672875ms
Round took 5.260489ms
Round took 4.794111ms
Round took 4.976692ms
Round took 6.52091ms
Round took 4.168102ms
Round took 5.832231ms
Round took 4.012199ms
Round took 5.187704ms
Round took 5.317471ms
Round took 4.602682ms
Round took 5.756019ms
Round took 4.587225ms
Round took 5.268637ms
Round took 5.246361ms
Round took 4.799189ms
Round took 5.140164ms
Round took 4.128397ms
Round took 5.210645ms
Round took 5.037345ms
Round took 5.377102ms
Round took 4.670321ms
Round took 6.959205ms
Round took 6.215364ms
Round took 4.896009ms
Round took 5.203902ms
Round took 4.921893ms
Round took 5.067159ms
Round took 5.19311ms
Round took 5.206347ms
Round took 5.490292ms
Round took 5.971417ms
Round took 4.342089ms
Round took 4.955652ms
Round took 5.823598ms
Round took 4.845084ms
Round took 4.874702ms
Round took 5.728591ms
Round took 4.594895ms
Round took 5.030517ms
Round took 4.952602ms
Round took 6.076545ms
Round took 4.59066ms
Round took 4.863448ms
Round took 5.020072ms
Round took 5.048538ms
Round took 4.698871ms
Round took 5.047627ms
Round took 6.342876ms
Round took 4.212811ms
Round took 4.983693ms
Round took 4.683266ms
Round took 5.116503ms
Round took 5.208771ms
Round took 4.938729ms
Round took 5.970671ms
Round took 4.621592ms
Round took 4.787849ms
Round took 5.091362ms
Round took 5.336009ms
Round took 4.834863ms
Round took 5.274586ms
Round took 5.552459ms
Round took 5.354151ms
Round took 4.270225ms
Round took 6.118796ms
Round took 7.009555ms
Round took 5.040942ms
Round took 4.202147ms
Round took 5.153378ms
Round took 6.627914ms
Round took 4.168824ms
Round took 4.928976ms
Round took 5.519525ms
Round took 4.71518ms
Round took 5.341268ms
Round took 4.779242ms
Round took 5.404851ms
Round took 4.878814ms
Round took 5.023615ms
Round took 6.030561ms
Round took 4.084957ms
Round took 5.050347ms
Round took 5.054231ms
Round took 4.73754ms
Round took 5.973672ms
Round took 4.525136ms
Round took 5.201864ms
Round took 5.778753ms
Round took 4.310035ms
Round took 4.91818ms
Round took 5.302581ms
Round took 4.943187ms
Round took 4.813629ms
Round took 5.097449ms
Round took 5.465813ms
Round took 5.348905ms
Round took 5.643564ms
Round took 4.519632ms
Round took 4.630983ms
Round took 5.136584ms
Round took 4.277813ms
Round took 5.219512ms
Round took 5.075858ms
Round took 5.075262ms
Round took 5.214641ms
Round took 4.906808ms
Round took 5.344135ms
Round took 4.661686ms
Round took 5.528924ms
Round took 4.603748ms
Round took 6.320846ms
Round took 4.49852ms
Round took 4.963923ms
Round took 5.803657ms
Round took 4.443027ms
Round took 5.007478ms
Round took 5.523928ms
Round took 4.759191ms
Round took 4.740134ms
Round took 5.022844ms
Round took 6.025196ms
Round took 4.351722ms
Round took 5.594289ms
Round took 4.614851ms
Round took 5.600104ms
Round took 4.720868ms
Round took 4.905793ms
Round took 5.317315ms
Round took 5.043172ms
Round took 5.033119ms
Round took 5.316535ms
Round took 5.364758ms
Round took 4.626849ms
Round took 4.627039ms
Round took 5.124271ms
Round took 6.662435ms
Round took 4.237344ms
Round took 4.952393ms
Round took 5.985135ms
Round took 4.325526ms
Round took 5.04832ms
Round took 4.808842ms
Round took 6.974755ms
Round took 4.669262ms
Round took 5.084093ms
Round took 4.656275ms
Round took 3.503831ms
Round took 5.368453ms
Round took 4.423725ms
Round took 5.726638ms
Round took 5.514651ms
Round took 4.808048ms
Round took 4.740519ms
Round took 4.447916ms
Round took 5.53679ms
Round took 4.7874ms
Round took 5.163572ms
Round took 5.540978ms
Round took 4.658215ms
Round took 5.301519ms
Round took 4.453622ms
Round took 5.765348ms
Round took 4.990608ms
Round took 5.270285ms
Round took 5.384334ms
Round took 4.3959ms
Round took 5.253745ms
Round took 5.815158ms
Round took 5.411548ms
Round took 4.423644ms
Round took 5.364382ms
Round took 5.481584ms
Round took 4.601812ms
Round took 5.365765ms
Round took 4.215424ms
Round took 6.160486ms
Round took 4.498694ms
Round took 4.898932ms
Round took 5.847746ms
Round took 4.406245ms
Round took 5.407239ms
Round took 4.299622ms
Round took 5.844831ms
Round took 4.59922ms
Round took 5.140499ms
Round took 5.825458ms
Round took 4.954897ms
Round took 4.863861ms
Round took 5.279134ms
Round took 4.90016ms
Round took 5.465368ms
Round took 5.358137ms
Round took 5.579693ms
Round took 3.684228ms
Round took 5.53135ms
Round took 4.757634ms
Round took 6.470764ms
Round took 4.562739ms
Round took 4.271199ms
Round took 5.980779ms
Round took 4.491723ms
Round took 4.792616ms
Round took 4.854975ms
Round took 4.970807ms
Round took 6.038145ms
Round took 3.718678ms
Round took 5.17708ms
Round took 5.095681ms
Round took 4.939854ms
Round took 4.87742ms
Round took 6.122944ms
Round took 4.180067ms
Round took 5.526906ms
Round took 5.005861ms
Round took 5.81597ms
Round took 4.117912ms
Round took 5.420128ms
Round took 4.407355ms
Round took 5.696039ms
Round took 6.599677ms
Round took 6.123233ms
Round took 4.786356ms
Round took 5.260975ms
Round took 4.799731ms
Round took 5.326258ms
Round took 4.932429ms
Round took 5.543467ms
Round took 4.919009ms
Round took 4.589114ms
Round took 5.183967ms
Round took 5.216254ms
Round took 4.863498ms
Round took 4.879327ms
Round took 5.221035ms
Round took 5.034605ms
Round took 4.990323ms
Round took 5.314444ms
Round took 5.015271ms
Round took 5.12103ms
Round took 5.710761ms
Round took 4.900681ms
Round took 5.651034ms
Round took 4.825479ms
Round took 4.908774ms
Round took 4.837833ms
Round took 5.065507ms
Round took 5.429798ms
Round took 4.901274ms
Round took 5.750545ms
Round took 5.338595ms
Round took 4.580019ms
Round took 5.408969ms
Round took 5.280022ms
Round took 5.216195ms
Round took 5.227573ms
Round took 6.486223ms
Round took 5.662822ms
Round took 4.539779ms
Round took 4.552433ms
Round took 3.718339ms
Round took 5.227678ms
Round took 5.290701ms
Round took 6.05366ms
Round took 4.98033ms
Round took 6.815023ms
Round took 6.471018ms
Round took 4.762781ms
Round took 4.928162ms
Round took 5.077384ms
Round took 5.165664ms
Round took 4.957344ms
Round took 5.127202ms
Round took 4.969469ms
Round took 5.215413ms
Round took 5.024095ms
Round took 5.044839ms
Round took 5.489951ms
Round took 5.030104ms
Round took 4.805784ms
Round took 5.494248ms
Round took 5.000758ms
Round took 5.046352ms
Round took 5.139972ms
Round took 5.350034ms
Round took 6.090876ms
Round took 5.082155ms
Round took 5.076423ms
Round took 5.220228ms
Round took 4.916108ms
Round took 3.80335ms
Round took 5.2853ms
Round took 5.527124ms
Round took 5.405728ms
Round took 4.51889ms
Round took 7.160326ms
Round took 6.093805ms
Round took 4.512297ms
Round took 4.708206ms
Round took 4.698172ms
Round took 4.558692ms
Round took 3.518253ms
Round took 5.709674ms
Round took 5.801197ms
Round took 4.469676ms
Round took 4.951777ms
Round took 7.206867ms
Round took 6.7014ms
Round took 5.372063ms
Round took 4.663226ms
Round took 5.577258ms
Round took 4.459101ms
Round took 5.094867ms
Round took 5.572468ms
Round took 4.969438ms
Round took 5.057923ms
Round took 4.845976ms
Round took 4.980959ms
Round took 5.148391ms
Round took 5.12218ms
Round took 5.81231ms
Round took 4.156063ms
Round took 5.482662ms
Round took 4.848112ms
Round took 5.194715ms
Round took 5.06892ms
Round took 4.741711ms
Round took 5.053291ms
Round took 5.363245ms
Round took 4.857218ms
Round took 4.608064ms
Round took 6.014602ms
Round took 4.350233ms
Round took 5.319097ms
Round took 4.955291ms
Round took 5.142028ms
Round took 5.358717ms
Round took 4.606667ms
Round took 5.364893ms
Round took 5.149527ms
Round took 4.996062ms
Round took 5.034428ms
Round took 5.122427ms
Round took 5.017988ms
Round took 5.269614ms
Round took 5.441567ms
Round took 5.412724ms
Round took 4.934156ms
Round took 5.390504ms
Round took 4.387568ms
Test took 5.209678381s
Successful: 10000
