Uniform distribution
2021/04/16 21:40:47 The leader is replica 0
Round took 5.135589ms
Round took 1.834438ms
Round took 6.934457ms
Round took 5.722979ms
Round took 6.585022ms
Round took 6.912195ms
Round took 6.81369ms
Round took 3.39917ms
Round took 4.86745ms
Round took 4.705677ms
Round took 5.03205ms
Round took 5.040935ms
Round took 5.037736ms
Round took 5.052201ms
Round took 5.104664ms
Round took 5.118483ms
Round took 5.26768ms
Round took 5.044115ms
Round took 5.176564ms
Round took 4.471138ms
Round took 5.140402ms
Round took 5.169285ms
Round took 5.319068ms
Round took 4.596984ms
Round took 5.083496ms
Round took 4.934508ms
Round took 5.127632ms
Round took 5.06905ms
Round took 5.26286ms
Round took 5.814516ms
Round took 4.374163ms
Round took 5.164334ms
Round took 5.377415ms
Round took 4.80763ms
Round took 5.11127ms
Round took 5.007791ms
Round took 5.112994ms
Round took 5.089922ms
Round took 5.165251ms
Round took 6.95659ms
Round took 4.041426ms
Round took 5.119987ms
Round took 5.531514ms
Round took 5.177288ms
Round took 4.413023ms
Round took 5.203153ms
Round took 5.504479ms
Round took 4.478532ms
Round took 5.239127ms
Round took 4.808929ms
Round took 5.914425ms
Round took 5.792864ms
Round took 6.700025ms
Round took 5.803149ms
Round took 6.564835ms
Round took 7.098557ms
Round took 8.657442ms
Round took 3.953608ms
Round took 4.034238ms
Round took 5.836671ms
Round took 5.126308ms
Round took 3.949705ms
Round took 4.79358ms
Round took 4.81493ms
Round took 4.841112ms
Round took 4.858892ms
Round took 5.219384ms
Round took 5.046343ms
Round took 5.638378ms
Round took 5.0534ms
Round took 4.938821ms
Round took 5.383537ms
Round took 6.083991ms
Round took 4.771336ms
Round took 5.210672ms
Round took 5.671263ms
Round took 4.71183ms
Round took 4.503765ms
Round took 4.89989ms
Round took 5.408646ms
Round took 4.880808ms
Round took 5.184217ms
Round took 5.736349ms
Round took 4.407421ms
Round took 5.158004ms
Round took 4.686255ms
Round took 7.212167ms
Round took 4.264132ms
Round took 5.461438ms
Round took 7.692693ms
Round took 7.314696ms
Round took 7.547947ms
Round took 6.356499ms
Round took 3.984309ms
Round took 6.02825ms
Round took 6.147161ms
Round took 6.56932ms
Round took 4.300786ms
Round took 5.648423ms
Round took 5.064189ms
Round took 7.08851ms
Round took 4.407882ms
Round took 7.028769ms
Round took 4.962885ms
Round took 5.610248ms
Round took 4.823829ms
Round took 3.62672ms
Round took 3.901109ms
Round took 5.738385ms
Round took 6.160773ms
Round took 5.05064ms
Round took 4.936097ms
Round took 5.250176ms
Round took 4.445449ms
Round took 6.099949ms
Round took 4.367615ms
Round took 7.226991ms
Round took 7.038019ms
Round took 4.784818ms
Round took 4.350579ms
Round took 5.441656ms
Round took 5.143384ms
Round took 4.767942ms
Round took 5.082256ms
Round took 5.273788ms
Round took 4.855821ms
Round took 4.857863ms
Round took 5.201685ms
Round took 6.563903ms
Round took 5.097742ms
Round took 4.904843ms
Round took 5.010102ms
Round took 4.760039ms
Round took 4.917178ms
Round took 7.070169ms
Round took 4.20064ms
Round took 5.130568ms
Round took 5.397746ms
Round took 6.874177ms
Round took 5.249024ms
Round took 5.19478ms
Round took 4.801866ms
Round took 5.153234ms
Round took 5.052784ms
Round took 5.041312ms
Round took 5.651101ms
Round took 5.191223ms
Round took 5.032231ms
Round took 4.830595ms
Round took 5.26074ms
Round took 5.080023ms
Round took 4.758227ms
Round took 5.339969ms
Round took 5.714786ms
Round took 4.601292ms
Round took 5.271708ms
Round took 6.299023ms
Round took 4.366935ms
Round took 4.26105ms
Round took 5.158187ms
Round took 5.82184ms
Round took 5.011291ms
Round took 5.12089ms
Round took 4.965208ms
Round took 5.312541ms
Round took 5.047082ms
Round took 5.581674ms
Round took 4.852436ms
Round took 5.012049ms
Round took 4.866128ms
Round took 6.372993ms
Round took 5.198361ms
Round took 4.493507ms
Round took 6.18702ms
Round took 4.367855ms
Round took 4.919516ms
Round took 7.163441ms
Round took 5.41736ms
Round took 5.477318ms
Round took 5.172362ms
Round took 4.716183ms
Round took 6.038793ms
Round took 4.416688ms
Round took 4.624745ms
Round took 5.354068ms
Round took 5.739215ms
Round took 4.653054ms
Round took 4.896237ms
Round took 6.064557ms
Round took 6.059504ms
Round took 6.118347ms
Round took 6.098288ms
Round took 5.234444ms
Round took 6.788288ms
Round took 5.662702ms
Round took 5.062885ms
Round took 4.893155ms
Round took 3.767872ms
Round took 4.042239ms
Round took 5.873959ms
Round took 5.514843ms
Round took 5.106515ms
Round took 5.714045ms
Round took 3.998559ms
Round took 5.384764ms
Round took 4.451011ms
Round took 5.426797ms
Round took 5.065867ms
Round took 4.580059ms
Round took 5.264016ms
Round took 5.094869ms
Round took 5.472259ms
Round took 4.99011ms
Round took 5.384793ms
Round took 5.10604ms
Round took 4.926952ms
Round took 5.492403ms
Round took 5.129913ms
Round took 5.254596ms
Round took 4.384888ms
Round took 5.208315ms
Round took 5.627353ms
Round took 4.560933ms
Round took 5.51855ms
Round took 6.446763ms
Round took 4.472112ms
Round took 5.569252ms
Round took 5.057666ms
Round took 5.007094ms
Round took 4.933477ms
Round took 4.611269ms
Round took 5.476082ms
Round took 5.50701ms
Round took 4.330036ms
Round took 5.05433ms
Round took 4.981483ms
Round took 5.390078ms
Round took 5.398192ms
Round took 5.279516ms
Round took 4.998192ms
Round took 6.313234ms
Round took 5.081123ms
Round took 6.304597ms
Round took 4.837875ms
Round took 4.938982ms
Round took 5.092968ms
Round took 5.713778ms
Round took 4.451439ms
Round took 5.362292ms
Round took 5.167197ms
Round took 5.108791ms
Round took 4.738737ms
Round took 5.754077ms
Round took 5.551276ms
Round took 4.527773ms
Round took 5.848784ms
Round took 4.552307ms
Round took 5.179261ms
Round took 4.698216ms
Round took 4.816742ms
Round took 5.769444ms
Round took 5.501249ms
Round took 4.721437ms
Round took 5.691065ms
Round took 5.394053ms
Round took 4.468178ms
Round took 4.554975ms
Round took 5.542069ms
Round took 5.289419ms
Round took 4.993469ms
Round took 4.869807ms
Round took 5.463939ms
Round took 4.988873ms
Round took 4.785766ms
Round took 5.832803ms
Round took 4.8288ms
Round took 4.472467ms
Round took 5.694631ms
Round took 4.780474ms
Round took 5.122393ms
Round took 5.079267ms
Round took 5.018096ms
Round took 6.16834ms
Round took 4.150891ms
Round took 5.630137ms
Round took 4.617881ms
Round took 5.183609ms
Round took 4.802517ms
Round took 5.0081ms
Round took 5.767863ms
Round took 4.585566ms
Round took 5.76782ms
Round took 3.856587ms
Round took 5.558445ms
Round took 4.71285ms
Round took 5.368485ms
Round took 5.536939ms
Round took 4.419054ms
Round took 5.202867ms
Round took 4.98651ms
Round took 5.291641ms
Round took 4.546495ms
Round took 5.436141ms
Round took 6.168541ms
Round took 7.313408ms
Round took 5.779393ms
Round took 5.321967ms
Round took 4.83604ms
Round took 4.088243ms
Round took 4.920216ms
Round took 5.690052ms
Round took 5.739571ms
Round took 5.031073ms
Round took 5.117564ms
Round took 5.600066ms
Round took 4.489894ms
Round took 4.972471ms
Round took 5.290868ms
Round took 5.041723ms
Round took 5.000005ms
Round took 5.333157ms
Round took 5.245237ms
Round took 4.817814ms
Round took 6.523091ms
Round took 4.926705ms
Round took 4.130503ms
Round took 4.616463ms
Round took 4.956274ms
Round took 5.738982ms
Round took 4.740884ms
Round took 4.984867ms
Round took 5.401145ms
Round took 4.937785ms
Round took 4.704283ms
Round took 5.215804ms
Round took 6.212325ms
Round took 4.656824ms
Round took 5.403884ms
Round took 4.600884ms
Round took 5.238355ms
Round took 4.719264ms
Round took 5.058045ms
Round took 6.123042ms
Round took 4.230986ms
Round took 5.123091ms
Round took 5.835327ms
Round took 5.19992ms
Round took 4.556225ms
Round took 4.990785ms
Round took 4.968042ms
Round took 5.093574ms
Round took 5.258512ms
Round took 4.878585ms
Round took 6.731487ms
Round took 6.018339ms
Round took 5.18065ms
Round took 4.879271ms
Round took 5.147402ms
Round took 5.57751ms
Round took 5.021371ms
Round took 5.209248ms
Round took 5.467506ms
Round took 4.953063ms
Round took 4.716026ms
Round took 5.252385ms
Round took 5.385158ms
Round took 5.425667ms
Round took 4.740035ms
Round took 6.183402ms
Round took 4.371757ms
Round took 4.488186ms
Round took 4.943814ms
Round took 5.30262ms
Round took 5.155448ms
Round took 4.776244ms
Round took 5.080554ms
Round took 4.975164ms
Round took 5.326457ms
Round took 4.711147ms
Round took 6.332556ms
Round took 3.913751ms
Round took 4.91762ms
Round took 4.980227ms
Round took 5.910578ms
Round took 4.821544ms
Round took 5.345218ms
Round took 4.859148ms
Round took 4.734916ms
Round took 5.243905ms
Round took 5.007038ms
Round took 5.109897ms
Round took 5.191789ms
Round took 4.588787ms
Round took 5.093455ms
Round took 5.136187ms
Round took 5.120237ms
Round took 4.985533ms
Round took 5.782168ms
Round took 4.929017ms
Round took 4.719577ms
Round took 5.20199ms
Round took 5.102954ms
Round took 5.38213ms
Round took 4.413856ms
Round took 5.757899ms
Round took 5.043995ms
Round took 4.991365ms
Round took 4.5832ms
Round took 5.68002ms
Round took 5.453326ms
Round took 4.431287ms
Round took 5.999771ms
Round took 4.721621ms
Round took 4.984463ms
Round took 5.245155ms
Round took 5.087739ms
Round took 4.934305ms
Round took 5.185246ms
Round took 5.249412ms
Round took 6.257728ms
Round took 3.673312ms
Round took 6.274782ms
Round took 4.087604ms
Round took 4.934735ms
Round took 5.512736ms
Round took 4.629226ms
Round took 5.703593ms
Round took 4.695991ms
Round took 5.463269ms
Round took 4.223104ms
Round took 5.574454ms
Round took 5.016263ms
Round took 4.920672ms
Round took 6.042695ms
Round took 4.267649ms
Round took 4.841256ms
Round took 5.009396ms
Round took 4.937684ms
Round took 5.160179ms
Round took 4.665512ms
Round took 5.092696ms
Round took 4.72979ms
Round took 5.320984ms
Round took 5.479908ms
Round took 5.648974ms
Round took 5.246647ms
Round took 4.485031ms
Round took 5.064333ms
Round took 5.726745ms
Round took 5.334271ms
Round took 6.377328ms
Round took 5.178236ms
Round took 7.659326ms
Round took 5.211412ms
Round took 4.38111ms
Round took 19.158137ms
Round took 5.135021ms
Round took 5.462251ms
Round took 4.662144ms
Round took 5.442678ms
Round took 6.052775ms
Round took 5.064692ms
Round took 5.168694ms
Round took 4.181353ms
Round took 5.066806ms
Round took 5.347242ms
Round took 5.702686ms
Round took 5.261759ms
Round took 4.824079ms
Round took 3.399842ms
Round took 5.769029ms
Round took 5.580969ms
Round took 4.898841ms
Round took 4.925342ms
Round took 5.278105ms
Round took 5.18209ms
Round took 4.866004ms
Round took 4.946896ms
Round took 4.968345ms
Round took 4.765968ms
Round took 5.354055ms
Round took 4.851532ms
Round took 5.043755ms
Round took 5.730938ms
Round took 4.608894ms
Round took 4.859862ms
Round took 5.495494ms
Round took 4.818339ms
Round took 5.053512ms
Round took 4.994223ms
Round took 5.031394ms
Round took 5.296162ms
Round took 4.54583ms
Round took 5.864068ms
Round took 4.594563ms
Round took 4.749492ms
Round took 6.016458ms
Round took 5.031776ms
Round took 5.288241ms
Round took 4.485154ms
Round took 6.668276ms
Round took 4.878262ms
Round took 4.315925ms
Round took 4.484814ms
Round took 5.533345ms
Round took 4.837455ms
Round took 4.910685ms
Round took 6.011473ms
Round took 4.401313ms
Round took 5.193823ms
Round took 4.360377ms
Round took 5.354528ms
Round took 5.887867ms
Round took 5.5778ms
Round took 5.681499ms
Round took 4.901823ms
Round took 4.787932ms
Round took 4.913929ms
Round took 4.822434ms
Round took 5.341896ms
Round took 4.94163ms
Round took 6.010876ms
Round took 3.839384ms
Round took 4.904685ms
Round took 5.987815ms
Round took 4.586006ms
Round took 5.132107ms
Round took 4.994712ms
Round took 5.875716ms
Round took 4.663743ms
Round took 7.424173ms
Round took 4.498554ms
Round took 5.080995ms
Round took 5.36346ms
Round took 4.933911ms
Round took 4.741039ms
Round took 6.049834ms
Round took 4.110123ms
Round took 5.210236ms
Round took 4.913921ms
Round took 6.159456ms
Round took 4.286286ms
Round took 6.227955ms
Round took 5.522296ms
Round took 5.087832ms
Round took 4.891452ms
Round took 4.984482ms
Round took 6.002939ms
Round took 4.580105ms
Round took 5.235977ms
Round took 5.246074ms
Round took 5.302053ms
Round took 4.987787ms
Round took 4.410212ms
Round took 5.324766ms
Round took 5.453749ms
Round took 5.111926ms
Round took 5.298342ms
Round took 4.845884ms
Round took 4.756265ms
Round took 5.874757ms
Round took 4.091189ms
Round took 5.497188ms
Round took 5.044738ms
Round took 5.175099ms
Round took 6.337321ms
Round took 5.924644ms
Round took 4.964604ms
Round took 5.151784ms
Round took 5.316451ms
Round took 4.75442ms
Round took 5.27156ms
Round took 4.940987ms
Round took 6.669687ms
Round took 4.418788ms
Round took 5.808604ms
Round took 5.107856ms
Round took 4.540435ms
Round took 4.64774ms
Round took 4.968508ms
Round took 6.340819ms
Round took 5.073173ms
Round took 5.656481ms
Round took 5.402331ms
Round took 5.017805ms
Round took 6.766447ms
Round took 5.950671ms
Round took 4.792543ms
Round took 4.967905ms
Round took 5.133074ms
Round took 4.971516ms
Round took 5.079727ms
Round took 5.462012ms
Round took 5.328449ms
Round took 4.793044ms
Round took 5.185389ms
Round took 4.640132ms
Round took 5.352158ms
Round took 5.052636ms
Round took 5.383782ms
Round took 4.856168ms
Round took 7.058257ms
Round took 4.620941ms
Round took 4.612228ms
Round took 5.594112ms
Round took 5.103015ms
Round took 4.601128ms
Round took 5.506368ms
Round took 5.621556ms
Round took 4.237618ms
Round took 5.282786ms
Round took 4.583964ms
Round took 5.789183ms
Round took 5.228392ms
Round took 5.342465ms
Round took 5.19121ms
Round took 4.528041ms
Round took 5.102069ms
Round took 5.057963ms
Round took 5.034428ms
Round took 5.265953ms
Round took 4.886899ms
Round took 5.602274ms
Round took 5.386894ms
Round took 4.56519ms
Round took 5.293339ms
Round took 4.812674ms
Round took 5.673196ms
Round took 5.413215ms
Round took 5.464209ms
Round took 4.291748ms
Round took 5.013843ms
Round took 5.845481ms
Round took 3.847433ms
Round took 5.276587ms
Round took 5.332381ms
Round took 4.888795ms
Round took 5.023302ms
Round took 5.254052ms
Round took 4.695315ms
Round took 6.04984ms
Round took 4.881193ms
Round took 4.392162ms
Round took 5.636953ms
Round took 4.13134ms
Round took 6.04869ms
Round took 3.873601ms
Round took 5.470357ms
Round took 6.024326ms
Round took 4.388871ms
Round took 5.666082ms
Round took 4.179898ms
Round took 5.253884ms
Round took 4.949ms
Round took 4.981537ms
Round took 6.461099ms
Round took 6.879897ms
Round took 4.193209ms
Round took 5.034392ms
Round took 5.80551ms
Round took 4.55685ms
Round took 5.439138ms
Round took 4.718627ms
Round took 5.363903ms
Round took 4.969343ms
Round took 4.974308ms
Round took 4.98658ms
Round took 5.01795ms
Round took 5.279992ms
Round took 5.021807ms
Round took 5.588029ms
Round took 4.696318ms
Round took 5.329996ms
Round took 4.652564ms
Round took 5.52626ms
Round took 4.959114ms
Round took 5.306997ms
Round took 4.972327ms
Round took 5.358358ms
Round took 4.811852ms
Round took 5.276828ms
Round took 5.395052ms
Round took 4.874447ms
Round took 4.583209ms
Round took 4.948358ms
Round took 5.069007ms
Round took 5.427295ms
Round took 4.931296ms
Round took 5.755655ms
Round took 4.642455ms
Round took 5.050367ms
Round took 4.941042ms
Round took 6.105336ms
Round took 4.596892ms
Round took 4.814769ms
Round took 4.984783ms
Round took 5.14806ms
Round took 4.642064ms
Round took 5.082144ms
Round took 6.281899ms
Round took 4.201426ms
Round took 5.022095ms
Round took 4.742949ms
Round took 5.046725ms
Round took 4.99732ms
Round took 4.95514ms
Round took 5.927561ms
Round took 4.966504ms
Round took 4.732013ms
Round took 4.930172ms
Round took 5.351463ms
Round took 4.70563ms
Round took 5.028245ms
Round took 4.958113ms
Round took 6.567363ms
Round took 4.171853ms
Round took 5.103048ms
Round took 4.657983ms
Round took 6.64974ms
Round took 5.280503ms
Round took 4.667573ms
Round took 5.357586ms
Round took 4.929016ms
Round took 4.610005ms
Round took 4.944877ms
Round took 5.932389ms
Round took 4.122542ms
Round took 5.323689ms
Round took 4.958097ms
Round took 5.269134ms
Round took 4.918479ms
Round took 5.402093ms
Round took 5.856148ms
Round took 3.988792ms
Round took 5.139839ms
Round took 5.016119ms
Round took 6.288907ms
Round took 4.366545ms
Round took 5.283358ms
Round took 5.449951ms
Round took 5.531099ms
Round took 4.278313ms
Round took 4.748139ms
Round took 5.414675ms
Round took 4.726886ms
Round took 5.062952ms
Round took 5.945423ms
Round took 6.007686ms
Round took 5.521997ms
Round took 4.701728ms
Round took 4.787249ms
Round took 4.271655ms
Round took 4.694161ms
Round took 4.668231ms
Round took 4.986937ms
Round took 4.814289ms
Round took 5.113281ms
Round took 5.793801ms
Round took 5.054204ms
Round took 5.101155ms
Round took 5.051904ms
Round took 5.128805ms
Round took 4.567679ms
Round took 4.863834ms
Round took 5.381739ms
Round took 5.4437ms
Round took 5.230931ms
Round took 4.363983ms
Round took 5.422376ms
Round took 5.217133ms
Round took 5.329384ms
Round took 4.931037ms
Round took 5.172553ms
Round took 5.211671ms
Round took 4.286203ms
Round took 5.979773ms
Round took 3.993797ms
Round took 5.720266ms
Round took 5.023012ms
Round took 5.200845ms
Round took 4.770265ms
Round took 4.814006ms
Round took 5.649139ms
Round took 5.053895ms
Round took 4.902287ms
Round took 4.727139ms
Round took 5.228588ms
Round took 4.475626ms
Round took 5.618492ms
Round took 4.408848ms
Round took 5.4023ms
Round took 5.502336ms
Round took 4.241035ms
Round took 5.107458ms
Round took 4.787941ms
Round took 7.93836ms
Round took 4.292001ms
Round took 4.962997ms
Round took 4.439086ms
Round took 3.845214ms
Round took 5.302318ms
Round took 5.157299ms
Round took 6.340229ms
Round took 4.782628ms
Round took 5.498584ms
Round took 4.484893ms
Round took 3.481312ms
Round took 5.503548ms
Round took 4.807165ms
Round took 5.628794ms
Round took 5.091504ms
Round took 4.615073ms
Round took 6.486994ms
Round took 3.666711ms
Round took 5.460915ms
Round took 4.958105ms
Round took 5.616301ms
Round took 5.373212ms
Round took 4.222343ms
Round took 5.808936ms
Round took 5.79659ms
Round took 4.381482ms
Round took 4.619593ms
Round took 5.910704ms
Round took 5.27019ms
Round took 4.559455ms
Round took 5.883381ms
Round took 6.427493ms
Round took 5.035729ms
Round took 4.926455ms
Round took 4.931187ms
Round took 5.123175ms
Round took 5.903444ms
Round took 4.329179ms
Round took 5.150389ms
Round took 5.094206ms
Round took 5.00578ms
Round took 4.986284ms
Round took 5.237935ms
Round took 5.010445ms
Round took 5.171857ms
Round took 4.842014ms
Round took 5.003844ms
Round took 6.093677ms
Round took 4.760141ms
Round took 4.815884ms
Round took 5.458103ms
Round took 4.841681ms
Round took 5.561172ms
Round took 5.3678ms
Round took 4.785687ms
Round took 5.152311ms
Round took 5.021926ms
Round took 5.003544ms
Round took 5.627854ms
Round took 4.692706ms
Round took 5.762766ms
Round took 4.515256ms
Round took 5.055721ms
Round took 4.871567ms
Round took 5.440867ms
Round took 4.843635ms
Round took 5.554223ms
Round took 4.329359ms
Round took 6.008966ms
Round took 4.99202ms
Round took 4.987272ms
Round took 4.805631ms
Round took 5.640682ms
Round took 4.143896ms
Round took 5.256106ms
Round took 5.129955ms
Round took 4.819694ms
Round took 5.985113ms
Round took 4.636256ms
Round took 5.960408ms
Round took 4.11463ms
Round took 5.332601ms
Round took 4.831649ms
Round took 5.51899ms
Round took 5.348073ms
Round took 4.368558ms
Round took 6.273093ms
Round took 4.62789ms
Round took 5.065633ms
Round took 4.956918ms
Round took 4.903992ms
Round took 5.035213ms
Round took 4.908475ms
Round took 5.875089ms
Round took 4.63615ms
Round took 5.060944ms
Round took 5.135579ms
Round took 6.125742ms
Round took 4.366056ms
Round took 4.904606ms
Round took 5.889866ms
Round took 4.061163ms
Round took 4.904558ms
Round took 5.84738ms
Round took 5.794561ms
Round took 6.455527ms
Round took 4.639195ms
Round took 5.17476ms
Round took 5.331625ms
Round took 5.11486ms
Round took 4.880775ms
Round took 5.166573ms
Round took 7.155118ms
Round took 4.426033ms
Round took 4.571938ms
Round took 3.979674ms
Round took 5.246212ms
Round took 5.150017ms
Round took 5.597009ms
Round took 5.008746ms
Round took 5.6865ms
Round took 4.366489ms
Round took 8.331324ms
Round took 5.306595ms
Round took 5.073487ms
Round took 5.066794ms
Round took 4.585619ms
Round took 5.366613ms
Round took 4.650379ms
Round took 5.306338ms
Round took 4.645453ms
Round took 5.352933ms
Round took 5.915681ms
Round took 4.625267ms
Round took 4.604078ms
Round took 4.558935ms
Round took 5.479923ms
Round took 4.970477ms
Round took 4.956469ms
Round took 6.902798ms
Round took 6.896731ms
Round took 4.789869ms
Round took 4.880745ms
Round took 5.144645ms
Round took 5.631341ms
Round took 3.787376ms
Round took 5.294671ms
Round took 5.193562ms
Round took 5.700811ms
Round took 4.367893ms
Round took 6.873032ms
Round took 6.333732ms
Round took 3.964545ms
Round took 5.323697ms
Round took 4.581733ms
Round took 4.807126ms
Round took 3.532829ms
Round took 5.269331ms
Round took 6.483977ms
Round took 4.209642ms
Round took 4.976764ms
Round took 5.064142ms
Round took 4.594126ms
Round took 5.859348ms
Round took 6.046121ms
Round took 4.555021ms
Round took 5.151368ms
Round took 4.625468ms
Round took 5.191519ms
Round took 5.748965ms
Round took 4.201927ms
Round took 5.054231ms
Round took 5.423642ms
Round took 4.329268ms
Round took 5.274858ms
Round took 5.333557ms
Round took 5.850508ms
Round took 4.268348ms
Round took 5.357656ms
Round took 4.630411ms
Round took 5.094061ms
Round took 5.228716ms
Round took 4.747018ms
Round took 6.303964ms
Round took 4.604068ms
Round took 4.520557ms
Round took 4.34791ms
Round took 6.070774ms
Round took 4.241968ms
Round took 5.315034ms
Round took 5.668817ms
Round took 4.764241ms
Round took 5.084463ms
Round took 4.684242ms
Round took 5.337906ms
Round took 4.923832ms
Round took 5.192034ms
Round took 5.0424ms
Round took 6.29388ms
Round took 4.683009ms
Round took 5.548144ms
Round took 5.652218ms
Round took 4.601936ms
Round took 4.924696ms
Test took 5.205543902s
Successful: 10000
