Uniform distribution
2021/04/16 21:40:47 The leader is replica 0
Round took 6.447589ms
Round took 1.89464ms
Round took 6.829932ms
Round took 3.810459ms
Round took 7.724176ms
Round took 6.330952ms
Round took 4.987315ms
Round took 5.497457ms
Round took 5.495934ms
Round took 4.792672ms
Round took 5.082031ms
Round took 5.107286ms
Round took 5.058746ms
Round took 5.099184ms
Round took 5.377907ms
Round took 5.056137ms
Round took 5.206536ms
Round took 4.889969ms
Round took 5.151212ms
Round took 4.732083ms
Round took 5.154781ms
Round took 5.261914ms
Round took 4.942481ms
Round took 5.081648ms
Round took 4.950367ms
Round took 5.066645ms
Round took 5.772215ms
Round took 5.059734ms
Round took 5.685327ms
Round took 4.659825ms
Round took 4.647111ms
Round took 5.200107ms
Round took 5.395511ms
Round took 4.235083ms
Round took 4.998392ms
Round took 5.091878ms
Round took 5.611405ms
Round took 3.626697ms
Round took 5.079402ms
Round took 7.189957ms
Round took 3.944021ms
Round took 5.209349ms
Round took 5.316805ms
Round took 5.573284ms
Round took 3.938618ms
Round took 5.185691ms
Round took 5.596545ms
Round took 4.435195ms
Round took 5.278951ms
Round took 4.655755ms
Round took 6.215142ms
Round took 6.396802ms
Round took 6.358945ms
Round took 5.527803ms
Round took 6.582759ms
Round took 6.888203ms
Round took 8.857326ms
Round took 3.940245ms
Round took 4.006341ms
Round took 5.79221ms
Round took 5.104417ms
Round took 4.267175ms
Round took 5.008481ms
Round took 5.601802ms
Round took 4.030763ms
Round took 5.050139ms
Round took 4.745289ms
Round took 5.174929ms
Round took 5.57803ms
Round took 5.10291ms
Round took 4.958609ms
Round took 5.335641ms
Round took 5.571302ms
Round took 4.853032ms
Round took 5.225301ms
Round took 5.661778ms
Round took 4.76129ms
Round took 4.494227ms
Round took 4.9222ms
Round took 5.448621ms
Round took 4.932661ms
Round took 5.396398ms
Round took 5.487013ms
Round took 4.455233ms
Round took 5.21408ms
Round took 4.602748ms
Round took 6.590872ms
Round took 4.068424ms
Round took 5.405427ms
Round took 6.302001ms
Round took 7.09197ms
Round took 7.796381ms
Round took 6.996887ms
Round took 3.775025ms
Round took 3.594628ms
Round took 7.100701ms
Round took 6.015955ms
Round took 6.070663ms
Round took 4.518129ms
Round took 5.752691ms
Round took 4.569969ms
Round took 5.189445ms
Round took 5.783318ms
Round took 7.312721ms
Round took 5.077436ms
Round took 5.931644ms
Round took 4.221635ms
Round took 3.682155ms
Round took 6.022496ms
Round took 5.253881ms
Round took 5.553422ms
Round took 4.964276ms
Round took 4.690039ms
Round took 5.270063ms
Round took 5.443377ms
Round took 4.378871ms
Round took 5.229329ms
Round took 6.072431ms
Round took 6.124987ms
Round took 5.205689ms
Round took 4.097502ms
Round took 4.98758ms
Round took 5.209182ms
Round took 5.030837ms
Round took 5.091998ms
Round took 5.054085ms
Round took 4.717823ms
Round took 5.195967ms
Round took 4.776086ms
Round took 5.061757ms
Round took 4.971734ms
Round took 4.47319ms
Round took 5.681881ms
Round took 4.633004ms
Round took 4.940865ms
Round took 7.293741ms
Round took 4.473711ms
Round took 5.328548ms
Round took 5.793203ms
Round took 6.137585ms
Round took 5.203565ms
Round took 5.487126ms
Round took 4.570704ms
Round took 5.418785ms
Round took 4.695209ms
Round took 4.987911ms
Round took 5.672329ms
Round took 5.169491ms
Round took 5.037231ms
Round took 4.800725ms
Round took 5.499601ms
Round took 4.697498ms
Round took 4.816121ms
Round took 5.304245ms
Round took 5.500305ms
Round took 4.363329ms
Round took 5.271573ms
Round took 6.44173ms
Round took 4.371637ms
Round took 4.631475ms
Round took 5.153985ms
Round took 5.78819ms
Round took 5.038193ms
Round took 6.712916ms
Round took 3.768026ms
Round took 5.027655ms
Round took 5.034601ms
Round took 5.629559ms
Round took 4.850805ms
Round took 4.986991ms
Round took 5.350645ms
Round took 5.489818ms
Round took 4.681585ms
Round took 4.449879ms
Round took 5.286589ms
Round took 5.276359ms
Round took 4.970348ms
Round took 5.752835ms
Round took 3.946181ms
Round took 5.376399ms
Round took 5.430095ms
Round took 5.434458ms
Round took 5.023414ms
Round took 5.596756ms
Round took 4.258242ms
Round took 4.511161ms
Round took 5.389657ms
Round took 5.145937ms
Round took 4.711493ms
Round took 5.254288ms
Round took 5.803286ms
Round took 4.330527ms
Round took 4.923407ms
Round took 4.539541ms
Round took 6.161479ms
Round took 6.153796ms
Round took 6.107384ms
Round took 5.075554ms
Round took 5.541864ms
Round took 3.828208ms
Round took 3.481647ms
Round took 7.169419ms
Round took 5.499873ms
Round took 5.035759ms
Round took 5.271403ms
Round took 4.358617ms
Round took 5.326486ms
Round took 4.783772ms
Round took 5.360676ms
Round took 5.097319ms
Round took 4.69863ms
Round took 5.191433ms
Round took 5.075133ms
Round took 5.248521ms
Round took 5.696752ms
Round took 5.468517ms
Round took 5.041916ms
Round took 4.945303ms
Round took 5.403146ms
Round took 5.180277ms
Round took 5.227113ms
Round took 4.339757ms
Round took 5.18849ms
Round took 5.556189ms
Round took 4.561816ms
Round took 5.520604ms
Round took 6.373132ms
Round took 4.097781ms
Round took 5.179638ms
Round took 6.153876ms
Round took 4.814939ms
Round took 5.05394ms
Round took 4.613721ms
Round took 5.419236ms
Round took 5.505269ms
Round took 4.35175ms
Round took 5.027041ms
Round took 4.993342ms
Round took 5.301175ms
Round took 4.805748ms
Round took 5.761882ms
Round took 5.049029ms
Round took 6.2779ms
Round took 4.405621ms
Round took 6.705382ms
Round took 4.862801ms
Round took 4.970973ms
Round took 5.097321ms
Round took 5.748406ms
Round took 4.442296ms
Round took 5.254077ms
Round took 5.170405ms
Round took 4.850674ms
Round took 4.738751ms
Round took 5.522834ms
Round took 5.101835ms
Round took 4.676377ms
Round took 5.50245ms
Round took 4.55521ms
Round took 5.451706ms
Round took 4.726379ms
Round took 4.957633ms
Round took 5.695651ms
Round took 5.400913ms
Round took 4.751596ms
Round took 5.161693ms
Round took 6.889425ms
Round took 4.305301ms
Round took 4.563766ms
Round took 5.574123ms
Round took 5.373923ms
Round took 4.980125ms
Round took 4.87032ms
Round took 5.48476ms
Round took 4.916273ms
Round took 4.835281ms
Round took 5.891294ms
Round took 5.056422ms
Round took 4.456162ms
Round took 6.629592ms
Round took 4.162213ms
Round took 5.177806ms
Round took 6.260953ms
Round took 6.856064ms
Round took 4.26053ms
Round took 5.164227ms
Round took 4.974421ms
Round took 5.4088ms
Round took 4.835778ms
Round took 4.865466ms
Round took 5.366057ms
Round took 5.064344ms
Round took 5.07552ms
Round took 4.990172ms
Round took 5.260547ms
Round took 4.999566ms
Round took 5.057864ms
Round took 4.946534ms
Round took 5.143191ms
Round took 5.331855ms
Round took 5.012375ms
Round took 5.113327ms
Round took 4.850664ms
Round took 5.376719ms
Round took 4.778008ms
Round took 5.057302ms
Round took 6.210508ms
Round took 6.347623ms
Round took 6.289486ms
Round took 4.021603ms
Round took 4.077545ms
Round took 4.830709ms
Round took 5.592336ms
Round took 4.762445ms
Round took 5.276223ms
Round took 4.826054ms
Round took 5.581736ms
Round took 4.46253ms
Round took 4.988687ms
Round took 5.287616ms
Round took 5.03819ms
Round took 5.028284ms
Round took 5.333671ms
Round took 5.294052ms
Round took 4.822338ms
Round took 7.574837ms
Round took 4.684638ms
Round took 4.23346ms
Round took 4.542057ms
Round took 5.125803ms
Round took 5.831035ms
Round took 4.673317ms
Round took 5.453299ms
Round took 4.851525ms
Round took 4.87089ms
Round took 4.72097ms
Round took 5.443944ms
Round took 5.819895ms
Round took 4.642983ms
Round took 6.342236ms
Round took 5.718262ms
Round took 5.179109ms
Round took 5.019965ms
Round took 5.356893ms
Round took 4.798627ms
Round took 5.171473ms
Round took 5.191022ms
Round took 4.780317ms
Round took 5.688303ms
Round took 4.788133ms
Round took 4.807164ms
Round took 5.145433ms
Round took 5.411745ms
Round took 5.000055ms
Round took 5.403159ms
Round took 5.142043ms
Round took 5.207278ms
Round took 4.989872ms
Round took 4.820828ms
Round took 5.176373ms
Round took 5.654724ms
Round took 5.123918ms
Round took 5.412391ms
Round took 5.109602ms
Round took 5.100289ms
Round took 4.66288ms
Round took 7.30382ms
Round took 3.829279ms
Round took 7.110256ms
Round took 6.388192ms
Round took 5.771088ms
Round took 4.979735ms
Round took 5.263474ms
Round took 4.78961ms
Round took 5.461294ms
Round took 4.699132ms
Round took 5.017621ms
Round took 4.978678ms
Round took 5.438317ms
Round took 4.800215ms
Round took 5.681599ms
Round took 4.073483ms
Round took 4.872682ms
Round took 4.928894ms
Round took 5.764414ms
Round took 4.919231ms
Round took 5.423689ms
Round took 4.866434ms
Round took 5.06547ms
Round took 5.244371ms
Round took 5.218669ms
Round took 5.190342ms
Round took 5.117642ms
Round took 4.532669ms
Round took 5.641007ms
Round took 4.767863ms
Round took 5.133692ms
Round took 4.871469ms
Round took 5.642198ms
Round took 4.491426ms
Round took 5.018054ms
Round took 5.799703ms
Round took 4.659501ms
Round took 5.383898ms
Round took 4.254619ms
Round took 5.853936ms
Round took 5.184427ms
Round took 4.895642ms
Round took 5.363349ms
Round took 4.767899ms
Round took 4.712131ms
Round took 4.80799ms
Round took 6.936035ms
Round took 4.175792ms
Round took 4.932565ms
Round took 6.016144ms
Round took 4.454256ms
Round took 5.051202ms
Round took 6.488641ms
Round took 6.043363ms
Round took 4.834042ms
Round took 5.777671ms
Round took 4.448892ms
Round took 5.173532ms
Round took 5.499177ms
Round took 4.573045ms
Round took 5.277713ms
Round took 5.14128ms
Round took 5.409497ms
Round took 4.346545ms
Round took 5.308713ms
Round took 5.382574ms
Round took 4.863136ms
Round took 5.147551ms
Round took 5.231012ms
Round took 5.413707ms
Round took 4.851874ms
Round took 4.995716ms
Round took 6.012136ms
Round took 4.575199ms
Round took 5.035194ms
Round took 4.687689ms
Round took 5.274707ms
Round took 5.547193ms
Round took 5.567819ms
Round took 5.287866ms
Round took 4.497753ms
Round took 5.052027ms
Round took 5.226612ms
Round took 5.58993ms
Round took 5.356729ms
Round took 4.89114ms
Round took 7.269991ms
Round took 5.309542ms
Round took 4.719136ms
Round took 3.594012ms
Round took 18.300887ms
Round took 5.582398ms
Round took 4.506421ms
Round took 4.813714ms
Round took 6.009435ms
Round took 6.273047ms
Round took 4.502469ms
Round took 5.404956ms
Round took 3.574558ms
Round took 4.887707ms
Round took 6.375884ms
Round took 5.380299ms
Round took 5.465267ms
Round took 4.074009ms
Round took 3.473368ms
Round took 6.466587ms
Round took 4.944162ms
Round took 5.241319ms
Round took 4.973277ms
Round took 4.912361ms
Round took 4.997109ms
Round took 4.981358ms
Round took 5.055853ms
Round took 4.949456ms
Round took 4.895669ms
Round took 5.006572ms
Round took 5.144735ms
Round took 4.430278ms
Round took 5.450263ms
Round took 4.995026ms
Round took 4.831812ms
Round took 5.512898ms
Round took 4.797437ms
Round took 5.675891ms
Round took 4.453712ms
Round took 5.113039ms
Round took 5.300082ms
Round took 4.441775ms
Round took 5.673089ms
Round took 4.75789ms
Round took 4.859081ms
Round took 6.790088ms
Round took 4.369234ms
Round took 5.248603ms
Round took 4.39748ms
Round took 7.025641ms
Round took 4.535588ms
Round took 4.784762ms
Round took 4.587891ms
Round took 4.969404ms
Round took 4.920366ms
Round took 5.142244ms
Round took 5.56595ms
Round took 4.451182ms
Round took 5.191431ms
Round took 4.075706ms
Round took 6.221174ms
Round took 4.229704ms
Round took 5.360367ms
Round took 5.833299ms
Round took 4.767682ms
Round took 4.804945ms
Round took 4.470493ms
Round took 5.331786ms
Round took 5.297417ms
Round took 4.95624ms
Round took 6.076188ms
Round took 3.795351ms
Round took 4.505776ms
Round took 5.47389ms
Round took 5.05215ms
Round took 5.190078ms
Round took 4.925963ms
Round took 4.961772ms
Round took 5.091318ms
Round took 5.31334ms
Round took 6.194702ms
Round took 4.885443ms
Round took 5.19473ms
Round took 4.887831ms
Round took 5.55392ms
Round took 6.652739ms
Round took 4.150978ms
Round took 5.127801ms
Round took 5.023392ms
Round took 6.159147ms
Round took 5.749582ms
Round took 4.518816ms
Round took 5.437769ms
Round took 5.189782ms
Round took 4.857645ms
Round took 4.969747ms
Round took 5.945281ms
Round took 4.577883ms
Round took 5.121566ms
Round took 4.822116ms
Round took 5.470611ms
Round took 5.067193ms
Round took 4.433574ms
Round took 5.327037ms
Round took 5.60243ms
Round took 5.136322ms
Round took 5.320077ms
Round took 4.82771ms
Round took 4.800024ms
Round took 5.433976ms
Round took 4.569023ms
Round took 5.464437ms
Round took 5.113759ms
Round took 4.153823ms
Round took 6.805958ms
Round took 5.16401ms
Round took 5.118878ms
Round took 3.939344ms
Round took 5.612726ms
Round took 4.594916ms
Round took 4.697956ms
Round took 6.943607ms
Round took 3.121129ms
Round took 5.908395ms
Round took 5.391831ms
Round took 5.85911ms
Round took 4.993313ms
Round took 6.001368ms
Round took 5.034807ms
Round took 5.344609ms
Round took 5.228933ms
Round took 4.972108ms
Round took 5.151565ms
Round took 5.044679ms
Round took 5.263667ms
Round took 4.865182ms
Round took 5.747623ms
Round took 4.642871ms
Round took 5.003837ms
Round took 5.260965ms
Round took 4.747588ms
Round took 5.7195ms
Round took 4.441908ms
Round took 5.562509ms
Round took 4.605207ms
Round took 5.461318ms
Round took 4.513621ms
Round took 5.588199ms
Round took 4.774865ms
Round took 5.303857ms
Round took 4.832356ms
Round took 6.759733ms
Round took 5.045138ms
Round took 4.696643ms
Round took 5.470858ms
Round took 5.150833ms
Round took 4.83576ms
Round took 6.362275ms
Round took 4.918672ms
Round took 4.88015ms
Round took 6.886933ms
Round took 5.232512ms
Round took 5.22419ms
Round took 5.029062ms
Round took 4.936679ms
Round took 5.264685ms
Round took 4.957667ms
Round took 4.873301ms
Round took 5.106052ms
Round took 5.277724ms
Round took 4.932571ms
Round took 5.49949ms
Round took 6.066802ms
Round took 4.52108ms
Round took 4.96094ms
Round took 5.062703ms
Round took 6.323047ms
Round took 4.195715ms
Round took 5.00195ms
Round took 5.286624ms
Round took 6.129642ms
Round took 5.80514ms
Round took 3.971682ms
Round took 5.372639ms
Round took 5.377802ms
Round took 4.372578ms
Round took 5.518201ms
Round took 5.247846ms
Round took 4.632471ms
Round took 6.074085ms
Round took 5.355531ms
Round took 4.397562ms
Round took 5.646481ms
Round took 7.540912ms
Round took 3.915131ms
Round took 5.233151ms
Round took 5.175136ms
Round took 5.249023ms
Round took 5.203343ms
Round took 4.868332ms
Round took 4.993162ms
Round took 5.129408ms
Round took 4.934713ms
Round took 5.196077ms
Round took 4.947913ms
Round took 6.180766ms
Round took 4.262357ms
Round took 5.072105ms
Round took 5.741425ms
Round took 4.476471ms
Round took 5.506229ms
Round took 4.766788ms
Round took 6.044625ms
Round took 5.215582ms
Round took 4.972516ms
Round took 5.86743ms
Round took 4.05227ms
Round took 5.249675ms
Round took 5.098136ms
Round took 5.465774ms
Round took 4.651105ms
Round took 5.255254ms
Round took 5.938436ms
Round took 4.574021ms
Round took 4.953177ms
Round took 5.463282ms
Round took 4.8661ms
Round took 4.987615ms
Round took 5.513518ms
Round took 5.204864ms
Round took 5.205053ms
Round took 4.631954ms
Round took 5.792657ms
Round took 4.795868ms
Round took 4.757024ms
Round took 5.96594ms
Round took 4.374214ms
Round took 5.452103ms
Round took 4.615261ms
Round took 5.780837ms
Round took 4.825917ms
Round took 5.561724ms
Round took 4.619276ms
Round took 5.924277ms
Round took 6.221663ms
Round took 4.708109ms
Round took 5.089166ms
Round took 5.287279ms
Round took 5.055898ms
Round took 4.862561ms
Round took 5.076985ms
Round took 4.992029ms
Round took 5.312807ms
Round took 4.933062ms
Round took 5.17088ms
Round took 5.309618ms
Round took 5.778712ms
Round took 5.022294ms
Round took 5.342316ms
Round took 4.715662ms
Round took 5.017068ms
Round took 4.981163ms
Round took 6.803871ms
Round took 4.437721ms
Round took 5.073334ms
Round took 4.910874ms
Round took 6.294572ms
Round took 5.50838ms
Round took 4.432336ms
Round took 5.355237ms
Round took 4.957037ms
Round took 4.611216ms
Round took 5.025879ms
Round took 5.757289ms
Round took 4.461236ms
Round took 6.663176ms
Round took 3.843981ms
Round took 5.301111ms
Round took 4.902409ms
Round took 5.502053ms
Round took 5.804189ms
Round took 3.991813ms
Round took 5.390833ms
Round took 6.434892ms
Round took 7.12279ms
Round took 5.11476ms
Round took 5.574651ms
Round took 5.614475ms
Round took 4.292671ms
Round took 4.696409ms
Round took 5.641987ms
Round took 4.694422ms
Round took 4.926491ms
Round took 6.052795ms
Round took 5.927635ms
Round took 4.527489ms
Round took 5.756677ms
Round took 4.729037ms
Round took 4.300736ms
Round took 4.780822ms
Round took 4.298158ms
Round took 5.841758ms
Round took 4.818562ms
Round took 5.193911ms
Round took 5.758756ms
Round took 5.03614ms
Round took 5.08799ms
Round took 5.035533ms
Round took 5.193456ms
Round took 4.580907ms
Round took 4.858015ms
Round took 5.389755ms
Round took 5.456644ms
Round took 5.228744ms
Round took 4.346255ms
Round took 5.29371ms
Round took 5.180701ms
Round took 5.314573ms
Round took 4.953664ms
Round took 5.223268ms
Round took 5.143907ms
Round took 4.272106ms
Round took 5.904543ms
Round took 4.012789ms
Round took 5.75251ms
Round took 5.020053ms
Round took 5.24994ms
Round took 4.532374ms
Round took 4.863244ms
Round took 5.614625ms
Round took 5.162957ms
Round took 4.672411ms
Round took 4.753353ms
Round took 4.720034ms
Round took 5.006995ms
Round took 5.593443ms
Round took 4.248126ms
Round took 4.968698ms
Round took 5.979085ms
Round took 4.281727ms
Round took 5.120525ms
Round took 4.82408ms
Round took 6.922406ms
Round took 4.712147ms
Round took 5.134881ms
Round took 4.800441ms
Round took 3.605871ms
Round took 5.502869ms
Round took 4.702142ms
Round took 6.260368ms
Round took 4.994523ms
Round took 4.872438ms
Round took 5.129986ms
Round took 4.155178ms
Round took 5.554223ms
Round took 4.804309ms
Round took 5.756921ms
Round took 5.297519ms
Round took 4.559498ms
Round took 6.340232ms
Round took 3.631835ms
Round took 5.470711ms
Round took 4.97884ms
Round took 5.608293ms
Round took 5.606879ms
Round took 4.304491ms
Round took 7.072099ms
Round took 6.504915ms
Round took 4.455795ms
Round took 4.591632ms
Round took 5.251565ms
Round took 5.272875ms
Round took 5.280958ms
Round took 4.424236ms
Round took 5.632906ms
Round took 5.004988ms
Round took 4.876731ms
Round took 4.966882ms
Round took 5.111213ms
Round took 5.868926ms
Round took 4.544683ms
Round took 5.143659ms
Round took 5.074643ms
Round took 4.925486ms
Round took 4.993411ms
Round took 5.315249ms
Round took 4.987492ms
Round took 5.737824ms
Round took 4.717195ms
Round took 5.966118ms
Round took 5.234286ms
Round took 4.779326ms
Round took 4.666888ms
Round took 5.877289ms
Round took 4.763539ms
Round took 6.752729ms
Round took 4.525311ms
Round took 4.35481ms
Round took 5.145613ms
Round took 5.154318ms
Round took 5.717892ms
Round took 4.870812ms
Round took 4.921018ms
Round took 6.223492ms
Round took 4.001296ms
Round took 5.199297ms
Round took 5.292341ms
Round took 4.943718ms
Round took 4.808209ms
Round took 6.474091ms
Round took 6.145098ms
Round took 5.365381ms
Round took 5.027699ms
Round took 4.569993ms
Round took 5.790403ms
Round took 4.751377ms
Round took 5.026389ms
Round took 4.795414ms
Round took 5.101658ms
Round took 5.966138ms
Round took 4.738471ms
Round took 5.844355ms
Round took 4.884983ms
Round took 4.996599ms
Round took 4.87565ms
Round took 5.528874ms
Round took 5.276952ms
Round took 4.499138ms
Round took 5.829613ms
Round took 4.406973ms
Round took 5.027583ms
Round took 4.739279ms
Round took 5.203492ms
Round took 5.066028ms
Round took 4.958073ms
Round took 5.294304ms
Round took 5.134761ms
Round took 5.602944ms
Round took 5.261489ms
Round took 4.822691ms
Round took 5.204297ms
Round took 5.049802ms
Round took 5.032615ms
Round took 5.518176ms
Round took 5.076014ms
Round took 5.285609ms
Round took 4.88061ms
Round took 5.34147ms
Round took 5.551046ms
Round took 4.774441ms
Round took 5.284476ms
Round took 4.503282ms
Round took 5.268237ms
Round took 5.161257ms
Round took 6.729334ms
Round took 5.77819ms
Round took 4.859853ms
Round took 3.927415ms
Round took 3.97085ms
Round took 5.220149ms
Round took 5.234384ms
Round took 6.065641ms
Round took 4.945127ms
Round took 6.394142ms
Round took 6.783322ms
Round took 4.408027ms
Round took 4.921166ms
Round took 5.523074ms
Round took 4.575895ms
Round took 4.848736ms
Round took 5.144736ms
Round took 5.3587ms
Round took 4.678193ms
Round took 5.104146ms
Round took 6.153598ms
Round took 4.597155ms
Round took 4.605702ms
Round took 4.754375ms
Round took 5.610838ms
Round took 4.602502ms
Round took 4.954849ms
Round took 5.651336ms
Round took 6.488859ms
Round took 4.551591ms
Round took 5.481221ms
Round took 5.130222ms
Round took 5.18974ms
Round took 4.652554ms
Round took 3.499309ms
Round took 5.608402ms
Round took 4.321271ms
Round took 5.714758ms
Round took 4.965779ms
Round took 7.90364ms
Round took 5.217507ms
Round took 4.951298ms
Round took 4.589798ms
Round took 5.425755ms
Round took 3.49074ms
Round took 3.591501ms
Round took 5.860023ms
Round took 5.22902ms
Round took 4.779367ms
Round took 6.081147ms
Round took 6.070812ms
Round took 5.882333ms
Round took 5.445685ms
Round took 4.666897ms
Round took 5.343529ms
Round took 4.42074ms
Round took 5.094912ms
Round took 5.603034ms
Round took 4.975756ms
Round took 5.033631ms
Round took 4.863908ms
Round took 4.96764ms
Round took 5.194366ms
Round took 5.216408ms
Round took 5.808048ms
Round took 4.283399ms
Round took 5.384161ms
Round took 4.744498ms
Round took 5.209002ms
Round took 5.123586ms
Round took 4.75324ms
Round took 5.130676ms
Round took 6.557709ms
Round took 4.314317ms
Round took 4.364689ms
Round took 6.256626ms
Round took 4.188811ms
Round took 5.329634ms
Round took 4.93784ms
Round took 5.525615ms
Round took 5.087899ms
Round took 4.645845ms
Round took 5.370319ms
Round took 4.924777ms
Round took 5.196523ms
Round took 5.033567ms
Round took 5.006195ms
Round took 5.917952ms
Round took 5.437312ms
Round took 5.90697ms
Round took 4.448954ms
Round took 4.915422ms
Round took 5.563247ms
Round took 4.213907ms
Test took 5.216664583s
Successful: 10000
