Uniform distribution
2021/04/16 21:40:47 The leader is replica 0
Round took 1.838337ms
Round took 6.251033ms
Round took 5.896709ms
Round took 6.229729ms
Round took 7.408194ms
Round took 6.832808ms
Round took 3.361018ms
Round took 4.854129ms
Round took 4.553947ms
Round took 5.111308ms
Round took 5.030317ms
Round took 5.059678ms
Round took 4.987195ms
Round took 5.16506ms
Round took 5.116141ms
Round took 5.241395ms
Round took 5.012983ms
Round took 5.234539ms
Round took 4.757692ms
Round took 5.177406ms
Round took 5.185633ms
Round took 4.784568ms
Round took 5.016475ms
Round took 5.01251ms
Round took 5.023629ms
Round took 5.073871ms
Round took 4.999451ms
Round took 5.511313ms
Round took 5.431502ms
Round took 4.494931ms
Round took 5.189867ms
Round took 5.355152ms
Round took 4.917833ms
Round took 5.161242ms
Round took 4.884017ms
Round took 6.776313ms
Round took 3.64848ms
Round took 5.109244ms
Round took 7.17689ms
Round took 3.913598ms
Round took 5.162362ms
Round took 6.468207ms
Round took 4.483482ms
Round took 4.000071ms
Round took 5.155921ms
Round took 5.633204ms
Round took 4.452692ms
Round took 5.2363ms
Round took 4.683535ms
Round took 6.171147ms
Round took 5.652036ms
Round took 6.930394ms
Round took 5.660439ms
Round took 6.456079ms
Round took 7.05816ms
Round took 8.750482ms
Round took 3.990439ms
Round took 4.030761ms
Round took 5.82648ms
Round took 5.239741ms
Round took 4.242013ms
Round took 4.917452ms
Round took 5.596135ms
Round took 4.060875ms
Round took 5.011078ms
Round took 4.605284ms
Round took 5.097567ms
Round took 5.591605ms
Round took 5.017551ms
Round took 4.95404ms
Round took 5.354047ms
Round took 5.551897ms
Round took 4.582123ms
Round took 5.223063ms
Round took 5.740833ms
Round took 4.724086ms
Round took 4.521902ms
Round took 4.921775ms
Round took 5.442968ms
Round took 4.868881ms
Round took 5.078437ms
Round took 5.704201ms
Round took 4.36477ms
Round took 5.18234ms
Round took 4.767846ms
Round took 5.409161ms
Round took 6.415694ms
Round took 5.469141ms
Round took 6.432769ms
Round took 7.248559ms
Round took 7.681515ms
Round took 7.223926ms
Round took 4.25236ms
Round took 6.067146ms
Round took 6.11947ms
Round took 6.643106ms
Round took 4.292537ms
Round took 5.65608ms
Round took 5.069338ms
Round took 7.133246ms
Round took 4.936848ms
Round took 7.733187ms
Round took 4.357184ms
Round took 5.739589ms
Round took 4.728314ms
Round took 3.673361ms
Round took 3.914418ms
Round took 5.752035ms
Round took 5.928346ms
Round took 5.044635ms
Round took 4.922024ms
Round took 5.190884ms
Round took 3.835867ms
Round took 5.588794ms
Round took 4.261272ms
Round took 7.34036ms
Round took 7.054572ms
Round took 4.774358ms
Round took 4.387006ms
Round took 5.432518ms
Round took 5.192786ms
Round took 4.716621ms
Round took 5.076926ms
Round took 5.308366ms
Round took 4.755553ms
Round took 4.891787ms
Round took 5.170431ms
Round took 6.020177ms
Round took 4.828444ms
Round took 4.537384ms
Round took 5.441701ms
Round took 4.976741ms
Round took 4.712318ms
Round took 5.858448ms
Round took 4.92374ms
Round took 5.25411ms
Round took 4.665765ms
Round took 5.506363ms
Round took 6.219943ms
Round took 5.388467ms
Round took 5.341119ms
Round took 4.621625ms
Round took 4.716823ms
Round took 6.277749ms
Round took 4.299863ms
Round took 5.178418ms
Round took 5.006358ms
Round took 5.390011ms
Round took 5.399827ms
Round took 4.62211ms
Round took 5.725807ms
Round took 6.180513ms
Round took 5.096674ms
Round took 4.935586ms
Round took 5.225262ms
Round took 4.940591ms
Round took 5.062015ms
Round took 4.816976ms
Round took 5.135674ms
Round took 5.83463ms
Round took 5.032689ms
Round took 5.000403ms
Round took 4.846153ms
Round took 5.278555ms
Round took 5.113462ms
Round took 4.958235ms
Round took 4.996804ms
Round took 5.873806ms
Round took 4.862873ms
Round took 5.20138ms
Round took 5.464937ms
Round took 4.553863ms
Round took 5.030162ms
Round took 5.459784ms
Round took 4.968174ms
Round took 5.260558ms
Round took 4.524536ms
Round took 5.499273ms
Round took 5.373077ms
Round took 5.16671ms
Round took 5.276544ms
Round took 5.432818ms
Round took 4.437005ms
Round took 4.522131ms
Round took 5.362474ms
Round took 5.232544ms
Round took 4.730228ms
Round took 4.919399ms
Round took 6.050535ms
Round took 4.845866ms
Round took 4.8535ms
Round took 4.632817ms
Round took 5.826518ms
Round took 5.690386ms
Round took 6.709766ms
Round took 5.069836ms
Round took 5.655286ms
Round took 3.82923ms
Round took 3.490714ms
Round took 4.972788ms
Round took 4.931644ms
Round took 6.774873ms
Round took 4.707189ms
Round took 4.696003ms
Round took 3.946018ms
Round took 5.977615ms
Round took 4.882363ms
Round took 4.892485ms
Round took 4.942053ms
Round took 4.552932ms
Round took 6.172911ms
Round took 4.801003ms
Round took 5.861815ms
Round took 6.785561ms
Round took 5.061768ms
Round took 5.078389ms
Round took 5.007047ms
Round took 5.560046ms
Round took 5.255226ms
Round took 4.425857ms
Round took 5.107463ms
Round took 6.029841ms
Round took 4.525267ms
Round took 5.531009ms
Round took 5.131849ms
Round took 4.655151ms
Round took 5.127151ms
Round took 5.260998ms
Round took 5.724519ms
Round took 4.859702ms
Round took 4.594445ms
Round took 5.448184ms
Round took 5.58166ms
Round took 4.339787ms
Round took 4.79276ms
Round took 5.213068ms
Round took 7.007287ms
Round took 6.22825ms
Round took 6.551669ms
Round took 5.000352ms
Round took 5.213558ms
Round took 4.686658ms
Round took 6.097635ms
Round took 4.770892ms
Round took 4.997262ms
Round took 5.380076ms
Round took 5.46161ms
Round took 4.753029ms
Round took 5.344538ms
Round took 6.007914ms
Round took 4.590737ms
Round took 4.64596ms
Round took 5.708448ms
Round took 4.9761ms
Round took 4.703527ms
Round took 5.90593ms
Round took 4.56349ms
Round took 5.18568ms
Round took 4.683817ms
Round took 5.056522ms
Round took 5.467779ms
Round took 5.554818ms
Round took 4.728407ms
Round took 5.658035ms
Round took 5.050857ms
Round took 4.63643ms
Round took 4.575611ms
Round took 5.455803ms
Round took 5.418033ms
Round took 5.472172ms
Round took 4.905222ms
Round took 5.297971ms
Round took 4.946755ms
Round took 5.061673ms
Round took 5.120772ms
Round took 5.380211ms
Round took 4.493482ms
Round took 6.291283ms
Round took 6.388138ms
Round took 5.026049ms
Round took 4.81336ms
Round took 6.191735ms
Round took 4.245851ms
Round took 5.18592ms
Round took 5.010531ms
Round took 5.467661ms
Round took 4.877034ms
Round took 4.828367ms
Round took 5.421205ms
Round took 5.101421ms
Round took 5.107454ms
Round took 4.935333ms
Round took 5.308202ms
Round took 4.903896ms
Round took 4.998684ms
Round took 4.970659ms
Round took 5.119859ms
Round took 5.281172ms
Round took 5.000369ms
Round took 5.099932ms
Round took 4.779001ms
Round took 5.450705ms
Round took 4.778407ms
Round took 5.068988ms
Round took 6.19117ms
Round took 6.372726ms
Round took 5.992278ms
Round took 3.888273ms
Round took 4.071568ms
Round took 4.891429ms
Round took 5.606358ms
Round took 4.966329ms
Round took 5.259873ms
Round took 4.942548ms
Round took 5.524268ms
Round took 4.525039ms
Round took 5.000706ms
Round took 6.05281ms
Round took 4.803241ms
Round took 4.897955ms
Round took 5.41626ms
Round took 5.372109ms
Round took 4.824461ms
Round took 6.881298ms
Round took 4.528535ms
Round took 4.186277ms
Round took 4.549995ms
Round took 5.033139ms
Round took 5.621277ms
Round took 4.694011ms
Round took 4.933613ms
Round took 5.435546ms
Round took 4.820157ms
Round took 4.661952ms
Round took 5.169417ms
Round took 5.904578ms
Round took 4.615739ms
Round took 5.396139ms
Round took 4.540613ms
Round took 5.184568ms
Round took 4.603488ms
Round took 5.107637ms
Round took 6.153841ms
Round took 4.218485ms
Round took 5.138151ms
Round took 5.089951ms
Round took 4.890251ms
Round took 5.21883ms
Round took 4.966055ms
Round took 4.645728ms
Round took 5.501953ms
Round took 5.280313ms
Round took 4.901589ms
Round took 7.214146ms
Round took 6.128976ms
Round took 5.133405ms
Round took 4.857388ms
Round took 5.145014ms
Round took 5.618988ms
Round took 5.10886ms
Round took 5.430322ms
Round took 5.093174ms
Round took 5.100072ms
Round took 4.618842ms
Round took 5.245284ms
Round took 4.960686ms
Round took 5.590268ms
Round took 4.729467ms
Round took 6.177273ms
Round took 4.458902ms
Round took 4.466183ms
Round took 4.992442ms
Round took 5.245888ms
Round took 5.302749ms
Round took 4.759207ms
Round took 5.038612ms
Round took 5.213264ms
Round took 5.365391ms
Round took 4.784865ms
Round took 6.038923ms
Round took 4.522442ms
Round took 4.835388ms
Round took 5.235868ms
Round took 5.4987ms
Round took 5.078577ms
Round took 5.345728ms
Round took 4.882729ms
Round took 4.643667ms
Round took 5.168221ms
Round took 5.223578ms
Round took 5.086449ms
Round took 4.988974ms
Round took 4.545767ms
Round took 5.663785ms
Round took 4.731363ms
Round took 5.206386ms
Round took 4.905385ms
Round took 5.671826ms
Round took 4.481469ms
Round took 5.02689ms
Round took 5.817986ms
Round took 4.634218ms
Round took 5.373082ms
Round took 4.202105ms
Round took 5.800372ms
Round took 5.201479ms
Round took 4.955024ms
Round took 5.335301ms
Round took 4.640413ms
Round took 4.717492ms
Round took 4.78899ms
Round took 7.246ms
Round took 4.386749ms
Round took 5.261864ms
Round took 5.450749ms
Round took 4.5303ms
Round took 4.961331ms
Round took 6.338853ms
Round took 6.062271ms
Round took 4.802264ms
Round took 5.744566ms
Round took 4.420944ms
Round took 5.113972ms
Round took 5.473565ms
Round took 4.601871ms
Round took 5.150316ms
Round took 5.131294ms
Round took 5.480297ms
Round took 4.356103ms
Round took 5.255957ms
Round took 5.62273ms
Round took 4.767147ms
Round took 5.111999ms
Round took 4.710416ms
Round took 6.056277ms
Round took 4.65137ms
Round took 4.955972ms
Round took 6.103733ms
Round took 4.352144ms
Round took 5.065146ms
Round took 4.696908ms
Round took 5.344408ms
Round took 5.529387ms
Round took 5.448832ms
Round took 5.547911ms
Round took 4.279724ms
Round took 5.105029ms
Round took 5.166909ms
Round took 5.8875ms
Round took 6.311848ms
Round took 4.159ms
Round took 7.520592ms
Round took 5.117639ms
Round took 4.718615ms
Round took 3.605821ms
Round took 18.026468ms
Round took 5.223414ms
Round took 4.456771ms
Round took 4.843983ms
Round took 6.109534ms
Round took 6.84924ms
Round took 4.200476ms
Round took 5.368307ms
Round took 3.510917ms
Round took 5.02188ms
Round took 6.631408ms
Round took 5.58963ms
Round took 5.725941ms
Round took 3.4353ms
Round took 3.41734ms
Round took 6.442883ms
Round took 4.844908ms
Round took 5.563786ms
Round took 5.542262ms
Round took 6.437355ms
Round took 4.822017ms
Round took 5.087072ms
Round took 4.993352ms
Round took 5.010636ms
Round took 5.245334ms
Round took 4.992931ms
Round took 5.001439ms
Round took 5.011571ms
Round took 5.115946ms
Round took 5.066857ms
Round took 5.51404ms
Round took 4.878825ms
Round took 5.257109ms
Round took 4.900519ms
Round took 5.170737ms
Round took 5.278947ms
Round took 4.675431ms
Round took 5.676759ms
Round took 4.871667ms
Round took 4.76466ms
Round took 5.441849ms
Round took 5.057681ms
Round took 5.202132ms
Round took 4.632689ms
Round took 5.195144ms
Round took 6.245878ms
Round took 4.225995ms
Round took 4.538329ms
Round took 5.288302ms
Round took 5.26782ms
Round took 4.791869ms
Round took 5.230378ms
Round took 5.012939ms
Round took 5.030235ms
Round took 4.724607ms
Round took 5.184173ms
Round took 5.156491ms
Round took 5.109949ms
Round took 5.000033ms
Round took 5.129822ms
Round took 5.559425ms
Round took 4.519014ms
Round took 5.212209ms
Round took 5.470881ms
Round took 5.004009ms
Round took 5.053823ms
Round took 4.816037ms
Round took 4.90228ms
Round took 5.238349ms
Round took 4.775583ms
Round took 5.19991ms
Round took 5.015772ms
Round took 4.993647ms
Round took 4.940943ms
Round took 5.459611ms
Round took 5.945754ms
Round took 4.47832ms
Round took 5.055661ms
Round took 5.766394ms
Round took 4.937127ms
Round took 4.469877ms
Round took 6.935764ms
Round took 3.533584ms
Round took 5.202035ms
Round took 4.625137ms
Round took 6.156724ms
Round took 5.379592ms
Round took 4.681432ms
Round took 5.999124ms
Round took 4.919391ms
Round took 4.823228ms
Round took 5.665532ms
Round took 4.875274ms
Round took 4.615046ms
Round took 5.175249ms
Round took 5.796702ms
Round took 5.076503ms
Round took 5.024307ms
Round took 4.907849ms
Round took 4.754127ms
Round took 5.387602ms
Round took 5.741008ms
Round took 4.746692ms
Round took 4.778992ms
Round took 4.810337ms
Round took 7.255649ms
Round took 5.27196ms
Round took 4.932172ms
Round took 5.797375ms
Round took 5.201897ms
Round took 5.180798ms
Round took 4.918456ms
Round took 4.635337ms
Round took 5.192729ms
Round took 5.324767ms
Round took 4.761357ms
Round took 5.297755ms
Round took 4.872442ms
Round took 6.065687ms
Round took 4.519946ms
Round took 5.819095ms
Round took 5.11264ms
Round took 4.463889ms
Round took 4.603878ms
Round took 4.922418ms
Round took 6.101157ms
Round took 4.752564ms
Round took 5.071186ms
Round took 5.906547ms
Round took 4.961268ms
Round took 5.162977ms
Round took 5.515032ms
Round took 5.333259ms
Round took 4.707034ms
Round took 5.881219ms
Round took 5.041897ms
Round took 4.142934ms
Round took 5.131694ms
Round took 5.537128ms
Round took 5.193872ms
Round took 4.658488ms
Round took 6.693559ms
Round took 5.659491ms
Round took 5.028905ms
Round took 5.318966ms
Round took 4.838745ms
Round took 6.000416ms
Round took 5.639114ms
Round took 4.629387ms
Round took 5.538938ms
Round took 5.228121ms
Round took 4.41842ms
Round took 5.388244ms
Round took 6.14111ms
Round took 4.297834ms
Round took 5.285685ms
Round took 4.574489ms
Round took 5.744536ms
Round took 5.260455ms
Round took 5.278195ms
Round took 5.274456ms
Round took 4.495924ms
Round took 5.093029ms
Round took 5.032319ms
Round took 5.030173ms
Round took 5.279104ms
Round took 4.921316ms
Round took 5.596002ms
Round took 5.340908ms
Round took 4.532262ms
Round took 5.283222ms
Round took 4.722142ms
Round took 5.621288ms
Round took 5.423911ms
Round took 5.676033ms
Round took 4.40827ms
Round took 5.06792ms
Round took 5.740169ms
Round took 3.985039ms
Round took 5.293544ms
Round took 5.833199ms
Round took 6.299686ms
Round took 5.517911ms
Round took 4.659182ms
Round took 4.923204ms
Round took 5.131606ms
Round took 5.038621ms
Round took 5.268561ms
Round took 4.785433ms
Round took 6.241864ms
Round took 3.887473ms
Round took 5.226075ms
Round took 5.268682ms
Round took 5.222642ms
Round took 5.214199ms
Round took 4.843474ms
Round took 5.087469ms
Round took 5.048488ms
Round took 4.955565ms
Round took 5.258742ms
Round took 4.962796ms
Round took 6.186526ms
Round took 4.205662ms
Round took 5.040947ms
Round took 6.137873ms
Round took 4.41896ms
Round took 5.486402ms
Round took 4.729476ms
Round took 5.684489ms
Round took 4.7471ms
Round took 4.998262ms
Round took 5.89145ms
Round took 4.085544ms
Round took 5.199955ms
Round took 4.901902ms
Round took 5.590135ms
Round took 4.664842ms
Round took 5.217393ms
Round took 5.32583ms
Round took 4.848687ms
Round took 4.908521ms
Round took 5.379224ms
Round took 4.948501ms
Round took 5.047866ms
Round took 5.21984ms
Round took 5.378986ms
Round took 4.933023ms
Round took 5.387261ms
Round took 4.964536ms
Round took 5.918816ms
Round took 4.881185ms
Round took 5.986343ms
Round took 4.304657ms
Round took 5.404715ms
Round took 4.657054ms
Round took 5.727132ms
Round took 4.851573ms
Round took 5.401057ms
Round took 4.61123ms
Round took 5.97149ms
Round took 3.62251ms
Round took 4.786495ms
Round took 4.696739ms
Round took 5.55797ms
Round took 5.86808ms
Round took 4.190988ms
Round took 5.011144ms
Round took 4.855248ms
Round took 6.006922ms
Round took 4.546837ms
Round took 5.39343ms
Round took 5.599889ms
Round took 4.622842ms
Round took 4.662327ms
Round took 5.058464ms
Round took 5.426119ms
Round took 4.346117ms
Round took 5.061287ms
Round took 6.177131ms
Round took 5.041769ms
Round took 4.312825ms
Round took 6.684729ms
Round took 6.632832ms
Round took 5.162546ms
Round took 4.219031ms
Round took 5.262178ms
Round took 5.532478ms
Round took 4.693702ms
Round took 4.889691ms
Round took 5.218304ms
Round took 4.986618ms
Round took 5.139761ms
Round took 5.13038ms
Round took 5.397696ms
Round took 5.115049ms
Round took 4.910745ms
Round took 5.380091ms
Round took 4.715581ms
Round took 5.004089ms
Round took 5.194904ms
Round took 4.81608ms
Round took 6.502053ms
Round took 4.92122ms
Round took 5.553077ms
Round took 5.573186ms
Round took 4.298577ms
Round took 4.856991ms
Round took 5.635886ms
Round took 4.715878ms
Round took 4.621598ms
Round took 5.188945ms
Round took 5.848223ms
Round took 5.072368ms
Round took 5.660125ms
Round took 4.64179ms
Round took 4.39732ms
Round took 4.83014ms
Round took 4.37332ms
Round took 5.259193ms
Round took 4.995706ms
Round took 5.119017ms
Round took 5.243134ms
Round took 5.222368ms
Round took 5.023169ms
Round took 4.667539ms
Round took 5.357462ms
Round took 5.001391ms
Round took 5.855887ms
Round took 5.011653ms
Round took 6.439589ms
Round took 5.036892ms
Round took 4.395416ms
Round took 5.093405ms
Round took 5.286448ms
Round took 5.309437ms
Round took 4.456803ms
Round took 6.513793ms
Round took 5.24881ms
Round took 4.317628ms
Round took 5.911319ms
Round took 3.991976ms
Round took 5.731638ms
Round took 5.026166ms
Round took 5.105847ms
Round took 4.629141ms
Round took 4.890696ms
Round took 5.568514ms
Round took 5.153443ms
Round took 4.829042ms
Round took 4.761743ms
Round took 5.27346ms
Round took 4.482549ms
Round took 5.784486ms
Round took 4.359913ms
Round took 5.40949ms
Round took 5.458385ms
Round took 4.293602ms
Round took 5.134281ms
Round took 4.776813ms
Round took 7.994451ms
Round took 4.223022ms
Round took 4.758994ms
Round took 4.430545ms
Round took 3.914428ms
Round took 5.284289ms
Round took 5.15114ms
Round took 6.286062ms
Round took 4.840022ms
Round took 5.546708ms
Round took 4.731347ms
Round took 3.794106ms
Round took 5.495453ms
Round took 5.363008ms
Round took 5.134344ms
Round took 5.261519ms
Round took 4.468978ms
Round took 6.060256ms
Round took 3.897786ms
Round took 5.458134ms
Round took 5.394444ms
Round took 4.954573ms
Round took 5.489054ms
Round took 4.307772ms
Round took 6.659167ms
Round took 6.637728ms
Round took 4.615683ms
Round took 5.194483ms
Round took 5.210815ms
Round took 5.162762ms
Round took 5.328726ms
Round took 4.347516ms
Round took 6.071745ms
Round took 5.023658ms
Round took 4.667394ms
Round took 4.932905ms
Round took 5.43479ms
Round took 5.02919ms
Round took 4.462726ms
Round took 5.185991ms
Round took 5.117141ms
Round took 4.929113ms
Round took 5.03423ms
Round took 5.601847ms
Round took 5.355315ms
Round took 5.049898ms
Round took 4.705617ms
Round took 5.996749ms
Round took 5.275199ms
Round took 4.764787ms
Round took 4.670091ms
Round took 5.627292ms
Round took 4.706072ms
Round took 6.31448ms
Round took 4.6525ms
Round took 4.339824ms
Round took 5.199164ms
Round took 5.168174ms
Round took 6.152307ms
Round took 4.781453ms
Round took 4.965557ms
Round took 6.716527ms
Round took 6.200461ms
Round took 4.961126ms
Round took 5.390118ms
Round took 4.893737ms
Round took 5.55519ms
Round took 4.321722ms
Round took 6.120562ms
Round took 5.002679ms
Round took 4.977233ms
Round took 4.628992ms
Round took 6.694898ms
Round took 4.077515ms
Round took 5.283516ms
Round took 5.094529ms
Round took 4.797762ms
Round took 5.907528ms
Round took 4.654411ms
Round took 6.034369ms
Round took 4.047714ms
Round took 5.347264ms
Round took 4.872086ms
Round took 5.481226ms
Round took 5.354182ms
Round took 4.430795ms
Round took 6.446314ms
Round took 3.791183ms
Round took 5.017291ms
Round took 4.721272ms
Round took 5.166077ms
Round took 5.164017ms
Round took 4.922623ms
Round took 5.734733ms
Round took 5.232966ms
Round took 4.992047ms
Round took 5.231964ms
Round took 6.114096ms
Round took 4.247424ms
Round took 5.023844ms
Round took 5.815971ms
Round took 4.123215ms
Round took 4.893308ms
Round took 5.307021ms
Round took 4.903033ms
Round took 5.365661ms
Round took 5.490555ms
Round took 4.81168ms
Round took 5.345112ms
Round took 4.774374ms
Round took 5.463605ms
Round took 5.39197ms
Round took 7.181817ms
Round took 4.877366ms
Round took 4.692668ms
Round took 3.864573ms
Round took 3.967094ms
Round took 5.265909ms
Round took 5.180367ms
Round took 6.047859ms
Round took 4.872677ms
Round took 6.201681ms
Round took 6.711526ms
Round took 4.753125ms
Round took 4.908856ms
Round took 5.012718ms
Round took 5.176974ms
Round took 4.940336ms
Round took 5.115385ms
Round took 4.95175ms
Round took 5.621631ms
Round took 4.994849ms
Round took 5.008555ms
Round took 5.94289ms
Round took 4.259751ms
Round took 4.878543ms
Round took 5.558062ms
Round took 5.008909ms
Round took 4.859084ms
Round took 5.171824ms
Round took 5.907652ms
Round took 5.550891ms
Round took 5.28655ms
Round took 5.120323ms
Round took 5.128021ms
Round took 4.758392ms
Round took 3.814112ms
Round took 5.259548ms
Round took 5.230991ms
Round took 5.557007ms
Round took 4.46575ms
Round took 7.249519ms
Round took 5.985108ms
Round took 4.51307ms
Round took 4.717924ms
Round took 4.697615ms
Round took 4.519562ms
Round took 3.594161ms
Round took 5.803725ms
Round took 5.722749ms
Round took 4.630001ms
Round took 5.196789ms
Round took 6.697115ms
Round took 6.195735ms
Round took 5.125533ms
Round took 4.988558ms
Round took 5.209903ms
Round took 4.862881ms
Round took 5.090433ms
Round took 5.521335ms
Round took 4.97534ms
Round took 5.031991ms
Round took 4.967494ms
Round took 5.005828ms
Round took 5.158584ms
Round took 5.071802ms
Round took 5.249694ms
Round took 4.767166ms
Round took 5.478585ms
Round took 4.839895ms
Round took 5.305238ms
Round took 5.040449ms
Round took 4.779906ms
Round took 5.024425ms
Round took 5.334193ms
Round took 4.831429ms
Round took 4.671786ms
Round took 5.704309ms
Round took 4.581653ms
Round took 5.410324ms
Round took 4.97667ms
Round took 5.128634ms
Round took 5.692079ms
Round took 4.766013ms
Round took 5.378394ms
Round took 5.171691ms
Round took 5.117437ms
Round took 5.037345ms
Round took 4.986873ms
Round took 6.374106ms
Round took 4.953523ms
Round took 6.287244ms
Round took 4.603099ms
Round took 4.95339ms
Round took 5.380423ms
Round took 4.453121ms
Test took 5.209462963s
Successful: 10000
