Uniform distribution
2021/04/16 21:40:47 The leader is replica 0
Round took 6.919695ms
Round took 8.246638ms
Round took 6.867268ms
Round took 6.632456ms
Round took 6.90708ms
Round took 6.393601ms
Round took 4.036791ms
Round took 5.714743ms
Round took 4.852418ms
Round took 5.545825ms
Round took 5.066172ms
Round took 4.805494ms
Round took 5.305463ms
Round took 4.778219ms
Round took 4.756311ms
Round took 5.136496ms
Round took 5.638247ms
Round took 5.062178ms
Round took 4.899612ms
Round took 5.390243ms
Round took 4.841561ms
Round took 4.832466ms
Round took 5.19884ms
Round took 5.459214ms
Round took 4.975471ms
Round took 4.521124ms
Round took 4.99597ms
Round took 5.421918ms
Round took 4.890352ms
Round took 5.065452ms
Round took 5.688011ms
Round took 4.350558ms
Round took 5.18284ms
Round took 4.83408ms
Round took 5.407364ms
Round took 5.135629ms
Round took 4.885575ms
Round took 5.356255ms
Round took 6.736059ms
Round took 7.984073ms
Round took 7.102617ms
Round took 4.659723ms
Round took 4.014224ms
Round took 6.604195ms
Round took 5.515842ms
Round took 6.50499ms
Round took 4.050033ms
Round took 5.686212ms
Round took 5.019972ms
Round took 5.236409ms
Round took 4.698253ms
Round took 5.700639ms
Round took 6.391068ms
Round took 4.829491ms
Round took 5.863535ms
Round took 4.050939ms
Round took 3.596665ms
Round took 5.734798ms
Round took 5.159446ms
Round took 5.504978ms
Round took 4.969197ms
Round took 4.732287ms
Round took 5.116049ms
Round took 5.381085ms
Round took 4.736558ms
Round took 5.194849ms
Round took 4.842007ms
Round took 7.354622ms
Round took 5.313791ms
Round took 4.097995ms
Round took 4.953521ms
Round took 5.208205ms
Round took 4.783756ms
Round took 5.403802ms
Round took 4.975993ms
Round took 4.748908ms
Round took 4.716405ms
Round took 5.235903ms
Round took 4.968252ms
Round took 4.496862ms
Round took 4.554439ms
Round took 5.493219ms
Round took 4.772347ms
Round took 4.704241ms
Round took 5.543008ms
Round took 5.418659ms
Round took 5.232711ms
Round took 4.699742ms
Round took 4.850545ms
Round took 5.713214ms
Round took 5.026983ms
Round took 5.461956ms
Round took 4.779116ms
Round took 4.87579ms
Round took 5.063613ms
Round took 5.045402ms
Round took 5.646788ms
Round took 5.057399ms
Round took 5.099716ms
Round took 5.583213ms
Round took 4.508397ms
Round took 4.957854ms
Round took 4.794681ms
Round took 5.408868ms
Round took 4.892376ms
Round took 4.725556ms
Round took 5.775577ms
Round took 5.048453ms
Round took 4.036645ms
Round took 4.347389ms
Round took 5.204626ms
Round took 5.815336ms
Round took 5.011091ms
Round took 5.033755ms
Round took 5.004881ms
Round took 5.11101ms
Round took 5.02012ms
Round took 5.029434ms
Round took 5.609786ms
Round took 4.994363ms
Round took 4.920264ms
Round took 5.485178ms
Round took 5.232009ms
Round took 4.536363ms
Round took 5.015936ms
Round took 5.453738ms
Round took 4.980485ms
Round took 5.253965ms
Round took 4.482633ms
Round took 5.48598ms
Round took 5.332673ms
Round took 5.194665ms
Round took 5.172674ms
Round took 5.595792ms
Round took 4.29034ms
Round took 4.519636ms
Round took 5.450384ms
Round took 5.18966ms
Round took 4.802432ms
Round took 4.910494ms
Round took 6.16295ms
Round took 4.194512ms
Round took 4.857809ms
Round took 4.715517ms
Round took 5.897173ms
Round took 5.679677ms
Round took 6.722469ms
Round took 5.113274ms
Round took 5.684391ms
Round took 3.809879ms
Round took 4.088173ms
Round took 4.837124ms
Round took 4.891457ms
Round took 6.597057ms
Round took 4.865156ms
Round took 4.750537ms
Round took 3.877082ms
Round took 6.008897ms
Round took 4.939663ms
Round took 4.847532ms
Round took 4.903719ms
Round took 4.509431ms
Round took 4.302965ms
Round took 4.569076ms
Round took 5.597593ms
Round took 5.032504ms
Round took 5.013825ms
Round took 5.02585ms
Round took 5.836502ms
Round took 4.84005ms
Round took 5.226197ms
Round took 5.684959ms
Round took 4.63864ms
Round took 4.135177ms
Round took 5.547485ms
Round took 4.570652ms
Round took 5.577038ms
Round took 4.830815ms
Round took 4.049431ms
Round took 5.153826ms
Round took 5.491303ms
Round took 5.003827ms
Round took 5.06719ms
Round took 4.5805ms
Round took 5.501545ms
Round took 5.521164ms
Round took 4.29015ms
Round took 4.830373ms
Round took 5.255831ms
Round took 4.729789ms
Round took 4.808715ms
Round took 5.094533ms
Round took 5.683701ms
Round took 5.209637ms
Round took 4.943254ms
Round took 4.701422ms
Round took 5.958098ms
Round took 4.837967ms
Round took 5.571484ms
Round took 4.871515ms
Round took 5.033606ms
Round took 5.026841ms
Round took 5.404727ms
Round took 4.967223ms
Round took 4.79756ms
Round took 4.588763ms
Round took 5.650943ms
Round took 4.971601ms
Round took 4.656458ms
Round took 5.855296ms
Round took 4.576263ms
Round took 5.070754ms
Round took 4.709871ms
Round took 4.784449ms
Round took 5.726817ms
Round took 5.524907ms
Round took 4.748667ms
Round took 5.715478ms
Round took 4.985301ms
Round took 4.159033ms
Round took 4.646894ms
Round took 5.50628ms
Round took 5.237199ms
Round took 5.048629ms
Round took 4.562154ms
Round took 5.656942ms
Round took 4.95475ms
Round took 4.8109ms
Round took 5.279892ms
Round took 5.377234ms
Round took 4.480569ms
Round took 5.595302ms
Round took 4.878004ms
Round took 4.920899ms
Round took 4.637527ms
Round took 4.794287ms
Round took 6.384748ms
Round took 4.171075ms
Round took 5.246464ms
Round took 4.960271ms
Round took 5.248698ms
Round took 4.883924ms
Round took 4.886795ms
Round took 6.015706ms
Round took 4.596227ms
Round took 5.138321ms
Round took 4.700012ms
Round took 5.43289ms
Round took 4.599989ms
Round took 5.127863ms
Round took 5.681285ms
Round took 4.551231ms
Round took 5.254995ms
Round took 4.957797ms
Round took 5.295828ms
Round took 4.556575ms
Round took 5.438275ms
Round took 4.82839ms
Round took 4.920695ms
Round took 6.26609ms
Round took 6.3446ms
Round took 4.824837ms
Round took 3.870221ms
Round took 4.107516ms
Round took 4.840309ms
Round took 5.648083ms
Round took 4.745815ms
Round took 4.768023ms
Round took 5.133245ms
Round took 5.572982ms
Round took 4.46404ms
Round took 5.162547ms
Round took 5.095617ms
Round took 5.253293ms
Round took 5.063274ms
Round took 5.335521ms
Round took 5.27558ms
Round took 4.867183ms
Round took 5.92273ms
Round took 5.582311ms
Round took 4.113251ms
Round took 4.63957ms
Round took 4.970887ms
Round took 5.814708ms
Round took 4.735464ms
Round took 4.964293ms
Round took 5.191281ms
Round took 5.132472ms
Round took 4.637226ms
Round took 5.195595ms
Round took 5.543524ms
Round took 4.695724ms
Round took 5.324985ms
Round took 4.609523ms
Round took 5.302724ms
Round took 4.875897ms
Round took 5.098914ms
Round took 6.062752ms
Round took 4.665579ms
Round took 4.451847ms
Round took 4.638274ms
Round took 4.777002ms
Round took 5.66589ms
Round took 4.873798ms
Round took 4.771898ms
Round took 5.178831ms
Round took 5.49206ms
Round took 5.015229ms
Round took 5.494306ms
Round took 5.156684ms
Round took 5.112354ms
Round took 5.165457ms
Round took 5.001753ms
Round took 4.849367ms
Round took 5.691305ms
Round took 5.634987ms
Round took 4.937046ms
Round took 4.8656ms
Round took 5.205267ms
Round took 5.263972ms
Round took 4.672724ms
Round took 4.351742ms
Round took 5.520466ms
Round took 5.263522ms
Round took 5.613079ms
Round took 4.37082ms
Round took 5.802673ms
Round took 4.762086ms
Round took 4.417297ms
Round took 5.468089ms
Round took 5.186686ms
Round took 4.469256ms
Round took 5.058679ms
Round took 5.43235ms
Round took 5.082418ms
Round took 5.281495ms
Round took 4.335935ms
Round took 4.827879ms
Round took 5.281871ms
Round took 5.488442ms
Round took 5.05223ms
Round took 5.3249ms
Round took 4.813719ms
Round took 4.446956ms
Round took 5.250821ms
Round took 5.204968ms
Round took 4.899639ms
Round took 5.203756ms
Round took 4.525322ms
Round took 5.599638ms
Round took 4.671636ms
Round took 5.171908ms
Round took 4.920572ms
Round took 5.850377ms
Round took 4.419186ms
Round took 4.776447ms
Round took 5.244914ms
Round took 5.096584ms
Round took 5.400263ms
Round took 4.376809ms
Round took 6.146838ms
Round took 5.06215ms
Round took 5.049949ms
Round took 4.615862ms
Round took 5.609172ms
Round took 4.75001ms
Round took 4.297315ms
Round took 5.513211ms
Round took 5.194879ms
Round took 4.97811ms
Round took 5.322257ms
Round took 5.010071ms
Round took 4.989602ms
Round took 5.200755ms
Round took 5.015385ms
Round took 5.965286ms
Round took 3.844175ms
Round took 5.766349ms
Round took 4.403021ms
Round took 5.176882ms
Round took 5.454937ms
Round took 4.594076ms
Round took 5.652503ms
Round took 4.745091ms
Round took 5.4391ms
Round took 4.294955ms
Round took 5.570557ms
Round took 5.013753ms
Round took 5.064891ms
Round took 5.821567ms
Round took 4.43954ms
Round took 4.811784ms
Round took 4.980488ms
Round took 5.525579ms
Round took 5.096724ms
Round took 4.73349ms
Round took 5.084442ms
Round took 4.754939ms
Round took 5.295165ms
Round took 5.427942ms
Round took 6.011759ms
Round took 4.865116ms
Round took 4.5005ms
Round took 5.11439ms
Round took 5.174887ms
Round took 5.307621ms
Round took 5.235106ms
Round took 4.997511ms
Round took 7.268358ms
Round took 5.321871ms
Round took 4.766844ms
Round took 3.598604ms
Round took 18.466417ms
Round took 5.039181ms
Round took 4.780389ms
Round took 4.861687ms
Round took 5.930484ms
Round took 6.126513ms
Round took 4.589129ms
Round took 5.634347ms
Round took 3.691462ms
Round took 4.746379ms
Round took 6.028681ms
Round took 5.635835ms
Round took 5.449937ms
Round took 4.265314ms
Round took 3.436395ms
Round took 6.259549ms
Round took 5.00623ms
Round took 5.178861ms
Round took 4.960165ms
Round took 5.206778ms
Round took 4.866409ms
Round took 4.967861ms
Round took 6.286654ms
Round took 4.139311ms
Round took 4.747373ms
Round took 5.033794ms
Round took 5.634309ms
Round took 4.549885ms
Round took 5.016227ms
Round took 5.110256ms
Round took 4.783505ms
Round took 5.544683ms
Round took 4.752157ms
Round took 5.682156ms
Round took 4.459233ms
Round took 5.086615ms
Round took 5.300697ms
Round took 4.471126ms
Round took 5.69531ms
Round took 4.724618ms
Round took 4.822948ms
Round took 6.089698ms
Round took 4.230456ms
Round took 4.907006ms
Round took 4.478944ms
Round took 6.436642ms
Round took 5.039659ms
Round took 4.320478ms
Round took 4.54745ms
Round took 5.384681ms
Round took 4.903137ms
Round took 4.923439ms
Round took 5.96646ms
Round took 4.400273ms
Round took 5.056055ms
Round took 4.416686ms
Round took 5.131496ms
Round took 5.223609ms
Round took 5.182176ms
Round took 5.175453ms
Round took 5.571195ms
Round took 4.86692ms
Round took 4.657883ms
Round took 5.235567ms
Round took 5.424791ms
Round took 4.929121ms
Round took 5.158344ms
Round took 5.729035ms
Round took 4.284079ms
Round took 5.404393ms
Round took 4.834675ms
Round took 5.398694ms
Round took 4.544052ms
Round took 4.766178ms
Round took 4.863133ms
Round took 5.4527ms
Round took 5.935708ms
Round took 4.54579ms
Round took 5.523578ms
Round took 4.930763ms
Round took 5.060393ms
Round took 4.504881ms
Round took 6.32064ms
Round took 3.419166ms
Round took 5.295531ms
Round took 4.664436ms
Round took 6.182072ms
Round took 4.217282ms
Round took 4.804007ms
Round took 5.344838ms
Round took 5.455536ms
Round took 4.868596ms
Round took 4.985814ms
Round took 5.514617ms
Round took 4.626104ms
Round took 5.159454ms
Round took 4.758163ms
Round took 5.659531ms
Round took 5.060323ms
Round took 4.413055ms
Round took 5.197963ms
Round took 5.605061ms
Round took 5.02018ms
Round took 4.631838ms
Round took 5.472849ms
Round took 4.695821ms
Round took 5.411821ms
Round took 4.394497ms
Round took 5.775756ms
Round took 4.820856ms
Round took 4.538198ms
Round took 5.079313ms
Round took 5.241869ms
Round took 4.519271ms
Round took 4.700278ms
Round took 5.153136ms
Round took 5.275608ms
Round took 4.676754ms
Round took 5.291344ms
Round took 5.006284ms
Round took 5.856205ms
Round took 4.47416ms
Round took 5.445418ms
Round took 5.388744ms
Round took 4.445896ms
Round took 4.588739ms
Round took 5.073543ms
Round took 5.96967ms
Round took 4.654473ms
Round took 5.072657ms
Round took 5.030472ms
Round took 5.787148ms
Round took 5.135898ms
Round took 4.83561ms
Round took 5.793293ms
Round took 4.370913ms
Round took 4.971823ms
Round took 5.839793ms
Round took 4.25928ms
Round took 5.024824ms
Round took 4.450354ms
Round took 5.315887ms
Round took 4.86603ms
Round took 5.45741ms
Round took 4.543113ms
Round took 5.61608ms
Round took 4.746359ms
Round took 5.292226ms
Round took 4.942878ms
Round took 5.997601ms
Round took 4.742003ms
Round took 4.645189ms
Round took 6.0047ms
Round took 4.917627ms
Round took 4.361468ms
Round took 5.418402ms
Round took 5.139316ms
Round took 4.791627ms
Round took 5.28512ms
Round took 4.647044ms
Round took 5.811466ms
Round took 5.159389ms
Round took 5.113929ms
Round took 5.446857ms
Round took 4.431515ms
Round took 5.088757ms
Round took 4.588835ms
Round took 5.522329ms
Round took 4.753706ms
Round took 4.453803ms
Round took 5.076475ms
Round took 5.7697ms
Round took 4.498977ms
Round took 4.904451ms
Round took 5.062205ms
Round took 5.57236ms
Round took 4.807842ms
Round took 4.978223ms
Round took 5.28306ms
Round took 4.964661ms
Round took 5.193035ms
Round took 4.428604ms
Round took 5.388333ms
Round took 5.205603ms
Round took 4.430586ms
Round took 5.326957ms
Round took 5.509945ms
Round took 4.630921ms
Round took 5.125518ms
Round took 4.987568ms
Round took 5.013056ms
Round took 5.438181ms
Round took 4.695342ms
Round took 6.288037ms
Round took 3.830884ms
Round took 5.236464ms
Round took 5.335697ms
Round took 5.176974ms
Round took 5.180163ms
Round took 4.852715ms
Round took 5.570945ms
Round took 4.871137ms
Round took 4.872566ms
Round took 5.352161ms
Round took 5.40451ms
Round took 5.51339ms
Round took 4.181753ms
Round took 4.99751ms
Round took 5.803766ms
Round took 4.534971ms
Round took 5.483428ms
Round took 4.726296ms
Round took 5.138371ms
Round took 4.555817ms
Round took 4.936894ms
Round took 5.983032ms
Round took 3.991702ms
Round took 5.252673ms
Round took 5.028785ms
Round took 5.675517ms
Round took 4.648016ms
Round took 5.23123ms
Round took 5.310254ms
Round took 4.913339ms
Round took 4.96155ms
Round took 5.36082ms
Round took 4.944284ms
Round took 4.997028ms
Round took 5.231873ms
Round took 5.760153ms
Round took 5.068413ms
Round took 4.550665ms
Round took 4.283095ms
Round took 5.023947ms
Round took 5.116124ms
Round took 5.162867ms
Round took 4.879264ms
Round took 5.760402ms
Round took 4.650679ms
Round took 5.012958ms
Round took 4.936784ms
Round took 6.010617ms
Round took 4.607718ms
Round took 4.835485ms
Round took 4.982034ms
Round took 5.273285ms
Round took 4.637227ms
Round took 5.066587ms
Round took 6.190398ms
Round took 4.193247ms
Round took 4.9842ms
Round took 4.793141ms
Round took 5.3322ms
Round took 5.134355ms
Round took 4.922889ms
Round took 5.924978ms
Round took 4.537018ms
Round took 4.610605ms
Round took 4.687029ms
Round took 5.377149ms
Round took 4.879646ms
Round took 5.003547ms
Round took 5.001488ms
Round took 5.795867ms
Round took 4.361893ms
Round took 5.147424ms
Round took 4.747206ms
Round took 6.610825ms
Round took 4.83845ms
Round took 4.210228ms
Round took 5.131414ms
Round took 5.614821ms
Round took 4.317475ms
Round took 4.922603ms
Round took 5.512501ms
Round took 4.751106ms
Round took 5.384278ms
Round took 4.765977ms
Round took 5.485188ms
Round took 4.864523ms
Round took 5.077103ms
Round took 6.06129ms
Round took 4.073795ms
Round took 5.114638ms
Round took 5.134094ms
Round took 4.786551ms
Round took 5.705997ms
Round took 4.627169ms
Round took 5.218161ms
Round took 5.809068ms
Round took 4.321232ms
Round took 4.864012ms
Round took 5.688572ms
Round took 5.868789ms
Round took 4.568979ms
Round took 5.779431ms
Round took 5.567943ms
Round took 4.932205ms
Round took 5.736024ms
Round took 4.653023ms
Round took 4.185794ms
Round took 4.875723ms
Round took 4.320411ms
Round took 5.613462ms
Round took 4.660165ms
Round took 5.035969ms
Round took 5.371006ms
Round took 5.263693ms
Round took 4.907679ms
Round took 4.677637ms
Round took 5.749045ms
Round took 4.653816ms
Round took 4.662357ms
Round took 4.516251ms
Round took 5.058922ms
Round took 5.899901ms
Round took 4.456257ms
Round took 4.940917ms
Round took 5.681689ms
Round took 4.915606ms
Round took 4.738319ms
Round took 5.08975ms
Round took 5.818373ms
Round took 4.279556ms
Round took 5.515579ms
Round took 4.620356ms
Round took 5.685321ms
Round took 4.75967ms
Round took 4.925426ms
Round took 5.2713ms
Round took 4.875501ms
Round took 4.937198ms
Round took 5.279127ms
Round took 5.411604ms
Round took 4.689438ms
Round took 4.619377ms
Round took 5.256544ms
Round took 6.017115ms
Round took 4.025773ms
Round took 5.010723ms
Round took 6.002885ms
Round took 4.166084ms
Round took 5.145105ms
Round took 4.916179ms
Round took 6.014328ms
Round took 5.638599ms
Round took 4.765981ms
Round took 4.99349ms
Round took 4.633352ms
Round took 4.568382ms
Round took 4.384343ms
Round took 5.336001ms
Round took 5.93572ms
Round took 4.773838ms
Round took 4.747508ms
Round took 4.591952ms
Round took 5.490547ms
Round took 4.773326ms
Round took 4.973313ms
Round took 5.583554ms
Round took 4.723988ms
Round took 5.33857ms
Round took 4.500668ms
Round took 5.762728ms
Round took 4.946366ms
Round took 5.377734ms
Round took 5.263582ms
Round took 4.433898ms
Round took 5.297863ms
Round took 5.161236ms
Round took 5.769137ms
Round took 4.444004ms
Round took 5.237152ms
Round took 5.634182ms
Round took 4.585856ms
Round took 5.348427ms
Round took 4.295929ms
Round took 6.069795ms
Round took 4.448901ms
Round took 4.643822ms
Round took 4.948665ms
Round took 5.497526ms
Round took 5.168848ms
Round took 4.472466ms
Round took 5.138549ms
Round took 5.160781ms
Round took 5.070208ms
Round took 5.067176ms
Round took 5.765162ms
Round took 4.197533ms
Round took 5.104214ms
Round took 4.744934ms
Round took 5.046996ms
Round took 6.239272ms
Round took 4.737066ms
Round took 4.775504ms
Round took 5.497893ms
Round took 4.588685ms
Round took 5.540085ms
Round took 5.357384ms
Round took 4.283212ms
Round took 5.102467ms
Round took 4.968685ms
Round took 5.613872ms
Round took 5.073775ms
Round took 4.350221ms
Round took 4.970795ms
Round took 5.357485ms
Round took 5.118218ms
Round took 4.918028ms
Round took 5.431213ms
Round took 4.707469ms
Round took 5.608228ms
Round took 4.323449ms
Round took 6.066577ms
Round took 5.030617ms
Round took 5.004934ms
Round took 5.441285ms
Round took 5.31925ms
Round took 4.457567ms
Round took 5.662354ms
Round took 4.628641ms
Round took 4.490063ms
Round took 5.984342ms
Round took 4.605479ms
Round took 5.989599ms
Round took 4.09986ms
Round took 5.840928ms
Round took 4.320389ms
Round took 5.455135ms
Round took 5.388223ms
Round took 4.705972ms
Round took 5.351101ms
Round took 3.752472ms
Round took 5.056515ms
Round took 4.7411ms
Round took 5.22545ms
Round took 5.152645ms
Round took 4.963646ms
Round took 5.783055ms
Round took 4.681678ms
Round took 4.849132ms
Round took 4.886392ms
Round took 4.836025ms
Round took 5.442081ms
Round took 4.954784ms
Round took 4.907787ms
Round took 5.004534ms
Round took 5.61284ms
Round took 4.84185ms
Round took 4.929683ms
Round took 5.741566ms
Round took 5.395987ms
Round took 4.560157ms
Round took 5.3403ms
Round took 4.831474ms
Round took 4.95721ms
Round took 4.983339ms
Round took 6.407121ms
Round took 6.004911ms
Round took 4.815385ms
Round took 4.615363ms
Round took 3.53148ms
Round took 5.185901ms
Round took 5.249165ms
Round took 6.043129ms
Round took 4.808812ms
Round took 6.045661ms
Round took 3.28061ms
Round took 6.608087ms
Round took 4.306807ms
Round took 4.980413ms
Round took 5.511716ms
Round took 4.538366ms
Round took 4.889047ms
Round took 5.154702ms
Round took 5.363327ms
Round took 4.698304ms
Round took 5.154466ms
Round took 5.980193ms
Round took 4.630122ms
Round took 4.553363ms
Round took 4.756924ms
Round took 5.592528ms
Round took 4.688518ms
Round took 4.942119ms
Round took 5.20556ms
Round took 6.155635ms
Round took 5.410747ms
Round took 5.231182ms
Round took 5.083252ms
Round took 5.284969ms
Round took 4.584685ms
Round took 3.790758ms
Round took 5.902959ms
Round took 4.269218ms
Round took 6.237472ms
Round took 4.424112ms
Round took 8.08029ms
Round took 4.639432ms
Round took 4.033276ms
Round took 4.695989ms
Round took 4.740973ms
Round took 4.382006ms
Round took 3.640976ms
Round took 5.760357ms
Round took 5.105813ms
Round took 4.276345ms
Round took 4.960818ms
Round took 6.028428ms
Round took 3.85773ms
Round took 5.895546ms
Round took 6.108765ms
Round took 4.06621ms
Round took 5.275371ms
Round took 4.582366ms
Round took 5.208392ms
Round took 5.614492ms
Round took 4.314919ms
Round took 4.988986ms
Round took 5.202849ms
Round took 4.354282ms
Round took 5.26983ms
Round took 5.306075ms
Round took 5.825034ms
Round took 4.312817ms
Round took 5.317038ms
Round took 5.466285ms
Round took 4.911472ms
Round took 5.096975ms
Round took 4.802172ms
Round took 6.378008ms
Round took 4.523185ms
Round took 4.846472ms
Round took 4.028818ms
Round took 6.130112ms
Round took 4.265809ms
Round took 5.379057ms
Round took 5.78875ms
Round took 4.744638ms
Round took 5.367191ms
Round took 4.273092ms
Round took 5.611875ms
Round took 4.581981ms
Round took 5.181475ms
Round took 5.331492ms
Round took 4.704392ms
Round took 4.716937ms
Round took 4.77243ms
Round took 5.601327ms
Round took 5.31525ms
Round took 5.060348ms
Round took 4.711656ms
Round took 5.206245ms
Round took 5.590112ms
Round took 4.623921ms
Round took 6.192239ms
Round took 5.481467ms
Round took 4.167908ms
Round took 4.412871ms
Round took 5.633144ms
Round took 5.018621ms
Round took 4.67502ms
Round took 5.483112ms
Round took 6.226982ms
Round took 4.451681ms
Round took 6.34997ms
Round took 3.609912ms
Round took 4.912336ms
Round took 5.267503ms
Round took 5.818924ms
Round took 4.666941ms
Round took 4.63101ms
Round took 6.315859ms
Round took 4.158292ms
Round took 4.427946ms
Round took 5.083951ms
Round took 5.203215ms
Round took 5.80849ms
Round took 4.489545ms
Round took 5.069052ms
Round took 5.282778ms
Round took 4.661034ms
Round took 5.185534ms
Round took 5.182696ms
Round took 6.518781ms
Round took 3.613752ms
Round took 5.298383ms
Test took 5.124252228s
Successful: 10000
