Uniform distribution
2021/04/16 21:40:47 The leader is replica 0
Round took 7.104769ms
Round took 6.981741ms
Round took 6.389724ms
Round took 4.118822ms
Round took 5.745293ms
Round took 4.833849ms
Round took 5.279227ms
Round took 5.217515ms
Round took 4.837878ms
Round took 4.871068ms
Round took 4.896993ms
Round took 5.18211ms
Round took 5.065403ms
Round took 5.575218ms
Round took 5.045863ms
Round took 4.979532ms
Round took 5.140521ms
Round took 5.121567ms
Round took 4.951644ms
Round took 5.226008ms
Round took 5.477768ms
Round took 4.974073ms
Round took 4.56488ms
Round took 5.032865ms
Round took 5.479796ms
Round took 4.886107ms
Round took 5.097439ms
Round took 5.638014ms
Round took 4.371975ms
Round took 5.186301ms
Round took 4.851861ms
Round took 5.373482ms
Round took 5.14373ms
Round took 4.868353ms
Round took 5.344691ms
Round took 6.658948ms
Round took 8.021635ms
Round took 7.110245ms
Round took 4.682804ms
Round took 3.949724ms
Round took 6.694159ms
Round took 5.54672ms
Round took 6.525965ms
Round took 4.051747ms
Round took 5.677313ms
Round took 5.061959ms
Round took 5.207503ms
Round took 4.726143ms
Round took 5.743456ms
Round took 6.297276ms
Round took 4.875146ms
Round took 5.843316ms
Round took 4.084893ms
Round took 3.662742ms
Round took 5.786974ms
Round took 5.162361ms
Round took 5.558549ms
Round took 5.067269ms
Round took 4.681675ms
Round took 5.093229ms
Round took 5.337371ms
Round took 4.527347ms
Round took 5.240939ms
Round took 5.593226ms
Round took 6.540115ms
Round took 5.28622ms
Round took 4.120238ms
Round took 5.020173ms
Round took 5.167702ms
Round took 4.783679ms
Round took 5.466901ms
Round took 5.05925ms
Round took 4.702458ms
Round took 4.766062ms
Round took 5.166169ms
Round took 4.875653ms
Round took 4.490847ms
Round took 4.608035ms
Round took 5.477808ms
Round took 4.879799ms
Round took 4.658365ms
Round took 5.559712ms
Round took 5.318269ms
Round took 5.223642ms
Round took 4.67463ms
Round took 4.811717ms
Round took 5.746121ms
Round took 5.023117ms
Round took 5.827903ms
Round took 4.81927ms
Round took 4.787946ms
Round took 4.98923ms
Round took 5.561463ms
Round took 5.137407ms
Round took 5.034895ms
Round took 5.377497ms
Round took 5.382236ms
Round took 4.544206ms
Round took 4.988098ms
Round took 4.727321ms
Round took 5.59857ms
Round took 4.972559ms
Round took 4.99079ms
Round took 6.073657ms
Round took 5.084403ms
Round took 4.526674ms
Round took 4.171164ms
Round took 5.196278ms
Round took 5.563581ms
Round took 5.026071ms
Round took 6.058965ms
Round took 3.622068ms
Round took 4.916556ms
Round took 5.085851ms
Round took 5.654923ms
Round took 4.839232ms
Round took 5.033079ms
Round took 4.849255ms
Round took 5.560616ms
Round took 4.923725ms
Round took 4.502271ms
Round took 5.009085ms
Round took 5.493616ms
Round took 4.794293ms
Round took 5.280306ms
Round took 4.533445ms
Round took 5.420356ms
Round took 5.367791ms
Round took 5.391759ms
Round took 5.000948ms
Round took 5.588685ms
Round took 4.308899ms
Round took 4.591187ms
Round took 5.397221ms
Round took 5.158373ms
Round took 4.712006ms
Round took 5.283154ms
Round took 5.761295ms
Round took 4.224692ms
Round took 4.768769ms
Round took 4.772648ms
Round took 5.876429ms
Round took 5.851166ms
Round took 6.588885ms
Round took 5.06595ms
Round took 5.640552ms
Round took 3.825942ms
Round took 4.137859ms
Round took 4.991351ms
Round took 4.872187ms
Round took 6.605644ms
Round took 4.837607ms
Round took 4.716087ms
Round took 3.812127ms
Round took 5.923216ms
Round took 4.936941ms
Round took 4.945123ms
Round took 5.633341ms
Round took 4.443482ms
Round took 4.368143ms
Round took 4.563955ms
Round took 5.488635ms
Round took 4.824545ms
Round took 5.082805ms
Round took 5.01912ms
Round took 5.156009ms
Round took 5.564329ms
Round took 4.779934ms
Round took 5.240675ms
Round took 4.360419ms
Round took 5.118302ms
Round took 5.624757ms
Round took 4.598425ms
Round took 5.578812ms
Round took 4.962622ms
Round took 4.021353ms
Round took 5.160583ms
Round took 5.461512ms
Round took 4.911303ms
Round took 5.05337ms
Round took 4.570605ms
Round took 5.505114ms
Round took 5.594552ms
Round took 4.300868ms
Round took 4.855096ms
Round took 5.622173ms
Round took 4.946218ms
Round took 4.864435ms
Round took 5.770148ms
Round took 4.976829ms
Round took 5.2018ms
Round took 4.865277ms
Round took 4.695639ms
Round took 5.916401ms
Round took 4.890326ms
Round took 5.595524ms
Round took 4.790575ms
Round took 5.048815ms
Round took 4.918707ms
Round took 5.439817ms
Round took 4.953627ms
Round took 5.232316ms
Round took 5.205713ms
Round took 4.975807ms
Round took 4.969031ms
Round took 4.752302ms
Round took 5.950092ms
Round took 4.221029ms
Round took 5.175805ms
Round took 4.679437ms
Round took 5.018748ms
Round took 5.484135ms
Round took 5.636787ms
Round took 4.720028ms
Round took 5.614545ms
Round took 5.071789ms
Round took 5.559726ms
Round took 3.764793ms
Round took 5.368945ms
Round took 5.419933ms
Round took 5.522468ms
Round took 4.401943ms
Round took 5.185855ms
Round took 4.942873ms
Round took 5.064026ms
Round took 5.021658ms
Round took 4.997547ms
Round took 4.449084ms
Round took 5.645859ms
Round took 4.757986ms
Round took 5.110362ms
Round took 5.10821ms
Round took 4.951837ms
Round took 6.16677ms
Round took 4.144309ms
Round took 5.667887ms
Round took 4.367324ms
Round took 5.221147ms
Round took 4.771519ms
Round took 5.596128ms
Round took 5.642975ms
Round took 4.564038ms
Round took 5.784437ms
Round took 4.230849ms
Round took 4.760596ms
Round took 4.800842ms
Round took 5.402475ms
Round took 5.504597ms
Round took 4.413352ms
Round took 5.169059ms
Round took 4.913154ms
Round took 5.237362ms
Round took 4.588402ms
Round took 5.435769ms
Round took 5.379939ms
Round took 4.308548ms
Round took 6.324574ms
Round took 6.401166ms
Round took 4.812059ms
Round took 4.07175ms
Round took 4.130311ms
Round took 5.341354ms
Round took 5.471549ms
Round took 4.678087ms
Round took 5.800738ms
Round took 4.441644ms
Round took 5.480583ms
Round took 4.483786ms
Round took 5.74714ms
Round took 4.545677ms
Round took 4.635097ms
Round took 4.996604ms
Round took 5.328312ms
Round took 5.295131ms
Round took 4.787658ms
Round took 6.462586ms
Round took 4.93907ms
Round took 4.11482ms
Round took 4.62107ms
Round took 4.980558ms
Round took 5.774019ms
Round took 4.789219ms
Round took 4.926884ms
Round took 5.393693ms
Round took 4.936156ms
Round took 4.716475ms
Round took 5.168347ms
Round took 5.790119ms
Round took 4.453318ms
Round took 5.327281ms
Round took 4.560386ms
Round took 5.293509ms
Round took 4.855317ms
Round took 5.092637ms
Round took 6.039558ms
Round took 4.456706ms
Round took 4.661633ms
Round took 4.599331ms
Round took 4.788486ms
Round took 5.745831ms
Round took 4.890897ms
Round took 4.732685ms
Round took 5.379814ms
Round took 5.252807ms
Round took 4.916916ms
Round took 5.49635ms
Round took 5.12697ms
Round took 5.123066ms
Round took 5.142809ms
Round took 4.985917ms
Round took 4.843745ms
Round took 5.707984ms
Round took 5.638067ms
Round took 4.930674ms
Round took 4.797366ms
Round took 5.156057ms
Round took 5.373977ms
Round took 4.793611ms
Round took 4.340191ms
Round took 5.458352ms
Round took 5.262066ms
Round took 5.625622ms
Round took 4.370982ms
Round took 5.870608ms
Round took 4.714298ms
Round took 4.36271ms
Round took 5.49412ms
Round took 5.113609ms
Round took 4.488738ms
Round took 5.024165ms
Round took 5.442652ms
Round took 4.966625ms
Round took 5.442408ms
Round took 4.476477ms
Round took 4.833499ms
Round took 5.295434ms
Round took 5.441088ms
Round took 5.100306ms
Round took 5.355088ms
Round took 4.830232ms
Round took 4.665117ms
Round took 5.287445ms
Round took 5.195783ms
Round took 4.830832ms
Round took 4.855495ms
Round took 4.535531ms
Round took 5.70189ms
Round took 4.622782ms
Round took 5.175217ms
Round took 4.872841ms
Round took 5.830731ms
Round took 4.406364ms
Round took 5.133956ms
Round took 5.582766ms
Round took 4.70258ms
Round took 5.291769ms
Round took 4.3034ms
Round took 5.87299ms
Round took 4.957487ms
Round took 4.990063ms
Round took 4.590481ms
Round took 5.675529ms
Round took 4.6297ms
Round took 4.390295ms
Round took 5.516158ms
Round took 5.19627ms
Round took 4.952359ms
Round took 5.315082ms
Round took 5.092824ms
Round took 4.990359ms
Round took 5.164107ms
Round took 5.106567ms
Round took 6.05504ms
Round took 3.77587ms
Round took 5.729729ms
Round took 4.364218ms
Round took 5.19798ms
Round took 5.476148ms
Round took 4.599066ms
Round took 5.558331ms
Round took 4.767485ms
Round took 5.427713ms
Round took 4.222297ms
Round took 5.565264ms
Round took 5.087022ms
Round took 5.093369ms
Round took 5.717899ms
Round took 4.499957ms
Round took 4.743256ms
Round took 5.147466ms
Round took 5.559317ms
Round took 5.241953ms
Round took 4.678555ms
Round took 5.087463ms
Round took 4.730592ms
Round took 5.249266ms
Round took 5.445712ms
Round took 6.011118ms
Round took 4.715451ms
Round took 4.509929ms
Round took 5.016959ms
Round took 5.152682ms
Round took 5.303385ms
Round took 4.771348ms
Round took 5.059578ms
Round took 6.95462ms
Round took 5.733154ms
Round took 4.974548ms
Round took 3.650362ms
Round took 20.353386ms
Round took 3.489386ms
Round took 4.584373ms
Round took 4.833723ms
Round took 5.919636ms
Round took 6.020322ms
Round took 4.726655ms
Round took 5.574438ms
Round took 3.88847ms
Round took 4.700842ms
Round took 6.025247ms
Round took 5.617122ms
Round took 5.458285ms
Round took 4.30369ms
Round took 3.433786ms
Round took 6.203989ms
Round took 4.991888ms
Round took 5.128908ms
Round took 4.975958ms
Round took 5.233628ms
Round took 4.933164ms
Round took 4.958576ms
Round took 6.082202ms
Round took 3.999232ms
Round took 4.515104ms
Round took 5.310146ms
Round took 5.766939ms
Round took 4.50595ms
Round took 5.003496ms
Round took 4.885694ms
Round took 4.912348ms
Round took 5.478332ms
Round took 4.783235ms
Round took 4.998345ms
Round took 5.069147ms
Round took 5.158845ms
Round took 5.309406ms
Round took 4.460081ms
Round took 5.732927ms
Round took 4.769375ms
Round took 4.791373ms
Round took 6.115328ms
Round took 4.253874ms
Round took 4.821997ms
Round took 4.600444ms
Round took 6.396706ms
Round took 5.098158ms
Round took 4.367572ms
Round took 4.511258ms
Round took 5.362037ms
Round took 4.926469ms
Round took 4.948136ms
Round took 6.023966ms
Round took 4.356872ms
Round took 5.053246ms
Round took 4.364454ms
Round took 5.115069ms
Round took 5.271238ms
Round took 5.230686ms
Round took 5.123781ms
Round took 5.554911ms
Round took 4.802997ms
Round took 4.617944ms
Round took 5.268709ms
Round took 5.366646ms
Round took 4.90995ms
Round took 5.207247ms
Round took 5.792688ms
Round took 4.310072ms
Round took 5.485529ms
Round took 4.810399ms
Round took 5.362633ms
Round took 4.540936ms
Round took 4.751849ms
Round took 4.916445ms
Round took 5.449256ms
Round took 5.912432ms
Round took 4.533183ms
Round took 5.468462ms
Round took 4.906956ms
Round took 5.031622ms
Round took 4.465774ms
Round took 6.247135ms
Round took 3.422297ms
Round took 5.28969ms
Round took 4.664318ms
Round took 6.167136ms
Round took 4.243937ms
Round took 4.857727ms
Round took 5.383603ms
Round took 5.476647ms
Round took 4.840823ms
Round took 4.978775ms
Round took 5.50058ms
Round took 4.619717ms
Round took 5.124935ms
Round took 4.816409ms
Round took 5.71092ms
Round took 5.009466ms
Round took 4.411356ms
Round took 5.177357ms
Round took 5.585134ms
Round took 5.071227ms
Round took 4.646175ms
Round took 5.445806ms
Round took 4.805579ms
Round took 5.44844ms
Round took 4.300073ms
Round took 5.748295ms
Round took 4.782803ms
Round took 4.584877ms
Round took 5.085698ms
Round took 5.52702ms
Round took 5.000554ms
Round took 4.644174ms
Round took 5.743696ms
Round took 4.903375ms
Round took 4.768195ms
Round took 5.276542ms
Round took 4.953615ms
Round took 5.8495ms
Round took 4.651459ms
Round took 5.917597ms
Round took 5.075171ms
Round took 4.449369ms
Round took 4.589405ms
Round took 5.138749ms
Round took 5.113058ms
Round took 4.798917ms
Round took 5.041367ms
Round took 5.842618ms
Round took 4.955017ms
Round took 5.099289ms
Round took 5.224222ms
Round took 5.279192ms
Round took 4.367637ms
Round took 4.926984ms
Round took 5.860942ms
Round took 4.161697ms
Round took 5.114284ms
Round took 5.068454ms
Round took 5.528399ms
Round took 4.5164ms
Round took 5.384309ms
Round took 4.511914ms
Round took 5.57357ms
Round took 4.646782ms
Round took 5.331857ms
Round took 4.909572ms
Round took 6.026695ms
Round took 4.954859ms
Round took 4.661559ms
Round took 5.565326ms
Round took 5.148392ms
Round took 4.800922ms
Round took 5.547646ms
Round took 4.962978ms
Round took 4.105843ms
Round took 5.247548ms
Round took 4.617389ms
Round took 5.846362ms
Round took 5.161175ms
Round took 5.323753ms
Round took 5.301557ms
Round took 4.45403ms
Round took 5.163326ms
Round took 4.585007ms
Round took 5.292283ms
Round took 5.151422ms
Round took 4.874079ms
Round took 5.623967ms
Round took 5.417955ms
Round took 4.545309ms
Round took 4.979401ms
Round took 5.090772ms
Round took 5.633679ms
Round took 4.801557ms
Round took 5.520954ms
Round took 4.627798ms
Round took 4.729686ms
Round took 4.883368ms
Round took 4.428633ms
Round took 5.336815ms
Round took 5.287796ms
Round took 4.382764ms
Round took 5.4946ms
Round took 5.286261ms
Round took 4.605227ms
Round took 5.133607ms
Round took 5.680505ms
Round took 4.168539ms
Round took 5.313154ms
Round took 4.66634ms
Round took 6.254084ms
Round took 3.825607ms
Round took 5.253842ms
Round took 5.796339ms
Round took 4.750319ms
Round took 5.135525ms
Round took 4.796591ms
Round took 5.319299ms
Round took 4.6127ms
Round took 4.876757ms
Round took 5.320901ms
Round took 5.494114ms
Round took 5.536287ms
Round took 4.141707ms
Round took 5.042725ms
Round took 5.758057ms
Round took 4.319008ms
Round took 5.491111ms
Round took 4.672043ms
Round took 5.357411ms
Round took 4.778702ms
Round took 4.998901ms
Round took 5.97005ms
Round took 4.121969ms
Round took 5.224278ms
Round took 4.957716ms
Round took 5.680837ms
Round took 4.674964ms
Round took 5.180269ms
Round took 5.23989ms
Round took 4.911448ms
Round took 4.972623ms
Round took 5.34194ms
Round took 4.992767ms
Round took 5.020326ms
Round took 5.303175ms
Round took 5.668788ms
Round took 4.755402ms
Round took 4.606628ms
Round took 4.202993ms
Round took 5.010942ms
Round took 5.078586ms
Round took 5.221756ms
Round took 4.937622ms
Round took 5.742341ms
Round took 4.694625ms
Round took 4.939007ms
Round took 5.016257ms
Round took 6.00805ms
Round took 4.65356ms
Round took 4.805063ms
Round took 5.015088ms
Round took 5.31179ms
Round took 4.700347ms
Round took 5.114782ms
Round took 6.183814ms
Round took 4.213112ms
Round took 4.993701ms
Round took 4.844979ms
Round took 5.356804ms
Round took 5.279013ms
Round took 4.936752ms
Round took 5.945323ms
Round took 4.574954ms
Round took 4.601264ms
Round took 4.706681ms
Round took 5.386807ms
Round took 5.265173ms
Round took 4.978033ms
Round took 4.997637ms
Round took 5.751606ms
Round took 4.068742ms
Round took 5.168872ms
Round took 4.720583ms
Round took 6.603577ms
Round took 5.138991ms
Round took 4.222603ms
Round took 5.885181ms
Round took 4.713597ms
Round took 4.286915ms
Round took 4.917446ms
Round took 5.517766ms
Round took 4.681318ms
Round took 5.349268ms
Round took 4.767575ms
Round took 5.515957ms
Round took 4.933802ms
Round took 5.071501ms
Round took 6.082261ms
Round took 4.047386ms
Round took 5.084588ms
Round took 5.039479ms
Round took 5.56643ms
Round took 5.60621ms
Round took 4.974861ms
Round took 5.631899ms
Round took 5.422248ms
Round took 4.282702ms
Round took 4.746841ms
Round took 5.635612ms
Round took 4.975075ms
Round took 4.67245ms
Round took 5.862229ms
Round took 5.600405ms
Round took 4.853128ms
Round took 5.741139ms
Round took 4.76945ms
Round took 4.105216ms
Round took 4.822603ms
Round took 4.308789ms
Round took 5.809411ms
Round took 4.944059ms
Round took 5.128348ms
Round took 5.727ms
Round took 4.997877ms
Round took 5.086469ms
Round took 4.611923ms
Round took 5.619141ms
Round took 4.450393ms
Round took 4.789559ms
Round took 4.972871ms
Round took 5.654117ms
Round took 4.977257ms
Round took 4.436066ms
Round took 4.930492ms
Round took 5.594241ms
Round took 5.209728ms
Round took 4.459116ms
Round took 5.344698ms
Round took 5.605781ms
Round took 4.285228ms
Round took 5.505481ms
Round took 5.361962ms
Round took 5.457066ms
Round took 4.719004ms
Round took 5.274788ms
Round took 4.914387ms
Round took 4.666202ms
Round took 5.086914ms
Round took 5.622029ms
Round took 5.040368ms
Round took 4.817659ms
Round took 4.680413ms
Round took 5.807922ms
Round took 5.723822ms
Round took 4.424578ms
Round took 5.414325ms
Round took 5.380889ms
Round took 4.27457ms
Round took 5.077041ms
Round took 4.716551ms
Round took 8.10566ms
Round took 4.154955ms
Round took 4.82909ms
Round took 4.368266ms
Round took 3.861382ms
Round took 5.327406ms
Round took 5.167098ms
Round took 6.376504ms
Round took 4.727339ms
Round took 5.265687ms
Round took 4.409839ms
Round took 3.476014ms
Round took 5.53756ms
Round took 4.796554ms
Round took 5.553191ms
Round took 5.250879ms
Round took 4.625928ms
Round took 6.070526ms
Round took 3.913675ms
Round took 5.456258ms
Round took 4.967951ms
Round took 5.377243ms
Round took 5.522966ms
Round took 4.38151ms
Round took 5.262613ms
Round took 6.246897ms
Round took 4.557128ms
Round took 4.563925ms
Round took 5.528568ms
Round took 5.313368ms
Round took 4.594498ms
Round took 5.822097ms
Round took 3.656668ms
Round took 6.150762ms
Round took 4.473383ms
Round took 5.151276ms
Round took 5.501655ms
Round took 4.177907ms
Round took 5.369711ms
Round took 4.277002ms
Round took 5.368458ms
Round took 4.801535ms
Round took 5.178204ms
Round took 5.838563ms
Round took 4.925733ms
Round took 4.830306ms
Round took 5.068706ms
Round took 4.91984ms
Round took 5.870059ms
Round took 5.323114ms
Round took 5.531352ms
Round took 3.738612ms
Round took 5.298271ms
Round took 4.75646ms
Round took 6.415073ms
Round took 4.607425ms
Round took 4.30845ms
Round took 5.191122ms
Round took 5.102445ms
Round took 4.637116ms
Round took 4.917462ms
Round took 4.961861ms
Round took 5.775414ms
Round took 4.242472ms
Round took 5.149915ms
Round took 4.873718ms
Round took 5.498486ms
Round took 4.934619ms
Round took 5.612422ms
Round took 4.774213ms
Round took 5.493467ms
Round took 4.970994ms
Round took 5.784491ms
Round took 4.387557ms
Round took 5.448049ms
Round took 4.379317ms
Round took 5.646421ms
Round took 4.619027ms
Round took 4.462832ms
Round took 6.628518ms
Round took 3.906505ms
Round took 5.961701ms
Round took 4.079956ms
Round took 5.829895ms
Round took 4.400165ms
Round took 5.485479ms
Round took 5.487822ms
Round took 4.723346ms
Round took 5.362673ms
Round took 3.799101ms
Round took 4.997769ms
Round took 4.721979ms
Round took 5.218225ms
Round took 5.192517ms
Round took 4.907674ms
Round took 5.790548ms
Round took 4.960837ms
Round took 4.646259ms
Round took 5.288147ms
Round took 4.770419ms
Round took 5.238855ms
Round took 5.002479ms
Round took 5.801744ms
Round took 4.23221ms
Round took 4.876375ms
Round took 4.745022ms
Round took 4.995527ms
Round took 5.747236ms
Round took 5.471633ms
Round took 4.589525ms
Round took 5.335046ms
Round took 4.768225ms
Round took 4.876107ms
Round took 4.955342ms
Round took 6.493039ms
Round took 5.977231ms
Round took 4.819589ms
Round took 4.303474ms
Round took 3.515631ms
Round took 5.205711ms
Round took 4.680605ms
Round took 5.899923ms
Round took 4.911339ms
Round took 5.710269ms
Round took 3.955763ms
Round took 6.617302ms
Round took 4.493468ms
Round took 4.86811ms
Round took 5.534552ms
Round took 4.662905ms
Round took 4.892783ms
Round took 5.117916ms
Round took 5.418533ms
Round took 4.674244ms
Round took 5.135645ms
Round took 4.998178ms
Round took 5.566534ms
Round took 4.643807ms
Round took 4.766285ms
Round took 5.925623ms
Round took 4.840435ms
Round took 4.962034ms
Round took 5.672043ms
Round took 5.987614ms
Round took 4.992364ms
Round took 5.376154ms
Round took 5.090349ms
Round took 5.246606ms
Round took 4.447014ms
Round took 3.773126ms
Round took 6.980312ms
Round took 4.054368ms
Round took 6.26237ms
Round took 4.609892ms
Round took 8.485649ms
Round took 4.243194ms
Round took 5.029965ms
Round took 4.601747ms
Round took 5.218039ms
Round took 4.387868ms
Round took 5.304574ms
Round took 6.026468ms
Round took 4.664777ms
Round took 5.039849ms
Round took 5.116337ms
Round took 5.016625ms
Round took 5.844028ms
Round took 6.028505ms
Round took 4.133774ms
Round took 5.30419ms
Round took 4.735013ms
Round took 5.462511ms
Round took 5.321738ms
Round took 4.355857ms
Round took 5.030012ms
Round took 5.308483ms
Round took 4.444906ms
Round took 5.197136ms
Round took 5.217258ms
Round took 5.772077ms
Round took 4.179767ms
Round took 5.392469ms
Round took 4.734705ms
Round took 5.213461ms
Round took 5.086776ms
Round took 4.722193ms
Round took 6.062905ms
Round took 4.604981ms
Round took 4.514804ms
Round took 4.539398ms
Round took 6.007911ms
Round took 4.327745ms
Round took 5.427728ms
Round took 4.940741ms
Round took 5.345111ms
Round took 5.144303ms
Round took 4.751732ms
Round took 5.408602ms
Round took 5.625173ms
Round took 5.218721ms
Round took 5.320633ms
Round took 4.7222ms
Round took 4.740793ms
Round took 4.725381ms
Round took 5.57197ms
Round took 5.305274ms
Round took 4.886375ms
Round took 4.713002ms
Round took 4.210829ms
Round took 6.267064ms
Round took 4.957507ms
Round took 6.044846ms
Round took 5.529028ms
Round took 4.160446ms
Round took 4.467691ms
Round took 4.753729ms
Round took 5.711019ms
Round took 4.752308ms
Round took 5.063562ms
Round took 6.456474ms
Round took 4.400679ms
Round took 5.227855ms
Round took 5.042344ms
Round took 4.883733ms
Round took 5.195644ms
Round took 4.751942ms
Round took 5.574853ms
Round took 4.759751ms
Round took 5.250096ms
Round took 4.797272ms
Round took 5.082174ms
Round took 5.108479ms
Round took 5.153883ms
Round took 5.782413ms
Round took 4.482863ms
Round took 5.019729ms
Round took 5.036962ms
Round took 5.058826ms
Round took 5.131636ms
Round took 5.227672ms
Round took 4.724928ms
Round took 5.150747ms
Round took 5.237067ms
Round took 5.028209ms
Round took 5.406464ms
Round took 6.484081ms
Round took 3.573726ms
Test took 5.122581459s
Successful: 10000
