Uniform distribution
2021/04/16 21:40:47 The leader is replica 0
Round took 7.474499ms
Round took 6.523058ms
Round took 6.588789ms
Round took 7.014059ms
Round took 6.343991ms
Round took 4.032728ms
Round took 5.627013ms
Round took 5.451978ms
Round took 6.270508ms
Round took 6.665007ms
Round took 4.37805ms
Round took 3.532235ms
Round took 5.029418ms
Round took 5.61923ms
Round took 4.900686ms
Round took 5.574289ms
Round took 5.629029ms
Round took 4.754959ms
Round took 4.787632ms
Round took 5.001934ms
Round took 5.407577ms
Round took 4.976882ms
Round took 5.763228ms
Round took 5.200534ms
Round took 4.519447ms
Round took 4.334075ms
Round took 5.418543ms
Round took 5.395271ms
Round took 4.978818ms
Round took 5.635397ms
Round took 4.313816ms
Round took 6.078347ms
Round took 3.614408ms
Round took 5.340811ms
Round took 4.33225ms
Round took 4.933329ms
Round took 6.796033ms
Round took 6.972938ms
Round took 7.91357ms
Round took 7.102338ms
Round took 4.076773ms
Round took 6.867232ms
Round took 6.036366ms
Round took 6.573567ms
Round took 4.223069ms
Round took 5.703018ms
Round took 5.083347ms
Round took 5.249622ms
Round took 4.948023ms
Round took 5.239894ms
Round took 6.809107ms
Round took 4.747967ms
Round took 5.416375ms
Round took 4.226623ms
Round took 3.594761ms
Round took 6.0033ms
Round took 5.137499ms
Round took 5.525935ms
Round took 4.929996ms
Round took 4.672304ms
Round took 5.147157ms
Round took 5.414523ms
Round took 4.677487ms
Round took 5.113687ms
Round took 4.853102ms
Round took 7.298629ms
Round took 4.731224ms
Round took 4.263036ms
Round took 5.538682ms
Round took 4.870755ms
Round took 4.770152ms
Round took 5.348412ms
Round took 5.053418ms
Round took 4.757876ms
Round took 4.861105ms
Round took 5.23909ms
Round took 4.979288ms
Round took 4.928166ms
Round took 4.557142ms
Round took 5.576079ms
Round took 4.806283ms
Round took 4.760598ms
Round took 5.457613ms
Round took 5.334226ms
Round took 5.314704ms
Round took 4.616925ms
Round took 4.801068ms
Round took 5.678634ms
Round took 5.080402ms
Round took 5.53618ms
Round took 4.761796ms
Round took 4.925095ms
Round took 5.035509ms
Round took 5.001359ms
Round took 5.61695ms
Round took 4.924703ms
Round took 5.070887ms
Round took 5.545393ms
Round took 4.494016ms
Round took 5.065732ms
Round took 4.799387ms
Round took 5.384075ms
Round took 5.040705ms
Round took 4.423934ms
Round took 5.314488ms
Round took 5.61176ms
Round took 4.285874ms
Round took 4.346242ms
Round took 5.227348ms
Round took 5.814448ms
Round took 5.006212ms
Round took 4.942773ms
Round took 4.806912ms
Round took 5.491138ms
Round took 5.079749ms
Round took 5.061668ms
Round took 5.421867ms
Round took 4.758952ms
Round took 4.839027ms
Round took 5.219192ms
Round took 5.547703ms
Round took 4.54902ms
Round took 5.027207ms
Round took 5.468849ms
Round took 4.987447ms
Round took 5.283606ms
Round took 4.594686ms
Round took 5.469399ms
Round took 5.425606ms
Round took 5.145582ms
Round took 5.223938ms
Round took 5.561706ms
Round took 4.308431ms
Round took 4.607734ms
Round took 5.450411ms
Round took 5.071518ms
Round took 4.806183ms
Round took 4.87645ms
Round took 6.029962ms
Round took 4.217468ms
Round took 4.885322ms
Round took 4.708865ms
Round took 5.874965ms
Round took 5.422244ms
Round took 6.82752ms
Round took 4.953178ms
Round took 5.054185ms
Round took 4.659674ms
Round took 3.588963ms
Round took 5.114769ms
Round took 4.819976ms
Round took 5.526853ms
Round took 5.772014ms
Round took 4.682487ms
Round took 4.173343ms
Round took 5.515636ms
Round took 5.26852ms
Round took 4.826895ms
Round took 4.97425ms
Round took 4.578832ms
Round took 5.194608ms
Round took 5.0277ms
Round took 5.036047ms
Round took 4.423634ms
Round took 5.277628ms
Round took 5.046971ms
Round took 5.40624ms
Round took 5.455685ms
Round took 5.098707ms
Round took 5.254951ms
Round took 4.354144ms
Round took 5.17225ms
Round took 5.586665ms
Round took 4.568776ms
Round took 5.540125ms
Round took 5.070899ms
Round took 4.28459ms
Round took 5.168076ms
Round took 5.728403ms
Round took 5.009277ms
Round took 5.01872ms
Round took 4.661388ms
Round took 5.509698ms
Round took 5.578219ms
Round took 4.349722ms
Round took 4.80974ms
Round took 5.350218ms
Round took 4.853438ms
Round took 4.757815ms
Round took 4.996958ms
Round took 5.671258ms
Round took 5.163767ms
Round took 4.875591ms
Round took 4.681095ms
Round took 5.964897ms
Round took 4.808095ms
Round took 5.579569ms
Round took 4.871519ms
Round took 5.052519ms
Round took 5.032323ms
Round took 5.309211ms
Round took 4.989538ms
Round took 4.425653ms
Round took 4.741582ms
Round took 5.769301ms
Round took 4.982905ms
Round took 4.550619ms
Round took 5.809436ms
Round took 4.580516ms
Round took 5.132702ms
Round took 4.732132ms
Round took 4.813178ms
Round took 5.761761ms
Round took 5.460867ms
Round took 4.974085ms
Round took 5.636158ms
Round took 4.961734ms
Round took 4.179878ms
Round took 4.657957ms
Round took 5.513765ms
Round took 5.272825ms
Round took 5.068636ms
Round took 4.507613ms
Round took 5.756922ms
Round took 4.99614ms
Round took 4.783279ms
Round took 5.286667ms
Round took 5.349006ms
Round took 4.458885ms
Round took 5.315485ms
Round took 5.103381ms
Round took 5.043802ms
Round took 4.628101ms
Round took 4.820247ms
Round took 6.345764ms
Round took 4.177091ms
Round took 5.231925ms
Round took 4.957917ms
Round took 5.253389ms
Round took 4.870801ms
Round took 4.868546ms
Round took 5.974313ms
Round took 4.574389ms
Round took 5.143931ms
Round took 4.695821ms
Round took 5.401336ms
Round took 4.729188ms
Round took 5.192477ms
Round took 5.742447ms
Round took 4.438967ms
Round took 5.270196ms
Round took 4.995409ms
Round took 5.240378ms
Round took 4.585635ms
Round took 5.437822ms
Round took 4.880644ms
Round took 4.852221ms
Round took 6.260354ms
Round took 6.339486ms
Round took 4.86735ms
Round took 3.88337ms
Round took 4.103971ms
Round took 4.966277ms
Round took 5.671066ms
Round took 4.728167ms
Round took 4.76957ms
Round took 5.061136ms
Round took 5.574787ms
Round took 4.512124ms
Round took 4.971884ms
Round took 5.082169ms
Round took 5.325258ms
Round took 4.847263ms
Round took 5.385242ms
Round took 5.196919ms
Round took 4.768852ms
Round took 5.597849ms
Round took 5.916162ms
Round took 4.139214ms
Round took 4.558522ms
Round took 4.986147ms
Round took 5.008255ms
Round took 5.476224ms
Round took 4.996484ms
Round took 5.099121ms
Round took 5.17624ms
Round took 4.790667ms
Round took 5.260402ms
Round took 5.086943ms
Round took 5.232858ms
Round took 5.354975ms
Round took 4.629235ms
Round took 5.31376ms
Round took 4.860638ms
Round took 5.002446ms
Round took 5.568074ms
Round took 5.723589ms
Round took 5.030185ms
Round took 5.003427ms
Round took 4.965328ms
Round took 5.226032ms
Round took 4.958069ms
Round took 4.640989ms
Round took 5.476882ms
Round took 5.251177ms
Round took 4.922401ms
Round took 5.649397ms
Round took 4.891153ms
Round took 5.245315ms
Round took 5.66571ms
Round took 4.371337ms
Round took 4.651652ms
Round took 6.070285ms
Round took 5.530056ms
Round took 4.866092ms
Round took 4.853238ms
Round took 5.683717ms
Round took 4.081962ms
Round took 4.881677ms
Round took 4.35346ms
Round took 5.509611ms
Round took 5.237638ms
Round took 5.667791ms
Round took 4.442145ms
Round took 5.858012ms
Round took 4.82047ms
Round took 4.763594ms
Round took 6.190087ms
Round took 4.226995ms
Round took 4.332584ms
Round took 5.017943ms
Round took 6.171148ms
Round took 4.223822ms
Round took 5.450267ms
Round took 4.47838ms
Round took 4.796817ms
Round took 5.254578ms
Round took 5.434114ms
Round took 5.059865ms
Round took 5.39788ms
Round took 4.86675ms
Round took 4.914822ms
Round took 5.666126ms
Round took 4.733739ms
Round took 4.677793ms
Round took 4.806354ms
Round took 4.550548ms
Round took 5.695928ms
Round took 4.685348ms
Round took 5.235078ms
Round took 4.903949ms
Round took 5.779931ms
Round took 4.477575ms
Round took 5.011105ms
Round took 5.654996ms
Round took 4.710477ms
Round took 5.378035ms
Round took 4.281668ms
Round took 5.754125ms
Round took 4.975863ms
Round took 4.989966ms
Round took 4.634856ms
Round took 5.662758ms
Round took 4.749646ms
Round took 4.750978ms
Round took 6.010774ms
Round took 4.654705ms
Round took 4.996144ms
Round took 5.694886ms
Round took 4.66169ms
Round took 4.849623ms
Round took 5.290253ms
Round took 5.318739ms
Round took 5.713994ms
Round took 4.01232ms
Round took 6.225793ms
Round took 4.111277ms
Round took 4.880579ms
Round took 5.532114ms
Round took 4.620849ms
Round took 5.6951ms
Round took 4.717295ms
Round took 5.41885ms
Round took 4.195989ms
Round took 5.514349ms
Round took 5.027205ms
Round took 4.879457ms
Round took 5.875022ms
Round took 4.347364ms
Round took 4.892295ms
Round took 5.023818ms
Round took 5.09216ms
Round took 5.099334ms
Round took 4.440687ms
Round took 5.110461ms
Round took 4.718509ms
Round took 5.226002ms
Round took 5.40005ms
Round took 5.540961ms
Round took 5.311925ms
Round took 4.176106ms
Round took 5.142206ms
Round took 4.645701ms
Round took 5.810408ms
Round took 5.184445ms
Round took 4.978492ms
Round took 6.920736ms
Round took 5.928229ms
Round took 4.748689ms
Round took 3.586375ms
Round took 18.508053ms
Round took 4.937097ms
Round took 5.734821ms
Round took 4.826189ms
Round took 5.939513ms
Round took 6.082372ms
Round took 4.452428ms
Round took 5.607725ms
Round took 3.682421ms
Round took 4.850782ms
Round took 6.640776ms
Round took 5.650167ms
Round took 5.428242ms
Round took 3.953709ms
Round took 3.470333ms
Round took 6.271206ms
Round took 4.892315ms
Round took 5.234607ms
Round took 5.176567ms
Round took 5.068809ms
Round took 5.070307ms
Round took 5.4445ms
Round took 5.048052ms
Round took 4.094446ms
Round took 4.82414ms
Round took 5.005615ms
Round took 5.396778ms
Round took 4.463086ms
Round took 5.054256ms
Round took 4.443743ms
Round took 4.782148ms
Round took 5.505025ms
Round took 4.871567ms
Round took 5.07454ms
Round took 5.40446ms
Round took 5.01253ms
Round took 5.291109ms
Round took 4.520099ms
Round took 5.706352ms
Round took 4.717873ms
Round took 4.798658ms
Round took 6.092754ms
Round took 4.511402ms
Round took 4.785231ms
Round took 4.505543ms
Round took 6.174302ms
Round took 5.316484ms
Round took 4.279457ms
Round took 4.504221ms
Round took 5.319251ms
Round took 4.740098ms
Round took 4.917147ms
Round took 5.215335ms
Round took 5.519107ms
Round took 4.585458ms
Round took 4.61205ms
Round took 5.140189ms
Round took 5.198321ms
Round took 5.213261ms
Round took 5.006897ms
Round took 5.59673ms
Round took 4.780311ms
Round took 4.755387ms
Round took 5.27537ms
Round took 5.476316ms
Round took 4.863913ms
Round took 5.058579ms
Round took 4.810357ms
Round took 5.14831ms
Round took 5.219421ms
Round took 4.791472ms
Round took 5.486805ms
Round took 4.79006ms
Round took 4.854765ms
Round took 4.967027ms
Round took 5.421384ms
Round took 5.918653ms
Round took 4.525147ms
Round took 5.47135ms
Round took 4.955847ms
Round took 4.838607ms
Round took 4.486091ms
Round took 6.342471ms
Round took 3.684997ms
Round took 5.316525ms
Round took 4.62844ms
Round took 6.207464ms
Round took 4.183525ms
Round took 4.847936ms
Round took 5.318504ms
Round took 5.46405ms
Round took 4.831262ms
Round took 4.957189ms
Round took 4.97433ms
Round took 5.188771ms
Round took 5.109588ms
Round took 4.832064ms
Round took 5.712148ms
Round took 5.103879ms
Round took 4.469585ms
Round took 5.168527ms
Round took 5.568352ms
Round took 5.125992ms
Round took 4.592314ms
Round took 5.478127ms
Round took 4.717168ms
Round took 5.46399ms
Round took 4.308541ms
Round took 5.703326ms
Round took 4.690012ms
Round took 4.623023ms
Round took 5.155288ms
Round took 5.490731ms
Round took 4.665655ms
Round took 4.735822ms
Round took 5.168345ms
Round took 5.307174ms
Round took 4.746928ms
Round took 5.228116ms
Round took 4.95282ms
Round took 5.860684ms
Round took 4.437236ms
Round took 5.627445ms
Round took 5.38235ms
Round took 4.574394ms
Round took 4.755604ms
Round took 4.984667ms
Round took 5.534209ms
Round took 4.920413ms
Round took 5.075018ms
Round took 5.870403ms
Round took 4.972032ms
Round took 5.089693ms
Round took 4.805235ms
Round took 5.731417ms
Round took 4.393256ms
Round took 4.938627ms
Round took 5.895953ms
Round took 4.23076ms
Round took 5.184062ms
Round took 4.886428ms
Round took 5.549178ms
Round took 4.609221ms
Round took 5.282863ms
Round took 4.559748ms
Round took 5.603852ms
Round took 4.674843ms
Round took 5.356874ms
Round took 4.968963ms
Round took 6.042339ms
Round took 4.895114ms
Round took 5.290362ms
Round took 4.886504ms
Round took 5.106425ms
Round took 4.82125ms
Round took 5.51943ms
Round took 4.742681ms
Round took 4.105696ms
Round took 5.328691ms
Round took 4.616391ms
Round took 5.758424ms
Round took 5.297216ms
Round took 5.365346ms
Round took 5.255008ms
Round took 4.503307ms
Round took 5.079973ms
Round took 5.037581ms
Round took 4.617196ms
Round took 5.025846ms
Round took 4.854922ms
Round took 5.632815ms
Round took 5.396261ms
Round took 4.539846ms
Round took 4.908235ms
Round took 5.186882ms
Round took 5.519164ms
Round took 4.40963ms
Round took 4.989703ms
Round took 5.228593ms
Round took 4.899553ms
Round took 5.158024ms
Round took 4.467438ms
Round took 5.42919ms
Round took 5.279399ms
Round took 4.426409ms
Round took 5.487224ms
Round took 5.252637ms
Round took 4.622697ms
Round took 5.168425ms
Round took 5.713098ms
Round took 4.260506ms
Round took 5.320032ms
Round took 4.668917ms
Round took 6.303006ms
Round took 3.901601ms
Round took 5.187859ms
Round took 5.876119ms
Round took 4.726851ms
Round took 5.206353ms
Round took 4.769381ms
Round took 5.311119ms
Round took 4.87073ms
Round took 4.95431ms
Round took 5.792378ms
Round took 4.854287ms
Round took 5.560957ms
Round took 4.117547ms
Round took 5.246315ms
Round took 5.55173ms
Round took 4.626869ms
Round took 5.696691ms
Round took 4.439227ms
Round took 5.41013ms
Round took 5.028772ms
Round took 4.977089ms
Round took 5.05408ms
Round took 4.055538ms
Round took 5.651549ms
Round took 4.438158ms
Round took 5.166307ms
Round took 4.705176ms
Round took 6.054145ms
Round took 4.465536ms
Round took 4.851062ms
Round took 4.964918ms
Round took 5.525214ms
Round took 4.754525ms
Round took 5.051276ms
Round took 5.527423ms
Round took 5.030239ms
Round took 5.173751ms
Round took 4.574862ms
Round took 5.4853ms
Round took 4.712684ms
Round took 4.670937ms
Round took 5.280387ms
Round took 5.07381ms
Round took 5.420319ms
Round took 4.629431ms
Round took 5.73345ms
Round took 4.714358ms
Round took 5.332936ms
Round took 4.588362ms
Round took 5.995134ms
Round took 4.110649ms
Round took 5.159568ms
Round took 4.694696ms
Round took 5.584492ms
Round took 5.9223ms
Round took 4.281413ms
Round took 5.229654ms
Round took 4.517621ms
Round took 4.756575ms
Round took 4.572506ms
Round took 4.92553ms
Round took 6.05229ms
Round took 4.619693ms
Round took 4.673796ms
Round took 5.109484ms
Round took 5.327696ms
Round took 4.697367ms
Round took 4.986229ms
Round took 5.696675ms
Round took 5.231286ms
Round took 4.359196ms
Round took 5.064282ms
Round took 4.886211ms
Round took 6.289435ms
Round took 5.238001ms
Round took 4.618298ms
Round took 5.289438ms
Round took 4.918944ms
Round took 4.613778ms
Round took 5.040768ms
Round took 5.636571ms
Round took 4.008337ms
Round took 5.412251ms
Round took 4.950689ms
Round took 5.23335ms
Round took 4.938724ms
Round took 5.401251ms
Round took 5.8542ms
Round took 4.002121ms
Round took 5.142725ms
Round took 5.279282ms
Round took 4.562531ms
Round took 5.575901ms
Round took 5.023736ms
Round took 5.733309ms
Round took 5.529717ms
Round took 4.333428ms
Round took 6.510616ms
Round took 6.049827ms
Round took 5.225442ms
Round took 5.070041ms
Round took 4.990956ms
Round took 5.8848ms
Round took 5.630606ms
Round took 4.509169ms
Round took 4.709046ms
Round took 5.191858ms
Round took 4.315265ms
Round took 5.288816ms
Round took 5.069268ms
Round took 5.013115ms
Round took 5.168146ms
Round took 4.912694ms
Round took 5.3128ms
Round took 4.672891ms
Round took 5.43169ms
Round took 4.64767ms
Round took 5.134979ms
Round took 5.14099ms
Round took 5.063209ms
Round took 5.937169ms
Round took 4.386677ms
Round took 5.034046ms
Round took 5.528915ms
Round took 5.07443ms
Round took 4.78666ms
Round took 5.000103ms
Round took 5.203022ms
Round took 4.80683ms
Round took 5.524439ms
Round took 4.755115ms
Round took 5.598859ms
Round took 4.695567ms
Round took 4.92285ms
Round took 5.158458ms
Round took 5.104045ms
Round took 5.062116ms
Round took 5.292226ms
Round took 5.798687ms
Round took 4.465517ms
Round took 4.53469ms
Round took 5.117947ms
Round took 5.934338ms
Round took 4.359668ms
Round took 4.884815ms
Round took 5.191462ms
Round took 5.043297ms
Round took 5.331737ms
Round took 4.704247ms
Round took 5.617827ms
Round took 6.001037ms
Round took 4.596684ms
Round took 4.696731ms
Round took 4.389216ms
Round took 5.079496ms
Round took 4.795137ms
Round took 5.206094ms
Round took 5.838716ms
Round took 4.655646ms
Round took 4.812259ms
Round took 4.718004ms
Round took 5.489554ms
Round took 4.883495ms
Round took 4.942344ms
Round took 5.635517ms
Round took 4.646605ms
Round took 5.396203ms
Round took 4.538917ms
Round took 5.675111ms
Round took 4.90224ms
Round took 5.260421ms
Round took 4.853164ms
Round took 4.866295ms
Round took 5.317332ms
Round took 4.816586ms
Round took 6.198927ms
Round took 4.383956ms
Round took 4.799494ms
Round took 5.178229ms
Round took 5.179513ms
Round took 5.316834ms
Round took 4.41844ms
Round took 6.093225ms
Round took 4.556215ms
Round took 4.697886ms
Round took 4.928877ms
Round took 5.106925ms
Round took 5.573438ms
Round took 4.366361ms
Round took 5.131705ms
Round took 5.100302ms
Round took 5.135924ms
Round took 4.992054ms
Round took 5.118906ms
Round took 5.130613ms
Round took 5.046029ms
Round took 4.970382ms
Round took 5.006572ms
Round took 6.102098ms
Round took 4.737408ms
Round took 4.814185ms
Round took 5.451924ms
Round took 4.786345ms
Round took 5.545195ms
Round took 5.328943ms
Round took 4.304819ms
Round took 5.172925ms
Round took 4.998005ms
Round took 4.982164ms
Round took 5.091543ms
Round took 4.735069ms
Round took 5.007627ms
Round took 5.326146ms
Round took 5.101277ms
Round took 4.966408ms
Round took 5.419643ms
Round took 4.803111ms
Round took 5.686279ms
Round took 4.329803ms
Round took 6.104268ms
Round took 4.961166ms
Round took 4.948392ms
Round took 4.672798ms
Round took 5.784471ms
Round took 4.101354ms
Round took 5.281793ms
Round took 4.831017ms
Round took 5.030631ms
Round took 5.928309ms
Round took 4.763105ms
Round took 5.899349ms
Round took 3.830301ms
Round took 5.153141ms
Round took 4.938656ms
Round took 5.631824ms
Round took 5.180504ms
Round took 4.489449ms
Round took 5.103287ms
Round took 5.155467ms
Round took 4.977044ms
Round took 4.838006ms
Round took 5.257308ms
Round took 5.114222ms
Round took 4.930023ms
Round took 5.282859ms
Round took 5.101357ms
Round took 4.994449ms
Round took 4.609684ms
Round took 5.145732ms
Round took 5.389354ms
Round took 4.977387ms
Round took 4.840516ms
Round took 4.872ms
Round took 6.020347ms
Round took 4.798103ms
Round took 4.901036ms
Round took 5.752458ms
Round took 5.301731ms
Round took 4.54179ms
Round took 4.945471ms
Round took 5.241165ms
Round took 5.02926ms
Round took 4.983836ms
Round took 6.202092ms
Round took 6.095351ms
Round took 4.907158ms
Round took 4.720998ms
Round took 3.080774ms
Round took 5.136083ms
Round took 4.666033ms
Round took 5.660713ms
Round took 5.025873ms
Round took 5.695009ms
Round took 4.234631ms
Round took 6.575672ms
Round took 4.385626ms
Round took 4.95928ms
Round took 5.050018ms
Round took 5.105676ms
Round took 4.905196ms
Round took 5.15414ms
Round took 5.408127ms
Round took 4.64973ms
Round took 4.918529ms
Round took 5.094396ms
Round took 5.583844ms
Round took 4.521426ms
Round took 4.777996ms
Round took 5.498563ms
Round took 5.052919ms
Round took 5.009151ms
Round took 5.304287ms
Round took 5.425693ms
Round took 5.983232ms
Round took 5.280093ms
Round took 5.186628ms
Round took 5.129262ms
Round took 4.775828ms
Round took 3.844866ms
Round took 5.990434ms
Round took 5.167619ms
Round took 6.150518ms
Round took 4.505549ms
Round took 8.156355ms
Round took 4.589028ms
Round took 4.696503ms
Round took 4.618208ms
Round took 4.689653ms
Round took 4.310863ms
Round took 3.550304ms
Round took 5.845523ms
Round took 5.237582ms
Round took 4.783984ms
Round took 5.142518ms
Round took 5.4417ms
Round took 3.530544ms
Round took 5.804345ms
Round took 6.17417ms
Round took 4.066094ms
Round took 5.351136ms
Round took 4.551865ms
Round took 5.221654ms
Round took 5.626805ms
Round took 4.563294ms
Round took 5.443136ms
Round took 4.647599ms
Round took 4.500928ms
Round took 5.237592ms
Round took 5.424848ms
Round took 5.870935ms
Round took 4.210248ms
Round took 5.642601ms
Round took 4.756861ms
Round took 5.016467ms
Round took 5.177061ms
Round took 5.080998ms
Round took 5.949621ms
Round took 4.381104ms
Round took 4.890445ms
Round took 4.06212ms
Round took 6.127041ms
Round took 4.225383ms
Round took 5.392271ms
Round took 5.758763ms
Round took 4.815688ms
Round took 5.390032ms
Round took 4.534102ms
Round took 5.528499ms
Round took 4.904842ms
Round took 5.312411ms
Round took 5.482774ms
Round took 4.717462ms
Round took 4.733758ms
Round took 5.653044ms
Round took 5.104534ms
Round took 4.490979ms
Round took 4.964045ms
Round took 5.372596ms
Round took 4.403377ms
Round took 5.609109ms
Round took 4.550121ms
Round took 6.223273ms
Round took 5.433274ms
Round took 4.177436ms
Round took 4.467744ms
Round took 5.496825ms
Round took 5.039722ms
Round took 4.659201ms
Round took 5.153532ms
Round took 6.403228ms
Round took 4.499211ms
Round took 6.4334ms
Round took 3.612732ms
Round took 4.944048ms
Round took 5.223632ms
Round took 5.091978ms
Round took 5.329424ms
Round took 4.651727ms
Round took 6.417208ms
Round took 4.419739ms
Round took 4.480691ms
Round took 5.133412ms
Round took 5.708364ms
Round took 5.380144ms
Round took 4.578605ms
Round took 4.980977ms
Round took 5.245611ms
Round took 4.64597ms
Round took 5.226823ms
Round took 5.716074ms
Round took 5.459493ms
Round took 3.700279ms
Round took 5.290721ms
Round took 5.540865ms
Round took 5.138622ms
Round took 5.388594ms
Test took 5.13164644s
Successful: 10000
