No command 'nettop' found, did you mean:
 Command 'nettoe' from package 'nettoe' (universe)
 Command 'jnettop' from package 'jnettop' (universe)
nettop: command not found
[2]   Exit 2                  eclient -maddr=$maddr -mport=$mport -q=$reqsNb -w=$writes -e=true -r=$rounds -p=$clientP -c=$conflicts > ${log_file_path_head}-client$(($i - 1)).out 2>&1
[3]   Exit 2                  eclient -maddr=$maddr -mport=$mport -q=$reqsNb -w=$writes -e=true -r=$rounds -p=$clientP -c=$conflicts > ${log_file_path_head}-client$(($i - 1)).out 2>&1
[4]   Exit 2                  eclient -maddr=$maddr -mport=$mport -q=$reqsNb -w=$writes -e=true -r=$rounds -p=$clientP -c=$conflicts > ${log_file_path_head}-client$(($i - 1)).out 2>&1
[5]   Exit 2                  eclient -maddr=$maddr -mport=$mport -q=$reqsNb -w=$writes -e=true -r=$rounds -p=$clientP -c=$conflicts > ${log_file_path_head}-client$(($i - 1)).out 2>&1
[6]   Exit 2                  eclient -maddr=$maddr -mport=$mport -q=$reqsNb -w=$writes -e=true -r=$rounds -p=$clientP -c=$conflicts > ${log_file_path_head}-client$(($i - 1)).out 2>&1
[7]   Exit 2                  eclient -maddr=$maddr -mport=$mport -q=$reqsNb -w=$writes -e=true -r=$rounds -p=$clientP -c=$conflicts > ${log_file_path_head}-client$(($i - 1)).out 2>&1
[8]   Exit 2                  eclient -maddr=$maddr -mport=$mport -q=$reqsNb -w=$writes -e=true -r=$rounds -p=$clientP -c=$conflicts > ${log_file_path_head}-client$(($i - 1)).out 2>&1
[9]   Exit 2                  eclient -maddr=$maddr -mport=$mport -q=$reqsNb -w=$writes -e=true -r=$rounds -p=$clientP -c=$conflicts > ${log_file_path_head}-client$(($i - 1)).out 2>&1
[11]   Exit 2                  eclient -maddr=$maddr -mport=$mport -q=$reqsNb -w=$writes -e=true -r=$rounds -p=$clientP -c=$conflicts > ${log_file_path_head}-client$(($i - 1)).out 2>&1
[12]   Exit 2                  eclient -maddr=$maddr -mport=$mport -q=$reqsNb -w=$writes -e=true -r=$rounds -p=$clientP -c=$conflicts > ${log_file_path_head}-client$(($i - 1)).out 2>&1
[13]   Exit 2                  eclient -maddr=$maddr -mport=$mport -q=$reqsNb -w=$writes -e=true -r=$rounds -p=$clientP -c=$conflicts > ${log_file_path_head}-client$(($i - 1)).out 2>&1
[14]   Exit 2                  eclient -maddr=$maddr -mport=$mport -q=$reqsNb -w=$writes -e=true -r=$rounds -p=$clientP -c=$conflicts > ${log_file_path_head}-client$(($i - 1)).out 2>&1
[15]   Exit 2                  eclient -maddr=$maddr -mport=$mport -q=$reqsNb -w=$writes -e=true -r=$rounds -p=$clientP -c=$conflicts > ${log_file_path_head}-client$(($i - 1)).out 2>&1
[16]   Exit 2                  eclient -maddr=$maddr -mport=$mport -q=$reqsNb -w=$writes -e=true -r=$rounds -p=$clientP -c=$conflicts > ${log_file_path_head}-client$(($i - 1)).out 2>&1
[17]   Exit 2                  eclient -maddr=$maddr -mport=$mport -q=$reqsNb -w=$writes -e=true -r=$rounds -p=$clientP -c=$conflicts > ${log_file_path_head}-client$(($i - 1)).out 2>&1
[18]   Exit 2                  eclient -maddr=$maddr -mport=$mport -q=$reqsNb -w=$writes -e=true -r=$rounds -p=$clientP -c=$conflicts > ${log_file_path_head}-client$(($i - 1)).out 2>&1
[20]   Exit 2                  eclient -maddr=$maddr -mport=$mport -q=$reqsNb -w=$writes -e=true -r=$rounds -p=$clientP -c=$conflicts > ${log_file_path_head}-client$(($i - 1)).out 2>&1
[21]   Exit 2                  eclient -maddr=$maddr -mport=$mport -q=$reqsNb -w=$writes -e=true -r=$rounds -p=$clientP -c=$conflicts > ${log_file_path_head}-client$(($i - 1)).out 2>&1
[23]   Exit 2                  eclient -maddr=$maddr -mport=$mport -q=$reqsNb -w=$writes -e=true -r=$rounds -p=$clientP -c=$conflicts > ${log_file_path_head}-client$(($i - 1)).out 2>&1
[25]   Exit 2                  eclient -maddr=$maddr -mport=$mport -q=$reqsNb -w=$writes -e=true -r=$rounds -p=$clientP -c=$conflicts > ${log_file_path_head}-client$(($i - 1)).out 2>&1
[26]   Exit 2                  eclient -maddr=$maddr -mport=$mport -q=$reqsNb -w=$writes -e=true -r=$rounds -p=$clientP -c=$conflicts > ${log_file_path_head}-client$(($i - 1)).out 2>&1
[28]   Exit 2                  eclient -maddr=$maddr -mport=$mport -q=$reqsNb -w=$writes -e=true -r=$rounds -p=$clientP -c=$conflicts > ${log_file_path_head}-client$(($i - 1)).out 2>&1
[29]   Exit 2                  eclient -maddr=$maddr -mport=$mport -q=$reqsNb -w=$writes -e=true -r=$rounds -p=$clientP -c=$conflicts > ${log_file_path_head}-client$(($i - 1)).out 2>&1
[30]   Exit 2                  eclient -maddr=$maddr -mport=$mport -q=$reqsNb -w=$writes -e=true -r=$rounds -p=$clientP -c=$conflicts > ${log_file_path_head}-client$(($i - 1)).out 2>&1
[31]   Exit 2                  eclient -maddr=$maddr -mport=$mport -q=$reqsNb -w=$writes -e=true -r=$rounds -p=$clientP -c=$conflicts > ${log_file_path_head}-client$(($i - 1)).out 2>&1
[32]   Exit 2                  eclient -maddr=$maddr -mport=$mport -q=$reqsNb -w=$writes -e=true -r=$rounds -p=$clientP -c=$conflicts > ${log_file_path_head}-client$(($i - 1)).out 2>&1
[34]   Exit 2                  eclient -maddr=$maddr -mport=$mport -q=$reqsNb -w=$writes -e=true -r=$rounds -p=$clientP -c=$conflicts > ${log_file_path_head}-client$(($i - 1)).out 2>&1
[35]   Exit 2                  eclient -maddr=$maddr -mport=$mport -q=$reqsNb -w=$writes -e=true -r=$rounds -p=$clientP -c=$conflicts > ${log_file_path_head}-client$(($i - 1)).out 2>&1
[37]   Exit 2                  eclient -maddr=$maddr -mport=$mport -q=$reqsNb -w=$writes -e=true -r=$rounds -p=$clientP -c=$conflicts > ${log_file_path_head}-client$(($i - 1)).out 2>&1
[40]   Exit 2                  eclient -maddr=$maddr -mport=$mport -q=$reqsNb -w=$writes -e=true -r=$rounds -p=$clientP -c=$conflicts > ${log_file_path_head}-client$(($i - 1)).out 2>&1
[41]   Exit 2                  eclient -maddr=$maddr -mport=$mport -q=$reqsNb -w=$writes -e=true -r=$rounds -p=$clientP -c=$conflicts > ${log_file_path_head}-client$(($i - 1)).out 2>&1
[59]   Exit 2                  eclient -maddr=$maddr -mport=$mport -q=$reqsNb -w=$writes -e=true -r=$rounds -p=$clientP -c=$conflicts > ${log_file_path_head}-client$(($i - 1)).out 2>&1
[61]   Exit 2                  eclient -maddr=$maddr -mport=$mport -q=$reqsNb -w=$writes -e=true -r=$rounds -p=$clientP -c=$conflicts > ${log_file_path_head}-client$(($i - 1)).out 2>&1
[64]   Exit 2                  eclient -maddr=$maddr -mport=$mport -q=$reqsNb -w=$writes -e=true -r=$rounds -p=$clientP -c=$conflicts > ${log_file_path_head}-client$(($i - 1)).out 2>&1
[66]   Exit 2                  eclient -maddr=$maddr -mport=$mport -q=$reqsNb -w=$writes -e=true -r=$rounds -p=$clientP -c=$conflicts > ${log_file_path_head}-client$(($i - 1)).out 2>&1
[70]   Exit 2                  eclient -maddr=$maddr -mport=$mport -q=$reqsNb -w=$writes -e=true -r=$rounds -p=$clientP -c=$conflicts > ${log_file_path_head}-client$(($i - 1)).out 2>&1
