2021/04/14 16:15:40 Server starting on port 17073
2021/04/14 16:15:41 Starting Egalitarian Paxos replica...
2021/04/14 16:15:41 rpc.Register: method "ConnectToPeers" has 1 input parameters; needs exactly three
2021/04/14 16:15:41 rpc.Register: method "ConnectToPeersNoListeners" has 1 input parameters; needs exactly three
2021/04/14 16:15:41 rpc.Register: reply type of method "RegisterRPC" is not a pointer: "chan fastrpc.Serializable"
2021/04/14 16:15:41 rpc.Register: method "ReplyBeacon" has 2 input parameters; needs exactly three
2021/04/14 16:15:41 rpc.Register: method "ReplyPropose" has 0 output parameters; needs exactly one
2021/04/14 16:15:41 rpc.Register: method "ReplyProposeTS" has 0 output parameters; needs exactly one
2021/04/14 16:15:41 rpc.Register: method "SendBeacon" has 2 input parameters; needs exactly three
2021/04/14 16:15:41 rpc.Register: method "SendMsg" has 4 input parameters; needs exactly three
2021/04/14 16:15:41 rpc.Register: method "SendMsgNoFlush" has 4 input parameters; needs exactly three
2021/04/14 16:15:41 rpc.Register: method "UpdatePreferredPeerOrder" has 2 input parameters; needs exactly three
2021/04/14 16:15:41 rpc.Register: method "WaitForClientConnections" has 1 input parameters; needs exactly three
2021/04/14 16:15:42 Replica id: 1. Done connecting to peers
2021/04/14 16:15:43 weird 0; conflicted 0; slow 0; happy 0
2021/04/14 16:15:43 weird 0; conflicted 0; slow 0; happy 0
2021/04/14 16:15:43 weird 1; conflicted 1; slow 1; happy 0
2021/04/14 16:15:43 weird 0; conflicted 0; slow 0; happy 0
2021/04/14 16:15:43 weird 0; conflicted 0; slow 0; happy 0
2021/04/14 16:15:43 weird 0; conflicted 0; slow 0; happy 0
2021/04/14 16:15:43 weird 0; conflicted 0; slow 0; happy 0
2021/04/14 16:15:43 weird 0; conflicted 0; slow 0; happy 0
2021/04/14 16:15:43 weird 0; conflicted 0; slow 0; happy 0
2021/04/14 16:15:43 weird 4; conflicted 2; slow 4; happy 0
2021/04/14 16:15:43 weird 1; conflicted 0; slow 1; happy 0
2021/04/14 16:15:43 weird 0; conflicted 0; slow 0; happy 0
2021/04/14 16:15:43 weird 0; conflicted 0; slow 0; happy 0
2021/04/14 16:15:43 weird 0; conflicted 0; slow 0; happy 0
2021/04/14 16:15:43 weird 0; conflicted 0; slow 0; happy 0
2021/04/14 16:15:43 weird 1; conflicted 1; slow 1; happy 0
2021/04/14 16:15:43 weird 0; conflicted 0; slow 0; happy 0
2021/04/14 16:15:43 weird 0; conflicted 0; slow 0; happy 0
2021/04/14 16:15:43 weird 0; conflicted 0; slow 0; happy 0
2021/04/14 16:15:43 weird 0; conflicted 0; slow 0; happy 0
2021/04/14 16:15:43 weird 3; conflicted 3; slow 3; happy 0
2021/04/14 16:15:43 weird 1; conflicted 1; slow 1; happy 0
2021/04/14 16:15:43 weird 0; conflicted 0; slow 0; happy 0
2021/04/14 16:15:43 weird 0; conflicted 0; slow 0; happy 0
2021/04/14 16:15:43 weird 0; conflicted 0; slow 0; happy 0
2021/04/14 16:15:43 weird 1; conflicted 0; slow 1; happy 0
2021/04/14 16:15:43 weird 0; conflicted 0; slow 0; happy 0
2021/04/14 16:15:43 weird 0; conflicted 0; slow 0; happy 0
2021/04/14 16:15:43 weird 0; conflicted 0; slow 0; happy 0
2021/04/14 16:15:43 weird 0; conflicted 0; slow 0; happy 0
2021/04/14 16:15:43 weird 1; conflicted 0; slow 1; happy 0
2021/04/14 16:15:43 weird 0; conflicted 0; slow 0; happy 0
2021/04/14 16:15:43 weird 0; conflicted 0; slow 0; happy 0
2021/04/14 16:15:43 weird 1; conflicted 2; slow 2; happy 0
2021/04/14 16:15:43 weird 0; conflicted 0; slow 0; happy 0
2021/04/14 16:15:43 weird 0; conflicted 0; slow 0; happy 0
2021/04/14 16:15:43 weird 1; conflicted 1; slow 1; happy 0
2021/04/14 16:15:43 weird 0; conflicted 0; slow 0; happy 0
2021/04/14 16:15:43 weird 0; conflicted 0; slow 0; happy 0
2021/04/14 16:15:43 weird 0; conflicted 0; slow 0; happy 0
2021/04/14 16:15:43 weird 0; conflicted 0; slow 0; happy 0
2021/04/14 16:15:43 weird 1; conflicted 1; slow 1; happy 0
2021/04/14 16:15:43 weird 0; conflicted 0; slow 0; happy 0
2021/04/14 16:15:43 weird 2; conflicted 2; slow 2; happy 0
2021/04/14 16:15:43 weird 0; conflicted 0; slow 0; happy 0
2021/04/14 16:15:43 weird 0; conflicted 0; slow 0; happy 0
2021/04/14 16:15:43 weird 0; conflicted 0; slow 0; happy 0
2021/04/14 16:15:43 weird 0; conflicted 0; slow 0; happy 0
2021/04/14 16:15:43 weird 0; conflicted 0; slow 0; happy 0
2021/04/14 16:15:43 weird 0; conflicted 0; slow 0; happy 0
2021/04/14 16:15:43 weird 0; conflicted 0; slow 0; happy 0
2021/04/14 16:15:43 weird 0; conflicted 0; slow 0; happy 0
2021/04/14 16:15:43 weird 2; conflicted 2; slow 2; happy 0
2021/04/14 16:15:43 weird 2; conflicted 1; slow 2; happy 0
2021/04/14 16:15:43 weird 0; conflicted 0; slow 0; happy 0
2021/04/14 16:15:43 weird 1; conflicted 0; slow 1; happy 0
2021/04/14 16:15:43 weird 13; conflicted 10; slow 13; happy 0
2021/04/14 16:15:43 weird 0; conflicted 0; slow 0; happy 0
2021/04/14 16:15:43 weird 4; conflicted 4; slow 4; happy 0
2021/04/14 16:15:43 weird 2; conflicted 2; slow 2; happy 0
2021/04/14 16:15:43 weird 1; conflicted 1; slow 1; happy 0
2021/04/14 16:15:43 weird 0; conflicted 0; slow 0; happy 0
2021/04/14 16:15:43 weird 0; conflicted 0; slow 0; happy 0
2021/04/14 16:15:43 weird 0; conflicted 0; slow 0; happy 0
2021/04/14 16:15:43 weird 0; conflicted 0; slow 0; happy 0
2021/04/14 16:15:43 weird 0; conflicted 0; slow 0; happy 0
2021/04/14 16:15:43 weird 0; conflicted 0; slow 0; happy 0
2021/04/14 16:15:43 weird 1; conflicted 1; slow 1; happy 0
2021/04/14 16:15:43 weird 1; conflicted 1; slow 1; happy 0
2021/04/14 16:15:43 weird 0; conflicted 0; slow 0; happy 0
2021/04/14 16:15:43 weird 0; conflicted 0; slow 0; happy 0
2021/04/14 16:15:43 weird 0; conflicted 0; slow 0; happy 0
2021/04/14 16:15:43 weird 0; conflicted 0; slow 0; happy 0
2021/04/14 16:15:43 weird 0; conflicted 0; slow 0; happy 0
2021/04/14 16:15:43 weird 2; conflicted 2; slow 2; happy 0
2021/04/14 16:15:43 weird 0; conflicted 0; slow 0; happy 0
2021/04/14 16:15:43 weird 0; conflicted 0; slow 0; happy 0
2021/04/14 16:15:43 weird 0; conflicted 0; slow 0; happy 0
2021/04/14 16:15:43 weird 0; conflicted 0; slow 0; happy 0
2021/04/14 16:15:43 weird 0; conflicted 0; slow 0; happy 0
2021/04/14 16:15:43 weird 0; conflicted 0; slow 0; happy 0
2021/04/14 16:15:43 weird 0; conflicted 0; slow 0; happy 0
2021/04/14 16:15:43 weird 0; conflicted 0; slow 0; happy 0
2021/04/14 16:15:43 weird 0; conflicted 0; slow 0; happy 0
2021/04/14 16:15:43 weird 0; conflicted 0; slow 0; happy 0
2021/04/14 16:15:43 weird 0; conflicted 0; slow 0; happy 0
2021/04/14 16:15:43 weird 0; conflicted 0; slow 0; happy 0
2021/04/14 16:15:43 weird 0; conflicted 0; slow 0; happy 0
2021/04/14 16:15:43 weird 0; conflicted 0; slow 0; happy 0
2021/04/14 16:15:43 weird 0; conflicted 0; slow 0; happy 0
2021/04/14 16:15:43 weird 0; conflicted 0; slow 0; happy 0
2021/04/14 16:15:43 weird 0; conflicted 0; slow 0; happy 0
2021/04/14 16:15:43 weird 0; conflicted 0; slow 0; happy 0
2021/04/14 16:15:43 weird 0; conflicted 0; slow 0; happy 0
2021/04/14 16:15:43 weird 0; conflicted 0; slow 0; happy 0
2021/04/14 16:15:43 weird 0; conflicted 0; slow 0; happy 0
2021/04/14 16:15:43 weird 0; conflicted 0; slow 0; happy 0
2021/04/14 16:15:43 weird 0; conflicted 0; slow 0; happy 0
2021/04/14 16:15:43 weird 0; conflicted 0; slow 0; happy 0
2021/04/14 16:15:43 weird 0; conflicted 0; slow 0; happy 0
2021/04/14 16:15:55 TotalRequests=200000, TotalBatches=4732
