2021/04/14 13:05:09 Server starting on port 17071
2021/04/14 13:05:10 Starting Egalitarian Paxos replica...
2021/04/14 13:05:10 rpc.Register: method "ConnectToPeers" has 1 input parameters; needs exactly three
2021/04/14 13:05:10 rpc.Register: method "ConnectToPeersNoListeners" has 1 input parameters; needs exactly three
2021/04/14 13:05:10 rpc.Register: reply type of method "RegisterRPC" is not a pointer: "chan fastrpc.Serializable"
2021/04/14 13:05:10 rpc.Register: method "ReplyBeacon" has 2 input parameters; needs exactly three
2021/04/14 13:05:10 rpc.Register: method "ReplyPropose" has 0 output parameters; needs exactly one
2021/04/14 13:05:10 rpc.Register: method "ReplyProposeTS" has 0 output parameters; needs exactly one
2021/04/14 13:05:10 rpc.Register: method "SendBeacon" has 2 input parameters; needs exactly three
2021/04/14 13:05:10 rpc.Register: method "SendMsg" has 4 input parameters; needs exactly three
2021/04/14 13:05:10 rpc.Register: method "SendMsgNoFlush" has 4 input parameters; needs exactly three
2021/04/14 13:05:10 rpc.Register: method "UpdatePreferredPeerOrder" has 2 input parameters; needs exactly three
2021/04/14 13:05:10 rpc.Register: method "WaitForClientConnections" has 1 input parameters; needs exactly three
2021/04/14 13:05:11 Replica id: 1. Done connecting to peers
2021/04/14 13:05:12 weird 0; conflicted 0; slow 0; happy 0
2021/04/14 13:05:12 weird 0; conflicted 0; slow 0; happy 0
2021/04/14 13:05:12 weird 0; conflicted 1; slow 1; happy 0
2021/04/14 13:05:12 weird 0; conflicted 0; slow 0; happy 0
2021/04/14 13:05:12 weird 2; conflicted 2; slow 2; happy 0
2021/04/14 13:05:12 weird 1; conflicted 0; slow 1; happy 0
2021/04/14 13:05:12 weird 0; conflicted 0; slow 0; happy 0
2021/04/14 13:05:12 weird 0; conflicted 0; slow 0; happy 0
2021/04/14 13:05:12 weird 0; conflicted 0; slow 0; happy 0
2021/04/14 13:05:12 weird 1; conflicted 1; slow 1; happy 0
2021/04/14 13:05:12 weird 3; conflicted 3; slow 3; happy 0
2021/04/14 13:05:12 weird 0; conflicted 0; slow 0; happy 0
2021/04/14 13:05:12 weird 1; conflicted 0; slow 1; happy 0
2021/04/14 13:05:12 weird 1; conflicted 1; slow 1; happy 0
2021/04/14 13:05:12 weird 2; conflicted 1; slow 2; happy 0
2021/04/14 13:05:12 weird 0; conflicted 0; slow 0; happy 0
2021/04/14 13:05:12 weird 0; conflicted 0; slow 0; happy 0
2021/04/14 13:05:12 weird 0; conflicted 0; slow 0; happy 0
2021/04/14 13:05:12 weird 0; conflicted 0; slow 0; happy 0
2021/04/14 13:05:12 weird 0; conflicted 0; slow 0; happy 0
2021/04/14 13:05:12 weird 0; conflicted 0; slow 0; happy 0
2021/04/14 13:05:12 weird 0; conflicted 0; slow 0; happy 0
2021/04/14 13:05:12 weird 0; conflicted 0; slow 0; happy 0
2021/04/14 13:05:12 weird 0; conflicted 0; slow 0; happy 0
2021/04/14 13:05:12 weird 2; conflicted 2; slow 2; happy 0
2021/04/14 13:05:12 weird 0; conflicted 0; slow 0; happy 0
2021/04/14 13:05:12 weird 0; conflicted 0; slow 0; happy 0
2021/04/14 13:05:12 weird 1; conflicted 1; slow 1; happy 0
2021/04/14 13:05:12 weird 0; conflicted 0; slow 0; happy 0
2021/04/14 13:05:12 weird 0; conflicted 0; slow 0; happy 0
2021/04/14 13:05:12 weird 0; conflicted 0; slow 0; happy 0
2021/04/14 13:05:12 weird 1; conflicted 1; slow 1; happy 0
2021/04/14 13:05:12 weird 0; conflicted 0; slow 0; happy 0
2021/04/14 13:05:12 weird 0; conflicted 0; slow 0; happy 0
2021/04/14 13:05:12 weird 0; conflicted 0; slow 0; happy 0
2021/04/14 13:05:12 weird 0; conflicted 0; slow 0; happy 0
2021/04/14 13:05:12 weird 1; conflicted 1; slow 1; happy 0
2021/04/14 13:05:12 weird 1; conflicted 1; slow 1; happy 0
2021/04/14 13:05:12 weird 0; conflicted 0; slow 0; happy 0
2021/04/14 13:05:12 weird 0; conflicted 0; slow 0; happy 0
2021/04/14 13:05:12 weird 0; conflicted 0; slow 0; happy 0
2021/04/14 13:05:12 weird 0; conflicted 0; slow 0; happy 0
2021/04/14 13:05:12 weird 0; conflicted 0; slow 0; happy 0
2021/04/14 13:05:12 weird 0; conflicted 0; slow 0; happy 0
2021/04/14 13:05:12 weird 0; conflicted 0; slow 0; happy 0
2021/04/14 13:05:12 weird 0; conflicted 0; slow 0; happy 0
2021/04/14 13:05:12 weird 0; conflicted 0; slow 0; happy 0
2021/04/14 13:05:12 weird 0; conflicted 0; slow 0; happy 0
2021/04/14 13:05:12 weird 0; conflicted 0; slow 0; happy 0
2021/04/14 13:05:12 weird 0; conflicted 0; slow 0; happy 0
2021/04/14 13:05:12 weird 0; conflicted 0; slow 0; happy 0
2021/04/14 13:05:12 weird 2; conflicted 2; slow 2; happy 0
2021/04/14 13:05:12 weird 0; conflicted 0; slow 0; happy 0
2021/04/14 13:05:12 weird 0; conflicted 0; slow 0; happy 0
2021/04/14 13:05:12 weird 2; conflicted 2; slow 2; happy 0
2021/04/14 13:05:12 weird 0; conflicted 0; slow 0; happy 0
2021/04/14 13:05:12 weird 2; conflicted 2; slow 2; happy 0
2021/04/14 13:05:12 weird 0; conflicted 0; slow 0; happy 0
2021/04/14 13:05:12 weird 0; conflicted 0; slow 0; happy 0
2021/04/14 13:05:12 weird 0; conflicted 0; slow 0; happy 0
2021/04/14 13:05:12 weird 0; conflicted 0; slow 0; happy 0
2021/04/14 13:05:12 weird 2; conflicted 2; slow 2; happy 0
2021/04/14 13:05:12 weird 0; conflicted 0; slow 0; happy 0
2021/04/14 13:05:12 weird 0; conflicted 0; slow 0; happy 0
2021/04/14 13:05:12 weird 0; conflicted 0; slow 0; happy 0
2021/04/14 13:05:12 weird 1; conflicted 1; slow 1; happy 0
2021/04/14 13:05:12 weird 0; conflicted 0; slow 0; happy 0
2021/04/14 13:05:12 weird 0; conflicted 0; slow 0; happy 0
2021/04/14 13:05:12 weird 0; conflicted 0; slow 0; happy 0
2021/04/14 13:05:12 weird 0; conflicted 0; slow 0; happy 0
2021/04/14 13:05:12 weird 0; conflicted 0; slow 0; happy 0
2021/04/14 13:05:12 weird 0; conflicted 0; slow 0; happy 0
2021/04/14 13:05:12 weird 0; conflicted 0; slow 0; happy 0
2021/04/14 13:05:12 weird 0; conflicted 0; slow 0; happy 0
2021/04/14 13:05:12 weird 0; conflicted 0; slow 0; happy 0
2021/04/14 13:05:12 weird 0; conflicted 0; slow 0; happy 0
2021/04/14 13:05:12 weird 1; conflicted 1; slow 1; happy 0
2021/04/14 13:05:12 weird 0; conflicted 0; slow 0; happy 0
2021/04/14 13:05:12 weird 0; conflicted 0; slow 0; happy 0
2021/04/14 13:05:12 weird 0; conflicted 0; slow 0; happy 0
2021/04/14 13:05:12 weird 0; conflicted 0; slow 0; happy 0
2021/04/14 13:05:12 weird 0; conflicted 0; slow 0; happy 0
2021/04/14 13:05:12 weird 0; conflicted 0; slow 0; happy 0
2021/04/14 13:05:12 weird 0; conflicted 0; slow 0; happy 0
2021/04/14 13:05:12 weird 0; conflicted 0; slow 0; happy 0
2021/04/14 13:05:12 weird 0; conflicted 0; slow 0; happy 0
2021/04/14 13:05:12 weird 0; conflicted 0; slow 0; happy 0
2021/04/14 13:05:12 weird 0; conflicted 0; slow 0; happy 0
2021/04/14 13:05:12 weird 0; conflicted 0; slow 0; happy 0
2021/04/14 13:05:12 weird 0; conflicted 0; slow 0; happy 0
2021/04/14 13:05:12 weird 0; conflicted 0; slow 0; happy 0
2021/04/14 13:05:12 weird 0; conflicted 0; slow 0; happy 0
2021/04/14 13:05:12 weird 0; conflicted 0; slow 0; happy 0
2021/04/14 13:05:12 weird 0; conflicted 0; slow 0; happy 0
2021/04/14 13:05:12 weird 3; conflicted 3; slow 3; happy 0
2021/04/14 13:05:12 weird 0; conflicted 0; slow 0; happy 0
2021/04/14 13:05:12 weird 0; conflicted 0; slow 0; happy 0
2021/04/14 13:05:12 weird 0; conflicted 0; slow 0; happy 0
2021/04/14 13:05:12 weird 0; conflicted 0; slow 0; happy 0
2021/04/14 13:05:12 weird 0; conflicted 0; slow 0; happy 0
2021/04/14 13:05:18 TotalRequests=20000, TotalBatches=496
